Start phase=degree, deg=3, ptb=0.0, time=2026-06-08 23:48:55, log=logs/RobustPrompt-I/ft_deg3_0.0_20260608_234855.log
load LLC or attacked data with specified split
Successfully loaded the attack of dataname with few shot 5, split 1
Attack method : Meta_Self | Attack ptb : 0.0 | Dataset: Cora
======================
Number of graphs: 1
Number of features: 1433
Number of classes: 7

Data(x=[2708, 1433], edge_index=[2, 13264], y=[2708], train_mask=[2708], val_mask=[2708], test_mask=[2708])
===========================================================================================================
Number of nodes: 2708
Number of edges: 13264
Average node degree: 4.90
Has isolated nodes: False
Has self-loops: True
Is undirected: True
GCN(
  (conv_layers): ModuleList(
    (0): GCNConv(1433, 256)
    (1): GCNConv(256, 256)
  )
)
Successfully loaded pre-trained weights!
use RobustPrompt Inductive
defense pt dict :  {'sim_pt': -1.0, 'degree_pt': 3, 'out_detect_pt': -1.0, 'other_pt': 'all'}
use_attention :  False
kl_global :  False
cosine_constraint :  True
pt_threshold :  0.25
filter_module :  OriginalFilter
temperature :  1.0
weight_mse 0.1
weight_kl :  0.1
weight_constraint :  0.0
prepare induce graph data is finished!
run RobustPrompt-I
Epoch 001 |  Time(s) 0.5309 | RobustPrompt-I Loss 1.9441  
Epoch 002 |  Time(s) 0.0936 | RobustPrompt-I Loss 1.9357  
Epoch 003 |  Time(s) 0.0934 | RobustPrompt-I Loss 1.9219  
Epoch 004 |  Time(s) 0.0896 | RobustPrompt-I Loss nan  
Epoch 005 |  Time(s) 0.0898 | RobustPrompt-I Loss nan  
Epoch 006 |  Time(s) 0.0875 | RobustPrompt-I Loss nan  
Epoch 007 |  Time(s) 0.0925 | RobustPrompt-I Loss nan  
Epoch 008 |  Time(s) 0.0884 | RobustPrompt-I Loss nan  
Epoch 009 |  Time(s) 0.0900 | RobustPrompt-I Loss nan  
Epoch 010 |  Time(s) 0.1607 | RobustPrompt-I Loss nan  
Epoch 011 |  Time(s) 0.1130 | RobustPrompt-I Loss nan  
Epoch 012 |  Time(s) 0.1612 | RobustPrompt-I Loss nan  
Epoch 013 |  Time(s) 0.1011 | RobustPrompt-I Loss nan  
Epoch 014 |  Time(s) 0.1484 | RobustPrompt-I Loss nan  
Epoch 015 |  Time(s) 0.0948 | RobustPrompt-I Loss nan  
Epoch 016 |  Time(s) 0.0928 | RobustPrompt-I Loss nan  
Epoch 017 |  Time(s) 0.0818 | RobustPrompt-I Loss nan  
Epoch 018 |  Time(s) 0.0807 | RobustPrompt-I Loss nan  
Epoch 019 |  Time(s) 0.0800 | RobustPrompt-I Loss nan  
Epoch 020 |  Time(s) 0.0799 | RobustPrompt-I Loss nan  
Epoch 021 |  Time(s) 0.0836 | RobustPrompt-I Loss nan  
Epoch 022 |  Time(s) 0.0825 | RobustPrompt-I Loss nan  
----------------------------------------------------------------------------------------------------
Early stopping at 23 eopch!
load LLC or attacked data with specified split
Successfully loaded the attack of dataname with few shot 5, split 1
Attack method : Meta_Self | Attack ptb : 0.0 | Dataset: Cora
======================
Number of graphs: 1
Number of features: 1433
Number of classes: 7

Data(x=[2708, 1433], edge_index=[2, 13264], y=[2708], train_mask=[2708], val_mask=[2708], test_mask=[2708])
===========================================================================================================
Number of nodes: 2708
Number of edges: 13264
Average node degree: 4.90
Has isolated nodes: False
Has self-loops: True
Is undirected: True
GCN(
  (conv_layers): ModuleList(
    (0): GCNConv(1433, 256)
    (1): GCNConv(256, 256)
  )
)
Successfully loaded pre-trained weights!
use RobustPrompt Inductive
defense pt dict :  {'sim_pt': -1.0, 'degree_pt': 3, 'out_detect_pt': -1.0, 'other_pt': 'all'}
use_attention :  False
kl_global :  False
cosine_constraint :  True
pt_threshold :  0.25
filter_module :  OriginalFilter
temperature :  1.0
weight_mse 0.1
weight_kl :  0.1
weight_constraint :  0.0
prepare induce graph data is finished!
run RobustPrompt-I
Epoch 001 |  Time(s) 0.0975 | RobustPrompt-I Loss 1.9449  
Epoch 002 |  Time(s) 0.0869 | RobustPrompt-I Loss 1.9339  
Epoch 003 |  Time(s) 0.0852 | RobustPrompt-I Loss 1.9141  
Epoch 004 |  Time(s) 0.0855 | RobustPrompt-I Loss 1.8967  
Epoch 005 |  Time(s) 0.0854 | RobustPrompt-I Loss 1.8760  
Epoch 006 |  Time(s) 0.0891 | RobustPrompt-I Loss 1.8497  
Epoch 007 |  Time(s) 0.0855 | RobustPrompt-I Loss 1.8347  
Epoch 008 |  Time(s) 0.0857 | RobustPrompt-I Loss 1.8218  
Epoch 009 |  Time(s) 0.0857 | RobustPrompt-I Loss 1.8134  
Epoch 010 |  Time(s) 0.0854 | RobustPrompt-I Loss 1.7992  
Epoch 011 |  Time(s) 0.0855 | RobustPrompt-I Loss nan  
Epoch 012 |  Time(s) 0.0857 | RobustPrompt-I Loss nan  
Epoch 013 |  Time(s) 0.0879 | RobustPrompt-I Loss nan  
Epoch 014 |  Time(s) 0.0862 | RobustPrompt-I Loss nan  
Epoch 015 |  Time(s) 0.0886 | RobustPrompt-I Loss nan  
Epoch 016 |  Time(s) 0.0854 | RobustPrompt-I Loss nan  
Epoch 017 |  Time(s) 0.0878 | RobustPrompt-I Loss nan  
Epoch 018 |  Time(s) 0.0861 | RobustPrompt-I Loss nan  
Epoch 019 |  Time(s) 0.0854 | RobustPrompt-I Loss nan  
Epoch 020 |  Time(s) 0.0854 | RobustPrompt-I Loss nan  
Epoch 021 |  Time(s) 0.0855 | RobustPrompt-I Loss nan  
Epoch 022 |  Time(s) 0.0849 | RobustPrompt-I Loss nan  
Epoch 023 |  Time(s) 0.0855 | RobustPrompt-I Loss nan  
Epoch 024 |  Time(s) 0.0855 | RobustPrompt-I Loss nan  
Epoch 025 |  Time(s) 0.0851 | RobustPrompt-I Loss nan  
Epoch 026 |  Time(s) 0.0850 | RobustPrompt-I Loss nan  
Epoch 027 |  Time(s) 0.0858 | RobustPrompt-I Loss nan  
Epoch 028 |  Time(s) 0.0858 | RobustPrompt-I Loss nan  
Epoch 029 |  Time(s) 0.0861 | RobustPrompt-I Loss nan  
----------------------------------------------------------------------------------------------------
Early stopping at 30 eopch!
load LLC or attacked data with specified split
Successfully loaded the attack of dataname with few shot 5, split 1
Attack method : Meta_Self | Attack ptb : 0.0 | Dataset: Cora
======================
Number of graphs: 1
Number of features: 1433
Number of classes: 7

Data(x=[2708, 1433], edge_index=[2, 13264], y=[2708], train_mask=[2708], val_mask=[2708], test_mask=[2708])
===========================================================================================================
Number of nodes: 2708
Number of edges: 13264
Average node degree: 4.90
Has isolated nodes: False
Has self-loops: True
Is undirected: True
GCN(
  (conv_layers): ModuleList(
    (0): GCNConv(1433, 256)
    (1): GCNConv(256, 256)
  )
)
Successfully loaded pre-trained weights!
use RobustPrompt Inductive
defense pt dict :  {'sim_pt': -1.0, 'degree_pt': 3, 'out_detect_pt': -1.0, 'other_pt': 'all'}
use_attention :  False
kl_global :  False
cosine_constraint :  True
pt_threshold :  0.25
filter_module :  OriginalFilter
temperature :  1.0
weight_mse 0.1
weight_kl :  0.1
weight_constraint :  0.0
prepare induce graph data is finished!
run RobustPrompt-I
Epoch 001 |  Time(s) 0.1012 | RobustPrompt-I Loss 1.9473  
Epoch 002 |  Time(s) 0.0903 | RobustPrompt-I Loss 1.9441  
Epoch 003 |  Time(s) 0.0890 | RobustPrompt-I Loss 1.9341  
Epoch 004 |  Time(s) 0.0883 | RobustPrompt-I Loss 1.9197  
Epoch 005 |  Time(s) 0.0873 | RobustPrompt-I Loss 1.8986  
Epoch 006 |  Time(s) 0.0879 | RobustPrompt-I Loss 1.8824  
Epoch 007 |  Time(s) 0.0879 | RobustPrompt-I Loss 1.8634  
Epoch 008 |  Time(s) 0.0871 | RobustPrompt-I Loss 1.8412  
Epoch 009 |  Time(s) 0.0876 | RobustPrompt-I Loss 1.8325  
Epoch 010 |  Time(s) 0.0875 | RobustPrompt-I Loss 1.8215  
Epoch 011 |  Time(s) 0.0882 | RobustPrompt-I Loss 1.8062  
Epoch 012 |  Time(s) 0.0877 | RobustPrompt-I Loss 1.7927  
Epoch 013 |  Time(s) 0.0876 | RobustPrompt-I Loss 1.7904  
Epoch 014 |  Time(s) 0.0873 | RobustPrompt-I Loss 1.7734  
Epoch 015 |  Time(s) 0.0875 | RobustPrompt-I Loss 1.7716  
Epoch 016 |  Time(s) 0.0874 | RobustPrompt-I Loss 1.7551  
Epoch 017 |  Time(s) 0.0880 | RobustPrompt-I Loss 1.7463  
Epoch 018 |  Time(s) 0.0897 | RobustPrompt-I Loss 1.7297  
Epoch 019 |  Time(s) 0.0868 | RobustPrompt-I Loss 1.7274  
Epoch 020 |  Time(s) 0.0878 | RobustPrompt-I Loss 1.7154  
Epoch 021 |  Time(s) 0.0881 | RobustPrompt-I Loss 1.7152  
Epoch 022 |  Time(s) 0.0877 | RobustPrompt-I Loss 1.7077  
Epoch 023 |  Time(s) 0.0880 | RobustPrompt-I Loss 1.7012  
Epoch 024 |  Time(s) 0.0875 | RobustPrompt-I Loss 1.6859  
Epoch 025 |  Time(s) 0.0870 | RobustPrompt-I Loss 1.6781  
Epoch 026 |  Time(s) 0.0880 | RobustPrompt-I Loss 1.6715  
Epoch 027 |  Time(s) 0.0897 | RobustPrompt-I Loss 1.6563  
Epoch 028 |  Time(s) 0.0876 | RobustPrompt-I Loss 1.6656  
Epoch 029 |  Time(s) 0.0876 | RobustPrompt-I Loss 1.6397  
Epoch 030 |  Time(s) 0.0877 | RobustPrompt-I Loss 1.6249  
Epoch 031 |  Time(s) 0.0871 | RobustPrompt-I Loss 1.6532  
Epoch 032 |  Time(s) 0.0871 | RobustPrompt-I Loss 1.6385  
Epoch 033 |  Time(s) 0.0877 | RobustPrompt-I Loss 1.6079  
Epoch 034 |  Time(s) 0.0894 | RobustPrompt-I Loss 1.6554  
Epoch 035 |  Time(s) 0.0874 | RobustPrompt-I Loss 1.5923  
Epoch 036 |  Time(s) 0.0877 | RobustPrompt-I Loss 1.5697  
Epoch 037 |  Time(s) 0.1253 | RobustPrompt-I Loss 1.6232  
Epoch 038 |  Time(s) 0.0875 | RobustPrompt-I Loss 1.5655  
Epoch 039 |  Time(s) 0.0871 | RobustPrompt-I Loss 1.5723  
Epoch 040 |  Time(s) 0.0867 | RobustPrompt-I Loss 1.5547  
Epoch 041 |  Time(s) 0.0889 | RobustPrompt-I Loss 1.5777  
Epoch 042 |  Time(s) 0.0861 | RobustPrompt-I Loss 1.5507  
Epoch 043 |  Time(s) 0.0871 | RobustPrompt-I Loss 1.5753  
Epoch 044 |  Time(s) 0.0868 | RobustPrompt-I Loss 1.4937  
Epoch 045 |  Time(s) 0.0889 | RobustPrompt-I Loss 1.5962  
Epoch 046 |  Time(s) 0.0868 | RobustPrompt-I Loss 1.4867  
Epoch 047 |  Time(s) 0.0872 | RobustPrompt-I Loss 1.4810  
Epoch 048 |  Time(s) 0.0875 | RobustPrompt-I Loss 1.5181  
Epoch 049 |  Time(s) 0.0887 | RobustPrompt-I Loss 1.4985  
Epoch 050 |  Time(s) 0.0881 | RobustPrompt-I Loss 1.4540  
Epoch 051 |  Time(s) 0.0869 | RobustPrompt-I Loss 1.4632  
Epoch 052 |  Time(s) 0.0880 | RobustPrompt-I Loss 1.4402  
Epoch 053 |  Time(s) 0.0886 | RobustPrompt-I Loss 1.4742  
Epoch 054 |  Time(s) 0.0890 | RobustPrompt-I Loss 1.3954  
Epoch 055 |  Time(s) 0.0895 | RobustPrompt-I Loss 1.3946  
Epoch 056 |  Time(s) 0.0880 | RobustPrompt-I Loss 1.4365  
Epoch 057 |  Time(s) 0.0897 | RobustPrompt-I Loss 1.3830  
Epoch 058 |  Time(s) 0.1061 | RobustPrompt-I Loss 1.3783  
Epoch 059 |  Time(s) 0.0875 | RobustPrompt-I Loss 1.3570  
Epoch 060 |  Time(s) 0.0880 | RobustPrompt-I Loss 1.3795  
Epoch 061 |  Time(s) 0.0880 | RobustPrompt-I Loss 1.3249  
Epoch 062 |  Time(s) 0.0878 | RobustPrompt-I Loss 1.3451  
Epoch 063 |  Time(s) 0.0880 | RobustPrompt-I Loss 1.2899  
Epoch 064 |  Time(s) 0.0885 | RobustPrompt-I Loss 1.4113  
Epoch 065 |  Time(s) 0.0880 | RobustPrompt-I Loss 1.3701  
Epoch 066 |  Time(s) 0.0873 | RobustPrompt-I Loss 1.2534  
Epoch 067 |  Time(s) 0.0880 | RobustPrompt-I Loss 1.2522  
Epoch 068 |  Time(s) 0.0891 | RobustPrompt-I Loss 1.2433  
Epoch 069 |  Time(s) 0.0875 | RobustPrompt-I Loss 1.2737  
Epoch 070 |  Time(s) 0.0876 | RobustPrompt-I Loss 1.1952  
Epoch 071 |  Time(s) 0.0880 | RobustPrompt-I Loss 1.2179  
Epoch 072 |  Time(s) 0.0877 | RobustPrompt-I Loss 1.1984  
Epoch 073 |  Time(s) 0.0876 | RobustPrompt-I Loss 1.1964  
Epoch 074 |  Time(s) 0.0881 | RobustPrompt-I Loss 1.1728  
Epoch 075 |  Time(s) 0.0885 | RobustPrompt-I Loss 1.1603  
Epoch 076 |  Time(s) 0.0877 | RobustPrompt-I Loss 1.1731  
Epoch 077 |  Time(s) 0.0882 | RobustPrompt-I Loss 1.1448  
Epoch 078 |  Time(s) 0.0887 | RobustPrompt-I Loss 1.1627  
Epoch 079 |  Time(s) 0.0891 | RobustPrompt-I Loss 1.1484  
Epoch 080 |  Time(s) 0.0875 | RobustPrompt-I Loss 1.0992  
Epoch 081 |  Time(s) 0.0880 | RobustPrompt-I Loss 1.1472  
Epoch 082 |  Time(s) 0.1382 | RobustPrompt-I Loss 1.0617  
Epoch 083 |  Time(s) 0.0950 | RobustPrompt-I Loss 1.0780  
Epoch 084 |  Time(s) 0.0903 | RobustPrompt-I Loss 1.0637  
Epoch 085 |  Time(s) 0.0885 | RobustPrompt-I Loss 1.0541  
Epoch 086 |  Time(s) 0.0887 | RobustPrompt-I Loss 1.0549  
Epoch 087 |  Time(s) 0.0883 | RobustPrompt-I Loss 1.0342  
Epoch 088 |  Time(s) 0.0878 | RobustPrompt-I Loss 1.0606  
Epoch 089 |  Time(s) 0.0879 | RobustPrompt-I Loss 1.0323  
Epoch 090 |  Time(s) 0.0894 | RobustPrompt-I Loss 1.0624  
Epoch 091 |  Time(s) 0.0878 | RobustPrompt-I Loss 1.0634  
Epoch 092 |  Time(s) 0.0875 | RobustPrompt-I Loss 0.9828  
Epoch 093 |  Time(s) 0.0884 | RobustPrompt-I Loss 1.1390  
Epoch 094 |  Time(s) 0.1227 | RobustPrompt-I Loss 1.0201  
Epoch 095 |  Time(s) 0.0920 | RobustPrompt-I Loss 1.1061  
Epoch 096 |  Time(s) 0.0969 | RobustPrompt-I Loss 1.1673  
Epoch 097 |  Time(s) 0.0947 | RobustPrompt-I Loss 1.0224  
Epoch 098 |  Time(s) 0.0880 | RobustPrompt-I Loss 1.0346  
Epoch 099 |  Time(s) 0.3108 | RobustPrompt-I Loss 1.0752  
Epoch 100 |  Time(s) 0.2322 | RobustPrompt-I Loss 1.0311  
Epoch 101 |  Time(s) 0.2956 | RobustPrompt-I Loss 0.9686  
Epoch 102 |  Time(s) 0.1039 | RobustPrompt-I Loss 0.9738  
Epoch 103 |  Time(s) 0.0984 | RobustPrompt-I Loss 0.9552  
Epoch 104 |  Time(s) 0.0948 | RobustPrompt-I Loss 1.0479  
Epoch 105 |  Time(s) 0.0890 | RobustPrompt-I Loss 0.9720  
Epoch 106 |  Time(s) 0.0878 | RobustPrompt-I Loss 1.0676  
Epoch 107 |  Time(s) 0.0872 | RobustPrompt-I Loss 1.1196  
Epoch 108 |  Time(s) 0.0877 | RobustPrompt-I Loss 0.9845  
Epoch 109 |  Time(s) 0.0879 | RobustPrompt-I Loss 0.9964  
Epoch 110 |  Time(s) 0.0871 | RobustPrompt-I Loss 1.0329  
Epoch 111 |  Time(s) 0.0879 | RobustPrompt-I Loss 0.9761  
Epoch 112 |  Time(s) 0.0877 | RobustPrompt-I Loss 0.9680  
Epoch 113 |  Time(s) 0.0872 | RobustPrompt-I Loss 0.9757  
Epoch 114 |  Time(s) 0.0874 | RobustPrompt-I Loss 0.9657  
Epoch 115 |  Time(s) 0.0907 | RobustPrompt-I Loss 0.9421  
Epoch 116 |  Time(s) 0.0886 | RobustPrompt-I Loss 1.0788  
Epoch 117 |  Time(s) 0.0888 | RobustPrompt-I Loss 1.0338  
Epoch 118 |  Time(s) 0.0900 | RobustPrompt-I Loss 0.9325  
Epoch 119 |  Time(s) 0.0885 | RobustPrompt-I Loss 0.9304  
Epoch 120 |  Time(s) 0.0877 | RobustPrompt-I Loss 0.9934  
Epoch 121 |  Time(s) 0.0881 | RobustPrompt-I Loss 0.9669  
Epoch 122 |  Time(s) 0.0873 | RobustPrompt-I Loss 0.9589  
Epoch 123 |  Time(s) 0.0868 | RobustPrompt-I Loss 0.9596  
Epoch 124 |  Time(s) 0.1104 | RobustPrompt-I Loss 0.9454  
Epoch 125 |  Time(s) 0.0923 | RobustPrompt-I Loss 0.9349  
Epoch 126 |  Time(s) 0.0867 | RobustPrompt-I Loss 0.9568  
Epoch 127 |  Time(s) 0.0848 | RobustPrompt-I Loss 0.9383  
Epoch 128 |  Time(s) 0.0902 | RobustPrompt-I Loss 0.9348  
Epoch 129 |  Time(s) 0.0917 | RobustPrompt-I Loss 0.9267  
Epoch 130 |  Time(s) 0.0899 | RobustPrompt-I Loss 0.9405  
Epoch 131 |  Time(s) 0.0864 | RobustPrompt-I Loss 0.9242  
Epoch 132 |  Time(s) 0.0861 | RobustPrompt-I Loss 0.9609  
Epoch 133 |  Time(s) 0.0856 | RobustPrompt-I Loss 0.9367  
Epoch 134 |  Time(s) 0.0865 | RobustPrompt-I Loss 0.9279  
Epoch 135 |  Time(s) 0.0858 | RobustPrompt-I Loss 0.9104  
Epoch 136 |  Time(s) 0.0866 | RobustPrompt-I Loss 0.9545  
Epoch 137 |  Time(s) 0.0853 | RobustPrompt-I Loss 0.9319  
Epoch 138 |  Time(s) 0.0865 | RobustPrompt-I Loss 0.9151  
Epoch 139 |  Time(s) 0.0887 | RobustPrompt-I Loss 0.9058  
Epoch 140 |  Time(s) 0.1302 | RobustPrompt-I Loss 0.9281  
Epoch 141 |  Time(s) 0.2261 | RobustPrompt-I Loss 0.9205  
Epoch 142 |  Time(s) 0.2745 | RobustPrompt-I Loss 0.9064  
Epoch 143 |  Time(s) 0.4597 | RobustPrompt-I Loss 0.8989  
Epoch 144 |  Time(s) 0.3348 | RobustPrompt-I Loss 0.9119  
Epoch 145 |  Time(s) 0.2165 | RobustPrompt-I Loss 0.9065  
Epoch 146 |  Time(s) 0.3295 | RobustPrompt-I Loss 0.8993  
Epoch 147 |  Time(s) 0.1356 | RobustPrompt-I Loss nan  
Epoch 148 |  Time(s) 0.1038 | RobustPrompt-I Loss nan  
Epoch 149 |  Time(s) 0.0930 | RobustPrompt-I Loss nan  
Epoch 150 |  Time(s) 0.1078 | RobustPrompt-I Loss nan  
Epoch 151 |  Time(s) 0.0871 | RobustPrompt-I Loss nan  
Epoch 152 |  Time(s) 0.0869 | RobustPrompt-I Loss nan  
Epoch 153 |  Time(s) 0.0869 | RobustPrompt-I Loss nan  
Epoch 154 |  Time(s) 0.0917 | RobustPrompt-I Loss nan  
Epoch 155 |  Time(s) 0.0868 | RobustPrompt-I Loss nan  
Epoch 156 |  Time(s) 0.0867 | RobustPrompt-I Loss nan  
Epoch 157 |  Time(s) 0.0874 | RobustPrompt-I Loss nan  
Epoch 158 |  Time(s) 0.0870 | RobustPrompt-I Loss nan  
Epoch 159 |  Time(s) 0.0875 | RobustPrompt-I Loss nan  
Epoch 160 |  Time(s) 0.0863 | RobustPrompt-I Loss nan  
Epoch 161 |  Time(s) 0.0866 | RobustPrompt-I Loss nan  
Epoch 162 |  Time(s) 0.0873 | RobustPrompt-I Loss nan  
----------------------------------------------------------------------------------------------------
Early stopping at 163 eopch!
load LLC or attacked data with specified split
Successfully loaded the attack of dataname with few shot 5, split 1
Attack method : Meta_Self | Attack ptb : 0.0 | Dataset: Cora
======================
Number of graphs: 1
Number of features: 1433
Number of classes: 7

Data(x=[2708, 1433], edge_index=[2, 13264], y=[2708], train_mask=[2708], val_mask=[2708], test_mask=[2708])
===========================================================================================================
Number of nodes: 2708
Number of edges: 13264
Average node degree: 4.90
Has isolated nodes: False
Has self-loops: True
Is undirected: True
GCN(
  (conv_layers): ModuleList(
    (0): GCNConv(1433, 256)
    (1): GCNConv(256, 256)
  )
)
Successfully loaded pre-trained weights!
use RobustPrompt Inductive
defense pt dict :  {'sim_pt': -1.0, 'degree_pt': 3, 'out_detect_pt': -1.0, 'other_pt': 'all'}
use_attention :  False
kl_global :  False
cosine_constraint :  True
pt_threshold :  0.25
filter_module :  OriginalFilter
temperature :  1.0
weight_mse 0.1
weight_kl :  0.1
weight_constraint :  0.0
prepare induce graph data is finished!
run RobustPrompt-I
Epoch 001 |  Time(s) 0.1015 | RobustPrompt-I Loss 1.9408  
Epoch 002 |  Time(s) 0.0884 | RobustPrompt-I Loss 1.9372  
Epoch 003 |  Time(s) 0.1214 | RobustPrompt-I Loss 1.9239  
Epoch 004 |  Time(s) 0.1288 | RobustPrompt-I Loss 1.9103  
Epoch 005 |  Time(s) 0.2086 | RobustPrompt-I Loss 1.8913  
Epoch 006 |  Time(s) 0.1785 | RobustPrompt-I Loss 1.8800  
Epoch 007 |  Time(s) 0.4450 | RobustPrompt-I Loss 1.8603  
Epoch 008 |  Time(s) 0.2298 | RobustPrompt-I Loss 1.8361  
Epoch 009 |  Time(s) 0.1106 | RobustPrompt-I Loss nan  
Epoch 010 |  Time(s) 0.3265 | RobustPrompt-I Loss nan  
Epoch 011 |  Time(s) 0.2376 | RobustPrompt-I Loss nan  
Epoch 012 |  Time(s) 0.1353 | RobustPrompt-I Loss nan  
Epoch 013 |  Time(s) 0.1008 | RobustPrompt-I Loss nan  
Epoch 014 |  Time(s) 0.0897 | RobustPrompt-I Loss nan  
Epoch 015 |  Time(s) 0.0884 | RobustPrompt-I Loss nan  
Epoch 016 |  Time(s) 0.0887 | RobustPrompt-I Loss nan  
Epoch 017 |  Time(s) 0.0882 | RobustPrompt-I Loss nan  
Epoch 018 |  Time(s) 0.0885 | RobustPrompt-I Loss nan  
Epoch 019 |  Time(s) 0.0893 | RobustPrompt-I Loss nan  
Epoch 020 |  Time(s) 0.0870 | RobustPrompt-I Loss nan  
Epoch 021 |  Time(s) 0.1945 | RobustPrompt-I Loss nan  
Epoch 022 |  Time(s) 0.0941 | RobustPrompt-I Loss nan  
Epoch 023 |  Time(s) 0.0926 | RobustPrompt-I Loss nan  
Epoch 024 |  Time(s) 0.0886 | RobustPrompt-I Loss nan  
Epoch 025 |  Time(s) 0.0888 | RobustPrompt-I Loss nan  
Epoch 026 |  Time(s) 0.0876 | RobustPrompt-I Loss nan  
Epoch 027 |  Time(s) 0.0887 | RobustPrompt-I Loss nan  
----------------------------------------------------------------------------------------------------
Early stopping at 28 eopch!
load LLC or attacked data with specified split
Successfully loaded the attack of dataname with few shot 5, split 1
Attack method : Meta_Self | Attack ptb : 0.0 | Dataset: Cora
======================
Number of graphs: 1
Number of features: 1433
Number of classes: 7

Data(x=[2708, 1433], edge_index=[2, 13264], y=[2708], train_mask=[2708], val_mask=[2708], test_mask=[2708])
===========================================================================================================
Number of nodes: 2708
Number of edges: 13264
Average node degree: 4.90
Has isolated nodes: False
Has self-loops: True
Is undirected: True
GCN(
  (conv_layers): ModuleList(
    (0): GCNConv(1433, 256)
    (1): GCNConv(256, 256)
  )
)
Successfully loaded pre-trained weights!
use RobustPrompt Inductive
defense pt dict :  {'sim_pt': -1.0, 'degree_pt': 3, 'out_detect_pt': -1.0, 'other_pt': 'all'}
use_attention :  False
kl_global :  False
cosine_constraint :  True
pt_threshold :  0.25
filter_module :  OriginalFilter
temperature :  1.0
weight_mse 0.1
weight_kl :  0.1
weight_constraint :  0.0
prepare induce graph data is finished!
run RobustPrompt-I
Epoch 001 |  Time(s) 0.2440 | RobustPrompt-I Loss 1.9499  
Epoch 002 |  Time(s) 0.1821 | RobustPrompt-I Loss 1.9415  
Epoch 003 |  Time(s) 0.0926 | RobustPrompt-I Loss 1.9292  
Epoch 004 |  Time(s) 0.1300 | RobustPrompt-I Loss 1.9137  
Epoch 005 |  Time(s) 0.1065 | RobustPrompt-I Loss 1.8982  
Epoch 006 |  Time(s) 0.1047 | RobustPrompt-I Loss 1.8799  
Epoch 007 |  Time(s) 0.0895 | RobustPrompt-I Loss 1.8574  
Epoch 008 |  Time(s) 0.0909 | RobustPrompt-I Loss 1.8439  
Epoch 009 |  Time(s) 0.0899 | RobustPrompt-I Loss 1.8317  
Epoch 010 |  Time(s) 0.0902 | RobustPrompt-I Loss 1.8233  
Epoch 011 |  Time(s) 0.0907 | RobustPrompt-I Loss 1.8232  
Epoch 012 |  Time(s) 0.0915 | RobustPrompt-I Loss 1.8121  
Epoch 013 |  Time(s) 0.0899 | RobustPrompt-I Loss 1.7985  
Epoch 014 |  Time(s) 0.0897 | RobustPrompt-I Loss 1.8104  
Epoch 015 |  Time(s) 0.0916 | RobustPrompt-I Loss 1.7850  
Epoch 016 |  Time(s) 0.0909 | RobustPrompt-I Loss 1.7809  
Epoch 017 |  Time(s) 0.0918 | RobustPrompt-I Loss 1.7726  
Epoch 018 |  Time(s) 0.0920 | RobustPrompt-I Loss 1.7699  
Epoch 019 |  Time(s) 0.0927 | RobustPrompt-I Loss 1.7582  
Epoch 020 |  Time(s) 0.0918 | RobustPrompt-I Loss 1.7473  
Epoch 021 |  Time(s) 0.0933 | RobustPrompt-I Loss 1.7637  
Epoch 022 |  Time(s) 0.0919 | RobustPrompt-I Loss 1.7427  
Epoch 023 |  Time(s) 0.0920 | RobustPrompt-I Loss 1.7329  
Epoch 024 |  Time(s) 0.0915 | RobustPrompt-I Loss 1.7382  
Epoch 025 |  Time(s) 0.0929 | RobustPrompt-I Loss 1.7112  
Epoch 026 |  Time(s) 0.0932 | RobustPrompt-I Loss 1.7079  
Epoch 027 |  Time(s) 0.0918 | RobustPrompt-I Loss 1.7039  
Epoch 028 |  Time(s) 0.0918 | RobustPrompt-I Loss 1.7021  
Epoch 029 |  Time(s) 0.0975 | RobustPrompt-I Loss 1.6995  
Epoch 030 |  Time(s) 0.0941 | RobustPrompt-I Loss 1.6749  
Epoch 031 |  Time(s) 0.0916 | RobustPrompt-I Loss 1.6688  
Epoch 032 |  Time(s) 0.0915 | RobustPrompt-I Loss 1.6643  
Epoch 033 |  Time(s) 0.0923 | RobustPrompt-I Loss 1.6517  
Epoch 034 |  Time(s) 0.0924 | RobustPrompt-I Loss 1.6615  
Epoch 035 |  Time(s) 0.0917 | RobustPrompt-I Loss 1.6556  
Epoch 036 |  Time(s) 0.0916 | RobustPrompt-I Loss 1.6424  
Epoch 037 |  Time(s) 0.0919 | RobustPrompt-I Loss 1.6248  
Epoch 038 |  Time(s) 0.0926 | RobustPrompt-I Loss 1.6096  
Epoch 039 |  Time(s) 0.0915 | RobustPrompt-I Loss 1.6219  
Epoch 040 |  Time(s) 0.0918 | RobustPrompt-I Loss 1.6100  
Epoch 041 |  Time(s) 0.0917 | RobustPrompt-I Loss 1.5811  
Epoch 042 |  Time(s) 0.0919 | RobustPrompt-I Loss 1.6141  
Epoch 043 |  Time(s) 0.0942 | RobustPrompt-I Loss 1.5804  
Epoch 044 |  Time(s) 0.0927 | RobustPrompt-I Loss 1.5960  
Epoch 045 |  Time(s) 0.0938 | RobustPrompt-I Loss 1.5579  
Epoch 046 |  Time(s) 0.0942 | RobustPrompt-I Loss 1.5946  
Epoch 047 |  Time(s) 0.0921 | RobustPrompt-I Loss 1.5369  
Epoch 048 |  Time(s) 0.0947 | RobustPrompt-I Loss 1.5290  
Epoch 049 |  Time(s) 0.0946 | RobustPrompt-I Loss 1.5657  
Epoch 050 |  Time(s) 0.0931 | RobustPrompt-I Loss 1.4945  
Epoch 051 |  Time(s) 0.0950 | RobustPrompt-I Loss 1.5028  
Epoch 052 |  Time(s) 0.1446 | RobustPrompt-I Loss 1.5668  
Epoch 053 |  Time(s) 0.1173 | RobustPrompt-I Loss 1.5047  
Epoch 054 |  Time(s) 0.0974 | RobustPrompt-I Loss 1.6376  
Epoch 055 |  Time(s) 0.1547 | RobustPrompt-I Loss 1.6667  
Epoch 056 |  Time(s) 0.0874 | RobustPrompt-I Loss 1.4430  
Epoch 057 |  Time(s) 0.0874 | RobustPrompt-I Loss 1.6556  
Epoch 058 |  Time(s) 0.0882 | RobustPrompt-I Loss 1.6592  
Epoch 059 |  Time(s) 0.0876 | RobustPrompt-I Loss nan  
Epoch 060 |  Time(s) 0.0870 | RobustPrompt-I Loss nan  
Epoch 061 |  Time(s) 0.0873 | RobustPrompt-I Loss nan  
Epoch 062 |  Time(s) 0.0878 | RobustPrompt-I Loss nan  
Epoch 063 |  Time(s) 0.0880 | RobustPrompt-I Loss nan  
Epoch 064 |  Time(s) 0.0873 | RobustPrompt-I Loss nan  
Epoch 065 |  Time(s) 0.0876 | RobustPrompt-I Loss nan  
Epoch 066 |  Time(s) 0.0879 | RobustPrompt-I Loss nan  
Epoch 067 |  Time(s) 0.0877 | RobustPrompt-I Loss nan  
Epoch 068 |  Time(s) 0.0879 | RobustPrompt-I Loss nan  
Epoch 069 |  Time(s) 0.0883 | RobustPrompt-I Loss nan  
Epoch 070 |  Time(s) 0.0883 | RobustPrompt-I Loss nan  
Epoch 071 |  Time(s) 0.0882 | RobustPrompt-I Loss nan  
Epoch 072 |  Time(s) 0.0885 | RobustPrompt-I Loss nan  
Epoch 073 |  Time(s) 0.0889 | RobustPrompt-I Loss nan  
Epoch 074 |  Time(s) 0.0880 | RobustPrompt-I Loss nan  
Epoch 075 |  Time(s) 0.0880 | RobustPrompt-I Loss nan  
----------------------------------------------------------------------------------------------------
Early stopping at 76 eopch!
{1: {1: nan}, 2: {1: nan}, 3: {1: nan}, 4: {1: nan}, 5: {1: nan}}
{1: {1: nan, 2: nan, 3: nan, 4: nan, 5: nan}}
########################################################################################
seed: 1 | split 1 : nan
# Seed 1 Muti Split Final Acc: nan±nan
seed: 2 | split 1 : nan
# Seed 2 Muti Split Final Acc: nan±nan
seed: 3 | split 1 : nan
# Seed 3 Muti Split Final Acc: nan±nan
seed: 4 | split 1 : nan
# Seed 4 Muti Split Final Acc: nan±nan
seed: 5 | split 1 : nan
# Seed 5 Muti Split Final Acc: nan±nan
########################################################################################
split: 1 | seed 1 : nan
split: 1 | seed 2 : nan
split: 1 | seed 3 : nan
split: 1 | seed 4 : nan
split: 1 | seed 5 : nan
# Split 1 Muti Seed Acc without min value: nan±nan
########################################################################################
Done phase=degree, deg=3, ptb=0.0, end=2026-06-08 23:49:37, duration=00:00:42
