Start phase=degree, deg=2, ptb=0.1, time=2026-06-08 23:54:41, log=logs/RobustPrompt-I/ft_deg2_0.1_20260608_235441.log
load LLC or attacked data with specified split
Successfully loaded the attack of dataname with few shot 5, split 1
Attack method : Meta_Self | Attack ptb : 0.1 | Dataset: Cora
======================
Number of graphs: 1
Number of features: 1433
Number of classes: 7

Data(x=[2708, 1433], edge_index=[2, 14274], y=[2708], train_mask=[2708], val_mask=[2708], test_mask=[2708])
===========================================================================================================
Number of nodes: 2708
Number of edges: 14274
Average node degree: 5.27
Has isolated nodes: False
Has self-loops: True
Is undirected: True
GCN(
  (conv_layers): ModuleList(
    (0): GCNConv(1433, 256)
    (1): GCNConv(256, 256)
  )
)
Successfully loaded pre-trained weights!
use RobustPrompt Inductive
defense pt dict :  {'sim_pt': -1.0, 'degree_pt': 2, 'out_detect_pt': -1.0, 'other_pt': 'all'}
use_attention :  False
kl_global :  False
cosine_constraint :  True
pt_threshold :  0.25
filter_module :  OriginalFilter
temperature :  1.0
weight_mse 0.1
weight_kl :  0.1
weight_constraint :  0.0
prepare induce graph data is finished!
run RobustPrompt-I
Epoch 001 |  Time(s) 0.3698 | RobustPrompt-I Loss 1.9478  
Epoch 002 |  Time(s) 0.0928 | RobustPrompt-I Loss 1.9320  
Epoch 003 |  Time(s) 0.0947 | RobustPrompt-I Loss 1.9158  
Epoch 004 |  Time(s) 0.0883 | RobustPrompt-I Loss 1.8994  
Epoch 005 |  Time(s) 0.0881 | RobustPrompt-I Loss 1.8821  
Epoch 006 |  Time(s) 0.0898 | RobustPrompt-I Loss 1.8675  
Epoch 007 |  Time(s) 0.0899 | RobustPrompt-I Loss 1.8535  
Epoch 008 |  Time(s) 0.0878 | RobustPrompt-I Loss 1.8454  
Epoch 009 |  Time(s) 0.0905 | RobustPrompt-I Loss 1.8408  
Epoch 010 |  Time(s) 0.0910 | RobustPrompt-I Loss 1.8386  
Epoch 011 |  Time(s) 0.0888 | RobustPrompt-I Loss 1.8372  
Epoch 012 |  Time(s) 0.0936 | RobustPrompt-I Loss 1.8280  
Epoch 013 |  Time(s) 0.0889 | RobustPrompt-I Loss 1.8184  
Epoch 014 |  Time(s) 0.0910 | RobustPrompt-I Loss 1.8073  
Epoch 015 |  Time(s) 0.0904 | RobustPrompt-I Loss 1.8006  
Epoch 016 |  Time(s) 0.0872 | RobustPrompt-I Loss 1.7914  
Epoch 017 |  Time(s) 0.0911 | RobustPrompt-I Loss 1.7881  
Epoch 018 |  Time(s) 0.0926 | RobustPrompt-I Loss 1.7975  
Epoch 019 |  Time(s) 0.0857 | RobustPrompt-I Loss 1.7656  
Epoch 020 |  Time(s) 0.0921 | RobustPrompt-I Loss 1.7538  
Epoch 021 |  Time(s) 0.1224 | RobustPrompt-I Loss 1.7604  
Epoch 022 |  Time(s) 0.4453 | RobustPrompt-I Loss 1.7296  
Epoch 023 |  Time(s) 0.2491 | RobustPrompt-I Loss 1.7511  
Epoch 024 |  Time(s) 0.1000 | RobustPrompt-I Loss 1.7147  
Epoch 025 |  Time(s) 0.0936 | RobustPrompt-I Loss 1.7178  
Epoch 026 |  Time(s) 0.0875 | RobustPrompt-I Loss 1.7074  
Epoch 027 |  Time(s) 0.0893 | RobustPrompt-I Loss 1.6819  
Epoch 028 |  Time(s) 0.1010 | RobustPrompt-I Loss 1.6945  
Epoch 029 |  Time(s) 0.0854 | RobustPrompt-I Loss 1.6676  
Epoch 030 |  Time(s) 0.0899 | RobustPrompt-I Loss 1.6550  
Epoch 031 |  Time(s) 0.0895 | RobustPrompt-I Loss 1.6607  
Epoch 032 |  Time(s) 0.0898 | RobustPrompt-I Loss 1.6331  
Epoch 033 |  Time(s) 0.0877 | RobustPrompt-I Loss 1.6109  
Epoch 034 |  Time(s) 0.0894 | RobustPrompt-I Loss 1.6144  
Epoch 035 |  Time(s) 0.0876 | RobustPrompt-I Loss 1.6080  
Epoch 036 |  Time(s) 0.0899 | RobustPrompt-I Loss 1.5635  
Epoch 037 |  Time(s) 0.0868 | RobustPrompt-I Loss 1.5664  
Epoch 038 |  Time(s) 0.0914 | RobustPrompt-I Loss 1.5825  
Epoch 039 |  Time(s) 0.0867 | RobustPrompt-I Loss 1.5220  
Epoch 040 |  Time(s) 0.0923 | RobustPrompt-I Loss 1.6359  
Epoch 041 |  Time(s) 0.0894 | RobustPrompt-I Loss 1.5953  
Epoch 042 |  Time(s) 0.0937 | RobustPrompt-I Loss 1.4871  
Epoch 043 |  Time(s) 0.0899 | RobustPrompt-I Loss 1.4702  
Epoch 044 |  Time(s) 0.0922 | RobustPrompt-I Loss 1.5281  
Epoch 045 |  Time(s) 0.0927 | RobustPrompt-I Loss 1.4934  
Epoch 046 |  Time(s) 0.0899 | RobustPrompt-I Loss 1.4485  
Epoch 047 |  Time(s) 0.0923 | RobustPrompt-I Loss 1.4342  
Epoch 048 |  Time(s) 0.0934 | RobustPrompt-I Loss 1.4373  
Epoch 049 |  Time(s) 0.1358 | RobustPrompt-I Loss 1.4144  
Epoch 050 |  Time(s) 0.1932 | RobustPrompt-I Loss 1.4123  
Epoch 051 |  Time(s) 0.1499 | RobustPrompt-I Loss 1.3933  
Epoch 052 |  Time(s) 0.0858 | RobustPrompt-I Loss 1.3852  
Epoch 053 |  Time(s) 0.0851 | RobustPrompt-I Loss 1.3656  
Epoch 054 |  Time(s) 0.0848 | RobustPrompt-I Loss 1.3734  
Epoch 055 |  Time(s) 0.0849 | RobustPrompt-I Loss 1.3547  
Epoch 056 |  Time(s) 0.0847 | RobustPrompt-I Loss 1.3405  
Epoch 057 |  Time(s) 0.0850 | RobustPrompt-I Loss 1.3243  
Epoch 058 |  Time(s) 0.0846 | RobustPrompt-I Loss 1.3376  
Epoch 059 |  Time(s) 0.0840 | RobustPrompt-I Loss 1.3206  
Epoch 060 |  Time(s) 0.0842 | RobustPrompt-I Loss 1.3053  
Epoch 061 |  Time(s) 0.0844 | RobustPrompt-I Loss 1.2926  
Epoch 062 |  Time(s) 0.0847 | RobustPrompt-I Loss 1.2966  
Epoch 063 |  Time(s) 0.0844 | RobustPrompt-I Loss 1.2806  
Epoch 064 |  Time(s) 0.0848 | RobustPrompt-I Loss 1.2810  
Epoch 065 |  Time(s) 0.0849 | RobustPrompt-I Loss 1.2699  
Epoch 066 |  Time(s) 0.0848 | RobustPrompt-I Loss 1.2590  
Epoch 067 |  Time(s) 0.0846 | RobustPrompt-I Loss 1.2441  
Epoch 068 |  Time(s) 0.0844 | RobustPrompt-I Loss 1.2651  
Epoch 069 |  Time(s) 0.0852 | RobustPrompt-I Loss 1.2526  
Epoch 070 |  Time(s) 0.0851 | RobustPrompt-I Loss 1.2285  
Epoch 071 |  Time(s) 0.0848 | RobustPrompt-I Loss 1.2136  
Epoch 072 |  Time(s) 0.0848 | RobustPrompt-I Loss 1.2482  
Epoch 073 |  Time(s) 0.0850 | RobustPrompt-I Loss 1.2309  
Epoch 074 |  Time(s) 0.0852 | RobustPrompt-I Loss 1.2048  
Epoch 075 |  Time(s) 0.0857 | RobustPrompt-I Loss 1.1910  
Epoch 076 |  Time(s) 0.0844 | RobustPrompt-I Loss 1.2180  
Epoch 077 |  Time(s) 0.0848 | RobustPrompt-I Loss 1.1987  
Epoch 078 |  Time(s) 0.0854 | RobustPrompt-I Loss 1.1884  
Epoch 079 |  Time(s) 0.0845 | RobustPrompt-I Loss 1.1763  
Epoch 080 |  Time(s) 0.0844 | RobustPrompt-I Loss 1.1803  
Epoch 081 |  Time(s) 0.0844 | RobustPrompt-I Loss 1.1659  
Epoch 082 |  Time(s) 0.0853 | RobustPrompt-I Loss 1.1744  
Epoch 083 |  Time(s) 0.0843 | RobustPrompt-I Loss 1.1625  
Epoch 084 |  Time(s) 0.0855 | RobustPrompt-I Loss 1.1546  
Epoch 085 |  Time(s) 0.0843 | RobustPrompt-I Loss 1.1475  
Epoch 086 |  Time(s) 0.0848 | RobustPrompt-I Loss 1.1449  
Epoch 087 |  Time(s) 0.0844 | RobustPrompt-I Loss 1.1389  
Epoch 088 |  Time(s) 0.0849 | RobustPrompt-I Loss 1.1353  
Epoch 089 |  Time(s) 0.0842 | RobustPrompt-I Loss 1.1315  
Epoch 090 |  Time(s) 0.0842 | RobustPrompt-I Loss 1.1248  
Epoch 091 |  Time(s) 0.0840 | RobustPrompt-I Loss 1.1319  
Epoch 092 |  Time(s) 0.0848 | RobustPrompt-I Loss 1.1029  
Epoch 093 |  Time(s) 0.0845 | RobustPrompt-I Loss 1.1092  
Epoch 094 |  Time(s) 0.0844 | RobustPrompt-I Loss 1.1119  
Epoch 095 |  Time(s) 0.0835 | RobustPrompt-I Loss 1.0859  
Epoch 096 |  Time(s) 0.0842 | RobustPrompt-I Loss 1.1306  
Epoch 097 |  Time(s) 0.0853 | RobustPrompt-I Loss 1.1170  
Epoch 098 |  Time(s) 0.0844 | RobustPrompt-I Loss 1.0672  
Epoch 099 |  Time(s) 0.1206 | RobustPrompt-I Loss 1.0788  
Epoch 100 |  Time(s) 0.0861 | RobustPrompt-I Loss 1.0647  
Epoch 101 |  Time(s) 0.0861 | RobustPrompt-I Loss 1.0673  
Epoch 102 |  Time(s) 0.0874 | RobustPrompt-I Loss 1.0323  
Epoch 103 |  Time(s) 0.0855 | RobustPrompt-I Loss 1.0418  
Epoch 104 |  Time(s) 0.0850 | RobustPrompt-I Loss 1.0414  
Epoch 105 |  Time(s) 0.0898 | RobustPrompt-I Loss 1.0278  
Epoch 106 |  Time(s) 0.2648 | RobustPrompt-I Loss 1.0081  
Epoch 107 |  Time(s) 0.1043 | RobustPrompt-I Loss 1.0175  
Epoch 108 |  Time(s) 0.1854 | RobustPrompt-I Loss 1.0324  
Epoch 109 |  Time(s) 0.0926 | RobustPrompt-I Loss 0.9997  
Epoch 110 |  Time(s) 0.0900 | RobustPrompt-I Loss 1.0463  
Epoch 111 |  Time(s) 0.0851 | RobustPrompt-I Loss 0.9942  
Epoch 112 |  Time(s) 0.0867 | RobustPrompt-I Loss 1.1725  
Epoch 113 |  Time(s) 0.0848 | RobustPrompt-I Loss 1.2434  
Epoch 114 |  Time(s) 0.0852 | RobustPrompt-I Loss 1.0123  
Epoch 115 |  Time(s) 0.0857 | RobustPrompt-I Loss 1.2243  
Epoch 116 |  Time(s) 0.0849 | RobustPrompt-I Loss 1.4786  
Epoch 117 |  Time(s) 0.0847 | RobustPrompt-I Loss 1.2570  
Epoch 118 |  Time(s) 0.0852 | RobustPrompt-I Loss 0.9910  
Epoch 119 |  Time(s) 0.0846 | RobustPrompt-I Loss 1.1817  
Epoch 120 |  Time(s) 0.0848 | RobustPrompt-I Loss 1.2571  
Epoch 121 |  Time(s) 0.0854 | RobustPrompt-I Loss 1.0787  
Epoch 122 |  Time(s) 0.0846 | RobustPrompt-I Loss 1.2079  
Epoch 123 |  Time(s) 0.0888 | RobustPrompt-I Loss 1.3412  
Epoch 124 |  Time(s) 0.0853 | RobustPrompt-I Loss 1.1512  
Epoch 125 |  Time(s) 0.0859 | RobustPrompt-I Loss 1.0707  
Epoch 126 |  Time(s) 0.0854 | RobustPrompt-I Loss 1.1345  
Epoch 127 |  Time(s) 0.0854 | RobustPrompt-I Loss 1.0191  
Epoch 128 |  Time(s) 0.0856 | RobustPrompt-I Loss 1.0258  
Epoch 129 |  Time(s) 0.0853 | RobustPrompt-I Loss 1.1012  
Epoch 130 |  Time(s) 0.0850 | RobustPrompt-I Loss 0.9986  
Epoch 131 |  Time(s) 0.0851 | RobustPrompt-I Loss 1.1189  
Epoch 132 |  Time(s) 0.0851 | RobustPrompt-I Loss 1.1898  
Epoch 133 |  Time(s) 0.0855 | RobustPrompt-I Loss 1.0577  
Epoch 134 |  Time(s) 0.0856 | RobustPrompt-I Loss 1.1253  
Epoch 135 |  Time(s) 0.0853 | RobustPrompt-I Loss 1.2425  
Epoch 136 |  Time(s) 0.0858 | RobustPrompt-I Loss 1.0792  
Epoch 137 |  Time(s) 0.0856 | RobustPrompt-I Loss 0.9823  
Epoch 138 |  Time(s) 0.0859 | RobustPrompt-I Loss 1.0311  
Epoch 139 |  Time(s) 0.0855 | RobustPrompt-I Loss 0.9755  
Epoch 140 |  Time(s) 0.0856 | RobustPrompt-I Loss 1.0619  
Epoch 141 |  Time(s) 0.0855 | RobustPrompt-I Loss 1.0474  
Epoch 142 |  Time(s) 0.0853 | RobustPrompt-I Loss 0.9607  
Epoch 143 |  Time(s) 0.0856 | RobustPrompt-I Loss 1.0030  
Epoch 144 |  Time(s) 0.0861 | RobustPrompt-I Loss 0.9589  
Epoch 145 |  Time(s) 0.0855 | RobustPrompt-I Loss 1.0477  
Epoch 146 |  Time(s) 0.1290 | RobustPrompt-I Loss 1.0599  
Epoch 147 |  Time(s) 0.0851 | RobustPrompt-I Loss 0.9473  
Epoch 148 |  Time(s) 0.0858 | RobustPrompt-I Loss 1.0379  
Epoch 149 |  Time(s) 0.0861 | RobustPrompt-I Loss 1.0189  
Epoch 150 |  Time(s) 0.0852 | RobustPrompt-I Loss 0.9421  
Epoch 151 |  Time(s) 0.0862 | RobustPrompt-I Loss 0.9624  
Epoch 152 |  Time(s) 0.0851 | RobustPrompt-I Loss 0.9321  
Epoch 153 |  Time(s) 0.0856 | RobustPrompt-I Loss 0.9315  
Epoch 154 |  Time(s) 0.0849 | RobustPrompt-I Loss 0.9524  
Epoch 155 |  Time(s) 0.0855 | RobustPrompt-I Loss 0.9222  
Epoch 156 |  Time(s) 0.0862 | RobustPrompt-I Loss 0.9841  
Epoch 157 |  Time(s) 0.0853 | RobustPrompt-I Loss 0.9666  
Epoch 158 |  Time(s) 0.1286 | RobustPrompt-I Loss 0.9188  
Epoch 159 |  Time(s) 0.1484 | RobustPrompt-I Loss 0.9153  
Epoch 160 |  Time(s) 0.1304 | RobustPrompt-I Loss 0.9394  
Epoch 161 |  Time(s) 0.0878 | RobustPrompt-I Loss 0.9251  
Epoch 162 |  Time(s) 0.0920 | RobustPrompt-I Loss 0.9192  
Epoch 163 |  Time(s) 0.0842 | RobustPrompt-I Loss 0.9086  
Epoch 164 |  Time(s) 0.0831 | RobustPrompt-I Loss 0.9216  
Epoch 165 |  Time(s) 0.0835 | RobustPrompt-I Loss 0.9108  
Epoch 166 |  Time(s) 0.0849 | RobustPrompt-I Loss 0.9108  
Epoch 167 |  Time(s) 0.0848 | RobustPrompt-I Loss 0.9067  
Epoch 168 |  Time(s) 0.0841 | RobustPrompt-I Loss 0.8930  
Epoch 169 |  Time(s) 0.0849 | RobustPrompt-I Loss 0.8811  
Epoch 170 |  Time(s) 0.0837 | RobustPrompt-I Loss 0.9256  
Epoch 171 |  Time(s) 0.0844 | RobustPrompt-I Loss 0.9156  
Epoch 172 |  Time(s) 0.0849 | RobustPrompt-I Loss 0.8749  
Epoch 173 |  Time(s) 0.0844 | RobustPrompt-I Loss 0.8688  
Epoch 174 |  Time(s) 0.0832 | RobustPrompt-I Loss 0.9151  
Epoch 175 |  Time(s) 0.0836 | RobustPrompt-I Loss 0.9017  
Epoch 176 |  Time(s) 0.0824 | RobustPrompt-I Loss 0.8694  
Epoch 177 |  Time(s) 0.2146 | RobustPrompt-I Loss 0.8634  
Epoch 178 |  Time(s) 0.2353 | RobustPrompt-I Loss nan  
Epoch 179 |  Time(s) 0.0963 | RobustPrompt-I Loss nan  
Epoch 180 |  Time(s) 0.0873 | RobustPrompt-I Loss nan  
Epoch 181 |  Time(s) 0.0850 | RobustPrompt-I Loss nan  
Epoch 182 |  Time(s) 0.0848 | RobustPrompt-I Loss nan  
Epoch 183 |  Time(s) 0.0849 | RobustPrompt-I Loss nan  
Epoch 184 |  Time(s) 0.0844 | RobustPrompt-I Loss nan  
Epoch 185 |  Time(s) 0.0846 | RobustPrompt-I Loss nan  
Epoch 186 |  Time(s) 0.0848 | RobustPrompt-I Loss nan  
Epoch 187 |  Time(s) 0.0835 | RobustPrompt-I Loss nan  
Epoch 188 |  Time(s) 0.0840 | RobustPrompt-I Loss nan  
Epoch 189 |  Time(s) 0.0839 | RobustPrompt-I Loss nan  
Epoch 190 |  Time(s) 0.0838 | RobustPrompt-I Loss nan  
Epoch 191 |  Time(s) 0.0844 | RobustPrompt-I Loss nan  
Epoch 192 |  Time(s) 0.0846 | RobustPrompt-I Loss nan  
Epoch 193 |  Time(s) 0.0843 | RobustPrompt-I Loss nan  
Epoch 194 |  Time(s) 0.0840 | RobustPrompt-I Loss nan  
Epoch 195 |  Time(s) 0.0846 | RobustPrompt-I Loss nan  
Epoch 196 |  Time(s) 0.0841 | RobustPrompt-I Loss nan  
----------------------------------------------------------------------------------------------------
Early stopping at 197 eopch!
load LLC or attacked data with specified split
Successfully loaded the attack of dataname with few shot 5, split 1
Attack method : Meta_Self | Attack ptb : 0.1 | Dataset: Cora
======================
Number of graphs: 1
Number of features: 1433
Number of classes: 7

Data(x=[2708, 1433], edge_index=[2, 14274], y=[2708], train_mask=[2708], val_mask=[2708], test_mask=[2708])
===========================================================================================================
Number of nodes: 2708
Number of edges: 14274
Average node degree: 5.27
Has isolated nodes: False
Has self-loops: True
Is undirected: True
GCN(
  (conv_layers): ModuleList(
    (0): GCNConv(1433, 256)
    (1): GCNConv(256, 256)
  )
)
Successfully loaded pre-trained weights!
use RobustPrompt Inductive
defense pt dict :  {'sim_pt': -1.0, 'degree_pt': 2, 'out_detect_pt': -1.0, 'other_pt': 'all'}
use_attention :  False
kl_global :  False
cosine_constraint :  True
pt_threshold :  0.25
filter_module :  OriginalFilter
temperature :  1.0
weight_mse 0.1
weight_kl :  0.1
weight_constraint :  0.0
prepare induce graph data is finished!
run RobustPrompt-I
Epoch 001 |  Time(s) 0.1021 | RobustPrompt-I Loss 1.9443  
Epoch 002 |  Time(s) 0.0894 | RobustPrompt-I Loss 1.9381  
Epoch 003 |  Time(s) 0.0891 | RobustPrompt-I Loss 1.9212  
Epoch 004 |  Time(s) 0.0876 | RobustPrompt-I Loss 1.9051  
Epoch 005 |  Time(s) 0.1784 | RobustPrompt-I Loss 1.8887  
Epoch 006 |  Time(s) 0.2020 | RobustPrompt-I Loss 1.8718  
Epoch 007 |  Time(s) 0.2250 | RobustPrompt-I Loss 1.8599  
Epoch 008 |  Time(s) 0.1076 | RobustPrompt-I Loss 1.8402  
Epoch 009 |  Time(s) 0.1082 | RobustPrompt-I Loss 1.8357  
Epoch 010 |  Time(s) 0.1845 | RobustPrompt-I Loss 1.8345  
Epoch 011 |  Time(s) 0.1034 | RobustPrompt-I Loss 1.8260  
Epoch 012 |  Time(s) 0.1051 | RobustPrompt-I Loss nan  
Epoch 013 |  Time(s) 0.0963 | RobustPrompt-I Loss nan  
Epoch 014 |  Time(s) 0.1014 | RobustPrompt-I Loss nan  
Epoch 015 |  Time(s) 0.0875 | RobustPrompt-I Loss nan  
Epoch 016 |  Time(s) 0.0870 | RobustPrompt-I Loss nan  
Epoch 017 |  Time(s) 0.0869 | RobustPrompt-I Loss nan  
Epoch 018 |  Time(s) 0.0932 | RobustPrompt-I Loss nan  
Epoch 019 |  Time(s) 0.0870 | RobustPrompt-I Loss nan  
Epoch 020 |  Time(s) 0.0936 | RobustPrompt-I Loss nan  
Epoch 021 |  Time(s) 0.0872 | RobustPrompt-I Loss nan  
Epoch 022 |  Time(s) 0.0911 | RobustPrompt-I Loss nan  
Epoch 023 |  Time(s) 0.0902 | RobustPrompt-I Loss nan  
Epoch 024 |  Time(s) 0.0878 | RobustPrompt-I Loss nan  
Epoch 025 |  Time(s) 0.0879 | RobustPrompt-I Loss nan  
Epoch 026 |  Time(s) 0.0885 | RobustPrompt-I Loss nan  
Epoch 027 |  Time(s) 0.0884 | RobustPrompt-I Loss nan  
Epoch 028 |  Time(s) 0.0883 | RobustPrompt-I Loss nan  
Epoch 029 |  Time(s) 0.0885 | RobustPrompt-I Loss nan  
Epoch 030 |  Time(s) 0.0873 | RobustPrompt-I Loss nan  
----------------------------------------------------------------------------------------------------
Early stopping at 31 eopch!
load LLC or attacked data with specified split
Successfully loaded the attack of dataname with few shot 5, split 1
Attack method : Meta_Self | Attack ptb : 0.1 | Dataset: Cora
======================
Number of graphs: 1
Number of features: 1433
Number of classes: 7

Data(x=[2708, 1433], edge_index=[2, 14274], y=[2708], train_mask=[2708], val_mask=[2708], test_mask=[2708])
===========================================================================================================
Number of nodes: 2708
Number of edges: 14274
Average node degree: 5.27
Has isolated nodes: False
Has self-loops: True
Is undirected: True
GCN(
  (conv_layers): ModuleList(
    (0): GCNConv(1433, 256)
    (1): GCNConv(256, 256)
  )
)
Successfully loaded pre-trained weights!
use RobustPrompt Inductive
defense pt dict :  {'sim_pt': -1.0, 'degree_pt': 2, 'out_detect_pt': -1.0, 'other_pt': 'all'}
use_attention :  False
kl_global :  False
cosine_constraint :  True
pt_threshold :  0.25
filter_module :  OriginalFilter
temperature :  1.0
weight_mse 0.1
weight_kl :  0.1
weight_constraint :  0.0
prepare induce graph data is finished!
run RobustPrompt-I
Epoch 001 |  Time(s) 0.0982 | RobustPrompt-I Loss 1.9473  
Epoch 002 |  Time(s) 0.0894 | RobustPrompt-I Loss 1.9397  
Epoch 003 |  Time(s) 0.0886 | RobustPrompt-I Loss 1.9219  
Epoch 004 |  Time(s) 0.0881 | RobustPrompt-I Loss 1.9075  
Epoch 005 |  Time(s) 0.0880 | RobustPrompt-I Loss 1.8877  
Epoch 006 |  Time(s) 0.0875 | RobustPrompt-I Loss 1.8828  
Epoch 007 |  Time(s) 0.0880 | RobustPrompt-I Loss 1.8653  
Epoch 008 |  Time(s) 0.0881 | RobustPrompt-I Loss 1.8459  
Epoch 009 |  Time(s) 0.0883 | RobustPrompt-I Loss 1.8354  
Epoch 010 |  Time(s) 0.0880 | RobustPrompt-I Loss 1.8615  
Epoch 011 |  Time(s) 0.0882 | RobustPrompt-I Loss 1.8661  
Epoch 012 |  Time(s) 0.0887 | RobustPrompt-I Loss 1.8446  
Epoch 013 |  Time(s) 0.0879 | RobustPrompt-I Loss 1.8260  
Epoch 014 |  Time(s) 0.0887 | RobustPrompt-I Loss 1.8201  
Epoch 015 |  Time(s) 0.0892 | RobustPrompt-I Loss 1.8125  
Epoch 016 |  Time(s) 0.0873 | RobustPrompt-I Loss 1.8177  
Epoch 017 |  Time(s) 0.0892 | RobustPrompt-I Loss 1.8166  
Epoch 018 |  Time(s) 0.0894 | RobustPrompt-I Loss 1.7902  
Epoch 019 |  Time(s) 0.0888 | RobustPrompt-I Loss 1.7856  
Epoch 020 |  Time(s) 0.0898 | RobustPrompt-I Loss 1.7790  
Epoch 021 |  Time(s) 0.0889 | RobustPrompt-I Loss 1.7829  
Epoch 022 |  Time(s) 0.0887 | RobustPrompt-I Loss 1.7520  
Epoch 023 |  Time(s) 0.0884 | RobustPrompt-I Loss 1.7395  
Epoch 024 |  Time(s) 0.0872 | RobustPrompt-I Loss nan  
Epoch 025 |  Time(s) 0.0885 | RobustPrompt-I Loss nan  
Epoch 026 |  Time(s) 0.0889 | RobustPrompt-I Loss nan  
Epoch 027 |  Time(s) 0.0892 | RobustPrompt-I Loss nan  
Epoch 028 |  Time(s) 0.0886 | RobustPrompt-I Loss nan  
Epoch 029 |  Time(s) 0.0884 | RobustPrompt-I Loss nan  
Epoch 030 |  Time(s) 0.0889 | RobustPrompt-I Loss nan  
Epoch 031 |  Time(s) 0.0895 | RobustPrompt-I Loss nan  
Epoch 032 |  Time(s) 0.0888 | RobustPrompt-I Loss nan  
Epoch 033 |  Time(s) 0.0874 | RobustPrompt-I Loss nan  
Epoch 034 |  Time(s) 0.0868 | RobustPrompt-I Loss nan  
Epoch 035 |  Time(s) 0.0880 | RobustPrompt-I Loss nan  
Epoch 036 |  Time(s) 0.0887 | RobustPrompt-I Loss nan  
Epoch 037 |  Time(s) 0.0889 | RobustPrompt-I Loss nan  
Epoch 038 |  Time(s) 0.0882 | RobustPrompt-I Loss nan  
Epoch 039 |  Time(s) 0.0887 | RobustPrompt-I Loss nan  
Epoch 040 |  Time(s) 0.0885 | RobustPrompt-I Loss nan  
Epoch 041 |  Time(s) 0.0895 | RobustPrompt-I Loss nan  
Epoch 042 |  Time(s) 0.1231 | RobustPrompt-I Loss nan  
----------------------------------------------------------------------------------------------------
Early stopping at 43 eopch!
load LLC or attacked data with specified split
Successfully loaded the attack of dataname with few shot 5, split 1
Attack method : Meta_Self | Attack ptb : 0.1 | Dataset: Cora
======================
Number of graphs: 1
Number of features: 1433
Number of classes: 7

Data(x=[2708, 1433], edge_index=[2, 14274], y=[2708], train_mask=[2708], val_mask=[2708], test_mask=[2708])
===========================================================================================================
Number of nodes: 2708
Number of edges: 14274
Average node degree: 5.27
Has isolated nodes: False
Has self-loops: True
Is undirected: True
GCN(
  (conv_layers): ModuleList(
    (0): GCNConv(1433, 256)
    (1): GCNConv(256, 256)
  )
)
Successfully loaded pre-trained weights!
use RobustPrompt Inductive
defense pt dict :  {'sim_pt': -1.0, 'degree_pt': 2, 'out_detect_pt': -1.0, 'other_pt': 'all'}
use_attention :  False
kl_global :  False
cosine_constraint :  True
pt_threshold :  0.25
filter_module :  OriginalFilter
temperature :  1.0
weight_mse 0.1
weight_kl :  0.1
weight_constraint :  0.0
prepare induce graph data is finished!
run RobustPrompt-I
Epoch 001 |  Time(s) 0.2462 | RobustPrompt-I Loss 1.9408  
Epoch 002 |  Time(s) 0.1767 | RobustPrompt-I Loss 1.9335  
Epoch 003 |  Time(s) 0.0989 | RobustPrompt-I Loss 1.9223  
Epoch 004 |  Time(s) 0.2626 | RobustPrompt-I Loss nan  
Epoch 005 |  Time(s) 0.0901 | RobustPrompt-I Loss nan  
Epoch 006 |  Time(s) 0.0915 | RobustPrompt-I Loss nan  
Epoch 007 |  Time(s) 0.0896 | RobustPrompt-I Loss nan  
Epoch 008 |  Time(s) 0.0911 | RobustPrompt-I Loss nan  
Epoch 009 |  Time(s) 0.0896 | RobustPrompt-I Loss nan  
Epoch 010 |  Time(s) 0.0908 | RobustPrompt-I Loss nan  
Epoch 011 |  Time(s) 0.0910 | RobustPrompt-I Loss nan  
Epoch 012 |  Time(s) 0.0905 | RobustPrompt-I Loss nan  
Epoch 013 |  Time(s) 0.0911 | RobustPrompt-I Loss nan  
Epoch 014 |  Time(s) 0.0908 | RobustPrompt-I Loss nan  
Epoch 015 |  Time(s) 0.0911 | RobustPrompt-I Loss nan  
Epoch 016 |  Time(s) 0.0910 | RobustPrompt-I Loss nan  
Epoch 017 |  Time(s) 0.0912 | RobustPrompt-I Loss nan  
Epoch 018 |  Time(s) 0.0916 | RobustPrompt-I Loss nan  
Epoch 019 |  Time(s) 0.0900 | RobustPrompt-I Loss nan  
Epoch 020 |  Time(s) 0.0898 | RobustPrompt-I Loss nan  
Epoch 021 |  Time(s) 0.0898 | RobustPrompt-I Loss nan  
Epoch 022 |  Time(s) 0.0900 | RobustPrompt-I Loss nan  
----------------------------------------------------------------------------------------------------
Early stopping at 23 eopch!
load LLC or attacked data with specified split
Successfully loaded the attack of dataname with few shot 5, split 1
Attack method : Meta_Self | Attack ptb : 0.1 | Dataset: Cora
======================
Number of graphs: 1
Number of features: 1433
Number of classes: 7

Data(x=[2708, 1433], edge_index=[2, 14274], y=[2708], train_mask=[2708], val_mask=[2708], test_mask=[2708])
===========================================================================================================
Number of nodes: 2708
Number of edges: 14274
Average node degree: 5.27
Has isolated nodes: False
Has self-loops: True
Is undirected: True
GCN(
  (conv_layers): ModuleList(
    (0): GCNConv(1433, 256)
    (1): GCNConv(256, 256)
  )
)
Successfully loaded pre-trained weights!
use RobustPrompt Inductive
defense pt dict :  {'sim_pt': -1.0, 'degree_pt': 2, 'out_detect_pt': -1.0, 'other_pt': 'all'}
use_attention :  False
kl_global :  False
cosine_constraint :  True
pt_threshold :  0.25
filter_module :  OriginalFilter
temperature :  1.0
weight_mse 0.1
weight_kl :  0.1
weight_constraint :  0.0
prepare induce graph data is finished!
run RobustPrompt-I
Epoch 001 |  Time(s) 0.1007 | RobustPrompt-I Loss 1.9477  
Epoch 002 |  Time(s) 0.0912 | RobustPrompt-I Loss 1.9388  
Epoch 003 |  Time(s) 0.0910 | RobustPrompt-I Loss 1.9248  
Epoch 004 |  Time(s) 0.0911 | RobustPrompt-I Loss 1.9074  
Epoch 005 |  Time(s) 0.0908 | RobustPrompt-I Loss 1.8967  
Epoch 006 |  Time(s) 0.0908 | RobustPrompt-I Loss 1.8782  
Epoch 007 |  Time(s) 0.0907 | RobustPrompt-I Loss 1.8649  
Epoch 008 |  Time(s) 0.0908 | RobustPrompt-I Loss 1.8632  
Epoch 009 |  Time(s) 0.0898 | RobustPrompt-I Loss 1.8325  
Epoch 010 |  Time(s) 0.0886 | RobustPrompt-I Loss 1.8128  
Epoch 011 |  Time(s) 0.0891 | RobustPrompt-I Loss 1.8064  
Epoch 012 |  Time(s) 0.0895 | RobustPrompt-I Loss 1.8103  
Epoch 013 |  Time(s) 0.0891 | RobustPrompt-I Loss 1.8327  
Epoch 014 |  Time(s) 0.0892 | RobustPrompt-I Loss 1.8176  
Epoch 015 |  Time(s) 0.0899 | RobustPrompt-I Loss 1.7751  
Epoch 016 |  Time(s) 0.0902 | RobustPrompt-I Loss 1.7564  
Epoch 017 |  Time(s) 0.0917 | RobustPrompt-I Loss 1.7686  
Epoch 018 |  Time(s) 0.1029 | RobustPrompt-I Loss 1.7635  
Epoch 019 |  Time(s) 0.0895 | RobustPrompt-I Loss 1.7418  
Epoch 020 |  Time(s) 0.0901 | RobustPrompt-I Loss 1.7582  
Epoch 021 |  Time(s) 0.0913 | RobustPrompt-I Loss 1.7588  
Epoch 022 |  Time(s) 0.0914 | RobustPrompt-I Loss 1.7086  
Epoch 023 |  Time(s) 0.0891 | RobustPrompt-I Loss 1.7142  
Epoch 024 |  Time(s) 0.0890 | RobustPrompt-I Loss 1.7165  
Epoch 025 |  Time(s) 0.0960 | RobustPrompt-I Loss 1.6784  
Epoch 026 |  Time(s) 0.0898 | RobustPrompt-I Loss 1.6627  
Epoch 027 |  Time(s) 0.0899 | RobustPrompt-I Loss 1.6700  
Epoch 028 |  Time(s) 0.0900 | RobustPrompt-I Loss nan  
Epoch 029 |  Time(s) 0.0902 | RobustPrompt-I Loss nan  
Epoch 030 |  Time(s) 0.0903 | RobustPrompt-I Loss nan  
Epoch 031 |  Time(s) 0.0907 | RobustPrompt-I Loss nan  
Epoch 032 |  Time(s) 0.0903 | RobustPrompt-I Loss nan  
Epoch 033 |  Time(s) 0.0897 | RobustPrompt-I Loss nan  
Epoch 034 |  Time(s) 0.0903 | RobustPrompt-I Loss nan  
Epoch 035 |  Time(s) 0.0896 | RobustPrompt-I Loss nan  
Epoch 036 |  Time(s) 0.0902 | RobustPrompt-I Loss nan  
Epoch 037 |  Time(s) 0.0901 | RobustPrompt-I Loss nan  
Epoch 038 |  Time(s) 0.0906 | RobustPrompt-I Loss nan  
Epoch 039 |  Time(s) 0.0907 | RobustPrompt-I Loss nan  
Epoch 040 |  Time(s) 0.0908 | RobustPrompt-I Loss nan  
Epoch 041 |  Time(s) 0.1245 | RobustPrompt-I Loss nan  
Epoch 042 |  Time(s) 0.3659 | RobustPrompt-I Loss nan  
Epoch 043 |  Time(s) 0.2245 | RobustPrompt-I Loss nan  
Epoch 044 |  Time(s) 0.3158 | RobustPrompt-I Loss nan  
Epoch 045 |  Time(s) 0.4683 | RobustPrompt-I Loss nan  
----------------------------------------------------------------------------------------------------
Early stopping at 46 eopch!
{1: {1: nan}, 2: {1: nan}, 3: {1: nan}, 4: {1: nan}, 5: {1: nan}}
{1: {1: nan, 2: nan, 3: nan, 4: nan, 5: nan}}
########################################################################################
seed: 1 | split 1 : nan
# Seed 1 Muti Split Final Acc: nan±nan
seed: 2 | split 1 : nan
# Seed 2 Muti Split Final Acc: nan±nan
seed: 3 | split 1 : nan
# Seed 3 Muti Split Final Acc: nan±nan
seed: 4 | split 1 : nan
# Seed 4 Muti Split Final Acc: nan±nan
seed: 5 | split 1 : nan
# Seed 5 Muti Split Final Acc: nan±nan
########################################################################################
split: 1 | seed 1 : nan
split: 1 | seed 2 : nan
split: 1 | seed 3 : nan
split: 1 | seed 4 : nan
split: 1 | seed 5 : nan
# Split 1 Muti Seed Acc without min value: nan±nan
########################################################################################
Done phase=degree, deg=2, ptb=0.1, end=2026-06-08 23:55:24, duration=00:00:43
