Start phase=degree, deg=5, ptb=0.1, time=2026-06-08 23:56:40, log=logs/RobustPrompt-I/ft_deg5_0.1_20260608_235640.log
load LLC or attacked data with specified split
Successfully loaded the attack of dataname with few shot 5, split 1
Attack method : Meta_Self | Attack ptb : 0.1 | Dataset: Cora
======================
Number of graphs: 1
Number of features: 1433
Number of classes: 7

Data(x=[2708, 1433], edge_index=[2, 14274], y=[2708], train_mask=[2708], val_mask=[2708], test_mask=[2708])
===========================================================================================================
Number of nodes: 2708
Number of edges: 14274
Average node degree: 5.27
Has isolated nodes: False
Has self-loops: True
Is undirected: True
GCN(
  (conv_layers): ModuleList(
    (0): GCNConv(1433, 256)
    (1): GCNConv(256, 256)
  )
)
Successfully loaded pre-trained weights!
use RobustPrompt Inductive
defense pt dict :  {'sim_pt': -1.0, 'degree_pt': 5, 'out_detect_pt': -1.0, 'other_pt': 'all'}
use_attention :  False
kl_global :  False
cosine_constraint :  True
pt_threshold :  0.25
filter_module :  OriginalFilter
temperature :  1.0
weight_mse 0.1
weight_kl :  0.1
weight_constraint :  0.0
prepare induce graph data is finished!
run RobustPrompt-I
Epoch 001 |  Time(s) 0.4430 | RobustPrompt-I Loss 1.9485  
Epoch 002 |  Time(s) 0.0910 | RobustPrompt-I Loss 1.9480  
Epoch 003 |  Time(s) 0.0904 | RobustPrompt-I Loss 1.9377  
Epoch 004 |  Time(s) 0.1074 | RobustPrompt-I Loss 1.9314  
Epoch 005 |  Time(s) 0.0940 | RobustPrompt-I Loss 1.9199  
Epoch 006 |  Time(s) 0.1297 | RobustPrompt-I Loss 1.9023  
Epoch 007 |  Time(s) 0.0907 | RobustPrompt-I Loss 1.8793  
Epoch 008 |  Time(s) 0.1018 | RobustPrompt-I Loss 1.8568  
Epoch 009 |  Time(s) 0.1392 | RobustPrompt-I Loss 1.8456  
Epoch 010 |  Time(s) 0.1095 | RobustPrompt-I Loss 1.8258  
Epoch 011 |  Time(s) 0.1480 | RobustPrompt-I Loss 1.8190  
Epoch 012 |  Time(s) 0.0905 | RobustPrompt-I Loss 1.8084  
Epoch 013 |  Time(s) 0.0866 | RobustPrompt-I Loss 1.8143  
Epoch 014 |  Time(s) 0.0844 | RobustPrompt-I Loss 1.8019  
Epoch 015 |  Time(s) 0.0851 | RobustPrompt-I Loss 1.7989  
Epoch 016 |  Time(s) 0.0843 | RobustPrompt-I Loss 1.7933  
Epoch 017 |  Time(s) 0.2476 | RobustPrompt-I Loss 1.7775  
Epoch 018 |  Time(s) 0.2800 | RobustPrompt-I Loss 1.7759  
Epoch 019 |  Time(s) 0.2298 | RobustPrompt-I Loss 1.7658  
Epoch 020 |  Time(s) 0.2262 | RobustPrompt-I Loss 1.7570  
Epoch 021 |  Time(s) 0.0962 | RobustPrompt-I Loss 1.7487  
Epoch 022 |  Time(s) 0.0854 | RobustPrompt-I Loss 1.7417  
Epoch 023 |  Time(s) 0.0844 | RobustPrompt-I Loss 1.7501  
Epoch 024 |  Time(s) 0.0852 | RobustPrompt-I Loss 1.7210  
Epoch 025 |  Time(s) 0.0842 | RobustPrompt-I Loss 1.7075  
Epoch 026 |  Time(s) 0.0846 | RobustPrompt-I Loss 1.7032  
Epoch 027 |  Time(s) 0.0844 | RobustPrompt-I Loss 1.7054  
Epoch 028 |  Time(s) 0.0843 | RobustPrompt-I Loss 1.6954  
Epoch 029 |  Time(s) 0.0846 | RobustPrompt-I Loss 1.6593  
Epoch 030 |  Time(s) 0.0841 | RobustPrompt-I Loss 1.6725  
Epoch 031 |  Time(s) 0.0814 | RobustPrompt-I Loss 1.6699  
Epoch 032 |  Time(s) 0.0907 | RobustPrompt-I Loss 1.6327  
Epoch 033 |  Time(s) 0.0849 | RobustPrompt-I Loss 1.6659  
Epoch 034 |  Time(s) 0.0845 | RobustPrompt-I Loss 1.6036  
Epoch 035 |  Time(s) 0.0847 | RobustPrompt-I Loss 1.6233  
Epoch 036 |  Time(s) 0.0849 | RobustPrompt-I Loss 1.5812  
Epoch 037 |  Time(s) 0.0840 | RobustPrompt-I Loss 1.5670  
Epoch 038 |  Time(s) 0.0877 | RobustPrompt-I Loss 1.5761  
Epoch 039 |  Time(s) 0.0872 | RobustPrompt-I Loss 1.5385  
Epoch 040 |  Time(s) 0.0841 | RobustPrompt-I Loss 1.5336  
Epoch 041 |  Time(s) 0.0869 | RobustPrompt-I Loss 1.5318  
Epoch 042 |  Time(s) 0.0844 | RobustPrompt-I Loss 1.4832  
Epoch 043 |  Time(s) 0.0846 | RobustPrompt-I Loss 1.5020  
Epoch 044 |  Time(s) 0.0842 | RobustPrompt-I Loss 1.4668  
Epoch 045 |  Time(s) 0.0857 | RobustPrompt-I Loss 1.4481  
Epoch 046 |  Time(s) 0.0849 | RobustPrompt-I Loss 1.4557  
Epoch 047 |  Time(s) 0.0851 | RobustPrompt-I Loss 1.4137  
Epoch 048 |  Time(s) 0.0844 | RobustPrompt-I Loss 1.4359  
Epoch 049 |  Time(s) 0.0844 | RobustPrompt-I Loss 1.3979  
Epoch 050 |  Time(s) 0.0845 | RobustPrompt-I Loss 1.3978  
Epoch 051 |  Time(s) 0.0846 | RobustPrompt-I Loss 1.3586  
Epoch 052 |  Time(s) 0.0851 | RobustPrompt-I Loss 1.3611  
Epoch 053 |  Time(s) 0.0849 | RobustPrompt-I Loss 1.3490  
Epoch 054 |  Time(s) 0.0848 | RobustPrompt-I Loss 1.3273  
Epoch 055 |  Time(s) 0.0845 | RobustPrompt-I Loss 1.3195  
Epoch 056 |  Time(s) 0.0841 | RobustPrompt-I Loss 1.3108  
Epoch 057 |  Time(s) 0.0845 | RobustPrompt-I Loss 1.2831  
Epoch 058 |  Time(s) 0.0837 | RobustPrompt-I Loss 1.2867  
Epoch 059 |  Time(s) 0.0852 | RobustPrompt-I Loss 1.2683  
Epoch 060 |  Time(s) 0.1111 | RobustPrompt-I Loss 1.2549  
Epoch 061 |  Time(s) 0.1957 | RobustPrompt-I Loss 1.2538  
Epoch 062 |  Time(s) 0.1052 | RobustPrompt-I Loss 1.2418  
Epoch 063 |  Time(s) 0.0875 | RobustPrompt-I Loss 1.2288  
Epoch 064 |  Time(s) 0.0846 | RobustPrompt-I Loss 1.2221  
Epoch 065 |  Time(s) 0.0832 | RobustPrompt-I Loss 1.2159  
Epoch 066 |  Time(s) 0.0844 | RobustPrompt-I Loss 1.1980  
Epoch 067 |  Time(s) 0.0850 | RobustPrompt-I Loss 1.1949  
Epoch 068 |  Time(s) 0.0851 | RobustPrompt-I Loss 1.1860  
Epoch 069 |  Time(s) 0.0852 | RobustPrompt-I Loss 1.1794  
Epoch 070 |  Time(s) 0.0848 | RobustPrompt-I Loss 1.1663  
Epoch 071 |  Time(s) 0.0847 | RobustPrompt-I Loss 1.1583  
Epoch 072 |  Time(s) 0.0847 | RobustPrompt-I Loss 1.1482  
Epoch 073 |  Time(s) 0.0851 | RobustPrompt-I Loss 1.1430  
Epoch 074 |  Time(s) 0.0848 | RobustPrompt-I Loss 1.1388  
Epoch 075 |  Time(s) 0.0846 | RobustPrompt-I Loss 1.1468  
Epoch 076 |  Time(s) 0.0847 | RobustPrompt-I Loss 1.1210  
Epoch 077 |  Time(s) 0.0846 | RobustPrompt-I Loss 1.1083  
Epoch 078 |  Time(s) 0.0850 | RobustPrompt-I Loss 1.1015  
Epoch 079 |  Time(s) 0.0847 | RobustPrompt-I Loss 1.1032  
Epoch 080 |  Time(s) 0.0849 | RobustPrompt-I Loss 1.1158  
Epoch 081 |  Time(s) 0.0840 | RobustPrompt-I Loss 1.0749  
Epoch 082 |  Time(s) 0.0848 | RobustPrompt-I Loss 1.0945  
Epoch 083 |  Time(s) 0.0850 | RobustPrompt-I Loss 1.0846  
Epoch 084 |  Time(s) 0.0843 | RobustPrompt-I Loss 1.0548  
Epoch 085 |  Time(s) 0.0839 | RobustPrompt-I Loss 1.0766  
Epoch 086 |  Time(s) 0.0844 | RobustPrompt-I Loss 1.0531  
Epoch 087 |  Time(s) 0.0846 | RobustPrompt-I Loss 1.0388  
Epoch 088 |  Time(s) 0.0881 | RobustPrompt-I Loss 1.0422  
Epoch 089 |  Time(s) 0.0855 | RobustPrompt-I Loss 1.0400  
Epoch 090 |  Time(s) 0.0856 | RobustPrompt-I Loss 1.0184  
Epoch 091 |  Time(s) 0.0856 | RobustPrompt-I Loss 1.0131  
Epoch 092 |  Time(s) 0.0859 | RobustPrompt-I Loss 1.0449  
Epoch 093 |  Time(s) 0.0841 | RobustPrompt-I Loss 0.9950  
Epoch 094 |  Time(s) 0.0845 | RobustPrompt-I Loss 1.0973  
Epoch 095 |  Time(s) 0.0900 | RobustPrompt-I Loss 1.0205  
Epoch 096 |  Time(s) 0.0849 | RobustPrompt-I Loss 1.1087  
Epoch 097 |  Time(s) 0.0842 | RobustPrompt-I Loss 1.1502  
Epoch 098 |  Time(s) 0.0853 | RobustPrompt-I Loss 0.9925  
Epoch 099 |  Time(s) 0.0849 | RobustPrompt-I Loss 1.2937  
Epoch 100 |  Time(s) 0.0843 | RobustPrompt-I Loss 1.4934  
Epoch 101 |  Time(s) 0.0847 | RobustPrompt-I Loss 1.2001  
Epoch 102 |  Time(s) 0.0857 | RobustPrompt-I Loss 1.1764  
Epoch 103 |  Time(s) 0.0851 | RobustPrompt-I Loss 1.2821  
Epoch 104 |  Time(s) 0.0854 | RobustPrompt-I Loss 1.1731  
Epoch 105 |  Time(s) 0.0855 | RobustPrompt-I Loss 1.1670  
Epoch 106 |  Time(s) 0.0853 | RobustPrompt-I Loss 1.1729  
Epoch 107 |  Time(s) 0.0848 | RobustPrompt-I Loss 1.0797  
Epoch 108 |  Time(s) 0.0851 | RobustPrompt-I Loss 1.1887  
Epoch 109 |  Time(s) 0.0852 | RobustPrompt-I Loss 1.2367  
Epoch 110 |  Time(s) 0.0849 | RobustPrompt-I Loss 1.0430  
Epoch 111 |  Time(s) 0.0843 | RobustPrompt-I Loss 1.1287  
Epoch 112 |  Time(s) 0.1367 | RobustPrompt-I Loss 1.2949  
Epoch 113 |  Time(s) 0.3350 | RobustPrompt-I Loss 1.1054  
Epoch 114 |  Time(s) 0.3512 | RobustPrompt-I Loss 1.0427  
Epoch 115 |  Time(s) 0.1006 | RobustPrompt-I Loss 1.1023  
Epoch 116 |  Time(s) 0.0852 | RobustPrompt-I Loss 1.0292  
Epoch 117 |  Time(s) 0.0850 | RobustPrompt-I Loss 1.0957  
----------------------------------------------------------------------------------------------------
Early stopping at 118 eopch!
Batch 0 Acc: 0.1700 | Macro-F1: 0.0963
Batch 1 Acc: 0.1500 | Macro-F1: 0.1151
Batch 2 Acc: 0.1900 | Macro-F1: 0.1509
Batch 3 Acc: 0.2700 | Macro-F1: 0.1624
Batch 4 Acc: 0.1900 | Macro-F1: 0.1170
Batch 5 Acc: 0.1700 | Macro-F1: 0.1109
Batch 6 Acc: 0.1500 | Macro-F1: 0.0980
Batch 7 Acc: 0.1900 | Macro-F1: 0.0799
Batch 8 Acc: 0.1900 | Macro-F1: 0.1000
Batch 9 Acc: 0.1200 | Macro-F1: 0.1012
Final True Accuracy: 0.1790 | Macro F1 Score: 0.1149
best_loss [1.1313163042068481]
load LLC or attacked data with specified split
Successfully loaded the attack of dataname with few shot 5, split 1
Attack method : Meta_Self | Attack ptb : 0.1 | Dataset: Cora
======================
Number of graphs: 1
Number of features: 1433
Number of classes: 7

Data(x=[2708, 1433], edge_index=[2, 14274], y=[2708], train_mask=[2708], val_mask=[2708], test_mask=[2708])
===========================================================================================================
Number of nodes: 2708
Number of edges: 14274
Average node degree: 5.27
Has isolated nodes: False
Has self-loops: True
Is undirected: True
GCN(
  (conv_layers): ModuleList(
    (0): GCNConv(1433, 256)
    (1): GCNConv(256, 256)
  )
)
Successfully loaded pre-trained weights!
use RobustPrompt Inductive
defense pt dict :  {'sim_pt': -1.0, 'degree_pt': 5, 'out_detect_pt': -1.0, 'other_pt': 'all'}
use_attention :  False
kl_global :  False
cosine_constraint :  True
pt_threshold :  0.25
filter_module :  OriginalFilter
temperature :  1.0
weight_mse 0.1
weight_kl :  0.1
weight_constraint :  0.0
prepare induce graph data is finished!
run RobustPrompt-I
Epoch 001 |  Time(s) 0.1103 | RobustPrompt-I Loss 1.9448  
Epoch 002 |  Time(s) 0.0921 | RobustPrompt-I Loss 1.9409  
Epoch 003 |  Time(s) 0.0886 | RobustPrompt-I Loss 1.9232  
Epoch 004 |  Time(s) 0.0882 | RobustPrompt-I Loss 1.9043  
Epoch 005 |  Time(s) 0.0901 | RobustPrompt-I Loss 1.8877  
Epoch 006 |  Time(s) 0.0902 | RobustPrompt-I Loss 1.8710  
Epoch 007 |  Time(s) 0.0895 | RobustPrompt-I Loss 1.8438  
Epoch 008 |  Time(s) 0.0887 | RobustPrompt-I Loss 1.8281  
Epoch 009 |  Time(s) 0.0878 | RobustPrompt-I Loss 1.8055  
Epoch 010 |  Time(s) 0.0891 | RobustPrompt-I Loss 1.7921  
Epoch 011 |  Time(s) 0.0889 | RobustPrompt-I Loss 1.7741  
Epoch 012 |  Time(s) 0.0891 | RobustPrompt-I Loss 1.7669  
Epoch 013 |  Time(s) 0.0889 | RobustPrompt-I Loss 1.7575  
Epoch 014 |  Time(s) 0.0885 | RobustPrompt-I Loss 1.7470  
Epoch 015 |  Time(s) 0.0889 | RobustPrompt-I Loss 1.7529  
Epoch 016 |  Time(s) 0.0865 | RobustPrompt-I Loss 1.7327  
Epoch 017 |  Time(s) 0.2267 | RobustPrompt-I Loss 1.7259  
Epoch 018 |  Time(s) 0.0939 | RobustPrompt-I Loss 1.7217  
Epoch 019 |  Time(s) 0.1575 | RobustPrompt-I Loss 1.7046  
Epoch 020 |  Time(s) 0.0976 | RobustPrompt-I Loss 1.6941  
Epoch 021 |  Time(s) 0.0899 | RobustPrompt-I Loss 1.6962  
Epoch 022 |  Time(s) 0.0895 | RobustPrompt-I Loss 1.6800  
Epoch 023 |  Time(s) 0.0886 | RobustPrompt-I Loss 1.6714  
Epoch 024 |  Time(s) 0.0898 | RobustPrompt-I Loss 1.6557  
Epoch 025 |  Time(s) 0.0897 | RobustPrompt-I Loss 1.6513  
Epoch 026 |  Time(s) 0.0889 | RobustPrompt-I Loss 1.6347  
Epoch 027 |  Time(s) 0.0892 | RobustPrompt-I Loss 1.6533  
Epoch 028 |  Time(s) 0.0893 | RobustPrompt-I Loss 1.6729  
Epoch 029 |  Time(s) 0.0896 | RobustPrompt-I Loss 1.5981  
Epoch 030 |  Time(s) 0.0893 | RobustPrompt-I Loss 1.6739  
Epoch 031 |  Time(s) 0.0903 | RobustPrompt-I Loss 1.5816  
Epoch 032 |  Time(s) 0.0902 | RobustPrompt-I Loss 1.7582  
Epoch 033 |  Time(s) 0.0895 | RobustPrompt-I Loss 1.7076  
Epoch 034 |  Time(s) 0.0897 | RobustPrompt-I Loss 1.5526  
Epoch 035 |  Time(s) 0.0901 | RobustPrompt-I Loss 1.5876  
Epoch 036 |  Time(s) 0.0898 | RobustPrompt-I Loss 1.5229  
Epoch 037 |  Time(s) 0.0893 | RobustPrompt-I Loss 1.5232  
Epoch 038 |  Time(s) 0.0900 | RobustPrompt-I Loss 1.5511  
Epoch 039 |  Time(s) 0.0902 | RobustPrompt-I Loss 1.5030  
Epoch 040 |  Time(s) 0.0895 | RobustPrompt-I Loss 1.5613  
Epoch 041 |  Time(s) 0.0897 | RobustPrompt-I Loss 1.5350  
Epoch 042 |  Time(s) 0.0893 | RobustPrompt-I Loss 1.4687  
Epoch 043 |  Time(s) 0.0891 | RobustPrompt-I Loss 1.4588  
Epoch 044 |  Time(s) 0.0890 | RobustPrompt-I Loss 1.4743  
Epoch 045 |  Time(s) 0.0900 | RobustPrompt-I Loss 1.4447  
Epoch 046 |  Time(s) 0.0890 | RobustPrompt-I Loss 1.4542  
Epoch 047 |  Time(s) 0.0897 | RobustPrompt-I Loss 1.4437  
Epoch 048 |  Time(s) 0.2622 | RobustPrompt-I Loss 1.3981  
Epoch 049 |  Time(s) 0.0898 | RobustPrompt-I Loss 1.3884  
Epoch 050 |  Time(s) 0.0905 | RobustPrompt-I Loss 1.3984  
Epoch 051 |  Time(s) 0.0896 | RobustPrompt-I Loss 1.3702  
Epoch 052 |  Time(s) 0.0894 | RobustPrompt-I Loss 1.3891  
Epoch 053 |  Time(s) 0.0916 | RobustPrompt-I Loss 1.3765  
Epoch 054 |  Time(s) 0.1361 | RobustPrompt-I Loss 1.3317  
Epoch 055 |  Time(s) 0.1035 | RobustPrompt-I Loss 1.3314  
Epoch 056 |  Time(s) 0.0985 | RobustPrompt-I Loss 1.3215  
Epoch 057 |  Time(s) 0.0929 | RobustPrompt-I Loss 1.2994  
Epoch 058 |  Time(s) 0.0942 | RobustPrompt-I Loss 1.3099  
Epoch 059 |  Time(s) 0.0891 | RobustPrompt-I Loss 1.2803  
Epoch 060 |  Time(s) 0.0898 | RobustPrompt-I Loss 1.2907  
Epoch 061 |  Time(s) 0.0901 | RobustPrompt-I Loss 1.2620  
Epoch 062 |  Time(s) 0.0900 | RobustPrompt-I Loss 1.2728  
Epoch 063 |  Time(s) 0.0892 | RobustPrompt-I Loss 1.2507  
Epoch 064 |  Time(s) 0.0887 | RobustPrompt-I Loss 1.2484  
Epoch 065 |  Time(s) 0.0909 | RobustPrompt-I Loss 1.2405  
Epoch 066 |  Time(s) 0.0896 | RobustPrompt-I Loss 1.2256  
Epoch 067 |  Time(s) 0.0907 | RobustPrompt-I Loss 1.2262  
Epoch 068 |  Time(s) 0.0898 | RobustPrompt-I Loss 1.2127  
Epoch 069 |  Time(s) 0.0897 | RobustPrompt-I Loss 1.2077  
Epoch 070 |  Time(s) 0.0895 | RobustPrompt-I Loss 1.2042  
Epoch 071 |  Time(s) 0.0893 | RobustPrompt-I Loss 1.1902  
Epoch 072 |  Time(s) 0.0885 | RobustPrompt-I Loss 1.1906  
Epoch 073 |  Time(s) 0.0903 | RobustPrompt-I Loss 1.1822  
Epoch 074 |  Time(s) 0.0900 | RobustPrompt-I Loss 1.1720  
Epoch 075 |  Time(s) 0.0893 | RobustPrompt-I Loss 1.1699  
Epoch 076 |  Time(s) 0.0901 | RobustPrompt-I Loss 1.1645  
Epoch 077 |  Time(s) 0.0899 | RobustPrompt-I Loss 1.1507  
Epoch 078 |  Time(s) 0.0908 | RobustPrompt-I Loss 1.1489  
Epoch 079 |  Time(s) 0.0905 | RobustPrompt-I Loss 1.1448  
Epoch 080 |  Time(s) 0.0893 | RobustPrompt-I Loss 1.1332  
Epoch 081 |  Time(s) 0.0891 | RobustPrompt-I Loss 1.1249  
Epoch 082 |  Time(s) 0.0896 | RobustPrompt-I Loss 1.1229  
Epoch 083 |  Time(s) 0.0894 | RobustPrompt-I Loss nan  
Epoch 084 |  Time(s) 0.0897 | RobustPrompt-I Loss nan  
Epoch 085 |  Time(s) 0.0897 | RobustPrompt-I Loss nan  
Epoch 086 |  Time(s) 0.0891 | RobustPrompt-I Loss nan  
Epoch 087 |  Time(s) 0.0891 | RobustPrompt-I Loss nan  
Epoch 088 |  Time(s) 0.0886 | RobustPrompt-I Loss nan  
Epoch 089 |  Time(s) 0.0911 | RobustPrompt-I Loss nan  
Epoch 090 |  Time(s) 0.0893 | RobustPrompt-I Loss nan  
Epoch 091 |  Time(s) 0.0896 | RobustPrompt-I Loss nan  
Epoch 092 |  Time(s) 0.0884 | RobustPrompt-I Loss nan  
Epoch 093 |  Time(s) 0.0894 | RobustPrompt-I Loss nan  
Epoch 094 |  Time(s) 0.0893 | RobustPrompt-I Loss nan  
Epoch 095 |  Time(s) 0.0889 | RobustPrompt-I Loss nan  
Epoch 096 |  Time(s) 0.1438 | RobustPrompt-I Loss nan  
Epoch 097 |  Time(s) 0.3077 | RobustPrompt-I Loss nan  
Epoch 098 |  Time(s) 0.2193 | RobustPrompt-I Loss nan  
Epoch 099 |  Time(s) 0.1991 | RobustPrompt-I Loss nan  
Epoch 100 |  Time(s) 0.2236 | RobustPrompt-I Loss nan  
Epoch 101 |  Time(s) 0.1217 | RobustPrompt-I Loss nan  
----------------------------------------------------------------------------------------------------
Early stopping at 102 eopch!
load LLC or attacked data with specified split
Successfully loaded the attack of dataname with few shot 5, split 1
Attack method : Meta_Self | Attack ptb : 0.1 | Dataset: Cora
======================
Number of graphs: 1
Number of features: 1433
Number of classes: 7

Data(x=[2708, 1433], edge_index=[2, 14274], y=[2708], train_mask=[2708], val_mask=[2708], test_mask=[2708])
===========================================================================================================
Number of nodes: 2708
Number of edges: 14274
Average node degree: 5.27
Has isolated nodes: False
Has self-loops: True
Is undirected: True
GCN(
  (conv_layers): ModuleList(
    (0): GCNConv(1433, 256)
    (1): GCNConv(256, 256)
  )
)
Successfully loaded pre-trained weights!
use RobustPrompt Inductive
defense pt dict :  {'sim_pt': -1.0, 'degree_pt': 5, 'out_detect_pt': -1.0, 'other_pt': 'all'}
use_attention :  False
kl_global :  False
cosine_constraint :  True
pt_threshold :  0.25
filter_module :  OriginalFilter
temperature :  1.0
weight_mse 0.1
weight_kl :  0.1
weight_constraint :  0.0
prepare induce graph data is finished!
run RobustPrompt-I
Epoch 001 |  Time(s) 0.1044 | RobustPrompt-I Loss 1.9475  
Epoch 002 |  Time(s) 0.0896 | RobustPrompt-I Loss 1.9434  
Epoch 003 |  Time(s) 0.0899 | RobustPrompt-I Loss 1.9349  
Epoch 004 |  Time(s) 0.0901 | RobustPrompt-I Loss 1.9223  
Epoch 005 |  Time(s) 0.0901 | RobustPrompt-I Loss 1.9081  
Epoch 006 |  Time(s) 0.0903 | RobustPrompt-I Loss 1.8936  
Epoch 007 |  Time(s) 0.0907 | RobustPrompt-I Loss 1.8757  
Epoch 008 |  Time(s) 0.0908 | RobustPrompt-I Loss 1.8573  
Epoch 009 |  Time(s) 0.0913 | RobustPrompt-I Loss 1.8349  
Epoch 010 |  Time(s) 0.0910 | RobustPrompt-I Loss 1.8134  
Epoch 011 |  Time(s) 0.0897 | RobustPrompt-I Loss 1.8009  
Epoch 012 |  Time(s) 0.0904 | RobustPrompt-I Loss 1.7930  
Epoch 013 |  Time(s) 0.0901 | RobustPrompt-I Loss 1.7731  
Epoch 014 |  Time(s) 0.0896 | RobustPrompt-I Loss 1.7604  
Epoch 015 |  Time(s) 0.0890 | RobustPrompt-I Loss 1.7750  
Epoch 016 |  Time(s) 0.0891 | RobustPrompt-I Loss 1.7530  
Epoch 017 |  Time(s) 0.0894 | RobustPrompt-I Loss 1.7366  
Epoch 018 |  Time(s) 0.0897 | RobustPrompt-I Loss 1.7363  
Epoch 019 |  Time(s) 0.0899 | RobustPrompt-I Loss 1.7401  
Epoch 020 |  Time(s) 0.0899 | RobustPrompt-I Loss 1.7194  
Epoch 021 |  Time(s) 0.0889 | RobustPrompt-I Loss 1.7087  
Epoch 022 |  Time(s) 0.0902 | RobustPrompt-I Loss 1.7043  
Epoch 023 |  Time(s) 0.0902 | RobustPrompt-I Loss 1.6883  
Epoch 024 |  Time(s) 0.0891 | RobustPrompt-I Loss 1.6647  
Epoch 025 |  Time(s) 0.0903 | RobustPrompt-I Loss 1.6702  
Epoch 026 |  Time(s) 0.0899 | RobustPrompt-I Loss 1.6501  
Epoch 027 |  Time(s) 0.0899 | RobustPrompt-I Loss 1.6652  
Epoch 028 |  Time(s) 0.0895 | RobustPrompt-I Loss 1.6223  
Epoch 029 |  Time(s) 0.0895 | RobustPrompt-I Loss 1.6083  
Epoch 030 |  Time(s) 0.0896 | RobustPrompt-I Loss 1.6191  
Epoch 031 |  Time(s) 0.0896 | RobustPrompt-I Loss 1.6181  
Epoch 032 |  Time(s) 0.0891 | RobustPrompt-I Loss 1.5753  
Epoch 033 |  Time(s) 0.0888 | RobustPrompt-I Loss 1.5973  
Epoch 034 |  Time(s) 0.0899 | RobustPrompt-I Loss 1.5480  
Epoch 035 |  Time(s) 0.0891 | RobustPrompt-I Loss 1.5356  
Epoch 036 |  Time(s) 0.0897 | RobustPrompt-I Loss 1.5070  
Epoch 037 |  Time(s) 0.0894 | RobustPrompt-I Loss 1.4919  
Epoch 038 |  Time(s) 0.0889 | RobustPrompt-I Loss 1.4723  
Epoch 039 |  Time(s) 0.0884 | RobustPrompt-I Loss 1.4563  
Epoch 040 |  Time(s) 0.1326 | RobustPrompt-I Loss 1.4367  
Epoch 041 |  Time(s) 0.0891 | RobustPrompt-I Loss 1.4173  
Epoch 042 |  Time(s) 0.0886 | RobustPrompt-I Loss 1.4042  
Epoch 043 |  Time(s) 0.0889 | RobustPrompt-I Loss 1.3926  
Epoch 044 |  Time(s) 0.0891 | RobustPrompt-I Loss 1.4134  
Epoch 045 |  Time(s) 0.0900 | RobustPrompt-I Loss 1.3548  
Epoch 046 |  Time(s) 0.0896 | RobustPrompt-I Loss 1.3883  
Epoch 047 |  Time(s) 0.0897 | RobustPrompt-I Loss 1.3343  
Epoch 048 |  Time(s) 0.0895 | RobustPrompt-I Loss 1.3543  
Epoch 049 |  Time(s) 0.0903 | RobustPrompt-I Loss 1.3129  
Epoch 050 |  Time(s) 0.0888 | RobustPrompt-I Loss 1.3325  
Epoch 051 |  Time(s) 0.0911 | RobustPrompt-I Loss 1.2903  
Epoch 052 |  Time(s) 0.0902 | RobustPrompt-I Loss 1.3115  
Epoch 053 |  Time(s) 0.0906 | RobustPrompt-I Loss 1.2894  
Epoch 054 |  Time(s) 0.0903 | RobustPrompt-I Loss 1.2634  
Epoch 055 |  Time(s) 0.0903 | RobustPrompt-I Loss 1.2909  
Epoch 056 |  Time(s) 0.0904 | RobustPrompt-I Loss 1.2284  
Epoch 057 |  Time(s) 0.0900 | RobustPrompt-I Loss 1.2477  
Epoch 058 |  Time(s) 0.0899 | RobustPrompt-I Loss 1.2324  
Epoch 059 |  Time(s) 0.0923 | RobustPrompt-I Loss 1.2143  
Epoch 060 |  Time(s) 0.0927 | RobustPrompt-I Loss 1.2162  
Epoch 061 |  Time(s) 0.0918 | RobustPrompt-I Loss 1.1899  
Epoch 062 |  Time(s) 0.0921 | RobustPrompt-I Loss 1.2057  
Epoch 063 |  Time(s) 0.0919 | RobustPrompt-I Loss 1.1780  
Epoch 064 |  Time(s) 0.0921 | RobustPrompt-I Loss 1.1749  
Epoch 065 |  Time(s) 0.0922 | RobustPrompt-I Loss 1.1704  
Epoch 066 |  Time(s) 0.0914 | RobustPrompt-I Loss 1.1644  
Epoch 067 |  Time(s) 0.0927 | RobustPrompt-I Loss 1.1521  
Epoch 068 |  Time(s) 0.0923 | RobustPrompt-I Loss 1.1336  
Epoch 069 |  Time(s) 0.0923 | RobustPrompt-I Loss 1.1375  
Epoch 070 |  Time(s) 0.0929 | RobustPrompt-I Loss 1.1543  
Epoch 071 |  Time(s) 0.0942 | RobustPrompt-I Loss 1.1109  
Epoch 072 |  Time(s) 0.0945 | RobustPrompt-I Loss 1.1318  
Epoch 073 |  Time(s) 0.0928 | RobustPrompt-I Loss 1.1141  
Epoch 074 |  Time(s) 0.0940 | RobustPrompt-I Loss 1.0932  
Epoch 075 |  Time(s) 0.0929 | RobustPrompt-I Loss 1.0885  
Epoch 076 |  Time(s) 0.0936 | RobustPrompt-I Loss 1.0865  
Epoch 077 |  Time(s) 0.0934 | RobustPrompt-I Loss 1.1061  
Epoch 078 |  Time(s) 0.0936 | RobustPrompt-I Loss 1.0721  
Epoch 079 |  Time(s) 0.0939 | RobustPrompt-I Loss 1.0933  
Epoch 080 |  Time(s) 0.0936 | RobustPrompt-I Loss 1.0623  
Epoch 081 |  Time(s) 0.0941 | RobustPrompt-I Loss 1.0556  
Epoch 082 |  Time(s) 0.0933 | RobustPrompt-I Loss 1.0665  
Epoch 083 |  Time(s) 0.0924 | RobustPrompt-I Loss 1.0409  
Epoch 084 |  Time(s) 0.0894 | RobustPrompt-I Loss 1.0304  
Epoch 085 |  Time(s) 0.0892 | RobustPrompt-I Loss 1.0324  
Epoch 086 |  Time(s) 0.0898 | RobustPrompt-I Loss 1.0729  
Epoch 087 |  Time(s) 0.0906 | RobustPrompt-I Loss 1.0171  
Epoch 088 |  Time(s) 0.0905 | RobustPrompt-I Loss 1.1829  
Epoch 089 |  Time(s) 0.1424 | RobustPrompt-I Loss 1.2052  
Epoch 090 |  Time(s) 0.1089 | RobustPrompt-I Loss 1.0131  
Epoch 091 |  Time(s) 0.1032 | RobustPrompt-I Loss 1.4666  
Epoch 092 |  Time(s) 0.1002 | RobustPrompt-I Loss 1.8392  
Epoch 093 |  Time(s) 0.0925 | RobustPrompt-I Loss 1.4779  
Epoch 094 |  Time(s) 0.0915 | RobustPrompt-I Loss 1.0227  
Epoch 095 |  Time(s) 0.0917 | RobustPrompt-I Loss 1.3406  
Epoch 096 |  Time(s) 0.0924 | RobustPrompt-I Loss 1.5693  
Epoch 097 |  Time(s) 0.0920 | RobustPrompt-I Loss 1.4767  
Epoch 098 |  Time(s) 0.0915 | RobustPrompt-I Loss 1.2652  
Epoch 099 |  Time(s) 0.0921 | RobustPrompt-I Loss 1.2395  
Epoch 100 |  Time(s) 0.0924 | RobustPrompt-I Loss 1.3218  
Epoch 101 |  Time(s) 0.0919 | RobustPrompt-I Loss 1.1888  
Epoch 102 |  Time(s) 0.0911 | RobustPrompt-I Loss 1.3816  
Epoch 103 |  Time(s) 0.0909 | RobustPrompt-I Loss 1.5294  
Epoch 104 |  Time(s) 0.0905 | RobustPrompt-I Loss 1.2220  
Epoch 105 |  Time(s) 0.0893 | RobustPrompt-I Loss 1.0398  
Epoch 106 |  Time(s) 0.0903 | RobustPrompt-I Loss 1.2026  
Epoch 107 |  Time(s) 0.0907 | RobustPrompt-I Loss 1.2375  
Epoch 108 |  Time(s) 0.0899 | RobustPrompt-I Loss 1.0687  
Epoch 109 |  Time(s) 0.0905 | RobustPrompt-I Loss 1.1832  
----------------------------------------------------------------------------------------------------
Early stopping at 110 eopch!
Batch 0 Acc: 0.1300 | Macro-F1: 0.0641
Batch 1 Acc: 0.1300 | Macro-F1: 0.0800
Batch 2 Acc: 0.1100 | Macro-F1: 0.0676
Batch 3 Acc: 0.2300 | Macro-F1: 0.1282
Batch 4 Acc: 0.0900 | Macro-F1: 0.0507
Batch 5 Acc: 0.1700 | Macro-F1: 0.0961
Batch 6 Acc: 0.0500 | Macro-F1: 0.0358
Batch 7 Acc: 0.1200 | Macro-F1: 0.0547
Batch 8 Acc: 0.1400 | Macro-F1: 0.0747
Batch 9 Acc: 0.1700 | Macro-F1: 0.1036
Final True Accuracy: 0.1340 | Macro F1 Score: 0.0761
best_loss [1.3577598333358765]
load LLC or attacked data with specified split
Successfully loaded the attack of dataname with few shot 5, split 1
Attack method : Meta_Self | Attack ptb : 0.1 | Dataset: Cora
======================
Number of graphs: 1
Number of features: 1433
Number of classes: 7

Data(x=[2708, 1433], edge_index=[2, 14274], y=[2708], train_mask=[2708], val_mask=[2708], test_mask=[2708])
===========================================================================================================
Number of nodes: 2708
Number of edges: 14274
Average node degree: 5.27
Has isolated nodes: False
Has self-loops: True
Is undirected: True
GCN(
  (conv_layers): ModuleList(
    (0): GCNConv(1433, 256)
    (1): GCNConv(256, 256)
  )
)
Successfully loaded pre-trained weights!
use RobustPrompt Inductive
defense pt dict :  {'sim_pt': -1.0, 'degree_pt': 5, 'out_detect_pt': -1.0, 'other_pt': 'all'}
use_attention :  False
kl_global :  False
cosine_constraint :  True
pt_threshold :  0.25
filter_module :  OriginalFilter
temperature :  1.0
weight_mse 0.1
weight_kl :  0.1
weight_constraint :  0.0
prepare induce graph data is finished!
run RobustPrompt-I
Epoch 001 |  Time(s) 0.1095 | RobustPrompt-I Loss 1.9420  
Epoch 002 |  Time(s) 0.2064 | RobustPrompt-I Loss 1.9431  
Epoch 003 |  Time(s) 0.1011 | RobustPrompt-I Loss 1.9295  
Epoch 004 |  Time(s) 0.0940 | RobustPrompt-I Loss 1.9249  
Epoch 005 |  Time(s) 0.0963 | RobustPrompt-I Loss 1.9094  
Epoch 006 |  Time(s) 0.0939 | RobustPrompt-I Loss 1.8946  
Epoch 007 |  Time(s) 0.0896 | RobustPrompt-I Loss 1.8777  
Epoch 008 |  Time(s) 0.0897 | RobustPrompt-I Loss 1.8601  
Epoch 009 |  Time(s) 0.0912 | RobustPrompt-I Loss 1.8396  
Epoch 010 |  Time(s) 0.0911 | RobustPrompt-I Loss 1.8190  
Epoch 011 |  Time(s) 0.0897 | RobustPrompt-I Loss 1.8009  
Epoch 012 |  Time(s) 0.0904 | RobustPrompt-I Loss 1.7849  
Epoch 013 |  Time(s) 0.0889 | RobustPrompt-I Loss 1.8066  
Epoch 014 |  Time(s) 0.0910 | RobustPrompt-I Loss 1.7864  
Epoch 015 |  Time(s) 0.0901 | RobustPrompt-I Loss 1.7839  
Epoch 016 |  Time(s) 0.0896 | RobustPrompt-I Loss 1.7640  
Epoch 017 |  Time(s) 0.0904 | RobustPrompt-I Loss 1.7683  
Epoch 018 |  Time(s) 0.0890 | RobustPrompt-I Loss 1.7637  
Epoch 019 |  Time(s) 0.0904 | RobustPrompt-I Loss 1.7362  
Epoch 020 |  Time(s) 0.0918 | RobustPrompt-I Loss 1.7278  
Epoch 021 |  Time(s) 0.0926 | RobustPrompt-I Loss 1.7354  
Epoch 022 |  Time(s) 0.0923 | RobustPrompt-I Loss 1.7071  
Epoch 023 |  Time(s) 0.0901 | RobustPrompt-I Loss 1.7071  
Epoch 024 |  Time(s) 0.0914 | RobustPrompt-I Loss 1.7100  
Epoch 025 |  Time(s) 0.0896 | RobustPrompt-I Loss 1.6772  
Epoch 026 |  Time(s) 0.0900 | RobustPrompt-I Loss 1.6778  
Epoch 027 |  Time(s) 0.0904 | RobustPrompt-I Loss 1.6637  
Epoch 028 |  Time(s) 0.0900 | RobustPrompt-I Loss 1.6526  
Epoch 029 |  Time(s) 0.0909 | RobustPrompt-I Loss 1.6508  
Epoch 030 |  Time(s) 0.0900 | RobustPrompt-I Loss 1.6366  
Epoch 031 |  Time(s) 0.0901 | RobustPrompt-I Loss 1.5977  
Epoch 032 |  Time(s) 0.0915 | RobustPrompt-I Loss 1.5937  
Epoch 033 |  Time(s) 0.0902 | RobustPrompt-I Loss 1.5973  
Epoch 034 |  Time(s) 0.0914 | RobustPrompt-I Loss 1.5707  
Epoch 035 |  Time(s) 0.0924 | RobustPrompt-I Loss 1.5570  
Epoch 036 |  Time(s) 0.0896 | RobustPrompt-I Loss 1.5240  
Epoch 037 |  Time(s) 0.0888 | RobustPrompt-I Loss 1.5071  
Epoch 038 |  Time(s) 0.0892 | RobustPrompt-I Loss 1.4925  
Epoch 039 |  Time(s) 0.0899 | RobustPrompt-I Loss 1.4771  
Epoch 040 |  Time(s) 0.0891 | RobustPrompt-I Loss 1.4888  
Epoch 041 |  Time(s) 0.0894 | RobustPrompt-I Loss 1.4417  
Epoch 042 |  Time(s) 0.0889 | RobustPrompt-I Loss 1.4207  
Epoch 043 |  Time(s) 0.0920 | RobustPrompt-I Loss 1.4089  
Epoch 044 |  Time(s) 0.0886 | RobustPrompt-I Loss 1.4079  
Epoch 045 |  Time(s) 0.0893 | RobustPrompt-I Loss 1.3808  
Epoch 046 |  Time(s) 0.1305 | RobustPrompt-I Loss 1.3568  
Epoch 047 |  Time(s) 0.0985 | RobustPrompt-I Loss 1.3384  
Epoch 048 |  Time(s) 0.0891 | RobustPrompt-I Loss 1.3234  
Epoch 049 |  Time(s) 0.0893 | RobustPrompt-I Loss 1.3109  
Epoch 050 |  Time(s) 0.0897 | RobustPrompt-I Loss 1.3022  
Epoch 051 |  Time(s) 0.0903 | RobustPrompt-I Loss 1.2901  
Epoch 052 |  Time(s) 0.0909 | RobustPrompt-I Loss 1.2811  
Epoch 053 |  Time(s) 0.0904 | RobustPrompt-I Loss 1.2680  
Epoch 054 |  Time(s) 0.0892 | RobustPrompt-I Loss 1.2539  
Epoch 055 |  Time(s) 0.0895 | RobustPrompt-I Loss 1.2379  
Epoch 056 |  Time(s) 0.0902 | RobustPrompt-I Loss 1.2278  
Epoch 057 |  Time(s) 0.0896 | RobustPrompt-I Loss 1.2209  
Epoch 058 |  Time(s) 0.1900 | RobustPrompt-I Loss 1.2144  
Epoch 059 |  Time(s) 0.0995 | RobustPrompt-I Loss 1.2068  
Epoch 060 |  Time(s) 0.0901 | RobustPrompt-I Loss 1.1972  
Epoch 061 |  Time(s) 0.2525 | RobustPrompt-I Loss 1.1874  
Epoch 062 |  Time(s) 0.4642 | RobustPrompt-I Loss 1.1751  
Epoch 063 |  Time(s) 0.3610 | RobustPrompt-I Loss 1.1654  
Epoch 064 |  Time(s) 0.2479 | RobustPrompt-I Loss 1.1563  
Epoch 065 |  Time(s) 0.1867 | RobustPrompt-I Loss 1.1477  
Epoch 066 |  Time(s) 0.1722 | RobustPrompt-I Loss 1.1399  
Epoch 067 |  Time(s) 0.0988 | RobustPrompt-I Loss 1.1322  
Epoch 068 |  Time(s) 0.0945 | RobustPrompt-I Loss 1.1279  
Epoch 069 |  Time(s) 0.0935 | RobustPrompt-I Loss 1.1355  
Epoch 070 |  Time(s) 0.0938 | RobustPrompt-I Loss 1.1196  
Epoch 071 |  Time(s) 0.0931 | RobustPrompt-I Loss 1.1100  
Epoch 072 |  Time(s) 0.0947 | RobustPrompt-I Loss 1.1119  
Epoch 073 |  Time(s) 0.1011 | RobustPrompt-I Loss 1.0902  
Epoch 074 |  Time(s) 0.2855 | RobustPrompt-I Loss 1.0833  
Epoch 075 |  Time(s) 0.1398 | RobustPrompt-I Loss 1.0832  
Epoch 076 |  Time(s) 0.0951 | RobustPrompt-I Loss 1.0797  
Epoch 077 |  Time(s) 0.0939 | RobustPrompt-I Loss 1.0618  
Epoch 078 |  Time(s) 0.0933 | RobustPrompt-I Loss 1.0547  
Epoch 079 |  Time(s) 0.0947 | RobustPrompt-I Loss 1.0524  
Epoch 080 |  Time(s) 0.0949 | RobustPrompt-I Loss 1.0607  
Epoch 081 |  Time(s) 0.0938 | RobustPrompt-I Loss 1.0264  
Epoch 082 |  Time(s) 0.0935 | RobustPrompt-I Loss 1.0262  
Epoch 083 |  Time(s) 0.0935 | RobustPrompt-I Loss 1.0881  
Epoch 084 |  Time(s) 0.0938 | RobustPrompt-I Loss 1.0287  
Epoch 085 |  Time(s) 0.0945 | RobustPrompt-I Loss 1.1454  
Epoch 086 |  Time(s) 0.0933 | RobustPrompt-I Loss 1.1718  
Epoch 087 |  Time(s) 0.2534 | RobustPrompt-I Loss 1.0093  
Epoch 088 |  Time(s) 0.3147 | RobustPrompt-I Loss 1.2861  
Epoch 089 |  Time(s) 0.1170 | RobustPrompt-I Loss 1.4267  
Epoch 090 |  Time(s) 0.3664 | RobustPrompt-I Loss 1.1748  
Epoch 091 |  Time(s) 0.2250 | RobustPrompt-I Loss 1.1233  
Epoch 092 |  Time(s) 0.0996 | RobustPrompt-I Loss 1.2908  
Epoch 093 |  Time(s) 0.0934 | RobustPrompt-I Loss 1.2641  
Epoch 094 |  Time(s) 0.0906 | RobustPrompt-I Loss 1.0002  
Epoch 095 |  Time(s) 0.0914 | RobustPrompt-I Loss 1.2081  
Epoch 096 |  Time(s) 0.0908 | RobustPrompt-I Loss 1.3532  
Epoch 097 |  Time(s) 0.0908 | RobustPrompt-I Loss 1.2357  
Epoch 098 |  Time(s) 0.0910 | RobustPrompt-I Loss 1.0571  
Epoch 099 |  Time(s) 0.0902 | RobustPrompt-I Loss 1.1042  
Epoch 100 |  Time(s) 0.1437 | RobustPrompt-I Loss 1.1718  
Epoch 101 |  Time(s) 0.0899 | RobustPrompt-I Loss 1.0837  
Epoch 102 |  Time(s) 0.0893 | RobustPrompt-I Loss 1.0946  
Epoch 103 |  Time(s) 0.0900 | RobustPrompt-I Loss 1.1663  
Epoch 104 |  Time(s) 0.0900 | RobustPrompt-I Loss 1.0875  
Epoch 105 |  Time(s) 0.0904 | RobustPrompt-I Loss 1.1016  
Epoch 106 |  Time(s) 0.0905 | RobustPrompt-I Loss 1.1257  
Epoch 107 |  Time(s) 0.0900 | RobustPrompt-I Loss 1.1000  
Epoch 108 |  Time(s) 0.0903 | RobustPrompt-I Loss 1.1041  
Epoch 109 |  Time(s) 0.0900 | RobustPrompt-I Loss 0.9994  
Epoch 110 |  Time(s) 0.0903 | RobustPrompt-I Loss 0.9662  
Epoch 111 |  Time(s) 0.0907 | RobustPrompt-I Loss 1.0242  
Epoch 112 |  Time(s) 0.0907 | RobustPrompt-I Loss 1.0120  
Epoch 113 |  Time(s) 0.0902 | RobustPrompt-I Loss 0.9765  
Epoch 114 |  Time(s) 0.0901 | RobustPrompt-I Loss 0.9912  
Epoch 115 |  Time(s) 0.0900 | RobustPrompt-I Loss 0.9695  
Epoch 116 |  Time(s) 0.0903 | RobustPrompt-I Loss 0.9537  
Epoch 117 |  Time(s) 0.0903 | RobustPrompt-I Loss 1.0023  
Epoch 118 |  Time(s) 0.0902 | RobustPrompt-I Loss 0.9714  
Epoch 119 |  Time(s) 0.0891 | RobustPrompt-I Loss 1.0666  
Epoch 120 |  Time(s) 0.0907 | RobustPrompt-I Loss 1.0560  
Epoch 121 |  Time(s) 0.0903 | RobustPrompt-I Loss 0.9799  
Epoch 122 |  Time(s) 0.0902 | RobustPrompt-I Loss 0.9776  
Epoch 123 |  Time(s) 0.0904 | RobustPrompt-I Loss 0.9313  
Epoch 124 |  Time(s) 0.0902 | RobustPrompt-I Loss 0.9202  
Epoch 125 |  Time(s) 0.0925 | RobustPrompt-I Loss 0.9314  
Epoch 126 |  Time(s) 0.2317 | RobustPrompt-I Loss 0.9347  
Epoch 127 |  Time(s) 0.0982 | RobustPrompt-I Loss 0.9096  
Epoch 128 |  Time(s) 0.0989 | RobustPrompt-I Loss 0.9465  
Epoch 129 |  Time(s) 0.1025 | RobustPrompt-I Loss 0.9028  
Epoch 130 |  Time(s) 0.0962 | RobustPrompt-I Loss 0.9199  
Epoch 131 |  Time(s) 0.0901 | RobustPrompt-I Loss 0.9014  
Epoch 132 |  Time(s) 0.0911 | RobustPrompt-I Loss 0.8897  
Epoch 133 |  Time(s) 0.0960 | RobustPrompt-I Loss 0.9055  
Epoch 134 |  Time(s) 0.0959 | RobustPrompt-I Loss 0.8838  
Epoch 135 |  Time(s) 0.1311 | RobustPrompt-I Loss 0.8734  
Epoch 136 |  Time(s) 0.4012 | RobustPrompt-I Loss 0.8690  
Epoch 137 |  Time(s) 0.2736 | RobustPrompt-I Loss 0.8811  
Epoch 138 |  Time(s) 0.3228 | RobustPrompt-I Loss 0.8792  
Epoch 139 |  Time(s) 0.2227 | RobustPrompt-I Loss 0.8505  
Epoch 140 |  Time(s) 0.2017 | RobustPrompt-I Loss 0.8505  
Epoch 141 |  Time(s) 0.3287 | RobustPrompt-I Loss 0.8989  
Epoch 142 |  Time(s) 0.2260 | RobustPrompt-I Loss 0.8461  
Epoch 143 |  Time(s) 0.2661 | RobustPrompt-I Loss 1.0494  
Epoch 144 |  Time(s) 0.3966 | RobustPrompt-I Loss 1.1170  
Epoch 145 |  Time(s) 0.2126 | RobustPrompt-I Loss 0.8547  
Epoch 146 |  Time(s) 0.4013 | RobustPrompt-I Loss 1.1393  
Epoch 147 |  Time(s) 0.2058 | RobustPrompt-I Loss 1.4101  
Epoch 148 |  Time(s) 0.3920 | RobustPrompt-I Loss 1.1664  
Epoch 149 |  Time(s) 0.2808 | RobustPrompt-I Loss 0.8423  
Epoch 150 |  Time(s) 0.3717 | RobustPrompt-I Loss 1.2175  
Epoch 151 |  Time(s) 0.1746 | RobustPrompt-I Loss 1.4459  
Epoch 152 |  Time(s) 0.0903 | RobustPrompt-I Loss 1.1007  
Epoch 153 |  Time(s) 0.0906 | RobustPrompt-I Loss 0.8826  
Epoch 154 |  Time(s) 0.0914 | RobustPrompt-I Loss 0.9749  
Epoch 155 |  Time(s) 0.0916 | RobustPrompt-I Loss 0.8752  
Epoch 156 |  Time(s) 0.0922 | RobustPrompt-I Loss 0.9915  
Epoch 157 |  Time(s) 0.0909 | RobustPrompt-I Loss 1.0937  
Epoch 158 |  Time(s) 0.0906 | RobustPrompt-I Loss 0.9052  
Epoch 159 |  Time(s) 0.0918 | RobustPrompt-I Loss 1.0184  
Epoch 160 |  Time(s) 0.0907 | RobustPrompt-I Loss 1.1489  
Epoch 161 |  Time(s) 0.0934 | RobustPrompt-I Loss 0.9515  
Epoch 162 |  Time(s) 0.0924 | RobustPrompt-I Loss 0.9338  
Epoch 163 |  Time(s) 0.0909 | RobustPrompt-I Loss 1.0533  
Epoch 164 |  Time(s) 0.0911 | RobustPrompt-I Loss 0.8856  
Epoch 165 |  Time(s) 0.0908 | RobustPrompt-I Loss 0.9968  
Epoch 166 |  Time(s) 0.0920 | RobustPrompt-I Loss 1.1284  
Epoch 167 |  Time(s) 0.0908 | RobustPrompt-I Loss 0.9585  
Epoch 168 |  Time(s) 0.0909 | RobustPrompt-I Loss 0.9467  
----------------------------------------------------------------------------------------------------
Early stopping at 169 eopch!
Batch 0 Acc: 0.1800 | Macro-F1: 0.1230
Batch 1 Acc: 0.1500 | Macro-F1: 0.1166
Batch 2 Acc: 0.1400 | Macro-F1: 0.1070
Batch 3 Acc: 0.2600 | Macro-F1: 0.1816
Batch 4 Acc: 0.1500 | Macro-F1: 0.0989
Batch 5 Acc: 0.1500 | Macro-F1: 0.1073
Batch 6 Acc: 0.1300 | Macro-F1: 0.0919
Batch 7 Acc: 0.1500 | Macro-F1: 0.0806
Batch 8 Acc: 0.1800 | Macro-F1: 0.0957
Batch 9 Acc: 0.1100 | Macro-F1: 0.1051
Final True Accuracy: 0.1600 | Macro F1 Score: 0.1097
best_loss [1.0584441423416138]
load LLC or attacked data with specified split
Successfully loaded the attack of dataname with few shot 5, split 1
Attack method : Meta_Self | Attack ptb : 0.1 | Dataset: Cora
======================
Number of graphs: 1
Number of features: 1433
Number of classes: 7

Data(x=[2708, 1433], edge_index=[2, 14274], y=[2708], train_mask=[2708], val_mask=[2708], test_mask=[2708])
===========================================================================================================
Number of nodes: 2708
Number of edges: 14274
Average node degree: 5.27
Has isolated nodes: False
Has self-loops: True
Is undirected: True
GCN(
  (conv_layers): ModuleList(
    (0): GCNConv(1433, 256)
    (1): GCNConv(256, 256)
  )
)
Successfully loaded pre-trained weights!
use RobustPrompt Inductive
defense pt dict :  {'sim_pt': -1.0, 'degree_pt': 5, 'out_detect_pt': -1.0, 'other_pt': 'all'}
use_attention :  False
kl_global :  False
cosine_constraint :  True
pt_threshold :  0.25
filter_module :  OriginalFilter
temperature :  1.0
weight_mse 0.1
weight_kl :  0.1
weight_constraint :  0.0
prepare induce graph data is finished!
run RobustPrompt-I
Epoch 001 |  Time(s) 0.1914 | RobustPrompt-I Loss 1.9482  
Epoch 002 |  Time(s) 0.1062 | RobustPrompt-I Loss 1.9430  
Epoch 003 |  Time(s) 0.2634 | RobustPrompt-I Loss 1.9373  
Epoch 004 |  Time(s) 0.0910 | RobustPrompt-I Loss 1.9257  
Epoch 005 |  Time(s) 0.0904 | RobustPrompt-I Loss 1.9129  
Epoch 006 |  Time(s) 0.0901 | RobustPrompt-I Loss 1.9019  
Epoch 007 |  Time(s) 0.0899 | RobustPrompt-I Loss 1.8870  
Epoch 008 |  Time(s) 0.0896 | RobustPrompt-I Loss 1.8602  
Epoch 009 |  Time(s) 0.0897 | RobustPrompt-I Loss 1.8463  
Epoch 010 |  Time(s) 0.0900 | RobustPrompt-I Loss 1.8270  
Epoch 011 |  Time(s) 0.0908 | RobustPrompt-I Loss 1.8044  
Epoch 012 |  Time(s) 0.0903 | RobustPrompt-I Loss 1.7901  
Epoch 013 |  Time(s) 0.0918 | RobustPrompt-I Loss 1.7749  
Epoch 014 |  Time(s) 0.0899 | RobustPrompt-I Loss 1.7686  
Epoch 015 |  Time(s) 0.0922 | RobustPrompt-I Loss 1.7773  
Epoch 016 |  Time(s) 0.0922 | RobustPrompt-I Loss 1.7529  
Epoch 017 |  Time(s) 0.0960 | RobustPrompt-I Loss 1.7536  
Epoch 018 |  Time(s) 0.0925 | RobustPrompt-I Loss 1.7349  
Epoch 019 |  Time(s) 0.0898 | RobustPrompt-I Loss 1.7465  
Epoch 020 |  Time(s) 0.0911 | RobustPrompt-I Loss 1.7164  
Epoch 021 |  Time(s) 0.0913 | RobustPrompt-I Loss 1.7247  
Epoch 022 |  Time(s) 0.0913 | RobustPrompt-I Loss 1.7038  
Epoch 023 |  Time(s) 0.0910 | RobustPrompt-I Loss 1.7129  
Epoch 024 |  Time(s) 0.0903 | RobustPrompt-I Loss 1.6990  
Epoch 025 |  Time(s) 0.0908 | RobustPrompt-I Loss 1.6764  
Epoch 026 |  Time(s) 0.0906 | RobustPrompt-I Loss 1.6687  
Epoch 027 |  Time(s) 0.0908 | RobustPrompt-I Loss 1.6575  
Epoch 028 |  Time(s) 0.0901 | RobustPrompt-I Loss 1.6594  
Epoch 029 |  Time(s) 0.0891 | RobustPrompt-I Loss 1.7069  
Epoch 030 |  Time(s) 0.0901 | RobustPrompt-I Loss 1.6431  
Epoch 031 |  Time(s) 0.0907 | RobustPrompt-I Loss 1.6161  
Epoch 032 |  Time(s) 0.1265 | RobustPrompt-I Loss 1.6721  
Epoch 033 |  Time(s) 0.1969 | RobustPrompt-I Loss 1.5996  
Epoch 034 |  Time(s) 0.1908 | RobustPrompt-I Loss 1.6467  
Epoch 035 |  Time(s) 0.1583 | RobustPrompt-I Loss 1.5979  
Epoch 036 |  Time(s) 0.1952 | RobustPrompt-I Loss 1.6295  
Epoch 037 |  Time(s) 0.2101 | RobustPrompt-I Loss 1.5576  
Epoch 038 |  Time(s) 0.2798 | RobustPrompt-I Loss 1.6143  
Epoch 039 |  Time(s) 0.1825 | RobustPrompt-I Loss 1.5209  
Epoch 040 |  Time(s) 0.1561 | RobustPrompt-I Loss 1.6148  
Epoch 041 |  Time(s) 0.1001 | RobustPrompt-I Loss 1.5536  
Epoch 042 |  Time(s) 0.0899 | RobustPrompt-I Loss 1.6079  
Epoch 043 |  Time(s) 0.0901 | RobustPrompt-I Loss 1.6334  
Epoch 044 |  Time(s) 0.0896 | RobustPrompt-I Loss 1.4662  
Epoch 045 |  Time(s) 0.0903 | RobustPrompt-I Loss 1.6023  
Epoch 046 |  Time(s) 0.0904 | RobustPrompt-I Loss 1.5381  
Epoch 047 |  Time(s) 0.0895 | RobustPrompt-I Loss 1.4766  
Epoch 048 |  Time(s) 0.0904 | RobustPrompt-I Loss 1.4741  
Epoch 049 |  Time(s) 0.0910 | RobustPrompt-I Loss 1.4322  
Epoch 050 |  Time(s) 0.0910 | RobustPrompt-I Loss 1.4149  
Epoch 051 |  Time(s) 0.0895 | RobustPrompt-I Loss 1.4311  
Epoch 052 |  Time(s) 0.0931 | RobustPrompt-I Loss 1.3975  
Epoch 053 |  Time(s) 0.0917 | RobustPrompt-I Loss 1.4335  
Epoch 054 |  Time(s) 0.0922 | RobustPrompt-I Loss 1.3731  
Epoch 055 |  Time(s) 0.0913 | RobustPrompt-I Loss 1.4457  
Epoch 056 |  Time(s) 0.0916 | RobustPrompt-I Loss 1.4436  
Epoch 057 |  Time(s) 0.0906 | RobustPrompt-I Loss 1.3544  
Epoch 058 |  Time(s) 0.0916 | RobustPrompt-I Loss 1.4101  
Epoch 059 |  Time(s) 0.0914 | RobustPrompt-I Loss 1.3663  
Epoch 060 |  Time(s) 0.0901 | RobustPrompt-I Loss 1.3510  
Epoch 061 |  Time(s) 0.0907 | RobustPrompt-I Loss 1.3598  
Epoch 062 |  Time(s) 0.0902 | RobustPrompt-I Loss 1.3339  
Epoch 063 |  Time(s) 0.0906 | RobustPrompt-I Loss 1.3237  
Epoch 064 |  Time(s) 0.0907 | RobustPrompt-I Loss 1.3113  
Epoch 065 |  Time(s) 0.0908 | RobustPrompt-I Loss 1.2964  
Epoch 066 |  Time(s) 0.0910 | RobustPrompt-I Loss 1.3055  
Epoch 067 |  Time(s) 0.0905 | RobustPrompt-I Loss 1.2825  
Epoch 068 |  Time(s) 0.0905 | RobustPrompt-I Loss 1.2733  
Epoch 069 |  Time(s) 0.0918 | RobustPrompt-I Loss 1.2538  
Epoch 070 |  Time(s) 0.0913 | RobustPrompt-I Loss 1.2652  
Epoch 071 |  Time(s) 0.0902 | RobustPrompt-I Loss 1.2443  
Epoch 072 |  Time(s) 0.0906 | RobustPrompt-I Loss 1.2383  
Epoch 073 |  Time(s) 0.0909 | RobustPrompt-I Loss 1.2296  
Epoch 074 |  Time(s) 0.0905 | RobustPrompt-I Loss 1.2176  
Epoch 075 |  Time(s) 0.0905 | RobustPrompt-I Loss 1.2218  
Epoch 076 |  Time(s) 0.0904 | RobustPrompt-I Loss 1.1994  
Epoch 077 |  Time(s) 0.0910 | RobustPrompt-I Loss 1.2026  
Epoch 078 |  Time(s) 0.0903 | RobustPrompt-I Loss 1.1886  
Epoch 079 |  Time(s) 0.0945 | RobustPrompt-I Loss 1.1887  
Epoch 080 |  Time(s) 0.0910 | RobustPrompt-I Loss 1.1748  
Epoch 081 |  Time(s) 0.0900 | RobustPrompt-I Loss 1.1728  
Epoch 082 |  Time(s) 0.0911 | RobustPrompt-I Loss 1.1591  
Epoch 083 |  Time(s) 0.1234 | RobustPrompt-I Loss 1.1567  
Epoch 084 |  Time(s) 0.1394 | RobustPrompt-I Loss 1.1503  
Epoch 085 |  Time(s) 0.1166 | RobustPrompt-I Loss 1.1411  
Epoch 086 |  Time(s) 0.0959 | RobustPrompt-I Loss 1.1345  
Epoch 087 |  Time(s) 0.0902 | RobustPrompt-I Loss 1.1281  
Epoch 088 |  Time(s) 0.2172 | RobustPrompt-I Loss 1.1238  
Epoch 089 |  Time(s) 0.1788 | RobustPrompt-I Loss 1.1147  
Epoch 090 |  Time(s) 0.1200 | RobustPrompt-I Loss 1.1095  
Epoch 091 |  Time(s) 0.0966 | RobustPrompt-I Loss 1.1014  
Epoch 092 |  Time(s) 0.0948 | RobustPrompt-I Loss 1.0952  
Epoch 093 |  Time(s) 0.0948 | RobustPrompt-I Loss 1.0863  
Epoch 094 |  Time(s) 0.0949 | RobustPrompt-I Loss 1.0810  
Epoch 095 |  Time(s) 0.0948 | RobustPrompt-I Loss 1.0729  
Epoch 096 |  Time(s) 0.0898 | RobustPrompt-I Loss 1.0683  
Epoch 097 |  Time(s) 0.0902 | RobustPrompt-I Loss 1.0617  
Epoch 098 |  Time(s) 0.0903 | RobustPrompt-I Loss 1.0703  
Epoch 099 |  Time(s) 0.0911 | RobustPrompt-I Loss 1.0537  
Epoch 100 |  Time(s) 0.0904 | RobustPrompt-I Loss 1.0518  
Epoch 101 |  Time(s) 0.0896 | RobustPrompt-I Loss 1.0466  
Epoch 102 |  Time(s) 0.0906 | RobustPrompt-I Loss 1.0322  
Epoch 103 |  Time(s) 0.0892 | RobustPrompt-I Loss 1.0334  
Epoch 104 |  Time(s) 0.0898 | RobustPrompt-I Loss 1.0239  
Epoch 105 |  Time(s) 0.0901 | RobustPrompt-I Loss 1.0177  
Epoch 106 |  Time(s) 0.0888 | RobustPrompt-I Loss 1.0141  
Epoch 107 |  Time(s) 0.0887 | RobustPrompt-I Loss 0.9996  
Epoch 108 |  Time(s) 0.0905 | RobustPrompt-I Loss 1.0107  
Epoch 109 |  Time(s) 0.0907 | RobustPrompt-I Loss 0.9846  
Epoch 110 |  Time(s) 0.0910 | RobustPrompt-I Loss 0.9790  
Epoch 111 |  Time(s) 0.0911 | RobustPrompt-I Loss 0.9944  
Epoch 112 |  Time(s) 0.0906 | RobustPrompt-I Loss 0.9674  
Epoch 113 |  Time(s) 0.0898 | RobustPrompt-I Loss 0.9642  
Epoch 114 |  Time(s) 0.0899 | RobustPrompt-I Loss 0.9893  
Epoch 115 |  Time(s) 0.0898 | RobustPrompt-I Loss 0.9467  
Epoch 116 |  Time(s) 0.0894 | RobustPrompt-I Loss nan  
Epoch 117 |  Time(s) 0.0897 | RobustPrompt-I Loss nan  
Epoch 118 |  Time(s) 0.0895 | RobustPrompt-I Loss nan  
Epoch 119 |  Time(s) 0.0935 | RobustPrompt-I Loss nan  
Epoch 120 |  Time(s) 0.0898 | RobustPrompt-I Loss nan  
Epoch 121 |  Time(s) 0.0903 | RobustPrompt-I Loss nan  
Epoch 122 |  Time(s) 0.0902 | RobustPrompt-I Loss nan  
Epoch 123 |  Time(s) 0.0968 | RobustPrompt-I Loss nan  
Epoch 124 |  Time(s) 0.0881 | RobustPrompt-I Loss nan  
Epoch 125 |  Time(s) 0.0892 | RobustPrompt-I Loss nan  
Epoch 126 |  Time(s) 0.0877 | RobustPrompt-I Loss nan  
Epoch 127 |  Time(s) 0.0890 | RobustPrompt-I Loss nan  
Epoch 128 |  Time(s) 0.0894 | RobustPrompt-I Loss nan  
Epoch 129 |  Time(s) 0.0892 | RobustPrompt-I Loss nan  
Epoch 130 |  Time(s) 0.0901 | RobustPrompt-I Loss nan  
Epoch 131 |  Time(s) 0.0894 | RobustPrompt-I Loss nan  
Epoch 132 |  Time(s) 0.0893 | RobustPrompt-I Loss nan  
Epoch 133 |  Time(s) 0.0895 | RobustPrompt-I Loss nan  
Epoch 134 |  Time(s) 0.0918 | RobustPrompt-I Loss nan  
----------------------------------------------------------------------------------------------------
Early stopping at 135 eopch!
{1: {1: 0.17900000512599945}, 2: {1: nan}, 3: {1: 0.1340000033378601}, 4: {1: 0.1599999964237213}, 5: {1: nan}}
{1: {1: 0.17900000512599945, 2: nan, 3: 0.1340000033378601, 4: 0.1599999964237213, 5: nan}}
########################################################################################
seed: 1 | split 1 : 0.17900000512599945
# Seed 1 Muti Split Final Acc: 0.1790±0.0000
seed: 2 | split 1 : nan
# Seed 2 Muti Split Final Acc: nan±nan
seed: 3 | split 1 : 0.1340000033378601
# Seed 3 Muti Split Final Acc: 0.1340±0.0000
seed: 4 | split 1 : 0.1599999964237213
# Seed 4 Muti Split Final Acc: 0.1600±0.0000
seed: 5 | split 1 : nan
# Seed 5 Muti Split Final Acc: nan±nan
########################################################################################
split: 1 | seed 1 : 0.17900000512599945
split: 1 | seed 2 : nan
split: 1 | seed 3 : 0.1340000033378601
split: 1 | seed 4 : 0.1599999964237213
split: 1 | seed 5 : nan
# Split 1 Muti Seed Acc without min value: nan±nan
########################################################################################
Done phase=degree, deg=5, ptb=0.1, end=2026-06-08 23:58:07, duration=00:01:27
