Start phase=degree, deg=3, ptb=0.15, time=2026-06-09 00:00:05, log=logs/RobustPrompt-I/ft_deg3_0.15_20260609_000005.log
load LLC or attacked data with specified split
Successfully loaded the attack of dataname with few shot 5, split 1
Attack method : Meta_Self | Attack ptb : 0.15 | Dataset: Cora
======================
Number of graphs: 1
Number of features: 1433
Number of classes: 7

Data(x=[2708, 1433], edge_index=[2, 14804], y=[2708], train_mask=[2708], val_mask=[2708], test_mask=[2708])
===========================================================================================================
Number of nodes: 2708
Number of edges: 14804
Average node degree: 5.47
Has isolated nodes: False
Has self-loops: True
Is undirected: True
GCN(
  (conv_layers): ModuleList(
    (0): GCNConv(1433, 256)
    (1): GCNConv(256, 256)
  )
)
Successfully loaded pre-trained weights!
use RobustPrompt Inductive
defense pt dict :  {'sim_pt': -1.0, 'degree_pt': 3, 'out_detect_pt': -1.0, 'other_pt': 'all'}
use_attention :  False
kl_global :  False
cosine_constraint :  True
pt_threshold :  0.25
filter_module :  OriginalFilter
temperature :  1.0
weight_mse 0.1
weight_kl :  0.1
weight_constraint :  0.0
prepare induce graph data is finished!
run RobustPrompt-I
Epoch 001 |  Time(s) 0.6486 | RobustPrompt-I Loss 1.9459  
Epoch 002 |  Time(s) 0.0881 | RobustPrompt-I Loss 1.9489  
Epoch 003 |  Time(s) 0.0801 | RobustPrompt-I Loss 1.9331  
Epoch 004 |  Time(s) 0.0806 | RobustPrompt-I Loss 1.9084  
Epoch 005 |  Time(s) 0.0804 | RobustPrompt-I Loss 1.8935  
Epoch 006 |  Time(s) 0.0804 | RobustPrompt-I Loss 1.8710  
Epoch 007 |  Time(s) 0.0801 | RobustPrompt-I Loss 1.8367  
Epoch 008 |  Time(s) 0.0812 | RobustPrompt-I Loss 1.8093  
Epoch 009 |  Time(s) 0.0809 | RobustPrompt-I Loss 1.7786  
Epoch 010 |  Time(s) 0.1311 | RobustPrompt-I Loss 1.7451  
Epoch 011 |  Time(s) 0.0880 | RobustPrompt-I Loss 1.7119  
Epoch 012 |  Time(s) 0.0840 | RobustPrompt-I Loss 1.6784  
Epoch 013 |  Time(s) 0.0813 | RobustPrompt-I Loss 1.6548  
Epoch 014 |  Time(s) 0.0809 | RobustPrompt-I Loss 1.6361  
Epoch 015 |  Time(s) 0.0811 | RobustPrompt-I Loss 1.6210  
Epoch 016 |  Time(s) 0.0821 | RobustPrompt-I Loss 1.6042  
Epoch 017 |  Time(s) 0.0820 | RobustPrompt-I Loss 1.5937  
Epoch 018 |  Time(s) 0.0896 | RobustPrompt-I Loss 1.5854  
Epoch 019 |  Time(s) 0.1500 | RobustPrompt-I Loss 1.5766  
Epoch 020 |  Time(s) 0.3150 | RobustPrompt-I Loss 1.5680  
Epoch 021 |  Time(s) 0.3572 | RobustPrompt-I Loss 1.5600  
Epoch 022 |  Time(s) 0.2462 | RobustPrompt-I Loss 1.5501  
Epoch 023 |  Time(s) 0.3704 | RobustPrompt-I Loss 1.5380  
Epoch 024 |  Time(s) 0.3315 | RobustPrompt-I Loss 1.5310  
Epoch 025 |  Time(s) 0.1663 | RobustPrompt-I Loss 1.5192  
Epoch 026 |  Time(s) 0.0876 | RobustPrompt-I Loss 1.5078  
Epoch 027 |  Time(s) 0.0868 | RobustPrompt-I Loss 1.4881  
Epoch 028 |  Time(s) 0.0845 | RobustPrompt-I Loss 1.4718  
Epoch 029 |  Time(s) 0.0845 | RobustPrompt-I Loss 1.4624  
Epoch 030 |  Time(s) 0.0866 | RobustPrompt-I Loss 1.4506  
Epoch 031 |  Time(s) 0.0912 | RobustPrompt-I Loss 1.4269  
Epoch 032 |  Time(s) 0.0936 | RobustPrompt-I Loss 1.3990  
Epoch 033 |  Time(s) 0.0867 | RobustPrompt-I Loss 1.3872  
Epoch 034 |  Time(s) 0.0875 | RobustPrompt-I Loss 1.3854  
Epoch 035 |  Time(s) 0.0856 | RobustPrompt-I Loss 1.3675  
Epoch 036 |  Time(s) 0.0862 | RobustPrompt-I Loss 1.3294  
Epoch 037 |  Time(s) 0.0859 | RobustPrompt-I Loss 1.3055  
Epoch 038 |  Time(s) 0.0857 | RobustPrompt-I Loss 1.2946  
Epoch 039 |  Time(s) 0.0862 | RobustPrompt-I Loss nan  
Epoch 040 |  Time(s) 0.0863 | RobustPrompt-I Loss nan  
Epoch 041 |  Time(s) 0.0858 | RobustPrompt-I Loss nan  
Epoch 042 |  Time(s) 0.0866 | RobustPrompt-I Loss nan  
Epoch 043 |  Time(s) 0.0832 | RobustPrompt-I Loss nan  
Epoch 044 |  Time(s) 0.0835 | RobustPrompt-I Loss nan  
Epoch 045 |  Time(s) 0.0855 | RobustPrompt-I Loss nan  
Epoch 046 |  Time(s) 0.0835 | RobustPrompt-I Loss nan  
Epoch 047 |  Time(s) 0.0835 | RobustPrompt-I Loss nan  
Epoch 048 |  Time(s) 0.0838 | RobustPrompt-I Loss nan  
Epoch 049 |  Time(s) 0.0845 | RobustPrompt-I Loss nan  
Epoch 050 |  Time(s) 0.0849 | RobustPrompt-I Loss nan  
Epoch 051 |  Time(s) 0.0852 | RobustPrompt-I Loss nan  
Epoch 052 |  Time(s) 0.0846 | RobustPrompt-I Loss nan  
Epoch 053 |  Time(s) 0.1419 | RobustPrompt-I Loss nan  
Epoch 054 |  Time(s) 0.4852 | RobustPrompt-I Loss nan  
Epoch 055 |  Time(s) 0.1646 | RobustPrompt-I Loss nan  
Epoch 056 |  Time(s) 0.1462 | RobustPrompt-I Loss nan  
Epoch 057 |  Time(s) 0.0976 | RobustPrompt-I Loss nan  
----------------------------------------------------------------------------------------------------
Early stopping at 58 eopch!
load LLC or attacked data with specified split
Successfully loaded the attack of dataname with few shot 5, split 1
Attack method : Meta_Self | Attack ptb : 0.15 | Dataset: Cora
======================
Number of graphs: 1
Number of features: 1433
Number of classes: 7

Data(x=[2708, 1433], edge_index=[2, 14804], y=[2708], train_mask=[2708], val_mask=[2708], test_mask=[2708])
===========================================================================================================
Number of nodes: 2708
Number of edges: 14804
Average node degree: 5.47
Has isolated nodes: False
Has self-loops: True
Is undirected: True
GCN(
  (conv_layers): ModuleList(
    (0): GCNConv(1433, 256)
    (1): GCNConv(256, 256)
  )
)
Successfully loaded pre-trained weights!
use RobustPrompt Inductive
defense pt dict :  {'sim_pt': -1.0, 'degree_pt': 3, 'out_detect_pt': -1.0, 'other_pt': 'all'}
use_attention :  False
kl_global :  False
cosine_constraint :  True
pt_threshold :  0.25
filter_module :  OriginalFilter
temperature :  1.0
weight_mse 0.1
weight_kl :  0.1
weight_constraint :  0.0
prepare induce graph data is finished!
run RobustPrompt-I
Epoch 001 |  Time(s) 0.1026 | RobustPrompt-I Loss 1.9451  
Epoch 002 |  Time(s) 0.0908 | RobustPrompt-I Loss 1.9188  
Epoch 003 |  Time(s) 0.0898 | RobustPrompt-I Loss 1.8926  
Epoch 004 |  Time(s) 0.0929 | RobustPrompt-I Loss 1.8682  
Epoch 005 |  Time(s) 0.1135 | RobustPrompt-I Loss 1.8345  
Epoch 006 |  Time(s) 0.0965 | RobustPrompt-I Loss 1.8075  
Epoch 007 |  Time(s) 0.0982 | RobustPrompt-I Loss 1.7730  
Epoch 008 |  Time(s) 0.0995 | RobustPrompt-I Loss 1.7500  
Epoch 009 |  Time(s) 0.1003 | RobustPrompt-I Loss 1.7244  
Epoch 010 |  Time(s) 0.0981 | RobustPrompt-I Loss 1.7111  
Epoch 011 |  Time(s) 0.0974 | RobustPrompt-I Loss 1.6865  
Epoch 012 |  Time(s) 0.1304 | RobustPrompt-I Loss 1.6719  
Epoch 013 |  Time(s) 0.2680 | RobustPrompt-I Loss 1.6520  
Epoch 014 |  Time(s) 0.4630 | RobustPrompt-I Loss 1.6424  
Epoch 015 |  Time(s) 0.4663 | RobustPrompt-I Loss 1.6287  
Epoch 016 |  Time(s) 0.2456 | RobustPrompt-I Loss 1.6187  
Epoch 017 |  Time(s) 0.1849 | RobustPrompt-I Loss 1.6082  
Epoch 018 |  Time(s) 0.1859 | RobustPrompt-I Loss 1.6008  
Epoch 019 |  Time(s) 0.1026 | RobustPrompt-I Loss 1.5988  
Epoch 020 |  Time(s) 0.0944 | RobustPrompt-I Loss 1.5920  
Epoch 021 |  Time(s) 0.1016 | RobustPrompt-I Loss 1.5845  
Epoch 022 |  Time(s) 0.0987 | RobustPrompt-I Loss 1.5808  
Epoch 023 |  Time(s) 0.0886 | RobustPrompt-I Loss 1.5747  
Epoch 024 |  Time(s) 0.0918 | RobustPrompt-I Loss 1.5648  
Epoch 025 |  Time(s) 0.0891 | RobustPrompt-I Loss 1.5586  
Epoch 026 |  Time(s) 0.0894 | RobustPrompt-I Loss 1.5469  
Epoch 027 |  Time(s) 0.1393 | RobustPrompt-I Loss 1.5434  
Epoch 028 |  Time(s) 0.0902 | RobustPrompt-I Loss 1.5387  
Epoch 029 |  Time(s) 0.0897 | RobustPrompt-I Loss 1.5150  
Epoch 030 |  Time(s) 0.0899 | RobustPrompt-I Loss 1.5073  
Epoch 031 |  Time(s) 0.0900 | RobustPrompt-I Loss 1.5140  
Epoch 032 |  Time(s) 0.0900 | RobustPrompt-I Loss 1.4849  
Epoch 033 |  Time(s) 0.0900 | RobustPrompt-I Loss 1.4718  
Epoch 034 |  Time(s) 0.0907 | RobustPrompt-I Loss 1.4802  
Epoch 035 |  Time(s) 0.0911 | RobustPrompt-I Loss 1.4514  
Epoch 036 |  Time(s) 0.0909 | RobustPrompt-I Loss 1.4477  
Epoch 037 |  Time(s) 0.0907 | RobustPrompt-I Loss 1.4212  
Epoch 038 |  Time(s) 0.0899 | RobustPrompt-I Loss 1.4115  
Epoch 039 |  Time(s) 0.0903 | RobustPrompt-I Loss 1.4136  
Epoch 040 |  Time(s) 0.0905 | RobustPrompt-I Loss 1.3939  
Epoch 041 |  Time(s) 0.0910 | RobustPrompt-I Loss 1.3789  
Epoch 042 |  Time(s) 0.0900 | RobustPrompt-I Loss 1.3555  
Epoch 043 |  Time(s) 0.0911 | RobustPrompt-I Loss 1.3508  
Epoch 044 |  Time(s) 0.0904 | RobustPrompt-I Loss 1.3335  
Epoch 045 |  Time(s) 0.0900 | RobustPrompt-I Loss 1.3176  
Epoch 046 |  Time(s) 0.0910 | RobustPrompt-I Loss 1.3017  
Epoch 047 |  Time(s) 0.0903 | RobustPrompt-I Loss 1.2843  
Epoch 048 |  Time(s) 0.0902 | RobustPrompt-I Loss 1.2616  
Epoch 049 |  Time(s) 0.0907 | RobustPrompt-I Loss 1.2451  
Epoch 050 |  Time(s) 0.0903 | RobustPrompt-I Loss 1.2395  
Epoch 051 |  Time(s) 0.0906 | RobustPrompt-I Loss 1.2262  
Epoch 052 |  Time(s) 0.0979 | RobustPrompt-I Loss 1.2240  
Epoch 053 |  Time(s) 0.0899 | RobustPrompt-I Loss 1.2081  
Epoch 054 |  Time(s) 0.0874 | RobustPrompt-I Loss 1.1870  
Epoch 055 |  Time(s) 0.0896 | RobustPrompt-I Loss 1.1641  
Epoch 056 |  Time(s) 0.0909 | RobustPrompt-I Loss 1.1576  
Epoch 057 |  Time(s) 0.0903 | RobustPrompt-I Loss 1.1515  
Epoch 058 |  Time(s) 0.0916 | RobustPrompt-I Loss 1.1240  
Epoch 059 |  Time(s) 0.0904 | RobustPrompt-I Loss 1.1074  
Epoch 060 |  Time(s) 0.1306 | RobustPrompt-I Loss 1.1002  
Epoch 061 |  Time(s) 0.3865 | RobustPrompt-I Loss 1.0813  
Epoch 062 |  Time(s) 0.1874 | RobustPrompt-I Loss 1.0522  
Epoch 063 |  Time(s) 0.1251 | RobustPrompt-I Loss 1.0358  
Epoch 064 |  Time(s) 0.2325 | RobustPrompt-I Loss 1.0226  
Epoch 065 |  Time(s) 0.1090 | RobustPrompt-I Loss 0.9984  
Epoch 066 |  Time(s) 0.1233 | RobustPrompt-I Loss 0.9761  
Epoch 067 |  Time(s) 0.1331 | RobustPrompt-I Loss 0.9531  
Epoch 068 |  Time(s) 0.0897 | RobustPrompt-I Loss 0.9377  
Epoch 069 |  Time(s) 0.0949 | RobustPrompt-I Loss 0.9277  
Epoch 070 |  Time(s) 0.0953 | RobustPrompt-I Loss 0.9151  
Epoch 071 |  Time(s) 0.0874 | RobustPrompt-I Loss 0.8988  
Epoch 072 |  Time(s) 0.0876 | RobustPrompt-I Loss 0.8817  
Epoch 073 |  Time(s) 0.0881 | RobustPrompt-I Loss 0.8684  
Epoch 074 |  Time(s) 0.0880 | RobustPrompt-I Loss 0.8610  
Epoch 075 |  Time(s) 0.0883 | RobustPrompt-I Loss 0.8507  
Epoch 076 |  Time(s) 0.0884 | RobustPrompt-I Loss 0.8401  
Epoch 077 |  Time(s) 0.0872 | RobustPrompt-I Loss 0.8320  
Epoch 078 |  Time(s) 0.0882 | RobustPrompt-I Loss 0.8259  
Epoch 079 |  Time(s) 0.0874 | RobustPrompt-I Loss 0.8188  
Epoch 080 |  Time(s) 0.0878 | RobustPrompt-I Loss 0.8124  
Epoch 081 |  Time(s) 0.0883 | RobustPrompt-I Loss 0.8077  
Epoch 082 |  Time(s) 0.0878 | RobustPrompt-I Loss 0.8024  
Epoch 083 |  Time(s) 0.0877 | RobustPrompt-I Loss 0.7970  
Epoch 084 |  Time(s) 0.0882 | RobustPrompt-I Loss 0.7927  
Epoch 085 |  Time(s) 0.0881 | RobustPrompt-I Loss 0.7893  
Epoch 086 |  Time(s) 0.0881 | RobustPrompt-I Loss 0.7846  
Epoch 087 |  Time(s) 0.0877 | RobustPrompt-I Loss 0.7807  
Epoch 088 |  Time(s) 0.0876 | RobustPrompt-I Loss 0.7779  
Epoch 089 |  Time(s) 0.0875 | RobustPrompt-I Loss 0.7744  
Epoch 090 |  Time(s) 0.0871 | RobustPrompt-I Loss 0.7711  
Epoch 091 |  Time(s) 0.0878 | RobustPrompt-I Loss 0.7671  
Epoch 092 |  Time(s) 0.0884 | RobustPrompt-I Loss 0.7643  
Epoch 093 |  Time(s) 0.0874 | RobustPrompt-I Loss 0.7630  
Epoch 094 |  Time(s) 0.0876 | RobustPrompt-I Loss 0.7588  
Epoch 095 |  Time(s) 0.0875 | RobustPrompt-I Loss 0.7571  
Epoch 096 |  Time(s) 0.0868 | RobustPrompt-I Loss 0.7532  
Epoch 097 |  Time(s) 0.0864 | RobustPrompt-I Loss 0.7514  
Epoch 098 |  Time(s) 0.0866 | RobustPrompt-I Loss 0.7483  
Epoch 099 |  Time(s) 0.0863 | RobustPrompt-I Loss 0.7451  
Epoch 100 |  Time(s) 0.0864 | RobustPrompt-I Loss 0.7426  
Epoch 101 |  Time(s) 0.0869 | RobustPrompt-I Loss 0.7399  
Epoch 102 |  Time(s) 0.0868 | RobustPrompt-I Loss nan  
Epoch 103 |  Time(s) 0.0864 | RobustPrompt-I Loss nan  
Epoch 104 |  Time(s) 0.0863 | RobustPrompt-I Loss nan  
Epoch 105 |  Time(s) 0.0862 | RobustPrompt-I Loss nan  
Epoch 106 |  Time(s) 0.0859 | RobustPrompt-I Loss nan  
Epoch 107 |  Time(s) 0.0866 | RobustPrompt-I Loss nan  
Epoch 108 |  Time(s) 0.0871 | RobustPrompt-I Loss nan  
Epoch 109 |  Time(s) 0.0870 | RobustPrompt-I Loss nan  
Epoch 110 |  Time(s) 0.0874 | RobustPrompt-I Loss nan  
Epoch 111 |  Time(s) 0.0883 | RobustPrompt-I Loss nan  
Epoch 112 |  Time(s) 0.0872 | RobustPrompt-I Loss nan  
Epoch 113 |  Time(s) 0.0883 | RobustPrompt-I Loss nan  
Epoch 114 |  Time(s) 0.0875 | RobustPrompt-I Loss nan  
Epoch 115 |  Time(s) 0.0881 | RobustPrompt-I Loss nan  
Epoch 116 |  Time(s) 0.0874 | RobustPrompt-I Loss nan  
Epoch 117 |  Time(s) 0.0876 | RobustPrompt-I Loss nan  
Epoch 118 |  Time(s) 0.0871 | RobustPrompt-I Loss nan  
Epoch 119 |  Time(s) 0.1237 | RobustPrompt-I Loss nan  
Epoch 120 |  Time(s) 0.2748 | RobustPrompt-I Loss nan  
----------------------------------------------------------------------------------------------------
Early stopping at 121 eopch!
load LLC or attacked data with specified split
Successfully loaded the attack of dataname with few shot 5, split 1
Attack method : Meta_Self | Attack ptb : 0.15 | Dataset: Cora
======================
Number of graphs: 1
Number of features: 1433
Number of classes: 7

Data(x=[2708, 1433], edge_index=[2, 14804], y=[2708], train_mask=[2708], val_mask=[2708], test_mask=[2708])
===========================================================================================================
Number of nodes: 2708
Number of edges: 14804
Average node degree: 5.47
Has isolated nodes: False
Has self-loops: True
Is undirected: True
GCN(
  (conv_layers): ModuleList(
    (0): GCNConv(1433, 256)
    (1): GCNConv(256, 256)
  )
)
Successfully loaded pre-trained weights!
use RobustPrompt Inductive
defense pt dict :  {'sim_pt': -1.0, 'degree_pt': 3, 'out_detect_pt': -1.0, 'other_pt': 'all'}
use_attention :  False
kl_global :  False
cosine_constraint :  True
pt_threshold :  0.25
filter_module :  OriginalFilter
temperature :  1.0
weight_mse 0.1
weight_kl :  0.1
weight_constraint :  0.0
prepare induce graph data is finished!
run RobustPrompt-I
Epoch 001 |  Time(s) 0.2305 | RobustPrompt-I Loss 1.9457  
Epoch 002 |  Time(s) 0.0992 | RobustPrompt-I Loss 1.9235  
Epoch 003 |  Time(s) 0.2107 | RobustPrompt-I Loss 1.8954  
Epoch 004 |  Time(s) 0.3400 | RobustPrompt-I Loss 1.8644  
Epoch 005 |  Time(s) 0.4041 | RobustPrompt-I Loss 1.8301  
Epoch 006 |  Time(s) 0.2020 | RobustPrompt-I Loss 1.7934  
Epoch 007 |  Time(s) 0.3520 | RobustPrompt-I Loss 1.7583  
Epoch 008 |  Time(s) 0.3364 | RobustPrompt-I Loss 1.7226  
Epoch 009 |  Time(s) 0.1776 | RobustPrompt-I Loss 1.6935  
Epoch 010 |  Time(s) 0.1538 | RobustPrompt-I Loss 1.6686  
Epoch 011 |  Time(s) 0.0918 | RobustPrompt-I Loss 1.6442  
Epoch 012 |  Time(s) 0.0882 | RobustPrompt-I Loss 1.6271  
Epoch 013 |  Time(s) 0.0873 | RobustPrompt-I Loss 1.6126  
Epoch 014 |  Time(s) 0.0877 | RobustPrompt-I Loss 1.6053  
Epoch 015 |  Time(s) 0.0863 | RobustPrompt-I Loss 1.5883  
Epoch 016 |  Time(s) 0.0876 | RobustPrompt-I Loss 1.5752  
Epoch 017 |  Time(s) 0.0869 | RobustPrompt-I Loss 1.5612  
Epoch 018 |  Time(s) 0.0875 | RobustPrompt-I Loss 1.5550  
Epoch 019 |  Time(s) 0.0874 | RobustPrompt-I Loss 1.5522  
Epoch 020 |  Time(s) 0.0868 | RobustPrompt-I Loss 1.5736  
Epoch 021 |  Time(s) 0.0868 | RobustPrompt-I Loss 1.5492  
Epoch 022 |  Time(s) 0.0869 | RobustPrompt-I Loss 1.5279  
Epoch 023 |  Time(s) 0.0898 | RobustPrompt-I Loss 1.5247  
Epoch 024 |  Time(s) 0.0873 | RobustPrompt-I Loss 1.4935  
Epoch 025 |  Time(s) 0.0874 | RobustPrompt-I Loss 1.5144  
Epoch 026 |  Time(s) 0.0873 | RobustPrompt-I Loss 1.4723  
Epoch 027 |  Time(s) 0.0840 | RobustPrompt-I Loss 1.4840  
Epoch 028 |  Time(s) 0.0897 | RobustPrompt-I Loss 1.4501  
Epoch 029 |  Time(s) 0.0868 | RobustPrompt-I Loss 1.4656  
Epoch 030 |  Time(s) 0.1214 | RobustPrompt-I Loss 1.4241  
Epoch 031 |  Time(s) 0.1085 | RobustPrompt-I Loss 1.4320  
Epoch 032 |  Time(s) 0.0948 | RobustPrompt-I Loss 1.4002  
Epoch 033 |  Time(s) 0.0869 | RobustPrompt-I Loss 1.3983  
Epoch 034 |  Time(s) 0.0864 | RobustPrompt-I Loss 1.3731  
Epoch 035 |  Time(s) 0.0872 | RobustPrompt-I Loss 1.3483  
Epoch 036 |  Time(s) 0.0882 | RobustPrompt-I Loss 1.3501  
Epoch 037 |  Time(s) 0.0881 | RobustPrompt-I Loss 1.3116  
Epoch 038 |  Time(s) 0.0877 | RobustPrompt-I Loss 1.2994  
Epoch 039 |  Time(s) 0.0878 | RobustPrompt-I Loss 1.2882  
Epoch 040 |  Time(s) 0.0876 | RobustPrompt-I Loss 1.2518  
Epoch 041 |  Time(s) 0.0870 | RobustPrompt-I Loss 1.2406  
Epoch 042 |  Time(s) 0.0868 | RobustPrompt-I Loss 1.2300  
Epoch 043 |  Time(s) 0.0856 | RobustPrompt-I Loss 1.1909  
Epoch 044 |  Time(s) 0.0870 | RobustPrompt-I Loss 1.1783  
Epoch 045 |  Time(s) 0.0870 | RobustPrompt-I Loss 1.1660  
Epoch 046 |  Time(s) 0.0867 | RobustPrompt-I Loss 1.1346  
Epoch 047 |  Time(s) 0.0865 | RobustPrompt-I Loss 1.1182  
Epoch 048 |  Time(s) 0.0867 | RobustPrompt-I Loss 1.1063  
Epoch 049 |  Time(s) 0.0870 | RobustPrompt-I Loss 1.0756  
Epoch 050 |  Time(s) 0.0870 | RobustPrompt-I Loss 1.0583  
Epoch 051 |  Time(s) 0.0869 | RobustPrompt-I Loss 1.0475  
Epoch 052 |  Time(s) 0.0868 | RobustPrompt-I Loss 1.0259  
Epoch 053 |  Time(s) 0.0870 | RobustPrompt-I Loss 1.0135  
Epoch 054 |  Time(s) 0.0840 | RobustPrompt-I Loss 1.0017  
Epoch 055 |  Time(s) 0.0877 | RobustPrompt-I Loss 0.9812  
Epoch 056 |  Time(s) 0.0862 | RobustPrompt-I Loss 0.9718  
Epoch 057 |  Time(s) 0.0873 | RobustPrompt-I Loss 0.9574  
Epoch 058 |  Time(s) 0.0865 | RobustPrompt-I Loss 0.9422  
Epoch 059 |  Time(s) 0.0870 | RobustPrompt-I Loss 0.9326  
Epoch 060 |  Time(s) 0.0854 | RobustPrompt-I Loss 0.9163  
Epoch 061 |  Time(s) 0.1061 | RobustPrompt-I Loss 0.9055  
Epoch 062 |  Time(s) 0.1844 | RobustPrompt-I Loss 0.8951  
Epoch 063 |  Time(s) 0.0895 | RobustPrompt-I Loss 0.8804  
Epoch 064 |  Time(s) 0.0870 | RobustPrompt-I Loss 0.8718  
Epoch 065 |  Time(s) 0.0877 | RobustPrompt-I Loss 0.8610  
Epoch 066 |  Time(s) 0.0866 | RobustPrompt-I Loss 0.8519  
Epoch 067 |  Time(s) 0.0892 | RobustPrompt-I Loss 0.8453  
Epoch 068 |  Time(s) 0.0896 | RobustPrompt-I Loss 0.8366  
Epoch 069 |  Time(s) 0.0876 | RobustPrompt-I Loss 0.8307  
Epoch 070 |  Time(s) 0.0863 | RobustPrompt-I Loss 0.8233  
Epoch 071 |  Time(s) 0.0895 | RobustPrompt-I Loss 0.8179  
Epoch 072 |  Time(s) 0.0888 | RobustPrompt-I Loss 0.8126  
Epoch 073 |  Time(s) 0.0895 | RobustPrompt-I Loss 0.8074  
Epoch 074 |  Time(s) 0.0881 | RobustPrompt-I Loss 0.8038  
Epoch 075 |  Time(s) 0.0889 | RobustPrompt-I Loss nan  
Epoch 076 |  Time(s) 0.0869 | RobustPrompt-I Loss nan  
Epoch 077 |  Time(s) 0.0873 | RobustPrompt-I Loss nan  
Epoch 078 |  Time(s) 0.0906 | RobustPrompt-I Loss nan  
Epoch 079 |  Time(s) 0.0894 | RobustPrompt-I Loss nan  
Epoch 080 |  Time(s) 0.1239 | RobustPrompt-I Loss nan  
Epoch 081 |  Time(s) 0.0889 | RobustPrompt-I Loss nan  
Epoch 082 |  Time(s) 0.0870 | RobustPrompt-I Loss nan  
Epoch 083 |  Time(s) 0.0873 | RobustPrompt-I Loss nan  
Epoch 084 |  Time(s) 0.0862 | RobustPrompt-I Loss nan  
Epoch 085 |  Time(s) 0.0862 | RobustPrompt-I Loss nan  
Epoch 086 |  Time(s) 0.0869 | RobustPrompt-I Loss nan  
Epoch 087 |  Time(s) 0.0871 | RobustPrompt-I Loss nan  
Epoch 088 |  Time(s) 0.0866 | RobustPrompt-I Loss nan  
Epoch 089 |  Time(s) 0.0872 | RobustPrompt-I Loss nan  
Epoch 090 |  Time(s) 0.0874 | RobustPrompt-I Loss nan  
Epoch 091 |  Time(s) 0.0880 | RobustPrompt-I Loss nan  
Epoch 092 |  Time(s) 0.0874 | RobustPrompt-I Loss nan  
Epoch 093 |  Time(s) 0.0872 | RobustPrompt-I Loss nan  
----------------------------------------------------------------------------------------------------
Early stopping at 94 eopch!
load LLC or attacked data with specified split
Successfully loaded the attack of dataname with few shot 5, split 1
Attack method : Meta_Self | Attack ptb : 0.15 | Dataset: Cora
======================
Number of graphs: 1
Number of features: 1433
Number of classes: 7

Data(x=[2708, 1433], edge_index=[2, 14804], y=[2708], train_mask=[2708], val_mask=[2708], test_mask=[2708])
===========================================================================================================
Number of nodes: 2708
Number of edges: 14804
Average node degree: 5.47
Has isolated nodes: False
Has self-loops: True
Is undirected: True
GCN(
  (conv_layers): ModuleList(
    (0): GCNConv(1433, 256)
    (1): GCNConv(256, 256)
  )
)
Successfully loaded pre-trained weights!
use RobustPrompt Inductive
defense pt dict :  {'sim_pt': -1.0, 'degree_pt': 3, 'out_detect_pt': -1.0, 'other_pt': 'all'}
use_attention :  False
kl_global :  False
cosine_constraint :  True
pt_threshold :  0.25
filter_module :  OriginalFilter
temperature :  1.0
weight_mse 0.1
weight_kl :  0.1
weight_constraint :  0.0
prepare induce graph data is finished!
run RobustPrompt-I
Epoch 001 |  Time(s) 0.1650 | RobustPrompt-I Loss 1.9428  
Epoch 002 |  Time(s) 0.0906 | RobustPrompt-I Loss 1.9311  
Epoch 003 |  Time(s) 0.0940 | RobustPrompt-I Loss 1.9164  
Epoch 004 |  Time(s) 0.0975 | RobustPrompt-I Loss 1.8831  
Epoch 005 |  Time(s) 0.0990 | RobustPrompt-I Loss 1.8591  
Epoch 006 |  Time(s) 0.0934 | RobustPrompt-I Loss 1.8136  
Epoch 007 |  Time(s) 0.0940 | RobustPrompt-I Loss 1.7834  
Epoch 008 |  Time(s) 0.0920 | RobustPrompt-I Loss 1.7361  
Epoch 009 |  Time(s) 0.0912 | RobustPrompt-I Loss 1.7052  
Epoch 010 |  Time(s) 0.0914 | RobustPrompt-I Loss 1.6643  
Epoch 011 |  Time(s) 0.0920 | RobustPrompt-I Loss 1.6359  
Epoch 012 |  Time(s) 0.0915 | RobustPrompt-I Loss 1.6042  
Epoch 013 |  Time(s) 0.0938 | RobustPrompt-I Loss 1.5795  
Epoch 014 |  Time(s) 0.0905 | RobustPrompt-I Loss 1.5696  
Epoch 015 |  Time(s) 0.2558 | RobustPrompt-I Loss 1.5471  
Epoch 016 |  Time(s) 0.0892 | RobustPrompt-I Loss 1.5345  
Epoch 017 |  Time(s) 0.0905 | RobustPrompt-I Loss 1.5288  
Epoch 018 |  Time(s) 0.0892 | RobustPrompt-I Loss 1.5246  
Epoch 019 |  Time(s) 0.0903 | RobustPrompt-I Loss 1.5118  
Epoch 020 |  Time(s) 0.0899 | RobustPrompt-I Loss 1.4917  
Epoch 021 |  Time(s) 0.0890 | RobustPrompt-I Loss 1.4777  
Epoch 022 |  Time(s) 0.0908 | RobustPrompt-I Loss 1.4816  
Epoch 023 |  Time(s) 0.0903 | RobustPrompt-I Loss 1.4706  
Epoch 024 |  Time(s) 0.0904 | RobustPrompt-I Loss 1.4665  
Epoch 025 |  Time(s) 0.0900 | RobustPrompt-I Loss 1.4242  
Epoch 026 |  Time(s) 0.0891 | RobustPrompt-I Loss 1.4072  
Epoch 027 |  Time(s) 0.0879 | RobustPrompt-I Loss 1.4216  
Epoch 028 |  Time(s) 0.0880 | RobustPrompt-I Loss 1.3938  
Epoch 029 |  Time(s) 0.0874 | RobustPrompt-I Loss 1.3652  
Epoch 030 |  Time(s) 0.0878 | RobustPrompt-I Loss 1.3663  
Epoch 031 |  Time(s) 0.0881 | RobustPrompt-I Loss 1.3454  
Epoch 032 |  Time(s) 0.0882 | RobustPrompt-I Loss 1.3185  
Epoch 033 |  Time(s) 0.0881 | RobustPrompt-I Loss 1.3107  
Epoch 034 |  Time(s) 0.0879 | RobustPrompt-I Loss 1.2927  
Epoch 035 |  Time(s) 0.0902 | RobustPrompt-I Loss 1.2620  
Epoch 036 |  Time(s) 0.0878 | RobustPrompt-I Loss 1.2514  
Epoch 037 |  Time(s) 0.0885 | RobustPrompt-I Loss 1.2434  
Epoch 038 |  Time(s) 0.0883 | RobustPrompt-I Loss 1.2100  
Epoch 039 |  Time(s) 0.0880 | RobustPrompt-I Loss 1.1911  
Epoch 040 |  Time(s) 0.0874 | RobustPrompt-I Loss 1.1836  
Epoch 041 |  Time(s) 0.0882 | RobustPrompt-I Loss nan  
Epoch 042 |  Time(s) 0.0873 | RobustPrompt-I Loss nan  
Epoch 043 |  Time(s) 0.0872 | RobustPrompt-I Loss nan  
Epoch 044 |  Time(s) 0.0880 | RobustPrompt-I Loss nan  
Epoch 045 |  Time(s) 0.0873 | RobustPrompt-I Loss nan  
Epoch 046 |  Time(s) 0.0899 | RobustPrompt-I Loss nan  
Epoch 047 |  Time(s) 0.0875 | RobustPrompt-I Loss nan  
Epoch 048 |  Time(s) 0.0877 | RobustPrompt-I Loss nan  
Epoch 049 |  Time(s) 0.0878 | RobustPrompt-I Loss nan  
Epoch 050 |  Time(s) 0.0876 | RobustPrompt-I Loss nan  
Epoch 051 |  Time(s) 0.0879 | RobustPrompt-I Loss nan  
Epoch 052 |  Time(s) 0.0882 | RobustPrompt-I Loss nan  
Epoch 053 |  Time(s) 0.0874 | RobustPrompt-I Loss nan  
Epoch 054 |  Time(s) 0.0875 | RobustPrompt-I Loss nan  
Epoch 055 |  Time(s) 0.0876 | RobustPrompt-I Loss nan  
Epoch 056 |  Time(s) 0.0874 | RobustPrompt-I Loss nan  
Epoch 057 |  Time(s) 0.0877 | RobustPrompt-I Loss nan  
Epoch 058 |  Time(s) 0.0880 | RobustPrompt-I Loss nan  
Epoch 059 |  Time(s) 0.0881 | RobustPrompt-I Loss nan  
----------------------------------------------------------------------------------------------------
Early stopping at 60 eopch!
load LLC or attacked data with specified split
Successfully loaded the attack of dataname with few shot 5, split 1
Attack method : Meta_Self | Attack ptb : 0.15 | Dataset: Cora
======================
Number of graphs: 1
Number of features: 1433
Number of classes: 7

Data(x=[2708, 1433], edge_index=[2, 14804], y=[2708], train_mask=[2708], val_mask=[2708], test_mask=[2708])
===========================================================================================================
Number of nodes: 2708
Number of edges: 14804
Average node degree: 5.47
Has isolated nodes: False
Has self-loops: True
Is undirected: True
GCN(
  (conv_layers): ModuleList(
    (0): GCNConv(1433, 256)
    (1): GCNConv(256, 256)
  )
)
Successfully loaded pre-trained weights!
use RobustPrompt Inductive
defense pt dict :  {'sim_pt': -1.0, 'degree_pt': 3, 'out_detect_pt': -1.0, 'other_pt': 'all'}
use_attention :  False
kl_global :  False
cosine_constraint :  True
pt_threshold :  0.25
filter_module :  OriginalFilter
temperature :  1.0
weight_mse 0.1
weight_kl :  0.1
weight_constraint :  0.0
prepare induce graph data is finished!
run RobustPrompt-I
Epoch 001 |  Time(s) 0.0970 | RobustPrompt-I Loss 1.9487  
Epoch 002 |  Time(s) 0.0862 | RobustPrompt-I Loss 1.9332  
Epoch 003 |  Time(s) 0.0848 | RobustPrompt-I Loss 1.9075  
Epoch 004 |  Time(s) 0.0867 | RobustPrompt-I Loss 1.8786  
Epoch 005 |  Time(s) 0.0851 | RobustPrompt-I Loss 1.8483  
Epoch 006 |  Time(s) 0.0857 | RobustPrompt-I Loss 1.8168  
Epoch 007 |  Time(s) 0.0876 | RobustPrompt-I Loss 1.7859  
Epoch 008 |  Time(s) 0.0856 | RobustPrompt-I Loss 1.7522  
Epoch 009 |  Time(s) 0.0850 | RobustPrompt-I Loss 1.7235  
Epoch 010 |  Time(s) 0.0847 | RobustPrompt-I Loss 1.6973  
Epoch 011 |  Time(s) 0.0843 | RobustPrompt-I Loss 1.6759  
Epoch 012 |  Time(s) 0.0854 | RobustPrompt-I Loss 1.6553  
Epoch 013 |  Time(s) 0.0855 | RobustPrompt-I Loss 1.6389  
Epoch 014 |  Time(s) 0.1392 | RobustPrompt-I Loss 1.6205  
Epoch 015 |  Time(s) 0.0851 | RobustPrompt-I Loss 1.6097  
Epoch 016 |  Time(s) 0.0844 | RobustPrompt-I Loss 1.6132  
Epoch 017 |  Time(s) 0.0847 | RobustPrompt-I Loss 1.5863  
Epoch 018 |  Time(s) 0.0844 | RobustPrompt-I Loss 1.5836  
Epoch 019 |  Time(s) 0.0851 | RobustPrompt-I Loss 1.5764  
Epoch 020 |  Time(s) 0.0954 | RobustPrompt-I Loss 1.5558  
Epoch 021 |  Time(s) 0.0870 | RobustPrompt-I Loss 1.5568  
Epoch 022 |  Time(s) 0.0878 | RobustPrompt-I Loss 1.5385  
Epoch 023 |  Time(s) 0.0846 | RobustPrompt-I Loss 1.5289  
Epoch 024 |  Time(s) 0.0845 | RobustPrompt-I Loss 1.5283  
Epoch 025 |  Time(s) 0.0853 | RobustPrompt-I Loss 1.5074  
Epoch 026 |  Time(s) 0.0855 | RobustPrompt-I Loss 1.4981  
Epoch 027 |  Time(s) 0.0849 | RobustPrompt-I Loss 1.4948  
Epoch 028 |  Time(s) 0.0849 | RobustPrompt-I Loss 1.4763  
Epoch 029 |  Time(s) 0.0847 | RobustPrompt-I Loss 1.4565  
Epoch 030 |  Time(s) 0.0850 | RobustPrompt-I Loss 1.4487  
Epoch 031 |  Time(s) 0.0842 | RobustPrompt-I Loss 1.4412  
Epoch 032 |  Time(s) 0.0857 | RobustPrompt-I Loss 1.4223  
Epoch 033 |  Time(s) 0.0852 | RobustPrompt-I Loss 1.3975  
Epoch 034 |  Time(s) 0.1241 | RobustPrompt-I Loss 1.3812  
Epoch 035 |  Time(s) 0.1442 | RobustPrompt-I Loss 1.3708  
Epoch 036 |  Time(s) 0.0901 | RobustPrompt-I Loss 1.3598  
Epoch 037 |  Time(s) 0.0852 | RobustPrompt-I Loss 1.3331  
Epoch 038 |  Time(s) 0.0854 | RobustPrompt-I Loss 1.2998  
Epoch 039 |  Time(s) 0.1471 | RobustPrompt-I Loss 1.2842  
Epoch 040 |  Time(s) 0.0979 | RobustPrompt-I Loss 1.2742  
Epoch 041 |  Time(s) 0.0892 | RobustPrompt-I Loss 1.2515  
Epoch 042 |  Time(s) 0.0911 | RobustPrompt-I Loss 1.2184  
Epoch 043 |  Time(s) 0.0850 | RobustPrompt-I Loss 1.1936  
Epoch 044 |  Time(s) 0.1219 | RobustPrompt-I Loss nan  
Epoch 045 |  Time(s) 0.2003 | RobustPrompt-I Loss nan  
Epoch 046 |  Time(s) 0.1790 | RobustPrompt-I Loss nan  
Epoch 047 |  Time(s) 0.1639 | RobustPrompt-I Loss nan  
Epoch 048 |  Time(s) 0.1030 | RobustPrompt-I Loss nan  
Epoch 049 |  Time(s) 0.0938 | RobustPrompt-I Loss nan  
Epoch 050 |  Time(s) 0.0908 | RobustPrompt-I Loss nan  
Epoch 051 |  Time(s) 0.0863 | RobustPrompt-I Loss nan  
Epoch 052 |  Time(s) 0.0864 | RobustPrompt-I Loss nan  
Epoch 053 |  Time(s) 0.0866 | RobustPrompt-I Loss nan  
Epoch 054 |  Time(s) 0.0862 | RobustPrompt-I Loss nan  
Epoch 055 |  Time(s) 0.0855 | RobustPrompt-I Loss nan  
Epoch 056 |  Time(s) 0.0865 | RobustPrompt-I Loss nan  
Epoch 057 |  Time(s) 0.0865 | RobustPrompt-I Loss nan  
Epoch 058 |  Time(s) 0.0903 | RobustPrompt-I Loss nan  
Epoch 059 |  Time(s) 0.1463 | RobustPrompt-I Loss nan  
Epoch 060 |  Time(s) 0.1820 | RobustPrompt-I Loss nan  
Epoch 061 |  Time(s) 0.0922 | RobustPrompt-I Loss nan  
Epoch 062 |  Time(s) 0.1606 | RobustPrompt-I Loss nan  
----------------------------------------------------------------------------------------------------
Early stopping at 63 eopch!
{1: {1: nan}, 2: {1: nan}, 3: {1: nan}, 4: {1: nan}, 5: {1: nan}}
{1: {1: nan, 2: nan, 3: nan, 4: nan, 5: nan}}
########################################################################################
seed: 1 | split 1 : nan
# Seed 1 Muti Split Final Acc: nan±nan
seed: 2 | split 1 : nan
# Seed 2 Muti Split Final Acc: nan±nan
seed: 3 | split 1 : nan
# Seed 3 Muti Split Final Acc: nan±nan
seed: 4 | split 1 : nan
# Seed 4 Muti Split Final Acc: nan±nan
seed: 5 | split 1 : nan
# Seed 5 Muti Split Final Acc: nan±nan
########################################################################################
split: 1 | seed 1 : nan
split: 1 | seed 2 : nan
split: 1 | seed 3 : nan
split: 1 | seed 4 : nan
split: 1 | seed 5 : nan
# Split 1 Muti Seed Acc without min value: nan±nan
########################################################################################
Done phase=degree, deg=3, ptb=0.15, end=2026-06-09 00:00:57, duration=00:00:52
