Start phase=degree, deg=2, ptb=0.15, time=2026-06-08 23:58:47, log=logs/RobustPrompt-I/ft_deg2_0.15_20260608_235847.log
load LLC or attacked data with specified split
Successfully loaded the attack of dataname with few shot 5, split 1
Attack method : Meta_Self | Attack ptb : 0.15 | Dataset: Cora
======================
Number of graphs: 1
Number of features: 1433
Number of classes: 7

Data(x=[2708, 1433], edge_index=[2, 14804], y=[2708], train_mask=[2708], val_mask=[2708], test_mask=[2708])
===========================================================================================================
Number of nodes: 2708
Number of edges: 14804
Average node degree: 5.47
Has isolated nodes: False
Has self-loops: True
Is undirected: True
GCN(
  (conv_layers): ModuleList(
    (0): GCNConv(1433, 256)
    (1): GCNConv(256, 256)
  )
)
Successfully loaded pre-trained weights!
use RobustPrompt Inductive
defense pt dict :  {'sim_pt': -1.0, 'degree_pt': 2, 'out_detect_pt': -1.0, 'other_pt': 'all'}
use_attention :  False
kl_global :  False
cosine_constraint :  True
pt_threshold :  0.25
filter_module :  OriginalFilter
temperature :  1.0
weight_mse 0.1
weight_kl :  0.1
weight_constraint :  0.0
prepare induce graph data is finished!
run RobustPrompt-I
Epoch 001 |  Time(s) 0.4528 | RobustPrompt-I Loss 1.9456  
Epoch 002 |  Time(s) 0.0864 | RobustPrompt-I Loss 1.9404  
Epoch 003 |  Time(s) 0.0853 | RobustPrompt-I Loss 1.9176  
Epoch 004 |  Time(s) 0.1300 | RobustPrompt-I Loss 1.9022  
Epoch 005 |  Time(s) 0.0973 | RobustPrompt-I Loss nan  
Epoch 006 |  Time(s) 0.0986 | RobustPrompt-I Loss nan  
Epoch 007 |  Time(s) 0.0905 | RobustPrompt-I Loss nan  
Epoch 008 |  Time(s) 0.0935 | RobustPrompt-I Loss nan  
Epoch 009 |  Time(s) 0.0839 | RobustPrompt-I Loss nan  
Epoch 010 |  Time(s) 0.0863 | RobustPrompt-I Loss nan  
Epoch 011 |  Time(s) 0.0863 | RobustPrompt-I Loss nan  
Epoch 012 |  Time(s) 0.0838 | RobustPrompt-I Loss nan  
Epoch 013 |  Time(s) 0.0861 | RobustPrompt-I Loss nan  
Epoch 014 |  Time(s) 0.0841 | RobustPrompt-I Loss nan  
Epoch 015 |  Time(s) 0.0875 | RobustPrompt-I Loss nan  
Epoch 016 |  Time(s) 0.0834 | RobustPrompt-I Loss nan  
Epoch 017 |  Time(s) 0.0866 | RobustPrompt-I Loss nan  
Epoch 018 |  Time(s) 0.0862 | RobustPrompt-I Loss nan  
Epoch 019 |  Time(s) 0.0838 | RobustPrompt-I Loss nan  
Epoch 020 |  Time(s) 0.0876 | RobustPrompt-I Loss nan  
Epoch 021 |  Time(s) 0.0811 | RobustPrompt-I Loss nan  
Epoch 022 |  Time(s) 0.0888 | RobustPrompt-I Loss nan  
Epoch 023 |  Time(s) 0.0843 | RobustPrompt-I Loss nan  
----------------------------------------------------------------------------------------------------
Early stopping at 24 eopch!
load LLC or attacked data with specified split
Successfully loaded the attack of dataname with few shot 5, split 1
Attack method : Meta_Self | Attack ptb : 0.15 | Dataset: Cora
======================
Number of graphs: 1
Number of features: 1433
Number of classes: 7

Data(x=[2708, 1433], edge_index=[2, 14804], y=[2708], train_mask=[2708], val_mask=[2708], test_mask=[2708])
===========================================================================================================
Number of nodes: 2708
Number of edges: 14804
Average node degree: 5.47
Has isolated nodes: False
Has self-loops: True
Is undirected: True
GCN(
  (conv_layers): ModuleList(
    (0): GCNConv(1433, 256)
    (1): GCNConv(256, 256)
  )
)
Successfully loaded pre-trained weights!
use RobustPrompt Inductive
defense pt dict :  {'sim_pt': -1.0, 'degree_pt': 2, 'out_detect_pt': -1.0, 'other_pt': 'all'}
use_attention :  False
kl_global :  False
cosine_constraint :  True
pt_threshold :  0.25
filter_module :  OriginalFilter
temperature :  1.0
weight_mse 0.1
weight_kl :  0.1
weight_constraint :  0.0
prepare induce graph data is finished!
run RobustPrompt-I
Epoch 001 |  Time(s) 0.1045 | RobustPrompt-I Loss 1.9449  
Epoch 002 |  Time(s) 0.0899 | RobustPrompt-I Loss 1.9248  
Epoch 003 |  Time(s) 0.0931 | RobustPrompt-I Loss 1.9023  
Epoch 004 |  Time(s) 0.0867 | RobustPrompt-I Loss 1.8845  
Epoch 005 |  Time(s) 0.0911 | RobustPrompt-I Loss 1.8497  
Epoch 006 |  Time(s) 0.0891 | RobustPrompt-I Loss 1.8296  
Epoch 007 |  Time(s) 0.1033 | RobustPrompt-I Loss 1.7961  
Epoch 008 |  Time(s) 0.0900 | RobustPrompt-I Loss 1.7755  
Epoch 009 |  Time(s) 0.0938 | RobustPrompt-I Loss 1.7396  
Epoch 010 |  Time(s) 0.0908 | RobustPrompt-I Loss 1.7247  
Epoch 011 |  Time(s) 0.0901 | RobustPrompt-I Loss 1.6942  
Epoch 012 |  Time(s) 0.0932 | RobustPrompt-I Loss 1.6844  
Epoch 013 |  Time(s) 0.0938 | RobustPrompt-I Loss 1.6604  
Epoch 014 |  Time(s) 0.0907 | RobustPrompt-I Loss 1.6562  
Epoch 015 |  Time(s) 0.0940 | RobustPrompt-I Loss 1.6330  
Epoch 016 |  Time(s) 0.0928 | RobustPrompt-I Loss 1.6329  
Epoch 017 |  Time(s) 0.0927 | RobustPrompt-I Loss 1.6196  
Epoch 018 |  Time(s) 0.1265 | RobustPrompt-I Loss 1.6189  
Epoch 019 |  Time(s) 0.1021 | RobustPrompt-I Loss 1.6052  
Epoch 020 |  Time(s) 0.0919 | RobustPrompt-I Loss 1.6014  
Epoch 021 |  Time(s) 0.0996 | RobustPrompt-I Loss 1.5918  
Epoch 022 |  Time(s) 0.0892 | RobustPrompt-I Loss 1.5912  
Epoch 023 |  Time(s) 0.0912 | RobustPrompt-I Loss 1.5760  
Epoch 024 |  Time(s) 0.0930 | RobustPrompt-I Loss 1.5708  
Epoch 025 |  Time(s) 0.0913 | RobustPrompt-I Loss 1.5610  
Epoch 026 |  Time(s) 0.0901 | RobustPrompt-I Loss 1.5571  
Epoch 027 |  Time(s) 0.0926 | RobustPrompt-I Loss 1.5455  
Epoch 028 |  Time(s) 0.0914 | RobustPrompt-I Loss 1.5346  
Epoch 029 |  Time(s) 0.0929 | RobustPrompt-I Loss 1.5317  
Epoch 030 |  Time(s) 0.0930 | RobustPrompt-I Loss 1.5154  
Epoch 031 |  Time(s) 0.0903 | RobustPrompt-I Loss 1.4997  
Epoch 032 |  Time(s) 0.0937 | RobustPrompt-I Loss 1.4849  
Epoch 033 |  Time(s) 0.0904 | RobustPrompt-I Loss 1.4680  
Epoch 034 |  Time(s) 0.0879 | RobustPrompt-I Loss 1.4563  
Epoch 035 |  Time(s) 0.0882 | RobustPrompt-I Loss 1.4371  
Epoch 036 |  Time(s) 0.0864 | RobustPrompt-I Loss 1.4224  
Epoch 037 |  Time(s) 0.0873 | RobustPrompt-I Loss 1.4033  
Epoch 038 |  Time(s) 0.0870 | RobustPrompt-I Loss 1.3864  
Epoch 039 |  Time(s) 0.0869 | RobustPrompt-I Loss 1.3661  
Epoch 040 |  Time(s) 0.0867 | RobustPrompt-I Loss 1.3490  
Epoch 041 |  Time(s) 0.0871 | RobustPrompt-I Loss 1.3530  
Epoch 042 |  Time(s) 0.0873 | RobustPrompt-I Loss 1.4006  
Epoch 043 |  Time(s) 0.0873 | RobustPrompt-I Loss 1.2998  
Epoch 044 |  Time(s) 0.0874 | RobustPrompt-I Loss 1.3493  
Epoch 045 |  Time(s) 0.0872 | RobustPrompt-I Loss 1.2638  
Epoch 046 |  Time(s) 0.0867 | RobustPrompt-I Loss 1.3325  
Epoch 047 |  Time(s) 0.0861 | RobustPrompt-I Loss 1.2477  
Epoch 048 |  Time(s) 0.0853 | RobustPrompt-I Loss 1.2625  
Epoch 049 |  Time(s) 0.0871 | RobustPrompt-I Loss 1.2279  
Epoch 050 |  Time(s) 0.0856 | RobustPrompt-I Loss 1.2305  
Epoch 051 |  Time(s) 0.0879 | RobustPrompt-I Loss 1.1965  
Epoch 052 |  Time(s) 0.0880 | RobustPrompt-I Loss 1.1805  
Epoch 053 |  Time(s) 0.0870 | RobustPrompt-I Loss 1.1858  
Epoch 054 |  Time(s) 0.0861 | RobustPrompt-I Loss 1.1505  
Epoch 055 |  Time(s) 0.0875 | RobustPrompt-I Loss 1.1524  
Epoch 056 |  Time(s) 0.0887 | RobustPrompt-I Loss 1.1164  
Epoch 057 |  Time(s) 0.0862 | RobustPrompt-I Loss 1.1267  
Epoch 058 |  Time(s) 0.0869 | RobustPrompt-I Loss 1.0868  
Epoch 059 |  Time(s) 0.0858 | RobustPrompt-I Loss 1.0994  
Epoch 060 |  Time(s) 0.0864 | RobustPrompt-I Loss 1.0663  
Epoch 061 |  Time(s) 0.0884 | RobustPrompt-I Loss 1.0703  
Epoch 062 |  Time(s) 0.0878 | RobustPrompt-I Loss 1.0433  
Epoch 063 |  Time(s) 0.0882 | RobustPrompt-I Loss 1.0388  
Epoch 064 |  Time(s) 0.1298 | RobustPrompt-I Loss 1.0219  
Epoch 065 |  Time(s) 0.1035 | RobustPrompt-I Loss 1.0077  
Epoch 066 |  Time(s) 0.0953 | RobustPrompt-I Loss 1.0019  
Epoch 067 |  Time(s) 0.2084 | RobustPrompt-I Loss 0.9852  
Epoch 068 |  Time(s) 0.1004 | RobustPrompt-I Loss 0.9831  
Epoch 069 |  Time(s) 0.0969 | RobustPrompt-I Loss 0.9631  
Epoch 070 |  Time(s) 0.1017 | RobustPrompt-I Loss 0.9573  
Epoch 071 |  Time(s) 0.0956 | RobustPrompt-I Loss 0.9436  
Epoch 072 |  Time(s) 0.0934 | RobustPrompt-I Loss 0.9381  
Epoch 073 |  Time(s) 0.0956 | RobustPrompt-I Loss 0.9268  
Epoch 074 |  Time(s) 0.0892 | RobustPrompt-I Loss 0.9191  
Epoch 075 |  Time(s) 0.1861 | RobustPrompt-I Loss 0.9095  
Epoch 076 |  Time(s) 0.1054 | RobustPrompt-I Loss 0.8985  
Epoch 077 |  Time(s) 0.0917 | RobustPrompt-I Loss 0.8970  
Epoch 078 |  Time(s) 0.1013 | RobustPrompt-I Loss 0.8887  
Epoch 079 |  Time(s) 0.0997 | RobustPrompt-I Loss 0.8823  
Epoch 080 |  Time(s) 0.0955 | RobustPrompt-I Loss 0.8761  
Epoch 081 |  Time(s) 0.1004 | RobustPrompt-I Loss 0.8701  
Epoch 082 |  Time(s) 0.0953 | RobustPrompt-I Loss 0.8644  
Epoch 083 |  Time(s) 0.0906 | RobustPrompt-I Loss 0.8595  
Epoch 084 |  Time(s) 0.0954 | RobustPrompt-I Loss 0.8528  
Epoch 085 |  Time(s) 0.0970 | RobustPrompt-I Loss 0.8496  
Epoch 086 |  Time(s) 0.0967 | RobustPrompt-I Loss 0.8442  
Epoch 087 |  Time(s) 0.1019 | RobustPrompt-I Loss 0.8405  
Epoch 088 |  Time(s) 0.0942 | RobustPrompt-I Loss 0.8361  
Epoch 089 |  Time(s) 0.2111 | RobustPrompt-I Loss 0.8336  
Epoch 090 |  Time(s) 0.1006 | RobustPrompt-I Loss 0.8275  
Epoch 091 |  Time(s) 0.0956 | RobustPrompt-I Loss 0.8243  
Epoch 092 |  Time(s) 0.0903 | RobustPrompt-I Loss 0.8210  
Epoch 093 |  Time(s) 0.0961 | RobustPrompt-I Loss 0.8193  
Epoch 094 |  Time(s) 0.0874 | RobustPrompt-I Loss 0.8155  
Epoch 095 |  Time(s) 0.0882 | RobustPrompt-I Loss 0.8113  
Epoch 096 |  Time(s) 0.1670 | RobustPrompt-I Loss 0.8088  
Epoch 097 |  Time(s) 0.3200 | RobustPrompt-I Loss 0.8059  
Epoch 098 |  Time(s) 0.1927 | RobustPrompt-I Loss 0.8024  
Epoch 099 |  Time(s) 0.2061 | RobustPrompt-I Loss 0.8002  
Epoch 100 |  Time(s) 0.0974 | RobustPrompt-I Loss 0.7979  
Epoch 101 |  Time(s) 0.0933 | RobustPrompt-I Loss 0.7946  
Epoch 102 |  Time(s) 0.2443 | RobustPrompt-I Loss 0.7923  
Epoch 103 |  Time(s) 0.2568 | RobustPrompt-I Loss 0.7891  
Epoch 104 |  Time(s) 0.2437 | RobustPrompt-I Loss 0.7884  
Epoch 105 |  Time(s) 0.1120 | RobustPrompt-I Loss 0.7843  
Epoch 106 |  Time(s) 0.1426 | RobustPrompt-I Loss 0.7812  
Epoch 107 |  Time(s) 0.3086 | RobustPrompt-I Loss nan  
Epoch 108 |  Time(s) 0.2935 | RobustPrompt-I Loss nan  
Epoch 109 |  Time(s) 0.3613 | RobustPrompt-I Loss nan  
Epoch 110 |  Time(s) 0.2967 | RobustPrompt-I Loss nan  
Epoch 111 |  Time(s) 0.3324 | RobustPrompt-I Loss nan  
Epoch 112 |  Time(s) 0.2579 | RobustPrompt-I Loss nan  
Epoch 113 |  Time(s) 0.1840 | RobustPrompt-I Loss nan  
Epoch 114 |  Time(s) 0.1057 | RobustPrompt-I Loss nan  
Epoch 115 |  Time(s) 0.0916 | RobustPrompt-I Loss nan  
Epoch 116 |  Time(s) 0.0878 | RobustPrompt-I Loss nan  
Epoch 117 |  Time(s) 0.0854 | RobustPrompt-I Loss nan  
Epoch 118 |  Time(s) 0.0852 | RobustPrompt-I Loss nan  
Epoch 119 |  Time(s) 0.0852 | RobustPrompt-I Loss nan  
Epoch 120 |  Time(s) 0.0851 | RobustPrompt-I Loss nan  
Epoch 121 |  Time(s) 0.0845 | RobustPrompt-I Loss nan  
Epoch 122 |  Time(s) 0.0854 | RobustPrompt-I Loss nan  
Epoch 123 |  Time(s) 0.0849 | RobustPrompt-I Loss nan  
Epoch 124 |  Time(s) 0.0854 | RobustPrompt-I Loss nan  
Epoch 125 |  Time(s) 0.0860 | RobustPrompt-I Loss nan  
----------------------------------------------------------------------------------------------------
Early stopping at 126 eopch!
load LLC or attacked data with specified split
Successfully loaded the attack of dataname with few shot 5, split 1
Attack method : Meta_Self | Attack ptb : 0.15 | Dataset: Cora
======================
Number of graphs: 1
Number of features: 1433
Number of classes: 7

Data(x=[2708, 1433], edge_index=[2, 14804], y=[2708], train_mask=[2708], val_mask=[2708], test_mask=[2708])
===========================================================================================================
Number of nodes: 2708
Number of edges: 14804
Average node degree: 5.47
Has isolated nodes: False
Has self-loops: True
Is undirected: True
GCN(
  (conv_layers): ModuleList(
    (0): GCNConv(1433, 256)
    (1): GCNConv(256, 256)
  )
)
Successfully loaded pre-trained weights!
use RobustPrompt Inductive
defense pt dict :  {'sim_pt': -1.0, 'degree_pt': 2, 'out_detect_pt': -1.0, 'other_pt': 'all'}
use_attention :  False
kl_global :  False
cosine_constraint :  True
pt_threshold :  0.25
filter_module :  OriginalFilter
temperature :  1.0
weight_mse 0.1
weight_kl :  0.1
weight_constraint :  0.0
prepare induce graph data is finished!
run RobustPrompt-I
Epoch 001 |  Time(s) 0.0918 | RobustPrompt-I Loss 1.9455  
Epoch 002 |  Time(s) 0.0837 | RobustPrompt-I Loss 1.9253  
Epoch 003 |  Time(s) 0.0829 | RobustPrompt-I Loss 1.9054  
Epoch 004 |  Time(s) 0.0828 | RobustPrompt-I Loss 1.8787  
Epoch 005 |  Time(s) 0.1266 | RobustPrompt-I Loss 1.8449  
Epoch 006 |  Time(s) 0.0827 | RobustPrompt-I Loss 1.8156  
Epoch 007 |  Time(s) 0.0826 | RobustPrompt-I Loss 1.7792  
Epoch 008 |  Time(s) 0.0825 | RobustPrompt-I Loss 1.7440  
Epoch 009 |  Time(s) 0.0823 | RobustPrompt-I Loss 1.7117  
Epoch 010 |  Time(s) 0.0820 | RobustPrompt-I Loss 1.6758  
Epoch 011 |  Time(s) 0.0818 | RobustPrompt-I Loss 1.6520  
Epoch 012 |  Time(s) 0.0819 | RobustPrompt-I Loss 1.6441  
Epoch 013 |  Time(s) 0.0818 | RobustPrompt-I Loss 1.6199  
Epoch 014 |  Time(s) 0.0818 | RobustPrompt-I Loss 1.6009  
Epoch 015 |  Time(s) 0.0819 | RobustPrompt-I Loss 1.6012  
Epoch 016 |  Time(s) 0.0822 | RobustPrompt-I Loss 1.5853  
Epoch 017 |  Time(s) 0.0819 | RobustPrompt-I Loss 1.5704  
Epoch 018 |  Time(s) 0.0818 | RobustPrompt-I Loss 1.5662  
Epoch 019 |  Time(s) 0.0852 | RobustPrompt-I Loss 1.5516  
Epoch 020 |  Time(s) 0.0822 | RobustPrompt-I Loss 1.5348  
Epoch 021 |  Time(s) 0.0827 | RobustPrompt-I Loss 1.5249  
Epoch 022 |  Time(s) 0.0824 | RobustPrompt-I Loss 1.5212  
Epoch 023 |  Time(s) 0.0828 | RobustPrompt-I Loss 1.5159  
Epoch 024 |  Time(s) 0.0824 | RobustPrompt-I Loss 1.4967  
Epoch 025 |  Time(s) 0.0828 | RobustPrompt-I Loss 1.4775  
Epoch 026 |  Time(s) 0.0830 | RobustPrompt-I Loss 1.4706  
Epoch 027 |  Time(s) 0.0829 | RobustPrompt-I Loss 1.4696  
Epoch 028 |  Time(s) 0.0827 | RobustPrompt-I Loss 1.4656  
Epoch 029 |  Time(s) 0.0828 | RobustPrompt-I Loss 1.4366  
Epoch 030 |  Time(s) 0.0834 | RobustPrompt-I Loss 1.4119  
Epoch 031 |  Time(s) 0.0830 | RobustPrompt-I Loss 1.4074  
Epoch 032 |  Time(s) 0.0827 | RobustPrompt-I Loss 1.4009  
Epoch 033 |  Time(s) 0.0825 | RobustPrompt-I Loss 1.3787  
Epoch 034 |  Time(s) 0.0827 | RobustPrompt-I Loss 1.3479  
Epoch 035 |  Time(s) 0.0822 | RobustPrompt-I Loss 1.3364  
Epoch 036 |  Time(s) 0.0819 | RobustPrompt-I Loss 1.3324  
Epoch 037 |  Time(s) 0.0817 | RobustPrompt-I Loss 1.3047  
Epoch 038 |  Time(s) 0.0830 | RobustPrompt-I Loss 1.2760  
Epoch 039 |  Time(s) 0.0831 | RobustPrompt-I Loss 1.2612  
Epoch 040 |  Time(s) 0.0824 | RobustPrompt-I Loss 1.2503  
Epoch 041 |  Time(s) 0.0822 | RobustPrompt-I Loss 1.2326  
Epoch 042 |  Time(s) 0.0828 | RobustPrompt-I Loss 1.1999  
Epoch 043 |  Time(s) 0.0823 | RobustPrompt-I Loss 1.1741  
Epoch 044 |  Time(s) 0.0824 | RobustPrompt-I Loss 1.1614  
Epoch 045 |  Time(s) 0.0825 | RobustPrompt-I Loss 1.1402  
Epoch 046 |  Time(s) 0.0826 | RobustPrompt-I Loss 1.1140  
Epoch 047 |  Time(s) 0.0825 | RobustPrompt-I Loss 1.0921  
Epoch 048 |  Time(s) 0.0852 | RobustPrompt-I Loss 1.0804  
Epoch 049 |  Time(s) 0.0826 | RobustPrompt-I Loss 1.0622  
Epoch 050 |  Time(s) 0.0828 | RobustPrompt-I Loss 1.0380  
Epoch 051 |  Time(s) 0.0823 | RobustPrompt-I Loss 1.0242  
Epoch 052 |  Time(s) 0.0819 | RobustPrompt-I Loss 1.0131  
Epoch 053 |  Time(s) 0.0822 | RobustPrompt-I Loss 0.9931  
Epoch 054 |  Time(s) 0.0829 | RobustPrompt-I Loss 0.9789  
Epoch 055 |  Time(s) 0.0825 | RobustPrompt-I Loss 0.9689  
Epoch 056 |  Time(s) 0.0834 | RobustPrompt-I Loss 0.9511  
Epoch 057 |  Time(s) 0.0827 | RobustPrompt-I Loss 0.9396  
Epoch 058 |  Time(s) 0.0826 | RobustPrompt-I Loss 0.9261  
Epoch 059 |  Time(s) 0.0831 | RobustPrompt-I Loss 0.9125  
Epoch 060 |  Time(s) 0.0822 | RobustPrompt-I Loss 0.9041  
Epoch 061 |  Time(s) 0.0835 | RobustPrompt-I Loss 0.8923  
Epoch 062 |  Time(s) 0.0829 | RobustPrompt-I Loss 0.8843  
Epoch 063 |  Time(s) 0.0828 | RobustPrompt-I Loss 0.8742  
Epoch 064 |  Time(s) 0.0830 | RobustPrompt-I Loss 0.8663  
Epoch 065 |  Time(s) 0.0832 | RobustPrompt-I Loss 0.8590  
Epoch 066 |  Time(s) 0.1951 | RobustPrompt-I Loss 0.8511  
Epoch 067 |  Time(s) 0.1144 | RobustPrompt-I Loss 0.8450  
Epoch 068 |  Time(s) 0.1575 | RobustPrompt-I Loss 0.8372  
Epoch 069 |  Time(s) 0.1807 | RobustPrompt-I Loss 0.8323  
Epoch 070 |  Time(s) 0.1379 | RobustPrompt-I Loss 0.8261  
Epoch 071 |  Time(s) 0.3507 | RobustPrompt-I Loss 0.8219  
Epoch 072 |  Time(s) 0.1898 | RobustPrompt-I Loss 0.8182  
Epoch 073 |  Time(s) 0.1237 | RobustPrompt-I Loss 0.8158  
Epoch 074 |  Time(s) 0.1007 | RobustPrompt-I Loss 0.8128  
Epoch 075 |  Time(s) 0.0831 | RobustPrompt-I Loss 0.8058  
Epoch 076 |  Time(s) 0.0822 | RobustPrompt-I Loss 0.7992  
Epoch 077 |  Time(s) 0.0857 | RobustPrompt-I Loss 0.7955  
Epoch 078 |  Time(s) 0.0826 | RobustPrompt-I Loss 0.7943  
Epoch 079 |  Time(s) 0.0823 | RobustPrompt-I Loss 0.7938  
Epoch 080 |  Time(s) 0.0815 | RobustPrompt-I Loss 0.7920  
Epoch 081 |  Time(s) 0.0823 | RobustPrompt-I Loss 0.7870  
Epoch 082 |  Time(s) 0.1149 | RobustPrompt-I Loss 0.7803  
Epoch 083 |  Time(s) 0.2257 | RobustPrompt-I Loss 0.7756  
Epoch 084 |  Time(s) 0.1225 | RobustPrompt-I Loss 0.7745  
Epoch 085 |  Time(s) 0.1484 | RobustPrompt-I Loss 0.7744  
Epoch 086 |  Time(s) 0.1038 | RobustPrompt-I Loss 0.7739  
Epoch 087 |  Time(s) 0.1687 | RobustPrompt-I Loss 0.7703  
Epoch 088 |  Time(s) 0.4507 | RobustPrompt-I Loss 0.7649  
Epoch 089 |  Time(s) 0.3785 | RobustPrompt-I Loss 0.7592  
Epoch 090 |  Time(s) 0.2305 | RobustPrompt-I Loss 0.7553  
Epoch 091 |  Time(s) 0.1017 | RobustPrompt-I Loss 0.7533  
Epoch 092 |  Time(s) 0.0851 | RobustPrompt-I Loss 0.7531  
Epoch 093 |  Time(s) 0.0847 | RobustPrompt-I Loss 0.7564  
Epoch 094 |  Time(s) 0.0948 | RobustPrompt-I Loss 0.7645  
Epoch 095 |  Time(s) 0.1247 | RobustPrompt-I Loss 0.7785  
Epoch 096 |  Time(s) 0.0910 | RobustPrompt-I Loss 0.7441  
Epoch 097 |  Time(s) 0.0833 | RobustPrompt-I Loss 0.7388  
Epoch 098 |  Time(s) 0.0863 | RobustPrompt-I Loss 0.7588  
Epoch 099 |  Time(s) 0.0832 | RobustPrompt-I Loss 0.7507  
Epoch 100 |  Time(s) 0.0839 | RobustPrompt-I Loss 0.7260  
Epoch 101 |  Time(s) 0.0831 | RobustPrompt-I Loss 0.7341  
Epoch 102 |  Time(s) 0.0832 | RobustPrompt-I Loss 0.7418  
Epoch 103 |  Time(s) 0.0836 | RobustPrompt-I Loss 0.7305  
Epoch 104 |  Time(s) 0.0834 | RobustPrompt-I Loss 0.7115  
Epoch 105 |  Time(s) 0.0830 | RobustPrompt-I Loss 0.7314  
Epoch 106 |  Time(s) 0.0868 | RobustPrompt-I Loss 0.7354  
Epoch 107 |  Time(s) 0.2495 | RobustPrompt-I Loss 0.7074  
Epoch 108 |  Time(s) 0.2378 | RobustPrompt-I Loss 0.7234  
Epoch 109 |  Time(s) 0.3257 | RobustPrompt-I Loss 0.7330  
Epoch 110 |  Time(s) 0.1784 | RobustPrompt-I Loss 0.7042  
Epoch 111 |  Time(s) 0.2741 | RobustPrompt-I Loss 0.7539  
Epoch 112 |  Time(s) 0.0957 | RobustPrompt-I Loss 0.7161  
Epoch 113 |  Time(s) 0.0925 | RobustPrompt-I Loss 0.7708  
Epoch 114 |  Time(s) 0.0902 | RobustPrompt-I Loss 0.7982  
Epoch 115 |  Time(s) 0.0875 | RobustPrompt-I Loss 0.7003  
Epoch 116 |  Time(s) 0.0871 | RobustPrompt-I Loss 0.7717  
Epoch 117 |  Time(s) 0.0872 | RobustPrompt-I Loss 0.7512  
Epoch 118 |  Time(s) 0.0898 | RobustPrompt-I Loss 0.7149  
Epoch 119 |  Time(s) 0.0900 | RobustPrompt-I Loss 0.7423  
Epoch 120 |  Time(s) 0.1522 | RobustPrompt-I Loss 0.7117  
Epoch 121 |  Time(s) 0.0881 | RobustPrompt-I Loss 0.7046  
Epoch 122 |  Time(s) 0.0876 | RobustPrompt-I Loss 0.7163  
Epoch 123 |  Time(s) 0.0878 | RobustPrompt-I Loss 0.6899  
Epoch 124 |  Time(s) 0.1595 | RobustPrompt-I Loss 0.6912  
Epoch 125 |  Time(s) 0.2691 | RobustPrompt-I Loss 0.6889  
Epoch 126 |  Time(s) 0.1789 | RobustPrompt-I Loss 0.6580  
Epoch 127 |  Time(s) 0.1127 | RobustPrompt-I Loss 0.6741  
Epoch 128 |  Time(s) 0.1672 | RobustPrompt-I Loss 0.6511  
Epoch 129 |  Time(s) 0.2473 | RobustPrompt-I Loss 0.6569  
Epoch 130 |  Time(s) 0.1033 | RobustPrompt-I Loss 0.6517  
Epoch 131 |  Time(s) 0.1771 | RobustPrompt-I Loss 0.6470  
Epoch 132 |  Time(s) 0.0951 | RobustPrompt-I Loss 0.6336  
Epoch 133 |  Time(s) 0.0915 | RobustPrompt-I Loss 0.6390  
Epoch 134 |  Time(s) 0.0921 | RobustPrompt-I Loss 0.6282  
Epoch 135 |  Time(s) 0.0868 | RobustPrompt-I Loss 0.6203  
Epoch 136 |  Time(s) 0.0867 | RobustPrompt-I Loss 0.6238  
Epoch 137 |  Time(s) 0.0868 | RobustPrompt-I Loss 0.6088  
Epoch 138 |  Time(s) 0.0867 | RobustPrompt-I Loss 0.6082  
Epoch 139 |  Time(s) 0.0861 | RobustPrompt-I Loss 0.6032  
Epoch 140 |  Time(s) 0.0864 | RobustPrompt-I Loss 0.5992  
Epoch 141 |  Time(s) 0.0861 | RobustPrompt-I Loss 0.5862  
Epoch 142 |  Time(s) 0.0863 | RobustPrompt-I Loss 0.5880  
Epoch 143 |  Time(s) 0.0859 | RobustPrompt-I Loss 0.5793  
Epoch 144 |  Time(s) 0.0860 | RobustPrompt-I Loss 0.5731  
Epoch 145 |  Time(s) 0.0858 | RobustPrompt-I Loss 0.5650  
Epoch 146 |  Time(s) 0.0865 | RobustPrompt-I Loss 0.5641  
Epoch 147 |  Time(s) 0.0863 | RobustPrompt-I Loss 0.5576  
Epoch 148 |  Time(s) 0.0858 | RobustPrompt-I Loss 0.5520  
Epoch 149 |  Time(s) 0.0857 | RobustPrompt-I Loss 0.5428  
Epoch 150 |  Time(s) 0.1373 | RobustPrompt-I Loss 0.5366  
Epoch 151 |  Time(s) 0.0878 | RobustPrompt-I Loss 0.5291  
Epoch 152 |  Time(s) 0.0879 | RobustPrompt-I Loss 0.5249  
Epoch 153 |  Time(s) 0.0879 | RobustPrompt-I Loss 0.5186  
Epoch 154 |  Time(s) 0.0859 | RobustPrompt-I Loss 0.5145  
Epoch 155 |  Time(s) 0.0859 | RobustPrompt-I Loss 0.5096  
Epoch 156 |  Time(s) 0.0865 | RobustPrompt-I Loss 0.5081  
Epoch 157 |  Time(s) 0.0868 | RobustPrompt-I Loss 0.5059  
Epoch 158 |  Time(s) 0.0865 | RobustPrompt-I Loss 0.4904  
Epoch 159 |  Time(s) 0.0870 | RobustPrompt-I Loss 0.4810  
Epoch 160 |  Time(s) 0.0860 | RobustPrompt-I Loss 0.4739  
Epoch 161 |  Time(s) 0.0859 | RobustPrompt-I Loss 0.4681  
Epoch 162 |  Time(s) 0.0871 | RobustPrompt-I Loss 0.4614  
Epoch 163 |  Time(s) 0.0866 | RobustPrompt-I Loss 0.4567  
Epoch 164 |  Time(s) 0.0865 | RobustPrompt-I Loss 0.4576  
Epoch 165 |  Time(s) 0.0866 | RobustPrompt-I Loss 0.4674  
Epoch 166 |  Time(s) 0.0860 | RobustPrompt-I Loss 0.4358  
Epoch 167 |  Time(s) 0.0855 | RobustPrompt-I Loss 0.4488  
Epoch 168 |  Time(s) 0.0858 | RobustPrompt-I Loss 0.4443  
Epoch 169 |  Time(s) 0.0860 | RobustPrompt-I Loss 0.4197  
Epoch 170 |  Time(s) 0.0863 | RobustPrompt-I Loss 0.4241  
Epoch 171 |  Time(s) 0.0856 | RobustPrompt-I Loss 0.4669  
Epoch 172 |  Time(s) 0.0871 | RobustPrompt-I Loss 0.4262  
Epoch 173 |  Time(s) 0.0867 | RobustPrompt-I Loss 0.5425  
Epoch 174 |  Time(s) 0.0869 | RobustPrompt-I Loss 0.5661  
Epoch 175 |  Time(s) 0.0866 | RobustPrompt-I Loss 0.3958  
Epoch 176 |  Time(s) 0.0863 | RobustPrompt-I Loss 0.5143  
Epoch 177 |  Time(s) 0.0859 | RobustPrompt-I Loss 0.4545  
Epoch 178 |  Time(s) 0.0864 | RobustPrompt-I Loss 0.4477  
Epoch 179 |  Time(s) 0.0856 | RobustPrompt-I Loss 0.4786  
Epoch 180 |  Time(s) 0.0853 | RobustPrompt-I Loss 0.3898  
Epoch 181 |  Time(s) 0.0853 | RobustPrompt-I Loss 0.4029  
Epoch 182 |  Time(s) 0.1240 | RobustPrompt-I Loss 0.4306  
Epoch 183 |  Time(s) 0.1383 | RobustPrompt-I Loss 0.3951  
Epoch 184 |  Time(s) 0.0923 | RobustPrompt-I Loss 0.5223  
Epoch 185 |  Time(s) 0.0872 | RobustPrompt-I Loss 0.5839  
Epoch 186 |  Time(s) 0.0843 | RobustPrompt-I Loss 0.4108  
Epoch 187 |  Time(s) 0.0828 | RobustPrompt-I Loss 0.6487  
Epoch 188 |  Time(s) 0.0835 | RobustPrompt-I Loss 0.8134  
Epoch 189 |  Time(s) 0.0839 | RobustPrompt-I Loss 0.4653  
Epoch 190 |  Time(s) 0.0834 | RobustPrompt-I Loss 0.4776  
Epoch 191 |  Time(s) 0.0831 | RobustPrompt-I Loss 0.5602  
Epoch 192 |  Time(s) 0.0836 | RobustPrompt-I Loss 0.3973  
Epoch 193 |  Time(s) 0.0832 | RobustPrompt-I Loss 0.6308  
Epoch 194 |  Time(s) 0.0836 | RobustPrompt-I Loss 0.8324  
Epoch 195 |  Time(s) 0.0836 | RobustPrompt-I Loss 0.5289  
Epoch 196 |  Time(s) 0.0833 | RobustPrompt-I Loss 0.4052  
Epoch 197 |  Time(s) 0.0843 | RobustPrompt-I Loss 0.5134  
Epoch 198 |  Time(s) 0.0841 | RobustPrompt-I Loss 0.4253  
Epoch 199 |  Time(s) 0.0840 | RobustPrompt-I Loss 0.4200  
----------------------------------------------------------------------------------------------------
Early stopping at 200 eopch!
Batch 0 Acc: 0.1400 | Macro-F1: 0.0768
Batch 1 Acc: 0.0300 | Macro-F1: 0.0148
Batch 2 Acc: 0.1200 | Macro-F1: 0.0675
Batch 3 Acc: 0.1900 | Macro-F1: 0.0888
Batch 4 Acc: 0.1100 | Macro-F1: 0.0686
Batch 5 Acc: 0.0800 | Macro-F1: 0.0451
Batch 6 Acc: 0.0900 | Macro-F1: 0.0467
Batch 7 Acc: 0.0900 | Macro-F1: 0.0428
Batch 8 Acc: 0.1500 | Macro-F1: 0.0752
Batch 9 Acc: 0.0500 | Macro-F1: 0.0354
Final True Accuracy: 0.1050 | Macro F1 Score: 0.0581
best_loss [0.4850853383541107]
load LLC or attacked data with specified split
Successfully loaded the attack of dataname with few shot 5, split 1
Attack method : Meta_Self | Attack ptb : 0.15 | Dataset: Cora
======================
Number of graphs: 1
Number of features: 1433
Number of classes: 7

Data(x=[2708, 1433], edge_index=[2, 14804], y=[2708], train_mask=[2708], val_mask=[2708], test_mask=[2708])
===========================================================================================================
Number of nodes: 2708
Number of edges: 14804
Average node degree: 5.47
Has isolated nodes: False
Has self-loops: True
Is undirected: True
GCN(
  (conv_layers): ModuleList(
    (0): GCNConv(1433, 256)
    (1): GCNConv(256, 256)
  )
)
Successfully loaded pre-trained weights!
use RobustPrompt Inductive
defense pt dict :  {'sim_pt': -1.0, 'degree_pt': 2, 'out_detect_pt': -1.0, 'other_pt': 'all'}
use_attention :  False
kl_global :  False
cosine_constraint :  True
pt_threshold :  0.25
filter_module :  OriginalFilter
temperature :  1.0
weight_mse 0.1
weight_kl :  0.1
weight_constraint :  0.0
prepare induce graph data is finished!
run RobustPrompt-I
Epoch 001 |  Time(s) 0.1056 | RobustPrompt-I Loss 1.9427  
Epoch 002 |  Time(s) 0.0889 | RobustPrompt-I Loss 1.9278  
Epoch 003 |  Time(s) 0.0884 | RobustPrompt-I Loss 1.9080  
Epoch 004 |  Time(s) 0.0882 | RobustPrompt-I Loss 1.8886  
Epoch 005 |  Time(s) 0.0886 | RobustPrompt-I Loss 1.8516  
Epoch 006 |  Time(s) 0.0882 | RobustPrompt-I Loss 1.8262  
Epoch 007 |  Time(s) 0.0882 | RobustPrompt-I Loss 1.7788  
Epoch 008 |  Time(s) 0.0883 | RobustPrompt-I Loss 1.7579  
Epoch 009 |  Time(s) 0.0884 | RobustPrompt-I Loss 1.7128  
Epoch 010 |  Time(s) 0.0930 | RobustPrompt-I Loss 1.6945  
Epoch 011 |  Time(s) 0.1086 | RobustPrompt-I Loss 1.6663  
Epoch 012 |  Time(s) 0.0920 | RobustPrompt-I Loss 1.6499  
Epoch 013 |  Time(s) 0.0883 | RobustPrompt-I Loss 1.6288  
Epoch 014 |  Time(s) 0.0886 | RobustPrompt-I Loss 1.6110  
Epoch 015 |  Time(s) 0.0886 | RobustPrompt-I Loss 1.6070  
Epoch 016 |  Time(s) 0.0884 | RobustPrompt-I Loss 1.5878  
Epoch 017 |  Time(s) 0.0903 | RobustPrompt-I Loss 1.5778  
Epoch 018 |  Time(s) 0.0880 | RobustPrompt-I Loss 1.5771  
Epoch 019 |  Time(s) 0.0891 | RobustPrompt-I Loss 1.5588  
Epoch 020 |  Time(s) 0.0892 | RobustPrompt-I Loss 1.5440  
Epoch 021 |  Time(s) 0.0889 | RobustPrompt-I Loss 1.5379  
Epoch 022 |  Time(s) 0.0890 | RobustPrompt-I Loss 1.5196  
Epoch 023 |  Time(s) 0.0888 | RobustPrompt-I Loss 1.5008  
Epoch 024 |  Time(s) 0.0891 | RobustPrompt-I Loss 1.4915  
Epoch 025 |  Time(s) 0.0895 | RobustPrompt-I Loss 1.4869  
Epoch 026 |  Time(s) 0.0895 | RobustPrompt-I Loss 1.4746  
Epoch 027 |  Time(s) 0.0891 | RobustPrompt-I Loss 1.4503  
Epoch 028 |  Time(s) 0.0894 | RobustPrompt-I Loss 1.4354  
Epoch 029 |  Time(s) 0.0896 | RobustPrompt-I Loss 1.4295  
Epoch 030 |  Time(s) 0.0923 | RobustPrompt-I Loss 1.4323  
Epoch 031 |  Time(s) 0.0914 | RobustPrompt-I Loss 1.4095  
Epoch 032 |  Time(s) 0.0903 | RobustPrompt-I Loss 1.3815  
Epoch 033 |  Time(s) 0.0912 | RobustPrompt-I Loss 1.3642  
Epoch 034 |  Time(s) 0.0910 | RobustPrompt-I Loss 1.3585  
Epoch 035 |  Time(s) 0.0910 | RobustPrompt-I Loss 1.3651  
Epoch 036 |  Time(s) 0.0910 | RobustPrompt-I Loss 1.3125  
Epoch 037 |  Time(s) 0.0908 | RobustPrompt-I Loss 1.3001  
Epoch 038 |  Time(s) 0.0903 | RobustPrompt-I Loss 1.3133  
Epoch 039 |  Time(s) 0.0901 | RobustPrompt-I Loss 1.2574  
Epoch 040 |  Time(s) 0.0901 | RobustPrompt-I Loss 1.2489  
Epoch 041 |  Time(s) 0.0901 | RobustPrompt-I Loss 1.2656  
Epoch 042 |  Time(s) 0.0907 | RobustPrompt-I Loss 1.2046  
Epoch 043 |  Time(s) 0.0895 | RobustPrompt-I Loss 1.2357  
Epoch 044 |  Time(s) 0.0882 | RobustPrompt-I Loss 1.1649  
Epoch 045 |  Time(s) 0.0886 | RobustPrompt-I Loss 1.2625  
Epoch 046 |  Time(s) 0.0881 | RobustPrompt-I Loss 1.2134  
Epoch 047 |  Time(s) 0.0883 | RobustPrompt-I Loss 1.1370  
Epoch 048 |  Time(s) 0.0880 | RobustPrompt-I Loss 1.1237  
Epoch 049 |  Time(s) 0.0883 | RobustPrompt-I Loss 1.1286  
Epoch 050 |  Time(s) 0.0882 | RobustPrompt-I Loss 1.1022  
Epoch 051 |  Time(s) 0.0892 | RobustPrompt-I Loss 1.0957  
Epoch 052 |  Time(s) 0.0879 | RobustPrompt-I Loss 1.0807  
Epoch 053 |  Time(s) 0.0882 | RobustPrompt-I Loss 1.0635  
Epoch 054 |  Time(s) 0.0879 | RobustPrompt-I Loss 1.0436  
Epoch 055 |  Time(s) 0.1298 | RobustPrompt-I Loss 1.0369  
Epoch 056 |  Time(s) 0.0883 | RobustPrompt-I Loss 1.0127  
Epoch 057 |  Time(s) 0.0894 | RobustPrompt-I Loss 1.0244  
Epoch 058 |  Time(s) 0.0873 | RobustPrompt-I Loss 1.0115  
Epoch 059 |  Time(s) 0.0875 | RobustPrompt-I Loss 0.9748  
Epoch 060 |  Time(s) 0.0879 | RobustPrompt-I Loss 0.9699  
Epoch 061 |  Time(s) 0.0879 | RobustPrompt-I Loss 0.9564  
Epoch 062 |  Time(s) 0.0879 | RobustPrompt-I Loss 0.9456  
Epoch 063 |  Time(s) 0.0883 | RobustPrompt-I Loss 0.9381  
Epoch 064 |  Time(s) 0.0890 | RobustPrompt-I Loss 0.9177  
Epoch 065 |  Time(s) 0.1081 | RobustPrompt-I Loss 0.9213  
Epoch 066 |  Time(s) 0.0883 | RobustPrompt-I Loss 0.9005  
Epoch 067 |  Time(s) 0.0889 | RobustPrompt-I Loss 0.9029  
Epoch 068 |  Time(s) 0.0883 | RobustPrompt-I Loss 0.8790  
Epoch 069 |  Time(s) 0.0879 | RobustPrompt-I Loss 0.8921  
Epoch 070 |  Time(s) 0.0870 | RobustPrompt-I Loss 0.8704  
Epoch 071 |  Time(s) 0.0878 | RobustPrompt-I Loss 0.8729  
Epoch 072 |  Time(s) 0.0879 | RobustPrompt-I Loss 0.8638  
Epoch 073 |  Time(s) 0.0873 | RobustPrompt-I Loss 0.8559  
Epoch 074 |  Time(s) 0.0873 | RobustPrompt-I Loss 0.8562  
Epoch 075 |  Time(s) 0.0874 | RobustPrompt-I Loss 0.8450  
Epoch 076 |  Time(s) 0.0880 | RobustPrompt-I Loss 0.8425  
Epoch 077 |  Time(s) 0.0944 | RobustPrompt-I Loss 0.8394  
Epoch 078 |  Time(s) 0.0884 | RobustPrompt-I Loss 0.8317  
Epoch 079 |  Time(s) 0.0877 | RobustPrompt-I Loss 0.8308  
Epoch 080 |  Time(s) 0.0882 | RobustPrompt-I Loss 0.8244  
Epoch 081 |  Time(s) 0.0868 | RobustPrompt-I Loss 0.8202  
Epoch 082 |  Time(s) 0.0872 | RobustPrompt-I Loss 0.8186  
Epoch 083 |  Time(s) 0.1432 | RobustPrompt-I Loss 0.8129  
Epoch 084 |  Time(s) 0.1609 | RobustPrompt-I Loss 0.8118  
Epoch 085 |  Time(s) 0.0942 | RobustPrompt-I Loss 0.8068  
Epoch 086 |  Time(s) 0.0886 | RobustPrompt-I Loss 0.8040  
Epoch 087 |  Time(s) 0.0883 | RobustPrompt-I Loss nan  
Epoch 088 |  Time(s) 0.0872 | RobustPrompt-I Loss nan  
Epoch 089 |  Time(s) 0.0866 | RobustPrompt-I Loss nan  
Epoch 090 |  Time(s) 0.0883 | RobustPrompt-I Loss nan  
Epoch 091 |  Time(s) 0.0874 | RobustPrompt-I Loss nan  
Epoch 092 |  Time(s) 0.0882 | RobustPrompt-I Loss nan  
Epoch 093 |  Time(s) 0.0883 | RobustPrompt-I Loss nan  
Epoch 094 |  Time(s) 0.0883 | RobustPrompt-I Loss nan  
Epoch 095 |  Time(s) 0.0881 | RobustPrompt-I Loss nan  
Epoch 096 |  Time(s) 0.0877 | RobustPrompt-I Loss nan  
Epoch 097 |  Time(s) 0.0884 | RobustPrompt-I Loss nan  
Epoch 098 |  Time(s) 0.0886 | RobustPrompt-I Loss nan  
Epoch 099 |  Time(s) 0.0884 | RobustPrompt-I Loss nan  
Epoch 100 |  Time(s) 0.0887 | RobustPrompt-I Loss nan  
Epoch 101 |  Time(s) 0.0886 | RobustPrompt-I Loss nan  
Epoch 102 |  Time(s) 0.0880 | RobustPrompt-I Loss nan  
Epoch 103 |  Time(s) 0.0876 | RobustPrompt-I Loss nan  
Epoch 104 |  Time(s) 0.0878 | RobustPrompt-I Loss nan  
Epoch 105 |  Time(s) 0.0888 | RobustPrompt-I Loss nan  
----------------------------------------------------------------------------------------------------
Early stopping at 106 eopch!
load LLC or attacked data with specified split
Successfully loaded the attack of dataname with few shot 5, split 1
Attack method : Meta_Self | Attack ptb : 0.15 | Dataset: Cora
======================
Number of graphs: 1
Number of features: 1433
Number of classes: 7

Data(x=[2708, 1433], edge_index=[2, 14804], y=[2708], train_mask=[2708], val_mask=[2708], test_mask=[2708])
===========================================================================================================
Number of nodes: 2708
Number of edges: 14804
Average node degree: 5.47
Has isolated nodes: False
Has self-loops: True
Is undirected: True
GCN(
  (conv_layers): ModuleList(
    (0): GCNConv(1433, 256)
    (1): GCNConv(256, 256)
  )
)
Successfully loaded pre-trained weights!
use RobustPrompt Inductive
defense pt dict :  {'sim_pt': -1.0, 'degree_pt': 2, 'out_detect_pt': -1.0, 'other_pt': 'all'}
use_attention :  False
kl_global :  False
cosine_constraint :  True
pt_threshold :  0.25
filter_module :  OriginalFilter
temperature :  1.0
weight_mse 0.1
weight_kl :  0.1
weight_constraint :  0.0
prepare induce graph data is finished!
run RobustPrompt-I
Epoch 001 |  Time(s) 0.2032 | RobustPrompt-I Loss 1.9484  
Epoch 002 |  Time(s) 0.0986 | RobustPrompt-I Loss 1.9318  
Epoch 003 |  Time(s) 0.0940 | RobustPrompt-I Loss 1.9076  
Epoch 004 |  Time(s) 0.0990 | RobustPrompt-I Loss 1.8842  
Epoch 005 |  Time(s) 0.0874 | RobustPrompt-I Loss 1.8559  
Epoch 006 |  Time(s) 0.0987 | RobustPrompt-I Loss 1.8225  
Epoch 007 |  Time(s) 0.0895 | RobustPrompt-I Loss 1.7861  
Epoch 008 |  Time(s) 0.0900 | RobustPrompt-I Loss 1.7539  
Epoch 009 |  Time(s) 0.0897 | RobustPrompt-I Loss 1.7207  
Epoch 010 |  Time(s) 0.0908 | RobustPrompt-I Loss 1.6880  
Epoch 011 |  Time(s) 0.0898 | RobustPrompt-I Loss 1.6538  
Epoch 012 |  Time(s) 0.0899 | RobustPrompt-I Loss 1.6274  
Epoch 013 |  Time(s) 0.0896 | RobustPrompt-I Loss 1.6113  
Epoch 014 |  Time(s) 0.0904 | RobustPrompt-I Loss 1.6011  
Epoch 015 |  Time(s) 0.0890 | RobustPrompt-I Loss 1.5977  
Epoch 016 |  Time(s) 0.0886 | RobustPrompt-I Loss 1.5859  
Epoch 017 |  Time(s) 0.0883 | RobustPrompt-I Loss 1.5688  
Epoch 018 |  Time(s) 0.0885 | RobustPrompt-I Loss 1.5552  
Epoch 019 |  Time(s) 0.0890 | RobustPrompt-I Loss 1.5349  
Epoch 020 |  Time(s) 0.0876 | RobustPrompt-I Loss 1.5296  
Epoch 021 |  Time(s) 0.0882 | RobustPrompt-I Loss 1.5222  
Epoch 022 |  Time(s) 0.0884 | RobustPrompt-I Loss 1.5060  
Epoch 023 |  Time(s) 0.0879 | RobustPrompt-I Loss 1.5073  
Epoch 024 |  Time(s) 0.0887 | RobustPrompt-I Loss 1.4868  
Epoch 025 |  Time(s) 0.0878 | RobustPrompt-I Loss 1.4615  
Epoch 026 |  Time(s) 0.0876 | RobustPrompt-I Loss 1.4470  
Epoch 027 |  Time(s) 0.0873 | RobustPrompt-I Loss 1.4405  
Epoch 028 |  Time(s) 0.0877 | RobustPrompt-I Loss 1.4479  
Epoch 029 |  Time(s) 0.0872 | RobustPrompt-I Loss 1.4222  
Epoch 030 |  Time(s) 0.0886 | RobustPrompt-I Loss 1.4008  
Epoch 031 |  Time(s) 0.0880 | RobustPrompt-I Loss 1.3812  
Epoch 032 |  Time(s) 0.0878 | RobustPrompt-I Loss 1.3653  
Epoch 033 |  Time(s) 0.0884 | RobustPrompt-I Loss 1.3636  
Epoch 034 |  Time(s) 0.0871 | RobustPrompt-I Loss 1.3443  
Epoch 035 |  Time(s) 0.0885 | RobustPrompt-I Loss 1.3369  
Epoch 036 |  Time(s) 0.0877 | RobustPrompt-I Loss 1.2997  
Epoch 037 |  Time(s) 0.1229 | RobustPrompt-I Loss 1.2757  
Epoch 038 |  Time(s) 0.1093 | RobustPrompt-I Loss 1.2641  
Epoch 039 |  Time(s) 0.0982 | RobustPrompt-I Loss 1.2468  
Epoch 040 |  Time(s) 0.0897 | RobustPrompt-I Loss 1.2322  
Epoch 041 |  Time(s) 0.0916 | RobustPrompt-I Loss 1.1959  
Epoch 042 |  Time(s) 0.0889 | RobustPrompt-I Loss 1.1813  
Epoch 043 |  Time(s) 0.0891 | RobustPrompt-I Loss 1.1609  
Epoch 044 |  Time(s) 0.0888 | RobustPrompt-I Loss 1.1301  
Epoch 045 |  Time(s) 0.0881 | RobustPrompt-I Loss 1.1074  
Epoch 046 |  Time(s) 0.0889 | RobustPrompt-I Loss 1.0851  
Epoch 047 |  Time(s) 0.0884 | RobustPrompt-I Loss 1.0662  
Epoch 048 |  Time(s) 0.0892 | RobustPrompt-I Loss 1.0445  
Epoch 049 |  Time(s) 0.0889 | RobustPrompt-I Loss 1.0268  
Epoch 050 |  Time(s) 0.0896 | RobustPrompt-I Loss 1.0063  
Epoch 051 |  Time(s) 0.0874 | RobustPrompt-I Loss 0.9892  
Epoch 052 |  Time(s) 0.0888 | RobustPrompt-I Loss 0.9680  
Epoch 053 |  Time(s) 0.0881 | RobustPrompt-I Loss 0.9612  
Epoch 054 |  Time(s) 0.0880 | RobustPrompt-I Loss 0.9451  
Epoch 055 |  Time(s) 0.1523 | RobustPrompt-I Loss 0.9353  
Epoch 056 |  Time(s) 0.1924 | RobustPrompt-I Loss 0.9222  
Epoch 057 |  Time(s) 0.2132 | RobustPrompt-I Loss 0.9108  
Epoch 058 |  Time(s) 0.1033 | RobustPrompt-I Loss 0.9009  
Epoch 059 |  Time(s) 0.1021 | RobustPrompt-I Loss 0.8986  
Epoch 060 |  Time(s) 0.0925 | RobustPrompt-I Loss 0.8956  
Epoch 061 |  Time(s) 0.0903 | RobustPrompt-I Loss 0.8884  
Epoch 062 |  Time(s) 0.0932 | RobustPrompt-I Loss 0.8808  
Epoch 063 |  Time(s) 0.0895 | RobustPrompt-I Loss 0.8696  
Epoch 064 |  Time(s) 0.0902 | RobustPrompt-I Loss 0.8569  
Epoch 065 |  Time(s) 0.0889 | RobustPrompt-I Loss 0.8555  
Epoch 066 |  Time(s) 0.0897 | RobustPrompt-I Loss 0.8568  
Epoch 067 |  Time(s) 0.0887 | RobustPrompt-I Loss 0.8420  
Epoch 068 |  Time(s) 0.0904 | RobustPrompt-I Loss 0.8312  
Epoch 069 |  Time(s) 0.0901 | RobustPrompt-I Loss 0.8340  
Epoch 070 |  Time(s) 0.0892 | RobustPrompt-I Loss 0.8280  
Epoch 071 |  Time(s) 0.0890 | RobustPrompt-I Loss 0.8203  
Epoch 072 |  Time(s) 0.0884 | RobustPrompt-I Loss 0.8159  
Epoch 073 |  Time(s) 0.0902 | RobustPrompt-I Loss 0.8038  
Epoch 074 |  Time(s) 0.0873 | RobustPrompt-I Loss 0.7989  
Epoch 075 |  Time(s) 0.0955 | RobustPrompt-I Loss 0.7897  
Epoch 076 |  Time(s) 0.0961 | RobustPrompt-I Loss 0.7833  
Epoch 077 |  Time(s) 0.0908 | RobustPrompt-I Loss 0.7779  
Epoch 078 |  Time(s) 0.0881 | RobustPrompt-I Loss 0.7720  
Epoch 079 |  Time(s) 0.0826 | RobustPrompt-I Loss 0.7645  
Epoch 080 |  Time(s) 0.0922 | RobustPrompt-I Loss 0.7576  
Epoch 081 |  Time(s) 0.1023 | RobustPrompt-I Loss 0.7508  
Epoch 082 |  Time(s) 0.1672 | RobustPrompt-I Loss 0.7441  
Epoch 083 |  Time(s) 0.1042 | RobustPrompt-I Loss 0.7424  
Epoch 084 |  Time(s) 0.2062 | RobustPrompt-I Loss 0.7329  
Epoch 085 |  Time(s) 0.3362 | RobustPrompt-I Loss 0.7331  
Epoch 086 |  Time(s) 0.4603 | RobustPrompt-I Loss 0.7317  
Epoch 087 |  Time(s) 0.3317 | RobustPrompt-I Loss 0.7405  
Epoch 088 |  Time(s) 0.2304 | RobustPrompt-I Loss 0.7414  
Epoch 089 |  Time(s) 0.1007 | RobustPrompt-I Loss 0.7067  
Epoch 090 |  Time(s) 0.1262 | RobustPrompt-I Loss 0.7059  
Epoch 091 |  Time(s) 0.1604 | RobustPrompt-I Loss 0.7218  
Epoch 092 |  Time(s) 0.2346 | RobustPrompt-I Loss 0.6926  
Epoch 093 |  Time(s) 0.3408 | RobustPrompt-I Loss 0.6825  
Epoch 094 |  Time(s) 0.4530 | RobustPrompt-I Loss 0.6967  
Epoch 095 |  Time(s) 0.2562 | RobustPrompt-I Loss 0.6809  
Epoch 096 |  Time(s) 0.1171 | RobustPrompt-I Loss 0.6604  
Epoch 097 |  Time(s) 0.1260 | RobustPrompt-I Loss 0.6601  
Epoch 098 |  Time(s) 0.1028 | RobustPrompt-I Loss 0.6655  
Epoch 099 |  Time(s) 0.0994 | RobustPrompt-I Loss 0.6594  
Epoch 100 |  Time(s) 0.0912 | RobustPrompt-I Loss 0.6382  
Epoch 101 |  Time(s) 0.0904 | RobustPrompt-I Loss 0.6298  
Epoch 102 |  Time(s) 0.0944 | RobustPrompt-I Loss 0.6362  
Epoch 103 |  Time(s) 0.0943 | RobustPrompt-I Loss 0.6312  
Epoch 104 |  Time(s) 0.1244 | RobustPrompt-I Loss 0.6207  
Epoch 105 |  Time(s) 0.1023 | RobustPrompt-I Loss 0.6034  
Epoch 106 |  Time(s) 0.1458 | RobustPrompt-I Loss 0.5996  
Epoch 107 |  Time(s) 0.1221 | RobustPrompt-I Loss 0.6030  
Epoch 108 |  Time(s) 0.1084 | RobustPrompt-I Loss 0.5982  
Epoch 109 |  Time(s) 0.0948 | RobustPrompt-I Loss 0.5922  
Epoch 110 |  Time(s) 0.0928 | RobustPrompt-I Loss 0.5757  
Epoch 111 |  Time(s) 0.0922 | RobustPrompt-I Loss 0.5676  
Epoch 112 |  Time(s) 0.0907 | RobustPrompt-I Loss 0.5686  
Epoch 113 |  Time(s) 0.0900 | RobustPrompt-I Loss 0.5650  
Epoch 114 |  Time(s) 0.0888 | RobustPrompt-I Loss 0.5715  
Epoch 115 |  Time(s) 0.0891 | RobustPrompt-I Loss 0.5441  
Epoch 116 |  Time(s) 0.0896 | RobustPrompt-I Loss 0.5391  
Epoch 117 |  Time(s) 0.0896 | RobustPrompt-I Loss 0.5534  
Epoch 118 |  Time(s) 0.0899 | RobustPrompt-I Loss 0.5357  
Epoch 119 |  Time(s) 0.0905 | RobustPrompt-I Loss 0.5303  
Epoch 120 |  Time(s) 0.0904 | RobustPrompt-I Loss 0.5188  
Epoch 121 |  Time(s) 0.0901 | RobustPrompt-I Loss 0.5130  
Epoch 122 |  Time(s) 0.0910 | RobustPrompt-I Loss 0.5083  
Epoch 123 |  Time(s) 0.0898 | RobustPrompt-I Loss 0.5051  
Epoch 124 |  Time(s) 0.0922 | RobustPrompt-I Loss 0.5063  
Epoch 125 |  Time(s) 0.0908 | RobustPrompt-I Loss 0.5148  
Epoch 126 |  Time(s) 0.0910 | RobustPrompt-I Loss 0.4863  
Epoch 127 |  Time(s) 0.0916 | RobustPrompt-I Loss 0.4938  
Epoch 128 |  Time(s) 0.0908 | RobustPrompt-I Loss 0.5133  
Epoch 129 |  Time(s) 0.0906 | RobustPrompt-I Loss 0.4751  
Epoch 130 |  Time(s) 0.0898 | RobustPrompt-I Loss 0.5569  
Epoch 131 |  Time(s) 0.0900 | RobustPrompt-I Loss 0.5141  
Epoch 132 |  Time(s) 0.0902 | RobustPrompt-I Loss nan  
Epoch 133 |  Time(s) 0.0898 | RobustPrompt-I Loss nan  
Epoch 134 |  Time(s) 0.1322 | RobustPrompt-I Loss nan  
Epoch 135 |  Time(s) 0.3514 | RobustPrompt-I Loss nan  
Epoch 136 |  Time(s) 0.4516 | RobustPrompt-I Loss nan  
Epoch 137 |  Time(s) 0.2493 | RobustPrompt-I Loss nan  
Epoch 138 |  Time(s) 0.2359 | RobustPrompt-I Loss nan  
Epoch 139 |  Time(s) 0.2611 | RobustPrompt-I Loss nan  
Epoch 140 |  Time(s) 0.2971 | RobustPrompt-I Loss nan  
Epoch 141 |  Time(s) 0.3662 | RobustPrompt-I Loss nan  
Epoch 142 |  Time(s) 0.3169 | RobustPrompt-I Loss nan  
Epoch 143 |  Time(s) 0.1729 | RobustPrompt-I Loss nan  
Epoch 144 |  Time(s) 0.1092 | RobustPrompt-I Loss nan  
Epoch 145 |  Time(s) 0.1546 | RobustPrompt-I Loss nan  
Epoch 146 |  Time(s) 0.0898 | RobustPrompt-I Loss nan  
Epoch 147 |  Time(s) 0.1062 | RobustPrompt-I Loss nan  
Epoch 148 |  Time(s) 0.0948 | RobustPrompt-I Loss nan  
----------------------------------------------------------------------------------------------------
Early stopping at 149 eopch!
{1: {1: nan}, 2: {1: nan}, 3: {1: 0.10499999672174454}, 4: {1: nan}, 5: {1: nan}}
{1: {1: nan, 2: nan, 3: 0.10499999672174454, 4: nan, 5: nan}}
########################################################################################
seed: 1 | split 1 : nan
# Seed 1 Muti Split Final Acc: nan±nan
seed: 2 | split 1 : nan
# Seed 2 Muti Split Final Acc: nan±nan
seed: 3 | split 1 : 0.10499999672174454
# Seed 3 Muti Split Final Acc: 0.1050±0.0000
seed: 4 | split 1 : nan
# Seed 4 Muti Split Final Acc: nan±nan
seed: 5 | split 1 : nan
# Seed 5 Muti Split Final Acc: nan±nan
########################################################################################
split: 1 | seed 1 : nan
split: 1 | seed 2 : nan
split: 1 | seed 3 : 0.10499999672174454
split: 1 | seed 4 : nan
split: 1 | seed 5 : nan
# Split 1 Muti Seed Acc without min value: nan±nan
########################################################################################
Done phase=degree, deg=2, ptb=0.15, end=2026-06-09 00:00:05, duration=00:01:18
