Start phase=degree, deg=5, ptb=0.0, time=2026-06-08 23:49:37, log=logs/RobustPrompt-I/ft_deg5_0.0_20260608_234937.log
load LLC or attacked data with specified split
Successfully loaded the attack of dataname with few shot 5, split 1
Attack method : Meta_Self | Attack ptb : 0.0 | Dataset: Cora
======================
Number of graphs: 1
Number of features: 1433
Number of classes: 7

Data(x=[2708, 1433], edge_index=[2, 13264], y=[2708], train_mask=[2708], val_mask=[2708], test_mask=[2708])
===========================================================================================================
Number of nodes: 2708
Number of edges: 13264
Average node degree: 4.90
Has isolated nodes: False
Has self-loops: True
Is undirected: True
GCN(
  (conv_layers): ModuleList(
    (0): GCNConv(1433, 256)
    (1): GCNConv(256, 256)
  )
)
Successfully loaded pre-trained weights!
use RobustPrompt Inductive
defense pt dict :  {'sim_pt': -1.0, 'degree_pt': 5, 'out_detect_pt': -1.0, 'other_pt': 'all'}
use_attention :  False
kl_global :  False
cosine_constraint :  True
pt_threshold :  0.25
filter_module :  OriginalFilter
temperature :  1.0
weight_mse 0.1
weight_kl :  0.1
weight_constraint :  0.0
prepare induce graph data is finished!
run RobustPrompt-I
Epoch 001 |  Time(s) 0.5350 | RobustPrompt-I Loss 1.9446  
Epoch 002 |  Time(s) 0.0902 | RobustPrompt-I Loss 1.9442  
Epoch 003 |  Time(s) 0.0949 | RobustPrompt-I Loss 1.9352  
Epoch 004 |  Time(s) 0.1410 | RobustPrompt-I Loss 1.9236  
Epoch 005 |  Time(s) 0.2209 | RobustPrompt-I Loss 1.9097  
Epoch 006 |  Time(s) 0.2998 | RobustPrompt-I Loss 1.8909  
Epoch 007 |  Time(s) 0.1106 | RobustPrompt-I Loss 1.8709  
Epoch 008 |  Time(s) 0.0933 | RobustPrompt-I Loss 1.8513  
Epoch 009 |  Time(s) 0.0856 | RobustPrompt-I Loss 1.8298  
Epoch 010 |  Time(s) 0.0856 | RobustPrompt-I Loss 1.8200  
Epoch 011 |  Time(s) 0.0816 | RobustPrompt-I Loss 1.7950  
Epoch 012 |  Time(s) 0.0812 | RobustPrompt-I Loss 1.7961  
Epoch 013 |  Time(s) 0.0812 | RobustPrompt-I Loss 1.7837  
Epoch 014 |  Time(s) 0.0813 | RobustPrompt-I Loss 1.7765  
Epoch 015 |  Time(s) 0.0817 | RobustPrompt-I Loss 1.7666  
Epoch 016 |  Time(s) 0.0818 | RobustPrompt-I Loss 1.7628  
Epoch 017 |  Time(s) 0.0817 | RobustPrompt-I Loss 1.7544  
Epoch 018 |  Time(s) 0.0822 | RobustPrompt-I Loss 1.7445  
Epoch 019 |  Time(s) 0.0816 | RobustPrompt-I Loss 1.7384  
Epoch 020 |  Time(s) 0.0812 | RobustPrompt-I Loss 1.7231  
Epoch 021 |  Time(s) 0.1500 | RobustPrompt-I Loss 1.7234  
Epoch 022 |  Time(s) 0.1694 | RobustPrompt-I Loss 1.7120  
Epoch 023 |  Time(s) 0.0840 | RobustPrompt-I Loss 1.7005  
Epoch 024 |  Time(s) 0.0809 | RobustPrompt-I Loss 1.6931  
Epoch 025 |  Time(s) 0.0807 | RobustPrompt-I Loss 1.6854  
Epoch 026 |  Time(s) 0.0809 | RobustPrompt-I Loss 1.6726  
Epoch 027 |  Time(s) 0.0808 | RobustPrompt-I Loss 1.6726  
Epoch 028 |  Time(s) 0.0805 | RobustPrompt-I Loss 1.6541  
Epoch 029 |  Time(s) 0.0816 | RobustPrompt-I Loss 1.6600  
Epoch 030 |  Time(s) 0.0802 | RobustPrompt-I Loss 1.6518  
Epoch 031 |  Time(s) 0.0819 | RobustPrompt-I Loss 1.6444  
Epoch 032 |  Time(s) 0.0815 | RobustPrompt-I Loss 1.6185  
Epoch 033 |  Time(s) 0.0815 | RobustPrompt-I Loss 1.6148  
Epoch 034 |  Time(s) 0.0812 | RobustPrompt-I Loss 1.6034  
Epoch 035 |  Time(s) 0.0810 | RobustPrompt-I Loss 1.5912  
Epoch 036 |  Time(s) 0.0816 | RobustPrompt-I Loss 1.5768  
Epoch 037 |  Time(s) 0.0811 | RobustPrompt-I Loss 1.5617  
Epoch 038 |  Time(s) 0.0818 | RobustPrompt-I Loss 1.5587  
Epoch 039 |  Time(s) 0.0813 | RobustPrompt-I Loss 1.5411  
Epoch 040 |  Time(s) 0.0809 | RobustPrompt-I Loss nan  
Epoch 041 |  Time(s) 0.1172 | RobustPrompt-I Loss nan  
Epoch 042 |  Time(s) 0.2861 | RobustPrompt-I Loss nan  
Epoch 043 |  Time(s) 0.3070 | RobustPrompt-I Loss nan  
Epoch 044 |  Time(s) 0.2552 | RobustPrompt-I Loss nan  
Epoch 045 |  Time(s) 0.1176 | RobustPrompt-I Loss nan  
Epoch 046 |  Time(s) 0.2299 | RobustPrompt-I Loss nan  
Epoch 047 |  Time(s) 0.2049 | RobustPrompt-I Loss nan  
Epoch 048 |  Time(s) 0.0840 | RobustPrompt-I Loss nan  
Epoch 049 |  Time(s) 0.0813 | RobustPrompt-I Loss nan  
Epoch 050 |  Time(s) 0.0812 | RobustPrompt-I Loss nan  
Epoch 051 |  Time(s) 0.0845 | RobustPrompt-I Loss nan  
Epoch 052 |  Time(s) 0.0782 | RobustPrompt-I Loss nan  
Epoch 053 |  Time(s) 0.0808 | RobustPrompt-I Loss nan  
Epoch 054 |  Time(s) 0.0818 | RobustPrompt-I Loss nan  
Epoch 055 |  Time(s) 0.0810 | RobustPrompt-I Loss nan  
Epoch 056 |  Time(s) 0.0811 | RobustPrompt-I Loss nan  
Epoch 057 |  Time(s) 0.0830 | RobustPrompt-I Loss nan  
Epoch 058 |  Time(s) 0.0824 | RobustPrompt-I Loss nan  
----------------------------------------------------------------------------------------------------
Early stopping at 59 eopch!
load LLC or attacked data with specified split
Successfully loaded the attack of dataname with few shot 5, split 1
Attack method : Meta_Self | Attack ptb : 0.0 | Dataset: Cora
======================
Number of graphs: 1
Number of features: 1433
Number of classes: 7

Data(x=[2708, 1433], edge_index=[2, 13264], y=[2708], train_mask=[2708], val_mask=[2708], test_mask=[2708])
===========================================================================================================
Number of nodes: 2708
Number of edges: 13264
Average node degree: 4.90
Has isolated nodes: False
Has self-loops: True
Is undirected: True
GCN(
  (conv_layers): ModuleList(
    (0): GCNConv(1433, 256)
    (1): GCNConv(256, 256)
  )
)
Successfully loaded pre-trained weights!
use RobustPrompt Inductive
defense pt dict :  {'sim_pt': -1.0, 'degree_pt': 5, 'out_detect_pt': -1.0, 'other_pt': 'all'}
use_attention :  False
kl_global :  False
cosine_constraint :  True
pt_threshold :  0.25
filter_module :  OriginalFilter
temperature :  1.0
weight_mse 0.1
weight_kl :  0.1
weight_constraint :  0.0
prepare induce graph data is finished!
run RobustPrompt-I
Epoch 001 |  Time(s) 0.0975 | RobustPrompt-I Loss 1.9448  
Epoch 002 |  Time(s) 0.0854 | RobustPrompt-I Loss 1.9520  
Epoch 003 |  Time(s) 0.0853 | RobustPrompt-I Loss 1.9260  
Epoch 004 |  Time(s) 0.0849 | RobustPrompt-I Loss 1.9133  
Epoch 005 |  Time(s) 0.0853 | RobustPrompt-I Loss 1.9035  
Epoch 006 |  Time(s) 0.0849 | RobustPrompt-I Loss nan  
Epoch 007 |  Time(s) 0.0896 | RobustPrompt-I Loss nan  
Epoch 008 |  Time(s) 0.0854 | RobustPrompt-I Loss nan  
Epoch 009 |  Time(s) 0.1812 | RobustPrompt-I Loss nan  
Epoch 010 |  Time(s) 0.1129 | RobustPrompt-I Loss nan  
Epoch 011 |  Time(s) 0.3710 | RobustPrompt-I Loss nan  
Epoch 012 |  Time(s) 0.4059 | RobustPrompt-I Loss nan  
Epoch 013 |  Time(s) 0.4494 | RobustPrompt-I Loss nan  
Epoch 014 |  Time(s) 0.2334 | RobustPrompt-I Loss nan  
Epoch 015 |  Time(s) 0.2676 | RobustPrompt-I Loss nan  
Epoch 016 |  Time(s) 0.2705 | RobustPrompt-I Loss nan  
Epoch 017 |  Time(s) 0.1087 | RobustPrompt-I Loss nan  
Epoch 018 |  Time(s) 0.0924 | RobustPrompt-I Loss nan  
Epoch 019 |  Time(s) 0.0905 | RobustPrompt-I Loss nan  
Epoch 020 |  Time(s) 0.0901 | RobustPrompt-I Loss nan  
Epoch 021 |  Time(s) 0.0897 | RobustPrompt-I Loss nan  
Epoch 022 |  Time(s) 0.0896 | RobustPrompt-I Loss nan  
Epoch 023 |  Time(s) 0.0901 | RobustPrompt-I Loss nan  
Epoch 024 |  Time(s) 0.0891 | RobustPrompt-I Loss nan  
----------------------------------------------------------------------------------------------------
Early stopping at 25 eopch!
load LLC or attacked data with specified split
Successfully loaded the attack of dataname with few shot 5, split 1
Attack method : Meta_Self | Attack ptb : 0.0 | Dataset: Cora
======================
Number of graphs: 1
Number of features: 1433
Number of classes: 7

Data(x=[2708, 1433], edge_index=[2, 13264], y=[2708], train_mask=[2708], val_mask=[2708], test_mask=[2708])
===========================================================================================================
Number of nodes: 2708
Number of edges: 13264
Average node degree: 4.90
Has isolated nodes: False
Has self-loops: True
Is undirected: True
GCN(
  (conv_layers): ModuleList(
    (0): GCNConv(1433, 256)
    (1): GCNConv(256, 256)
  )
)
Successfully loaded pre-trained weights!
use RobustPrompt Inductive
defense pt dict :  {'sim_pt': -1.0, 'degree_pt': 5, 'out_detect_pt': -1.0, 'other_pt': 'all'}
use_attention :  False
kl_global :  False
cosine_constraint :  True
pt_threshold :  0.25
filter_module :  OriginalFilter
temperature :  1.0
weight_mse 0.1
weight_kl :  0.1
weight_constraint :  0.0
prepare induce graph data is finished!
run RobustPrompt-I
Epoch 001 |  Time(s) 0.1723 | RobustPrompt-I Loss 1.9471  
Epoch 002 |  Time(s) 0.0955 | RobustPrompt-I Loss 1.9443  
Epoch 003 |  Time(s) 0.0870 | RobustPrompt-I Loss 1.9368  
Epoch 004 |  Time(s) 0.1555 | RobustPrompt-I Loss 1.9280  
Epoch 005 |  Time(s) 0.1983 | RobustPrompt-I Loss 1.9139  
Epoch 006 |  Time(s) 0.0911 | RobustPrompt-I Loss 1.8951  
Epoch 007 |  Time(s) 0.0910 | RobustPrompt-I Loss 1.8751  
Epoch 008 |  Time(s) 0.0903 | RobustPrompt-I Loss nan  
Epoch 009 |  Time(s) 0.0906 | RobustPrompt-I Loss nan  
Epoch 010 |  Time(s) 0.0908 | RobustPrompt-I Loss nan  
Epoch 011 |  Time(s) 0.0915 | RobustPrompt-I Loss nan  
Epoch 012 |  Time(s) 0.0908 | RobustPrompt-I Loss nan  
Epoch 013 |  Time(s) 0.0920 | RobustPrompt-I Loss nan  
Epoch 014 |  Time(s) 0.0917 | RobustPrompt-I Loss nan  
Epoch 015 |  Time(s) 0.0917 | RobustPrompt-I Loss nan  
Epoch 016 |  Time(s) 0.0908 | RobustPrompt-I Loss nan  
Epoch 017 |  Time(s) 0.0905 | RobustPrompt-I Loss nan  
Epoch 018 |  Time(s) 0.0913 | RobustPrompt-I Loss nan  
Epoch 019 |  Time(s) 0.0914 | RobustPrompt-I Loss nan  
Epoch 020 |  Time(s) 0.0994 | RobustPrompt-I Loss nan  
Epoch 021 |  Time(s) 0.0947 | RobustPrompt-I Loss nan  
Epoch 022 |  Time(s) 0.0912 | RobustPrompt-I Loss nan  
Epoch 023 |  Time(s) 0.0914 | RobustPrompt-I Loss nan  
Epoch 024 |  Time(s) 0.0917 | RobustPrompt-I Loss nan  
Epoch 025 |  Time(s) 0.0916 | RobustPrompt-I Loss nan  
Epoch 026 |  Time(s) 0.0941 | RobustPrompt-I Loss nan  
----------------------------------------------------------------------------------------------------
Early stopping at 27 eopch!
load LLC or attacked data with specified split
Successfully loaded the attack of dataname with few shot 5, split 1
Attack method : Meta_Self | Attack ptb : 0.0 | Dataset: Cora
======================
Number of graphs: 1
Number of features: 1433
Number of classes: 7

Data(x=[2708, 1433], edge_index=[2, 13264], y=[2708], train_mask=[2708], val_mask=[2708], test_mask=[2708])
===========================================================================================================
Number of nodes: 2708
Number of edges: 13264
Average node degree: 4.90
Has isolated nodes: False
Has self-loops: True
Is undirected: True
GCN(
  (conv_layers): ModuleList(
    (0): GCNConv(1433, 256)
    (1): GCNConv(256, 256)
  )
)
Successfully loaded pre-trained weights!
use RobustPrompt Inductive
defense pt dict :  {'sim_pt': -1.0, 'degree_pt': 5, 'out_detect_pt': -1.0, 'other_pt': 'all'}
use_attention :  False
kl_global :  False
cosine_constraint :  True
pt_threshold :  0.25
filter_module :  OriginalFilter
temperature :  1.0
weight_mse 0.1
weight_kl :  0.1
weight_constraint :  0.0
prepare induce graph data is finished!
run RobustPrompt-I
Epoch 001 |  Time(s) 0.1099 | RobustPrompt-I Loss 1.9403  
Epoch 002 |  Time(s) 0.0912 | RobustPrompt-I Loss 1.9404  
Epoch 003 |  Time(s) 0.0913 | RobustPrompt-I Loss 1.9314  
Epoch 004 |  Time(s) 0.0945 | RobustPrompt-I Loss 1.9111  
Epoch 005 |  Time(s) 0.1204 | RobustPrompt-I Loss 1.9009  
Epoch 006 |  Time(s) 0.0916 | RobustPrompt-I Loss 1.8862  
Epoch 007 |  Time(s) 0.0930 | RobustPrompt-I Loss 1.8680  
Epoch 008 |  Time(s) 0.1123 | RobustPrompt-I Loss 1.8455  
Epoch 009 |  Time(s) 0.0971 | RobustPrompt-I Loss 1.8265  
Epoch 010 |  Time(s) 0.0911 | RobustPrompt-I Loss 1.8092  
Epoch 011 |  Time(s) 0.0927 | RobustPrompt-I Loss 1.7789  
Epoch 012 |  Time(s) 0.0920 | RobustPrompt-I Loss 1.7748  
Epoch 013 |  Time(s) 0.0927 | RobustPrompt-I Loss 1.7492  
Epoch 014 |  Time(s) 0.0939 | RobustPrompt-I Loss 1.7432  
Epoch 015 |  Time(s) 0.0914 | RobustPrompt-I Loss 1.7446  
Epoch 016 |  Time(s) 0.0924 | RobustPrompt-I Loss 1.7287  
Epoch 017 |  Time(s) 0.0912 | RobustPrompt-I Loss 1.7177  
Epoch 018 |  Time(s) 0.0912 | RobustPrompt-I Loss 1.7136  
Epoch 019 |  Time(s) 0.0918 | RobustPrompt-I Loss 1.6989  
Epoch 020 |  Time(s) 0.0921 | RobustPrompt-I Loss 1.6887  
Epoch 021 |  Time(s) 0.0950 | RobustPrompt-I Loss 1.6789  
Epoch 022 |  Time(s) 0.0913 | RobustPrompt-I Loss 1.6722  
Epoch 023 |  Time(s) 0.0910 | RobustPrompt-I Loss 1.6716  
Epoch 024 |  Time(s) 0.0922 | RobustPrompt-I Loss 1.6674  
Epoch 025 |  Time(s) 0.0914 | RobustPrompt-I Loss 1.6595  
Epoch 026 |  Time(s) 0.0912 | RobustPrompt-I Loss 1.6381  
Epoch 027 |  Time(s) 0.0914 | RobustPrompt-I Loss 1.6345  
Epoch 028 |  Time(s) 0.1050 | RobustPrompt-I Loss 1.6221  
Epoch 029 |  Time(s) 0.0983 | RobustPrompt-I Loss 1.6307  
Epoch 030 |  Time(s) 0.0923 | RobustPrompt-I Loss 1.6223  
Epoch 031 |  Time(s) 0.0920 | RobustPrompt-I Loss 1.6161  
Epoch 032 |  Time(s) 0.0921 | RobustPrompt-I Loss 1.5864  
Epoch 033 |  Time(s) 0.0919 | RobustPrompt-I Loss 1.5854  
Epoch 034 |  Time(s) 0.0945 | RobustPrompt-I Loss 1.5906  
Epoch 035 |  Time(s) 0.1006 | RobustPrompt-I Loss 1.5720  
Epoch 036 |  Time(s) 0.0915 | RobustPrompt-I Loss 1.5574  
Epoch 037 |  Time(s) 0.0907 | RobustPrompt-I Loss 1.5359  
Epoch 038 |  Time(s) 0.0908 | RobustPrompt-I Loss 1.5423  
Epoch 039 |  Time(s) 0.0907 | RobustPrompt-I Loss 1.5347  
Epoch 040 |  Time(s) 0.0906 | RobustPrompt-I Loss 1.5312  
Epoch 041 |  Time(s) 0.0912 | RobustPrompt-I Loss 1.5061  
Epoch 042 |  Time(s) 0.0912 | RobustPrompt-I Loss 1.4857  
Epoch 043 |  Time(s) 0.0911 | RobustPrompt-I Loss 1.4914  
Epoch 044 |  Time(s) 0.0927 | RobustPrompt-I Loss 1.4940  
Epoch 045 |  Time(s) 0.0911 | RobustPrompt-I Loss 1.4572  
Epoch 046 |  Time(s) 0.0917 | RobustPrompt-I Loss 1.4699  
Epoch 047 |  Time(s) 0.0907 | RobustPrompt-I Loss 1.4446  
Epoch 048 |  Time(s) 0.0904 | RobustPrompt-I Loss 1.4440  
Epoch 049 |  Time(s) 0.0905 | RobustPrompt-I Loss 1.4035  
Epoch 050 |  Time(s) 0.0908 | RobustPrompt-I Loss 1.3978  
Epoch 051 |  Time(s) 0.0905 | RobustPrompt-I Loss 1.4087  
Epoch 052 |  Time(s) 0.0914 | RobustPrompt-I Loss 1.3775  
Epoch 053 |  Time(s) 0.0914 | RobustPrompt-I Loss 1.4028  
Epoch 054 |  Time(s) 0.0911 | RobustPrompt-I Loss 1.3478  
Epoch 055 |  Time(s) 0.0917 | RobustPrompt-I Loss 1.4491  
Epoch 056 |  Time(s) 0.0915 | RobustPrompt-I Loss 1.4485  
Epoch 057 |  Time(s) 0.0918 | RobustPrompt-I Loss 1.3324  
Epoch 058 |  Time(s) 0.1591 | RobustPrompt-I Loss 1.3905  
Epoch 059 |  Time(s) 0.0917 | RobustPrompt-I Loss 1.3717  
Epoch 060 |  Time(s) 0.0904 | RobustPrompt-I Loss 1.2786  
Epoch 061 |  Time(s) 0.0905 | RobustPrompt-I Loss 1.3000  
Epoch 062 |  Time(s) 0.0907 | RobustPrompt-I Loss 1.2659  
Epoch 063 |  Time(s) 0.0904 | RobustPrompt-I Loss 1.3011  
Epoch 064 |  Time(s) 0.0904 | RobustPrompt-I Loss 1.2370  
Epoch 065 |  Time(s) 0.0947 | RobustPrompt-I Loss 1.3633  
Epoch 066 |  Time(s) 0.1890 | RobustPrompt-I Loss 1.3505  
Epoch 067 |  Time(s) 0.0975 | RobustPrompt-I Loss 1.2949  
Epoch 068 |  Time(s) 0.1118 | RobustPrompt-I Loss 1.2604  
Epoch 069 |  Time(s) 0.0963 | RobustPrompt-I Loss 1.2853  
Epoch 070 |  Time(s) 0.0899 | RobustPrompt-I Loss 1.2705  
Epoch 071 |  Time(s) 0.0905 | RobustPrompt-I Loss 1.1872  
Epoch 072 |  Time(s) 0.0896 | RobustPrompt-I Loss 1.1840  
Epoch 073 |  Time(s) 0.0886 | RobustPrompt-I Loss 1.1758  
Epoch 074 |  Time(s) 0.0885 | RobustPrompt-I Loss 1.1666  
Epoch 075 |  Time(s) 0.0885 | RobustPrompt-I Loss 1.1791  
Epoch 076 |  Time(s) 0.0885 | RobustPrompt-I Loss 1.1477  
Epoch 077 |  Time(s) 0.0931 | RobustPrompt-I Loss 1.1649  
Epoch 078 |  Time(s) 0.1569 | RobustPrompt-I Loss 1.1504  
Epoch 079 |  Time(s) 0.0899 | RobustPrompt-I Loss 1.1159  
Epoch 080 |  Time(s) 0.0914 | RobustPrompt-I Loss 1.1200  
Epoch 081 |  Time(s) 0.0899 | RobustPrompt-I Loss 1.1022  
Epoch 082 |  Time(s) 0.0915 | RobustPrompt-I Loss 1.0887  
Epoch 083 |  Time(s) 0.0898 | RobustPrompt-I Loss 1.0879  
Epoch 084 |  Time(s) 0.0896 | RobustPrompt-I Loss 1.0751  
Epoch 085 |  Time(s) 0.0894 | RobustPrompt-I Loss 1.0713  
Epoch 086 |  Time(s) 0.0916 | RobustPrompt-I Loss 1.0462  
Epoch 087 |  Time(s) 0.0899 | RobustPrompt-I Loss 1.0610  
Epoch 088 |  Time(s) 0.1969 | RobustPrompt-I Loss 1.0280  
Epoch 089 |  Time(s) 0.0936 | RobustPrompt-I Loss 1.0713  
Epoch 090 |  Time(s) 0.0935 | RobustPrompt-I Loss 1.0327  
Epoch 091 |  Time(s) 0.0934 | RobustPrompt-I Loss 1.0599  
Epoch 092 |  Time(s) 0.0931 | RobustPrompt-I Loss 1.0830  
Epoch 093 |  Time(s) 0.0928 | RobustPrompt-I Loss 1.0042  
Epoch 094 |  Time(s) 0.0922 | RobustPrompt-I Loss 1.0974  
Epoch 095 |  Time(s) 0.0924 | RobustPrompt-I Loss 1.1423  
Epoch 096 |  Time(s) 0.0923 | RobustPrompt-I Loss 1.0109  
Epoch 097 |  Time(s) 0.0934 | RobustPrompt-I Loss 1.0566  
Epoch 098 |  Time(s) 0.0921 | RobustPrompt-I Loss 1.1442  
Epoch 099 |  Time(s) 0.0939 | RobustPrompt-I Loss 1.0360  
Epoch 100 |  Time(s) 0.0920 | RobustPrompt-I Loss 1.0105  
Epoch 101 |  Time(s) 0.0927 | RobustPrompt-I Loss 1.0583  
Epoch 102 |  Time(s) 0.0918 | RobustPrompt-I Loss 0.9840  
Epoch 103 |  Time(s) 0.0932 | RobustPrompt-I Loss 1.0132  
Epoch 104 |  Time(s) 0.0909 | RobustPrompt-I Loss 1.0216  
Epoch 105 |  Time(s) 0.0925 | RobustPrompt-I Loss 0.9626  
Epoch 106 |  Time(s) 0.0920 | RobustPrompt-I Loss 1.0311  
Epoch 107 |  Time(s) 0.0916 | RobustPrompt-I Loss 0.9980  
Epoch 108 |  Time(s) 0.0921 | RobustPrompt-I Loss 1.0114  
Epoch 109 |  Time(s) 0.1347 | RobustPrompt-I Loss 1.0301  
Epoch 110 |  Time(s) 0.0949 | RobustPrompt-I Loss 1.0347  
Epoch 111 |  Time(s) 0.0932 | RobustPrompt-I Loss 0.9728  
Epoch 112 |  Time(s) 0.0928 | RobustPrompt-I Loss 1.0775  
Epoch 113 |  Time(s) 0.0922 | RobustPrompt-I Loss 1.1215  
Epoch 114 |  Time(s) 0.0924 | RobustPrompt-I Loss 0.9506  
Epoch 115 |  Time(s) 0.0922 | RobustPrompt-I Loss 1.0943  
Epoch 116 |  Time(s) 0.0926 | RobustPrompt-I Loss 1.1868  
Epoch 117 |  Time(s) 0.0928 | RobustPrompt-I Loss 1.1078  
Epoch 118 |  Time(s) 0.0919 | RobustPrompt-I Loss 0.9970  
Epoch 119 |  Time(s) 0.1578 | RobustPrompt-I Loss 1.0161  
Epoch 120 |  Time(s) 0.0966 | RobustPrompt-I Loss 1.0625  
Epoch 121 |  Time(s) 0.0987 | RobustPrompt-I Loss 0.9333  
Epoch 122 |  Time(s) 0.0947 | RobustPrompt-I Loss 1.0526  
Epoch 123 |  Time(s) 0.1329 | RobustPrompt-I Loss 1.1319  
Epoch 124 |  Time(s) 0.1013 | RobustPrompt-I Loss 0.9836  
Epoch 125 |  Time(s) 0.1008 | RobustPrompt-I Loss 0.9671  
Epoch 126 |  Time(s) 0.0955 | RobustPrompt-I Loss 1.0503  
Epoch 127 |  Time(s) 0.0976 | RobustPrompt-I Loss 0.9478  
Epoch 128 |  Time(s) 0.0965 | RobustPrompt-I Loss 0.9820  
Epoch 129 |  Time(s) 0.0930 | RobustPrompt-I Loss 1.0508  
Epoch 130 |  Time(s) 0.0923 | RobustPrompt-I Loss 0.9440  
Epoch 131 |  Time(s) 0.0915 | RobustPrompt-I Loss 0.9701  
Epoch 132 |  Time(s) 0.0914 | RobustPrompt-I Loss 1.0477  
Epoch 133 |  Time(s) 0.0917 | RobustPrompt-I Loss 0.9398  
Epoch 134 |  Time(s) 0.0912 | RobustPrompt-I Loss 0.9601  
Epoch 135 |  Time(s) 0.0917 | RobustPrompt-I Loss 1.0339  
Epoch 136 |  Time(s) 0.0922 | RobustPrompt-I Loss 0.9427  
Epoch 137 |  Time(s) 0.0917 | RobustPrompt-I Loss 0.9323  
Epoch 138 |  Time(s) 0.0920 | RobustPrompt-I Loss 1.0104  
Epoch 139 |  Time(s) 0.0936 | RobustPrompt-I Loss 0.9304  
Epoch 140 |  Time(s) 0.0922 | RobustPrompt-I Loss 0.9460  
Epoch 141 |  Time(s) 0.2536 | RobustPrompt-I Loss 1.0359  
Epoch 142 |  Time(s) 0.0918 | RobustPrompt-I Loss 1.0028  
Epoch 143 |  Time(s) 0.0914 | RobustPrompt-I Loss 0.8961  
Epoch 144 |  Time(s) 0.0917 | RobustPrompt-I Loss 0.9683  
Epoch 145 |  Time(s) 0.0911 | RobustPrompt-I Loss 0.9904  
Epoch 146 |  Time(s) 0.0911 | RobustPrompt-I Loss 0.9283  
Epoch 147 |  Time(s) 0.0916 | RobustPrompt-I Loss 0.8975  
Epoch 148 |  Time(s) 0.0927 | RobustPrompt-I Loss 0.9011  
Epoch 149 |  Time(s) 0.0918 | RobustPrompt-I Loss 0.8916  
Epoch 150 |  Time(s) 0.0920 | RobustPrompt-I Loss 0.9376  
Epoch 151 |  Time(s) 0.0908 | RobustPrompt-I Loss 0.8913  
Epoch 152 |  Time(s) 0.0917 | RobustPrompt-I Loss 0.9684  
Epoch 153 |  Time(s) 0.0924 | RobustPrompt-I Loss 0.9810  
Epoch 154 |  Time(s) 0.0923 | RobustPrompt-I Loss 1.0193  
Epoch 155 |  Time(s) 0.0901 | RobustPrompt-I Loss 0.9150  
Epoch 156 |  Time(s) 0.0900 | RobustPrompt-I Loss 0.9574  
Epoch 157 |  Time(s) 0.0904 | RobustPrompt-I Loss 1.0184  
Epoch 158 |  Time(s) 0.0921 | RobustPrompt-I Loss 0.9477  
Epoch 159 |  Time(s) 0.0923 | RobustPrompt-I Loss 0.8887  
Epoch 160 |  Time(s) 0.0918 | RobustPrompt-I Loss 0.9498  
Epoch 161 |  Time(s) 0.0934 | RobustPrompt-I Loss 0.9766  
Epoch 162 |  Time(s) 0.0930 | RobustPrompt-I Loss 0.9542  
Epoch 163 |  Time(s) 0.0910 | RobustPrompt-I Loss 0.8859  
Epoch 164 |  Time(s) 0.0903 | RobustPrompt-I Loss 1.0067  
Epoch 165 |  Time(s) 0.0918 | RobustPrompt-I Loss 1.0681  
Epoch 166 |  Time(s) 0.0914 | RobustPrompt-I Loss 0.9237  
Epoch 167 |  Time(s) 0.0934 | RobustPrompt-I Loss 0.9055  
Epoch 168 |  Time(s) 0.0920 | RobustPrompt-I Loss 0.9288  
Epoch 169 |  Time(s) 0.0922 | RobustPrompt-I Loss 0.9242  
Epoch 170 |  Time(s) 0.0924 | RobustPrompt-I Loss 0.8766  
Epoch 171 |  Time(s) 0.0915 | RobustPrompt-I Loss 0.8875  
Epoch 172 |  Time(s) 0.0932 | RobustPrompt-I Loss 0.8742  
Epoch 173 |  Time(s) 0.0908 | RobustPrompt-I Loss 0.8878  
Epoch 174 |  Time(s) 0.0904 | RobustPrompt-I Loss 0.8827  
Epoch 175 |  Time(s) 0.0911 | RobustPrompt-I Loss 0.8971  
Epoch 176 |  Time(s) 0.0906 | RobustPrompt-I Loss 0.8553  
Epoch 177 |  Time(s) 0.0915 | RobustPrompt-I Loss 0.8525  
Epoch 178 |  Time(s) 0.0906 | RobustPrompt-I Loss 0.9000  
Epoch 179 |  Time(s) 0.0905 | RobustPrompt-I Loss 0.8630  
Epoch 180 |  Time(s) 0.0906 | RobustPrompt-I Loss 0.9639  
Epoch 181 |  Time(s) 0.1732 | RobustPrompt-I Loss 0.9508  
Epoch 182 |  Time(s) 0.2640 | RobustPrompt-I Loss 0.8997  
Epoch 183 |  Time(s) 0.1976 | RobustPrompt-I Loss 0.9012  
Epoch 184 |  Time(s) 0.1344 | RobustPrompt-I Loss 0.8362  
Epoch 185 |  Time(s) 0.4168 | RobustPrompt-I Loss 0.8344  
Epoch 186 |  Time(s) 0.1948 | RobustPrompt-I Loss 0.8654  
Epoch 187 |  Time(s) 0.1595 | RobustPrompt-I Loss 0.8562  
Epoch 188 |  Time(s) 0.1036 | RobustPrompt-I Loss 0.8216  
Epoch 189 |  Time(s) 0.0934 | RobustPrompt-I Loss 0.9358  
Epoch 190 |  Time(s) 0.0976 | RobustPrompt-I Loss 0.9307  
Epoch 191 |  Time(s) 0.0920 | RobustPrompt-I Loss 0.9107  
Epoch 192 |  Time(s) 0.0929 | RobustPrompt-I Loss 0.8732  
Epoch 193 |  Time(s) 0.0925 | RobustPrompt-I Loss 0.8813  
Epoch 194 |  Time(s) 0.0909 | RobustPrompt-I Loss 0.8973  
Epoch 195 |  Time(s) 0.0920 | RobustPrompt-I Loss 0.8254  
Epoch 196 |  Time(s) 0.0926 | RobustPrompt-I Loss 0.8230  
Epoch 197 |  Time(s) 0.0951 | RobustPrompt-I Loss 0.8427  
Epoch 198 |  Time(s) 0.0926 | RobustPrompt-I Loss 0.8045  
Epoch 199 |  Time(s) 0.0915 | RobustPrompt-I Loss 0.8042  
Epoch 200 |  Time(s) 0.0928 | RobustPrompt-I Loss 0.8344  
Batch 0 Acc: 0.5900 | Macro-F1: 0.6159
Batch 1 Acc: 0.6600 | Macro-F1: 0.6327
Batch 2 Acc: 0.5200 | Macro-F1: 0.5042
Batch 3 Acc: 0.5500 | Macro-F1: 0.4951
Batch 4 Acc: 0.7000 | Macro-F1: 0.6370
Batch 5 Acc: 0.4700 | Macro-F1: 0.4636
Batch 6 Acc: 0.7100 | Macro-F1: 0.6588
Batch 7 Acc: 0.5800 | Macro-F1: 0.5569
Batch 8 Acc: 0.4800 | Macro-F1: 0.4774
Batch 9 Acc: 0.6700 | Macro-F1: 0.5433
Final True Accuracy: 0.5930 | Macro F1 Score: 0.5776
best_loss [0.8343526721000671]
load LLC or attacked data with specified split
Successfully loaded the attack of dataname with few shot 5, split 1
Attack method : Meta_Self | Attack ptb : 0.0 | Dataset: Cora
======================
Number of graphs: 1
Number of features: 1433
Number of classes: 7

Data(x=[2708, 1433], edge_index=[2, 13264], y=[2708], train_mask=[2708], val_mask=[2708], test_mask=[2708])
===========================================================================================================
Number of nodes: 2708
Number of edges: 13264
Average node degree: 4.90
Has isolated nodes: False
Has self-loops: True
Is undirected: True
GCN(
  (conv_layers): ModuleList(
    (0): GCNConv(1433, 256)
    (1): GCNConv(256, 256)
  )
)
Successfully loaded pre-trained weights!
use RobustPrompt Inductive
defense pt dict :  {'sim_pt': -1.0, 'degree_pt': 5, 'out_detect_pt': -1.0, 'other_pt': 'all'}
use_attention :  False
kl_global :  False
cosine_constraint :  True
pt_threshold :  0.25
filter_module :  OriginalFilter
temperature :  1.0
weight_mse 0.1
weight_kl :  0.1
weight_constraint :  0.0
prepare induce graph data is finished!
run RobustPrompt-I
Epoch 001 |  Time(s) 0.2101 | RobustPrompt-I Loss 1.9502  
Epoch 002 |  Time(s) 0.0958 | RobustPrompt-I Loss 1.9431  
Epoch 003 |  Time(s) 0.0900 | RobustPrompt-I Loss 1.9391  
Epoch 004 |  Time(s) 0.0901 | RobustPrompt-I Loss 1.9326  
Epoch 005 |  Time(s) 0.0893 | RobustPrompt-I Loss 1.9230  
Epoch 006 |  Time(s) 0.0895 | RobustPrompt-I Loss 1.9107  
Epoch 007 |  Time(s) 0.0905 | RobustPrompt-I Loss 1.9041  
Epoch 008 |  Time(s) 0.0896 | RobustPrompt-I Loss 1.8919  
Epoch 009 |  Time(s) 0.0907 | RobustPrompt-I Loss 1.8743  
Epoch 010 |  Time(s) 0.0905 | RobustPrompt-I Loss 1.8638  
Epoch 011 |  Time(s) 0.0903 | RobustPrompt-I Loss 1.8395  
Epoch 012 |  Time(s) 0.0908 | RobustPrompt-I Loss 1.8262  
Epoch 013 |  Time(s) 0.0903 | RobustPrompt-I Loss 1.8230  
Epoch 014 |  Time(s) 0.0899 | RobustPrompt-I Loss 1.8125  
Epoch 015 |  Time(s) 0.0897 | RobustPrompt-I Loss 1.8031  
Epoch 016 |  Time(s) 0.0898 | RobustPrompt-I Loss 1.7892  
Epoch 017 |  Time(s) 0.0902 | RobustPrompt-I Loss 1.7769  
Epoch 018 |  Time(s) 0.0909 | RobustPrompt-I Loss 1.7628  
Epoch 019 |  Time(s) 0.0907 | RobustPrompt-I Loss 1.7700  
Epoch 020 |  Time(s) 0.0908 | RobustPrompt-I Loss 1.7590  
Epoch 021 |  Time(s) 0.0896 | RobustPrompt-I Loss 1.7418  
Epoch 022 |  Time(s) 0.0908 | RobustPrompt-I Loss 1.7480  
Epoch 023 |  Time(s) 0.0905 | RobustPrompt-I Loss 1.7250  
Epoch 024 |  Time(s) 0.0900 | RobustPrompt-I Loss 1.7303  
Epoch 025 |  Time(s) 0.1737 | RobustPrompt-I Loss 1.7067  
Epoch 026 |  Time(s) 0.0908 | RobustPrompt-I Loss 1.7179  
Epoch 027 |  Time(s) 0.0899 | RobustPrompt-I Loss 1.6999  
Epoch 028 |  Time(s) 0.0898 | RobustPrompt-I Loss 1.6882  
Epoch 029 |  Time(s) 0.0890 | RobustPrompt-I Loss 1.6844  
Epoch 030 |  Time(s) 0.0889 | RobustPrompt-I Loss 1.6763  
Epoch 031 |  Time(s) 0.0892 | RobustPrompt-I Loss 1.6696  
Epoch 032 |  Time(s) 0.0903 | RobustPrompt-I Loss 1.6673  
Epoch 033 |  Time(s) 0.0904 | RobustPrompt-I Loss 1.7002  
Epoch 034 |  Time(s) 0.0901 | RobustPrompt-I Loss 1.6918  
Epoch 035 |  Time(s) 0.0902 | RobustPrompt-I Loss 1.6388  
Epoch 036 |  Time(s) 0.0899 | RobustPrompt-I Loss 1.6872  
Epoch 037 |  Time(s) 0.0900 | RobustPrompt-I Loss 1.6384  
Epoch 038 |  Time(s) 0.0895 | RobustPrompt-I Loss 1.6345  
Epoch 039 |  Time(s) 0.0893 | RobustPrompt-I Loss 1.6525  
Epoch 040 |  Time(s) 0.0894 | RobustPrompt-I Loss 1.6019  
Epoch 041 |  Time(s) 0.0890 | RobustPrompt-I Loss 1.6336  
Epoch 042 |  Time(s) 0.0894 | RobustPrompt-I Loss 1.5864  
Epoch 043 |  Time(s) 0.0885 | RobustPrompt-I Loss 1.6254  
Epoch 044 |  Time(s) 0.0901 | RobustPrompt-I Loss 1.5696  
Epoch 045 |  Time(s) 0.0900 | RobustPrompt-I Loss 1.5912  
Epoch 046 |  Time(s) 0.0900 | RobustPrompt-I Loss 1.5569  
Epoch 047 |  Time(s) 0.0888 | RobustPrompt-I Loss 1.5733  
Epoch 048 |  Time(s) 0.0895 | RobustPrompt-I Loss 1.5490  
Epoch 049 |  Time(s) 0.0896 | RobustPrompt-I Loss 1.5370  
Epoch 050 |  Time(s) 0.0897 | RobustPrompt-I Loss 1.5421  
Epoch 051 |  Time(s) 0.0887 | RobustPrompt-I Loss 1.5134  
Epoch 052 |  Time(s) 0.0899 | RobustPrompt-I Loss 1.5213  
Epoch 053 |  Time(s) 0.0892 | RobustPrompt-I Loss 1.5084  
Epoch 054 |  Time(s) 0.0893 | RobustPrompt-I Loss 1.4966  
Epoch 055 |  Time(s) 0.2019 | RobustPrompt-I Loss 1.4927  
Epoch 056 |  Time(s) 0.1095 | RobustPrompt-I Loss 1.4939  
Epoch 057 |  Time(s) 0.1080 | RobustPrompt-I Loss 1.4689  
Epoch 058 |  Time(s) 0.0903 | RobustPrompt-I Loss 1.4514  
Epoch 059 |  Time(s) 0.0940 | RobustPrompt-I Loss 1.4389  
Epoch 060 |  Time(s) 0.0895 | RobustPrompt-I Loss 1.4753  
Epoch 061 |  Time(s) 0.0897 | RobustPrompt-I Loss 1.4098  
Epoch 062 |  Time(s) 0.0892 | RobustPrompt-I Loss 1.5098  
Epoch 063 |  Time(s) 0.0897 | RobustPrompt-I Loss 1.4259  
Epoch 064 |  Time(s) 0.0902 | RobustPrompt-I Loss 1.4945  
Epoch 065 |  Time(s) 0.0897 | RobustPrompt-I Loss 1.5253  
Epoch 066 |  Time(s) 0.0898 | RobustPrompt-I Loss 1.3890  
Epoch 067 |  Time(s) 0.0891 | RobustPrompt-I Loss 1.4472  
Epoch 068 |  Time(s) 0.0893 | RobustPrompt-I Loss 1.4715  
Epoch 069 |  Time(s) 0.0893 | RobustPrompt-I Loss 1.3338  
Epoch 070 |  Time(s) 0.0886 | RobustPrompt-I Loss 1.6039  
Epoch 071 |  Time(s) 0.0896 | RobustPrompt-I Loss 1.6730  
Epoch 072 |  Time(s) 0.0897 | RobustPrompt-I Loss 1.3680  
Epoch 073 |  Time(s) 0.0895 | RobustPrompt-I Loss 1.5233  
Epoch 074 |  Time(s) 0.0901 | RobustPrompt-I Loss 1.6802  
Epoch 075 |  Time(s) 0.0897 | RobustPrompt-I Loss 1.6375  
Epoch 076 |  Time(s) 0.0928 | RobustPrompt-I Loss 1.3678  
Epoch 077 |  Time(s) 0.0896 | RobustPrompt-I Loss 1.4817  
Epoch 078 |  Time(s) 0.0891 | RobustPrompt-I Loss 1.7130  
Epoch 079 |  Time(s) 0.0894 | RobustPrompt-I Loss 1.5076  
Epoch 080 |  Time(s) 0.0894 | RobustPrompt-I Loss 1.3181  
Epoch 081 |  Time(s) 0.0896 | RobustPrompt-I Loss 1.4229  
Epoch 082 |  Time(s) 0.0899 | RobustPrompt-I Loss 1.4632  
Epoch 083 |  Time(s) 0.1291 | RobustPrompt-I Loss 1.3179  
Epoch 084 |  Time(s) 0.1382 | RobustPrompt-I Loss 1.3357  
Epoch 085 |  Time(s) 0.2887 | RobustPrompt-I Loss 1.3963  
Epoch 086 |  Time(s) 0.1488 | RobustPrompt-I Loss 1.2790  
Epoch 087 |  Time(s) 0.0983 | RobustPrompt-I Loss 1.3638  
Epoch 088 |  Time(s) 0.0929 | RobustPrompt-I Loss 1.4590  
Epoch 089 |  Time(s) 0.0872 | RobustPrompt-I Loss 1.3303  
Epoch 090 |  Time(s) 0.0872 | RobustPrompt-I Loss 1.2571  
Epoch 091 |  Time(s) 0.0871 | RobustPrompt-I Loss 1.3904  
Epoch 092 |  Time(s) 0.0873 | RobustPrompt-I Loss 1.3387  
Epoch 093 |  Time(s) 0.0879 | RobustPrompt-I Loss 1.2611  
Epoch 094 |  Time(s) 0.1827 | RobustPrompt-I Loss 1.2509  
Epoch 095 |  Time(s) 0.0969 | RobustPrompt-I Loss 1.2715  
Epoch 096 |  Time(s) 0.1000 | RobustPrompt-I Loss 1.2046  
Epoch 097 |  Time(s) 0.1049 | RobustPrompt-I Loss 1.2467  
Epoch 098 |  Time(s) 0.1000 | RobustPrompt-I Loss 1.2226  
Epoch 099 |  Time(s) 0.0970 | RobustPrompt-I Loss 1.1780  
Epoch 100 |  Time(s) 0.0899 | RobustPrompt-I Loss 1.2742  
Epoch 101 |  Time(s) 0.0863 | RobustPrompt-I Loss 1.1792  
Epoch 102 |  Time(s) 0.0932 | RobustPrompt-I Loss 1.3687  
Epoch 103 |  Time(s) 0.1187 | RobustPrompt-I Loss 1.3828  
Epoch 104 |  Time(s) 0.0939 | RobustPrompt-I Loss 1.2470  
Epoch 105 |  Time(s) 0.0867 | RobustPrompt-I Loss 1.2765  
Epoch 106 |  Time(s) 0.0868 | RobustPrompt-I Loss 1.1597  
Epoch 107 |  Time(s) 0.0869 | RobustPrompt-I Loss 1.4048  
Epoch 108 |  Time(s) 0.0866 | RobustPrompt-I Loss 1.4170  
Epoch 109 |  Time(s) 0.0868 | RobustPrompt-I Loss 1.1185  
Epoch 110 |  Time(s) 0.0870 | RobustPrompt-I Loss 1.6458  
Epoch 111 |  Time(s) 0.0866 | RobustPrompt-I Loss 1.9853  
Epoch 112 |  Time(s) 0.0875 | RobustPrompt-I Loss 1.5532  
Epoch 113 |  Time(s) 0.0873 | RobustPrompt-I Loss 1.1637  
Epoch 114 |  Time(s) 0.0873 | RobustPrompt-I Loss 1.3683  
Epoch 115 |  Time(s) 0.1342 | RobustPrompt-I Loss 1.3440  
Epoch 116 |  Time(s) 0.0899 | RobustPrompt-I Loss 1.2147  
Epoch 117 |  Time(s) 0.0879 | RobustPrompt-I Loss 1.2495  
Epoch 118 |  Time(s) 0.0874 | RobustPrompt-I Loss 1.1489  
Epoch 119 |  Time(s) 0.0862 | RobustPrompt-I Loss 1.2992  
Epoch 120 |  Time(s) 0.0864 | RobustPrompt-I Loss 1.3474  
Epoch 121 |  Time(s) 0.0867 | RobustPrompt-I Loss 1.1125  
Epoch 122 |  Time(s) 0.0867 | RobustPrompt-I Loss 1.4774  
Epoch 123 |  Time(s) 0.0870 | RobustPrompt-I Loss 1.8188  
Epoch 124 |  Time(s) 0.0876 | RobustPrompt-I Loss 1.5111  
Epoch 125 |  Time(s) 0.0865 | RobustPrompt-I Loss 1.1096  
Epoch 126 |  Time(s) 0.0865 | RobustPrompt-I Loss 1.4004  
Epoch 127 |  Time(s) 0.0867 | RobustPrompt-I Loss 1.6357  
Epoch 128 |  Time(s) 0.0869 | RobustPrompt-I Loss 1.5036  
Epoch 129 |  Time(s) 0.0876 | RobustPrompt-I Loss 1.2233  
Epoch 130 |  Time(s) 0.0864 | RobustPrompt-I Loss 1.2049  
Epoch 131 |  Time(s) 0.0875 | RobustPrompt-I Loss 1.3279  
Epoch 132 |  Time(s) 0.0878 | RobustPrompt-I Loss 1.3444  
Epoch 133 |  Time(s) 0.0878 | RobustPrompt-I Loss 1.1452  
Epoch 134 |  Time(s) 0.0878 | RobustPrompt-I Loss 1.2255  
Epoch 135 |  Time(s) 0.0868 | RobustPrompt-I Loss 1.3892  
Epoch 136 |  Time(s) 0.0868 | RobustPrompt-I Loss 1.2659  
Epoch 137 |  Time(s) 0.1163 | RobustPrompt-I Loss 1.1677  
Epoch 138 |  Time(s) 0.0916 | RobustPrompt-I Loss 1.1644  
Epoch 139 |  Time(s) 0.0993 | RobustPrompt-I Loss 1.2642  
Epoch 140 |  Time(s) 0.0932 | RobustPrompt-I Loss 1.2506  
Epoch 141 |  Time(s) 0.0916 | RobustPrompt-I Loss 1.0946  
Epoch 142 |  Time(s) 0.0869 | RobustPrompt-I Loss 1.2334  
Epoch 143 |  Time(s) 0.0865 | RobustPrompt-I Loss 1.2824  
Epoch 144 |  Time(s) 0.0876 | RobustPrompt-I Loss 1.1761  
Epoch 145 |  Time(s) 0.0876 | RobustPrompt-I Loss 1.1380  
Epoch 146 |  Time(s) 0.0890 | RobustPrompt-I Loss 1.1359  
Epoch 147 |  Time(s) 0.0880 | RobustPrompt-I Loss 1.1620  
Epoch 148 |  Time(s) 0.0882 | RobustPrompt-I Loss 1.0745  
Epoch 149 |  Time(s) 0.0872 | RobustPrompt-I Loss 1.2479  
Epoch 150 |  Time(s) 0.0879 | RobustPrompt-I Loss 1.3642  
Epoch 151 |  Time(s) 0.0879 | RobustPrompt-I Loss 1.2139  
Epoch 152 |  Time(s) 0.0872 | RobustPrompt-I Loss 1.1526  
Epoch 153 |  Time(s) 0.0871 | RobustPrompt-I Loss 1.1458  
Epoch 154 |  Time(s) 0.0866 | RobustPrompt-I Loss 1.1872  
Epoch 155 |  Time(s) 0.0873 | RobustPrompt-I Loss 1.2231  
Epoch 156 |  Time(s) 0.0900 | RobustPrompt-I Loss 1.0677  
Epoch 157 |  Time(s) 0.0871 | RobustPrompt-I Loss 1.1958  
Epoch 158 |  Time(s) 0.0870 | RobustPrompt-I Loss 1.3493  
Epoch 159 |  Time(s) 0.0872 | RobustPrompt-I Loss 1.2645  
Epoch 160 |  Time(s) 0.1557 | RobustPrompt-I Loss 1.1472  
Epoch 161 |  Time(s) 0.0928 | RobustPrompt-I Loss 1.0899  
Epoch 162 |  Time(s) 0.1411 | RobustPrompt-I Loss 1.1484  
Epoch 163 |  Time(s) 0.1026 | RobustPrompt-I Loss 1.1938  
Epoch 164 |  Time(s) 0.0881 | RobustPrompt-I Loss 1.0742  
Epoch 165 |  Time(s) 0.0872 | RobustPrompt-I Loss 1.0981  
Epoch 166 |  Time(s) 0.0877 | RobustPrompt-I Loss 1.1733  
Epoch 167 |  Time(s) 0.0874 | RobustPrompt-I Loss 1.1699  
Epoch 168 |  Time(s) 0.0872 | RobustPrompt-I Loss 1.0876  
Epoch 169 |  Time(s) 0.0882 | RobustPrompt-I Loss 1.0409  
Epoch 170 |  Time(s) 0.0957 | RobustPrompt-I Loss 1.0672  
Epoch 171 |  Time(s) 0.0891 | RobustPrompt-I Loss 1.0202  
Epoch 172 |  Time(s) 0.0894 | RobustPrompt-I Loss 1.0319  
Epoch 173 |  Time(s) 0.0885 | RobustPrompt-I Loss 1.0197  
Epoch 174 |  Time(s) 0.0884 | RobustPrompt-I Loss 1.0065  
Epoch 175 |  Time(s) 0.0917 | RobustPrompt-I Loss 1.0470  
Epoch 176 |  Time(s) 0.0876 | RobustPrompt-I Loss 1.0020  
Epoch 177 |  Time(s) 0.0876 | RobustPrompt-I Loss 1.0621  
Epoch 178 |  Time(s) 0.0874 | RobustPrompt-I Loss 1.0813  
Epoch 179 |  Time(s) 0.0876 | RobustPrompt-I Loss 1.0245  
Epoch 180 |  Time(s) 0.0876 | RobustPrompt-I Loss 0.9979  
Epoch 181 |  Time(s) 0.0871 | RobustPrompt-I Loss 0.9977  
Epoch 182 |  Time(s) 0.0893 | RobustPrompt-I Loss 0.9898  
Epoch 183 |  Time(s) 0.0866 | RobustPrompt-I Loss 0.9807  
Epoch 184 |  Time(s) 0.0869 | RobustPrompt-I Loss 0.9824  
Epoch 185 |  Time(s) 0.0867 | RobustPrompt-I Loss 0.9911  
Epoch 186 |  Time(s) 0.0862 | RobustPrompt-I Loss 0.9517  
Epoch 187 |  Time(s) 0.0871 | RobustPrompt-I Loss 1.0646  
Epoch 188 |  Time(s) 0.0872 | RobustPrompt-I Loss 1.0786  
Epoch 189 |  Time(s) 0.0867 | RobustPrompt-I Loss 0.9369  
Epoch 190 |  Time(s) 0.0870 | RobustPrompt-I Loss 1.1629  
Epoch 191 |  Time(s) 0.0917 | RobustPrompt-I Loss 1.2932  
Epoch 192 |  Time(s) 0.1380 | RobustPrompt-I Loss 1.0247  
Epoch 193 |  Time(s) 0.2865 | RobustPrompt-I Loss 0.9978  
Epoch 194 |  Time(s) 0.1078 | RobustPrompt-I Loss nan  
Epoch 195 |  Time(s) 0.1372 | RobustPrompt-I Loss nan  
Epoch 196 |  Time(s) 0.0930 | RobustPrompt-I Loss nan  
Epoch 197 |  Time(s) 0.0872 | RobustPrompt-I Loss nan  
Epoch 198 |  Time(s) 0.0871 | RobustPrompt-I Loss nan  
Epoch 199 |  Time(s) 0.0871 | RobustPrompt-I Loss nan  
Epoch 200 |  Time(s) 0.2274 | RobustPrompt-I Loss nan  
{1: {1: nan}, 2: {1: nan}, 3: {1: nan}, 4: {1: 0.5929999947547913}, 5: {1: nan}}
{1: {1: nan, 2: nan, 3: nan, 4: 0.5929999947547913, 5: nan}}
########################################################################################
seed: 1 | split 1 : nan
# Seed 1 Muti Split Final Acc: nan±nan
seed: 2 | split 1 : nan
# Seed 2 Muti Split Final Acc: nan±nan
seed: 3 | split 1 : nan
# Seed 3 Muti Split Final Acc: nan±nan
seed: 4 | split 1 : 0.5929999947547913
# Seed 4 Muti Split Final Acc: 0.5930±0.0000
seed: 5 | split 1 : nan
# Seed 5 Muti Split Final Acc: nan±nan
########################################################################################
split: 1 | seed 1 : nan
split: 1 | seed 2 : nan
split: 1 | seed 3 : nan
split: 1 | seed 4 : 0.5929999947547913
split: 1 | seed 5 : nan
# Split 1 Muti Seed Acc without min value: nan±nan
########################################################################################
Done phase=degree, deg=5, ptb=0.0, end=2026-06-08 23:50:44, duration=00:01:07
