Start phase=degree, deg=3, ptb=0.1, time=2026-06-08 23:55:24, log=logs/RobustPrompt-I/ft_deg3_0.1_20260608_235524.log
load LLC or attacked data with specified split
Successfully loaded the attack of dataname with few shot 5, split 1
Attack method : Meta_Self | Attack ptb : 0.1 | Dataset: Cora
======================
Number of graphs: 1
Number of features: 1433
Number of classes: 7

Data(x=[2708, 1433], edge_index=[2, 14274], y=[2708], train_mask=[2708], val_mask=[2708], test_mask=[2708])
===========================================================================================================
Number of nodes: 2708
Number of edges: 14274
Average node degree: 5.27
Has isolated nodes: False
Has self-loops: True
Is undirected: True
GCN(
  (conv_layers): ModuleList(
    (0): GCNConv(1433, 256)
    (1): GCNConv(256, 256)
  )
)
Successfully loaded pre-trained weights!
use RobustPrompt Inductive
defense pt dict :  {'sim_pt': -1.0, 'degree_pt': 3, 'out_detect_pt': -1.0, 'other_pt': 'all'}
use_attention :  False
kl_global :  False
cosine_constraint :  True
pt_threshold :  0.25
filter_module :  OriginalFilter
temperature :  1.0
weight_mse 0.1
weight_kl :  0.1
weight_constraint :  0.0
prepare induce graph data is finished!
run RobustPrompt-I
Epoch 001 |  Time(s) 0.3794 | RobustPrompt-I Loss 1.9481  
Epoch 002 |  Time(s) 0.0877 | RobustPrompt-I Loss 1.9410  
Epoch 003 |  Time(s) 0.0839 | RobustPrompt-I Loss 1.9285  
Epoch 004 |  Time(s) 0.0841 | RobustPrompt-I Loss 1.9092  
Epoch 005 |  Time(s) 0.0838 | RobustPrompt-I Loss 1.8948  
Epoch 006 |  Time(s) 0.0923 | RobustPrompt-I Loss 1.8757  
Epoch 007 |  Time(s) 0.1249 | RobustPrompt-I Loss 1.8677  
Epoch 008 |  Time(s) 0.1398 | RobustPrompt-I Loss 1.8527  
Epoch 009 |  Time(s) 0.1089 | RobustPrompt-I Loss 1.8340  
Epoch 010 |  Time(s) 0.1752 | RobustPrompt-I Loss 1.8254  
Epoch 011 |  Time(s) 0.0949 | RobustPrompt-I Loss 1.8288  
Epoch 012 |  Time(s) 0.0878 | RobustPrompt-I Loss 1.8215  
Epoch 013 |  Time(s) 0.0871 | RobustPrompt-I Loss 1.8189  
Epoch 014 |  Time(s) 0.0886 | RobustPrompt-I Loss 1.8236  
Epoch 015 |  Time(s) 0.0883 | RobustPrompt-I Loss 1.8108  
Epoch 016 |  Time(s) 0.0881 | RobustPrompt-I Loss 1.8036  
Epoch 017 |  Time(s) 0.0882 | RobustPrompt-I Loss 1.7990  
Epoch 018 |  Time(s) 0.0883 | RobustPrompt-I Loss 1.7975  
Epoch 019 |  Time(s) 0.0887 | RobustPrompt-I Loss 1.7806  
Epoch 020 |  Time(s) 0.0890 | RobustPrompt-I Loss 1.7719  
Epoch 021 |  Time(s) 0.0887 | RobustPrompt-I Loss 1.7706  
Epoch 022 |  Time(s) 0.0860 | RobustPrompt-I Loss 1.7574  
Epoch 023 |  Time(s) 0.1044 | RobustPrompt-I Loss 1.7423  
Epoch 024 |  Time(s) 0.0870 | RobustPrompt-I Loss 1.7283  
Epoch 025 |  Time(s) 0.0849 | RobustPrompt-I Loss 1.7167  
Epoch 026 |  Time(s) 0.0870 | RobustPrompt-I Loss 1.7312  
Epoch 027 |  Time(s) 0.0855 | RobustPrompt-I Loss 1.7795  
Epoch 028 |  Time(s) 0.0843 | RobustPrompt-I Loss 1.6805  
Epoch 029 |  Time(s) 0.0854 | RobustPrompt-I Loss 1.7559  
Epoch 030 |  Time(s) 0.0865 | RobustPrompt-I Loss 1.6662  
Epoch 031 |  Time(s) 0.0866 | RobustPrompt-I Loss 1.7481  
Epoch 032 |  Time(s) 0.0876 | RobustPrompt-I Loss 1.6588  
Epoch 033 |  Time(s) 0.0866 | RobustPrompt-I Loss 1.7711  
Epoch 034 |  Time(s) 0.0856 | RobustPrompt-I Loss 1.7504  
Epoch 035 |  Time(s) 0.0852 | RobustPrompt-I Loss 1.6238  
Epoch 036 |  Time(s) 0.0858 | RobustPrompt-I Loss 1.6986  
Epoch 037 |  Time(s) 0.0863 | RobustPrompt-I Loss 1.6215  
Epoch 038 |  Time(s) 0.0852 | RobustPrompt-I Loss 1.6835  
Epoch 039 |  Time(s) 0.0867 | RobustPrompt-I Loss 1.6902  
Epoch 040 |  Time(s) 0.0866 | RobustPrompt-I Loss 1.5769  
Epoch 041 |  Time(s) 0.0850 | RobustPrompt-I Loss 1.6582  
Epoch 042 |  Time(s) 0.0850 | RobustPrompt-I Loss 1.5990  
Epoch 043 |  Time(s) 0.0835 | RobustPrompt-I Loss 1.6000  
Epoch 044 |  Time(s) 0.0839 | RobustPrompt-I Loss 1.6088  
Epoch 045 |  Time(s) 0.0856 | RobustPrompt-I Loss 1.5273  
Epoch 046 |  Time(s) 0.0843 | RobustPrompt-I Loss 1.5743  
Epoch 047 |  Time(s) 0.0842 | RobustPrompt-I Loss 1.5109  
Epoch 048 |  Time(s) 0.0855 | RobustPrompt-I Loss 1.5703  
Epoch 049 |  Time(s) 0.0858 | RobustPrompt-I Loss 1.5588  
Epoch 050 |  Time(s) 0.0851 | RobustPrompt-I Loss 1.4694  
Epoch 051 |  Time(s) 0.0853 | RobustPrompt-I Loss 1.5078  
Epoch 052 |  Time(s) 0.0857 | RobustPrompt-I Loss 1.4417  
Epoch 053 |  Time(s) 0.0850 | RobustPrompt-I Loss 1.5107  
Epoch 054 |  Time(s) 0.0851 | RobustPrompt-I Loss 1.4811  
Epoch 055 |  Time(s) 0.0847 | RobustPrompt-I Loss 1.4137  
Epoch 056 |  Time(s) 0.0854 | RobustPrompt-I Loss 1.4168  
Epoch 057 |  Time(s) 0.0856 | RobustPrompt-I Loss 1.3979  
Epoch 058 |  Time(s) 0.0845 | RobustPrompt-I Loss 1.3826  
Epoch 059 |  Time(s) 0.0849 | RobustPrompt-I Loss 1.3806  
Epoch 060 |  Time(s) 0.0844 | RobustPrompt-I Loss nan  
Epoch 061 |  Time(s) 0.0844 | RobustPrompt-I Loss nan  
Epoch 062 |  Time(s) 0.0840 | RobustPrompt-I Loss nan  
Epoch 063 |  Time(s) 0.0836 | RobustPrompt-I Loss nan  
Epoch 064 |  Time(s) 0.1434 | RobustPrompt-I Loss nan  
Epoch 065 |  Time(s) 0.1324 | RobustPrompt-I Loss nan  
Epoch 066 |  Time(s) 0.1687 | RobustPrompt-I Loss nan  
Epoch 067 |  Time(s) 0.1364 | RobustPrompt-I Loss nan  
Epoch 068 |  Time(s) 0.1142 | RobustPrompt-I Loss nan  
Epoch 069 |  Time(s) 0.0902 | RobustPrompt-I Loss nan  
Epoch 070 |  Time(s) 0.0845 | RobustPrompt-I Loss nan  
Epoch 071 |  Time(s) 0.0847 | RobustPrompt-I Loss nan  
Epoch 072 |  Time(s) 0.0850 | RobustPrompt-I Loss nan  
Epoch 073 |  Time(s) 0.0850 | RobustPrompt-I Loss nan  
Epoch 074 |  Time(s) 0.0847 | RobustPrompt-I Loss nan  
Epoch 075 |  Time(s) 0.0849 | RobustPrompt-I Loss nan  
Epoch 076 |  Time(s) 0.0852 | RobustPrompt-I Loss nan  
Epoch 077 |  Time(s) 0.0848 | RobustPrompt-I Loss nan  
Epoch 078 |  Time(s) 0.0835 | RobustPrompt-I Loss nan  
----------------------------------------------------------------------------------------------------
Early stopping at 79 eopch!
load LLC or attacked data with specified split
Successfully loaded the attack of dataname with few shot 5, split 1
Attack method : Meta_Self | Attack ptb : 0.1 | Dataset: Cora
======================
Number of graphs: 1
Number of features: 1433
Number of classes: 7

Data(x=[2708, 1433], edge_index=[2, 14274], y=[2708], train_mask=[2708], val_mask=[2708], test_mask=[2708])
===========================================================================================================
Number of nodes: 2708
Number of edges: 14274
Average node degree: 5.27
Has isolated nodes: False
Has self-loops: True
Is undirected: True
GCN(
  (conv_layers): ModuleList(
    (0): GCNConv(1433, 256)
    (1): GCNConv(256, 256)
  )
)
Successfully loaded pre-trained weights!
use RobustPrompt Inductive
defense pt dict :  {'sim_pt': -1.0, 'degree_pt': 3, 'out_detect_pt': -1.0, 'other_pt': 'all'}
use_attention :  False
kl_global :  False
cosine_constraint :  True
pt_threshold :  0.25
filter_module :  OriginalFilter
temperature :  1.0
weight_mse 0.1
weight_kl :  0.1
weight_constraint :  0.0
prepare induce graph data is finished!
run RobustPrompt-I
Epoch 001 |  Time(s) 0.1015 | RobustPrompt-I Loss 1.9446  
Epoch 002 |  Time(s) 0.0885 | RobustPrompt-I Loss 1.9376  
Epoch 003 |  Time(s) 0.0886 | RobustPrompt-I Loss 1.9199  
Epoch 004 |  Time(s) 0.0890 | RobustPrompt-I Loss 1.9091  
Epoch 005 |  Time(s) 0.0885 | RobustPrompt-I Loss 1.8872  
Epoch 006 |  Time(s) 0.0886 | RobustPrompt-I Loss 1.8690  
Epoch 007 |  Time(s) 0.0888 | RobustPrompt-I Loss 1.8518  
Epoch 008 |  Time(s) 0.0937 | RobustPrompt-I Loss 1.8372  
Epoch 009 |  Time(s) 0.1287 | RobustPrompt-I Loss 1.8372  
Epoch 010 |  Time(s) 0.3861 | RobustPrompt-I Loss 1.8318  
Epoch 011 |  Time(s) 0.1916 | RobustPrompt-I Loss 1.8173  
Epoch 012 |  Time(s) 0.0993 | RobustPrompt-I Loss 1.8073  
Epoch 013 |  Time(s) 0.1627 | RobustPrompt-I Loss 1.8050  
Epoch 014 |  Time(s) 0.0973 | RobustPrompt-I Loss 1.7996  
Epoch 015 |  Time(s) 0.0942 | RobustPrompt-I Loss 1.7913  
Epoch 016 |  Time(s) 0.0899 | RobustPrompt-I Loss 1.7809  
Epoch 017 |  Time(s) 0.0891 | RobustPrompt-I Loss 1.7744  
Epoch 018 |  Time(s) 0.0893 | RobustPrompt-I Loss 1.7718  
Epoch 019 |  Time(s) 0.0896 | RobustPrompt-I Loss 1.7601  
Epoch 020 |  Time(s) 0.0890 | RobustPrompt-I Loss 1.7516  
Epoch 021 |  Time(s) 0.0895 | RobustPrompt-I Loss 1.7404  
Epoch 022 |  Time(s) 0.0886 | RobustPrompt-I Loss 1.7297  
Epoch 023 |  Time(s) 0.0878 | RobustPrompt-I Loss 1.7177  
Epoch 024 |  Time(s) 0.0887 | RobustPrompt-I Loss 1.7076  
Epoch 025 |  Time(s) 0.0893 | RobustPrompt-I Loss 1.7480  
Epoch 026 |  Time(s) 0.0884 | RobustPrompt-I Loss 1.7333  
Epoch 027 |  Time(s) 0.0889 | RobustPrompt-I Loss 1.6775  
Epoch 028 |  Time(s) 0.0893 | RobustPrompt-I Loss 1.7208  
Epoch 029 |  Time(s) 0.0902 | RobustPrompt-I Loss 1.6447  
Epoch 030 |  Time(s) 0.0908 | RobustPrompt-I Loss 1.7123  
Epoch 031 |  Time(s) 0.0916 | RobustPrompt-I Loss 1.6261  
Epoch 032 |  Time(s) 0.0915 | RobustPrompt-I Loss 1.7085  
Epoch 033 |  Time(s) 0.0910 | RobustPrompt-I Loss 1.6554  
Epoch 034 |  Time(s) 0.0921 | RobustPrompt-I Loss 1.6677  
Epoch 035 |  Time(s) 0.0913 | RobustPrompt-I Loss 1.6707  
Epoch 036 |  Time(s) 0.0904 | RobustPrompt-I Loss 1.5726  
Epoch 037 |  Time(s) 0.0913 | RobustPrompt-I Loss 1.6360  
Epoch 038 |  Time(s) 0.1474 | RobustPrompt-I Loss 1.5536  
Epoch 039 |  Time(s) 0.1894 | RobustPrompt-I Loss 1.6144  
Epoch 040 |  Time(s) 0.1269 | RobustPrompt-I Loss 1.5839  
Epoch 041 |  Time(s) 0.1974 | RobustPrompt-I Loss 1.5385  
Epoch 042 |  Time(s) 0.2872 | RobustPrompt-I Loss 1.5256  
Epoch 043 |  Time(s) 0.1154 | RobustPrompt-I Loss 1.5197  
Epoch 044 |  Time(s) 0.0976 | RobustPrompt-I Loss 1.4941  
Epoch 045 |  Time(s) 0.0956 | RobustPrompt-I Loss 1.5094  
Epoch 046 |  Time(s) 0.0911 | RobustPrompt-I Loss 1.4948  
Epoch 047 |  Time(s) 0.0902 | RobustPrompt-I Loss 1.4562  
Epoch 048 |  Time(s) 0.0893 | RobustPrompt-I Loss 1.4358  
Epoch 049 |  Time(s) 0.0891 | RobustPrompt-I Loss 1.4573  
Epoch 050 |  Time(s) 0.0885 | RobustPrompt-I Loss 1.4333  
Epoch 051 |  Time(s) 0.0897 | RobustPrompt-I Loss 1.4136  
Epoch 052 |  Time(s) 0.0902 | RobustPrompt-I Loss 1.3970  
Epoch 053 |  Time(s) 0.0903 | RobustPrompt-I Loss 1.3977  
Epoch 054 |  Time(s) 0.0897 | RobustPrompt-I Loss 1.3727  
Epoch 055 |  Time(s) 0.0898 | RobustPrompt-I Loss 1.3739  
Epoch 056 |  Time(s) 0.0912 | RobustPrompt-I Loss 1.3580  
Epoch 057 |  Time(s) 0.0904 | RobustPrompt-I Loss 1.3509  
Epoch 058 |  Time(s) 0.0905 | RobustPrompt-I Loss 1.3287  
Epoch 059 |  Time(s) 0.1254 | RobustPrompt-I Loss 1.3386  
Epoch 060 |  Time(s) 0.1348 | RobustPrompt-I Loss 1.3135  
Epoch 061 |  Time(s) 0.0997 | RobustPrompt-I Loss 1.3177  
Epoch 062 |  Time(s) 0.0888 | RobustPrompt-I Loss 1.2922  
Epoch 063 |  Time(s) 0.0912 | RobustPrompt-I Loss 1.3144  
Epoch 064 |  Time(s) 0.0901 | RobustPrompt-I Loss 1.2827  
Epoch 065 |  Time(s) 0.0898 | RobustPrompt-I Loss 1.2886  
Epoch 066 |  Time(s) 0.0900 | RobustPrompt-I Loss 1.2646  
Epoch 067 |  Time(s) 0.0901 | RobustPrompt-I Loss 1.2696  
Epoch 068 |  Time(s) 0.0898 | RobustPrompt-I Loss 1.2547  
Epoch 069 |  Time(s) 0.0901 | RobustPrompt-I Loss 1.2560  
Epoch 070 |  Time(s) 0.0898 | RobustPrompt-I Loss 1.2509  
Epoch 071 |  Time(s) 0.0905 | RobustPrompt-I Loss 1.2432  
Epoch 072 |  Time(s) 0.0921 | RobustPrompt-I Loss 1.2335  
Epoch 073 |  Time(s) 0.0908 | RobustPrompt-I Loss 1.2386  
Epoch 074 |  Time(s) 0.0902 | RobustPrompt-I Loss 1.2247  
Epoch 075 |  Time(s) 0.0917 | RobustPrompt-I Loss 1.2152  
Epoch 076 |  Time(s) 0.0900 | RobustPrompt-I Loss 1.2090  
Epoch 077 |  Time(s) 0.0902 | RobustPrompt-I Loss 1.2047  
Epoch 078 |  Time(s) 0.0899 | RobustPrompt-I Loss 1.1934  
Epoch 079 |  Time(s) 0.0912 | RobustPrompt-I Loss 1.2028  
Epoch 080 |  Time(s) 0.0894 | RobustPrompt-I Loss 1.1905  
Epoch 081 |  Time(s) 0.2713 | RobustPrompt-I Loss 1.1811  
Epoch 082 |  Time(s) 0.1543 | RobustPrompt-I Loss 1.1680  
Epoch 083 |  Time(s) 0.0921 | RobustPrompt-I Loss 1.1860  
Epoch 084 |  Time(s) 0.0914 | RobustPrompt-I Loss 1.1768  
Epoch 085 |  Time(s) 0.0910 | RobustPrompt-I Loss 1.1536  
Epoch 086 |  Time(s) 0.0913 | RobustPrompt-I Loss 1.1460  
Epoch 087 |  Time(s) 0.0908 | RobustPrompt-I Loss 1.1645  
Epoch 088 |  Time(s) 0.0914 | RobustPrompt-I Loss 1.1543  
Epoch 089 |  Time(s) 0.0909 | RobustPrompt-I Loss 1.1340  
Epoch 090 |  Time(s) 0.0906 | RobustPrompt-I Loss 1.1246  
Epoch 091 |  Time(s) 0.0909 | RobustPrompt-I Loss 1.1471  
Epoch 092 |  Time(s) 0.0913 | RobustPrompt-I Loss 1.1321  
Epoch 093 |  Time(s) 0.0910 | RobustPrompt-I Loss 1.1251  
Epoch 094 |  Time(s) 0.0911 | RobustPrompt-I Loss 1.1122  
Epoch 095 |  Time(s) 0.0910 | RobustPrompt-I Loss 1.1282  
Epoch 096 |  Time(s) 0.0908 | RobustPrompt-I Loss 1.1157  
Epoch 097 |  Time(s) 0.0904 | RobustPrompt-I Loss 1.1087  
Epoch 098 |  Time(s) 0.0927 | RobustPrompt-I Loss 1.1006  
Epoch 099 |  Time(s) 0.0908 | RobustPrompt-I Loss 1.1065  
Epoch 100 |  Time(s) 0.0927 | RobustPrompt-I Loss 1.0989  
Epoch 101 |  Time(s) 0.0938 | RobustPrompt-I Loss 1.0911  
Epoch 102 |  Time(s) 0.0943 | RobustPrompt-I Loss 1.0827  
Epoch 103 |  Time(s) 0.0961 | RobustPrompt-I Loss 1.0936  
Epoch 104 |  Time(s) 0.0944 | RobustPrompt-I Loss 1.0834  
Epoch 105 |  Time(s) 0.0924 | RobustPrompt-I Loss 1.0782  
Epoch 106 |  Time(s) 0.0922 | RobustPrompt-I Loss 1.0691  
Epoch 107 |  Time(s) 0.0923 | RobustPrompt-I Loss 1.0786  
Epoch 108 |  Time(s) 0.0927 | RobustPrompt-I Loss 1.0694  
Epoch 109 |  Time(s) 0.1574 | RobustPrompt-I Loss 1.0647  
Epoch 110 |  Time(s) 0.1361 | RobustPrompt-I Loss 1.0544  
Epoch 111 |  Time(s) 0.1039 | RobustPrompt-I Loss 1.0675  
Epoch 112 |  Time(s) 0.1214 | RobustPrompt-I Loss 1.0557  
Epoch 113 |  Time(s) 0.0979 | RobustPrompt-I Loss 1.0548  
Epoch 114 |  Time(s) 0.1531 | RobustPrompt-I Loss 1.0432  
Epoch 115 |  Time(s) 0.1037 | RobustPrompt-I Loss 1.0565  
Epoch 116 |  Time(s) 0.0958 | RobustPrompt-I Loss 1.0464  
Epoch 117 |  Time(s) 0.0917 | RobustPrompt-I Loss 1.0400  
Epoch 118 |  Time(s) 0.0914 | RobustPrompt-I Loss 1.0301  
Epoch 119 |  Time(s) 0.0921 | RobustPrompt-I Loss 1.0450  
Epoch 120 |  Time(s) 0.0919 | RobustPrompt-I Loss 1.0353  
Epoch 121 |  Time(s) 0.0916 | RobustPrompt-I Loss 1.0272  
Epoch 122 |  Time(s) 0.0927 | RobustPrompt-I Loss 1.0177  
Epoch 123 |  Time(s) 0.0912 | RobustPrompt-I Loss 1.0346  
Epoch 124 |  Time(s) 0.0917 | RobustPrompt-I Loss 1.0255  
Epoch 125 |  Time(s) 0.0912 | RobustPrompt-I Loss 1.0145  
Epoch 126 |  Time(s) 0.0911 | RobustPrompt-I Loss 1.0060  
Epoch 127 |  Time(s) 0.0922 | RobustPrompt-I Loss 1.0230  
Epoch 128 |  Time(s) 0.0912 | RobustPrompt-I Loss 1.0140  
Epoch 129 |  Time(s) 0.0915 | RobustPrompt-I Loss 1.0029  
Epoch 130 |  Time(s) 0.0911 | RobustPrompt-I Loss 0.9936  
Epoch 131 |  Time(s) 0.0913 | RobustPrompt-I Loss 1.0134  
Epoch 132 |  Time(s) 0.0908 | RobustPrompt-I Loss 1.0030  
Epoch 133 |  Time(s) 0.0910 | RobustPrompt-I Loss 0.9926  
Epoch 134 |  Time(s) 0.0915 | RobustPrompt-I Loss 0.9830  
Epoch 135 |  Time(s) 0.0909 | RobustPrompt-I Loss 1.0031  
Epoch 136 |  Time(s) 0.0911 | RobustPrompt-I Loss 0.9929  
Epoch 137 |  Time(s) 0.0911 | RobustPrompt-I Loss 0.9820  
Epoch 138 |  Time(s) 0.0917 | RobustPrompt-I Loss 0.9723  
Epoch 139 |  Time(s) 0.0917 | RobustPrompt-I Loss 0.9937  
Epoch 140 |  Time(s) 0.0920 | RobustPrompt-I Loss 0.9825  
Epoch 141 |  Time(s) 0.0922 | RobustPrompt-I Loss 0.9729  
Epoch 142 |  Time(s) 0.0911 | RobustPrompt-I Loss 0.9627  
Epoch 143 |  Time(s) 0.0916 | RobustPrompt-I Loss 0.9845  
Epoch 144 |  Time(s) 0.2159 | RobustPrompt-I Loss 0.9734  
Epoch 145 |  Time(s) 0.1552 | RobustPrompt-I Loss 0.9636  
Epoch 146 |  Time(s) 0.1025 | RobustPrompt-I Loss 0.9531  
Epoch 147 |  Time(s) 0.0954 | RobustPrompt-I Loss 0.9761  
Epoch 148 |  Time(s) 0.0912 | RobustPrompt-I Loss 0.9645  
Epoch 149 |  Time(s) 0.0911 | RobustPrompt-I Loss 0.9546  
Epoch 150 |  Time(s) 0.0907 | RobustPrompt-I Loss 0.9434  
Epoch 151 |  Time(s) 0.0909 | RobustPrompt-I Loss 0.9695  
Epoch 152 |  Time(s) 0.0903 | RobustPrompt-I Loss 0.9573  
Epoch 153 |  Time(s) 0.0911 | RobustPrompt-I Loss 0.9450  
Epoch 154 |  Time(s) 0.0913 | RobustPrompt-I Loss 0.9330  
Epoch 155 |  Time(s) 0.0910 | RobustPrompt-I Loss 0.9639  
Epoch 156 |  Time(s) 0.0909 | RobustPrompt-I Loss 0.9512  
Epoch 157 |  Time(s) 0.0911 | RobustPrompt-I Loss 0.9343  
Epoch 158 |  Time(s) 0.0913 | RobustPrompt-I Loss 0.9220  
Epoch 159 |  Time(s) 0.1445 | RobustPrompt-I Loss 0.9594  
Epoch 160 |  Time(s) 0.1883 | RobustPrompt-I Loss 0.9464  
Epoch 161 |  Time(s) 0.2552 | RobustPrompt-I Loss 0.9233  
Epoch 162 |  Time(s) 0.1193 | RobustPrompt-I Loss 0.9117  
Epoch 163 |  Time(s) 0.0950 | RobustPrompt-I Loss 0.9527  
Epoch 164 |  Time(s) 0.0928 | RobustPrompt-I Loss 0.9400  
Epoch 165 |  Time(s) 0.0860 | RobustPrompt-I Loss 0.9137  
Epoch 166 |  Time(s) 0.0891 | RobustPrompt-I Loss 0.9040  
Epoch 167 |  Time(s) 0.0974 | RobustPrompt-I Loss 0.9418  
Epoch 168 |  Time(s) 0.3049 | RobustPrompt-I Loss 0.9305  
Epoch 169 |  Time(s) 0.1645 | RobustPrompt-I Loss 0.9070  
Epoch 170 |  Time(s) 0.1060 | RobustPrompt-I Loss 0.8993  
Epoch 171 |  Time(s) 0.2506 | RobustPrompt-I Loss 0.9287  
Epoch 172 |  Time(s) 0.2119 | RobustPrompt-I Loss 0.9194  
Epoch 173 |  Time(s) 0.3244 | RobustPrompt-I Loss 0.9024  
Epoch 174 |  Time(s) 0.1022 | RobustPrompt-I Loss 0.8959  
Epoch 175 |  Time(s) 0.0905 | RobustPrompt-I Loss 0.9159  
Epoch 176 |  Time(s) 0.0926 | RobustPrompt-I Loss 0.9082  
Epoch 177 |  Time(s) 0.0883 | RobustPrompt-I Loss 0.8988  
Epoch 178 |  Time(s) 0.0881 | RobustPrompt-I Loss 0.8930  
Epoch 179 |  Time(s) 0.0895 | RobustPrompt-I Loss 0.9061  
Epoch 180 |  Time(s) 0.0884 | RobustPrompt-I Loss 0.8972  
Epoch 181 |  Time(s) 0.1231 | RobustPrompt-I Loss 0.8968  
Epoch 182 |  Time(s) 0.1940 | RobustPrompt-I Loss 0.8888  
Epoch 183 |  Time(s) 0.0887 | RobustPrompt-I Loss 0.8981  
Epoch 184 |  Time(s) 0.1339 | RobustPrompt-I Loss 0.8863  
Epoch 185 |  Time(s) 0.0883 | RobustPrompt-I Loss 0.8922  
Epoch 186 |  Time(s) 0.0880 | RobustPrompt-I Loss 0.8814  
Epoch 187 |  Time(s) 0.0878 | RobustPrompt-I Loss 0.8895  
Epoch 188 |  Time(s) 0.0881 | RobustPrompt-I Loss 0.8779  
Epoch 189 |  Time(s) 0.0876 | RobustPrompt-I Loss 0.8837  
Epoch 190 |  Time(s) 0.0881 | RobustPrompt-I Loss 0.8745  
Epoch 191 |  Time(s) 0.1240 | RobustPrompt-I Loss 0.8819  
Epoch 192 |  Time(s) 0.1763 | RobustPrompt-I Loss 0.8718  
Epoch 193 |  Time(s) 0.1241 | RobustPrompt-I Loss 0.8756  
Epoch 194 |  Time(s) 0.1269 | RobustPrompt-I Loss 0.8685  
Epoch 195 |  Time(s) 0.3172 | RobustPrompt-I Loss 0.8764  
Epoch 196 |  Time(s) 0.3388 | RobustPrompt-I Loss 0.8636  
Epoch 197 |  Time(s) 0.3443 | RobustPrompt-I Loss 0.8719  
Epoch 198 |  Time(s) 0.2116 | RobustPrompt-I Loss nan  
Epoch 199 |  Time(s) 0.1919 | RobustPrompt-I Loss nan  
Epoch 200 |  Time(s) 0.1635 | RobustPrompt-I Loss nan  
load LLC or attacked data with specified split
Successfully loaded the attack of dataname with few shot 5, split 1
Attack method : Meta_Self | Attack ptb : 0.1 | Dataset: Cora
======================
Number of graphs: 1
Number of features: 1433
Number of classes: 7

Data(x=[2708, 1433], edge_index=[2, 14274], y=[2708], train_mask=[2708], val_mask=[2708], test_mask=[2708])
===========================================================================================================
Number of nodes: 2708
Number of edges: 14274
Average node degree: 5.27
Has isolated nodes: False
Has self-loops: True
Is undirected: True
GCN(
  (conv_layers): ModuleList(
    (0): GCNConv(1433, 256)
    (1): GCNConv(256, 256)
  )
)
Successfully loaded pre-trained weights!
use RobustPrompt Inductive
defense pt dict :  {'sim_pt': -1.0, 'degree_pt': 3, 'out_detect_pt': -1.0, 'other_pt': 'all'}
use_attention :  False
kl_global :  False
cosine_constraint :  True
pt_threshold :  0.25
filter_module :  OriginalFilter
temperature :  1.0
weight_mse 0.1
weight_kl :  0.1
weight_constraint :  0.0
prepare induce graph data is finished!
run RobustPrompt-I
Epoch 001 |  Time(s) 0.1022 | RobustPrompt-I Loss 1.9474  
Epoch 002 |  Time(s) 0.0958 | RobustPrompt-I Loss 1.9416  
Epoch 003 |  Time(s) 0.0874 | RobustPrompt-I Loss 1.9264  
Epoch 004 |  Time(s) 0.0887 | RobustPrompt-I Loss 1.9127  
Epoch 005 |  Time(s) 0.0884 | RobustPrompt-I Loss 1.8873  
Epoch 006 |  Time(s) 0.0880 | RobustPrompt-I Loss 1.8782  
Epoch 007 |  Time(s) 0.0887 | RobustPrompt-I Loss 1.8570  
Epoch 008 |  Time(s) 0.0883 | RobustPrompt-I Loss 1.8464  
Epoch 009 |  Time(s) 0.0880 | RobustPrompt-I Loss 1.8226  
Epoch 010 |  Time(s) 0.0876 | RobustPrompt-I Loss 1.8378  
Epoch 011 |  Time(s) 0.0888 | RobustPrompt-I Loss 1.8086  
Epoch 012 |  Time(s) 0.0879 | RobustPrompt-I Loss 1.8132  
Epoch 013 |  Time(s) 0.0885 | RobustPrompt-I Loss 1.8059  
Epoch 014 |  Time(s) 0.0878 | RobustPrompt-I Loss 1.8181  
Epoch 015 |  Time(s) 0.0880 | RobustPrompt-I Loss 1.7869  
Epoch 016 |  Time(s) 0.0880 | RobustPrompt-I Loss 1.7714  
Epoch 017 |  Time(s) 0.0881 | RobustPrompt-I Loss 1.7582  
Epoch 018 |  Time(s) 0.0879 | RobustPrompt-I Loss 1.7514  
Epoch 019 |  Time(s) 0.0890 | RobustPrompt-I Loss 1.7493  
Epoch 020 |  Time(s) 0.0891 | RobustPrompt-I Loss 1.7510  
Epoch 021 |  Time(s) 0.0890 | RobustPrompt-I Loss 1.7382  
Epoch 022 |  Time(s) 0.0892 | RobustPrompt-I Loss 1.7328  
Epoch 023 |  Time(s) 0.0890 | RobustPrompt-I Loss 1.7115  
Epoch 024 |  Time(s) 0.0892 | RobustPrompt-I Loss 1.7071  
Epoch 025 |  Time(s) 0.0897 | RobustPrompt-I Loss 1.7007  
Epoch 026 |  Time(s) 0.0886 | RobustPrompt-I Loss 1.6903  
Epoch 027 |  Time(s) 0.0887 | RobustPrompt-I Loss 1.7055  
Epoch 028 |  Time(s) 0.1457 | RobustPrompt-I Loss 1.6704  
Epoch 029 |  Time(s) 0.0889 | RobustPrompt-I Loss 1.6594  
Epoch 030 |  Time(s) 0.0882 | RobustPrompt-I Loss 1.6704  
Epoch 031 |  Time(s) 0.0880 | RobustPrompt-I Loss 1.6343  
Epoch 032 |  Time(s) 0.0884 | RobustPrompt-I Loss 1.6226  
Epoch 033 |  Time(s) 0.0890 | RobustPrompt-I Loss 1.6211  
Epoch 034 |  Time(s) 0.0891 | RobustPrompt-I Loss 1.6056  
Epoch 035 |  Time(s) 0.0888 | RobustPrompt-I Loss 1.5967  
Epoch 036 |  Time(s) 0.0882 | RobustPrompt-I Loss 1.5677  
Epoch 037 |  Time(s) 0.0885 | RobustPrompt-I Loss 1.5570  
Epoch 038 |  Time(s) 0.0885 | RobustPrompt-I Loss 1.5269  
Epoch 039 |  Time(s) 0.0884 | RobustPrompt-I Loss 1.5058  
Epoch 040 |  Time(s) 0.0891 | RobustPrompt-I Loss 1.5053  
Epoch 041 |  Time(s) 0.0891 | RobustPrompt-I Loss 1.4794  
Epoch 042 |  Time(s) 0.0894 | RobustPrompt-I Loss 1.4802  
Epoch 043 |  Time(s) 0.0891 | RobustPrompt-I Loss 1.4498  
Epoch 044 |  Time(s) 0.0896 | RobustPrompt-I Loss 1.4287  
Epoch 045 |  Time(s) 0.0895 | RobustPrompt-I Loss 1.4023  
Epoch 046 |  Time(s) 0.0896 | RobustPrompt-I Loss 1.3911  
Epoch 047 |  Time(s) 0.0890 | RobustPrompt-I Loss nan  
Epoch 048 |  Time(s) 0.1175 | RobustPrompt-I Loss nan  
Epoch 049 |  Time(s) 0.2224 | RobustPrompt-I Loss nan  
Epoch 050 |  Time(s) 0.2158 | RobustPrompt-I Loss nan  
Epoch 051 |  Time(s) 0.2067 | RobustPrompt-I Loss nan  
Epoch 052 |  Time(s) 0.2063 | RobustPrompt-I Loss nan  
Epoch 053 |  Time(s) 0.3163 | RobustPrompt-I Loss nan  
Epoch 054 |  Time(s) 0.2677 | RobustPrompt-I Loss nan  
Epoch 055 |  Time(s) 0.2010 | RobustPrompt-I Loss nan  
Epoch 056 |  Time(s) 0.1189 | RobustPrompt-I Loss nan  
Epoch 057 |  Time(s) 0.1118 | RobustPrompt-I Loss nan  
Epoch 058 |  Time(s) 0.1060 | RobustPrompt-I Loss nan  
Epoch 059 |  Time(s) 0.3132 | RobustPrompt-I Loss nan  
Epoch 060 |  Time(s) 0.3246 | RobustPrompt-I Loss nan  
Epoch 061 |  Time(s) 0.2297 | RobustPrompt-I Loss nan  
Epoch 062 |  Time(s) 0.1044 | RobustPrompt-I Loss nan  
Epoch 063 |  Time(s) 0.1008 | RobustPrompt-I Loss nan  
Epoch 064 |  Time(s) 0.0991 | RobustPrompt-I Loss nan  
Epoch 065 |  Time(s) 0.0908 | RobustPrompt-I Loss nan  
----------------------------------------------------------------------------------------------------
Early stopping at 66 eopch!
load LLC or attacked data with specified split
Successfully loaded the attack of dataname with few shot 5, split 1
Attack method : Meta_Self | Attack ptb : 0.1 | Dataset: Cora
======================
Number of graphs: 1
Number of features: 1433
Number of classes: 7

Data(x=[2708, 1433], edge_index=[2, 14274], y=[2708], train_mask=[2708], val_mask=[2708], test_mask=[2708])
===========================================================================================================
Number of nodes: 2708
Number of edges: 14274
Average node degree: 5.27
Has isolated nodes: False
Has self-loops: True
Is undirected: True
GCN(
  (conv_layers): ModuleList(
    (0): GCNConv(1433, 256)
    (1): GCNConv(256, 256)
  )
)
Successfully loaded pre-trained weights!
use RobustPrompt Inductive
defense pt dict :  {'sim_pt': -1.0, 'degree_pt': 3, 'out_detect_pt': -1.0, 'other_pt': 'all'}
use_attention :  False
kl_global :  False
cosine_constraint :  True
pt_threshold :  0.25
filter_module :  OriginalFilter
temperature :  1.0
weight_mse 0.1
weight_kl :  0.1
weight_constraint :  0.0
prepare induce graph data is finished!
run RobustPrompt-I
Epoch 001 |  Time(s) 0.1118 | RobustPrompt-I Loss 1.9411  
Epoch 002 |  Time(s) 0.0926 | RobustPrompt-I Loss 1.9371  
Epoch 003 |  Time(s) 0.0908 | RobustPrompt-I Loss 1.9294  
Epoch 004 |  Time(s) 0.0920 | RobustPrompt-I Loss 1.9090  
Epoch 005 |  Time(s) 0.1411 | RobustPrompt-I Loss 1.8980  
Epoch 006 |  Time(s) 0.1204 | RobustPrompt-I Loss 1.8729  
Epoch 007 |  Time(s) 0.3190 | RobustPrompt-I Loss 1.8652  
Epoch 008 |  Time(s) 0.2079 | RobustPrompt-I Loss 1.8412  
Epoch 009 |  Time(s) 0.3467 | RobustPrompt-I Loss 1.8267  
Epoch 010 |  Time(s) 0.3250 | RobustPrompt-I Loss 1.8163  
Epoch 011 |  Time(s) 0.2602 | RobustPrompt-I Loss 1.8094  
Epoch 012 |  Time(s) 0.4542 | RobustPrompt-I Loss 1.8091  
Epoch 013 |  Time(s) 0.2115 | RobustPrompt-I Loss 1.7980  
Epoch 014 |  Time(s) 0.3705 | RobustPrompt-I Loss 1.7912  
Epoch 015 |  Time(s) 0.3484 | RobustPrompt-I Loss 1.7823  
Epoch 016 |  Time(s) 0.2349 | RobustPrompt-I Loss 1.7772  
Epoch 017 |  Time(s) 0.1792 | RobustPrompt-I Loss 1.7667  
Epoch 018 |  Time(s) 0.1094 | RobustPrompt-I Loss 1.7561  
Epoch 019 |  Time(s) 0.1095 | RobustPrompt-I Loss 1.7348  
Epoch 020 |  Time(s) 0.0982 | RobustPrompt-I Loss 1.7310  
Epoch 021 |  Time(s) 0.0966 | RobustPrompt-I Loss 1.7275  
Epoch 022 |  Time(s) 0.0907 | RobustPrompt-I Loss 1.7364  
Epoch 023 |  Time(s) 0.0929 | RobustPrompt-I Loss 1.7099  
Epoch 024 |  Time(s) 0.1198 | RobustPrompt-I Loss 1.6948  
Epoch 025 |  Time(s) 0.0959 | RobustPrompt-I Loss 1.7220  
Epoch 026 |  Time(s) 0.0897 | RobustPrompt-I Loss 1.6785  
Epoch 027 |  Time(s) 0.0895 | RobustPrompt-I Loss 1.6604  
Epoch 028 |  Time(s) 0.0900 | RobustPrompt-I Loss 1.6734  
Epoch 029 |  Time(s) 0.0905 | RobustPrompt-I Loss 1.6315  
Epoch 030 |  Time(s) 0.0892 | RobustPrompt-I Loss 1.6311  
Epoch 031 |  Time(s) 0.0897 | RobustPrompt-I Loss 1.6510  
Epoch 032 |  Time(s) 0.0893 | RobustPrompt-I Loss 1.5870  
Epoch 033 |  Time(s) 0.0933 | RobustPrompt-I Loss 1.6284  
Epoch 034 |  Time(s) 0.0946 | RobustPrompt-I Loss 1.5720  
Epoch 035 |  Time(s) 0.0901 | RobustPrompt-I Loss 1.5750  
Epoch 036 |  Time(s) 0.0904 | RobustPrompt-I Loss 1.5672  
Epoch 037 |  Time(s) 0.0902 | RobustPrompt-I Loss 1.5188  
Epoch 038 |  Time(s) 0.0893 | RobustPrompt-I Loss 1.5674  
Epoch 039 |  Time(s) 0.0899 | RobustPrompt-I Loss 1.4885  
Epoch 040 |  Time(s) 0.0896 | RobustPrompt-I Loss 1.5836  
Epoch 041 |  Time(s) 0.0912 | RobustPrompt-I Loss 1.5190  
Epoch 042 |  Time(s) 0.0891 | RobustPrompt-I Loss 1.5221  
Epoch 043 |  Time(s) 0.0890 | RobustPrompt-I Loss 1.5229  
Epoch 044 |  Time(s) 0.0931 | RobustPrompt-I Loss 1.4240  
Epoch 045 |  Time(s) 0.0934 | RobustPrompt-I Loss 1.4327  
Epoch 046 |  Time(s) 0.0895 | RobustPrompt-I Loss 1.4239  
Epoch 047 |  Time(s) 0.0911 | RobustPrompt-I Loss 1.3855  
Epoch 048 |  Time(s) 0.0904 | RobustPrompt-I Loss 1.4322  
Epoch 049 |  Time(s) 0.2618 | RobustPrompt-I Loss 1.3823  
Epoch 050 |  Time(s) 0.1437 | RobustPrompt-I Loss 1.4438  
Epoch 051 |  Time(s) 0.0989 | RobustPrompt-I Loss 1.4552  
Epoch 052 |  Time(s) 0.0890 | RobustPrompt-I Loss 1.3232  
Epoch 053 |  Time(s) 0.0886 | RobustPrompt-I Loss 1.4224  
Epoch 054 |  Time(s) 0.0892 | RobustPrompt-I Loss 1.3620  
Epoch 055 |  Time(s) 0.0897 | RobustPrompt-I Loss 1.3425  
Epoch 056 |  Time(s) 0.0902 | RobustPrompt-I Loss 1.3491  
Epoch 057 |  Time(s) 0.0902 | RobustPrompt-I Loss 1.2913  
Epoch 058 |  Time(s) 0.0901 | RobustPrompt-I Loss 1.2974  
Epoch 059 |  Time(s) 0.0897 | RobustPrompt-I Loss 1.2866  
Epoch 060 |  Time(s) 0.0902 | RobustPrompt-I Loss 1.2617  
Epoch 061 |  Time(s) 0.0895 | RobustPrompt-I Loss 1.2778  
Epoch 062 |  Time(s) 0.0896 | RobustPrompt-I Loss 1.2464  
Epoch 063 |  Time(s) 0.0911 | RobustPrompt-I Loss 1.2519  
Epoch 064 |  Time(s) 0.0900 | RobustPrompt-I Loss 1.2437  
Epoch 065 |  Time(s) 0.0906 | RobustPrompt-I Loss 1.2235  
Epoch 066 |  Time(s) 0.0888 | RobustPrompt-I Loss 1.2212  
Epoch 067 |  Time(s) 0.0920 | RobustPrompt-I Loss 1.2209  
Epoch 068 |  Time(s) 0.0890 | RobustPrompt-I Loss 1.2002  
Epoch 069 |  Time(s) 0.0916 | RobustPrompt-I Loss 1.1923  
Epoch 070 |  Time(s) 0.0928 | RobustPrompt-I Loss 1.1957  
Epoch 071 |  Time(s) 0.0904 | RobustPrompt-I Loss 1.1813  
Epoch 072 |  Time(s) 0.0899 | RobustPrompt-I Loss 1.1676  
Epoch 073 |  Time(s) 0.0902 | RobustPrompt-I Loss 1.1618  
Epoch 074 |  Time(s) 0.0900 | RobustPrompt-I Loss 1.1621  
Epoch 075 |  Time(s) 0.0908 | RobustPrompt-I Loss 1.1542  
Epoch 076 |  Time(s) 0.0893 | RobustPrompt-I Loss 1.1449  
Epoch 077 |  Time(s) 0.0897 | RobustPrompt-I Loss 1.1386  
Epoch 078 |  Time(s) 0.0896 | RobustPrompt-I Loss 1.1255  
Epoch 079 |  Time(s) 0.0902 | RobustPrompt-I Loss 1.1179  
Epoch 080 |  Time(s) 0.0895 | RobustPrompt-I Loss 1.1109  
Epoch 081 |  Time(s) 0.0891 | RobustPrompt-I Loss 1.1079  
Epoch 082 |  Time(s) 0.0898 | RobustPrompt-I Loss 1.1195  
Epoch 083 |  Time(s) 0.0895 | RobustPrompt-I Loss 1.0922  
Epoch 084 |  Time(s) 0.0892 | RobustPrompt-I Loss 1.0839  
Epoch 085 |  Time(s) 0.0893 | RobustPrompt-I Loss 1.0851  
Epoch 086 |  Time(s) 0.0889 | RobustPrompt-I Loss 1.0789  
Epoch 087 |  Time(s) 0.0943 | RobustPrompt-I Loss 1.0760  
Epoch 088 |  Time(s) 0.0955 | RobustPrompt-I Loss 1.0624  
Epoch 089 |  Time(s) 0.0890 | RobustPrompt-I Loss 1.0559  
Epoch 090 |  Time(s) 0.0900 | RobustPrompt-I Loss nan  
Epoch 091 |  Time(s) 0.0902 | RobustPrompt-I Loss nan  
Epoch 092 |  Time(s) 0.0900 | RobustPrompt-I Loss nan  
Epoch 093 |  Time(s) 0.0904 | RobustPrompt-I Loss nan  
Epoch 094 |  Time(s) 0.0897 | RobustPrompt-I Loss nan  
Epoch 095 |  Time(s) 0.0898 | RobustPrompt-I Loss nan  
Epoch 096 |  Time(s) 0.0893 | RobustPrompt-I Loss nan  
Epoch 097 |  Time(s) 0.0887 | RobustPrompt-I Loss nan  
Epoch 098 |  Time(s) 0.0894 | RobustPrompt-I Loss nan  
Epoch 099 |  Time(s) 0.0891 | RobustPrompt-I Loss nan  
Epoch 100 |  Time(s) 0.0888 | RobustPrompt-I Loss nan  
Epoch 101 |  Time(s) 0.0895 | RobustPrompt-I Loss nan  
Epoch 102 |  Time(s) 0.0885 | RobustPrompt-I Loss nan  
Epoch 103 |  Time(s) 0.0880 | RobustPrompt-I Loss nan  
Epoch 104 |  Time(s) 0.0889 | RobustPrompt-I Loss nan  
Epoch 105 |  Time(s) 0.0928 | RobustPrompt-I Loss nan  
Epoch 106 |  Time(s) 0.1262 | RobustPrompt-I Loss nan  
Epoch 107 |  Time(s) 0.1035 | RobustPrompt-I Loss nan  
Epoch 108 |  Time(s) 0.1000 | RobustPrompt-I Loss nan  
----------------------------------------------------------------------------------------------------
Early stopping at 109 eopch!
load LLC or attacked data with specified split
Successfully loaded the attack of dataname with few shot 5, split 1
Attack method : Meta_Self | Attack ptb : 0.1 | Dataset: Cora
======================
Number of graphs: 1
Number of features: 1433
Number of classes: 7

Data(x=[2708, 1433], edge_index=[2, 14274], y=[2708], train_mask=[2708], val_mask=[2708], test_mask=[2708])
===========================================================================================================
Number of nodes: 2708
Number of edges: 14274
Average node degree: 5.27
Has isolated nodes: False
Has self-loops: True
Is undirected: True
GCN(
  (conv_layers): ModuleList(
    (0): GCNConv(1433, 256)
    (1): GCNConv(256, 256)
  )
)
Successfully loaded pre-trained weights!
use RobustPrompt Inductive
defense pt dict :  {'sim_pt': -1.0, 'degree_pt': 3, 'out_detect_pt': -1.0, 'other_pt': 'all'}
use_attention :  False
kl_global :  False
cosine_constraint :  True
pt_threshold :  0.25
filter_module :  OriginalFilter
temperature :  1.0
weight_mse 0.1
weight_kl :  0.1
weight_constraint :  0.0
prepare induce graph data is finished!
run RobustPrompt-I
Epoch 001 |  Time(s) 0.1016 | RobustPrompt-I Loss 1.9479  
Epoch 002 |  Time(s) 0.0915 | RobustPrompt-I Loss 1.9401  
Epoch 003 |  Time(s) 0.0911 | RobustPrompt-I Loss 1.9282  
Epoch 004 |  Time(s) 0.0909 | RobustPrompt-I Loss 1.9136  
Epoch 005 |  Time(s) 0.0913 | RobustPrompt-I Loss 1.8981  
Epoch 006 |  Time(s) 0.0916 | RobustPrompt-I Loss 1.8749  
Epoch 007 |  Time(s) 0.0903 | RobustPrompt-I Loss 1.8719  
Epoch 008 |  Time(s) 0.0901 | RobustPrompt-I Loss 1.8501  
Epoch 009 |  Time(s) 0.0905 | RobustPrompt-I Loss 1.8287  
Epoch 010 |  Time(s) 0.0963 | RobustPrompt-I Loss 1.8152  
Epoch 011 |  Time(s) 0.0920 | RobustPrompt-I Loss 1.8218  
Epoch 012 |  Time(s) 0.2078 | RobustPrompt-I Loss 1.8131  
Epoch 013 |  Time(s) 0.1721 | RobustPrompt-I Loss 1.7896  
Epoch 014 |  Time(s) 0.0972 | RobustPrompt-I Loss 1.7769  
Epoch 015 |  Time(s) 0.0904 | RobustPrompt-I Loss 1.7733  
Epoch 016 |  Time(s) 0.0908 | RobustPrompt-I Loss 1.7777  
Epoch 017 |  Time(s) 0.0911 | RobustPrompt-I Loss 1.7729  
Epoch 018 |  Time(s) 0.0911 | RobustPrompt-I Loss 1.7400  
Epoch 019 |  Time(s) 0.0906 | RobustPrompt-I Loss 1.7332  
Epoch 020 |  Time(s) 0.0907 | RobustPrompt-I Loss 1.7175  
Epoch 021 |  Time(s) 0.0913 | RobustPrompt-I Loss 1.7175  
Epoch 022 |  Time(s) 0.0908 | RobustPrompt-I Loss 1.6983  
Epoch 023 |  Time(s) 0.0855 | RobustPrompt-I Loss 1.6876  
Epoch 024 |  Time(s) 0.1243 | RobustPrompt-I Loss 1.6748  
Epoch 025 |  Time(s) 0.0899 | RobustPrompt-I Loss 1.6618  
Epoch 026 |  Time(s) 0.0892 | RobustPrompt-I Loss 1.6687  
Epoch 027 |  Time(s) 0.0901 | RobustPrompt-I Loss 1.6584  
Epoch 028 |  Time(s) 0.0903 | RobustPrompt-I Loss 1.6993  
Epoch 029 |  Time(s) 0.0901 | RobustPrompt-I Loss 1.6496  
Epoch 030 |  Time(s) 0.0899 | RobustPrompt-I Loss 1.6654  
Epoch 031 |  Time(s) 0.0896 | RobustPrompt-I Loss 1.6044  
Epoch 032 |  Time(s) 0.0893 | RobustPrompt-I Loss 1.6608  
Epoch 033 |  Time(s) 0.0902 | RobustPrompt-I Loss 1.6074  
Epoch 034 |  Time(s) 0.0901 | RobustPrompt-I Loss 1.6309  
Epoch 035 |  Time(s) 0.0889 | RobustPrompt-I Loss 1.5630  
Epoch 036 |  Time(s) 0.0903 | RobustPrompt-I Loss 1.6515  
Epoch 037 |  Time(s) 0.0898 | RobustPrompt-I Loss 1.6518  
Epoch 038 |  Time(s) 0.0897 | RobustPrompt-I Loss 1.5446  
Epoch 039 |  Time(s) 0.0898 | RobustPrompt-I Loss 1.5951  
Epoch 040 |  Time(s) 0.1882 | RobustPrompt-I Loss 1.5245  
Epoch 041 |  Time(s) 0.1104 | RobustPrompt-I Loss 1.6031  
Epoch 042 |  Time(s) 0.0938 | RobustPrompt-I Loss 1.6365  
Epoch 043 |  Time(s) 0.1257 | RobustPrompt-I Loss 1.4947  
Epoch 044 |  Time(s) 0.2126 | RobustPrompt-I Loss 1.5460  
Epoch 045 |  Time(s) 0.1041 | RobustPrompt-I Loss 1.5378  
Epoch 046 |  Time(s) 0.0901 | RobustPrompt-I Loss 1.5193  
Epoch 047 |  Time(s) 0.0897 | RobustPrompt-I Loss 1.5487  
Epoch 048 |  Time(s) 0.0896 | RobustPrompt-I Loss 1.4968  
Epoch 049 |  Time(s) 0.0936 | RobustPrompt-I Loss 1.4486  
Epoch 050 |  Time(s) 0.0895 | RobustPrompt-I Loss 1.4567  
Epoch 051 |  Time(s) 0.0899 | RobustPrompt-I Loss 1.4751  
Epoch 052 |  Time(s) 0.0886 | RobustPrompt-I Loss 1.3931  
Epoch 053 |  Time(s) 0.0900 | RobustPrompt-I Loss 1.4254  
Epoch 054 |  Time(s) 0.0890 | RobustPrompt-I Loss 1.3916  
Epoch 055 |  Time(s) 0.0899 | RobustPrompt-I Loss 1.3870  
Epoch 056 |  Time(s) 0.0930 | RobustPrompt-I Loss 1.3798  
Epoch 057 |  Time(s) 0.0895 | RobustPrompt-I Loss 1.3560  
Epoch 058 |  Time(s) 0.0900 | RobustPrompt-I Loss 1.3316  
Epoch 059 |  Time(s) 0.0889 | RobustPrompt-I Loss 1.3475  
Epoch 060 |  Time(s) 0.0896 | RobustPrompt-I Loss 1.3108  
Epoch 061 |  Time(s) 0.0899 | RobustPrompt-I Loss 1.3079  
Epoch 062 |  Time(s) 0.0903 | RobustPrompt-I Loss 1.2933  
Epoch 063 |  Time(s) 0.0901 | RobustPrompt-I Loss 1.2878  
Epoch 064 |  Time(s) 0.0898 | RobustPrompt-I Loss 1.2717  
Epoch 065 |  Time(s) 0.0889 | RobustPrompt-I Loss 1.2670  
Epoch 066 |  Time(s) 0.0913 | RobustPrompt-I Loss 1.2484  
Epoch 067 |  Time(s) 0.0898 | RobustPrompt-I Loss 1.2569  
Epoch 068 |  Time(s) 0.0888 | RobustPrompt-I Loss 1.2291  
Epoch 069 |  Time(s) 0.0928 | RobustPrompt-I Loss 1.2298  
Epoch 070 |  Time(s) 0.0940 | RobustPrompt-I Loss 1.2186  
Epoch 071 |  Time(s) 0.0891 | RobustPrompt-I Loss 1.2105  
Epoch 072 |  Time(s) 0.0909 | RobustPrompt-I Loss 1.2047  
Epoch 073 |  Time(s) 0.0930 | RobustPrompt-I Loss 1.1901  
Epoch 074 |  Time(s) 0.0908 | RobustPrompt-I Loss 1.1886  
Epoch 075 |  Time(s) 0.0904 | RobustPrompt-I Loss 1.1774  
Epoch 076 |  Time(s) 0.0899 | RobustPrompt-I Loss 1.1690  
Epoch 077 |  Time(s) 0.0913 | RobustPrompt-I Loss 1.1659  
Epoch 078 |  Time(s) 0.1250 | RobustPrompt-I Loss 1.1536  
Epoch 079 |  Time(s) 0.1004 | RobustPrompt-I Loss 1.1519  
Epoch 080 |  Time(s) 0.1022 | RobustPrompt-I Loss 1.1419  
Epoch 081 |  Time(s) 0.1055 | RobustPrompt-I Loss 1.1320  
Epoch 082 |  Time(s) 0.1013 | RobustPrompt-I Loss 1.1253  
Epoch 083 |  Time(s) 0.0895 | RobustPrompt-I Loss 1.1206  
Epoch 084 |  Time(s) 0.1448 | RobustPrompt-I Loss 1.1132  
Epoch 085 |  Time(s) 0.1001 | RobustPrompt-I Loss 1.1048  
Epoch 086 |  Time(s) 0.0972 | RobustPrompt-I Loss 1.1008  
Epoch 087 |  Time(s) 0.0933 | RobustPrompt-I Loss 1.0914  
Epoch 088 |  Time(s) 0.0902 | RobustPrompt-I Loss 1.0846  
Epoch 089 |  Time(s) 0.0900 | RobustPrompt-I Loss 1.0793  
Epoch 090 |  Time(s) 0.0900 | RobustPrompt-I Loss 1.0726  
Epoch 091 |  Time(s) 0.0897 | RobustPrompt-I Loss 1.0710  
Epoch 092 |  Time(s) 0.0901 | RobustPrompt-I Loss 1.0607  
Epoch 093 |  Time(s) 0.0906 | RobustPrompt-I Loss 1.0604  
Epoch 094 |  Time(s) 0.0903 | RobustPrompt-I Loss 1.0488  
Epoch 095 |  Time(s) 0.0900 | RobustPrompt-I Loss 1.0476  
Epoch 096 |  Time(s) 0.0902 | RobustPrompt-I Loss 1.0407  
Epoch 097 |  Time(s) 0.0900 | RobustPrompt-I Loss 1.0478  
Epoch 098 |  Time(s) 0.0899 | RobustPrompt-I Loss 1.0570  
Epoch 099 |  Time(s) 0.0900 | RobustPrompt-I Loss 1.0180  
Epoch 100 |  Time(s) 0.0901 | RobustPrompt-I Loss 1.0415  
Epoch 101 |  Time(s) 0.0905 | RobustPrompt-I Loss 1.0376  
Epoch 102 |  Time(s) 0.0906 | RobustPrompt-I Loss 1.0001  
Epoch 103 |  Time(s) 0.0905 | RobustPrompt-I Loss 1.0560  
Epoch 104 |  Time(s) 0.0906 | RobustPrompt-I Loss 0.9890  
Epoch 105 |  Time(s) 0.0900 | RobustPrompt-I Loss 1.0143  
Epoch 106 |  Time(s) 0.0892 | RobustPrompt-I Loss 1.0063  
Epoch 107 |  Time(s) 0.0901 | RobustPrompt-I Loss 0.9754  
Epoch 108 |  Time(s) 0.0900 | RobustPrompt-I Loss 0.9691  
Epoch 109 |  Time(s) 0.0903 | RobustPrompt-I Loss 0.9812  
Epoch 110 |  Time(s) 0.0903 | RobustPrompt-I Loss 1.0132  
Epoch 111 |  Time(s) 0.0905 | RobustPrompt-I Loss 0.9607  
Epoch 112 |  Time(s) 0.0908 | RobustPrompt-I Loss 1.1542  
Epoch 113 |  Time(s) 0.0891 | RobustPrompt-I Loss 1.1296  
Epoch 114 |  Time(s) 0.0901 | RobustPrompt-I Loss 0.9519  
Epoch 115 |  Time(s) 0.0891 | RobustPrompt-I Loss 0.9583  
Epoch 116 |  Time(s) 0.0897 | RobustPrompt-I Loss 1.0323  
Epoch 117 |  Time(s) 0.0894 | RobustPrompt-I Loss 0.9807  
Epoch 118 |  Time(s) 0.0896 | RobustPrompt-I Loss 1.0418  
Epoch 119 |  Time(s) 0.0897 | RobustPrompt-I Loss 1.0554  
Epoch 120 |  Time(s) 0.0895 | RobustPrompt-I Loss 0.9321  
Epoch 121 |  Time(s) 0.0901 | RobustPrompt-I Loss 0.9538  
Epoch 122 |  Time(s) 0.0897 | RobustPrompt-I Loss 0.9530  
Epoch 123 |  Time(s) 0.0900 | RobustPrompt-I Loss 0.9186  
Epoch 124 |  Time(s) 0.0904 | RobustPrompt-I Loss 1.0695  
Epoch 125 |  Time(s) 0.0896 | RobustPrompt-I Loss 1.0374  
Epoch 126 |  Time(s) 0.0904 | RobustPrompt-I Loss 0.9329  
Epoch 127 |  Time(s) 0.0901 | RobustPrompt-I Loss 0.9284  
Epoch 128 |  Time(s) 0.0902 | RobustPrompt-I Loss 0.9786  
Epoch 129 |  Time(s) 0.0915 | RobustPrompt-I Loss 0.9357  
Epoch 130 |  Time(s) 0.0899 | RobustPrompt-I Loss 0.9962  
Epoch 131 |  Time(s) 0.1267 | RobustPrompt-I Loss 0.9993  
Epoch 132 |  Time(s) 0.3450 | RobustPrompt-I Loss 0.9017  
Epoch 133 |  Time(s) 0.3033 | RobustPrompt-I Loss 0.8999  
Epoch 134 |  Time(s) 0.1127 | RobustPrompt-I Loss 0.9398  
Epoch 135 |  Time(s) 0.0981 | RobustPrompt-I Loss 0.9085  
Epoch 136 |  Time(s) 0.0904 | RobustPrompt-I Loss 1.0242  
Epoch 137 |  Time(s) 0.0957 | RobustPrompt-I Loss 1.0510  
Epoch 138 |  Time(s) 0.1332 | RobustPrompt-I Loss 0.9120  
Epoch 139 |  Time(s) 0.1021 | RobustPrompt-I Loss 0.9385  
Epoch 140 |  Time(s) 0.0957 | RobustPrompt-I Loss 0.9443  
Epoch 141 |  Time(s) 0.1789 | RobustPrompt-I Loss 0.8726  
Epoch 142 |  Time(s) 0.1046 | RobustPrompt-I Loss 1.0177  
Epoch 143 |  Time(s) 0.0993 | RobustPrompt-I Loss 1.0054  
Epoch 144 |  Time(s) 0.0960 | RobustPrompt-I Loss 0.8569  
Epoch 145 |  Time(s) 0.0936 | RobustPrompt-I Loss 0.9182  
Epoch 146 |  Time(s) 0.0978 | RobustPrompt-I Loss 0.8691  
Epoch 147 |  Time(s) 0.1018 | RobustPrompt-I Loss 0.9142  
Epoch 148 |  Time(s) 0.1018 | RobustPrompt-I Loss 0.9211  
Epoch 149 |  Time(s) 0.1537 | RobustPrompt-I Loss 0.8535  
Epoch 150 |  Time(s) 0.0982 | RobustPrompt-I Loss 0.9031  
Epoch 151 |  Time(s) 0.0912 | RobustPrompt-I Loss 0.8400  
Epoch 152 |  Time(s) 0.0917 | RobustPrompt-I Loss 1.0263  
Epoch 153 |  Time(s) 0.0925 | RobustPrompt-I Loss 1.0675  
Epoch 154 |  Time(s) 0.0922 | RobustPrompt-I Loss 0.8622  
Epoch 155 |  Time(s) 0.0921 | RobustPrompt-I Loss 0.9571  
Epoch 156 |  Time(s) 0.0917 | RobustPrompt-I Loss nan  
Epoch 157 |  Time(s) 0.0927 | RobustPrompt-I Loss nan  
Epoch 158 |  Time(s) 0.0911 | RobustPrompt-I Loss nan  
Epoch 159 |  Time(s) 0.0923 | RobustPrompt-I Loss nan  
Epoch 160 |  Time(s) 0.0923 | RobustPrompt-I Loss nan  
Epoch 161 |  Time(s) 0.0917 | RobustPrompt-I Loss nan  
Epoch 162 |  Time(s) 0.0921 | RobustPrompt-I Loss nan  
Epoch 163 |  Time(s) 0.0920 | RobustPrompt-I Loss nan  
Epoch 164 |  Time(s) 0.0921 | RobustPrompt-I Loss nan  
Epoch 165 |  Time(s) 0.0912 | RobustPrompt-I Loss nan  
Epoch 166 |  Time(s) 0.0915 | RobustPrompt-I Loss nan  
Epoch 167 |  Time(s) 0.0921 | RobustPrompt-I Loss nan  
Epoch 168 |  Time(s) 0.0921 | RobustPrompt-I Loss nan  
Epoch 169 |  Time(s) 0.0925 | RobustPrompt-I Loss nan  
Epoch 170 |  Time(s) 0.0924 | RobustPrompt-I Loss nan  
----------------------------------------------------------------------------------------------------
Early stopping at 171 eopch!
{1: {1: nan}, 2: {1: nan}, 3: {1: nan}, 4: {1: nan}, 5: {1: nan}}
{1: {1: nan, 2: nan, 3: nan, 4: nan, 5: nan}}
########################################################################################
seed: 1 | split 1 : nan
# Seed 1 Muti Split Final Acc: nan±nan
seed: 2 | split 1 : nan
# Seed 2 Muti Split Final Acc: nan±nan
seed: 3 | split 1 : nan
# Seed 3 Muti Split Final Acc: nan±nan
seed: 4 | split 1 : nan
# Seed 4 Muti Split Final Acc: nan±nan
seed: 5 | split 1 : nan
# Seed 5 Muti Split Final Acc: nan±nan
########################################################################################
split: 1 | seed 1 : nan
split: 1 | seed 2 : nan
split: 1 | seed 3 : nan
split: 1 | seed 4 : nan
split: 1 | seed 5 : nan
# Split 1 Muti Seed Acc without min value: nan±nan
########################################################################################
Done phase=degree, deg=3, ptb=0.1, end=2026-06-08 23:56:40, duration=00:01:16
