Start phase=ood, ood=0.7, ptb=0.25, time=2026-06-09 00:36:41, log=logs/RobustPrompt-I/ft_ood0.7_0.25_20260609_003641.log
load LLC or attacked data with specified split
Successfully loaded the attack of dataname with few shot 5, split 1
Attack method : Meta_Self | Attack ptb : 0.25 | Dataset: Cora
======================
Number of graphs: 1
Number of features: 1433
Number of classes: 7

Data(x=[2708, 1433], edge_index=[2, 16028], y=[2708], train_mask=[2708], val_mask=[2708], test_mask=[2708])
===========================================================================================================
Number of nodes: 2708
Number of edges: 16028
Average node degree: 5.92
Has isolated nodes: False
Has self-loops: True
Is undirected: True
GCN(
  (conv_layers): ModuleList(
    (0): GCNConv(1433, 256)
    (1): GCNConv(256, 256)
  )
)
Successfully loaded pre-trained weights!
use RobustPrompt Inductive
defense pt dict :  {'sim_pt': -1.0, 'degree_pt': -1, 'out_detect_pt': 0.7, 'other_pt': 'all'}
use_attention :  False
kl_global :  False
cosine_constraint :  True
pt_threshold :  0.25
filter_module :  OriginalFilter
temperature :  1.0
weight_mse 0.1
weight_kl :  0.1
weight_constraint :  0.0
prepare induce graph data is finished!
run RobustPrompt-I
Epoch 001 |  Time(s) 0.3775 | RobustPrompt-I Loss 1.9454  
Epoch 002 |  Time(s) 0.0856 | RobustPrompt-I Loss 1.9480  
Epoch 003 |  Time(s) 0.0841 | RobustPrompt-I Loss 1.9388  
Epoch 004 |  Time(s) 0.0839 | RobustPrompt-I Loss 1.9280  
Epoch 005 |  Time(s) 0.0839 | RobustPrompt-I Loss 1.9065  
Epoch 006 |  Time(s) 0.0837 | RobustPrompt-I Loss 1.8987  
Epoch 007 |  Time(s) 0.0872 | RobustPrompt-I Loss 1.8844  
Epoch 008 |  Time(s) 0.0845 | RobustPrompt-I Loss 1.8655  
Epoch 009 |  Time(s) 0.0842 | RobustPrompt-I Loss 1.8464  
Epoch 010 |  Time(s) 0.0838 | RobustPrompt-I Loss 1.8271  
Epoch 011 |  Time(s) 0.0847 | RobustPrompt-I Loss 1.8073  
Epoch 012 |  Time(s) 0.0846 | RobustPrompt-I Loss 1.7829  
Epoch 013 |  Time(s) 0.0849 | RobustPrompt-I Loss 1.7651  
Epoch 014 |  Time(s) 0.1345 | RobustPrompt-I Loss 1.7452  
Epoch 015 |  Time(s) 0.0932 | RobustPrompt-I Loss 1.7290  
Epoch 016 |  Time(s) 0.0844 | RobustPrompt-I Loss 1.7003  
Epoch 017 |  Time(s) 0.0843 | RobustPrompt-I Loss 1.6749  
Epoch 018 |  Time(s) 0.1115 | RobustPrompt-I Loss 1.6666  
Epoch 019 |  Time(s) 0.1730 | RobustPrompt-I Loss 1.6433  
Epoch 020 |  Time(s) 0.0869 | RobustPrompt-I Loss 1.6325  
Epoch 021 |  Time(s) 0.0881 | RobustPrompt-I Loss 1.5989  
Epoch 022 |  Time(s) 0.0896 | RobustPrompt-I Loss 1.5923  
Epoch 023 |  Time(s) 0.0872 | RobustPrompt-I Loss 1.5701  
Epoch 024 |  Time(s) 0.0834 | RobustPrompt-I Loss 1.5648  
Epoch 025 |  Time(s) 0.0827 | RobustPrompt-I Loss 1.5553  
Epoch 026 |  Time(s) 0.0840 | RobustPrompt-I Loss 1.5315  
Epoch 027 |  Time(s) 0.0840 | RobustPrompt-I Loss 1.5086  
Epoch 028 |  Time(s) 0.0835 | RobustPrompt-I Loss 1.4862  
Epoch 029 |  Time(s) 0.0837 | RobustPrompt-I Loss 1.4813  
Epoch 030 |  Time(s) 0.0846 | RobustPrompt-I Loss 1.4677  
Epoch 031 |  Time(s) 0.0837 | RobustPrompt-I Loss 1.4690  
Epoch 032 |  Time(s) 0.0840 | RobustPrompt-I Loss 1.4222  
Epoch 033 |  Time(s) 0.0839 | RobustPrompt-I Loss 1.4341  
Epoch 034 |  Time(s) 0.0837 | RobustPrompt-I Loss 1.4073  
Epoch 035 |  Time(s) 0.0840 | RobustPrompt-I Loss 1.3918  
Epoch 036 |  Time(s) 0.0832 | RobustPrompt-I Loss 1.3573  
Epoch 037 |  Time(s) 0.0840 | RobustPrompt-I Loss 1.3485  
Epoch 038 |  Time(s) 0.0836 | RobustPrompt-I Loss 1.3382  
Epoch 039 |  Time(s) 0.0838 | RobustPrompt-I Loss 1.3237  
Epoch 040 |  Time(s) 0.0839 | RobustPrompt-I Loss 1.3030  
Epoch 041 |  Time(s) 0.0870 | RobustPrompt-I Loss 1.2701  
Epoch 042 |  Time(s) 0.0845 | RobustPrompt-I Loss 1.2621  
Epoch 043 |  Time(s) 0.0871 | RobustPrompt-I Loss 1.2471  
Epoch 044 |  Time(s) 0.0838 | RobustPrompt-I Loss 1.2317  
Epoch 045 |  Time(s) 0.0824 | RobustPrompt-I Loss 1.2015  
Epoch 046 |  Time(s) 0.0843 | RobustPrompt-I Loss 1.1764  
Epoch 047 |  Time(s) 0.0847 | RobustPrompt-I Loss 1.1649  
Epoch 048 |  Time(s) 0.0837 | RobustPrompt-I Loss 1.1624  
Epoch 049 |  Time(s) 0.0839 | RobustPrompt-I Loss 1.1293  
Epoch 050 |  Time(s) 0.0842 | RobustPrompt-I Loss 1.1365  
Epoch 051 |  Time(s) 0.0845 | RobustPrompt-I Loss 1.0903  
Epoch 052 |  Time(s) 0.0842 | RobustPrompt-I Loss 1.1260  
Epoch 053 |  Time(s) 0.0840 | RobustPrompt-I Loss 1.0865  
Epoch 054 |  Time(s) 0.0840 | RobustPrompt-I Loss 1.0743  
Epoch 055 |  Time(s) 0.0845 | RobustPrompt-I Loss 1.0641  
Epoch 056 |  Time(s) 0.0843 | RobustPrompt-I Loss 1.0185  
Epoch 057 |  Time(s) 0.0843 | RobustPrompt-I Loss 1.0036  
Epoch 058 |  Time(s) 0.0849 | RobustPrompt-I Loss 1.0094  
Epoch 059 |  Time(s) 0.0849 | RobustPrompt-I Loss 0.9791  
Epoch 060 |  Time(s) 0.0845 | RobustPrompt-I Loss 0.9905  
Epoch 061 |  Time(s) 0.0846 | RobustPrompt-I Loss 0.9750  
Epoch 062 |  Time(s) 0.0843 | RobustPrompt-I Loss 0.9359  
Epoch 063 |  Time(s) 0.0841 | RobustPrompt-I Loss 0.9242  
Epoch 064 |  Time(s) 0.0842 | RobustPrompt-I Loss 0.9289  
Epoch 065 |  Time(s) 0.0848 | RobustPrompt-I Loss 0.9073  
Epoch 066 |  Time(s) 0.0842 | RobustPrompt-I Loss 0.9094  
Epoch 067 |  Time(s) 0.0849 | RobustPrompt-I Loss 0.8952  
Epoch 068 |  Time(s) 0.0852 | RobustPrompt-I Loss 0.8763  
Epoch 069 |  Time(s) 0.0844 | RobustPrompt-I Loss 0.8670  
Epoch 070 |  Time(s) 0.0846 | RobustPrompt-I Loss 0.8601  
Epoch 071 |  Time(s) 0.0850 | RobustPrompt-I Loss 0.8486  
Epoch 072 |  Time(s) 0.0849 | RobustPrompt-I Loss 0.8377  
Epoch 073 |  Time(s) 0.0845 | RobustPrompt-I Loss 0.8228  
Epoch 074 |  Time(s) 0.0838 | RobustPrompt-I Loss 0.8217  
Epoch 075 |  Time(s) 0.0838 | RobustPrompt-I Loss nan  
Epoch 076 |  Time(s) 0.0843 | RobustPrompt-I Loss nan  
Epoch 077 |  Time(s) 0.0837 | RobustPrompt-I Loss nan  
Epoch 078 |  Time(s) 0.0839 | RobustPrompt-I Loss nan  
Epoch 079 |  Time(s) 0.0845 | RobustPrompt-I Loss nan  
Epoch 080 |  Time(s) 0.0834 | RobustPrompt-I Loss nan  
Epoch 081 |  Time(s) 0.0846 | RobustPrompt-I Loss nan  
Epoch 082 |  Time(s) 0.0827 | RobustPrompt-I Loss nan  
Epoch 083 |  Time(s) 0.1580 | RobustPrompt-I Loss nan  
Epoch 084 |  Time(s) 0.0855 | RobustPrompt-I Loss nan  
Epoch 085 |  Time(s) 0.0829 | RobustPrompt-I Loss nan  
Epoch 086 |  Time(s) 0.0824 | RobustPrompt-I Loss nan  
Epoch 087 |  Time(s) 0.0823 | RobustPrompt-I Loss nan  
Epoch 088 |  Time(s) 0.0829 | RobustPrompt-I Loss nan  
Epoch 089 |  Time(s) 0.0833 | RobustPrompt-I Loss nan  
Epoch 090 |  Time(s) 0.0833 | RobustPrompt-I Loss nan  
Epoch 091 |  Time(s) 0.0859 | RobustPrompt-I Loss nan  
Epoch 092 |  Time(s) 0.0826 | RobustPrompt-I Loss nan  
Epoch 093 |  Time(s) 0.0829 | RobustPrompt-I Loss nan  
----------------------------------------------------------------------------------------------------
Early stopping at 94 eopch!
load LLC or attacked data with specified split
Successfully loaded the attack of dataname with few shot 5, split 1
Attack method : Meta_Self | Attack ptb : 0.25 | Dataset: Cora
======================
Number of graphs: 1
Number of features: 1433
Number of classes: 7

Data(x=[2708, 1433], edge_index=[2, 16028], y=[2708], train_mask=[2708], val_mask=[2708], test_mask=[2708])
===========================================================================================================
Number of nodes: 2708
Number of edges: 16028
Average node degree: 5.92
Has isolated nodes: False
Has self-loops: True
Is undirected: True
GCN(
  (conv_layers): ModuleList(
    (0): GCNConv(1433, 256)
    (1): GCNConv(256, 256)
  )
)
Successfully loaded pre-trained weights!
use RobustPrompt Inductive
defense pt dict :  {'sim_pt': -1.0, 'degree_pt': -1, 'out_detect_pt': 0.7, 'other_pt': 'all'}
use_attention :  False
kl_global :  False
cosine_constraint :  True
pt_threshold :  0.25
filter_module :  OriginalFilter
temperature :  1.0
weight_mse 0.1
weight_kl :  0.1
weight_constraint :  0.0
prepare induce graph data is finished!
run RobustPrompt-I
Epoch 001 |  Time(s) 0.1002 | RobustPrompt-I Loss 1.9471  
Epoch 002 |  Time(s) 0.2006 | RobustPrompt-I Loss 1.9440  
Epoch 003 |  Time(s) 0.1152 | RobustPrompt-I Loss 1.9378  
Epoch 004 |  Time(s) 0.0872 | RobustPrompt-I Loss 1.9335  
Epoch 005 |  Time(s) 0.0870 | RobustPrompt-I Loss 1.9137  
Epoch 006 |  Time(s) 0.0873 | RobustPrompt-I Loss 1.9037  
Epoch 007 |  Time(s) 0.0839 | RobustPrompt-I Loss 1.9160  
Epoch 008 |  Time(s) 0.0822 | RobustPrompt-I Loss 1.8740  
Epoch 009 |  Time(s) 0.0904 | RobustPrompt-I Loss 1.9011  
Epoch 010 |  Time(s) 0.0881 | RobustPrompt-I Loss 1.8395  
Epoch 011 |  Time(s) 0.0880 | RobustPrompt-I Loss 1.8723  
Epoch 012 |  Time(s) 0.0878 | RobustPrompt-I Loss 1.8355  
Epoch 013 |  Time(s) 0.1712 | RobustPrompt-I Loss 1.7980  
Epoch 014 |  Time(s) 0.1414 | RobustPrompt-I Loss 1.8088  
Epoch 015 |  Time(s) 0.0974 | RobustPrompt-I Loss 1.7488  
Epoch 016 |  Time(s) 0.0987 | RobustPrompt-I Loss 1.7635  
Epoch 017 |  Time(s) 0.0908 | RobustPrompt-I Loss 1.7169  
Epoch 018 |  Time(s) 0.0978 | RobustPrompt-I Loss 1.7061  
Epoch 019 |  Time(s) 0.0881 | RobustPrompt-I Loss 1.6929  
Epoch 020 |  Time(s) 0.0873 | RobustPrompt-I Loss 1.6539  
Epoch 021 |  Time(s) 0.0878 | RobustPrompt-I Loss 1.6570  
Epoch 022 |  Time(s) 0.0881 | RobustPrompt-I Loss 1.6186  
Epoch 023 |  Time(s) 0.0869 | RobustPrompt-I Loss 1.6171  
Epoch 024 |  Time(s) 0.0880 | RobustPrompt-I Loss 1.5915  
Epoch 025 |  Time(s) 0.0889 | RobustPrompt-I Loss 1.5767  
Epoch 026 |  Time(s) 0.0888 | RobustPrompt-I Loss 1.5585  
Epoch 027 |  Time(s) 0.0882 | RobustPrompt-I Loss 1.5417  
Epoch 028 |  Time(s) 0.0872 | RobustPrompt-I Loss 1.5272  
Epoch 029 |  Time(s) 0.0891 | RobustPrompt-I Loss 1.5083  
Epoch 030 |  Time(s) 0.0885 | RobustPrompt-I Loss 1.4912  
Epoch 031 |  Time(s) 0.0882 | RobustPrompt-I Loss 1.4792  
Epoch 032 |  Time(s) 0.0870 | RobustPrompt-I Loss 1.4590  
Epoch 033 |  Time(s) 0.0880 | RobustPrompt-I Loss 1.4590  
Epoch 034 |  Time(s) 0.0886 | RobustPrompt-I Loss 1.4345  
Epoch 035 |  Time(s) 0.0894 | RobustPrompt-I Loss 1.4376  
Epoch 036 |  Time(s) 0.0966 | RobustPrompt-I Loss 1.4021  
Epoch 037 |  Time(s) 0.0886 | RobustPrompt-I Loss 1.4113  
Epoch 038 |  Time(s) 0.0888 | RobustPrompt-I Loss 1.3932  
Epoch 039 |  Time(s) 0.0894 | RobustPrompt-I Loss 1.3531  
Epoch 040 |  Time(s) 0.0881 | RobustPrompt-I Loss 1.3333  
Epoch 041 |  Time(s) 0.2467 | RobustPrompt-I Loss 1.3387  
Epoch 042 |  Time(s) 0.2205 | RobustPrompt-I Loss 1.3144  
Epoch 043 |  Time(s) 0.0913 | RobustPrompt-I Loss 1.2883  
Epoch 044 |  Time(s) 0.0877 | RobustPrompt-I Loss 1.2683  
Epoch 045 |  Time(s) 0.0881 | RobustPrompt-I Loss 1.2737  
Epoch 046 |  Time(s) 0.0888 | RobustPrompt-I Loss 1.2447  
Epoch 047 |  Time(s) 0.0896 | RobustPrompt-I Loss 1.2210  
Epoch 048 |  Time(s) 0.0897 | RobustPrompt-I Loss 1.2482  
Epoch 049 |  Time(s) 0.0899 | RobustPrompt-I Loss 1.1732  
Epoch 050 |  Time(s) 0.0898 | RobustPrompt-I Loss 1.4002  
Epoch 051 |  Time(s) 0.0890 | RobustPrompt-I Loss 1.4631  
Epoch 052 |  Time(s) 0.0886 | RobustPrompt-I Loss 1.2379  
Epoch 053 |  Time(s) 0.0889 | RobustPrompt-I Loss 1.2186  
Epoch 054 |  Time(s) 0.0887 | RobustPrompt-I Loss 1.2574  
Epoch 055 |  Time(s) 0.0883 | RobustPrompt-I Loss 1.2362  
Epoch 056 |  Time(s) 0.0879 | RobustPrompt-I Loss 1.1868  
Epoch 057 |  Time(s) 0.0881 | RobustPrompt-I Loss 1.1004  
Epoch 058 |  Time(s) 0.0901 | RobustPrompt-I Loss 1.1752  
Epoch 059 |  Time(s) 0.0879 | RobustPrompt-I Loss 1.1040  
Epoch 060 |  Time(s) 0.0888 | RobustPrompt-I Loss 1.1135  
Epoch 061 |  Time(s) 0.0906 | RobustPrompt-I Loss 1.1282  
Epoch 062 |  Time(s) 0.0886 | RobustPrompt-I Loss 1.0244  
Epoch 063 |  Time(s) 0.0880 | RobustPrompt-I Loss 1.0510  
Epoch 064 |  Time(s) 0.0887 | RobustPrompt-I Loss 1.0174  
Epoch 065 |  Time(s) 0.0882 | RobustPrompt-I Loss 1.0312  
Epoch 066 |  Time(s) 0.0873 | RobustPrompt-I Loss 1.0036  
Epoch 067 |  Time(s) 0.0897 | RobustPrompt-I Loss 1.0180  
Epoch 068 |  Time(s) 0.0891 | RobustPrompt-I Loss 1.0147  
Epoch 069 |  Time(s) 0.0896 | RobustPrompt-I Loss 0.9599  
Epoch 070 |  Time(s) 0.0899 | RobustPrompt-I Loss 0.9905  
Epoch 071 |  Time(s) 0.0888 | RobustPrompt-I Loss 0.9463  
Epoch 072 |  Time(s) 0.0932 | RobustPrompt-I Loss 1.0109  
Epoch 073 |  Time(s) 0.0903 | RobustPrompt-I Loss 1.0338  
Epoch 074 |  Time(s) 0.0918 | RobustPrompt-I Loss 0.9279  
Epoch 075 |  Time(s) 0.0883 | RobustPrompt-I Loss 1.0000  
Epoch 076 |  Time(s) 0.2241 | RobustPrompt-I Loss 1.0529  
Epoch 077 |  Time(s) 0.1858 | RobustPrompt-I Loss 0.9348  
Epoch 078 |  Time(s) 0.1608 | RobustPrompt-I Loss 0.9442  
Epoch 079 |  Time(s) 0.1527 | RobustPrompt-I Loss 1.0225  
Epoch 080 |  Time(s) 0.0957 | RobustPrompt-I Loss 0.8968  
Epoch 081 |  Time(s) 0.0908 | RobustPrompt-I Loss 0.9293  
Epoch 082 |  Time(s) 0.0914 | RobustPrompt-I Loss 0.9884  
Epoch 083 |  Time(s) 0.0882 | RobustPrompt-I Loss 0.9217  
Epoch 084 |  Time(s) 0.0911 | RobustPrompt-I Loss 0.8507  
Epoch 085 |  Time(s) 0.1007 | RobustPrompt-I Loss 0.9433  
Epoch 086 |  Time(s) 0.1010 | RobustPrompt-I Loss 0.9272  
Epoch 087 |  Time(s) 0.0891 | RobustPrompt-I Loss 0.8362  
Epoch 088 |  Time(s) 0.0943 | RobustPrompt-I Loss 0.8486  
Epoch 089 |  Time(s) 0.0910 | RobustPrompt-I Loss 0.8803  
Epoch 090 |  Time(s) 0.0985 | RobustPrompt-I Loss 0.8563  
Epoch 091 |  Time(s) 0.0940 | RobustPrompt-I Loss 0.8647  
Epoch 092 |  Time(s) 0.0951 | RobustPrompt-I Loss 0.8251  
Epoch 093 |  Time(s) 0.0893 | RobustPrompt-I Loss 0.8512  
Epoch 094 |  Time(s) 0.0885 | RobustPrompt-I Loss 0.8731  
Epoch 095 |  Time(s) 0.0888 | RobustPrompt-I Loss 0.8350  
Epoch 096 |  Time(s) 0.0859 | RobustPrompt-I Loss 0.8216  
Epoch 097 |  Time(s) 0.0853 | RobustPrompt-I Loss 0.8055  
Epoch 098 |  Time(s) 0.0869 | RobustPrompt-I Loss 0.7828  
Epoch 099 |  Time(s) 0.0857 | RobustPrompt-I Loss 0.8103  
Epoch 100 |  Time(s) 0.0874 | RobustPrompt-I Loss 0.7811  
Epoch 101 |  Time(s) 0.0856 | RobustPrompt-I Loss 0.8611  
Epoch 102 |  Time(s) 0.0858 | RobustPrompt-I Loss 0.8759  
Epoch 103 |  Time(s) 0.0858 | RobustPrompt-I Loss 0.7610  
Epoch 104 |  Time(s) 0.0858 | RobustPrompt-I Loss 0.8707  
Epoch 105 |  Time(s) 0.0857 | RobustPrompt-I Loss 0.9052  
Epoch 106 |  Time(s) 0.0854 | RobustPrompt-I Loss 0.7650  
Epoch 107 |  Time(s) 0.0857 | RobustPrompt-I Loss 0.8701  
Epoch 108 |  Time(s) 0.0853 | RobustPrompt-I Loss 1.0342  
Epoch 109 |  Time(s) 0.0852 | RobustPrompt-I Loss 0.8863  
Epoch 110 |  Time(s) 0.0862 | RobustPrompt-I Loss 0.7666  
Epoch 111 |  Time(s) 0.0864 | RobustPrompt-I Loss 0.8250  
Epoch 112 |  Time(s) 0.0860 | RobustPrompt-I Loss 0.8461  
Epoch 113 |  Time(s) 0.0922 | RobustPrompt-I Loss 0.7753  
Epoch 114 |  Time(s) 0.1505 | RobustPrompt-I Loss 0.7564  
Epoch 115 |  Time(s) 0.0869 | RobustPrompt-I Loss 0.8059  
Epoch 116 |  Time(s) 0.0892 | RobustPrompt-I Loss 0.7708  
Epoch 117 |  Time(s) 0.0850 | RobustPrompt-I Loss 0.7232  
Epoch 118 |  Time(s) 0.0860 | RobustPrompt-I Loss 0.7573  
Epoch 119 |  Time(s) 0.0856 | RobustPrompt-I Loss 0.7173  
Epoch 120 |  Time(s) 0.0856 | RobustPrompt-I Loss 0.7781  
Epoch 121 |  Time(s) 0.0862 | RobustPrompt-I Loss 0.8022  
Epoch 122 |  Time(s) 0.0855 | RobustPrompt-I Loss 0.7020  
Epoch 123 |  Time(s) 0.0871 | RobustPrompt-I Loss 0.8917  
Epoch 124 |  Time(s) 0.0855 | RobustPrompt-I Loss 1.0734  
Epoch 125 |  Time(s) 0.0858 | RobustPrompt-I Loss 0.8832  
Epoch 126 |  Time(s) 0.0886 | RobustPrompt-I Loss 0.6895  
Epoch 127 |  Time(s) 0.0864 | RobustPrompt-I Loss 0.8106  
Epoch 128 |  Time(s) 0.0862 | RobustPrompt-I Loss 0.8472  
Epoch 129 |  Time(s) 0.0860 | RobustPrompt-I Loss 0.7171  
Epoch 130 |  Time(s) 0.0864 | RobustPrompt-I Loss 0.7743  
Epoch 131 |  Time(s) 0.0865 | RobustPrompt-I Loss 0.8981  
Epoch 132 |  Time(s) 0.0858 | RobustPrompt-I Loss 0.7930  
Epoch 133 |  Time(s) 0.0873 | RobustPrompt-I Loss 0.6968  
Epoch 134 |  Time(s) 0.0852 | RobustPrompt-I Loss 0.7410  
Epoch 135 |  Time(s) 0.0856 | RobustPrompt-I Loss 0.7449  
Epoch 136 |  Time(s) 0.0864 | RobustPrompt-I Loss 0.6964  
Epoch 137 |  Time(s) 0.0853 | RobustPrompt-I Loss 0.7027  
Epoch 138 |  Time(s) 0.0853 | RobustPrompt-I Loss 0.7149  
Epoch 139 |  Time(s) 0.0860 | RobustPrompt-I Loss 0.6683  
Epoch 140 |  Time(s) 0.0859 | RobustPrompt-I Loss 0.7346  
Epoch 141 |  Time(s) 0.0864 | RobustPrompt-I Loss 0.7363  
Epoch 142 |  Time(s) 0.0860 | RobustPrompt-I Loss 0.6606  
Epoch 143 |  Time(s) 0.0881 | RobustPrompt-I Loss 0.6955  
Epoch 144 |  Time(s) 0.0863 | RobustPrompt-I Loss 0.6862  
Epoch 145 |  Time(s) 0.0913 | RobustPrompt-I Loss 0.6588  
Epoch 146 |  Time(s) 0.0872 | RobustPrompt-I Loss 0.6784  
Epoch 147 |  Time(s) 0.0889 | RobustPrompt-I Loss 0.6617  
Epoch 148 |  Time(s) 0.0859 | RobustPrompt-I Loss 0.6475  
Epoch 149 |  Time(s) 0.0843 | RobustPrompt-I Loss 0.6447  
Epoch 150 |  Time(s) 0.0855 | RobustPrompt-I Loss 0.6409  
Epoch 151 |  Time(s) 0.0855 | RobustPrompt-I Loss 0.6395  
Epoch 152 |  Time(s) 0.2220 | RobustPrompt-I Loss 0.6238  
Epoch 153 |  Time(s) 0.1060 | RobustPrompt-I Loss 0.6399  
Epoch 154 |  Time(s) 0.0874 | RobustPrompt-I Loss 0.6150  
Epoch 155 |  Time(s) 0.0870 | RobustPrompt-I Loss 0.6619  
Epoch 156 |  Time(s) 0.0879 | RobustPrompt-I Loss 0.6694  
Epoch 157 |  Time(s) 0.0873 | RobustPrompt-I Loss 0.6040  
Epoch 158 |  Time(s) 0.0866 | RobustPrompt-I Loss 0.6297  
Epoch 159 |  Time(s) 0.0861 | RobustPrompt-I Loss 0.6309  
Epoch 160 |  Time(s) 0.0856 | RobustPrompt-I Loss 0.5922  
Epoch 161 |  Time(s) 0.0871 | RobustPrompt-I Loss 0.6288  
Epoch 162 |  Time(s) 0.0871 | RobustPrompt-I Loss 0.6259  
Epoch 163 |  Time(s) 0.0866 | RobustPrompt-I Loss 0.5745  
Epoch 164 |  Time(s) 0.0825 | RobustPrompt-I Loss 0.5940  
Epoch 165 |  Time(s) 0.0898 | RobustPrompt-I Loss 0.5756  
Epoch 166 |  Time(s) 0.0909 | RobustPrompt-I Loss 0.5787  
Epoch 167 |  Time(s) 0.0894 | RobustPrompt-I Loss 0.5698  
Epoch 168 |  Time(s) 0.0913 | RobustPrompt-I Loss 0.5704  
Epoch 169 |  Time(s) 0.0873 | RobustPrompt-I Loss 0.5616  
Epoch 170 |  Time(s) 0.0870 | RobustPrompt-I Loss 0.5615  
Epoch 171 |  Time(s) 0.0870 | RobustPrompt-I Loss 0.5544  
Epoch 172 |  Time(s) 0.0874 | RobustPrompt-I Loss 0.5516  
Epoch 173 |  Time(s) 0.0870 | RobustPrompt-I Loss 0.5383  
Epoch 174 |  Time(s) 0.0870 | RobustPrompt-I Loss 0.5414  
Epoch 175 |  Time(s) 0.0873 | RobustPrompt-I Loss 0.5327  
Epoch 176 |  Time(s) 0.0874 | RobustPrompt-I Loss 0.5328  
Epoch 177 |  Time(s) 0.0869 | RobustPrompt-I Loss 0.5178  
Epoch 178 |  Time(s) 0.0863 | RobustPrompt-I Loss 0.5203  
Epoch 179 |  Time(s) 0.0868 | RobustPrompt-I Loss 0.5156  
Epoch 180 |  Time(s) 0.0873 | RobustPrompt-I Loss 0.5094  
Epoch 181 |  Time(s) 0.0878 | RobustPrompt-I Loss 0.5048  
Epoch 182 |  Time(s) 0.0881 | RobustPrompt-I Loss 0.5043  
Epoch 183 |  Time(s) 0.0875 | RobustPrompt-I Loss 0.4965  
Epoch 184 |  Time(s) 0.0872 | RobustPrompt-I Loss 0.4845  
Epoch 185 |  Time(s) 0.0870 | RobustPrompt-I Loss 0.4838  
Epoch 186 |  Time(s) 0.0873 | RobustPrompt-I Loss 0.4821  
Epoch 187 |  Time(s) 0.0875 | RobustPrompt-I Loss 0.4802  
Epoch 188 |  Time(s) 0.0873 | RobustPrompt-I Loss 0.4677  
Epoch 189 |  Time(s) 0.0865 | RobustPrompt-I Loss 0.4648  
Epoch 190 |  Time(s) 0.0865 | RobustPrompt-I Loss 0.4697  
Epoch 191 |  Time(s) 0.0866 | RobustPrompt-I Loss 0.4572  
Epoch 192 |  Time(s) 0.0865 | RobustPrompt-I Loss 0.4551  
Epoch 193 |  Time(s) 0.0869 | RobustPrompt-I Loss 0.4536  
Epoch 194 |  Time(s) 0.0876 | RobustPrompt-I Loss 0.4543  
Epoch 195 |  Time(s) 0.0872 | RobustPrompt-I Loss 0.4388  
Epoch 196 |  Time(s) 0.0874 | RobustPrompt-I Loss 0.4402  
Epoch 197 |  Time(s) 0.0873 | RobustPrompt-I Loss 0.4501  
Epoch 198 |  Time(s) 0.0871 | RobustPrompt-I Loss 0.4319  
Epoch 199 |  Time(s) 0.0859 | RobustPrompt-I Loss 0.4612  
Epoch 200 |  Time(s) 0.0854 | RobustPrompt-I Loss 0.4406  
Batch 0 Acc: 0.0300 | Macro-F1: 0.0269
Batch 1 Acc: 0.0000 | Macro-F1: 0.0000
Batch 2 Acc: 0.0400 | Macro-F1: 0.0320
Batch 3 Acc: 0.0600 | Macro-F1: 0.0488
Batch 4 Acc: 0.0100 | Macro-F1: 0.0084
Batch 5 Acc: 0.0300 | Macro-F1: 0.0223
Batch 6 Acc: 0.0200 | Macro-F1: 0.0248
Batch 7 Acc: 0.0400 | Macro-F1: 0.0394
Batch 8 Acc: 0.0600 | Macro-F1: 0.0388
Batch 9 Acc: 0.0300 | Macro-F1: 0.0253
Final True Accuracy: 0.0320 | Macro F1 Score: 0.0276
best_loss [0.44064080715179443]
load LLC or attacked data with specified split
Successfully loaded the attack of dataname with few shot 5, split 1
Attack method : Meta_Self | Attack ptb : 0.25 | Dataset: Cora
======================
Number of graphs: 1
Number of features: 1433
Number of classes: 7

Data(x=[2708, 1433], edge_index=[2, 16028], y=[2708], train_mask=[2708], val_mask=[2708], test_mask=[2708])
===========================================================================================================
Number of nodes: 2708
Number of edges: 16028
Average node degree: 5.92
Has isolated nodes: False
Has self-loops: True
Is undirected: True
GCN(
  (conv_layers): ModuleList(
    (0): GCNConv(1433, 256)
    (1): GCNConv(256, 256)
  )
)
Successfully loaded pre-trained weights!
use RobustPrompt Inductive
defense pt dict :  {'sim_pt': -1.0, 'degree_pt': -1, 'out_detect_pt': 0.7, 'other_pt': 'all'}
use_attention :  False
kl_global :  False
cosine_constraint :  True
pt_threshold :  0.25
filter_module :  OriginalFilter
temperature :  1.0
weight_mse 0.1
weight_kl :  0.1
weight_constraint :  0.0
prepare induce graph data is finished!
run RobustPrompt-I
Epoch 001 |  Time(s) 0.1006 | RobustPrompt-I Loss 1.9452  
Epoch 002 |  Time(s) 0.0901 | RobustPrompt-I Loss 1.9392  
Epoch 003 |  Time(s) 0.0882 | RobustPrompt-I Loss 1.9219  
Epoch 004 |  Time(s) 0.0865 | RobustPrompt-I Loss 1.9125  
Epoch 005 |  Time(s) 0.0879 | RobustPrompt-I Loss 1.8998  
Epoch 006 |  Time(s) 0.0881 | RobustPrompt-I Loss 1.8716  
Epoch 007 |  Time(s) 0.0874 | RobustPrompt-I Loss 1.8682  
Epoch 008 |  Time(s) 0.0871 | RobustPrompt-I Loss 1.8408  
Epoch 009 |  Time(s) 0.0875 | RobustPrompt-I Loss 1.8186  
Epoch 010 |  Time(s) 0.0873 | RobustPrompt-I Loss 1.8082  
Epoch 011 |  Time(s) 0.0858 | RobustPrompt-I Loss 1.7623  
Epoch 012 |  Time(s) 0.0872 | RobustPrompt-I Loss 1.7598  
Epoch 013 |  Time(s) 0.0875 | RobustPrompt-I Loss 1.7224  
Epoch 014 |  Time(s) 0.0884 | RobustPrompt-I Loss 1.6958  
Epoch 015 |  Time(s) 0.0885 | RobustPrompt-I Loss 1.6984  
Epoch 016 |  Time(s) 0.0866 | RobustPrompt-I Loss 1.6509  
Epoch 017 |  Time(s) 0.0870 | RobustPrompt-I Loss 1.6450  
Epoch 018 |  Time(s) 0.0871 | RobustPrompt-I Loss 1.6279  
Epoch 019 |  Time(s) 0.0889 | RobustPrompt-I Loss 1.6022  
Epoch 020 |  Time(s) 0.0869 | RobustPrompt-I Loss 1.5838  
Epoch 021 |  Time(s) 0.0874 | RobustPrompt-I Loss 1.5668  
Epoch 022 |  Time(s) 0.0869 | RobustPrompt-I Loss 1.5651  
Epoch 023 |  Time(s) 0.0868 | RobustPrompt-I Loss 1.5250  
Epoch 024 |  Time(s) 0.0882 | RobustPrompt-I Loss 1.5196  
Epoch 025 |  Time(s) 0.0884 | RobustPrompt-I Loss 1.5039  
Epoch 026 |  Time(s) 0.0884 | RobustPrompt-I Loss 1.5139  
Epoch 027 |  Time(s) 0.0882 | RobustPrompt-I Loss 1.4751  
Epoch 028 |  Time(s) 0.0878 | RobustPrompt-I Loss 1.4983  
Epoch 029 |  Time(s) 0.0899 | RobustPrompt-I Loss 1.4732  
Epoch 030 |  Time(s) 0.0970 | RobustPrompt-I Loss 1.4768  
Epoch 031 |  Time(s) 0.0873 | RobustPrompt-I Loss 1.4376  
Epoch 032 |  Time(s) 0.0895 | RobustPrompt-I Loss 1.4778  
Epoch 033 |  Time(s) 0.0920 | RobustPrompt-I Loss 1.4192  
Epoch 034 |  Time(s) 0.0891 | RobustPrompt-I Loss 1.4450  
Epoch 035 |  Time(s) 0.0878 | RobustPrompt-I Loss 1.4583  
Epoch 036 |  Time(s) 0.0870 | RobustPrompt-I Loss 1.3417  
Epoch 037 |  Time(s) 0.0876 | RobustPrompt-I Loss 1.3525  
Epoch 038 |  Time(s) 0.0872 | RobustPrompt-I Loss 1.3448  
Epoch 039 |  Time(s) 0.0875 | RobustPrompt-I Loss 1.2991  
Epoch 040 |  Time(s) 0.0860 | RobustPrompt-I Loss 1.3482  
Epoch 041 |  Time(s) 0.0871 | RobustPrompt-I Loss 1.2787  
Epoch 042 |  Time(s) 0.0873 | RobustPrompt-I Loss 1.4314  
Epoch 043 |  Time(s) 0.0869 | RobustPrompt-I Loss 1.4804  
Epoch 044 |  Time(s) 0.0874 | RobustPrompt-I Loss 1.3006  
Epoch 045 |  Time(s) 0.0867 | RobustPrompt-I Loss 1.3683  
Epoch 046 |  Time(s) 0.0878 | RobustPrompt-I Loss 1.4936  
Epoch 047 |  Time(s) 0.0875 | RobustPrompt-I Loss 1.3100  
Epoch 048 |  Time(s) 0.0919 | RobustPrompt-I Loss 1.3196  
Epoch 049 |  Time(s) 0.0893 | RobustPrompt-I Loss 1.3743  
Epoch 050 |  Time(s) 0.0875 | RobustPrompt-I Loss 1.3038  
Epoch 051 |  Time(s) 0.0874 | RobustPrompt-I Loss 1.2673  
Epoch 052 |  Time(s) 0.0874 | RobustPrompt-I Loss 1.2524  
Epoch 053 |  Time(s) 0.0870 | RobustPrompt-I Loss 1.2647  
Epoch 054 |  Time(s) 0.0870 | RobustPrompt-I Loss 1.2311  
Epoch 055 |  Time(s) 0.0868 | RobustPrompt-I Loss 1.1673  
Epoch 056 |  Time(s) 0.0871 | RobustPrompt-I Loss 1.1939  
Epoch 057 |  Time(s) 0.0872 | RobustPrompt-I Loss 1.1410  
Epoch 058 |  Time(s) 0.0868 | RobustPrompt-I Loss 1.2181  
Epoch 059 |  Time(s) 0.0875 | RobustPrompt-I Loss 1.2094  
Epoch 060 |  Time(s) 0.0870 | RobustPrompt-I Loss 1.1008  
Epoch 061 |  Time(s) 0.0870 | RobustPrompt-I Loss 1.1336  
Epoch 062 |  Time(s) 0.0889 | RobustPrompt-I Loss 1.0920  
Epoch 063 |  Time(s) 0.0871 | RobustPrompt-I Loss 1.1324  
Epoch 064 |  Time(s) 0.0883 | RobustPrompt-I Loss 1.1414  
Epoch 065 |  Time(s) 0.0875 | RobustPrompt-I Loss 1.0521  
Epoch 066 |  Time(s) 0.0868 | RobustPrompt-I Loss 1.1745  
Epoch 067 |  Time(s) 0.0874 | RobustPrompt-I Loss 1.1917  
Epoch 068 |  Time(s) 0.0870 | RobustPrompt-I Loss 1.0188  
Epoch 069 |  Time(s) 0.0885 | RobustPrompt-I Loss 1.2742  
Epoch 070 |  Time(s) 0.0878 | RobustPrompt-I Loss 1.4593  
Epoch 071 |  Time(s) 0.0883 | RobustPrompt-I Loss 1.2502  
Epoch 072 |  Time(s) 0.0881 | RobustPrompt-I Loss 0.9930  
Epoch 073 |  Time(s) 0.0881 | RobustPrompt-I Loss 1.2078  
Epoch 074 |  Time(s) 0.0941 | RobustPrompt-I Loss 1.3771  
Epoch 075 |  Time(s) 0.0871 | RobustPrompt-I Loss 1.1686  
Epoch 076 |  Time(s) 0.0936 | RobustPrompt-I Loss 0.9672  
Epoch 077 |  Time(s) 0.0949 | RobustPrompt-I Loss 1.1297  
Epoch 078 |  Time(s) 0.0876 | RobustPrompt-I Loss 1.1968  
Epoch 079 |  Time(s) 0.0876 | RobustPrompt-I Loss 1.0380  
Epoch 080 |  Time(s) 0.0877 | RobustPrompt-I Loss 1.0121  
Epoch 081 |  Time(s) 0.0872 | RobustPrompt-I Loss 1.1008  
Epoch 082 |  Time(s) 0.0883 | RobustPrompt-I Loss 1.0690  
Epoch 083 |  Time(s) 0.0880 | RobustPrompt-I Loss 0.9512  
Epoch 084 |  Time(s) 0.0879 | RobustPrompt-I Loss 1.0488  
Epoch 085 |  Time(s) 0.0880 | RobustPrompt-I Loss 1.1171  
Epoch 086 |  Time(s) 0.0885 | RobustPrompt-I Loss 1.0267  
Epoch 087 |  Time(s) 0.0880 | RobustPrompt-I Loss 0.9842  
Epoch 088 |  Time(s) 0.0887 | RobustPrompt-I Loss 1.0225  
Epoch 089 |  Time(s) 0.0888 | RobustPrompt-I Loss 1.0126  
Epoch 090 |  Time(s) 0.0880 | RobustPrompt-I Loss 0.9126  
Epoch 091 |  Time(s) 0.0887 | RobustPrompt-I Loss 1.0447  
Epoch 092 |  Time(s) 0.0894 | RobustPrompt-I Loss 1.1226  
Epoch 093 |  Time(s) 0.0887 | RobustPrompt-I Loss 1.0270  
Epoch 094 |  Time(s) 0.0893 | RobustPrompt-I Loss 0.9729  
Epoch 095 |  Time(s) 0.0883 | RobustPrompt-I Loss 0.9481  
Epoch 096 |  Time(s) 0.0905 | RobustPrompt-I Loss 1.0339  
Epoch 097 |  Time(s) 0.0938 | RobustPrompt-I Loss 1.0322  
Epoch 098 |  Time(s) 0.0924 | RobustPrompt-I Loss 0.8958  
Epoch 099 |  Time(s) 0.0880 | RobustPrompt-I Loss 1.0638  
Epoch 100 |  Time(s) 0.0939 | RobustPrompt-I Loss 1.2383  
Epoch 101 |  Time(s) 0.0955 | RobustPrompt-I Loss 1.1270  
Epoch 102 |  Time(s) 0.0929 | RobustPrompt-I Loss 1.0104  
Epoch 103 |  Time(s) 0.0907 | RobustPrompt-I Loss 0.9825  
Epoch 104 |  Time(s) 0.0900 | RobustPrompt-I Loss 0.9139  
Epoch 105 |  Time(s) 0.0908 | RobustPrompt-I Loss 1.0039  
Epoch 106 |  Time(s) 0.0894 | RobustPrompt-I Loss 1.0747  
Epoch 107 |  Time(s) 0.0888 | RobustPrompt-I Loss 0.9239  
Epoch 108 |  Time(s) 0.0915 | RobustPrompt-I Loss 0.9475  
Epoch 109 |  Time(s) 0.0892 | RobustPrompt-I Loss 1.0116  
Epoch 110 |  Time(s) 0.0899 | RobustPrompt-I Loss 0.9395  
Epoch 111 |  Time(s) 0.0897 | RobustPrompt-I Loss 1.0010  
Epoch 112 |  Time(s) 0.0896 | RobustPrompt-I Loss 1.0314  
Epoch 113 |  Time(s) 0.0898 | RobustPrompt-I Loss 0.8811  
Epoch 114 |  Time(s) 0.0883 | RobustPrompt-I Loss 0.9407  
Epoch 115 |  Time(s) 0.0885 | RobustPrompt-I Loss 1.0823  
Epoch 116 |  Time(s) 0.0883 | RobustPrompt-I Loss 0.9512  
Epoch 117 |  Time(s) 0.0883 | RobustPrompt-I Loss 0.8549  
Epoch 118 |  Time(s) 0.0884 | RobustPrompt-I Loss 0.8733  
Epoch 119 |  Time(s) 0.0881 | RobustPrompt-I Loss 0.8424  
Epoch 120 |  Time(s) 0.0876 | RobustPrompt-I Loss 0.8445  
Epoch 121 |  Time(s) 0.0884 | RobustPrompt-I Loss 0.8374  
Epoch 122 |  Time(s) 0.0882 | RobustPrompt-I Loss 0.8224  
Epoch 123 |  Time(s) 0.0883 | RobustPrompt-I Loss 0.8261  
Epoch 124 |  Time(s) 0.0888 | RobustPrompt-I Loss 0.8051  
Epoch 125 |  Time(s) 0.0882 | RobustPrompt-I Loss 0.8142  
Epoch 126 |  Time(s) 0.0885 | RobustPrompt-I Loss 0.8068  
Epoch 127 |  Time(s) 0.0889 | RobustPrompt-I Loss 0.7879  
Epoch 128 |  Time(s) 0.0884 | RobustPrompt-I Loss 0.7817  
Epoch 129 |  Time(s) 0.0887 | RobustPrompt-I Loss 0.7872  
Epoch 130 |  Time(s) 0.0901 | RobustPrompt-I Loss 0.7775  
Epoch 131 |  Time(s) 0.0903 | RobustPrompt-I Loss nan  
Epoch 132 |  Time(s) 0.0896 | RobustPrompt-I Loss nan  
Epoch 133 |  Time(s) 0.0885 | RobustPrompt-I Loss nan  
Epoch 134 |  Time(s) 0.0898 | RobustPrompt-I Loss nan  
Epoch 135 |  Time(s) 0.0914 | RobustPrompt-I Loss nan  
Epoch 136 |  Time(s) 0.0914 | RobustPrompt-I Loss nan  
Epoch 137 |  Time(s) 0.0881 | RobustPrompt-I Loss nan  
Epoch 138 |  Time(s) 0.0898 | RobustPrompt-I Loss nan  
Epoch 139 |  Time(s) 0.0884 | RobustPrompt-I Loss nan  
Epoch 140 |  Time(s) 0.0880 | RobustPrompt-I Loss nan  
Epoch 141 |  Time(s) 0.0884 | RobustPrompt-I Loss nan  
Epoch 142 |  Time(s) 0.0879 | RobustPrompt-I Loss nan  
Epoch 143 |  Time(s) 0.0879 | RobustPrompt-I Loss nan  
Epoch 144 |  Time(s) 0.0879 | RobustPrompt-I Loss nan  
Epoch 145 |  Time(s) 0.0881 | RobustPrompt-I Loss nan  
Epoch 146 |  Time(s) 0.0882 | RobustPrompt-I Loss nan  
Epoch 147 |  Time(s) 0.0890 | RobustPrompt-I Loss nan  
Epoch 148 |  Time(s) 0.0891 | RobustPrompt-I Loss nan  
Epoch 149 |  Time(s) 0.0903 | RobustPrompt-I Loss nan  
----------------------------------------------------------------------------------------------------
Early stopping at 150 eopch!
load LLC or attacked data with specified split
Successfully loaded the attack of dataname with few shot 5, split 1
Attack method : Meta_Self | Attack ptb : 0.25 | Dataset: Cora
======================
Number of graphs: 1
Number of features: 1433
Number of classes: 7

Data(x=[2708, 1433], edge_index=[2, 16028], y=[2708], train_mask=[2708], val_mask=[2708], test_mask=[2708])
===========================================================================================================
Number of nodes: 2708
Number of edges: 16028
Average node degree: 5.92
Has isolated nodes: False
Has self-loops: True
Is undirected: True
GCN(
  (conv_layers): ModuleList(
    (0): GCNConv(1433, 256)
    (1): GCNConv(256, 256)
  )
)
Successfully loaded pre-trained weights!
use RobustPrompt Inductive
defense pt dict :  {'sim_pt': -1.0, 'degree_pt': -1, 'out_detect_pt': 0.7, 'other_pt': 'all'}
use_attention :  False
kl_global :  False
cosine_constraint :  True
pt_threshold :  0.25
filter_module :  OriginalFilter
temperature :  1.0
weight_mse 0.1
weight_kl :  0.1
weight_constraint :  0.0
prepare induce graph data is finished!
run RobustPrompt-I
Epoch 001 |  Time(s) 0.1041 | RobustPrompt-I Loss 1.9443  
Epoch 002 |  Time(s) 0.0893 | RobustPrompt-I Loss 1.9477  
Epoch 003 |  Time(s) 0.0897 | RobustPrompt-I Loss 1.9269  
Epoch 004 |  Time(s) 0.0893 | RobustPrompt-I Loss 1.9299  
Epoch 005 |  Time(s) 0.0895 | RobustPrompt-I Loss 1.9023  
Epoch 006 |  Time(s) 0.0903 | RobustPrompt-I Loss 1.9139  
Epoch 007 |  Time(s) 0.0943 | RobustPrompt-I Loss 1.8986  
Epoch 008 |  Time(s) 0.0924 | RobustPrompt-I Loss 1.8641  
Epoch 009 |  Time(s) 0.0914 | RobustPrompt-I Loss 1.8466  
Epoch 010 |  Time(s) 0.0915 | RobustPrompt-I Loss 1.8167  
Epoch 011 |  Time(s) 0.0912 | RobustPrompt-I Loss 1.7985  
Epoch 012 |  Time(s) 0.0963 | RobustPrompt-I Loss 1.7729  
Epoch 013 |  Time(s) 0.0923 | RobustPrompt-I Loss 1.7428  
Epoch 014 |  Time(s) 0.0890 | RobustPrompt-I Loss 1.7316  
Epoch 015 |  Time(s) 0.0903 | RobustPrompt-I Loss 1.7024  
Epoch 016 |  Time(s) 0.0887 | RobustPrompt-I Loss 1.6793  
Epoch 017 |  Time(s) 0.0888 | RobustPrompt-I Loss 1.6566  
Epoch 018 |  Time(s) 0.0888 | RobustPrompt-I Loss 1.6369  
Epoch 019 |  Time(s) 0.0890 | RobustPrompt-I Loss 1.6182  
Epoch 020 |  Time(s) 0.0898 | RobustPrompt-I Loss 1.5985  
Epoch 021 |  Time(s) 0.0886 | RobustPrompt-I Loss 1.5875  
Epoch 022 |  Time(s) 0.0889 | RobustPrompt-I Loss 1.5814  
Epoch 023 |  Time(s) 0.0898 | RobustPrompt-I Loss 1.5583  
Epoch 024 |  Time(s) 0.0888 | RobustPrompt-I Loss 1.5249  
Epoch 025 |  Time(s) 0.0889 | RobustPrompt-I Loss 1.5110  
Epoch 026 |  Time(s) 0.0887 | RobustPrompt-I Loss 1.5159  
Epoch 027 |  Time(s) 0.0906 | RobustPrompt-I Loss 1.4795  
Epoch 028 |  Time(s) 0.0906 | RobustPrompt-I Loss 1.4567  
Epoch 029 |  Time(s) 0.0896 | RobustPrompt-I Loss 1.4507  
Epoch 030 |  Time(s) 0.0894 | RobustPrompt-I Loss 1.4369  
Epoch 031 |  Time(s) 0.0911 | RobustPrompt-I Loss 1.4068  
Epoch 032 |  Time(s) 0.0892 | RobustPrompt-I Loss 1.4075  
Epoch 033 |  Time(s) 0.0891 | RobustPrompt-I Loss 1.3846  
Epoch 034 |  Time(s) 0.0906 | RobustPrompt-I Loss 1.3608  
Epoch 035 |  Time(s) 0.0901 | RobustPrompt-I Loss 1.3537  
Epoch 036 |  Time(s) 0.0914 | RobustPrompt-I Loss 1.3107  
Epoch 037 |  Time(s) 0.0965 | RobustPrompt-I Loss 1.3223  
Epoch 038 |  Time(s) 0.0990 | RobustPrompt-I Loss 1.2703  
Epoch 039 |  Time(s) 0.0908 | RobustPrompt-I Loss 1.2678  
Epoch 040 |  Time(s) 0.0896 | RobustPrompt-I Loss 1.2483  
Epoch 041 |  Time(s) 0.0890 | RobustPrompt-I Loss 1.2135  
Epoch 042 |  Time(s) 0.0895 | RobustPrompt-I Loss 1.2486  
Epoch 043 |  Time(s) 0.0891 | RobustPrompt-I Loss 1.1861  
Epoch 044 |  Time(s) 0.0909 | RobustPrompt-I Loss 1.2541  
Epoch 045 |  Time(s) 0.0905 | RobustPrompt-I Loss 1.2547  
Epoch 046 |  Time(s) 0.0902 | RobustPrompt-I Loss 1.1443  
Epoch 047 |  Time(s) 0.0911 | RobustPrompt-I Loss 1.1792  
Epoch 048 |  Time(s) 0.0904 | RobustPrompt-I Loss 1.1861  
Epoch 049 |  Time(s) 0.0896 | RobustPrompt-I Loss 1.0716  
Epoch 050 |  Time(s) 0.0908 | RobustPrompt-I Loss 1.1294  
Epoch 051 |  Time(s) 0.0906 | RobustPrompt-I Loss 1.0853  
Epoch 052 |  Time(s) 0.0899 | RobustPrompt-I Loss 1.0669  
Epoch 053 |  Time(s) 0.0964 | RobustPrompt-I Loss 1.0695  
Epoch 054 |  Time(s) 0.0994 | RobustPrompt-I Loss 1.0202  
Epoch 055 |  Time(s) 0.0933 | RobustPrompt-I Loss 1.0139  
Epoch 056 |  Time(s) 0.0917 | RobustPrompt-I Loss 1.0101  
Epoch 057 |  Time(s) 0.0941 | RobustPrompt-I Loss 0.9904  
Epoch 058 |  Time(s) 0.0907 | RobustPrompt-I Loss 0.9806  
Epoch 059 |  Time(s) 0.0895 | RobustPrompt-I Loss 0.9458  
Epoch 060 |  Time(s) 0.0896 | RobustPrompt-I Loss 0.9609  
Epoch 061 |  Time(s) 0.0900 | RobustPrompt-I Loss 0.9405  
Epoch 062 |  Time(s) 0.0903 | RobustPrompt-I Loss 0.9291  
Epoch 063 |  Time(s) 0.0895 | RobustPrompt-I Loss 0.9036  
Epoch 064 |  Time(s) 0.0895 | RobustPrompt-I Loss 0.9070  
Epoch 065 |  Time(s) 0.0899 | RobustPrompt-I Loss 0.8978  
Epoch 066 |  Time(s) 0.0893 | RobustPrompt-I Loss 0.8809  
Epoch 067 |  Time(s) 0.0900 | RobustPrompt-I Loss 0.8652  
Epoch 068 |  Time(s) 0.0892 | RobustPrompt-I Loss 0.8566  
Epoch 069 |  Time(s) 0.0899 | RobustPrompt-I Loss 0.8642  
Epoch 070 |  Time(s) 0.0893 | RobustPrompt-I Loss 0.8350  
Epoch 071 |  Time(s) 0.0896 | RobustPrompt-I Loss 0.8763  
Epoch 072 |  Time(s) 0.0894 | RobustPrompt-I Loss 0.8556  
Epoch 073 |  Time(s) 0.0899 | RobustPrompt-I Loss 0.8369  
Epoch 074 |  Time(s) 0.0939 | RobustPrompt-I Loss 0.8461  
Epoch 075 |  Time(s) 0.0893 | RobustPrompt-I Loss 0.8119  
Epoch 076 |  Time(s) 0.0888 | RobustPrompt-I Loss 0.8123  
Epoch 077 |  Time(s) 0.0894 | RobustPrompt-I Loss 0.8195  
Epoch 078 |  Time(s) 0.0896 | RobustPrompt-I Loss 0.7755  
Epoch 079 |  Time(s) 0.0899 | RobustPrompt-I Loss 0.8417  
Epoch 080 |  Time(s) 0.0893 | RobustPrompt-I Loss 0.8392  
Epoch 081 |  Time(s) 0.0889 | RobustPrompt-I Loss 0.7507  
Epoch 082 |  Time(s) 0.0879 | RobustPrompt-I Loss 0.8068  
Epoch 083 |  Time(s) 0.0879 | RobustPrompt-I Loss 0.7666  
Epoch 084 |  Time(s) 0.0882 | RobustPrompt-I Loss 0.7812  
Epoch 085 |  Time(s) 0.0881 | RobustPrompt-I Loss 0.7945  
Epoch 086 |  Time(s) 0.0883 | RobustPrompt-I Loss 0.7414  
Epoch 087 |  Time(s) 0.0881 | RobustPrompt-I Loss 0.7595  
Epoch 088 |  Time(s) 0.0879 | RobustPrompt-I Loss 0.7629  
Epoch 089 |  Time(s) 0.0893 | RobustPrompt-I Loss 0.7182  
Epoch 090 |  Time(s) 0.0878 | RobustPrompt-I Loss 0.7687  
Epoch 091 |  Time(s) 0.0891 | RobustPrompt-I Loss 0.7616  
Epoch 092 |  Time(s) 0.0885 | RobustPrompt-I Loss 0.6990  
Epoch 093 |  Time(s) 0.0906 | RobustPrompt-I Loss 0.7216  
Epoch 094 |  Time(s) 0.0917 | RobustPrompt-I Loss 0.6967  
Epoch 095 |  Time(s) 0.0885 | RobustPrompt-I Loss 0.7077  
Epoch 096 |  Time(s) 0.0900 | RobustPrompt-I Loss 0.6937  
Epoch 097 |  Time(s) 0.0898 | RobustPrompt-I Loss 0.6937  
Epoch 098 |  Time(s) 0.0890 | RobustPrompt-I Loss 0.6861  
Epoch 099 |  Time(s) 0.0891 | RobustPrompt-I Loss 0.6733  
Epoch 100 |  Time(s) 0.0895 | RobustPrompt-I Loss 0.6708  
Epoch 101 |  Time(s) 0.0888 | RobustPrompt-I Loss 0.6694  
Epoch 102 |  Time(s) 0.0883 | RobustPrompt-I Loss 0.6883  
Epoch 103 |  Time(s) 0.0897 | RobustPrompt-I Loss 0.6433  
Epoch 104 |  Time(s) 0.0884 | RobustPrompt-I Loss 0.7984  
Epoch 105 |  Time(s) 0.0881 | RobustPrompt-I Loss 0.7685  
Epoch 106 |  Time(s) 0.0877 | RobustPrompt-I Loss 0.7048  
Epoch 107 |  Time(s) 0.0885 | RobustPrompt-I Loss 0.6834  
Epoch 108 |  Time(s) 0.0891 | RobustPrompt-I Loss 0.6782  
Epoch 109 |  Time(s) 0.0878 | RobustPrompt-I Loss 0.6881  
Epoch 110 |  Time(s) 0.0915 | RobustPrompt-I Loss 0.6231  
Epoch 111 |  Time(s) 0.0962 | RobustPrompt-I Loss 0.6349  
Epoch 112 |  Time(s) 0.1068 | RobustPrompt-I Loss 0.6159  
Epoch 113 |  Time(s) 0.0986 | RobustPrompt-I Loss 0.6740  
Epoch 114 |  Time(s) 0.0918 | RobustPrompt-I Loss 0.6711  
Epoch 115 |  Time(s) 0.0896 | RobustPrompt-I Loss 0.6245  
Epoch 116 |  Time(s) 0.0889 | RobustPrompt-I Loss 0.6159  
Epoch 117 |  Time(s) 0.0896 | RobustPrompt-I Loss 0.6302  
Epoch 118 |  Time(s) 0.0887 | RobustPrompt-I Loss 0.5914  
Epoch 119 |  Time(s) 0.0895 | RobustPrompt-I Loss 0.6213  
Epoch 120 |  Time(s) 0.0888 | RobustPrompt-I Loss 0.5912  
Epoch 121 |  Time(s) 0.0890 | RobustPrompt-I Loss 0.6420  
Epoch 122 |  Time(s) 0.0898 | RobustPrompt-I Loss 0.6592  
Epoch 123 |  Time(s) 0.0910 | RobustPrompt-I Loss 0.5885  
Epoch 124 |  Time(s) 0.0901 | RobustPrompt-I Loss 0.6217  
Epoch 125 |  Time(s) 0.0895 | RobustPrompt-I Loss 0.6429  
Epoch 126 |  Time(s) 0.0891 | RobustPrompt-I Loss 0.6014  
Epoch 127 |  Time(s) 0.0897 | RobustPrompt-I Loss 0.5784  
Epoch 128 |  Time(s) 0.0893 | RobustPrompt-I Loss 0.6129  
Epoch 129 |  Time(s) 0.0900 | RobustPrompt-I Loss 0.5861  
Epoch 130 |  Time(s) 0.0900 | RobustPrompt-I Loss 0.5689  
Epoch 131 |  Time(s) 0.0906 | RobustPrompt-I Loss 0.5721  
Epoch 132 |  Time(s) 0.0905 | RobustPrompt-I Loss 0.5599  
Epoch 133 |  Time(s) 0.0891 | RobustPrompt-I Loss 0.5557  
Epoch 134 |  Time(s) 0.0897 | RobustPrompt-I Loss 0.5593  
Epoch 135 |  Time(s) 0.0918 | RobustPrompt-I Loss 0.5471  
Epoch 136 |  Time(s) 0.0907 | RobustPrompt-I Loss 0.5549  
Epoch 137 |  Time(s) 0.0917 | RobustPrompt-I Loss 0.5478  
Epoch 138 |  Time(s) 0.0893 | RobustPrompt-I Loss 0.5551  
Epoch 139 |  Time(s) 0.0885 | RobustPrompt-I Loss 0.5306  
Epoch 140 |  Time(s) 0.0892 | RobustPrompt-I Loss 0.5434  
Epoch 141 |  Time(s) 0.0891 | RobustPrompt-I Loss 0.5249  
Epoch 142 |  Time(s) 0.0904 | RobustPrompt-I Loss 0.5532  
Epoch 143 |  Time(s) 0.0903 | RobustPrompt-I Loss 0.5379  
Epoch 144 |  Time(s) 0.0961 | RobustPrompt-I Loss 0.5372  
Epoch 145 |  Time(s) 0.0944 | RobustPrompt-I Loss 0.5313  
Epoch 146 |  Time(s) 0.0906 | RobustPrompt-I Loss 0.5166  
Epoch 147 |  Time(s) 0.0893 | RobustPrompt-I Loss 0.5228  
Epoch 148 |  Time(s) 0.0894 | RobustPrompt-I Loss 0.5070  
Epoch 149 |  Time(s) 0.0890 | RobustPrompt-I Loss 0.4991  
Epoch 150 |  Time(s) 0.0896 | RobustPrompt-I Loss 0.5212  
Epoch 151 |  Time(s) 0.0893 | RobustPrompt-I Loss 0.5066  
Epoch 152 |  Time(s) 0.0889 | RobustPrompt-I Loss 0.5047  
Epoch 153 |  Time(s) 0.0902 | RobustPrompt-I Loss 0.5106  
Epoch 154 |  Time(s) 0.0891 | RobustPrompt-I Loss 0.4909  
Epoch 155 |  Time(s) 0.0886 | RobustPrompt-I Loss 0.4787  
Epoch 156 |  Time(s) 0.0886 | RobustPrompt-I Loss 0.5106  
Epoch 157 |  Time(s) 0.0888 | RobustPrompt-I Loss 0.4984  
Epoch 158 |  Time(s) 0.0888 | RobustPrompt-I Loss 0.4792  
Epoch 159 |  Time(s) 0.0887 | RobustPrompt-I Loss 0.4772  
Epoch 160 |  Time(s) 0.0886 | RobustPrompt-I Loss 0.4902  
Epoch 161 |  Time(s) 0.0881 | RobustPrompt-I Loss 0.4801  
Epoch 162 |  Time(s) 0.0891 | RobustPrompt-I Loss 0.4704  
Epoch 163 |  Time(s) 0.0897 | RobustPrompt-I Loss 0.4604  
Epoch 164 |  Time(s) 0.0896 | RobustPrompt-I Loss 0.5014  
Epoch 165 |  Time(s) 0.0894 | RobustPrompt-I Loss 0.4936  
Epoch 166 |  Time(s) 0.0896 | RobustPrompt-I Loss 0.4646  
Epoch 167 |  Time(s) 0.0895 | RobustPrompt-I Loss 0.5269  
Epoch 168 |  Time(s) 0.0974 | RobustPrompt-I Loss 0.4884  
Epoch 169 |  Time(s) 0.0956 | RobustPrompt-I Loss 0.5103  
Epoch 170 |  Time(s) 0.0969 | RobustPrompt-I Loss 0.5130  
Epoch 171 |  Time(s) 0.0891 | RobustPrompt-I Loss 0.4885  
Epoch 172 |  Time(s) 0.0890 | RobustPrompt-I Loss 0.4831  
Epoch 173 |  Time(s) 0.0893 | RobustPrompt-I Loss 0.5077  
Epoch 174 |  Time(s) 0.0895 | RobustPrompt-I Loss 0.4570  
Epoch 175 |  Time(s) 0.0891 | RobustPrompt-I Loss 0.5890  
Epoch 176 |  Time(s) 0.0894 | RobustPrompt-I Loss 0.6523  
Epoch 177 |  Time(s) 0.0889 | RobustPrompt-I Loss 0.4509  
Epoch 178 |  Time(s) 0.0885 | RobustPrompt-I Loss 0.7896  
Epoch 179 |  Time(s) 0.0887 | RobustPrompt-I Loss 1.0505  
Epoch 180 |  Time(s) 0.0884 | RobustPrompt-I Loss 0.7029  
Epoch 181 |  Time(s) 0.0874 | RobustPrompt-I Loss 0.4969  
Epoch 182 |  Time(s) 0.0881 | RobustPrompt-I Loss 0.6497  
Epoch 183 |  Time(s) 0.0878 | RobustPrompt-I Loss 0.6418  
Epoch 184 |  Time(s) 0.0902 | RobustPrompt-I Loss 0.4913  
Epoch 185 |  Time(s) 0.0884 | RobustPrompt-I Loss 0.5343  
Epoch 186 |  Time(s) 0.0910 | RobustPrompt-I Loss 0.5775  
Epoch 187 |  Time(s) 0.0884 | RobustPrompt-I Loss 0.5352  
Epoch 188 |  Time(s) 0.0879 | RobustPrompt-I Loss 0.4696  
Epoch 189 |  Time(s) 0.0917 | RobustPrompt-I Loss 0.5136  
Epoch 190 |  Time(s) 0.0909 | RobustPrompt-I Loss 0.4793  
Epoch 191 |  Time(s) 0.0893 | RobustPrompt-I Loss 0.4968  
Epoch 192 |  Time(s) 0.0903 | RobustPrompt-I Loss 0.5178  
Epoch 193 |  Time(s) 0.0899 | RobustPrompt-I Loss 0.4384  
Epoch 194 |  Time(s) 0.0900 | RobustPrompt-I Loss 0.4939  
Epoch 195 |  Time(s) 0.0901 | RobustPrompt-I Loss 0.4378  
Epoch 196 |  Time(s) 0.0899 | RobustPrompt-I Loss 0.5699  
Epoch 197 |  Time(s) 0.0903 | RobustPrompt-I Loss 0.5891  
Epoch 198 |  Time(s) 0.0894 | RobustPrompt-I Loss 0.4400  
Epoch 199 |  Time(s) 0.0887 | RobustPrompt-I Loss 0.6406  
Epoch 200 |  Time(s) 0.0887 | RobustPrompt-I Loss 0.7353  
Batch 0 Acc: 0.0500 | Macro-F1: 0.0328
Batch 1 Acc: 0.0400 | Macro-F1: 0.0351
Batch 2 Acc: 0.0400 | Macro-F1: 0.0254
Batch 3 Acc: 0.1100 | Macro-F1: 0.0712
Batch 4 Acc: 0.0500 | Macro-F1: 0.0374
Batch 5 Acc: 0.0400 | Macro-F1: 0.0258
Batch 6 Acc: 0.0200 | Macro-F1: 0.0130
Batch 7 Acc: 0.0500 | Macro-F1: 0.0366
Batch 8 Acc: 0.1000 | Macro-F1: 0.0728
Batch 9 Acc: 0.0800 | Macro-F1: 0.0604
Final True Accuracy: 0.0580 | Macro F1 Score: 0.0416
best_loss [0.7352731823921204]
load LLC or attacked data with specified split
Successfully loaded the attack of dataname with few shot 5, split 1
Attack method : Meta_Self | Attack ptb : 0.25 | Dataset: Cora
======================
Number of graphs: 1
Number of features: 1433
Number of classes: 7

Data(x=[2708, 1433], edge_index=[2, 16028], y=[2708], train_mask=[2708], val_mask=[2708], test_mask=[2708])
===========================================================================================================
Number of nodes: 2708
Number of edges: 16028
Average node degree: 5.92
Has isolated nodes: False
Has self-loops: True
Is undirected: True
GCN(
  (conv_layers): ModuleList(
    (0): GCNConv(1433, 256)
    (1): GCNConv(256, 256)
  )
)
Successfully loaded pre-trained weights!
use RobustPrompt Inductive
defense pt dict :  {'sim_pt': -1.0, 'degree_pt': -1, 'out_detect_pt': 0.7, 'other_pt': 'all'}
use_attention :  False
kl_global :  False
cosine_constraint :  True
pt_threshold :  0.25
filter_module :  OriginalFilter
temperature :  1.0
weight_mse 0.1
weight_kl :  0.1
weight_constraint :  0.0
prepare induce graph data is finished!
run RobustPrompt-I
Epoch 001 |  Time(s) 0.3108 | RobustPrompt-I Loss 1.9486  
Epoch 002 |  Time(s) 0.1915 | RobustPrompt-I Loss 1.9421  
Epoch 003 |  Time(s) 0.1496 | RobustPrompt-I Loss 1.9358  
Epoch 004 |  Time(s) 0.1381 | RobustPrompt-I Loss 1.9241  
Epoch 005 |  Time(s) 0.0976 | RobustPrompt-I Loss 1.9042  
Epoch 006 |  Time(s) 0.0951 | RobustPrompt-I Loss 1.8836  
Epoch 007 |  Time(s) 0.0946 | RobustPrompt-I Loss 1.8651  
Epoch 008 |  Time(s) 0.0949 | RobustPrompt-I Loss 1.8370  
Epoch 009 |  Time(s) 0.0949 | RobustPrompt-I Loss 1.8208  
Epoch 010 |  Time(s) 0.0953 | RobustPrompt-I Loss 1.7895  
Epoch 011 |  Time(s) 0.0949 | RobustPrompt-I Loss 1.7689  
Epoch 012 |  Time(s) 0.0952 | RobustPrompt-I Loss 1.7357  
Epoch 013 |  Time(s) 0.0964 | RobustPrompt-I Loss 1.7282  
Epoch 014 |  Time(s) 0.0952 | RobustPrompt-I Loss 1.6919  
Epoch 015 |  Time(s) 0.0936 | RobustPrompt-I Loss 1.6805  
Epoch 016 |  Time(s) 0.0951 | RobustPrompt-I Loss 1.6598  
Epoch 017 |  Time(s) 0.0949 | RobustPrompt-I Loss 1.6501  
Epoch 018 |  Time(s) 0.0955 | RobustPrompt-I Loss 1.6114  
Epoch 019 |  Time(s) 0.0955 | RobustPrompt-I Loss 1.6108  
Epoch 020 |  Time(s) 0.0950 | RobustPrompt-I Loss 1.5924  
Epoch 021 |  Time(s) 0.0952 | RobustPrompt-I Loss 1.5834  
Epoch 022 |  Time(s) 0.0953 | RobustPrompt-I Loss 1.5451  
Epoch 023 |  Time(s) 0.0960 | RobustPrompt-I Loss 1.5606  
Epoch 024 |  Time(s) 0.0961 | RobustPrompt-I Loss 1.5189  
Epoch 025 |  Time(s) 0.0945 | RobustPrompt-I Loss 1.5151  
Epoch 026 |  Time(s) 0.0965 | RobustPrompt-I Loss 1.4783  
Epoch 027 |  Time(s) 0.0941 | RobustPrompt-I Loss 1.4892  
Epoch 028 |  Time(s) 0.0925 | RobustPrompt-I Loss 1.4658  
Epoch 029 |  Time(s) 0.0927 | RobustPrompt-I Loss 1.4653  
Epoch 030 |  Time(s) 0.0929 | RobustPrompt-I Loss 1.4226  
Epoch 031 |  Time(s) 0.0930 | RobustPrompt-I Loss 1.4384  
Epoch 032 |  Time(s) 0.0930 | RobustPrompt-I Loss 1.4192  
Epoch 033 |  Time(s) 0.0933 | RobustPrompt-I Loss 1.3789  
Epoch 034 |  Time(s) 0.1405 | RobustPrompt-I Loss 1.3643  
Epoch 035 |  Time(s) 0.1093 | RobustPrompt-I Loss 1.3614  
Epoch 036 |  Time(s) 0.0951 | RobustPrompt-I Loss 1.3598  
Epoch 037 |  Time(s) 0.0978 | RobustPrompt-I Loss 1.3088  
Epoch 038 |  Time(s) 0.1172 | RobustPrompt-I Loss 1.2978  
Epoch 039 |  Time(s) 0.0912 | RobustPrompt-I Loss 1.3316  
Epoch 040 |  Time(s) 0.0917 | RobustPrompt-I Loss 1.2766  
Epoch 041 |  Time(s) 0.0913 | RobustPrompt-I Loss 1.3517  
Epoch 042 |  Time(s) 0.0911 | RobustPrompt-I Loss 1.3368  
Epoch 043 |  Time(s) 0.0917 | RobustPrompt-I Loss 1.2967  
Epoch 044 |  Time(s) 0.0920 | RobustPrompt-I Loss 1.2558  
Epoch 045 |  Time(s) 0.0912 | RobustPrompt-I Loss 1.2618  
Epoch 046 |  Time(s) 0.0912 | RobustPrompt-I Loss 1.2397  
Epoch 047 |  Time(s) 0.0912 | RobustPrompt-I Loss 1.1773  
Epoch 048 |  Time(s) 0.0898 | RobustPrompt-I Loss 1.1754  
Epoch 049 |  Time(s) 0.0892 | RobustPrompt-I Loss 1.1601  
Epoch 050 |  Time(s) 0.0908 | RobustPrompt-I Loss 1.1636  
Epoch 051 |  Time(s) 0.0918 | RobustPrompt-I Loss 1.1139  
Epoch 052 |  Time(s) 0.0907 | RobustPrompt-I Loss 1.2064  
Epoch 053 |  Time(s) 0.0907 | RobustPrompt-I Loss 1.1910  
Epoch 054 |  Time(s) 0.0910 | RobustPrompt-I Loss 1.1025  
Epoch 055 |  Time(s) 0.0907 | RobustPrompt-I Loss 1.1241  
Epoch 056 |  Time(s) 0.0918 | RobustPrompt-I Loss 1.1340  
Epoch 057 |  Time(s) 0.0907 | RobustPrompt-I Loss 1.0539  
Epoch 058 |  Time(s) 0.0913 | RobustPrompt-I Loss 1.1826  
Epoch 059 |  Time(s) 0.0923 | RobustPrompt-I Loss 1.2220  
Epoch 060 |  Time(s) 0.0927 | RobustPrompt-I Loss 1.0438  
Epoch 061 |  Time(s) 0.0918 | RobustPrompt-I Loss 1.2338  
Epoch 062 |  Time(s) 0.0919 | RobustPrompt-I Loss 1.4549  
Epoch 063 |  Time(s) 0.0913 | RobustPrompt-I Loss 1.2544  
Epoch 064 |  Time(s) 0.0918 | RobustPrompt-I Loss 1.0988  
Epoch 065 |  Time(s) 0.0917 | RobustPrompt-I Loss 1.1129  
Epoch 066 |  Time(s) 0.0920 | RobustPrompt-I Loss 1.1727  
Epoch 067 |  Time(s) 0.0921 | RobustPrompt-I Loss 1.1253  
Epoch 068 |  Time(s) 0.0911 | RobustPrompt-I Loss 1.0248  
Epoch 069 |  Time(s) 0.0921 | RobustPrompt-I Loss 1.0777  
Epoch 070 |  Time(s) 0.0922 | RobustPrompt-I Loss 1.1153  
Epoch 071 |  Time(s) 0.0908 | RobustPrompt-I Loss 0.9657  
Epoch 072 |  Time(s) 0.0911 | RobustPrompt-I Loss 1.1637  
Epoch 073 |  Time(s) 0.0916 | RobustPrompt-I Loss 1.3361  
Epoch 074 |  Time(s) 0.0915 | RobustPrompt-I Loss 1.1812  
Epoch 075 |  Time(s) 0.0914 | RobustPrompt-I Loss 0.9848  
Epoch 076 |  Time(s) 0.0908 | RobustPrompt-I Loss 1.0726  
Epoch 077 |  Time(s) 0.0900 | RobustPrompt-I Loss 1.1901  
Epoch 078 |  Time(s) 0.0901 | RobustPrompt-I Loss 1.1264  
Epoch 079 |  Time(s) 0.0903 | RobustPrompt-I Loss 0.9497  
Epoch 080 |  Time(s) 0.0907 | RobustPrompt-I Loss 1.0862  
Epoch 081 |  Time(s) 0.0902 | RobustPrompt-I Loss 1.2422  
Epoch 082 |  Time(s) 0.0900 | RobustPrompt-I Loss 1.0971  
Epoch 083 |  Time(s) 0.0911 | RobustPrompt-I Loss 0.9519  
Epoch 084 |  Time(s) 0.0917 | RobustPrompt-I Loss 1.0007  
Epoch 085 |  Time(s) 0.0911 | RobustPrompt-I Loss 1.0654  
Epoch 086 |  Time(s) 0.0897 | RobustPrompt-I Loss 1.0088  
Epoch 087 |  Time(s) 0.0906 | RobustPrompt-I Loss 0.9025  
Epoch 088 |  Time(s) 0.0901 | RobustPrompt-I Loss 0.9630  
Epoch 089 |  Time(s) 0.0907 | RobustPrompt-I Loss 0.9458  
Epoch 090 |  Time(s) 0.0900 | RobustPrompt-I Loss 0.9001  
Epoch 091 |  Time(s) 0.0908 | RobustPrompt-I Loss 0.9394  
Epoch 092 |  Time(s) 0.0904 | RobustPrompt-I Loss 0.9292  
Epoch 093 |  Time(s) 0.0900 | RobustPrompt-I Loss 0.8873  
Epoch 094 |  Time(s) 0.1835 | RobustPrompt-I Loss 0.9001  
Epoch 095 |  Time(s) 0.1096 | RobustPrompt-I Loss 0.8855  
Epoch 096 |  Time(s) 0.0924 | RobustPrompt-I Loss 0.8677  
Epoch 097 |  Time(s) 0.0930 | RobustPrompt-I Loss 0.8709  
Epoch 098 |  Time(s) 0.0906 | RobustPrompt-I Loss 0.8433  
Epoch 099 |  Time(s) 0.0913 | RobustPrompt-I Loss 0.8575  
Epoch 100 |  Time(s) 0.0914 | RobustPrompt-I Loss 0.8375  
Epoch 101 |  Time(s) 0.0909 | RobustPrompt-I Loss 0.8352  
Epoch 102 |  Time(s) 0.0916 | RobustPrompt-I Loss 0.8211  
Epoch 103 |  Time(s) 0.0903 | RobustPrompt-I Loss 0.8142  
Epoch 104 |  Time(s) 0.1002 | RobustPrompt-I Loss 0.7953  
Epoch 105 |  Time(s) 0.0954 | RobustPrompt-I Loss 0.7969  
Epoch 106 |  Time(s) 0.0970 | RobustPrompt-I Loss 0.8032  
Epoch 107 |  Time(s) 0.0925 | RobustPrompt-I Loss 0.7708  
Epoch 108 |  Time(s) 0.0920 | RobustPrompt-I Loss 0.8191  
Epoch 109 |  Time(s) 0.0934 | RobustPrompt-I Loss 0.7775  
Epoch 110 |  Time(s) 0.0925 | RobustPrompt-I Loss 0.8313  
Epoch 111 |  Time(s) 0.0919 | RobustPrompt-I Loss 0.8478  
Epoch 112 |  Time(s) 0.0909 | RobustPrompt-I Loss 0.7334  
Epoch 113 |  Time(s) 0.0911 | RobustPrompt-I Loss 0.8293  
Epoch 114 |  Time(s) 0.0914 | RobustPrompt-I Loss 0.8277  
Epoch 115 |  Time(s) 0.0913 | RobustPrompt-I Loss 0.7222  
Epoch 116 |  Time(s) 0.0910 | RobustPrompt-I Loss 0.8354  
Epoch 117 |  Time(s) 0.1210 | RobustPrompt-I Loss 0.8351  
Epoch 118 |  Time(s) 0.1067 | RobustPrompt-I Loss 0.7123  
Epoch 119 |  Time(s) 0.0943 | RobustPrompt-I Loss 0.7988  
Epoch 120 |  Time(s) 0.0913 | RobustPrompt-I Loss 0.8109  
Epoch 121 |  Time(s) 0.0909 | RobustPrompt-I Loss 0.7062  
Epoch 122 |  Time(s) 0.0910 | RobustPrompt-I Loss 0.8178  
Epoch 123 |  Time(s) 0.0899 | RobustPrompt-I Loss 0.8676  
Epoch 124 |  Time(s) 0.1421 | RobustPrompt-I Loss 0.7380  
Epoch 125 |  Time(s) 0.1524 | RobustPrompt-I Loss 0.7378  
Epoch 126 |  Time(s) 0.0979 | RobustPrompt-I Loss 0.7960  
Epoch 127 |  Time(s) 0.0919 | RobustPrompt-I Loss 0.7227  
Epoch 128 |  Time(s) 0.0919 | RobustPrompt-I Loss 0.7077  
Epoch 129 |  Time(s) 0.0914 | RobustPrompt-I Loss 0.7360  
Epoch 130 |  Time(s) 0.0915 | RobustPrompt-I Loss 0.6895  
Epoch 131 |  Time(s) 0.0947 | RobustPrompt-I Loss 0.7152  
Epoch 132 |  Time(s) 0.0911 | RobustPrompt-I Loss 0.7312  
Epoch 133 |  Time(s) 0.0909 | RobustPrompt-I Loss 0.6750  
Epoch 134 |  Time(s) 0.0913 | RobustPrompt-I Loss 0.7096  
Epoch 135 |  Time(s) 0.0914 | RobustPrompt-I Loss 0.7298  
Epoch 136 |  Time(s) 0.0921 | RobustPrompt-I Loss 0.6921  
Epoch 137 |  Time(s) 0.0916 | RobustPrompt-I Loss 0.6603  
Epoch 138 |  Time(s) 0.0912 | RobustPrompt-I Loss 0.6904  
Epoch 139 |  Time(s) 0.0913 | RobustPrompt-I Loss 0.6601  
Epoch 140 |  Time(s) 0.0911 | RobustPrompt-I Loss 0.6570  
Epoch 141 |  Time(s) 0.0910 | RobustPrompt-I Loss 0.6810  
Epoch 142 |  Time(s) 0.0913 | RobustPrompt-I Loss 0.6594  
Epoch 143 |  Time(s) 0.0908 | RobustPrompt-I Loss 0.6801  
Epoch 144 |  Time(s) 0.0907 | RobustPrompt-I Loss 0.6793  
Epoch 145 |  Time(s) 0.0921 | RobustPrompt-I Loss 0.6775  
Epoch 146 |  Time(s) 0.0912 | RobustPrompt-I Loss 0.6501  
Epoch 147 |  Time(s) 0.0907 | RobustPrompt-I Loss 0.6452  
Epoch 148 |  Time(s) 0.0904 | RobustPrompt-I Loss 0.6515  
Epoch 149 |  Time(s) 0.0913 | RobustPrompt-I Loss 0.6644  
Epoch 150 |  Time(s) 0.0933 | RobustPrompt-I Loss 0.6477  
Epoch 151 |  Time(s) 0.0916 | RobustPrompt-I Loss 0.6211  
Epoch 152 |  Time(s) 0.0911 | RobustPrompt-I Loss 0.6223  
Epoch 153 |  Time(s) 0.2636 | RobustPrompt-I Loss 0.6392  
Epoch 154 |  Time(s) 0.0919 | RobustPrompt-I Loss 0.6160  
Epoch 155 |  Time(s) 0.0913 | RobustPrompt-I Loss 0.6452  
Epoch 156 |  Time(s) 0.0911 | RobustPrompt-I Loss 0.6473  
Epoch 157 |  Time(s) 0.0907 | RobustPrompt-I Loss 0.6020  
Epoch 158 |  Time(s) 0.0914 | RobustPrompt-I Loss 0.6010  
Epoch 159 |  Time(s) 0.0919 | RobustPrompt-I Loss 0.6276  
Epoch 160 |  Time(s) 0.0933 | RobustPrompt-I Loss 0.6087  
Epoch 161 |  Time(s) 0.0911 | RobustPrompt-I Loss 0.6045  
Epoch 162 |  Time(s) 0.0920 | RobustPrompt-I Loss 0.6052  
Epoch 163 |  Time(s) 0.0915 | RobustPrompt-I Loss 0.6022  
Epoch 164 |  Time(s) 0.0921 | RobustPrompt-I Loss 0.5853  
Epoch 165 |  Time(s) 0.0924 | RobustPrompt-I Loss 0.6209  
Epoch 166 |  Time(s) 0.0920 | RobustPrompt-I Loss 0.6146  
Epoch 167 |  Time(s) 0.0917 | RobustPrompt-I Loss nan  
Epoch 168 |  Time(s) 0.0910 | RobustPrompt-I Loss nan  
Epoch 169 |  Time(s) 0.0938 | RobustPrompt-I Loss nan  
Epoch 170 |  Time(s) 0.0995 | RobustPrompt-I Loss nan  
Epoch 171 |  Time(s) 0.0913 | RobustPrompt-I Loss nan  
Epoch 172 |  Time(s) 0.0929 | RobustPrompt-I Loss nan  
Epoch 173 |  Time(s) 0.0917 | RobustPrompt-I Loss nan  
Epoch 174 |  Time(s) 0.1300 | RobustPrompt-I Loss nan  
Epoch 175 |  Time(s) 0.0967 | RobustPrompt-I Loss nan  
Epoch 176 |  Time(s) 0.0931 | RobustPrompt-I Loss nan  
Epoch 177 |  Time(s) 0.2427 | RobustPrompt-I Loss nan  
Epoch 178 |  Time(s) 0.2815 | RobustPrompt-I Loss nan  
Epoch 179 |  Time(s) 0.1144 | RobustPrompt-I Loss nan  
Epoch 180 |  Time(s) 0.1001 | RobustPrompt-I Loss nan  
Epoch 181 |  Time(s) 0.0925 | RobustPrompt-I Loss nan  
Epoch 182 |  Time(s) 0.0921 | RobustPrompt-I Loss nan  
Epoch 183 |  Time(s) 0.0916 | RobustPrompt-I Loss nan  
----------------------------------------------------------------------------------------------------
Early stopping at 184 eopch!
{1: {1: nan}, 2: {1: 0.03200000151991844}, 3: {1: nan}, 4: {1: 0.057999998331069946}, 5: {1: nan}}
{1: {1: nan, 2: 0.03200000151991844, 3: nan, 4: 0.057999998331069946, 5: nan}}
########################################################################################
seed: 1 | split 1 : nan
# Seed 1 Muti Split Final Acc: nan±nan
seed: 2 | split 1 : 0.03200000151991844
# Seed 2 Muti Split Final Acc: 0.0320±0.0000
seed: 3 | split 1 : nan
# Seed 3 Muti Split Final Acc: nan±nan
seed: 4 | split 1 : 0.057999998331069946
# Seed 4 Muti Split Final Acc: 0.0580±0.0000
seed: 5 | split 1 : nan
# Seed 5 Muti Split Final Acc: nan±nan
########################################################################################
split: 1 | seed 1 : nan
split: 1 | seed 2 : 0.03200000151991844
split: 1 | seed 3 : nan
split: 1 | seed 4 : 0.057999998331069946
split: 1 | seed 5 : nan
# Split 1 Muti Seed Acc without min value: nan±nan
########################################################################################
Done phase=ood, ood=0.7, ptb=0.25, end=2026-06-09 00:38:19, duration=00:01:38
