Start phase=ood, ood=0.7, ptb=0.1, time=2026-06-09 00:21:48, log=logs/RobustPrompt-I/ft_ood0.7_0.1_20260609_002148.log
load LLC or attacked data with specified split
Successfully loaded the attack of dataname with few shot 5, split 1
Attack method : Meta_Self | Attack ptb : 0.1 | Dataset: Cora
======================
Number of graphs: 1
Number of features: 1433
Number of classes: 7

Data(x=[2708, 1433], edge_index=[2, 14274], y=[2708], train_mask=[2708], val_mask=[2708], test_mask=[2708])
===========================================================================================================
Number of nodes: 2708
Number of edges: 14274
Average node degree: 5.27
Has isolated nodes: False
Has self-loops: True
Is undirected: True
GCN(
  (conv_layers): ModuleList(
    (0): GCNConv(1433, 256)
    (1): GCNConv(256, 256)
  )
)
Successfully loaded pre-trained weights!
use RobustPrompt Inductive
defense pt dict :  {'sim_pt': -1.0, 'degree_pt': -1, 'out_detect_pt': 0.7, 'other_pt': 'all'}
use_attention :  False
kl_global :  False
cosine_constraint :  True
pt_threshold :  0.25
filter_module :  OriginalFilter
temperature :  1.0
weight_mse 0.1
weight_kl :  0.1
weight_constraint :  0.0
prepare induce graph data is finished!
run RobustPrompt-I
Epoch 001 |  Time(s) 0.3727 | RobustPrompt-I Loss 1.9464  
Epoch 002 |  Time(s) 0.0807 | RobustPrompt-I Loss 1.9371  
Epoch 003 |  Time(s) 0.0793 | RobustPrompt-I Loss 1.9108  
Epoch 004 |  Time(s) 0.1143 | RobustPrompt-I Loss 1.8831  
Epoch 005 |  Time(s) 0.3243 | RobustPrompt-I Loss 1.8440  
Epoch 006 |  Time(s) 0.3170 | RobustPrompt-I Loss 1.8256  
Epoch 007 |  Time(s) 0.2974 | RobustPrompt-I Loss 1.7840  
Epoch 008 |  Time(s) 0.3870 | RobustPrompt-I Loss 1.7635  
Epoch 009 |  Time(s) 0.1968 | RobustPrompt-I Loss 1.7499  
Epoch 010 |  Time(s) 0.2117 | RobustPrompt-I Loss 1.7376  
Epoch 011 |  Time(s) 0.1001 | RobustPrompt-I Loss 1.7187  
Epoch 012 |  Time(s) 0.3152 | RobustPrompt-I Loss 1.6897  
Epoch 013 |  Time(s) 0.1591 | RobustPrompt-I Loss 1.6897  
Epoch 014 |  Time(s) 0.0878 | RobustPrompt-I Loss 1.6909  
Epoch 015 |  Time(s) 0.0820 | RobustPrompt-I Loss 1.6650  
Epoch 016 |  Time(s) 0.0821 | RobustPrompt-I Loss 1.6639  
Epoch 017 |  Time(s) 0.0821 | RobustPrompt-I Loss 1.6521  
Epoch 018 |  Time(s) 0.0844 | RobustPrompt-I Loss 1.6510  
Epoch 019 |  Time(s) 0.0819 | RobustPrompt-I Loss 1.6437  
Epoch 020 |  Time(s) 0.0824 | RobustPrompt-I Loss 1.6404  
Epoch 021 |  Time(s) 0.0820 | RobustPrompt-I Loss 1.6371  
Epoch 022 |  Time(s) 0.0829 | RobustPrompt-I Loss 1.6252  
Epoch 023 |  Time(s) 0.0829 | RobustPrompt-I Loss 1.6250  
Epoch 024 |  Time(s) 0.0814 | RobustPrompt-I Loss 1.6140  
Epoch 025 |  Time(s) 0.0816 | RobustPrompt-I Loss 1.6083  
Epoch 026 |  Time(s) 0.0823 | RobustPrompt-I Loss 1.6080  
Epoch 027 |  Time(s) 0.0822 | RobustPrompt-I Loss 1.5962  
Epoch 028 |  Time(s) 0.0830 | RobustPrompt-I Loss 1.5911  
Epoch 029 |  Time(s) 0.0828 | RobustPrompt-I Loss 1.5867  
Epoch 030 |  Time(s) 0.0818 | RobustPrompt-I Loss 1.5744  
Epoch 031 |  Time(s) 0.0828 | RobustPrompt-I Loss 1.5685  
Epoch 032 |  Time(s) 0.0817 | RobustPrompt-I Loss 1.5623  
Epoch 033 |  Time(s) 0.0836 | RobustPrompt-I Loss 1.5551  
Epoch 034 |  Time(s) 0.0838 | RobustPrompt-I Loss 1.5429  
Epoch 035 |  Time(s) 0.0823 | RobustPrompt-I Loss 1.5303  
Epoch 036 |  Time(s) 0.0832 | RobustPrompt-I Loss 1.5226  
Epoch 037 |  Time(s) 0.0827 | RobustPrompt-I Loss 1.5150  
Epoch 038 |  Time(s) 0.0837 | RobustPrompt-I Loss 1.5143  
Epoch 039 |  Time(s) 0.0822 | RobustPrompt-I Loss 1.5041  
Epoch 040 |  Time(s) 0.0830 | RobustPrompt-I Loss 1.4842  
Epoch 041 |  Time(s) 0.0832 | RobustPrompt-I Loss 1.4614  
Epoch 042 |  Time(s) 0.0828 | RobustPrompt-I Loss 1.4534  
Epoch 043 |  Time(s) 0.0832 | RobustPrompt-I Loss 1.4502  
Epoch 044 |  Time(s) 0.0813 | RobustPrompt-I Loss 1.4397  
Epoch 045 |  Time(s) 0.0824 | RobustPrompt-I Loss 1.4195  
Epoch 046 |  Time(s) 0.0831 | RobustPrompt-I Loss 1.3981  
Epoch 047 |  Time(s) 0.0827 | RobustPrompt-I Loss 1.3940  
Epoch 048 |  Time(s) 0.0829 | RobustPrompt-I Loss 1.3943  
Epoch 049 |  Time(s) 0.1002 | RobustPrompt-I Loss 1.3625  
Epoch 050 |  Time(s) 0.2486 | RobustPrompt-I Loss 1.3528  
Epoch 051 |  Time(s) 0.1712 | RobustPrompt-I Loss 1.3571  
Epoch 052 |  Time(s) 0.0957 | RobustPrompt-I Loss 1.3263  
Epoch 053 |  Time(s) 0.0925 | RobustPrompt-I Loss 1.3141  
Epoch 054 |  Time(s) 0.0919 | RobustPrompt-I Loss 1.3137  
Epoch 055 |  Time(s) 0.0895 | RobustPrompt-I Loss 1.3012  
Epoch 056 |  Time(s) 0.0836 | RobustPrompt-I Loss 1.2805  
Epoch 057 |  Time(s) 0.1090 | RobustPrompt-I Loss 1.2653  
Epoch 058 |  Time(s) 0.0898 | RobustPrompt-I Loss 1.2599  
Epoch 059 |  Time(s) 0.0832 | RobustPrompt-I Loss 1.2583  
Epoch 060 |  Time(s) 0.0828 | RobustPrompt-I Loss 1.2293  
Epoch 061 |  Time(s) 0.1613 | RobustPrompt-I Loss 1.2171  
Epoch 062 |  Time(s) 0.1177 | RobustPrompt-I Loss 1.2199  
Epoch 063 |  Time(s) 0.0964 | RobustPrompt-I Loss 1.2007  
Epoch 064 |  Time(s) 0.0959 | RobustPrompt-I Loss 1.1850  
Epoch 065 |  Time(s) 0.0899 | RobustPrompt-I Loss 1.1700  
Epoch 066 |  Time(s) 0.0879 | RobustPrompt-I Loss 1.1596  
Epoch 067 |  Time(s) 0.0958 | RobustPrompt-I Loss 1.1518  
Epoch 068 |  Time(s) 0.0835 | RobustPrompt-I Loss 1.1483  
Epoch 069 |  Time(s) 0.0879 | RobustPrompt-I Loss 1.1584  
Epoch 070 |  Time(s) 0.0863 | RobustPrompt-I Loss 1.1191  
Epoch 071 |  Time(s) 0.0841 | RobustPrompt-I Loss 1.1420  
Epoch 072 |  Time(s) 0.0850 | RobustPrompt-I Loss 1.1101  
Epoch 073 |  Time(s) 0.0819 | RobustPrompt-I Loss 1.0939  
Epoch 074 |  Time(s) 0.0823 | RobustPrompt-I Loss 1.0849  
Epoch 075 |  Time(s) 0.0833 | RobustPrompt-I Loss 1.0813  
Epoch 076 |  Time(s) 0.0828 | RobustPrompt-I Loss nan  
Epoch 077 |  Time(s) 0.0826 | RobustPrompt-I Loss nan  
Epoch 078 |  Time(s) 0.0831 | RobustPrompt-I Loss nan  
Epoch 079 |  Time(s) 0.0815 | RobustPrompt-I Loss nan  
Epoch 080 |  Time(s) 0.0818 | RobustPrompt-I Loss nan  
Epoch 081 |  Time(s) 0.0870 | RobustPrompt-I Loss nan  
Epoch 082 |  Time(s) 0.0941 | RobustPrompt-I Loss nan  
Epoch 083 |  Time(s) 0.0967 | RobustPrompt-I Loss nan  
Epoch 084 |  Time(s) 0.1934 | RobustPrompt-I Loss nan  
Epoch 085 |  Time(s) 0.1769 | RobustPrompt-I Loss nan  
Epoch 086 |  Time(s) 0.0927 | RobustPrompt-I Loss nan  
Epoch 087 |  Time(s) 0.0875 | RobustPrompt-I Loss nan  
Epoch 088 |  Time(s) 0.0858 | RobustPrompt-I Loss nan  
Epoch 089 |  Time(s) 0.0822 | RobustPrompt-I Loss nan  
Epoch 090 |  Time(s) 0.0831 | RobustPrompt-I Loss nan  
Epoch 091 |  Time(s) 0.0823 | RobustPrompt-I Loss nan  
Epoch 092 |  Time(s) 0.0825 | RobustPrompt-I Loss nan  
Epoch 093 |  Time(s) 0.0817 | RobustPrompt-I Loss nan  
Epoch 094 |  Time(s) 0.0825 | RobustPrompt-I Loss nan  
----------------------------------------------------------------------------------------------------
Early stopping at 95 eopch!
load LLC or attacked data with specified split
Successfully loaded the attack of dataname with few shot 5, split 1
Attack method : Meta_Self | Attack ptb : 0.1 | Dataset: Cora
======================
Number of graphs: 1
Number of features: 1433
Number of classes: 7

Data(x=[2708, 1433], edge_index=[2, 14274], y=[2708], train_mask=[2708], val_mask=[2708], test_mask=[2708])
===========================================================================================================
Number of nodes: 2708
Number of edges: 14274
Average node degree: 5.27
Has isolated nodes: False
Has self-loops: True
Is undirected: True
GCN(
  (conv_layers): ModuleList(
    (0): GCNConv(1433, 256)
    (1): GCNConv(256, 256)
  )
)
Successfully loaded pre-trained weights!
use RobustPrompt Inductive
defense pt dict :  {'sim_pt': -1.0, 'degree_pt': -1, 'out_detect_pt': 0.7, 'other_pt': 'all'}
use_attention :  False
kl_global :  False
cosine_constraint :  True
pt_threshold :  0.25
filter_module :  OriginalFilter
temperature :  1.0
weight_mse 0.1
weight_kl :  0.1
weight_constraint :  0.0
prepare induce graph data is finished!
run RobustPrompt-I
Epoch 001 |  Time(s) 0.0902 | RobustPrompt-I Loss 1.9456  
Epoch 002 |  Time(s) 0.0850 | RobustPrompt-I Loss 1.9388  
Epoch 003 |  Time(s) 0.0853 | RobustPrompt-I Loss 1.9213  
Epoch 004 |  Time(s) 0.0847 | RobustPrompt-I Loss 1.9012  
Epoch 005 |  Time(s) 0.0847 | RobustPrompt-I Loss 1.8722  
Epoch 006 |  Time(s) 0.0907 | RobustPrompt-I Loss nan  
Epoch 007 |  Time(s) 0.1031 | RobustPrompt-I Loss nan  
Epoch 008 |  Time(s) 0.1053 | RobustPrompt-I Loss nan  
Epoch 009 |  Time(s) 0.0927 | RobustPrompt-I Loss nan  
Epoch 010 |  Time(s) 0.0862 | RobustPrompt-I Loss nan  
Epoch 011 |  Time(s) 0.0859 | RobustPrompt-I Loss nan  
Epoch 012 |  Time(s) 0.0857 | RobustPrompt-I Loss nan  
Epoch 013 |  Time(s) 0.0854 | RobustPrompt-I Loss nan  
Epoch 014 |  Time(s) 0.0855 | RobustPrompt-I Loss nan  
Epoch 015 |  Time(s) 0.0868 | RobustPrompt-I Loss nan  
Epoch 016 |  Time(s) 0.0869 | RobustPrompt-I Loss nan  
Epoch 017 |  Time(s) 0.0868 | RobustPrompt-I Loss nan  
Epoch 018 |  Time(s) 0.0856 | RobustPrompt-I Loss nan  
Epoch 019 |  Time(s) 0.0864 | RobustPrompt-I Loss nan  
Epoch 020 |  Time(s) 0.0890 | RobustPrompt-I Loss nan  
Epoch 021 |  Time(s) 0.0865 | RobustPrompt-I Loss nan  
Epoch 022 |  Time(s) 0.0864 | RobustPrompt-I Loss nan  
Epoch 023 |  Time(s) 0.0869 | RobustPrompt-I Loss nan  
Epoch 024 |  Time(s) 0.0867 | RobustPrompt-I Loss nan  
----------------------------------------------------------------------------------------------------
Early stopping at 25 eopch!
load LLC or attacked data with specified split
Successfully loaded the attack of dataname with few shot 5, split 1
Attack method : Meta_Self | Attack ptb : 0.1 | Dataset: Cora
======================
Number of graphs: 1
Number of features: 1433
Number of classes: 7

Data(x=[2708, 1433], edge_index=[2, 14274], y=[2708], train_mask=[2708], val_mask=[2708], test_mask=[2708])
===========================================================================================================
Number of nodes: 2708
Number of edges: 14274
Average node degree: 5.27
Has isolated nodes: False
Has self-loops: True
Is undirected: True
GCN(
  (conv_layers): ModuleList(
    (0): GCNConv(1433, 256)
    (1): GCNConv(256, 256)
  )
)
Successfully loaded pre-trained weights!
use RobustPrompt Inductive
defense pt dict :  {'sim_pt': -1.0, 'degree_pt': -1, 'out_detect_pt': 0.7, 'other_pt': 'all'}
use_attention :  False
kl_global :  False
cosine_constraint :  True
pt_threshold :  0.25
filter_module :  OriginalFilter
temperature :  1.0
weight_mse 0.1
weight_kl :  0.1
weight_constraint :  0.0
prepare induce graph data is finished!
run RobustPrompt-I
Epoch 001 |  Time(s) 0.0939 | RobustPrompt-I Loss 1.9471  
Epoch 002 |  Time(s) 0.2059 | RobustPrompt-I Loss 1.9419  
Epoch 003 |  Time(s) 0.3108 | RobustPrompt-I Loss 1.9232  
Epoch 004 |  Time(s) 0.3882 | RobustPrompt-I Loss 1.9015  
Epoch 005 |  Time(s) 0.1665 | RobustPrompt-I Loss 1.8676  
Epoch 006 |  Time(s) 0.3199 | RobustPrompt-I Loss 1.8316  
Epoch 007 |  Time(s) 0.2553 | RobustPrompt-I Loss 1.7901  
Epoch 008 |  Time(s) 0.2151 | RobustPrompt-I Loss 1.7718  
Epoch 009 |  Time(s) 0.1016 | RobustPrompt-I Loss 1.7455  
Epoch 010 |  Time(s) 0.0865 | RobustPrompt-I Loss 1.7332  
Epoch 011 |  Time(s) 0.0882 | RobustPrompt-I Loss 1.7109  
Epoch 012 |  Time(s) 0.0875 | RobustPrompt-I Loss 1.7006  
Epoch 013 |  Time(s) 0.0838 | RobustPrompt-I Loss 1.7053  
Epoch 014 |  Time(s) 0.0837 | RobustPrompt-I Loss 1.6724  
Epoch 015 |  Time(s) 0.0846 | RobustPrompt-I Loss 1.7040  
Epoch 016 |  Time(s) 0.0851 | RobustPrompt-I Loss 1.6510  
Epoch 017 |  Time(s) 0.0835 | RobustPrompt-I Loss 1.6744  
Epoch 018 |  Time(s) 0.0843 | RobustPrompt-I Loss 1.6375  
Epoch 019 |  Time(s) 0.0846 | RobustPrompt-I Loss 1.6653  
Epoch 020 |  Time(s) 0.0842 | RobustPrompt-I Loss 1.6309  
Epoch 021 |  Time(s) 0.0855 | RobustPrompt-I Loss 1.6552  
Epoch 022 |  Time(s) 0.0855 | RobustPrompt-I Loss 1.6218  
Epoch 023 |  Time(s) 0.0848 | RobustPrompt-I Loss 1.6362  
Epoch 024 |  Time(s) 0.0849 | RobustPrompt-I Loss 1.6117  
Epoch 025 |  Time(s) 0.0851 | RobustPrompt-I Loss 1.6188  
Epoch 026 |  Time(s) 0.1348 | RobustPrompt-I Loss 1.6030  
Epoch 027 |  Time(s) 0.1398 | RobustPrompt-I Loss 1.6047  
Epoch 028 |  Time(s) 0.0864 | RobustPrompt-I Loss 1.5929  
Epoch 029 |  Time(s) 0.0869 | RobustPrompt-I Loss 1.5895  
Epoch 030 |  Time(s) 0.0884 | RobustPrompt-I Loss 1.5795  
Epoch 031 |  Time(s) 0.0853 | RobustPrompt-I Loss 1.5759  
Epoch 032 |  Time(s) 0.0847 | RobustPrompt-I Loss 1.5656  
Epoch 033 |  Time(s) 0.0842 | RobustPrompt-I Loss 1.5636  
Epoch 034 |  Time(s) 0.0865 | RobustPrompt-I Loss 1.5489  
Epoch 035 |  Time(s) 0.0860 | RobustPrompt-I Loss 1.5503  
Epoch 036 |  Time(s) 0.0866 | RobustPrompt-I Loss 1.5329  
Epoch 037 |  Time(s) 0.0860 | RobustPrompt-I Loss 1.5351  
Epoch 038 |  Time(s) 0.0867 | RobustPrompt-I Loss 1.5194  
Epoch 039 |  Time(s) 0.0877 | RobustPrompt-I Loss 1.5122  
Epoch 040 |  Time(s) 0.0867 | RobustPrompt-I Loss 1.5058  
Epoch 041 |  Time(s) 0.0868 | RobustPrompt-I Loss 1.4897  
Epoch 042 |  Time(s) 0.0858 | RobustPrompt-I Loss 1.4828  
Epoch 043 |  Time(s) 0.0847 | RobustPrompt-I Loss 1.4745  
Epoch 044 |  Time(s) 0.0848 | RobustPrompt-I Loss 1.4562  
Epoch 045 |  Time(s) 0.0848 | RobustPrompt-I Loss 1.4486  
Epoch 046 |  Time(s) 0.0860 | RobustPrompt-I Loss 1.4412  
Epoch 047 |  Time(s) 0.0869 | RobustPrompt-I Loss 1.4219  
Epoch 048 |  Time(s) 0.0863 | RobustPrompt-I Loss 1.4081  
Epoch 049 |  Time(s) 0.0851 | RobustPrompt-I Loss 1.4003  
Epoch 050 |  Time(s) 0.0870 | RobustPrompt-I Loss 1.3887  
Epoch 051 |  Time(s) 0.0850 | RobustPrompt-I Loss 1.3700  
Epoch 052 |  Time(s) 0.0856 | RobustPrompt-I Loss 1.3545  
Epoch 053 |  Time(s) 0.0852 | RobustPrompt-I Loss 1.3438  
Epoch 054 |  Time(s) 0.0851 | RobustPrompt-I Loss 1.3333  
Epoch 055 |  Time(s) 0.0859 | RobustPrompt-I Loss 1.3242  
Epoch 056 |  Time(s) 0.0861 | RobustPrompt-I Loss 1.3133  
Epoch 057 |  Time(s) 0.0855 | RobustPrompt-I Loss 1.2950  
Epoch 058 |  Time(s) 0.1215 | RobustPrompt-I Loss 1.2789  
Epoch 059 |  Time(s) 0.1090 | RobustPrompt-I Loss 1.2648  
Epoch 060 |  Time(s) 0.0931 | RobustPrompt-I Loss 1.2563  
Epoch 061 |  Time(s) 0.0902 | RobustPrompt-I Loss 1.2480  
Epoch 062 |  Time(s) 0.0867 | RobustPrompt-I Loss 1.2427  
Epoch 063 |  Time(s) 0.0872 | RobustPrompt-I Loss 1.2419  
Epoch 064 |  Time(s) 0.0868 | RobustPrompt-I Loss 1.2228  
Epoch 065 |  Time(s) 0.0874 | RobustPrompt-I Loss 1.2076  
Epoch 066 |  Time(s) 0.0860 | RobustPrompt-I Loss 1.1930  
Epoch 067 |  Time(s) 0.0847 | RobustPrompt-I Loss 1.1846  
Epoch 068 |  Time(s) 0.0860 | RobustPrompt-I Loss 1.1798  
Epoch 069 |  Time(s) 0.0853 | RobustPrompt-I Loss 1.1781  
Epoch 070 |  Time(s) 0.0853 | RobustPrompt-I Loss 1.1830  
Epoch 071 |  Time(s) 0.0848 | RobustPrompt-I Loss 1.1498  
Epoch 072 |  Time(s) 0.0851 | RobustPrompt-I Loss 1.1543  
Epoch 073 |  Time(s) 0.0854 | RobustPrompt-I Loss 1.1818  
Epoch 074 |  Time(s) 0.0846 | RobustPrompt-I Loss 1.1435  
Epoch 075 |  Time(s) 0.0842 | RobustPrompt-I Loss 1.2541  
Epoch 076 |  Time(s) 0.0847 | RobustPrompt-I Loss 1.2662  
Epoch 077 |  Time(s) 0.0850 | RobustPrompt-I Loss 1.1122  
Epoch 078 |  Time(s) 0.0848 | RobustPrompt-I Loss 1.1968  
Epoch 079 |  Time(s) 0.0850 | RobustPrompt-I Loss 1.1539  
Epoch 080 |  Time(s) 0.0841 | RobustPrompt-I Loss 1.1501  
Epoch 081 |  Time(s) 0.0852 | RobustPrompt-I Loss 1.1615  
Epoch 082 |  Time(s) 0.0855 | RobustPrompt-I Loss 1.1006  
Epoch 083 |  Time(s) 0.0846 | RobustPrompt-I Loss 1.1036  
Epoch 084 |  Time(s) 0.0844 | RobustPrompt-I Loss 1.1138  
Epoch 085 |  Time(s) 0.0849 | RobustPrompt-I Loss 1.0864  
Epoch 086 |  Time(s) 0.0847 | RobustPrompt-I Loss 1.1462  
Epoch 087 |  Time(s) 0.0844 | RobustPrompt-I Loss 1.1458  
Epoch 088 |  Time(s) 0.0844 | RobustPrompt-I Loss 1.0796  
Epoch 089 |  Time(s) 0.0849 | RobustPrompt-I Loss 1.0961  
Epoch 090 |  Time(s) 0.0844 | RobustPrompt-I Loss 1.0881  
Epoch 091 |  Time(s) 0.0847 | RobustPrompt-I Loss 1.0598  
Epoch 092 |  Time(s) 0.0855 | RobustPrompt-I Loss 1.0906  
Epoch 093 |  Time(s) 0.0844 | RobustPrompt-I Loss 1.0749  
Epoch 094 |  Time(s) 0.0843 | RobustPrompt-I Loss 1.0720  
Epoch 095 |  Time(s) 0.0855 | RobustPrompt-I Loss 1.0689  
Epoch 096 |  Time(s) 0.0863 | RobustPrompt-I Loss 1.0993  
Epoch 097 |  Time(s) 0.0860 | RobustPrompt-I Loss 1.0496  
Epoch 098 |  Time(s) 0.0853 | RobustPrompt-I Loss 1.0819  
Epoch 099 |  Time(s) 0.0843 | RobustPrompt-I Loss 1.0886  
Epoch 100 |  Time(s) 0.0859 | RobustPrompt-I Loss 1.0308  
Epoch 101 |  Time(s) 0.0855 | RobustPrompt-I Loss 1.0308  
Epoch 102 |  Time(s) 0.0849 | RobustPrompt-I Loss 1.0571  
Epoch 103 |  Time(s) 0.0857 | RobustPrompt-I Loss 1.0316  
Epoch 104 |  Time(s) 0.0857 | RobustPrompt-I Loss 1.0310  
Epoch 105 |  Time(s) 0.0845 | RobustPrompt-I Loss 1.0298  
Epoch 106 |  Time(s) 0.0854 | RobustPrompt-I Loss 1.0315  
Epoch 107 |  Time(s) 0.0851 | RobustPrompt-I Loss 1.0081  
Epoch 108 |  Time(s) 0.0851 | RobustPrompt-I Loss 1.0271  
Epoch 109 |  Time(s) 0.0864 | RobustPrompt-I Loss 1.0235  
Epoch 110 |  Time(s) 0.0854 | RobustPrompt-I Loss 1.0049  
Epoch 111 |  Time(s) 0.0868 | RobustPrompt-I Loss 0.9980  
Epoch 112 |  Time(s) 0.0855 | RobustPrompt-I Loss 1.0033  
Epoch 113 |  Time(s) 0.0858 | RobustPrompt-I Loss 0.9983  
Epoch 114 |  Time(s) 0.1271 | RobustPrompt-I Loss 0.9847  
Epoch 115 |  Time(s) 0.0986 | RobustPrompt-I Loss 0.9751  
Epoch 116 |  Time(s) 0.0929 | RobustPrompt-I Loss 1.0119  
Epoch 117 |  Time(s) 0.0857 | RobustPrompt-I Loss 0.9972  
Epoch 118 |  Time(s) 0.0870 | RobustPrompt-I Loss 0.9670  
Epoch 119 |  Time(s) 0.0860 | RobustPrompt-I Loss 0.9671  
Epoch 120 |  Time(s) 0.0851 | RobustPrompt-I Loss 0.9740  
Epoch 121 |  Time(s) 0.0871 | RobustPrompt-I Loss 0.9628  
Epoch 122 |  Time(s) 0.0871 | RobustPrompt-I Loss 0.9672  
Epoch 123 |  Time(s) 0.0867 | RobustPrompt-I Loss 0.9642  
Epoch 124 |  Time(s) 0.0872 | RobustPrompt-I Loss 0.9459  
Epoch 125 |  Time(s) 0.0867 | RobustPrompt-I Loss 0.9366  
Epoch 126 |  Time(s) 0.0868 | RobustPrompt-I Loss 0.9741  
Epoch 127 |  Time(s) 0.0870 | RobustPrompt-I Loss 0.9621  
Epoch 128 |  Time(s) 0.0867 | RobustPrompt-I Loss 0.9294  
Epoch 129 |  Time(s) 0.0868 | RobustPrompt-I Loss 0.9236  
Epoch 130 |  Time(s) 0.0870 | RobustPrompt-I Loss 0.9537  
Epoch 131 |  Time(s) 0.1131 | RobustPrompt-I Loss 0.9442  
Epoch 132 |  Time(s) 0.4441 | RobustPrompt-I Loss 0.9168  
Epoch 133 |  Time(s) 0.1160 | RobustPrompt-I Loss 0.9111  
Epoch 134 |  Time(s) 0.0870 | RobustPrompt-I Loss 0.9322  
Epoch 135 |  Time(s) 0.0901 | RobustPrompt-I Loss 0.9221  
Epoch 136 |  Time(s) 0.0851 | RobustPrompt-I Loss 0.9060  
Epoch 137 |  Time(s) 0.0850 | RobustPrompt-I Loss 0.8984  
Epoch 138 |  Time(s) 0.0856 | RobustPrompt-I Loss 0.9166  
Epoch 139 |  Time(s) 0.0855 | RobustPrompt-I Loss 0.9063  
Epoch 140 |  Time(s) 0.0854 | RobustPrompt-I Loss 0.8957  
Epoch 141 |  Time(s) 0.0863 | RobustPrompt-I Loss 0.8890  
Epoch 142 |  Time(s) 0.0863 | RobustPrompt-I Loss 0.8987  
Epoch 143 |  Time(s) 0.0855 | RobustPrompt-I Loss 0.8896  
Epoch 144 |  Time(s) 0.0855 | RobustPrompt-I Loss 0.8861  
Epoch 145 |  Time(s) 0.0850 | RobustPrompt-I Loss 0.8777  
Epoch 146 |  Time(s) 0.0848 | RobustPrompt-I Loss 0.8858  
Epoch 147 |  Time(s) 0.0854 | RobustPrompt-I Loss 0.8764  
Epoch 148 |  Time(s) 0.0853 | RobustPrompt-I Loss 0.8761  
Epoch 149 |  Time(s) 0.0848 | RobustPrompt-I Loss 0.8664  
Epoch 150 |  Time(s) 0.0848 | RobustPrompt-I Loss 0.8756  
Epoch 151 |  Time(s) 0.0851 | RobustPrompt-I Loss 0.8664  
Epoch 152 |  Time(s) 0.0857 | RobustPrompt-I Loss 0.8640  
Epoch 153 |  Time(s) 0.0858 | RobustPrompt-I Loss 0.8546  
Epoch 154 |  Time(s) 0.0862 | RobustPrompt-I Loss 0.8647  
Epoch 155 |  Time(s) 0.0855 | RobustPrompt-I Loss 0.8550  
Epoch 156 |  Time(s) 0.0849 | RobustPrompt-I Loss 0.8540  
Epoch 157 |  Time(s) 0.0856 | RobustPrompt-I Loss 0.8447  
Epoch 158 |  Time(s) 0.0875 | RobustPrompt-I Loss 0.8532  
Epoch 159 |  Time(s) 0.0863 | RobustPrompt-I Loss 0.8437  
Epoch 160 |  Time(s) 0.0887 | RobustPrompt-I Loss 0.8446  
Epoch 161 |  Time(s) 0.1125 | RobustPrompt-I Loss 0.8364  
Epoch 162 |  Time(s) 0.0866 | RobustPrompt-I Loss 0.8405  
Epoch 163 |  Time(s) 0.0859 | RobustPrompt-I Loss 0.8330  
Epoch 164 |  Time(s) 0.0849 | RobustPrompt-I Loss 0.8339  
Epoch 165 |  Time(s) 0.0864 | RobustPrompt-I Loss 0.8267  
Epoch 166 |  Time(s) 0.0865 | RobustPrompt-I Loss 0.8297  
Epoch 167 |  Time(s) 0.1523 | RobustPrompt-I Loss 0.8233  
Epoch 168 |  Time(s) 0.0854 | RobustPrompt-I Loss 0.8236  
Epoch 169 |  Time(s) 0.0862 | RobustPrompt-I Loss 0.8182  
Epoch 170 |  Time(s) 0.0859 | RobustPrompt-I Loss 0.8190  
Epoch 171 |  Time(s) 0.0862 | RobustPrompt-I Loss 0.8139  
Epoch 172 |  Time(s) 0.0867 | RobustPrompt-I Loss 0.8141  
Epoch 173 |  Time(s) 0.0863 | RobustPrompt-I Loss 0.8093  
Epoch 174 |  Time(s) 0.1350 | RobustPrompt-I Loss 0.8114  
Epoch 175 |  Time(s) 0.0881 | RobustPrompt-I Loss 0.8055  
Epoch 176 |  Time(s) 0.1345 | RobustPrompt-I Loss 0.8052  
Epoch 177 |  Time(s) 0.0961 | RobustPrompt-I Loss 0.7983  
Epoch 178 |  Time(s) 0.0851 | RobustPrompt-I Loss 0.8035  
Epoch 179 |  Time(s) 0.0854 | RobustPrompt-I Loss 0.7959  
Epoch 180 |  Time(s) 0.0861 | RobustPrompt-I Loss 0.7943  
Epoch 181 |  Time(s) 0.0858 | RobustPrompt-I Loss 0.7858  
Epoch 182 |  Time(s) 0.1555 | RobustPrompt-I Loss 0.7948  
Epoch 183 |  Time(s) 0.0904 | RobustPrompt-I Loss 0.7865  
Epoch 184 |  Time(s) 0.0864 | RobustPrompt-I Loss 0.7813  
Epoch 185 |  Time(s) 0.0852 | RobustPrompt-I Loss 0.7726  
Epoch 186 |  Time(s) 0.0853 | RobustPrompt-I Loss 0.7870  
Epoch 187 |  Time(s) 0.0843 | RobustPrompt-I Loss 0.7783  
Epoch 188 |  Time(s) 0.0850 | RobustPrompt-I Loss 0.7686  
Epoch 189 |  Time(s) 0.0852 | RobustPrompt-I Loss 0.7606  
Epoch 190 |  Time(s) 0.0864 | RobustPrompt-I Loss 0.7787  
Epoch 191 |  Time(s) 0.0852 | RobustPrompt-I Loss 0.7703  
Epoch 192 |  Time(s) 0.0852 | RobustPrompt-I Loss 0.7566  
Epoch 193 |  Time(s) 0.0853 | RobustPrompt-I Loss 0.7499  
Epoch 194 |  Time(s) 0.0843 | RobustPrompt-I Loss 0.7699  
Epoch 195 |  Time(s) 0.0847 | RobustPrompt-I Loss 0.7609  
Epoch 196 |  Time(s) 0.0869 | RobustPrompt-I Loss 0.7462  
Epoch 197 |  Time(s) 0.0855 | RobustPrompt-I Loss 0.7388  
Epoch 198 |  Time(s) 0.0879 | RobustPrompt-I Loss 0.7599  
Epoch 199 |  Time(s) 0.0858 | RobustPrompt-I Loss 0.7506  
Epoch 200 |  Time(s) 0.0861 | RobustPrompt-I Loss 0.7359  
Batch 0 Acc: 0.1600 | Macro-F1: 0.1063
Batch 1 Acc: 0.0800 | Macro-F1: 0.0446
Batch 2 Acc: 0.1300 | Macro-F1: 0.1101
Batch 3 Acc: 0.1500 | Macro-F1: 0.0958
Batch 4 Acc: 0.1000 | Macro-F1: 0.0613
Batch 5 Acc: 0.1200 | Macro-F1: 0.0866
Batch 6 Acc: 0.1000 | Macro-F1: 0.0818
Batch 7 Acc: 0.0900 | Macro-F1: 0.0450
Batch 8 Acc: 0.1800 | Macro-F1: 0.0983
Batch 9 Acc: 0.1100 | Macro-F1: 0.0915
Final True Accuracy: 0.1220 | Macro F1 Score: 0.0816
best_loss [0.73588627576828]
load LLC or attacked data with specified split
Successfully loaded the attack of dataname with few shot 5, split 1
Attack method : Meta_Self | Attack ptb : 0.1 | Dataset: Cora
======================
Number of graphs: 1
Number of features: 1433
Number of classes: 7

Data(x=[2708, 1433], edge_index=[2, 14274], y=[2708], train_mask=[2708], val_mask=[2708], test_mask=[2708])
===========================================================================================================
Number of nodes: 2708
Number of edges: 14274
Average node degree: 5.27
Has isolated nodes: False
Has self-loops: True
Is undirected: True
GCN(
  (conv_layers): ModuleList(
    (0): GCNConv(1433, 256)
    (1): GCNConv(256, 256)
  )
)
Successfully loaded pre-trained weights!
use RobustPrompt Inductive
defense pt dict :  {'sim_pt': -1.0, 'degree_pt': -1, 'out_detect_pt': 0.7, 'other_pt': 'all'}
use_attention :  False
kl_global :  False
cosine_constraint :  True
pt_threshold :  0.25
filter_module :  OriginalFilter
temperature :  1.0
weight_mse 0.1
weight_kl :  0.1
weight_constraint :  0.0
prepare induce graph data is finished!
run RobustPrompt-I
Epoch 001 |  Time(s) 0.3847 | RobustPrompt-I Loss 1.9414  
Epoch 002 |  Time(s) 0.1142 | RobustPrompt-I Loss 1.9386  
Epoch 003 |  Time(s) 0.1824 | RobustPrompt-I Loss 1.9272  
Epoch 004 |  Time(s) 0.0898 | RobustPrompt-I Loss 1.9080  
Epoch 005 |  Time(s) 0.0885 | RobustPrompt-I Loss 1.8834  
Epoch 006 |  Time(s) 0.0906 | RobustPrompt-I Loss 1.8652  
Epoch 007 |  Time(s) 0.0853 | RobustPrompt-I Loss 1.8399  
Epoch 008 |  Time(s) 0.0847 | RobustPrompt-I Loss 1.8047  
Epoch 009 |  Time(s) 0.0856 | RobustPrompt-I Loss 1.7732  
Epoch 010 |  Time(s) 0.0854 | RobustPrompt-I Loss 1.7427  
Epoch 011 |  Time(s) 0.1373 | RobustPrompt-I Loss 1.7110  
Epoch 012 |  Time(s) 0.1046 | RobustPrompt-I Loss 1.6981  
Epoch 013 |  Time(s) 0.2790 | RobustPrompt-I Loss 1.6790  
Epoch 014 |  Time(s) 0.2166 | RobustPrompt-I Loss 1.6575  
Epoch 015 |  Time(s) 0.1712 | RobustPrompt-I Loss 1.6414  
Epoch 016 |  Time(s) 0.0947 | RobustPrompt-I Loss 1.6406  
Epoch 017 |  Time(s) 0.0978 | RobustPrompt-I Loss 1.6270  
Epoch 018 |  Time(s) 0.0907 | RobustPrompt-I Loss 1.6070  
Epoch 019 |  Time(s) 0.0925 | RobustPrompt-I Loss 1.6076  
Epoch 020 |  Time(s) 0.0862 | RobustPrompt-I Loss 1.5970  
Epoch 021 |  Time(s) 0.0859 | RobustPrompt-I Loss 1.5806  
Epoch 022 |  Time(s) 0.0863 | RobustPrompt-I Loss 1.5736  
Epoch 023 |  Time(s) 0.0869 | RobustPrompt-I Loss 1.5764  
Epoch 024 |  Time(s) 0.0859 | RobustPrompt-I Loss 1.5618  
Epoch 025 |  Time(s) 0.0870 | RobustPrompt-I Loss 1.5468  
Epoch 026 |  Time(s) 0.0829 | RobustPrompt-I Loss 1.5430  
Epoch 027 |  Time(s) 0.0848 | RobustPrompt-I Loss 1.5376  
Epoch 028 |  Time(s) 0.0849 | RobustPrompt-I Loss 1.5276  
Epoch 029 |  Time(s) 0.0931 | RobustPrompt-I Loss 1.5099  
Epoch 030 |  Time(s) 0.0920 | RobustPrompt-I Loss 1.4998  
Epoch 031 |  Time(s) 0.0856 | RobustPrompt-I Loss 1.4882  
Epoch 032 |  Time(s) 0.0858 | RobustPrompt-I Loss 1.4873  
Epoch 033 |  Time(s) 0.0897 | RobustPrompt-I Loss 1.4854  
Epoch 034 |  Time(s) 0.0861 | RobustPrompt-I Loss 1.4677  
Epoch 035 |  Time(s) 0.0854 | RobustPrompt-I Loss 1.4443  
Epoch 036 |  Time(s) 0.0867 | RobustPrompt-I Loss 1.4312  
Epoch 037 |  Time(s) 0.0864 | RobustPrompt-I Loss 1.4173  
Epoch 038 |  Time(s) 0.0857 | RobustPrompt-I Loss 1.4108  
Epoch 039 |  Time(s) 0.0873 | RobustPrompt-I Loss 1.4116  
Epoch 040 |  Time(s) 0.0862 | RobustPrompt-I Loss 1.3973  
Epoch 041 |  Time(s) 0.0868 | RobustPrompt-I Loss 1.3752  
Epoch 042 |  Time(s) 0.0867 | RobustPrompt-I Loss 1.3598  
Epoch 043 |  Time(s) 0.0860 | RobustPrompt-I Loss 1.3475  
Epoch 044 |  Time(s) 0.1356 | RobustPrompt-I Loss 1.3404  
Epoch 045 |  Time(s) 0.1571 | RobustPrompt-I Loss 1.3453  
Epoch 046 |  Time(s) 0.0896 | RobustPrompt-I Loss 1.3083  
Epoch 047 |  Time(s) 0.0878 | RobustPrompt-I Loss 1.3053  
Epoch 048 |  Time(s) 0.0874 | RobustPrompt-I Loss 1.3449  
Epoch 049 |  Time(s) 0.0909 | RobustPrompt-I Loss 1.2977  
Epoch 050 |  Time(s) 0.0869 | RobustPrompt-I Loss 1.3901  
Epoch 051 |  Time(s) 0.0877 | RobustPrompt-I Loss 1.3914  
Epoch 052 |  Time(s) 0.0861 | RobustPrompt-I Loss 1.2579  
Epoch 053 |  Time(s) 0.0862 | RobustPrompt-I Loss 1.2875  
Epoch 054 |  Time(s) 0.0857 | RobustPrompt-I Loss 1.2531  
Epoch 055 |  Time(s) 0.0867 | RobustPrompt-I Loss 1.2573  
Epoch 056 |  Time(s) 0.0865 | RobustPrompt-I Loss 1.2631  
Epoch 057 |  Time(s) 0.0866 | RobustPrompt-I Loss 1.2240  
Epoch 058 |  Time(s) 0.0868 | RobustPrompt-I Loss 1.2380  
Epoch 059 |  Time(s) 0.0892 | RobustPrompt-I Loss 1.2368  
Epoch 060 |  Time(s) 0.0890 | RobustPrompt-I Loss 1.2021  
Epoch 061 |  Time(s) 0.0880 | RobustPrompt-I Loss 1.2614  
Epoch 062 |  Time(s) 0.0898 | RobustPrompt-I Loss 1.2588  
Epoch 063 |  Time(s) 0.0898 | RobustPrompt-I Loss 1.2212  
Epoch 064 |  Time(s) 0.0905 | RobustPrompt-I Loss 1.1856  
Epoch 065 |  Time(s) 0.0893 | RobustPrompt-I Loss 1.2780  
Epoch 066 |  Time(s) 0.0895 | RobustPrompt-I Loss 1.2503  
Epoch 067 |  Time(s) 0.0902 | RobustPrompt-I Loss 1.2042  
Epoch 068 |  Time(s) 0.0895 | RobustPrompt-I Loss 1.2048  
Epoch 069 |  Time(s) 0.0887 | RobustPrompt-I Loss 1.1789  
Epoch 070 |  Time(s) 0.0889 | RobustPrompt-I Loss 1.1754  
Epoch 071 |  Time(s) 0.0904 | RobustPrompt-I Loss 1.1481  
Epoch 072 |  Time(s) 0.0880 | RobustPrompt-I Loss 1.1416  
Epoch 073 |  Time(s) 0.0881 | RobustPrompt-I Loss 1.1457  
Epoch 074 |  Time(s) 0.0871 | RobustPrompt-I Loss 1.1385  
Epoch 075 |  Time(s) 0.0880 | RobustPrompt-I Loss 1.1237  
Epoch 076 |  Time(s) 0.0880 | RobustPrompt-I Loss 1.1183  
Epoch 077 |  Time(s) 0.0869 | RobustPrompt-I Loss 1.1110  
Epoch 078 |  Time(s) 0.0882 | RobustPrompt-I Loss 1.1070  
Epoch 079 |  Time(s) 0.0868 | RobustPrompt-I Loss 1.1121  
Epoch 080 |  Time(s) 0.0865 | RobustPrompt-I Loss 1.1005  
Epoch 081 |  Time(s) 0.0870 | RobustPrompt-I Loss 1.0850  
Epoch 082 |  Time(s) 0.0885 | RobustPrompt-I Loss 1.0768  
Epoch 083 |  Time(s) 0.0872 | RobustPrompt-I Loss 1.0708  
Epoch 084 |  Time(s) 0.0873 | RobustPrompt-I Loss 1.0741  
Epoch 085 |  Time(s) 0.0870 | RobustPrompt-I Loss 1.0787  
Epoch 086 |  Time(s) 0.0865 | RobustPrompt-I Loss nan  
Epoch 087 |  Time(s) 0.0867 | RobustPrompt-I Loss nan  
Epoch 088 |  Time(s) 0.0871 | RobustPrompt-I Loss nan  
Epoch 089 |  Time(s) 0.0875 | RobustPrompt-I Loss nan  
Epoch 090 |  Time(s) 0.0868 | RobustPrompt-I Loss nan  
Epoch 091 |  Time(s) 0.0870 | RobustPrompt-I Loss nan  
Epoch 092 |  Time(s) 0.0866 | RobustPrompt-I Loss nan  
Epoch 093 |  Time(s) 0.0867 | RobustPrompt-I Loss nan  
Epoch 094 |  Time(s) 0.0853 | RobustPrompt-I Loss nan  
Epoch 095 |  Time(s) 0.0858 | RobustPrompt-I Loss nan  
Epoch 096 |  Time(s) 0.0866 | RobustPrompt-I Loss nan  
Epoch 097 |  Time(s) 0.0858 | RobustPrompt-I Loss nan  
Epoch 098 |  Time(s) 0.0863 | RobustPrompt-I Loss nan  
Epoch 099 |  Time(s) 0.1232 | RobustPrompt-I Loss nan  
Epoch 100 |  Time(s) 0.0880 | RobustPrompt-I Loss nan  
Epoch 101 |  Time(s) 0.0897 | RobustPrompt-I Loss nan  
Epoch 102 |  Time(s) 0.1745 | RobustPrompt-I Loss nan  
----------------------------------------------------------------------------------------------------
Early stopping at 103 eopch!
load LLC or attacked data with specified split
Successfully loaded the attack of dataname with few shot 5, split 1
Attack method : Meta_Self | Attack ptb : 0.1 | Dataset: Cora
======================
Number of graphs: 1
Number of features: 1433
Number of classes: 7

Data(x=[2708, 1433], edge_index=[2, 14274], y=[2708], train_mask=[2708], val_mask=[2708], test_mask=[2708])
===========================================================================================================
Number of nodes: 2708
Number of edges: 14274
Average node degree: 5.27
Has isolated nodes: False
Has self-loops: True
Is undirected: True
GCN(
  (conv_layers): ModuleList(
    (0): GCNConv(1433, 256)
    (1): GCNConv(256, 256)
  )
)
Successfully loaded pre-trained weights!
use RobustPrompt Inductive
defense pt dict :  {'sim_pt': -1.0, 'degree_pt': -1, 'out_detect_pt': 0.7, 'other_pt': 'all'}
use_attention :  False
kl_global :  False
cosine_constraint :  True
pt_threshold :  0.25
filter_module :  OriginalFilter
temperature :  1.0
weight_mse 0.1
weight_kl :  0.1
weight_constraint :  0.0
prepare induce graph data is finished!
run RobustPrompt-I
Epoch 001 |  Time(s) 0.0967 | RobustPrompt-I Loss 1.9486  
Epoch 002 |  Time(s) 0.0903 | RobustPrompt-I Loss 1.9411  
Epoch 003 |  Time(s) 0.0872 | RobustPrompt-I Loss 1.9348  
Epoch 004 |  Time(s) 0.0869 | RobustPrompt-I Loss 1.9141  
Epoch 005 |  Time(s) 0.0869 | RobustPrompt-I Loss 1.8873  
Epoch 006 |  Time(s) 0.0858 | RobustPrompt-I Loss 1.8577  
Epoch 007 |  Time(s) 0.0874 | RobustPrompt-I Loss 1.8175  
Epoch 008 |  Time(s) 0.0866 | RobustPrompt-I Loss 1.7960  
Epoch 009 |  Time(s) 0.0872 | RobustPrompt-I Loss 1.7600  
Epoch 010 |  Time(s) 0.0884 | RobustPrompt-I Loss 1.7444  
Epoch 011 |  Time(s) 0.0887 | RobustPrompt-I Loss 1.7335  
Epoch 012 |  Time(s) 0.0895 | RobustPrompt-I Loss 1.7223  
Epoch 013 |  Time(s) 0.0903 | RobustPrompt-I Loss 1.7020  
Epoch 014 |  Time(s) 0.0901 | RobustPrompt-I Loss 1.7026  
Epoch 015 |  Time(s) 0.0901 | RobustPrompt-I Loss 1.6733  
Epoch 016 |  Time(s) 0.0899 | RobustPrompt-I Loss 1.6781  
Epoch 017 |  Time(s) 0.0883 | RobustPrompt-I Loss 1.6672  
Epoch 018 |  Time(s) 0.0901 | RobustPrompt-I Loss 1.6548  
Epoch 019 |  Time(s) 0.0897 | RobustPrompt-I Loss 1.6560  
Epoch 020 |  Time(s) 0.0892 | RobustPrompt-I Loss 1.6494  
Epoch 021 |  Time(s) 0.0892 | RobustPrompt-I Loss 1.6489  
Epoch 022 |  Time(s) 0.0908 | RobustPrompt-I Loss 1.6361  
Epoch 023 |  Time(s) 0.0924 | RobustPrompt-I Loss 1.6371  
Epoch 024 |  Time(s) 0.1151 | RobustPrompt-I Loss 1.6213  
Epoch 025 |  Time(s) 0.0928 | RobustPrompt-I Loss 1.6239  
Epoch 026 |  Time(s) 0.0868 | RobustPrompt-I Loss 1.6104  
Epoch 027 |  Time(s) 0.0866 | RobustPrompt-I Loss 1.6134  
Epoch 028 |  Time(s) 0.0928 | RobustPrompt-I Loss 1.5976  
Epoch 029 |  Time(s) 0.2293 | RobustPrompt-I Loss 1.5968  
Epoch 030 |  Time(s) 0.1830 | RobustPrompt-I Loss 1.5872  
Epoch 031 |  Time(s) 0.1363 | RobustPrompt-I Loss 1.5767  
Epoch 032 |  Time(s) 0.1000 | RobustPrompt-I Loss 1.5711  
Epoch 033 |  Time(s) 0.1006 | RobustPrompt-I Loss 1.5634  
Epoch 034 |  Time(s) 0.0937 | RobustPrompt-I Loss 1.5500  
Epoch 035 |  Time(s) 0.0912 | RobustPrompt-I Loss 1.5468  
Epoch 036 |  Time(s) 0.0872 | RobustPrompt-I Loss 1.5371  
Epoch 037 |  Time(s) 0.0866 | RobustPrompt-I Loss 1.5284  
Epoch 038 |  Time(s) 0.0868 | RobustPrompt-I Loss 1.5114  
Epoch 039 |  Time(s) 0.0866 | RobustPrompt-I Loss 1.5026  
Epoch 040 |  Time(s) 0.0891 | RobustPrompt-I Loss 1.4937  
Epoch 041 |  Time(s) 0.0877 | RobustPrompt-I Loss 1.4967  
Epoch 042 |  Time(s) 0.0904 | RobustPrompt-I Loss 1.5067  
Epoch 043 |  Time(s) 0.0920 | RobustPrompt-I Loss 1.4555  
Epoch 044 |  Time(s) 0.0880 | RobustPrompt-I Loss 1.4968  
Epoch 045 |  Time(s) 0.0862 | RobustPrompt-I Loss 1.4393  
Epoch 046 |  Time(s) 0.0853 | RobustPrompt-I Loss 1.4534  
Epoch 047 |  Time(s) 0.0863 | RobustPrompt-I Loss 1.4301  
Epoch 048 |  Time(s) 0.0854 | RobustPrompt-I Loss 1.3992  
Epoch 049 |  Time(s) 0.0862 | RobustPrompt-I Loss 1.3971  
Epoch 050 |  Time(s) 0.0864 | RobustPrompt-I Loss 1.3879  
Epoch 051 |  Time(s) 0.1680 | RobustPrompt-I Loss 1.3840  
Epoch 052 |  Time(s) 0.0862 | RobustPrompt-I Loss 1.3488  
Epoch 053 |  Time(s) 0.0870 | RobustPrompt-I Loss 1.3515  
Epoch 054 |  Time(s) 0.0854 | RobustPrompt-I Loss 1.3429  
Epoch 055 |  Time(s) 0.0848 | RobustPrompt-I Loss 1.3254  
Epoch 056 |  Time(s) 0.0895 | RobustPrompt-I Loss 1.3040  
Epoch 057 |  Time(s) 0.0869 | RobustPrompt-I Loss 1.3058  
Epoch 058 |  Time(s) 0.0876 | RobustPrompt-I Loss 1.2909  
Epoch 059 |  Time(s) 0.0864 | RobustPrompt-I Loss 1.2818  
Epoch 060 |  Time(s) 0.0857 | RobustPrompt-I Loss 1.2610  
Epoch 061 |  Time(s) 0.0844 | RobustPrompt-I Loss 1.2524  
Epoch 062 |  Time(s) 0.0861 | RobustPrompt-I Loss 1.2402  
Epoch 063 |  Time(s) 0.0864 | RobustPrompt-I Loss 1.2377  
Epoch 064 |  Time(s) 0.0866 | RobustPrompt-I Loss 1.2357  
Epoch 065 |  Time(s) 0.0860 | RobustPrompt-I Loss 1.2111  
Epoch 066 |  Time(s) 0.0855 | RobustPrompt-I Loss 1.1990  
Epoch 067 |  Time(s) 0.0865 | RobustPrompt-I Loss 1.2142  
Epoch 068 |  Time(s) 0.0861 | RobustPrompt-I Loss 1.1752  
Epoch 069 |  Time(s) 0.0863 | RobustPrompt-I Loss 1.1778  
Epoch 070 |  Time(s) 0.0854 | RobustPrompt-I Loss 1.2013  
Epoch 071 |  Time(s) 0.0860 | RobustPrompt-I Loss 1.1593  
Epoch 072 |  Time(s) 0.0860 | RobustPrompt-I Loss 1.2856  
Epoch 073 |  Time(s) 0.0856 | RobustPrompt-I Loss 1.2906  
Epoch 074 |  Time(s) 0.0871 | RobustPrompt-I Loss 1.1511  
Epoch 075 |  Time(s) 0.0882 | RobustPrompt-I Loss 1.2467  
Epoch 076 |  Time(s) 0.0870 | RobustPrompt-I Loss 1.2760  
Epoch 077 |  Time(s) 0.0867 | RobustPrompt-I Loss 1.1861  
Epoch 078 |  Time(s) 0.0875 | RobustPrompt-I Loss 1.1426  
Epoch 079 |  Time(s) 0.0863 | RobustPrompt-I Loss 1.2163  
Epoch 080 |  Time(s) 0.0865 | RobustPrompt-I Loss 1.1577  
Epoch 081 |  Time(s) 0.0872 | RobustPrompt-I Loss 1.1351  
Epoch 082 |  Time(s) 0.0871 | RobustPrompt-I Loss 1.1517  
Epoch 083 |  Time(s) 0.0857 | RobustPrompt-I Loss 1.1167  
Epoch 084 |  Time(s) 0.0920 | RobustPrompt-I Loss 1.1155  
Epoch 085 |  Time(s) 0.1596 | RobustPrompt-I Loss 1.1307  
Epoch 086 |  Time(s) 0.1788 | RobustPrompt-I Loss 1.0824  
Epoch 087 |  Time(s) 0.1055 | RobustPrompt-I Loss 1.1952  
Epoch 088 |  Time(s) 0.0982 | RobustPrompt-I Loss 1.2194  
Epoch 089 |  Time(s) 0.0927 | RobustPrompt-I Loss 1.0723  
Epoch 090 |  Time(s) 0.0882 | RobustPrompt-I Loss 1.2940  
Epoch 091 |  Time(s) 0.0881 | RobustPrompt-I Loss 1.4900  
Epoch 092 |  Time(s) 0.0928 | RobustPrompt-I Loss 1.2691  
Epoch 093 |  Time(s) 0.1102 | RobustPrompt-I Loss 1.1037  
Epoch 094 |  Time(s) 0.1069 | RobustPrompt-I Loss 1.1555  
Epoch 095 |  Time(s) 0.0876 | RobustPrompt-I Loss 1.1808  
Epoch 096 |  Time(s) 0.0840 | RobustPrompt-I Loss nan  
Epoch 097 |  Time(s) 0.0846 | RobustPrompt-I Loss nan  
Epoch 098 |  Time(s) 0.1377 | RobustPrompt-I Loss nan  
Epoch 099 |  Time(s) 0.0879 | RobustPrompt-I Loss nan  
Epoch 100 |  Time(s) 0.0951 | RobustPrompt-I Loss nan  
Epoch 101 |  Time(s) 0.0846 | RobustPrompt-I Loss nan  
Epoch 102 |  Time(s) 0.0845 | RobustPrompt-I Loss nan  
Epoch 103 |  Time(s) 0.0854 | RobustPrompt-I Loss nan  
Epoch 104 |  Time(s) 0.0856 | RobustPrompt-I Loss nan  
Epoch 105 |  Time(s) 0.1119 | RobustPrompt-I Loss nan  
Epoch 106 |  Time(s) 0.3085 | RobustPrompt-I Loss nan  
Epoch 107 |  Time(s) 0.2445 | RobustPrompt-I Loss nan  
Epoch 108 |  Time(s) 0.3718 | RobustPrompt-I Loss nan  
----------------------------------------------------------------------------------------------------
Early stopping at 109 eopch!
{1: {1: nan}, 2: {1: nan}, 3: {1: 0.12200000137090683}, 4: {1: nan}, 5: {1: nan}}
{1: {1: nan, 2: nan, 3: 0.12200000137090683, 4: nan, 5: nan}}
########################################################################################
seed: 1 | split 1 : nan
# Seed 1 Muti Split Final Acc: nan±nan
seed: 2 | split 1 : nan
# Seed 2 Muti Split Final Acc: nan±nan
seed: 3 | split 1 : 0.12200000137090683
# Seed 3 Muti Split Final Acc: 0.1220±0.0000
seed: 4 | split 1 : nan
# Seed 4 Muti Split Final Acc: nan±nan
seed: 5 | split 1 : nan
# Seed 5 Muti Split Final Acc: nan±nan
########################################################################################
split: 1 | seed 1 : nan
split: 1 | seed 2 : nan
split: 1 | seed 3 : 0.12200000137090683
split: 1 | seed 4 : nan
split: 1 | seed 5 : nan
# Split 1 Muti Seed Acc without min value: nan±nan
########################################################################################
Done phase=ood, ood=0.7, ptb=0.1, end=2026-06-09 00:22:54, duration=00:01:06
