Start phase=ood, ood=0.7, ptb=0.05, time=2026-06-09 00:18:15, log=logs/RobustPrompt-I/ft_ood0.7_0.05_20260609_001815.log
load LLC or attacked data with specified split
Successfully loaded the attack of dataname with few shot 5, split 1
Attack method : Meta_Self | Attack ptb : 0.05 | Dataset: Cora
======================
Number of graphs: 1
Number of features: 1433
Number of classes: 7

Data(x=[2708, 1433], edge_index=[2, 13790], y=[2708], train_mask=[2708], val_mask=[2708], test_mask=[2708])
===========================================================================================================
Number of nodes: 2708
Number of edges: 13790
Average node degree: 5.09
Has isolated nodes: False
Has self-loops: True
Is undirected: True
GCN(
  (conv_layers): ModuleList(
    (0): GCNConv(1433, 256)
    (1): GCNConv(256, 256)
  )
)
Successfully loaded pre-trained weights!
use RobustPrompt Inductive
defense pt dict :  {'sim_pt': -1.0, 'degree_pt': -1, 'out_detect_pt': 0.7, 'other_pt': 'all'}
use_attention :  False
kl_global :  False
cosine_constraint :  True
pt_threshold :  0.25
filter_module :  OriginalFilter
temperature :  1.0
weight_mse 0.1
weight_kl :  0.1
weight_constraint :  0.0
prepare induce graph data is finished!
run RobustPrompt-I
Epoch 001 |  Time(s) 0.4092 | RobustPrompt-I Loss 1.9448  
Epoch 002 |  Time(s) 0.0845 | RobustPrompt-I Loss 1.9459  
Epoch 003 |  Time(s) 0.0804 | RobustPrompt-I Loss 1.9440  
Epoch 004 |  Time(s) 0.0822 | RobustPrompt-I Loss 1.9342  
Epoch 005 |  Time(s) 0.0807 | RobustPrompt-I Loss 1.9226  
Epoch 006 |  Time(s) 0.0801 | RobustPrompt-I Loss 1.9346  
Epoch 007 |  Time(s) 0.0799 | RobustPrompt-I Loss 1.9219  
Epoch 008 |  Time(s) 0.0807 | RobustPrompt-I Loss 1.9159  
Epoch 009 |  Time(s) 0.0807 | RobustPrompt-I Loss 1.9033  
Epoch 010 |  Time(s) 0.0803 | RobustPrompt-I Loss 1.9036  
Epoch 011 |  Time(s) 0.0806 | RobustPrompt-I Loss 1.8930  
Epoch 012 |  Time(s) 0.0800 | RobustPrompt-I Loss 1.8775  
Epoch 013 |  Time(s) 0.0805 | RobustPrompt-I Loss 1.8702  
Epoch 014 |  Time(s) 0.0792 | RobustPrompt-I Loss 1.8660  
Epoch 015 |  Time(s) 0.0784 | RobustPrompt-I Loss 1.8468  
Epoch 016 |  Time(s) 0.0786 | RobustPrompt-I Loss 1.8478  
Epoch 017 |  Time(s) 0.0830 | RobustPrompt-I Loss 1.8408  
Epoch 018 |  Time(s) 0.0811 | RobustPrompt-I Loss 1.8171  
Epoch 019 |  Time(s) 0.0811 | RobustPrompt-I Loss 1.8293  
Epoch 020 |  Time(s) 0.0802 | RobustPrompt-I Loss nan  
Epoch 021 |  Time(s) 0.0801 | RobustPrompt-I Loss nan  
Epoch 022 |  Time(s) 0.0802 | RobustPrompt-I Loss nan  
Epoch 023 |  Time(s) 0.0809 | RobustPrompt-I Loss nan  
Epoch 024 |  Time(s) 0.0805 | RobustPrompt-I Loss nan  
Epoch 025 |  Time(s) 0.0806 | RobustPrompt-I Loss nan  
Epoch 026 |  Time(s) 0.0804 | RobustPrompt-I Loss nan  
Epoch 027 |  Time(s) 0.0802 | RobustPrompt-I Loss nan  
Epoch 028 |  Time(s) 0.0803 | RobustPrompt-I Loss nan  
Epoch 029 |  Time(s) 0.0811 | RobustPrompt-I Loss nan  
Epoch 030 |  Time(s) 0.0803 | RobustPrompt-I Loss nan  
Epoch 031 |  Time(s) 0.0806 | RobustPrompt-I Loss nan  
Epoch 032 |  Time(s) 0.0806 | RobustPrompt-I Loss nan  
Epoch 033 |  Time(s) 0.0810 | RobustPrompt-I Loss nan  
Epoch 034 |  Time(s) 0.0811 | RobustPrompt-I Loss nan  
Epoch 035 |  Time(s) 0.0809 | RobustPrompt-I Loss nan  
Epoch 036 |  Time(s) 0.0804 | RobustPrompt-I Loss nan  
Epoch 037 |  Time(s) 0.0807 | RobustPrompt-I Loss nan  
----------------------------------------------------------------------------------------------------
Early stopping at 38 eopch!
load LLC or attacked data with specified split
Successfully loaded the attack of dataname with few shot 5, split 1
Attack method : Meta_Self | Attack ptb : 0.05 | Dataset: Cora
======================
Number of graphs: 1
Number of features: 1433
Number of classes: 7

Data(x=[2708, 1433], edge_index=[2, 13790], y=[2708], train_mask=[2708], val_mask=[2708], test_mask=[2708])
===========================================================================================================
Number of nodes: 2708
Number of edges: 13790
Average node degree: 5.09
Has isolated nodes: False
Has self-loops: True
Is undirected: True
GCN(
  (conv_layers): ModuleList(
    (0): GCNConv(1433, 256)
    (1): GCNConv(256, 256)
  )
)
Successfully loaded pre-trained weights!
use RobustPrompt Inductive
defense pt dict :  {'sim_pt': -1.0, 'degree_pt': -1, 'out_detect_pt': 0.7, 'other_pt': 'all'}
use_attention :  False
kl_global :  False
cosine_constraint :  True
pt_threshold :  0.25
filter_module :  OriginalFilter
temperature :  1.0
weight_mse 0.1
weight_kl :  0.1
weight_constraint :  0.0
prepare induce graph data is finished!
run RobustPrompt-I
Epoch 001 |  Time(s) 0.1007 | RobustPrompt-I Loss 1.9447  
Epoch 002 |  Time(s) 0.1804 | RobustPrompt-I Loss 1.9512  
Epoch 003 |  Time(s) 0.0841 | RobustPrompt-I Loss 1.9450  
Epoch 004 |  Time(s) 0.0845 | RobustPrompt-I Loss 1.9362  
Epoch 005 |  Time(s) 0.0839 | RobustPrompt-I Loss 1.9313  
Epoch 006 |  Time(s) 0.0839 | RobustPrompt-I Loss nan  
Epoch 007 |  Time(s) 0.0846 | RobustPrompt-I Loss nan  
Epoch 008 |  Time(s) 0.0848 | RobustPrompt-I Loss nan  
Epoch 009 |  Time(s) 0.0843 | RobustPrompt-I Loss nan  
Epoch 010 |  Time(s) 0.0842 | RobustPrompt-I Loss nan  
Epoch 011 |  Time(s) 0.0901 | RobustPrompt-I Loss nan  
Epoch 012 |  Time(s) 0.0845 | RobustPrompt-I Loss nan  
Epoch 013 |  Time(s) 0.0838 | RobustPrompt-I Loss nan  
Epoch 014 |  Time(s) 0.0840 | RobustPrompt-I Loss nan  
Epoch 015 |  Time(s) 0.0835 | RobustPrompt-I Loss nan  
Epoch 016 |  Time(s) 0.0842 | RobustPrompt-I Loss nan  
Epoch 017 |  Time(s) 0.0845 | RobustPrompt-I Loss nan  
Epoch 018 |  Time(s) 0.0853 | RobustPrompt-I Loss nan  
Epoch 019 |  Time(s) 0.0849 | RobustPrompt-I Loss nan  
Epoch 020 |  Time(s) 0.0849 | RobustPrompt-I Loss nan  
Epoch 021 |  Time(s) 0.0852 | RobustPrompt-I Loss nan  
Epoch 022 |  Time(s) 0.0839 | RobustPrompt-I Loss nan  
Epoch 023 |  Time(s) 0.0843 | RobustPrompt-I Loss nan  
Epoch 024 |  Time(s) 0.0841 | RobustPrompt-I Loss nan  
----------------------------------------------------------------------------------------------------
Early stopping at 25 eopch!
load LLC or attacked data with specified split
Successfully loaded the attack of dataname with few shot 5, split 1
Attack method : Meta_Self | Attack ptb : 0.05 | Dataset: Cora
======================
Number of graphs: 1
Number of features: 1433
Number of classes: 7

Data(x=[2708, 1433], edge_index=[2, 13790], y=[2708], train_mask=[2708], val_mask=[2708], test_mask=[2708])
===========================================================================================================
Number of nodes: 2708
Number of edges: 13790
Average node degree: 5.09
Has isolated nodes: False
Has self-loops: True
Is undirected: True
GCN(
  (conv_layers): ModuleList(
    (0): GCNConv(1433, 256)
    (1): GCNConv(256, 256)
  )
)
Successfully loaded pre-trained weights!
use RobustPrompt Inductive
defense pt dict :  {'sim_pt': -1.0, 'degree_pt': -1, 'out_detect_pt': 0.7, 'other_pt': 'all'}
use_attention :  False
kl_global :  False
cosine_constraint :  True
pt_threshold :  0.25
filter_module :  OriginalFilter
temperature :  1.0
weight_mse 0.1
weight_kl :  0.1
weight_constraint :  0.0
prepare induce graph data is finished!
run RobustPrompt-I
Epoch 001 |  Time(s) 0.0938 | RobustPrompt-I Loss 1.9455  
Epoch 002 |  Time(s) 0.0861 | RobustPrompt-I Loss 1.9486  
Epoch 003 |  Time(s) 0.0988 | RobustPrompt-I Loss 1.9424  
Epoch 004 |  Time(s) 0.0878 | RobustPrompt-I Loss 1.9369  
Epoch 005 |  Time(s) 0.0870 | RobustPrompt-I Loss 1.9321  
Epoch 006 |  Time(s) 0.0867 | RobustPrompt-I Loss 1.9394  
Epoch 007 |  Time(s) 0.0865 | RobustPrompt-I Loss 1.9251  
Epoch 008 |  Time(s) 0.0867 | RobustPrompt-I Loss nan  
Epoch 009 |  Time(s) 0.0863 | RobustPrompt-I Loss nan  
Epoch 010 |  Time(s) 0.0875 | RobustPrompt-I Loss nan  
Epoch 011 |  Time(s) 0.0894 | RobustPrompt-I Loss nan  
Epoch 012 |  Time(s) 0.0862 | RobustPrompt-I Loss nan  
Epoch 013 |  Time(s) 0.2433 | RobustPrompt-I Loss nan  
Epoch 014 |  Time(s) 0.2041 | RobustPrompt-I Loss nan  
Epoch 015 |  Time(s) 0.1543 | RobustPrompt-I Loss nan  
Epoch 016 |  Time(s) 0.0931 | RobustPrompt-I Loss nan  
Epoch 017 |  Time(s) 0.0864 | RobustPrompt-I Loss nan  
Epoch 018 |  Time(s) 0.0886 | RobustPrompt-I Loss nan  
Epoch 019 |  Time(s) 0.0885 | RobustPrompt-I Loss nan  
Epoch 020 |  Time(s) 0.0876 | RobustPrompt-I Loss nan  
Epoch 021 |  Time(s) 0.0880 | RobustPrompt-I Loss nan  
Epoch 022 |  Time(s) 0.1201 | RobustPrompt-I Loss nan  
Epoch 023 |  Time(s) 0.0856 | RobustPrompt-I Loss nan  
Epoch 024 |  Time(s) 0.0863 | RobustPrompt-I Loss nan  
Epoch 025 |  Time(s) 0.0862 | RobustPrompt-I Loss nan  
Epoch 026 |  Time(s) 0.0859 | RobustPrompt-I Loss nan  
----------------------------------------------------------------------------------------------------
Early stopping at 27 eopch!
load LLC or attacked data with specified split
Successfully loaded the attack of dataname with few shot 5, split 1
Attack method : Meta_Self | Attack ptb : 0.05 | Dataset: Cora
======================
Number of graphs: 1
Number of features: 1433
Number of classes: 7

Data(x=[2708, 1433], edge_index=[2, 13790], y=[2708], train_mask=[2708], val_mask=[2708], test_mask=[2708])
===========================================================================================================
Number of nodes: 2708
Number of edges: 13790
Average node degree: 5.09
Has isolated nodes: False
Has self-loops: True
Is undirected: True
GCN(
  (conv_layers): ModuleList(
    (0): GCNConv(1433, 256)
    (1): GCNConv(256, 256)
  )
)
Successfully loaded pre-trained weights!
use RobustPrompt Inductive
defense pt dict :  {'sim_pt': -1.0, 'degree_pt': -1, 'out_detect_pt': 0.7, 'other_pt': 'all'}
use_attention :  False
kl_global :  False
cosine_constraint :  True
pt_threshold :  0.25
filter_module :  OriginalFilter
temperature :  1.0
weight_mse 0.1
weight_kl :  0.1
weight_constraint :  0.0
prepare induce graph data is finished!
run RobustPrompt-I
Epoch 001 |  Time(s) 0.1034 | RobustPrompt-I Loss 1.9425  
Epoch 002 |  Time(s) 0.0940 | RobustPrompt-I Loss 1.9574  
Epoch 003 |  Time(s) 0.0876 | RobustPrompt-I Loss 1.9406  
Epoch 004 |  Time(s) 0.0867 | RobustPrompt-I Loss 1.9349  
Epoch 005 |  Time(s) 0.0852 | RobustPrompt-I Loss 1.9384  
Epoch 006 |  Time(s) 0.0920 | RobustPrompt-I Loss 1.9309  
Epoch 007 |  Time(s) 0.0904 | RobustPrompt-I Loss 1.9247  
Epoch 008 |  Time(s) 0.0885 | RobustPrompt-I Loss 1.9175  
Epoch 009 |  Time(s) 0.0865 | RobustPrompt-I Loss 1.9131  
Epoch 010 |  Time(s) 0.0830 | RobustPrompt-I Loss 1.9028  
Epoch 011 |  Time(s) 0.0906 | RobustPrompt-I Loss 1.9003  
Epoch 012 |  Time(s) 0.0903 | RobustPrompt-I Loss 1.8972  
Epoch 013 |  Time(s) 0.0841 | RobustPrompt-I Loss 1.8832  
Epoch 014 |  Time(s) 0.0827 | RobustPrompt-I Loss 1.8740  
Epoch 015 |  Time(s) 0.0845 | RobustPrompt-I Loss 1.8665  
Epoch 016 |  Time(s) 0.0889 | RobustPrompt-I Loss 1.8668  
Epoch 017 |  Time(s) 0.0837 | RobustPrompt-I Loss 1.8741  
Epoch 018 |  Time(s) 0.0843 | RobustPrompt-I Loss 1.8455  
Epoch 019 |  Time(s) 0.0844 | RobustPrompt-I Loss 1.8385  
Epoch 020 |  Time(s) 0.0837 | RobustPrompt-I Loss 1.8421  
Epoch 021 |  Time(s) 0.0847 | RobustPrompt-I Loss 1.8136  
Epoch 022 |  Time(s) 0.0844 | RobustPrompt-I Loss 1.8215  
Epoch 023 |  Time(s) 0.0846 | RobustPrompt-I Loss 1.8089  
Epoch 024 |  Time(s) 0.0851 | RobustPrompt-I Loss 1.7868  
Epoch 025 |  Time(s) 0.0863 | RobustPrompt-I Loss 1.7950  
Epoch 026 |  Time(s) 0.1559 | RobustPrompt-I Loss 1.7756  
Epoch 027 |  Time(s) 0.0963 | RobustPrompt-I Loss 1.7630  
Epoch 028 |  Time(s) 0.0906 | RobustPrompt-I Loss 1.7674  
Epoch 029 |  Time(s) 0.0878 | RobustPrompt-I Loss 1.7631  
Epoch 030 |  Time(s) 0.0873 | RobustPrompt-I Loss 1.7389  
Epoch 031 |  Time(s) 0.0871 | RobustPrompt-I Loss 1.7396  
Epoch 032 |  Time(s) 0.0860 | RobustPrompt-I Loss 1.7426  
Epoch 033 |  Time(s) 0.0868 | RobustPrompt-I Loss 1.7211  
Epoch 034 |  Time(s) 0.0868 | RobustPrompt-I Loss 1.7084  
Epoch 035 |  Time(s) 0.0871 | RobustPrompt-I Loss 1.7168  
Epoch 036 |  Time(s) 0.0859 | RobustPrompt-I Loss 1.7140  
Epoch 037 |  Time(s) 0.0863 | RobustPrompt-I Loss 1.6864  
Epoch 038 |  Time(s) 0.0863 | RobustPrompt-I Loss 1.6889  
Epoch 039 |  Time(s) 0.0871 | RobustPrompt-I Loss 1.7141  
Epoch 040 |  Time(s) 0.0871 | RobustPrompt-I Loss 1.6747  
Epoch 041 |  Time(s) 0.0872 | RobustPrompt-I Loss 1.7832  
Epoch 042 |  Time(s) 0.0877 | RobustPrompt-I Loss 1.8024  
Epoch 043 |  Time(s) 0.0851 | RobustPrompt-I Loss 1.6673  
Epoch 044 |  Time(s) 0.0847 | RobustPrompt-I Loss 1.7861  
Epoch 045 |  Time(s) 0.0850 | RobustPrompt-I Loss 1.8551  
Epoch 046 |  Time(s) 0.0850 | RobustPrompt-I Loss nan  
Epoch 047 |  Time(s) 0.0845 | RobustPrompt-I Loss nan  
Epoch 048 |  Time(s) 0.0851 | RobustPrompt-I Loss nan  
Epoch 049 |  Time(s) 0.0854 | RobustPrompt-I Loss nan  
Epoch 050 |  Time(s) 0.0850 | RobustPrompt-I Loss nan  
Epoch 051 |  Time(s) 0.0853 | RobustPrompt-I Loss nan  
Epoch 052 |  Time(s) 0.0864 | RobustPrompt-I Loss nan  
Epoch 053 |  Time(s) 0.0885 | RobustPrompt-I Loss nan  
Epoch 054 |  Time(s) 0.0894 | RobustPrompt-I Loss nan  
Epoch 055 |  Time(s) 0.0857 | RobustPrompt-I Loss nan  
Epoch 056 |  Time(s) 0.0859 | RobustPrompt-I Loss nan  
Epoch 057 |  Time(s) 0.0858 | RobustPrompt-I Loss nan  
Epoch 058 |  Time(s) 0.0864 | RobustPrompt-I Loss nan  
Epoch 059 |  Time(s) 0.1208 | RobustPrompt-I Loss nan  
Epoch 060 |  Time(s) 0.2356 | RobustPrompt-I Loss nan  
Epoch 061 |  Time(s) 0.1087 | RobustPrompt-I Loss nan  
Epoch 062 |  Time(s) 0.0875 | RobustPrompt-I Loss nan  
----------------------------------------------------------------------------------------------------
Early stopping at 63 eopch!
load LLC or attacked data with specified split
Successfully loaded the attack of dataname with few shot 5, split 1
Attack method : Meta_Self | Attack ptb : 0.05 | Dataset: Cora
======================
Number of graphs: 1
Number of features: 1433
Number of classes: 7

Data(x=[2708, 1433], edge_index=[2, 13790], y=[2708], train_mask=[2708], val_mask=[2708], test_mask=[2708])
===========================================================================================================
Number of nodes: 2708
Number of edges: 13790
Average node degree: 5.09
Has isolated nodes: False
Has self-loops: True
Is undirected: True
GCN(
  (conv_layers): ModuleList(
    (0): GCNConv(1433, 256)
    (1): GCNConv(256, 256)
  )
)
Successfully loaded pre-trained weights!
use RobustPrompt Inductive
defense pt dict :  {'sim_pt': -1.0, 'degree_pt': -1, 'out_detect_pt': 0.7, 'other_pt': 'all'}
use_attention :  False
kl_global :  False
cosine_constraint :  True
pt_threshold :  0.25
filter_module :  OriginalFilter
temperature :  1.0
weight_mse 0.1
weight_kl :  0.1
weight_constraint :  0.0
prepare induce graph data is finished!
run RobustPrompt-I
Epoch 001 |  Time(s) 0.2120 | RobustPrompt-I Loss 1.9486  
Epoch 002 |  Time(s) 0.1744 | RobustPrompt-I Loss 1.9458  
Epoch 003 |  Time(s) 0.0922 | RobustPrompt-I Loss 1.9432  
Epoch 004 |  Time(s) 0.0918 | RobustPrompt-I Loss 1.9371  
Epoch 005 |  Time(s) 0.0841 | RobustPrompt-I Loss 1.9623  
Epoch 006 |  Time(s) 0.0848 | RobustPrompt-I Loss 1.9302  
Epoch 007 |  Time(s) 0.0850 | RobustPrompt-I Loss 1.9468  
Epoch 008 |  Time(s) 0.0853 | RobustPrompt-I Loss 1.9471  
Epoch 009 |  Time(s) 0.0848 | RobustPrompt-I Loss 1.9373  
Epoch 010 |  Time(s) 0.0848 | RobustPrompt-I Loss 1.9253  
Epoch 011 |  Time(s) 0.0852 | RobustPrompt-I Loss 1.9148  
Epoch 012 |  Time(s) 0.0852 | RobustPrompt-I Loss 1.9130  
Epoch 013 |  Time(s) 0.0854 | RobustPrompt-I Loss 1.9083  
Epoch 014 |  Time(s) 0.0853 | RobustPrompt-I Loss 1.8991  
Epoch 015 |  Time(s) 0.0853 | RobustPrompt-I Loss 1.8888  
Epoch 016 |  Time(s) 0.0846 | RobustPrompt-I Loss 1.8780  
Epoch 017 |  Time(s) 0.0846 | RobustPrompt-I Loss 1.8710  
Epoch 018 |  Time(s) 0.0869 | RobustPrompt-I Loss 1.8644  
Epoch 019 |  Time(s) 0.0857 | RobustPrompt-I Loss 1.8540  
Epoch 020 |  Time(s) 0.0854 | RobustPrompt-I Loss 1.8491  
Epoch 021 |  Time(s) 0.0869 | RobustPrompt-I Loss 1.8572  
Epoch 022 |  Time(s) 0.0876 | RobustPrompt-I Loss 1.8331  
Epoch 023 |  Time(s) 0.0884 | RobustPrompt-I Loss 1.8478  
Epoch 024 |  Time(s) 0.1184 | RobustPrompt-I Loss 1.8284  
Epoch 025 |  Time(s) 0.0897 | RobustPrompt-I Loss nan  
Epoch 026 |  Time(s) 0.0871 | RobustPrompt-I Loss nan  
Epoch 027 |  Time(s) 0.0848 | RobustPrompt-I Loss nan  
Epoch 028 |  Time(s) 0.0853 | RobustPrompt-I Loss nan  
Epoch 029 |  Time(s) 0.0851 | RobustPrompt-I Loss nan  
Epoch 030 |  Time(s) 0.0860 | RobustPrompt-I Loss nan  
Epoch 031 |  Time(s) 0.0861 | RobustPrompt-I Loss nan  
Epoch 032 |  Time(s) 0.0854 | RobustPrompt-I Loss nan  
Epoch 033 |  Time(s) 0.0844 | RobustPrompt-I Loss nan  
Epoch 034 |  Time(s) 0.0846 | RobustPrompt-I Loss nan  
Epoch 035 |  Time(s) 0.0845 | RobustPrompt-I Loss nan  
Epoch 036 |  Time(s) 0.0844 | RobustPrompt-I Loss nan  
Epoch 037 |  Time(s) 0.0844 | RobustPrompt-I Loss nan  
Epoch 038 |  Time(s) 0.0848 | RobustPrompt-I Loss nan  
Epoch 039 |  Time(s) 0.0852 | RobustPrompt-I Loss nan  
Epoch 040 |  Time(s) 0.0855 | RobustPrompt-I Loss nan  
Epoch 041 |  Time(s) 0.0856 | RobustPrompt-I Loss nan  
Epoch 042 |  Time(s) 0.0856 | RobustPrompt-I Loss nan  
Epoch 043 |  Time(s) 0.0853 | RobustPrompt-I Loss nan  
----------------------------------------------------------------------------------------------------
Early stopping at 44 eopch!
{1: {1: nan}, 2: {1: nan}, 3: {1: nan}, 4: {1: nan}, 5: {1: nan}}
{1: {1: nan, 2: nan, 3: nan, 4: nan, 5: nan}}
########################################################################################
seed: 1 | split 1 : nan
# Seed 1 Muti Split Final Acc: nan±nan
seed: 2 | split 1 : nan
# Seed 2 Muti Split Final Acc: nan±nan
seed: 3 | split 1 : nan
# Seed 3 Muti Split Final Acc: nan±nan
seed: 4 | split 1 : nan
# Seed 4 Muti Split Final Acc: nan±nan
seed: 5 | split 1 : nan
# Seed 5 Muti Split Final Acc: nan±nan
########################################################################################
split: 1 | seed 1 : nan
split: 1 | seed 2 : nan
split: 1 | seed 3 : nan
split: 1 | seed 4 : nan
split: 1 | seed 5 : nan
# Split 1 Muti Seed Acc without min value: nan±nan
########################################################################################
Done phase=ood, ood=0.7, ptb=0.05, end=2026-06-09 00:18:42, duration=00:00:27
