Start phase=ood, ood=0.4, ptb=0.1, time=2026-06-09 00:19:23, log=logs/RobustPrompt-I/ft_ood0.4_0.1_20260609_001923.log
load LLC or attacked data with specified split
Successfully loaded the attack of dataname with few shot 5, split 1
Attack method : Meta_Self | Attack ptb : 0.1 | Dataset: Cora
======================
Number of graphs: 1
Number of features: 1433
Number of classes: 7

Data(x=[2708, 1433], edge_index=[2, 14274], y=[2708], train_mask=[2708], val_mask=[2708], test_mask=[2708])
===========================================================================================================
Number of nodes: 2708
Number of edges: 14274
Average node degree: 5.27
Has isolated nodes: False
Has self-loops: True
Is undirected: True
GCN(
  (conv_layers): ModuleList(
    (0): GCNConv(1433, 256)
    (1): GCNConv(256, 256)
  )
)
Successfully loaded pre-trained weights!
use RobustPrompt Inductive
defense pt dict :  {'sim_pt': -1.0, 'degree_pt': -1, 'out_detect_pt': 0.4, 'other_pt': 'all'}
use_attention :  False
kl_global :  False
cosine_constraint :  True
pt_threshold :  0.25
filter_module :  OriginalFilter
temperature :  1.0
weight_mse 0.1
weight_kl :  0.1
weight_constraint :  0.0
prepare induce graph data is finished!
run RobustPrompt-I
Epoch 001 |  Time(s) 0.5193 | RobustPrompt-I Loss 1.9464  
Epoch 002 |  Time(s) 0.0968 | RobustPrompt-I Loss 1.9361  
Epoch 003 |  Time(s) 0.0871 | RobustPrompt-I Loss 1.9090  
Epoch 004 |  Time(s) 0.0903 | RobustPrompt-I Loss 1.8802  
Epoch 005 |  Time(s) 0.1499 | RobustPrompt-I Loss 1.8418  
Epoch 006 |  Time(s) 0.2422 | RobustPrompt-I Loss nan  
Epoch 007 |  Time(s) 0.4566 | RobustPrompt-I Loss nan  
Epoch 008 |  Time(s) 0.3852 | RobustPrompt-I Loss nan  
Epoch 009 |  Time(s) 0.1974 | RobustPrompt-I Loss nan  
Epoch 010 |  Time(s) 0.3874 | RobustPrompt-I Loss nan  
Epoch 011 |  Time(s) 0.0972 | RobustPrompt-I Loss nan  
Epoch 012 |  Time(s) 0.1934 | RobustPrompt-I Loss nan  
Epoch 013 |  Time(s) 0.1547 | RobustPrompt-I Loss nan  
Epoch 014 |  Time(s) 0.0920 | RobustPrompt-I Loss nan  
Epoch 015 |  Time(s) 0.0849 | RobustPrompt-I Loss nan  
Epoch 016 |  Time(s) 0.0846 | RobustPrompt-I Loss nan  
Epoch 017 |  Time(s) 0.0882 | RobustPrompt-I Loss nan  
Epoch 018 |  Time(s) 0.0847 | RobustPrompt-I Loss nan  
Epoch 019 |  Time(s) 0.0848 | RobustPrompt-I Loss nan  
Epoch 020 |  Time(s) 0.0879 | RobustPrompt-I Loss nan  
Epoch 021 |  Time(s) 0.0846 | RobustPrompt-I Loss nan  
Epoch 022 |  Time(s) 0.0824 | RobustPrompt-I Loss nan  
Epoch 023 |  Time(s) 0.0833 | RobustPrompt-I Loss nan  
Epoch 024 |  Time(s) 0.0827 | RobustPrompt-I Loss nan  
----------------------------------------------------------------------------------------------------
Early stopping at 25 eopch!
load LLC or attacked data with specified split
Successfully loaded the attack of dataname with few shot 5, split 1
Attack method : Meta_Self | Attack ptb : 0.1 | Dataset: Cora
======================
Number of graphs: 1
Number of features: 1433
Number of classes: 7

Data(x=[2708, 1433], edge_index=[2, 14274], y=[2708], train_mask=[2708], val_mask=[2708], test_mask=[2708])
===========================================================================================================
Number of nodes: 2708
Number of edges: 14274
Average node degree: 5.27
Has isolated nodes: False
Has self-loops: True
Is undirected: True
GCN(
  (conv_layers): ModuleList(
    (0): GCNConv(1433, 256)
    (1): GCNConv(256, 256)
  )
)
Successfully loaded pre-trained weights!
use RobustPrompt Inductive
defense pt dict :  {'sim_pt': -1.0, 'degree_pt': -1, 'out_detect_pt': 0.4, 'other_pt': 'all'}
use_attention :  False
kl_global :  False
cosine_constraint :  True
pt_threshold :  0.25
filter_module :  OriginalFilter
temperature :  1.0
weight_mse 0.1
weight_kl :  0.1
weight_constraint :  0.0
prepare induce graph data is finished!
run RobustPrompt-I
Epoch 001 |  Time(s) 0.1972 | RobustPrompt-I Loss 1.9456  
Epoch 002 |  Time(s) 0.1089 | RobustPrompt-I Loss 1.9385  
Epoch 003 |  Time(s) 0.0977 | RobustPrompt-I Loss 1.9209  
Epoch 004 |  Time(s) 0.0957 | RobustPrompt-I Loss 1.8994  
Epoch 005 |  Time(s) 0.0941 | RobustPrompt-I Loss 1.8705  
Epoch 006 |  Time(s) 0.0903 | RobustPrompt-I Loss 1.8462  
Epoch 007 |  Time(s) 0.0916 | RobustPrompt-I Loss 1.8116  
Epoch 008 |  Time(s) 0.0860 | RobustPrompt-I Loss 1.7841  
Epoch 009 |  Time(s) 0.0856 | RobustPrompt-I Loss 1.7530  
Epoch 010 |  Time(s) 0.0871 | RobustPrompt-I Loss 1.7262  
Epoch 011 |  Time(s) 0.1207 | RobustPrompt-I Loss 1.7020  
Epoch 012 |  Time(s) 0.1026 | RobustPrompt-I Loss 1.6818  
Epoch 013 |  Time(s) 0.3420 | RobustPrompt-I Loss 1.6646  
Epoch 014 |  Time(s) 0.1038 | RobustPrompt-I Loss nan  
Epoch 015 |  Time(s) 0.0972 | RobustPrompt-I Loss nan  
Epoch 016 |  Time(s) 0.0878 | RobustPrompt-I Loss nan  
Epoch 017 |  Time(s) 0.0868 | RobustPrompt-I Loss nan  
Epoch 018 |  Time(s) 0.0854 | RobustPrompt-I Loss nan  
Epoch 019 |  Time(s) 0.0864 | RobustPrompt-I Loss nan  
Epoch 020 |  Time(s) 0.0859 | RobustPrompt-I Loss nan  
Epoch 021 |  Time(s) 0.0874 | RobustPrompt-I Loss nan  
Epoch 022 |  Time(s) 0.0862 | RobustPrompt-I Loss nan  
Epoch 023 |  Time(s) 0.0871 | RobustPrompt-I Loss nan  
Epoch 024 |  Time(s) 0.0874 | RobustPrompt-I Loss nan  
Epoch 025 |  Time(s) 0.0876 | RobustPrompt-I Loss nan  
Epoch 026 |  Time(s) 0.0884 | RobustPrompt-I Loss nan  
Epoch 027 |  Time(s) 0.0866 | RobustPrompt-I Loss nan  
Epoch 028 |  Time(s) 0.0873 | RobustPrompt-I Loss nan  
Epoch 029 |  Time(s) 0.0888 | RobustPrompt-I Loss nan  
Epoch 030 |  Time(s) 0.1285 | RobustPrompt-I Loss nan  
Epoch 031 |  Time(s) 0.0879 | RobustPrompt-I Loss nan  
Epoch 032 |  Time(s) 0.0878 | RobustPrompt-I Loss nan  
----------------------------------------------------------------------------------------------------
Early stopping at 33 eopch!
load LLC or attacked data with specified split
Successfully loaded the attack of dataname with few shot 5, split 1
Attack method : Meta_Self | Attack ptb : 0.1 | Dataset: Cora
======================
Number of graphs: 1
Number of features: 1433
Number of classes: 7

Data(x=[2708, 1433], edge_index=[2, 14274], y=[2708], train_mask=[2708], val_mask=[2708], test_mask=[2708])
===========================================================================================================
Number of nodes: 2708
Number of edges: 14274
Average node degree: 5.27
Has isolated nodes: False
Has self-loops: True
Is undirected: True
GCN(
  (conv_layers): ModuleList(
    (0): GCNConv(1433, 256)
    (1): GCNConv(256, 256)
  )
)
Successfully loaded pre-trained weights!
use RobustPrompt Inductive
defense pt dict :  {'sim_pt': -1.0, 'degree_pt': -1, 'out_detect_pt': 0.4, 'other_pt': 'all'}
use_attention :  False
kl_global :  False
cosine_constraint :  True
pt_threshold :  0.25
filter_module :  OriginalFilter
temperature :  1.0
weight_mse 0.1
weight_kl :  0.1
weight_constraint :  0.0
prepare induce graph data is finished!
run RobustPrompt-I
Epoch 001 |  Time(s) 0.0925 | RobustPrompt-I Loss 1.9471  
Epoch 002 |  Time(s) 0.0844 | RobustPrompt-I Loss 1.9415  
Epoch 003 |  Time(s) 0.0869 | RobustPrompt-I Loss 1.9223  
Epoch 004 |  Time(s) 0.0855 | RobustPrompt-I Loss 1.8956  
Epoch 005 |  Time(s) 0.0845 | RobustPrompt-I Loss 1.8636  
Epoch 006 |  Time(s) 0.0843 | RobustPrompt-I Loss 1.8231  
Epoch 007 |  Time(s) 0.0833 | RobustPrompt-I Loss 1.7987  
Epoch 008 |  Time(s) 0.0833 | RobustPrompt-I Loss 1.7637  
Epoch 009 |  Time(s) 0.0864 | RobustPrompt-I Loss 1.7513  
Epoch 010 |  Time(s) 0.0836 | RobustPrompt-I Loss 1.7299  
Epoch 011 |  Time(s) 0.0834 | RobustPrompt-I Loss 1.7332  
Epoch 012 |  Time(s) 0.0835 | RobustPrompt-I Loss 1.7066  
Epoch 013 |  Time(s) 0.2176 | RobustPrompt-I Loss 1.6956  
Epoch 014 |  Time(s) 0.1286 | RobustPrompt-I Loss 1.6905  
Epoch 015 |  Time(s) 0.0840 | RobustPrompt-I Loss 1.6708  
Epoch 016 |  Time(s) 0.0840 | RobustPrompt-I Loss 1.6588  
Epoch 017 |  Time(s) 0.0851 | RobustPrompt-I Loss 1.6576  
Epoch 018 |  Time(s) 0.0838 | RobustPrompt-I Loss 1.6445  
Epoch 019 |  Time(s) 0.0848 | RobustPrompt-I Loss 1.6403  
Epoch 020 |  Time(s) 0.0832 | RobustPrompt-I Loss 1.6438  
Epoch 021 |  Time(s) 0.0839 | RobustPrompt-I Loss 1.6330  
Epoch 022 |  Time(s) 0.0839 | RobustPrompt-I Loss 1.6255  
Epoch 023 |  Time(s) 0.0839 | RobustPrompt-I Loss 1.6247  
Epoch 024 |  Time(s) 0.0836 | RobustPrompt-I Loss 1.6115  
Epoch 025 |  Time(s) 0.0841 | RobustPrompt-I Loss 1.6014  
Epoch 026 |  Time(s) 0.1215 | RobustPrompt-I Loss 1.6008  
Epoch 027 |  Time(s) 0.2163 | RobustPrompt-I Loss 1.5971  
Epoch 028 |  Time(s) 0.1034 | RobustPrompt-I Loss 1.5863  
Epoch 029 |  Time(s) 0.1160 | RobustPrompt-I Loss 1.5754  
Epoch 030 |  Time(s) 0.0988 | RobustPrompt-I Loss 1.5699  
Epoch 031 |  Time(s) 0.1014 | RobustPrompt-I Loss 1.5665  
Epoch 032 |  Time(s) 0.0881 | RobustPrompt-I Loss 1.5577  
Epoch 033 |  Time(s) 0.0860 | RobustPrompt-I Loss 1.5453  
Epoch 034 |  Time(s) 0.1333 | RobustPrompt-I Loss 1.5305  
Epoch 035 |  Time(s) 0.2944 | RobustPrompt-I Loss 1.5203  
Epoch 036 |  Time(s) 0.1765 | RobustPrompt-I Loss 1.5146  
Epoch 037 |  Time(s) 0.1474 | RobustPrompt-I Loss 1.5098  
Epoch 038 |  Time(s) 0.0958 | RobustPrompt-I Loss 1.5086  
Epoch 039 |  Time(s) 0.0856 | RobustPrompt-I Loss 1.4795  
Epoch 040 |  Time(s) 0.0835 | RobustPrompt-I Loss 1.4616  
Epoch 041 |  Time(s) 0.0827 | RobustPrompt-I Loss 1.4562  
Epoch 042 |  Time(s) 0.0827 | RobustPrompt-I Loss 1.4533  
Epoch 043 |  Time(s) 0.0829 | RobustPrompt-I Loss 1.4330  
Epoch 044 |  Time(s) 0.0858 | RobustPrompt-I Loss 1.4102  
Epoch 045 |  Time(s) 0.0833 | RobustPrompt-I Loss 1.3978  
Epoch 046 |  Time(s) 0.0838 | RobustPrompt-I Loss 1.3924  
Epoch 047 |  Time(s) 0.0838 | RobustPrompt-I Loss nan  
Epoch 048 |  Time(s) 0.0831 | RobustPrompt-I Loss nan  
Epoch 049 |  Time(s) 0.0832 | RobustPrompt-I Loss nan  
Epoch 050 |  Time(s) 0.0823 | RobustPrompt-I Loss nan  
Epoch 051 |  Time(s) 0.0831 | RobustPrompt-I Loss nan  
Epoch 052 |  Time(s) 0.0844 | RobustPrompt-I Loss nan  
Epoch 053 |  Time(s) 0.0847 | RobustPrompt-I Loss nan  
Epoch 054 |  Time(s) 0.0851 | RobustPrompt-I Loss nan  
Epoch 055 |  Time(s) 0.0839 | RobustPrompt-I Loss nan  
Epoch 056 |  Time(s) 0.0834 | RobustPrompt-I Loss nan  
Epoch 057 |  Time(s) 0.0840 | RobustPrompt-I Loss nan  
Epoch 058 |  Time(s) 0.0834 | RobustPrompt-I Loss nan  
Epoch 059 |  Time(s) 0.0823 | RobustPrompt-I Loss nan  
Epoch 060 |  Time(s) 0.0823 | RobustPrompt-I Loss nan  
Epoch 061 |  Time(s) 0.0821 | RobustPrompt-I Loss nan  
Epoch 062 |  Time(s) 0.0830 | RobustPrompt-I Loss nan  
Epoch 063 |  Time(s) 0.0829 | RobustPrompt-I Loss nan  
Epoch 064 |  Time(s) 0.0828 | RobustPrompt-I Loss nan  
Epoch 065 |  Time(s) 0.0827 | RobustPrompt-I Loss nan  
----------------------------------------------------------------------------------------------------
Early stopping at 66 eopch!
load LLC or attacked data with specified split
Successfully loaded the attack of dataname with few shot 5, split 1
Attack method : Meta_Self | Attack ptb : 0.1 | Dataset: Cora
======================
Number of graphs: 1
Number of features: 1433
Number of classes: 7

Data(x=[2708, 1433], edge_index=[2, 14274], y=[2708], train_mask=[2708], val_mask=[2708], test_mask=[2708])
===========================================================================================================
Number of nodes: 2708
Number of edges: 14274
Average node degree: 5.27
Has isolated nodes: False
Has self-loops: True
Is undirected: True
GCN(
  (conv_layers): ModuleList(
    (0): GCNConv(1433, 256)
    (1): GCNConv(256, 256)
  )
)
Successfully loaded pre-trained weights!
use RobustPrompt Inductive
defense pt dict :  {'sim_pt': -1.0, 'degree_pt': -1, 'out_detect_pt': 0.4, 'other_pt': 'all'}
use_attention :  False
kl_global :  False
cosine_constraint :  True
pt_threshold :  0.25
filter_module :  OriginalFilter
temperature :  1.0
weight_mse 0.1
weight_kl :  0.1
weight_constraint :  0.0
prepare induce graph data is finished!
run RobustPrompt-I
Epoch 001 |  Time(s) 0.1031 | RobustPrompt-I Loss 1.9414  
Epoch 002 |  Time(s) 0.1320 | RobustPrompt-I Loss 1.9385  
Epoch 003 |  Time(s) 0.0889 | RobustPrompt-I Loss 1.9268  
Epoch 004 |  Time(s) 0.0891 | RobustPrompt-I Loss 1.9081  
Epoch 005 |  Time(s) 0.0881 | RobustPrompt-I Loss 1.8842  
Epoch 006 |  Time(s) 0.0885 | RobustPrompt-I Loss 1.8669  
Epoch 007 |  Time(s) 0.0890 | RobustPrompt-I Loss 1.8453  
Epoch 008 |  Time(s) 0.0893 | RobustPrompt-I Loss 1.8086  
Epoch 009 |  Time(s) 0.0882 | RobustPrompt-I Loss 1.7835  
Epoch 010 |  Time(s) 0.0888 | RobustPrompt-I Loss 1.7486  
Epoch 011 |  Time(s) 0.0888 | RobustPrompt-I Loss 1.7153  
Epoch 012 |  Time(s) 0.0903 | RobustPrompt-I Loss 1.6985  
Epoch 013 |  Time(s) 0.0904 | RobustPrompt-I Loss 1.6764  
Epoch 014 |  Time(s) 0.0897 | RobustPrompt-I Loss 1.6606  
Epoch 015 |  Time(s) 0.0898 | RobustPrompt-I Loss 1.6582  
Epoch 016 |  Time(s) 0.0902 | RobustPrompt-I Loss 1.6413  
Epoch 017 |  Time(s) 0.0899 | RobustPrompt-I Loss 1.6254  
Epoch 018 |  Time(s) 0.0900 | RobustPrompt-I Loss 1.6247  
Epoch 019 |  Time(s) 0.0896 | RobustPrompt-I Loss 1.6085  
Epoch 020 |  Time(s) 0.0900 | RobustPrompt-I Loss 1.5928  
Epoch 021 |  Time(s) 0.0885 | RobustPrompt-I Loss 1.5865  
Epoch 022 |  Time(s) 0.0884 | RobustPrompt-I Loss 1.5851  
Epoch 023 |  Time(s) 0.0894 | RobustPrompt-I Loss 1.5775  
Epoch 024 |  Time(s) 0.0905 | RobustPrompt-I Loss 1.5632  
Epoch 025 |  Time(s) 0.0910 | RobustPrompt-I Loss 1.5519  
Epoch 026 |  Time(s) 0.0906 | RobustPrompt-I Loss 1.5488  
Epoch 027 |  Time(s) 0.0915 | RobustPrompt-I Loss 1.5480  
Epoch 028 |  Time(s) 0.0904 | RobustPrompt-I Loss 1.5489  
Epoch 029 |  Time(s) 0.0906 | RobustPrompt-I Loss 1.5170  
Epoch 030 |  Time(s) 0.0914 | RobustPrompt-I Loss 1.5052  
Epoch 031 |  Time(s) 0.0911 | RobustPrompt-I Loss 1.5214  
Epoch 032 |  Time(s) 0.0898 | RobustPrompt-I Loss 1.4914  
Epoch 033 |  Time(s) 0.0899 | RobustPrompt-I Loss 1.4746  
Epoch 034 |  Time(s) 0.0881 | RobustPrompt-I Loss 1.4671  
Epoch 035 |  Time(s) 0.0894 | RobustPrompt-I Loss 1.4729  
Epoch 036 |  Time(s) 0.0886 | RobustPrompt-I Loss 1.4413  
Epoch 037 |  Time(s) 0.0879 | RobustPrompt-I Loss 1.4267  
Epoch 038 |  Time(s) 0.0888 | RobustPrompt-I Loss 1.4204  
Epoch 039 |  Time(s) 0.0876 | RobustPrompt-I Loss 1.4314  
Epoch 040 |  Time(s) 0.0885 | RobustPrompt-I Loss 1.3937  
Epoch 041 |  Time(s) 0.0877 | RobustPrompt-I Loss 1.3785  
Epoch 042 |  Time(s) 0.0882 | RobustPrompt-I Loss 1.3798  
Epoch 043 |  Time(s) 0.0883 | RobustPrompt-I Loss 1.3881  
Epoch 044 |  Time(s) 0.0880 | RobustPrompt-I Loss 1.3433  
Epoch 045 |  Time(s) 0.0883 | RobustPrompt-I Loss 1.4031  
Epoch 046 |  Time(s) 0.0881 | RobustPrompt-I Loss 1.3319  
Epoch 047 |  Time(s) 0.0886 | RobustPrompt-I Loss 1.4835  
Epoch 048 |  Time(s) 0.0884 | RobustPrompt-I Loss 1.5259  
Epoch 049 |  Time(s) 0.0886 | RobustPrompt-I Loss 1.3224  
Epoch 050 |  Time(s) 0.0894 | RobustPrompt-I Loss 1.5952  
Epoch 051 |  Time(s) 0.0875 | RobustPrompt-I Loss 1.8298  
Epoch 052 |  Time(s) 0.0876 | RobustPrompt-I Loss 1.5806  
Epoch 053 |  Time(s) 0.0877 | RobustPrompt-I Loss 1.4200  
Epoch 054 |  Time(s) 0.1325 | RobustPrompt-I Loss 1.3935  
Epoch 055 |  Time(s) 0.1065 | RobustPrompt-I Loss 1.3155  
Epoch 056 |  Time(s) 0.0951 | RobustPrompt-I Loss 1.4485  
Epoch 057 |  Time(s) 0.0963 | RobustPrompt-I Loss 1.5064  
Epoch 058 |  Time(s) 0.0903 | RobustPrompt-I Loss 1.3256  
Epoch 059 |  Time(s) 0.0902 | RobustPrompt-I Loss 1.3777  
Epoch 060 |  Time(s) 0.0934 | RobustPrompt-I Loss 1.4755  
Epoch 061 |  Time(s) 0.0924 | RobustPrompt-I Loss 1.3537  
Epoch 062 |  Time(s) 0.0906 | RobustPrompt-I Loss 1.3362  
Epoch 063 |  Time(s) 0.0909 | RobustPrompt-I Loss 1.4021  
Epoch 064 |  Time(s) 0.0901 | RobustPrompt-I Loss 1.3061  
Epoch 065 |  Time(s) 0.0896 | RobustPrompt-I Loss 1.3476  
Epoch 066 |  Time(s) 0.0894 | RobustPrompt-I Loss 1.4108  
Epoch 067 |  Time(s) 0.1227 | RobustPrompt-I Loss 1.3031  
Epoch 068 |  Time(s) 0.0934 | RobustPrompt-I Loss 1.2868  
Epoch 069 |  Time(s) 0.0968 | RobustPrompt-I Loss 1.3482  
Epoch 070 |  Time(s) 0.0903 | RobustPrompt-I Loss nan  
Epoch 071 |  Time(s) 0.0901 | RobustPrompt-I Loss nan  
Epoch 072 |  Time(s) 0.0903 | RobustPrompt-I Loss nan  
Epoch 073 |  Time(s) 0.0887 | RobustPrompt-I Loss nan  
Epoch 074 |  Time(s) 0.0892 | RobustPrompt-I Loss nan  
Epoch 075 |  Time(s) 0.0896 | RobustPrompt-I Loss nan  
Epoch 076 |  Time(s) 0.0893 | RobustPrompt-I Loss nan  
Epoch 077 |  Time(s) 0.0905 | RobustPrompt-I Loss nan  
Epoch 078 |  Time(s) 0.0894 | RobustPrompt-I Loss nan  
Epoch 079 |  Time(s) 0.0894 | RobustPrompt-I Loss nan  
Epoch 080 |  Time(s) 0.0896 | RobustPrompt-I Loss nan  
Epoch 081 |  Time(s) 0.0891 | RobustPrompt-I Loss nan  
Epoch 082 |  Time(s) 0.0895 | RobustPrompt-I Loss nan  
Epoch 083 |  Time(s) 0.0883 | RobustPrompt-I Loss nan  
Epoch 084 |  Time(s) 0.0882 | RobustPrompt-I Loss nan  
Epoch 085 |  Time(s) 0.0890 | RobustPrompt-I Loss nan  
Epoch 086 |  Time(s) 0.0889 | RobustPrompt-I Loss nan  
Epoch 087 |  Time(s) 0.0899 | RobustPrompt-I Loss nan  
----------------------------------------------------------------------------------------------------
Early stopping at 88 eopch!
load LLC or attacked data with specified split
Successfully loaded the attack of dataname with few shot 5, split 1
Attack method : Meta_Self | Attack ptb : 0.1 | Dataset: Cora
======================
Number of graphs: 1
Number of features: 1433
Number of classes: 7

Data(x=[2708, 1433], edge_index=[2, 14274], y=[2708], train_mask=[2708], val_mask=[2708], test_mask=[2708])
===========================================================================================================
Number of nodes: 2708
Number of edges: 14274
Average node degree: 5.27
Has isolated nodes: False
Has self-loops: True
Is undirected: True
GCN(
  (conv_layers): ModuleList(
    (0): GCNConv(1433, 256)
    (1): GCNConv(256, 256)
  )
)
Successfully loaded pre-trained weights!
use RobustPrompt Inductive
defense pt dict :  {'sim_pt': -1.0, 'degree_pt': -1, 'out_detect_pt': 0.4, 'other_pt': 'all'}
use_attention :  False
kl_global :  False
cosine_constraint :  True
pt_threshold :  0.25
filter_module :  OriginalFilter
temperature :  1.0
weight_mse 0.1
weight_kl :  0.1
weight_constraint :  0.0
prepare induce graph data is finished!
run RobustPrompt-I
Epoch 001 |  Time(s) 0.1244 | RobustPrompt-I Loss 1.9486  
Epoch 002 |  Time(s) 0.1658 | RobustPrompt-I Loss 1.9409  
Epoch 003 |  Time(s) 0.1063 | RobustPrompt-I Loss 1.9331  
Epoch 004 |  Time(s) 0.3026 | RobustPrompt-I Loss 1.9133  
Epoch 005 |  Time(s) 0.0951 | RobustPrompt-I Loss 1.8847  
Epoch 006 |  Time(s) 0.0841 | RobustPrompt-I Loss 1.8504  
Epoch 007 |  Time(s) 0.0830 | RobustPrompt-I Loss 1.8155  
Epoch 008 |  Time(s) 0.0857 | RobustPrompt-I Loss 1.7887  
Epoch 009 |  Time(s) 0.0892 | RobustPrompt-I Loss 1.7626  
Epoch 010 |  Time(s) 0.0976 | RobustPrompt-I Loss 1.7414  
Epoch 011 |  Time(s) 0.0883 | RobustPrompt-I Loss 1.7284  
Epoch 012 |  Time(s) 0.0877 | RobustPrompt-I Loss 1.7129  
Epoch 013 |  Time(s) 0.0883 | RobustPrompt-I Loss 1.7002  
Epoch 014 |  Time(s) 0.0911 | RobustPrompt-I Loss 1.6811  
Epoch 015 |  Time(s) 0.0933 | RobustPrompt-I Loss 1.6764  
Epoch 016 |  Time(s) 0.0975 | RobustPrompt-I Loss 1.6630  
Epoch 017 |  Time(s) 0.0902 | RobustPrompt-I Loss 1.6551  
Epoch 018 |  Time(s) 0.1519 | RobustPrompt-I Loss 1.6543  
Epoch 019 |  Time(s) 0.1041 | RobustPrompt-I Loss 1.6488  
Epoch 020 |  Time(s) 0.0917 | RobustPrompt-I Loss 1.6449  
Epoch 021 |  Time(s) 0.0946 | RobustPrompt-I Loss 1.6400  
Epoch 022 |  Time(s) 0.0907 | RobustPrompt-I Loss 1.6310  
Epoch 023 |  Time(s) 0.0870 | RobustPrompt-I Loss 1.6214  
Epoch 024 |  Time(s) 0.0917 | RobustPrompt-I Loss 1.6165  
Epoch 025 |  Time(s) 0.0871 | RobustPrompt-I Loss 1.6107  
Epoch 026 |  Time(s) 0.0923 | RobustPrompt-I Loss 1.6076  
Epoch 027 |  Time(s) 0.0923 | RobustPrompt-I Loss 1.6123  
Epoch 028 |  Time(s) 0.0880 | RobustPrompt-I Loss 1.6015  
Epoch 029 |  Time(s) 0.0915 | RobustPrompt-I Loss 1.5771  
Epoch 030 |  Time(s) 0.0920 | RobustPrompt-I Loss 1.5922  
Epoch 031 |  Time(s) 0.0911 | RobustPrompt-I Loss 1.5782  
Epoch 032 |  Time(s) 0.0899 | RobustPrompt-I Loss 1.5562  
Epoch 033 |  Time(s) 0.0909 | RobustPrompt-I Loss 1.5710  
Epoch 034 |  Time(s) 0.1203 | RobustPrompt-I Loss 1.5348  
Epoch 035 |  Time(s) 0.0903 | RobustPrompt-I Loss 1.5432  
Epoch 036 |  Time(s) 0.0840 | RobustPrompt-I Loss 1.5248  
Epoch 037 |  Time(s) 0.0882 | RobustPrompt-I Loss 1.5100  
Epoch 038 |  Time(s) 0.0960 | RobustPrompt-I Loss 1.5160  
Epoch 039 |  Time(s) 0.0884 | RobustPrompt-I Loss 1.4859  
Epoch 040 |  Time(s) 0.0849 | RobustPrompt-I Loss 1.4850  
Epoch 041 |  Time(s) 0.0882 | RobustPrompt-I Loss 1.4800  
Epoch 042 |  Time(s) 0.0880 | RobustPrompt-I Loss 1.4548  
Epoch 043 |  Time(s) 0.0839 | RobustPrompt-I Loss 1.4508  
Epoch 044 |  Time(s) 0.0834 | RobustPrompt-I Loss 1.4480  
Epoch 045 |  Time(s) 0.0847 | RobustPrompt-I Loss 1.4173  
Epoch 046 |  Time(s) 0.0833 | RobustPrompt-I Loss 1.4182  
Epoch 047 |  Time(s) 0.1210 | RobustPrompt-I Loss 1.4161  
Epoch 048 |  Time(s) 0.0837 | RobustPrompt-I Loss 1.3818  
Epoch 049 |  Time(s) 0.0839 | RobustPrompt-I Loss 1.4037  
Epoch 050 |  Time(s) 0.0837 | RobustPrompt-I Loss 1.3594  
Epoch 051 |  Time(s) 0.0831 | RobustPrompt-I Loss 1.3702  
Epoch 052 |  Time(s) 0.0830 | RobustPrompt-I Loss 1.3426  
Epoch 053 |  Time(s) 0.0833 | RobustPrompt-I Loss 1.3318  
Epoch 054 |  Time(s) 0.0839 | RobustPrompt-I Loss 1.3311  
Epoch 055 |  Time(s) 0.0842 | RobustPrompt-I Loss 1.3067  
Epoch 056 |  Time(s) 0.0847 | RobustPrompt-I Loss 1.2989  
Epoch 057 |  Time(s) 0.0849 | RobustPrompt-I Loss 1.3063  
Epoch 058 |  Time(s) 0.0848 | RobustPrompt-I Loss 1.2723  
Epoch 059 |  Time(s) 0.0840 | RobustPrompt-I Loss 1.3033  
Epoch 060 |  Time(s) 0.0846 | RobustPrompt-I Loss 1.2664  
Epoch 061 |  Time(s) 0.0846 | RobustPrompt-I Loss 1.3129  
Epoch 062 |  Time(s) 0.0845 | RobustPrompt-I Loss 1.3170  
Epoch 063 |  Time(s) 0.0850 | RobustPrompt-I Loss 1.2406  
Epoch 064 |  Time(s) 0.0855 | RobustPrompt-I Loss 1.2581  
Epoch 065 |  Time(s) 0.0853 | RobustPrompt-I Loss 1.2295  
Epoch 066 |  Time(s) 0.0854 | RobustPrompt-I Loss 1.2363  
Epoch 067 |  Time(s) 0.0871 | RobustPrompt-I Loss 1.2175  
Epoch 068 |  Time(s) 0.0848 | RobustPrompt-I Loss 1.2093  
Epoch 069 |  Time(s) 0.0860 | RobustPrompt-I Loss 1.2059  
Epoch 070 |  Time(s) 0.0888 | RobustPrompt-I Loss 1.1692  
Epoch 071 |  Time(s) 0.0835 | RobustPrompt-I Loss 1.1962  
Epoch 072 |  Time(s) 0.0916 | RobustPrompt-I Loss 1.1600  
Epoch 073 |  Time(s) 0.1155 | RobustPrompt-I Loss 1.1590  
Epoch 074 |  Time(s) 0.0890 | RobustPrompt-I Loss 1.1505  
Epoch 075 |  Time(s) 0.0849 | RobustPrompt-I Loss 1.1367  
Epoch 076 |  Time(s) 0.0843 | RobustPrompt-I Loss 1.1483  
Epoch 077 |  Time(s) 0.0862 | RobustPrompt-I Loss nan  
Epoch 078 |  Time(s) 0.0846 | RobustPrompt-I Loss nan  
Epoch 079 |  Time(s) 0.0850 | RobustPrompt-I Loss nan  
Epoch 080 |  Time(s) 0.0854 | RobustPrompt-I Loss nan  
Epoch 081 |  Time(s) 0.0847 | RobustPrompt-I Loss nan  
Epoch 082 |  Time(s) 0.0855 | RobustPrompt-I Loss nan  
Epoch 083 |  Time(s) 0.0839 | RobustPrompt-I Loss nan  
Epoch 084 |  Time(s) 0.0858 | RobustPrompt-I Loss nan  
Epoch 085 |  Time(s) 0.0853 | RobustPrompt-I Loss nan  
Epoch 086 |  Time(s) 0.0853 | RobustPrompt-I Loss nan  
Epoch 087 |  Time(s) 0.0853 | RobustPrompt-I Loss nan  
Epoch 088 |  Time(s) 0.0854 | RobustPrompt-I Loss nan  
Epoch 089 |  Time(s) 0.0853 | RobustPrompt-I Loss nan  
Epoch 090 |  Time(s) 0.0855 | RobustPrompt-I Loss nan  
Epoch 091 |  Time(s) 0.0849 | RobustPrompt-I Loss nan  
Epoch 092 |  Time(s) 0.0850 | RobustPrompt-I Loss nan  
Epoch 093 |  Time(s) 0.0848 | RobustPrompt-I Loss nan  
Epoch 094 |  Time(s) 0.0849 | RobustPrompt-I Loss nan  
----------------------------------------------------------------------------------------------------
Early stopping at 95 eopch!
{1: {1: nan}, 2: {1: nan}, 3: {1: nan}, 4: {1: nan}, 5: {1: nan}}
{1: {1: nan, 2: nan, 3: nan, 4: nan, 5: nan}}
########################################################################################
seed: 1 | split 1 : nan
# Seed 1 Muti Split Final Acc: nan±nan
seed: 2 | split 1 : nan
# Seed 2 Muti Split Final Acc: nan±nan
seed: 3 | split 1 : nan
# Seed 3 Muti Split Final Acc: nan±nan
seed: 4 | split 1 : nan
# Seed 4 Muti Split Final Acc: nan±nan
seed: 5 | split 1 : nan
# Seed 5 Muti Split Final Acc: nan±nan
########################################################################################
split: 1 | seed 1 : nan
split: 1 | seed 2 : nan
split: 1 | seed 3 : nan
split: 1 | seed 4 : nan
split: 1 | seed 5 : nan
# Split 1 Muti Seed Acc without min value: nan±nan
########################################################################################
Done phase=ood, ood=0.4, ptb=0.1, end=2026-06-09 00:20:03, duration=00:00:40
