Start phase=ood, ood=0.4, ptb=0.0, time=2026-06-09 00:11:20, log=logs/RobustPrompt-I/ft_ood0.4_0.0_20260609_001120.log
load LLC or attacked data with specified split
Successfully loaded the attack of dataname with few shot 5, split 1
Attack method : Meta_Self | Attack ptb : 0.0 | Dataset: Cora
======================
Number of graphs: 1
Number of features: 1433
Number of classes: 7

Data(x=[2708, 1433], edge_index=[2, 13264], y=[2708], train_mask=[2708], val_mask=[2708], test_mask=[2708])
===========================================================================================================
Number of nodes: 2708
Number of edges: 13264
Average node degree: 4.90
Has isolated nodes: False
Has self-loops: True
Is undirected: True
GCN(
  (conv_layers): ModuleList(
    (0): GCNConv(1433, 256)
    (1): GCNConv(256, 256)
  )
)
Successfully loaded pre-trained weights!
use RobustPrompt Inductive
defense pt dict :  {'sim_pt': -1.0, 'degree_pt': -1, 'out_detect_pt': 0.4, 'other_pt': 'all'}
use_attention :  False
kl_global :  False
cosine_constraint :  True
pt_threshold :  0.25
filter_module :  OriginalFilter
temperature :  1.0
weight_mse 0.1
weight_kl :  0.1
weight_constraint :  0.0
prepare induce graph data is finished!
run RobustPrompt-I
Epoch 001 |  Time(s) 0.4326 | RobustPrompt-I Loss 1.9424  
Epoch 002 |  Time(s) 0.0811 | RobustPrompt-I Loss 1.9399  
Epoch 003 |  Time(s) 0.0776 | RobustPrompt-I Loss 1.9325  
Epoch 004 |  Time(s) 0.0786 | RobustPrompt-I Loss 1.9215  
Epoch 005 |  Time(s) 0.0775 | RobustPrompt-I Loss 1.9040  
Epoch 006 |  Time(s) 0.0774 | RobustPrompt-I Loss 1.8758  
Epoch 007 |  Time(s) 0.0816 | RobustPrompt-I Loss 1.8653  
Epoch 008 |  Time(s) 0.0818 | RobustPrompt-I Loss 1.8348  
Epoch 009 |  Time(s) 0.0779 | RobustPrompt-I Loss 1.8095  
Epoch 010 |  Time(s) 0.0780 | RobustPrompt-I Loss 1.7831  
Epoch 011 |  Time(s) 0.0785 | RobustPrompt-I Loss 1.7783  
Epoch 012 |  Time(s) 0.0838 | RobustPrompt-I Loss 1.7588  
Epoch 013 |  Time(s) 0.0782 | RobustPrompt-I Loss 1.7652  
Epoch 014 |  Time(s) 0.0831 | RobustPrompt-I Loss 1.7426  
Epoch 015 |  Time(s) 0.0833 | RobustPrompt-I Loss 1.7391  
Epoch 016 |  Time(s) 0.0783 | RobustPrompt-I Loss 1.7267  
Epoch 017 |  Time(s) 0.0819 | RobustPrompt-I Loss 1.7239  
Epoch 018 |  Time(s) 0.0797 | RobustPrompt-I Loss 1.7159  
Epoch 019 |  Time(s) 0.0785 | RobustPrompt-I Loss 1.7076  
Epoch 020 |  Time(s) 0.0781 | RobustPrompt-I Loss 1.6972  
Epoch 021 |  Time(s) 0.0782 | RobustPrompt-I Loss 1.6932  
Epoch 022 |  Time(s) 0.0786 | RobustPrompt-I Loss 1.6717  
Epoch 023 |  Time(s) 0.0787 | RobustPrompt-I Loss 1.6748  
Epoch 024 |  Time(s) 0.0788 | RobustPrompt-I Loss 1.6601  
Epoch 025 |  Time(s) 0.0786 | RobustPrompt-I Loss 1.6528  
Epoch 026 |  Time(s) 0.0796 | RobustPrompt-I Loss 1.6380  
Epoch 027 |  Time(s) 0.0782 | RobustPrompt-I Loss 1.6275  
Epoch 028 |  Time(s) 0.0783 | RobustPrompt-I Loss 1.6336  
Epoch 029 |  Time(s) 0.0774 | RobustPrompt-I Loss 1.6146  
Epoch 030 |  Time(s) 0.0778 | RobustPrompt-I Loss 1.6040  
Epoch 031 |  Time(s) 0.0783 | RobustPrompt-I Loss 1.6039  
Epoch 032 |  Time(s) 0.0782 | RobustPrompt-I Loss 1.5823  
Epoch 033 |  Time(s) 0.0781 | RobustPrompt-I Loss 1.5649  
Epoch 034 |  Time(s) 0.0797 | RobustPrompt-I Loss 1.5655  
Epoch 035 |  Time(s) 0.0781 | RobustPrompt-I Loss 1.5531  
Epoch 036 |  Time(s) 0.0837 | RobustPrompt-I Loss 1.5283  
Epoch 037 |  Time(s) 0.0796 | RobustPrompt-I Loss 1.5182  
Epoch 038 |  Time(s) 0.0795 | RobustPrompt-I Loss 1.5325  
Epoch 039 |  Time(s) 0.1870 | RobustPrompt-I Loss 1.4854  
Epoch 040 |  Time(s) 0.1841 | RobustPrompt-I Loss 1.4769  
Epoch 041 |  Time(s) 0.2490 | RobustPrompt-I Loss 1.5105  
Epoch 042 |  Time(s) 0.3688 | RobustPrompt-I Loss 1.4426  
Epoch 043 |  Time(s) 0.2485 | RobustPrompt-I Loss 1.5139  
Epoch 044 |  Time(s) 0.1062 | RobustPrompt-I Loss 1.4325  
Epoch 045 |  Time(s) 0.1242 | RobustPrompt-I Loss 1.6120  
Epoch 046 |  Time(s) 0.0789 | RobustPrompt-I Loss 1.6666  
Epoch 047 |  Time(s) 0.0775 | RobustPrompt-I Loss 1.4226  
Epoch 048 |  Time(s) 0.0781 | RobustPrompt-I Loss 1.6364  
Epoch 049 |  Time(s) 0.1066 | RobustPrompt-I Loss 1.8155  
Epoch 050 |  Time(s) 0.1811 | RobustPrompt-I Loss 1.6460  
Epoch 051 |  Time(s) 0.1676 | RobustPrompt-I Loss 1.4011  
Epoch 052 |  Time(s) 0.1010 | RobustPrompt-I Loss 1.7608  
Epoch 053 |  Time(s) 0.0819 | RobustPrompt-I Loss 2.0174  
Epoch 054 |  Time(s) 0.0929 | RobustPrompt-I Loss 1.7777  
Epoch 055 |  Time(s) 0.0782 | RobustPrompt-I Loss 1.4168  
Epoch 056 |  Time(s) 0.1477 | RobustPrompt-I Loss 1.7734  
Epoch 057 |  Time(s) 0.1586 | RobustPrompt-I Loss 2.0538  
Epoch 058 |  Time(s) 0.0869 | RobustPrompt-I Loss 2.0593  
Epoch 059 |  Time(s) 0.0783 | RobustPrompt-I Loss 1.9657  
Epoch 060 |  Time(s) 0.0786 | RobustPrompt-I Loss 1.5829  
Epoch 061 |  Time(s) 0.0781 | RobustPrompt-I Loss 1.6320  
Epoch 062 |  Time(s) 0.0779 | RobustPrompt-I Loss 1.8554  
Epoch 063 |  Time(s) 0.0783 | RobustPrompt-I Loss 1.8506  
Epoch 064 |  Time(s) 0.0788 | RobustPrompt-I Loss 1.8090  
Epoch 065 |  Time(s) 0.0781 | RobustPrompt-I Loss 1.6378  
Epoch 066 |  Time(s) 0.0788 | RobustPrompt-I Loss 1.4029  
Epoch 067 |  Time(s) 0.0783 | RobustPrompt-I Loss 2.0283  
Epoch 068 |  Time(s) 0.0785 | RobustPrompt-I Loss 2.5584  
Epoch 069 |  Time(s) 0.0782 | RobustPrompt-I Loss 2.1255  
Epoch 070 |  Time(s) 0.0782 | RobustPrompt-I Loss 1.5754  
----------------------------------------------------------------------------------------------------
Early stopping at 71 eopch!
Batch 0 Acc: 0.1500 | Macro-F1: 0.0698
Batch 1 Acc: 0.1100 | Macro-F1: 0.0472
Batch 2 Acc: 0.1300 | Macro-F1: 0.0500
Batch 3 Acc: 0.0700 | Macro-F1: 0.0378
Batch 4 Acc: 0.1500 | Macro-F1: 0.0549
Batch 5 Acc: 0.0900 | Macro-F1: 0.0289
Batch 6 Acc: 0.1600 | Macro-F1: 0.0440
Batch 7 Acc: 0.1200 | Macro-F1: 0.0546
Batch 8 Acc: 0.2400 | Macro-F1: 0.0767
Batch 9 Acc: 0.0900 | Macro-F1: 0.0460
Final True Accuracy: 0.1310 | Macro F1 Score: 0.0523
best_loss [1.7559534311294556]
load LLC or attacked data with specified split
Successfully loaded the attack of dataname with few shot 5, split 1
Attack method : Meta_Self | Attack ptb : 0.0 | Dataset: Cora
======================
Number of graphs: 1
Number of features: 1433
Number of classes: 7

Data(x=[2708, 1433], edge_index=[2, 13264], y=[2708], train_mask=[2708], val_mask=[2708], test_mask=[2708])
===========================================================================================================
Number of nodes: 2708
Number of edges: 13264
Average node degree: 4.90
Has isolated nodes: False
Has self-loops: True
Is undirected: True
GCN(
  (conv_layers): ModuleList(
    (0): GCNConv(1433, 256)
    (1): GCNConv(256, 256)
  )
)
Successfully loaded pre-trained weights!
use RobustPrompt Inductive
defense pt dict :  {'sim_pt': -1.0, 'degree_pt': -1, 'out_detect_pt': 0.4, 'other_pt': 'all'}
use_attention :  False
kl_global :  False
cosine_constraint :  True
pt_threshold :  0.25
filter_module :  OriginalFilter
temperature :  1.0
weight_mse 0.1
weight_kl :  0.1
weight_constraint :  0.0
prepare induce graph data is finished!
run RobustPrompt-I
Epoch 001 |  Time(s) 0.3147 | RobustPrompt-I Loss 1.9459  
Epoch 002 |  Time(s) 0.1946 | RobustPrompt-I Loss 1.9432  
Epoch 003 |  Time(s) 0.1127 | RobustPrompt-I Loss 1.9297  
Epoch 004 |  Time(s) 0.1040 | RobustPrompt-I Loss 1.9103  
Epoch 005 |  Time(s) 0.0966 | RobustPrompt-I Loss 1.8875  
Epoch 006 |  Time(s) 0.0856 | RobustPrompt-I Loss 1.8603  
Epoch 007 |  Time(s) 0.0832 | RobustPrompt-I Loss 1.8427  
Epoch 008 |  Time(s) 0.0830 | RobustPrompt-I Loss 1.8145  
Epoch 009 |  Time(s) 0.0825 | RobustPrompt-I Loss 1.7986  
Epoch 010 |  Time(s) 0.0822 | RobustPrompt-I Loss 1.7903  
Epoch 011 |  Time(s) 0.0829 | RobustPrompt-I Loss 1.7853  
Epoch 012 |  Time(s) 0.0823 | RobustPrompt-I Loss 1.7738  
Epoch 013 |  Time(s) 0.0824 | RobustPrompt-I Loss 1.7642  
Epoch 014 |  Time(s) 0.0828 | RobustPrompt-I Loss 1.7612  
Epoch 015 |  Time(s) 0.0828 | RobustPrompt-I Loss 1.7487  
Epoch 016 |  Time(s) 0.0823 | RobustPrompt-I Loss 1.7450  
Epoch 017 |  Time(s) 0.0855 | RobustPrompt-I Loss 1.7403  
Epoch 018 |  Time(s) 0.0822 | RobustPrompt-I Loss 1.7250  
Epoch 019 |  Time(s) 0.0824 | RobustPrompt-I Loss 1.7174  
Epoch 020 |  Time(s) 0.0823 | RobustPrompt-I Loss 1.7176  
Epoch 021 |  Time(s) 0.0824 | RobustPrompt-I Loss 1.7083  
Epoch 022 |  Time(s) 0.0830 | RobustPrompt-I Loss 1.6984  
Epoch 023 |  Time(s) 0.0825 | RobustPrompt-I Loss 1.6802  
Epoch 024 |  Time(s) 0.0833 | RobustPrompt-I Loss 1.6715  
Epoch 025 |  Time(s) 0.0827 | RobustPrompt-I Loss 1.6733  
Epoch 026 |  Time(s) 0.0824 | RobustPrompt-I Loss 1.6593  
Epoch 027 |  Time(s) 0.0835 | RobustPrompt-I Loss 1.6372  
Epoch 028 |  Time(s) 0.0836 | RobustPrompt-I Loss 1.6242  
Epoch 029 |  Time(s) 0.0831 | RobustPrompt-I Loss 1.6203  
Epoch 030 |  Time(s) 0.0826 | RobustPrompt-I Loss 1.5987  
Epoch 031 |  Time(s) 0.0831 | RobustPrompt-I Loss 1.5838  
Epoch 032 |  Time(s) 0.0829 | RobustPrompt-I Loss 1.6057  
Epoch 033 |  Time(s) 0.0829 | RobustPrompt-I Loss 1.5497  
Epoch 034 |  Time(s) 0.0852 | RobustPrompt-I Loss 1.5668  
Epoch 035 |  Time(s) 0.0851 | RobustPrompt-I Loss 1.5468  
Epoch 036 |  Time(s) 0.0827 | RobustPrompt-I Loss 1.5221  
Epoch 037 |  Time(s) 0.0839 | RobustPrompt-I Loss 1.5496  
Epoch 038 |  Time(s) 0.0838 | RobustPrompt-I Loss 1.4971  
Epoch 039 |  Time(s) 0.0828 | RobustPrompt-I Loss 1.5981  
Epoch 040 |  Time(s) 0.1182 | RobustPrompt-I Loss 1.6102  
Epoch 041 |  Time(s) 0.0830 | RobustPrompt-I Loss 1.4567  
Epoch 042 |  Time(s) 0.0848 | RobustPrompt-I Loss 1.6166  
Epoch 043 |  Time(s) 0.0901 | RobustPrompt-I Loss 1.6586  
Epoch 044 |  Time(s) 0.0827 | RobustPrompt-I Loss 1.4851  
Epoch 045 |  Time(s) 0.0834 | RobustPrompt-I Loss 1.5298  
Epoch 046 |  Time(s) 0.0838 | RobustPrompt-I Loss 1.6543  
Epoch 047 |  Time(s) 0.0846 | RobustPrompt-I Loss 1.5331  
Epoch 048 |  Time(s) 0.0829 | RobustPrompt-I Loss 1.4084  
Epoch 049 |  Time(s) 0.0831 | RobustPrompt-I Loss 1.4783  
Epoch 050 |  Time(s) 0.0833 | RobustPrompt-I Loss 1.4295  
Epoch 051 |  Time(s) 0.0829 | RobustPrompt-I Loss 1.4060  
Epoch 052 |  Time(s) 0.0825 | RobustPrompt-I Loss 1.4415  
Epoch 053 |  Time(s) 0.0841 | RobustPrompt-I Loss 1.4004  
Epoch 054 |  Time(s) 0.0846 | RobustPrompt-I Loss 1.3597  
Epoch 055 |  Time(s) 0.0842 | RobustPrompt-I Loss 1.4153  
Epoch 056 |  Time(s) 0.0836 | RobustPrompt-I Loss 1.3594  
Epoch 057 |  Time(s) 0.0839 | RobustPrompt-I Loss 1.4375  
Epoch 058 |  Time(s) 0.0858 | RobustPrompt-I Loss 1.4336  
Epoch 059 |  Time(s) 0.0849 | RobustPrompt-I Loss 1.4286  
Epoch 060 |  Time(s) 0.0824 | RobustPrompt-I Loss 1.3804  
Epoch 061 |  Time(s) 0.0837 | RobustPrompt-I Loss 1.3524  
Epoch 062 |  Time(s) 0.0826 | RobustPrompt-I Loss 1.3496  
Epoch 063 |  Time(s) 0.0840 | RobustPrompt-I Loss 1.3707  
Epoch 064 |  Time(s) 0.0851 | RobustPrompt-I Loss 1.3115  
Epoch 065 |  Time(s) 0.0849 | RobustPrompt-I Loss 1.3638  
Epoch 066 |  Time(s) 0.0846 | RobustPrompt-I Loss 1.3653  
Epoch 067 |  Time(s) 0.0832 | RobustPrompt-I Loss 1.3352  
Epoch 068 |  Time(s) 0.0831 | RobustPrompt-I Loss 1.2995  
Epoch 069 |  Time(s) 0.0864 | RobustPrompt-I Loss 1.2942  
Epoch 070 |  Time(s) 0.0866 | RobustPrompt-I Loss 1.2939  
Epoch 071 |  Time(s) 0.0836 | RobustPrompt-I Loss 1.3013  
Epoch 072 |  Time(s) 0.0832 | RobustPrompt-I Loss 1.2662  
Epoch 073 |  Time(s) 0.0832 | RobustPrompt-I Loss 1.2870  
Epoch 074 |  Time(s) 0.0834 | RobustPrompt-I Loss 1.2729  
Epoch 075 |  Time(s) 0.0834 | RobustPrompt-I Loss 1.2544  
Epoch 076 |  Time(s) 0.0836 | RobustPrompt-I Loss 1.2398  
Epoch 077 |  Time(s) 0.0830 | RobustPrompt-I Loss 1.2518  
Epoch 078 |  Time(s) 0.0830 | RobustPrompt-I Loss nan  
Epoch 079 |  Time(s) 0.0828 | RobustPrompt-I Loss nan  
Epoch 080 |  Time(s) 0.0835 | RobustPrompt-I Loss nan  
Epoch 081 |  Time(s) 0.0833 | RobustPrompt-I Loss nan  
Epoch 082 |  Time(s) 0.0833 | RobustPrompt-I Loss nan  
Epoch 083 |  Time(s) 0.0836 | RobustPrompt-I Loss nan  
Epoch 084 |  Time(s) 0.0840 | RobustPrompt-I Loss nan  
Epoch 085 |  Time(s) 0.0832 | RobustPrompt-I Loss nan  
Epoch 086 |  Time(s) 0.0829 | RobustPrompt-I Loss nan  
Epoch 087 |  Time(s) 0.0833 | RobustPrompt-I Loss nan  
Epoch 088 |  Time(s) 0.0848 | RobustPrompt-I Loss nan  
Epoch 089 |  Time(s) 0.0833 | RobustPrompt-I Loss nan  
Epoch 090 |  Time(s) 0.0832 | RobustPrompt-I Loss nan  
Epoch 091 |  Time(s) 0.0832 | RobustPrompt-I Loss nan  
Epoch 092 |  Time(s) 0.0826 | RobustPrompt-I Loss nan  
Epoch 093 |  Time(s) 0.0836 | RobustPrompt-I Loss nan  
Epoch 094 |  Time(s) 0.0840 | RobustPrompt-I Loss nan  
Epoch 095 |  Time(s) 0.0825 | RobustPrompt-I Loss nan  
----------------------------------------------------------------------------------------------------
Early stopping at 96 eopch!
load LLC or attacked data with specified split
Successfully loaded the attack of dataname with few shot 5, split 1
Attack method : Meta_Self | Attack ptb : 0.0 | Dataset: Cora
======================
Number of graphs: 1
Number of features: 1433
Number of classes: 7

Data(x=[2708, 1433], edge_index=[2, 13264], y=[2708], train_mask=[2708], val_mask=[2708], test_mask=[2708])
===========================================================================================================
Number of nodes: 2708
Number of edges: 13264
Average node degree: 4.90
Has isolated nodes: False
Has self-loops: True
Is undirected: True
GCN(
  (conv_layers): ModuleList(
    (0): GCNConv(1433, 256)
    (1): GCNConv(256, 256)
  )
)
Successfully loaded pre-trained weights!
use RobustPrompt Inductive
defense pt dict :  {'sim_pt': -1.0, 'degree_pt': -1, 'out_detect_pt': 0.4, 'other_pt': 'all'}
use_attention :  False
kl_global :  False
cosine_constraint :  True
pt_threshold :  0.25
filter_module :  OriginalFilter
temperature :  1.0
weight_mse 0.1
weight_kl :  0.1
weight_constraint :  0.0
prepare induce graph data is finished!
run RobustPrompt-I
Epoch 001 |  Time(s) 0.0909 | RobustPrompt-I Loss 1.9469  
Epoch 002 |  Time(s) 0.0831 | RobustPrompt-I Loss 1.9442  
Epoch 003 |  Time(s) 0.0825 | RobustPrompt-I Loss 1.9332  
Epoch 004 |  Time(s) 0.0824 | RobustPrompt-I Loss 1.9197  
Epoch 005 |  Time(s) 0.0823 | RobustPrompt-I Loss 1.9055  
Epoch 006 |  Time(s) 0.0830 | RobustPrompt-I Loss 1.8830  
Epoch 007 |  Time(s) 0.0838 | RobustPrompt-I Loss 1.8663  
Epoch 008 |  Time(s) 0.0835 | RobustPrompt-I Loss 1.8404  
Epoch 009 |  Time(s) 0.0857 | RobustPrompt-I Loss 1.8137  
Epoch 010 |  Time(s) 0.0837 | RobustPrompt-I Loss 1.8008  
Epoch 011 |  Time(s) 0.0831 | RobustPrompt-I Loss 1.7926  
Epoch 012 |  Time(s) 0.0833 | RobustPrompt-I Loss 1.7694  
Epoch 013 |  Time(s) 0.0833 | RobustPrompt-I Loss 1.7657  
Epoch 014 |  Time(s) 0.0838 | RobustPrompt-I Loss 1.7532  
Epoch 015 |  Time(s) 0.0841 | RobustPrompt-I Loss 1.7537  
Epoch 016 |  Time(s) 0.0831 | RobustPrompt-I Loss 1.7376  
Epoch 017 |  Time(s) 0.0829 | RobustPrompt-I Loss 1.7286  
Epoch 018 |  Time(s) 0.0830 | RobustPrompt-I Loss 1.7164  
Epoch 019 |  Time(s) 0.0833 | RobustPrompt-I Loss 1.7111  
Epoch 020 |  Time(s) 0.0827 | RobustPrompt-I Loss 1.6971  
Epoch 021 |  Time(s) 0.0835 | RobustPrompt-I Loss 1.6964  
Epoch 022 |  Time(s) 0.0831 | RobustPrompt-I Loss 1.6763  
Epoch 023 |  Time(s) 0.0847 | RobustPrompt-I Loss 1.6658  
Epoch 024 |  Time(s) 0.0832 | RobustPrompt-I Loss 1.6596  
Epoch 025 |  Time(s) 0.0829 | RobustPrompt-I Loss 1.6356  
Epoch 026 |  Time(s) 0.0828 | RobustPrompt-I Loss 1.6387  
Epoch 027 |  Time(s) 0.0845 | RobustPrompt-I Loss 1.6221  
Epoch 028 |  Time(s) 0.0853 | RobustPrompt-I Loss 1.6281  
Epoch 029 |  Time(s) 0.0834 | RobustPrompt-I Loss 1.6315  
Epoch 030 |  Time(s) 0.0837 | RobustPrompt-I Loss 1.5900  
Epoch 031 |  Time(s) 0.1205 | RobustPrompt-I Loss 1.6049  
Epoch 032 |  Time(s) 0.0853 | RobustPrompt-I Loss 1.5663  
Epoch 033 |  Time(s) 0.0945 | RobustPrompt-I Loss 1.5826  
Epoch 034 |  Time(s) 0.2360 | RobustPrompt-I Loss 1.5410  
Epoch 035 |  Time(s) 0.0978 | RobustPrompt-I Loss 1.5535  
Epoch 036 |  Time(s) 0.1454 | RobustPrompt-I Loss 1.5183  
Epoch 037 |  Time(s) 0.1041 | RobustPrompt-I Loss 1.5181  
Epoch 038 |  Time(s) 0.1025 | RobustPrompt-I Loss 1.5072  
Epoch 039 |  Time(s) 0.0838 | RobustPrompt-I Loss 1.4817  
Epoch 040 |  Time(s) 0.0841 | RobustPrompt-I Loss 1.5003  
Epoch 041 |  Time(s) 0.0835 | RobustPrompt-I Loss 1.4755  
Epoch 042 |  Time(s) 0.1305 | RobustPrompt-I Loss 1.4768  
Epoch 043 |  Time(s) 0.1480 | RobustPrompt-I Loss 1.4362  
Epoch 044 |  Time(s) 0.0924 | RobustPrompt-I Loss 1.4600  
Epoch 045 |  Time(s) 0.0849 | RobustPrompt-I Loss 1.4383  
Epoch 046 |  Time(s) 0.0899 | RobustPrompt-I Loss 1.4140  
Epoch 047 |  Time(s) 0.0841 | RobustPrompt-I Loss 1.3880  
Epoch 048 |  Time(s) 0.0843 | RobustPrompt-I Loss 1.4092  
Epoch 049 |  Time(s) 0.0896 | RobustPrompt-I Loss 1.3799  
Epoch 050 |  Time(s) 0.0843 | RobustPrompt-I Loss 1.3795  
Epoch 051 |  Time(s) 0.0841 | RobustPrompt-I Loss 1.3767  
Epoch 052 |  Time(s) 0.0847 | RobustPrompt-I Loss 1.3180  
Epoch 053 |  Time(s) 0.0849 | RobustPrompt-I Loss nan  
Epoch 054 |  Time(s) 0.0876 | RobustPrompt-I Loss nan  
Epoch 055 |  Time(s) 0.0848 | RobustPrompt-I Loss nan  
Epoch 056 |  Time(s) 0.0845 | RobustPrompt-I Loss nan  
Epoch 057 |  Time(s) 0.0844 | RobustPrompt-I Loss nan  
Epoch 058 |  Time(s) 0.0854 | RobustPrompt-I Loss nan  
Epoch 059 |  Time(s) 0.0852 | RobustPrompt-I Loss nan  
Epoch 060 |  Time(s) 0.0850 | RobustPrompt-I Loss nan  
Epoch 061 |  Time(s) 0.0857 | RobustPrompt-I Loss nan  
Epoch 062 |  Time(s) 0.0853 | RobustPrompt-I Loss nan  
Epoch 063 |  Time(s) 0.0851 | RobustPrompt-I Loss nan  
Epoch 064 |  Time(s) 0.0848 | RobustPrompt-I Loss nan  
Epoch 065 |  Time(s) 0.0854 | RobustPrompt-I Loss nan  
Epoch 066 |  Time(s) 0.0853 | RobustPrompt-I Loss nan  
Epoch 067 |  Time(s) 0.0850 | RobustPrompt-I Loss nan  
Epoch 068 |  Time(s) 0.0848 | RobustPrompt-I Loss nan  
Epoch 069 |  Time(s) 0.0851 | RobustPrompt-I Loss nan  
Epoch 070 |  Time(s) 0.0854 | RobustPrompt-I Loss nan  
Epoch 071 |  Time(s) 0.0846 | RobustPrompt-I Loss nan  
----------------------------------------------------------------------------------------------------
Early stopping at 72 eopch!
load LLC or attacked data with specified split
Successfully loaded the attack of dataname with few shot 5, split 1
Attack method : Meta_Self | Attack ptb : 0.0 | Dataset: Cora
======================
Number of graphs: 1
Number of features: 1433
Number of classes: 7

Data(x=[2708, 1433], edge_index=[2, 13264], y=[2708], train_mask=[2708], val_mask=[2708], test_mask=[2708])
===========================================================================================================
Number of nodes: 2708
Number of edges: 13264
Average node degree: 4.90
Has isolated nodes: False
Has self-loops: True
Is undirected: True
GCN(
  (conv_layers): ModuleList(
    (0): GCNConv(1433, 256)
    (1): GCNConv(256, 256)
  )
)
Successfully loaded pre-trained weights!
use RobustPrompt Inductive
defense pt dict :  {'sim_pt': -1.0, 'degree_pt': -1, 'out_detect_pt': 0.4, 'other_pt': 'all'}
use_attention :  False
kl_global :  False
cosine_constraint :  True
pt_threshold :  0.25
filter_module :  OriginalFilter
temperature :  1.0
weight_mse 0.1
weight_kl :  0.1
weight_constraint :  0.0
prepare induce graph data is finished!
run RobustPrompt-I
Epoch 001 |  Time(s) 0.1014 | RobustPrompt-I Loss 1.9384  
Epoch 002 |  Time(s) 0.0864 | RobustPrompt-I Loss 1.9551  
Epoch 003 |  Time(s) 0.0857 | RobustPrompt-I Loss 1.9277  
Epoch 004 |  Time(s) 0.0855 | RobustPrompt-I Loss 1.9150  
Epoch 005 |  Time(s) 0.0854 | RobustPrompt-I Loss 1.9077  
Epoch 006 |  Time(s) 0.0859 | RobustPrompt-I Loss 1.8903  
Epoch 007 |  Time(s) 0.0857 | RobustPrompt-I Loss 1.8681  
Epoch 008 |  Time(s) 0.0858 | RobustPrompt-I Loss 1.8406  
Epoch 009 |  Time(s) 0.0853 | RobustPrompt-I Loss 1.8196  
Epoch 010 |  Time(s) 0.0857 | RobustPrompt-I Loss 1.8065  
Epoch 011 |  Time(s) 0.0849 | RobustPrompt-I Loss 1.7890  
Epoch 012 |  Time(s) 0.0858 | RobustPrompt-I Loss 1.7781  
Epoch 013 |  Time(s) 0.0855 | RobustPrompt-I Loss 1.7566  
Epoch 014 |  Time(s) 0.0859 | RobustPrompt-I Loss 1.7463  
Epoch 015 |  Time(s) 0.0849 | RobustPrompt-I Loss 1.7409  
Epoch 016 |  Time(s) 0.0861 | RobustPrompt-I Loss 1.7364  
Epoch 017 |  Time(s) 0.0847 | RobustPrompt-I Loss 1.7174  
Epoch 018 |  Time(s) 0.0862 | RobustPrompt-I Loss 1.7127  
Epoch 019 |  Time(s) 0.0856 | RobustPrompt-I Loss 1.7020  
Epoch 020 |  Time(s) 0.0859 | RobustPrompt-I Loss 1.6973  
Epoch 021 |  Time(s) 0.0863 | RobustPrompt-I Loss 1.6820  
Epoch 022 |  Time(s) 0.0846 | RobustPrompt-I Loss 1.6721  
Epoch 023 |  Time(s) 0.0876 | RobustPrompt-I Loss 1.6683  
Epoch 024 |  Time(s) 0.0849 | RobustPrompt-I Loss 1.6560  
Epoch 025 |  Time(s) 0.0847 | RobustPrompt-I Loss 1.6542  
Epoch 026 |  Time(s) 0.0847 | RobustPrompt-I Loss 1.6533  
Epoch 027 |  Time(s) 0.0850 | RobustPrompt-I Loss 1.6281  
Epoch 028 |  Time(s) 0.0857 | RobustPrompt-I Loss 1.6303  
Epoch 029 |  Time(s) 0.0856 | RobustPrompt-I Loss 1.6051  
Epoch 030 |  Time(s) 0.0859 | RobustPrompt-I Loss 1.6142  
Epoch 031 |  Time(s) 0.0850 | RobustPrompt-I Loss 1.6060  
Epoch 032 |  Time(s) 0.0860 | RobustPrompt-I Loss 1.5772  
Epoch 033 |  Time(s) 0.0847 | RobustPrompt-I Loss 1.5855  
Epoch 034 |  Time(s) 0.0849 | RobustPrompt-I Loss 1.5582  
Epoch 035 |  Time(s) 0.0848 | RobustPrompt-I Loss 1.5839  
Epoch 036 |  Time(s) 0.0857 | RobustPrompt-I Loss 1.5340  
Epoch 037 |  Time(s) 0.0861 | RobustPrompt-I Loss 1.5735  
Epoch 038 |  Time(s) 0.0866 | RobustPrompt-I Loss 1.5494  
Epoch 039 |  Time(s) 0.0857 | RobustPrompt-I Loss 1.5168  
Epoch 040 |  Time(s) 0.0858 | RobustPrompt-I Loss 1.5207  
Epoch 041 |  Time(s) 0.0856 | RobustPrompt-I Loss 1.4825  
Epoch 042 |  Time(s) 0.0885 | RobustPrompt-I Loss 1.4730  
Epoch 043 |  Time(s) 0.0865 | RobustPrompt-I Loss 1.4860  
Epoch 044 |  Time(s) 0.0857 | RobustPrompt-I Loss 1.4669  
Epoch 045 |  Time(s) 0.0881 | RobustPrompt-I Loss 1.4438  
Epoch 046 |  Time(s) 0.1622 | RobustPrompt-I Loss 1.4479  
Epoch 047 |  Time(s) 0.0872 | RobustPrompt-I Loss 1.4197  
Epoch 048 |  Time(s) 0.0873 | RobustPrompt-I Loss 1.3908  
Epoch 049 |  Time(s) 0.0853 | RobustPrompt-I Loss 1.3896  
Epoch 050 |  Time(s) 0.0853 | RobustPrompt-I Loss 1.3684  
Epoch 051 |  Time(s) 0.0875 | RobustPrompt-I Loss 1.3782  
Epoch 052 |  Time(s) 0.0852 | RobustPrompt-I Loss 1.3464  
Epoch 053 |  Time(s) 0.0868 | RobustPrompt-I Loss 1.3221  
Epoch 054 |  Time(s) 0.0863 | RobustPrompt-I Loss 1.3402  
Epoch 055 |  Time(s) 0.0864 | RobustPrompt-I Loss 1.2954  
Epoch 056 |  Time(s) 0.0884 | RobustPrompt-I Loss 1.2803  
Epoch 057 |  Time(s) 0.0858 | RobustPrompt-I Loss 1.2707  
Epoch 058 |  Time(s) 0.0845 | RobustPrompt-I Loss 1.2687  
Epoch 059 |  Time(s) 0.0850 | RobustPrompt-I Loss 1.2391  
Epoch 060 |  Time(s) 0.0876 | RobustPrompt-I Loss 1.2081  
Epoch 061 |  Time(s) 0.0870 | RobustPrompt-I Loss 1.2112  
Epoch 062 |  Time(s) 0.0866 | RobustPrompt-I Loss 1.2097  
Epoch 063 |  Time(s) 0.0940 | RobustPrompt-I Loss 1.1599  
Epoch 064 |  Time(s) 0.0913 | RobustPrompt-I Loss 1.1511  
Epoch 065 |  Time(s) 0.0964 | RobustPrompt-I Loss 1.1965  
Epoch 066 |  Time(s) 0.0864 | RobustPrompt-I Loss 1.1405  
Epoch 067 |  Time(s) 0.0870 | RobustPrompt-I Loss 1.2360  
Epoch 068 |  Time(s) 0.0879 | RobustPrompt-I Loss 1.2406  
Epoch 069 |  Time(s) 0.0853 | RobustPrompt-I Loss 1.1170  
Epoch 070 |  Time(s) 0.0859 | RobustPrompt-I Loss 1.1691  
Epoch 071 |  Time(s) 0.0872 | RobustPrompt-I Loss 1.1774  
Epoch 072 |  Time(s) 0.0850 | RobustPrompt-I Loss 1.0944  
Epoch 073 |  Time(s) 0.0872 | RobustPrompt-I Loss 1.1431  
Epoch 074 |  Time(s) 0.0879 | RobustPrompt-I Loss 1.1458  
Epoch 075 |  Time(s) 0.0861 | RobustPrompt-I Loss 1.0332  
Epoch 076 |  Time(s) 0.0866 | RobustPrompt-I Loss 1.0481  
Epoch 077 |  Time(s) 0.0892 | RobustPrompt-I Loss 1.0415  
Epoch 078 |  Time(s) 0.1876 | RobustPrompt-I Loss 1.0218  
Epoch 079 |  Time(s) 0.1515 | RobustPrompt-I Loss 1.0403  
Epoch 080 |  Time(s) 0.0959 | RobustPrompt-I Loss 1.0014  
Epoch 081 |  Time(s) 0.0931 | RobustPrompt-I Loss 1.1215  
Epoch 082 |  Time(s) 0.0899 | RobustPrompt-I Loss 1.1344  
Epoch 083 |  Time(s) 0.0866 | RobustPrompt-I Loss 0.9839  
Epoch 084 |  Time(s) 0.0869 | RobustPrompt-I Loss 1.1627  
Epoch 085 |  Time(s) 0.0857 | RobustPrompt-I Loss 1.2319  
Epoch 086 |  Time(s) 0.0873 | RobustPrompt-I Loss 1.0194  
Epoch 087 |  Time(s) 0.1432 | RobustPrompt-I Loss 1.0831  
Epoch 088 |  Time(s) 0.2203 | RobustPrompt-I Loss 1.2070  
Epoch 089 |  Time(s) 0.1055 | RobustPrompt-I Loss 1.0393  
Epoch 090 |  Time(s) 0.2222 | RobustPrompt-I Loss 1.0030  
Epoch 091 |  Time(s) 0.3022 | RobustPrompt-I Loss 1.0729  
Epoch 092 |  Time(s) 0.2135 | RobustPrompt-I Loss 0.9759  
Epoch 093 |  Time(s) 0.3005 | RobustPrompt-I Loss 1.0422  
Epoch 094 |  Time(s) 0.1630 | RobustPrompt-I Loss 1.1013  
Epoch 095 |  Time(s) 0.0960 | RobustPrompt-I Loss 1.0075  
Epoch 096 |  Time(s) 0.0948 | RobustPrompt-I Loss 0.9654  
Epoch 097 |  Time(s) 0.0910 | RobustPrompt-I Loss 0.9985  
Epoch 098 |  Time(s) 0.0895 | RobustPrompt-I Loss 0.9390  
Epoch 099 |  Time(s) 0.0889 | RobustPrompt-I Loss 0.9894  
Epoch 100 |  Time(s) 0.0904 | RobustPrompt-I Loss 0.9946  
Epoch 101 |  Time(s) 0.0886 | RobustPrompt-I Loss 0.9365  
Epoch 102 |  Time(s) 0.0884 | RobustPrompt-I Loss 0.9756  
Epoch 103 |  Time(s) 0.0902 | RobustPrompt-I Loss 0.9990  
Epoch 104 |  Time(s) 0.0891 | RobustPrompt-I Loss 0.9253  
Epoch 105 |  Time(s) 0.0884 | RobustPrompt-I Loss 0.9517  
Epoch 106 |  Time(s) 0.0913 | RobustPrompt-I Loss 0.9482  
Epoch 107 |  Time(s) 0.2100 | RobustPrompt-I Loss 0.8909  
Epoch 108 |  Time(s) 0.3150 | RobustPrompt-I Loss 0.9178  
Epoch 109 |  Time(s) 0.1986 | RobustPrompt-I Loss 0.9018  
Epoch 110 |  Time(s) 0.0984 | RobustPrompt-I Loss 0.8780  
Epoch 111 |  Time(s) 0.0977 | RobustPrompt-I Loss 0.8954  
Epoch 112 |  Time(s) 0.0918 | RobustPrompt-I Loss 0.8613  
Epoch 113 |  Time(s) 0.0916 | RobustPrompt-I Loss 0.8914  
Epoch 114 |  Time(s) 0.0862 | RobustPrompt-I Loss 0.8791  
Epoch 115 |  Time(s) 0.0868 | RobustPrompt-I Loss 0.8430  
Epoch 116 |  Time(s) 0.0868 | RobustPrompt-I Loss 0.8825  
Epoch 117 |  Time(s) 0.0863 | RobustPrompt-I Loss 0.8711  
Epoch 118 |  Time(s) 0.0865 | RobustPrompt-I Loss 0.8240  
Epoch 119 |  Time(s) 0.1414 | RobustPrompt-I Loss 0.8439  
Epoch 120 |  Time(s) 0.0900 | RobustPrompt-I Loss 0.8119  
Epoch 121 |  Time(s) 0.0862 | RobustPrompt-I Loss 0.8779  
Epoch 122 |  Time(s) 0.0859 | RobustPrompt-I Loss 0.8910  
Epoch 123 |  Time(s) 0.0848 | RobustPrompt-I Loss 0.8238  
Epoch 124 |  Time(s) 0.0853 | RobustPrompt-I Loss 0.8904  
Epoch 125 |  Time(s) 0.1725 | RobustPrompt-I Loss 0.9326  
Epoch 126 |  Time(s) 0.1087 | RobustPrompt-I Loss 0.9279  
Epoch 127 |  Time(s) 0.0954 | RobustPrompt-I Loss 0.8366  
Epoch 128 |  Time(s) 0.0930 | RobustPrompt-I Loss 0.8606  
Epoch 129 |  Time(s) 0.0867 | RobustPrompt-I Loss 0.9001  
Epoch 130 |  Time(s) 0.0871 | RobustPrompt-I Loss 0.8833  
Epoch 131 |  Time(s) 0.0866 | RobustPrompt-I Loss 0.8056  
Epoch 132 |  Time(s) 0.0872 | RobustPrompt-I Loss 0.8784  
Epoch 133 |  Time(s) 0.1389 | RobustPrompt-I Loss 0.8942  
Epoch 134 |  Time(s) 0.0936 | RobustPrompt-I Loss 0.8510  
Epoch 135 |  Time(s) 0.0889 | RobustPrompt-I Loss 0.8122  
Epoch 136 |  Time(s) 0.0876 | RobustPrompt-I Loss 0.8516  
Epoch 137 |  Time(s) 0.0868 | RobustPrompt-I Loss 0.8579  
Epoch 138 |  Time(s) 0.0875 | RobustPrompt-I Loss 0.8505  
Epoch 139 |  Time(s) 0.0869 | RobustPrompt-I Loss 0.8179  
Epoch 140 |  Time(s) 0.0864 | RobustPrompt-I Loss nan  
Epoch 141 |  Time(s) 0.2182 | RobustPrompt-I Loss nan  
Epoch 142 |  Time(s) 0.1400 | RobustPrompt-I Loss nan  
Epoch 143 |  Time(s) 0.2345 | RobustPrompt-I Loss nan  
Epoch 144 |  Time(s) 0.1737 | RobustPrompt-I Loss nan  
Epoch 145 |  Time(s) 0.1988 | RobustPrompt-I Loss nan  
Epoch 146 |  Time(s) 0.2589 | RobustPrompt-I Loss nan  
Epoch 147 |  Time(s) 0.1212 | RobustPrompt-I Loss nan  
Epoch 148 |  Time(s) 0.0914 | RobustPrompt-I Loss nan  
Epoch 149 |  Time(s) 0.0856 | RobustPrompt-I Loss nan  
Epoch 150 |  Time(s) 0.0860 | RobustPrompt-I Loss nan  
----------------------------------------------------------------------------------------------------
Early stopping at 151 eopch!
load LLC or attacked data with specified split
Successfully loaded the attack of dataname with few shot 5, split 1
Attack method : Meta_Self | Attack ptb : 0.0 | Dataset: Cora
======================
Number of graphs: 1
Number of features: 1433
Number of classes: 7

Data(x=[2708, 1433], edge_index=[2, 13264], y=[2708], train_mask=[2708], val_mask=[2708], test_mask=[2708])
===========================================================================================================
Number of nodes: 2708
Number of edges: 13264
Average node degree: 4.90
Has isolated nodes: False
Has self-loops: True
Is undirected: True
GCN(
  (conv_layers): ModuleList(
    (0): GCNConv(1433, 256)
    (1): GCNConv(256, 256)
  )
)
Successfully loaded pre-trained weights!
use RobustPrompt Inductive
defense pt dict :  {'sim_pt': -1.0, 'degree_pt': -1, 'out_detect_pt': 0.4, 'other_pt': 'all'}
use_attention :  False
kl_global :  False
cosine_constraint :  True
pt_threshold :  0.25
filter_module :  OriginalFilter
temperature :  1.0
weight_mse 0.1
weight_kl :  0.1
weight_constraint :  0.0
prepare induce graph data is finished!
run RobustPrompt-I
Epoch 001 |  Time(s) 0.1620 | RobustPrompt-I Loss 1.9512  
Epoch 002 |  Time(s) 0.0937 | RobustPrompt-I Loss 1.9437  
Epoch 003 |  Time(s) 0.0896 | RobustPrompt-I Loss 1.9390  
Epoch 004 |  Time(s) 0.0894 | RobustPrompt-I Loss 1.9322  
Epoch 005 |  Time(s) 0.0900 | RobustPrompt-I Loss 1.9179  
Epoch 006 |  Time(s) 0.0898 | RobustPrompt-I Loss 1.8988  
Epoch 007 |  Time(s) 0.0900 | RobustPrompt-I Loss 1.8871  
Epoch 008 |  Time(s) 0.0897 | RobustPrompt-I Loss 1.8575  
Epoch 009 |  Time(s) 0.0901 | RobustPrompt-I Loss 1.8378  
Epoch 010 |  Time(s) 0.0898 | RobustPrompt-I Loss 1.8197  
Epoch 011 |  Time(s) 0.0900 | RobustPrompt-I Loss 1.8083  
Epoch 012 |  Time(s) 0.0895 | RobustPrompt-I Loss 1.7903  
Epoch 013 |  Time(s) 0.0887 | RobustPrompt-I Loss 1.7789  
Epoch 014 |  Time(s) 0.0914 | RobustPrompt-I Loss 1.7740  
Epoch 015 |  Time(s) 0.0914 | RobustPrompt-I Loss 1.7732  
Epoch 016 |  Time(s) 0.0986 | RobustPrompt-I Loss 1.7547  
Epoch 017 |  Time(s) 0.0891 | RobustPrompt-I Loss 1.7520  
Epoch 018 |  Time(s) 0.0956 | RobustPrompt-I Loss 1.7379  
Epoch 019 |  Time(s) 0.0905 | RobustPrompt-I Loss 1.7294  
Epoch 020 |  Time(s) 0.0915 | RobustPrompt-I Loss 1.7254  
Epoch 021 |  Time(s) 0.0894 | RobustPrompt-I Loss 1.7063  
Epoch 022 |  Time(s) 0.0868 | RobustPrompt-I Loss 1.7024  
Epoch 023 |  Time(s) 0.0871 | RobustPrompt-I Loss 1.6829  
Epoch 024 |  Time(s) 0.0874 | RobustPrompt-I Loss 1.6810  
Epoch 025 |  Time(s) 0.0859 | RobustPrompt-I Loss 1.6789  
Epoch 026 |  Time(s) 0.0865 | RobustPrompt-I Loss 1.6691  
Epoch 027 |  Time(s) 0.0872 | RobustPrompt-I Loss 1.6540  
Epoch 028 |  Time(s) 0.0861 | RobustPrompt-I Loss 1.6371  
Epoch 029 |  Time(s) 0.0862 | RobustPrompt-I Loss 1.6299  
Epoch 030 |  Time(s) 0.0881 | RobustPrompt-I Loss 1.6334  
Epoch 031 |  Time(s) 0.0866 | RobustPrompt-I Loss 1.6119  
Epoch 032 |  Time(s) 0.0867 | RobustPrompt-I Loss 1.5997  
Epoch 033 |  Time(s) 0.0868 | RobustPrompt-I Loss 1.5854  
Epoch 034 |  Time(s) 0.0875 | RobustPrompt-I Loss 1.5868  
Epoch 035 |  Time(s) 0.0868 | RobustPrompt-I Loss 1.5835  
Epoch 036 |  Time(s) 0.0864 | RobustPrompt-I Loss 1.5590  
Epoch 037 |  Time(s) 0.0869 | RobustPrompt-I Loss 1.5465  
Epoch 038 |  Time(s) 0.0867 | RobustPrompt-I Loss 1.5336  
Epoch 039 |  Time(s) 0.0861 | RobustPrompt-I Loss 1.5383  
Epoch 040 |  Time(s) 0.0870 | RobustPrompt-I Loss 1.5153  
Epoch 041 |  Time(s) 0.0857 | RobustPrompt-I Loss 1.4963  
Epoch 042 |  Time(s) 0.0884 | RobustPrompt-I Loss 1.4961  
Epoch 043 |  Time(s) 0.0879 | RobustPrompt-I Loss 1.4861  
Epoch 044 |  Time(s) 0.0909 | RobustPrompt-I Loss 1.4735  
Epoch 045 |  Time(s) 0.0869 | RobustPrompt-I Loss 1.4709  
Epoch 046 |  Time(s) 0.0873 | RobustPrompt-I Loss 1.4332  
Epoch 047 |  Time(s) 0.0870 | RobustPrompt-I Loss 1.4342  
Epoch 048 |  Time(s) 0.0887 | RobustPrompt-I Loss 1.4412  
Epoch 049 |  Time(s) 0.0858 | RobustPrompt-I Loss 1.4015  
Epoch 050 |  Time(s) 0.0874 | RobustPrompt-I Loss 1.4606  
Epoch 051 |  Time(s) 0.0879 | RobustPrompt-I Loss 1.4336  
Epoch 052 |  Time(s) 0.0859 | RobustPrompt-I Loss 1.3830  
Epoch 053 |  Time(s) 0.1201 | RobustPrompt-I Loss 1.4176  
Epoch 054 |  Time(s) 0.0893 | RobustPrompt-I Loss 1.3526  
Epoch 055 |  Time(s) 0.0946 | RobustPrompt-I Loss 1.4494  
Epoch 056 |  Time(s) 0.0854 | RobustPrompt-I Loss 1.4361  
Epoch 057 |  Time(s) 0.0870 | RobustPrompt-I Loss 1.3875  
Epoch 058 |  Time(s) 0.0877 | RobustPrompt-I Loss 1.3428  
Epoch 059 |  Time(s) 0.0848 | RobustPrompt-I Loss 1.4440  
Epoch 060 |  Time(s) 0.0864 | RobustPrompt-I Loss 1.4182  
Epoch 061 |  Time(s) 0.0865 | RobustPrompt-I Loss 1.3176  
Epoch 062 |  Time(s) 0.0973 | RobustPrompt-I Loss 1.3575  
Epoch 063 |  Time(s) 0.0930 | RobustPrompt-I Loss 1.3253  
Epoch 064 |  Time(s) 0.0958 | RobustPrompt-I Loss 1.2811  
Epoch 065 |  Time(s) 0.2104 | RobustPrompt-I Loss 1.3816  
Epoch 066 |  Time(s) 0.3274 | RobustPrompt-I Loss 1.3464  
Epoch 067 |  Time(s) 0.2950 | RobustPrompt-I Loss 1.2869  
Epoch 068 |  Time(s) 0.2373 | RobustPrompt-I Loss 1.2816  
Epoch 069 |  Time(s) 0.2948 | RobustPrompt-I Loss 1.2910  
Epoch 070 |  Time(s) 0.2284 | RobustPrompt-I Loss 1.2621  
Epoch 071 |  Time(s) 0.2647 | RobustPrompt-I Loss 1.2925  
Epoch 072 |  Time(s) 0.1156 | RobustPrompt-I Loss 1.2852  
Epoch 073 |  Time(s) 0.0970 | RobustPrompt-I Loss 1.2478  
Epoch 074 |  Time(s) 0.0864 | RobustPrompt-I Loss 1.2368  
Epoch 075 |  Time(s) 0.0848 | RobustPrompt-I Loss 1.2627  
Epoch 076 |  Time(s) 0.0869 | RobustPrompt-I Loss 1.2175  
Epoch 077 |  Time(s) 0.0854 | RobustPrompt-I Loss 1.2921  
Epoch 078 |  Time(s) 0.0859 | RobustPrompt-I Loss 1.2846  
Epoch 079 |  Time(s) 0.0866 | RobustPrompt-I Loss 1.1964  
Epoch 080 |  Time(s) 0.0855 | RobustPrompt-I Loss 1.2077  
Epoch 081 |  Time(s) 0.0869 | RobustPrompt-I Loss 1.2176  
Epoch 082 |  Time(s) 0.0865 | RobustPrompt-I Loss 1.1708  
Epoch 083 |  Time(s) 0.0855 | RobustPrompt-I Loss 1.2344  
Epoch 084 |  Time(s) 0.1091 | RobustPrompt-I Loss 1.1859  
Epoch 085 |  Time(s) 0.0995 | RobustPrompt-I Loss 1.2237  
Epoch 086 |  Time(s) 0.0863 | RobustPrompt-I Loss 1.2280  
Epoch 087 |  Time(s) 0.5219 | RobustPrompt-I Loss 1.1452  
Epoch 088 |  Time(s) 0.1787 | RobustPrompt-I Loss 1.1577  
Epoch 089 |  Time(s) 0.0996 | RobustPrompt-I Loss 1.1569  
Epoch 090 |  Time(s) 0.0904 | RobustPrompt-I Loss 1.1172  
Epoch 091 |  Time(s) 0.0889 | RobustPrompt-I Loss 1.1814  
Epoch 092 |  Time(s) 0.0879 | RobustPrompt-I Loss 1.1278  
Epoch 093 |  Time(s) 0.0886 | RobustPrompt-I Loss 1.1896  
Epoch 094 |  Time(s) 0.0896 | RobustPrompt-I Loss 1.1955  
Epoch 095 |  Time(s) 0.0884 | RobustPrompt-I Loss 1.0818  
Epoch 096 |  Time(s) 0.0893 | RobustPrompt-I Loss 1.1158  
Epoch 097 |  Time(s) 0.0888 | RobustPrompt-I Loss 1.0776  
Epoch 098 |  Time(s) 0.0894 | RobustPrompt-I Loss 1.1234  
Epoch 099 |  Time(s) 0.0897 | RobustPrompt-I Loss 1.0936  
Epoch 100 |  Time(s) 0.0899 | RobustPrompt-I Loss 1.0861  
Epoch 101 |  Time(s) 0.0886 | RobustPrompt-I Loss 1.0710  
Epoch 102 |  Time(s) 0.0881 | RobustPrompt-I Loss 1.0720  
Epoch 103 |  Time(s) 0.0881 | RobustPrompt-I Loss 1.0571  
Epoch 104 |  Time(s) 0.0886 | RobustPrompt-I Loss 1.0530  
Epoch 105 |  Time(s) 0.0871 | RobustPrompt-I Loss 1.0397  
Epoch 106 |  Time(s) 0.0882 | RobustPrompt-I Loss 1.0341  
Epoch 107 |  Time(s) 0.0879 | RobustPrompt-I Loss 1.0160  
Epoch 108 |  Time(s) 0.0882 | RobustPrompt-I Loss 1.0391  
Epoch 109 |  Time(s) 0.0898 | RobustPrompt-I Loss 1.0219  
Epoch 110 |  Time(s) 0.1181 | RobustPrompt-I Loss 1.0018  
Epoch 111 |  Time(s) 0.0879 | RobustPrompt-I Loss 0.9954  
Epoch 112 |  Time(s) 0.0879 | RobustPrompt-I Loss nan  
Epoch 113 |  Time(s) 0.0880 | RobustPrompt-I Loss nan  
Epoch 114 |  Time(s) 0.0879 | RobustPrompt-I Loss nan  
Epoch 115 |  Time(s) 0.0886 | RobustPrompt-I Loss nan  
Epoch 116 |  Time(s) 0.0886 | RobustPrompt-I Loss nan  
Epoch 117 |  Time(s) 0.0885 | RobustPrompt-I Loss nan  
Epoch 118 |  Time(s) 0.0892 | RobustPrompt-I Loss nan  
Epoch 119 |  Time(s) 0.0886 | RobustPrompt-I Loss nan  
Epoch 120 |  Time(s) 0.0885 | RobustPrompt-I Loss nan  
Epoch 121 |  Time(s) 0.0890 | RobustPrompt-I Loss nan  
Epoch 122 |  Time(s) 0.0890 | RobustPrompt-I Loss nan  
Epoch 123 |  Time(s) 0.0927 | RobustPrompt-I Loss nan  
Epoch 124 |  Time(s) 0.0967 | RobustPrompt-I Loss nan  
Epoch 125 |  Time(s) 0.0916 | RobustPrompt-I Loss nan  
Epoch 126 |  Time(s) 0.0922 | RobustPrompt-I Loss nan  
Epoch 127 |  Time(s) 0.0893 | RobustPrompt-I Loss nan  
Epoch 128 |  Time(s) 0.0887 | RobustPrompt-I Loss nan  
Epoch 129 |  Time(s) 0.0895 | RobustPrompt-I Loss nan  
Epoch 130 |  Time(s) 0.0893 | RobustPrompt-I Loss nan  
----------------------------------------------------------------------------------------------------
Early stopping at 131 eopch!
{1: {1: 0.13099999725818634}, 2: {1: nan}, 3: {1: nan}, 4: {1: nan}, 5: {1: nan}}
{1: {1: 0.13099999725818634, 2: nan, 3: nan, 4: nan, 5: nan}}
########################################################################################
seed: 1 | split 1 : 0.13099999725818634
# Seed 1 Muti Split Final Acc: 0.1310±0.0000
seed: 2 | split 1 : nan
# Seed 2 Muti Split Final Acc: nan±nan
seed: 3 | split 1 : nan
# Seed 3 Muti Split Final Acc: nan±nan
seed: 4 | split 1 : nan
# Seed 4 Muti Split Final Acc: nan±nan
seed: 5 | split 1 : nan
# Seed 5 Muti Split Final Acc: nan±nan
########################################################################################
split: 1 | seed 1 : 0.13099999725818634
split: 1 | seed 2 : nan
split: 1 | seed 3 : nan
split: 1 | seed 4 : nan
split: 1 | seed 5 : nan
# Split 1 Muti Seed Acc without min value: nan±nan
########################################################################################
Done phase=ood, ood=0.4, ptb=0.0, end=2026-06-09 00:12:23, duration=00:01:03
