Start phase=ood, ood=0.7, ptb=0.2, time=2026-06-09 00:31:53, log=logs/RobustPrompt-I/ft_ood0.7_0.2_20260609_003153.log
load LLC or attacked data with specified split
Successfully loaded the attack of dataname with few shot 5, split 1
Attack method : Meta_Self | Attack ptb : 0.2 | Dataset: Cora
======================
Number of graphs: 1
Number of features: 1433
Number of classes: 7

Data(x=[2708, 1433], edge_index=[2, 15412], y=[2708], train_mask=[2708], val_mask=[2708], test_mask=[2708])
===========================================================================================================
Number of nodes: 2708
Number of edges: 15412
Average node degree: 5.69
Has isolated nodes: False
Has self-loops: True
Is undirected: True
GCN(
  (conv_layers): ModuleList(
    (0): GCNConv(1433, 256)
    (1): GCNConv(256, 256)
  )
)
Successfully loaded pre-trained weights!
use RobustPrompt Inductive
defense pt dict :  {'sim_pt': -1.0, 'degree_pt': -1, 'out_detect_pt': 0.7, 'other_pt': 'all'}
use_attention :  False
kl_global :  False
cosine_constraint :  True
pt_threshold :  0.25
filter_module :  OriginalFilter
temperature :  1.0
weight_mse 0.1
weight_kl :  0.1
weight_constraint :  0.0
prepare induce graph data is finished!
run RobustPrompt-I
Epoch 001 |  Time(s) 0.4214 | RobustPrompt-I Loss 1.9445  
Epoch 002 |  Time(s) 0.0837 | RobustPrompt-I Loss 1.9342  
Epoch 003 |  Time(s) 0.1046 | RobustPrompt-I Loss 1.8961  
Epoch 004 |  Time(s) 0.0941 | RobustPrompt-I Loss 1.8669  
Epoch 005 |  Time(s) 0.0843 | RobustPrompt-I Loss 1.8143  
Epoch 006 |  Time(s) 0.2302 | RobustPrompt-I Loss 1.7628  
Epoch 007 |  Time(s) 0.1205 | RobustPrompt-I Loss 1.7150  
Epoch 008 |  Time(s) 0.1720 | RobustPrompt-I Loss 1.6602  
Epoch 009 |  Time(s) 0.0855 | RobustPrompt-I Loss 1.6226  
Epoch 010 |  Time(s) 0.0794 | RobustPrompt-I Loss 1.6035  
Epoch 011 |  Time(s) 0.0814 | RobustPrompt-I Loss 1.5814  
Epoch 012 |  Time(s) 0.0819 | RobustPrompt-I Loss 1.5645  
Epoch 013 |  Time(s) 0.0797 | RobustPrompt-I Loss 1.5579  
Epoch 014 |  Time(s) 0.0960 | RobustPrompt-I Loss 1.5482  
Epoch 015 |  Time(s) 0.1933 | RobustPrompt-I Loss 1.5264  
Epoch 016 |  Time(s) 0.0888 | RobustPrompt-I Loss 1.5171  
Epoch 017 |  Time(s) 0.0854 | RobustPrompt-I Loss 1.5027  
Epoch 018 |  Time(s) 0.0802 | RobustPrompt-I Loss 1.4977  
Epoch 019 |  Time(s) 0.0801 | RobustPrompt-I Loss 1.4955  
Epoch 020 |  Time(s) 0.0801 | RobustPrompt-I Loss 1.4931  
Epoch 021 |  Time(s) 0.0804 | RobustPrompt-I Loss 1.4711  
Epoch 022 |  Time(s) 0.0818 | RobustPrompt-I Loss 1.4403  
Epoch 023 |  Time(s) 0.0790 | RobustPrompt-I Loss 1.4372  
Epoch 024 |  Time(s) 0.0790 | RobustPrompt-I Loss 1.4410  
Epoch 025 |  Time(s) 0.0805 | RobustPrompt-I Loss 1.4069  
Epoch 026 |  Time(s) 0.0818 | RobustPrompt-I Loss 1.3911  
Epoch 027 |  Time(s) 0.0799 | RobustPrompt-I Loss 1.3857  
Epoch 028 |  Time(s) 0.0834 | RobustPrompt-I Loss 1.3977  
Epoch 029 |  Time(s) 0.1468 | RobustPrompt-I Loss 1.3508  
Epoch 030 |  Time(s) 0.1718 | RobustPrompt-I Loss 1.3822  
Epoch 031 |  Time(s) 0.1046 | RobustPrompt-I Loss 1.3252  
Epoch 032 |  Time(s) 0.0891 | RobustPrompt-I Loss 1.3935  
Epoch 033 |  Time(s) 0.0889 | RobustPrompt-I Loss 1.3376  
Epoch 034 |  Time(s) 0.0813 | RobustPrompt-I Loss 1.3658  
Epoch 035 |  Time(s) 0.0809 | RobustPrompt-I Loss 1.3584  
Epoch 036 |  Time(s) 0.0814 | RobustPrompt-I Loss 1.2507  
Epoch 037 |  Time(s) 0.1354 | RobustPrompt-I Loss 1.2774  
Epoch 038 |  Time(s) 0.0842 | RobustPrompt-I Loss 1.2214  
Epoch 039 |  Time(s) 0.0816 | RobustPrompt-I Loss 1.2366  
Epoch 040 |  Time(s) 0.0813 | RobustPrompt-I Loss 1.1895  
Epoch 041 |  Time(s) 0.0808 | RobustPrompt-I Loss 1.1977  
Epoch 042 |  Time(s) 0.0813 | RobustPrompt-I Loss 1.1702  
Epoch 043 |  Time(s) 0.0810 | RobustPrompt-I Loss 1.1437  
Epoch 044 |  Time(s) 0.0801 | RobustPrompt-I Loss 1.1777  
Epoch 045 |  Time(s) 0.0814 | RobustPrompt-I Loss 1.1170  
Epoch 046 |  Time(s) 0.1348 | RobustPrompt-I Loss 1.1689  
Epoch 047 |  Time(s) 0.0864 | RobustPrompt-I Loss 1.1855  
Epoch 048 |  Time(s) 0.0805 | RobustPrompt-I Loss 1.0745  
Epoch 049 |  Time(s) 0.0811 | RobustPrompt-I Loss 1.1444  
Epoch 050 |  Time(s) 0.0801 | RobustPrompt-I Loss 1.1873  
Epoch 051 |  Time(s) 0.0816 | RobustPrompt-I Loss 1.1443  
Epoch 052 |  Time(s) 0.0817 | RobustPrompt-I Loss 1.0264  
Epoch 053 |  Time(s) 0.0912 | RobustPrompt-I Loss 1.1067  
Epoch 054 |  Time(s) 0.0810 | RobustPrompt-I Loss 1.1503  
Epoch 055 |  Time(s) 0.0807 | RobustPrompt-I Loss 0.9937  
Epoch 056 |  Time(s) 0.0807 | RobustPrompt-I Loss 1.1064  
Epoch 057 |  Time(s) 0.0814 | RobustPrompt-I Loss 1.2581  
Epoch 058 |  Time(s) 0.0822 | RobustPrompt-I Loss 1.1400  
Epoch 059 |  Time(s) 0.0820 | RobustPrompt-I Loss 1.0797  
Epoch 060 |  Time(s) 0.0813 | RobustPrompt-I Loss 1.0190  
Epoch 061 |  Time(s) 0.0811 | RobustPrompt-I Loss 1.0432  
Epoch 062 |  Time(s) 0.0820 | RobustPrompt-I Loss 1.0665  
Epoch 063 |  Time(s) 0.0810 | RobustPrompt-I Loss 0.9613  
Epoch 064 |  Time(s) 0.0833 | RobustPrompt-I Loss 0.9489  
Epoch 065 |  Time(s) 0.0825 | RobustPrompt-I Loss 0.9861  
Epoch 066 |  Time(s) 0.0825 | RobustPrompt-I Loss 0.9219  
Epoch 067 |  Time(s) 0.0823 | RobustPrompt-I Loss 0.9034  
Epoch 068 |  Time(s) 0.0820 | RobustPrompt-I Loss 0.9372  
Epoch 069 |  Time(s) 0.0818 | RobustPrompt-I Loss 0.9031  
Epoch 070 |  Time(s) 0.0818 | RobustPrompt-I Loss 0.8925  
Epoch 071 |  Time(s) 0.0837 | RobustPrompt-I Loss 0.8991  
Epoch 072 |  Time(s) 0.0824 | RobustPrompt-I Loss 0.9043  
Epoch 073 |  Time(s) 0.0818 | RobustPrompt-I Loss 0.8652  
Epoch 074 |  Time(s) 0.0807 | RobustPrompt-I Loss 0.8975  
Epoch 075 |  Time(s) 0.0819 | RobustPrompt-I Loss 0.9089  
Epoch 076 |  Time(s) 0.0839 | RobustPrompt-I Loss 0.8406  
Epoch 077 |  Time(s) 0.0844 | RobustPrompt-I Loss 0.8615  
Epoch 078 |  Time(s) 0.0845 | RobustPrompt-I Loss 0.8517  
Epoch 079 |  Time(s) 0.0841 | RobustPrompt-I Loss 0.8409  
Epoch 080 |  Time(s) 0.0824 | RobustPrompt-I Loss 0.8175  
Epoch 081 |  Time(s) 0.0821 | RobustPrompt-I Loss 0.8436  
Epoch 082 |  Time(s) 0.0826 | RobustPrompt-I Loss 0.8082  
Epoch 083 |  Time(s) 0.0810 | RobustPrompt-I Loss 0.8481  
Epoch 084 |  Time(s) 0.0816 | RobustPrompt-I Loss 0.8708  
Epoch 085 |  Time(s) 0.0822 | RobustPrompt-I Loss 0.7955  
Epoch 086 |  Time(s) 0.0823 | RobustPrompt-I Loss 0.8436  
Epoch 087 |  Time(s) 0.0818 | RobustPrompt-I Loss 0.8523  
Epoch 088 |  Time(s) 0.0813 | RobustPrompt-I Loss 0.8102  
Epoch 089 |  Time(s) 0.0825 | RobustPrompt-I Loss 0.8021  
Epoch 090 |  Time(s) 0.0816 | RobustPrompt-I Loss 0.7844  
Epoch 091 |  Time(s) 0.0817 | RobustPrompt-I Loss 0.8282  
Epoch 092 |  Time(s) 0.0817 | RobustPrompt-I Loss 0.8205  
Epoch 093 |  Time(s) 0.0818 | RobustPrompt-I Loss 0.7481  
Epoch 094 |  Time(s) 0.0821 | RobustPrompt-I Loss 0.7877  
Epoch 095 |  Time(s) 0.0839 | RobustPrompt-I Loss 0.7717  
Epoch 096 |  Time(s) 0.0822 | RobustPrompt-I Loss 0.7679  
Epoch 097 |  Time(s) 0.0810 | RobustPrompt-I Loss 0.7679  
Epoch 098 |  Time(s) 0.0816 | RobustPrompt-I Loss 0.7472  
Epoch 099 |  Time(s) 0.0821 | RobustPrompt-I Loss 0.7378  
Epoch 100 |  Time(s) 0.0816 | RobustPrompt-I Loss 0.7396  
Epoch 101 |  Time(s) 0.0842 | RobustPrompt-I Loss 0.7321  
Epoch 102 |  Time(s) 0.0821 | RobustPrompt-I Loss 0.7282  
Epoch 103 |  Time(s) 0.0827 | RobustPrompt-I Loss 0.7217  
Epoch 104 |  Time(s) 0.0884 | RobustPrompt-I Loss 0.7261  
Epoch 105 |  Time(s) 0.0822 | RobustPrompt-I Loss 0.7078  
Epoch 106 |  Time(s) 0.0821 | RobustPrompt-I Loss 0.7193  
Epoch 107 |  Time(s) 0.0833 | RobustPrompt-I Loss 0.6996  
Epoch 108 |  Time(s) 0.0817 | RobustPrompt-I Loss 0.7131  
Epoch 109 |  Time(s) 0.0823 | RobustPrompt-I Loss 0.6988  
Epoch 110 |  Time(s) 0.0864 | RobustPrompt-I Loss 0.6991  
Epoch 111 |  Time(s) 0.0823 | RobustPrompt-I Loss 0.6971  
Epoch 112 |  Time(s) 0.0837 | RobustPrompt-I Loss 0.6769  
Epoch 113 |  Time(s) 0.0831 | RobustPrompt-I Loss 0.6822  
Epoch 114 |  Time(s) 0.0831 | RobustPrompt-I Loss 0.6696  
Epoch 115 |  Time(s) 0.0822 | RobustPrompt-I Loss 0.6713  
Epoch 116 |  Time(s) 0.0894 | RobustPrompt-I Loss 0.6588  
Epoch 117 |  Time(s) 0.0856 | RobustPrompt-I Loss nan  
Epoch 118 |  Time(s) 0.0828 | RobustPrompt-I Loss nan  
Epoch 119 |  Time(s) 0.0807 | RobustPrompt-I Loss nan  
Epoch 120 |  Time(s) 0.0819 | RobustPrompt-I Loss nan  
Epoch 121 |  Time(s) 0.0821 | RobustPrompt-I Loss nan  
Epoch 122 |  Time(s) 0.0853 | RobustPrompt-I Loss nan  
Epoch 123 |  Time(s) 0.0861 | RobustPrompt-I Loss nan  
Epoch 124 |  Time(s) 0.0864 | RobustPrompt-I Loss nan  
Epoch 125 |  Time(s) 0.0896 | RobustPrompt-I Loss nan  
Epoch 126 |  Time(s) 0.0836 | RobustPrompt-I Loss nan  
Epoch 127 |  Time(s) 0.0812 | RobustPrompt-I Loss nan  
Epoch 128 |  Time(s) 0.0901 | RobustPrompt-I Loss nan  
Epoch 129 |  Time(s) 0.0857 | RobustPrompt-I Loss nan  
Epoch 130 |  Time(s) 0.1360 | RobustPrompt-I Loss nan  
Epoch 131 |  Time(s) 0.0890 | RobustPrompt-I Loss nan  
Epoch 132 |  Time(s) 0.0827 | RobustPrompt-I Loss nan  
Epoch 133 |  Time(s) 0.0820 | RobustPrompt-I Loss nan  
Epoch 134 |  Time(s) 0.0833 | RobustPrompt-I Loss nan  
Epoch 135 |  Time(s) 0.0811 | RobustPrompt-I Loss nan  
----------------------------------------------------------------------------------------------------
Early stopping at 136 eopch!
load LLC or attacked data with specified split
Successfully loaded the attack of dataname with few shot 5, split 1
Attack method : Meta_Self | Attack ptb : 0.2 | Dataset: Cora
======================
Number of graphs: 1
Number of features: 1433
Number of classes: 7

Data(x=[2708, 1433], edge_index=[2, 15412], y=[2708], train_mask=[2708], val_mask=[2708], test_mask=[2708])
===========================================================================================================
Number of nodes: 2708
Number of edges: 15412
Average node degree: 5.69
Has isolated nodes: False
Has self-loops: True
Is undirected: True
GCN(
  (conv_layers): ModuleList(
    (0): GCNConv(1433, 256)
    (1): GCNConv(256, 256)
  )
)
Successfully loaded pre-trained weights!
use RobustPrompt Inductive
defense pt dict :  {'sim_pt': -1.0, 'degree_pt': -1, 'out_detect_pt': 0.7, 'other_pt': 'all'}
use_attention :  False
kl_global :  False
cosine_constraint :  True
pt_threshold :  0.25
filter_module :  OriginalFilter
temperature :  1.0
weight_mse 0.1
weight_kl :  0.1
weight_constraint :  0.0
prepare induce graph data is finished!
run RobustPrompt-I
Epoch 001 |  Time(s) 0.0970 | RobustPrompt-I Loss 1.9458  
Epoch 002 |  Time(s) 0.0839 | RobustPrompt-I Loss 1.9511  
Epoch 003 |  Time(s) 0.0838 | RobustPrompt-I Loss 1.9230  
Epoch 004 |  Time(s) 0.0843 | RobustPrompt-I Loss 1.9265  
Epoch 005 |  Time(s) 0.0848 | RobustPrompt-I Loss 1.9122  
Epoch 006 |  Time(s) 0.0843 | RobustPrompt-I Loss 1.8920  
Epoch 007 |  Time(s) 0.1259 | RobustPrompt-I Loss 1.8745  
Epoch 008 |  Time(s) 0.0876 | RobustPrompt-I Loss 1.8466  
Epoch 009 |  Time(s) 0.0879 | RobustPrompt-I Loss 1.8156  
Epoch 010 |  Time(s) 0.0832 | RobustPrompt-I Loss 1.7892  
Epoch 011 |  Time(s) 0.0831 | RobustPrompt-I Loss 1.7494  
Epoch 012 |  Time(s) 0.0839 | RobustPrompt-I Loss 1.7089  
Epoch 013 |  Time(s) 0.1545 | RobustPrompt-I Loss 1.6685  
Epoch 014 |  Time(s) 0.0970 | RobustPrompt-I Loss 1.6347  
Epoch 015 |  Time(s) 0.0924 | RobustPrompt-I Loss 1.6051  
Epoch 016 |  Time(s) 0.0881 | RobustPrompt-I Loss 1.5807  
Epoch 017 |  Time(s) 0.0897 | RobustPrompt-I Loss 1.5599  
Epoch 018 |  Time(s) 0.1051 | RobustPrompt-I Loss 1.5462  
Epoch 019 |  Time(s) 0.0937 | RobustPrompt-I Loss 1.5311  
Epoch 020 |  Time(s) 0.0825 | RobustPrompt-I Loss 1.5287  
Epoch 021 |  Time(s) 0.3053 | RobustPrompt-I Loss 1.5542  
Epoch 022 |  Time(s) 0.2363 | RobustPrompt-I Loss 1.5006  
Epoch 023 |  Time(s) 0.0933 | RobustPrompt-I Loss 1.4923  
Epoch 024 |  Time(s) 0.1311 | RobustPrompt-I Loss 1.5196  
Epoch 025 |  Time(s) 0.1627 | RobustPrompt-I Loss 1.4598  
Epoch 026 |  Time(s) 0.0974 | RobustPrompt-I Loss 1.5196  
Epoch 027 |  Time(s) 0.0916 | RobustPrompt-I Loss 1.4488  
Epoch 028 |  Time(s) 0.0867 | RobustPrompt-I Loss 1.5487  
Epoch 029 |  Time(s) 0.0849 | RobustPrompt-I Loss 1.5371  
Epoch 030 |  Time(s) 0.0848 | RobustPrompt-I Loss 1.4071  
Epoch 031 |  Time(s) 0.0850 | RobustPrompt-I Loss 1.4720  
Epoch 032 |  Time(s) 0.0838 | RobustPrompt-I Loss 1.3964  
Epoch 033 |  Time(s) 0.0855 | RobustPrompt-I Loss 1.4936  
Epoch 034 |  Time(s) 0.0852 | RobustPrompt-I Loss 1.4953  
Epoch 035 |  Time(s) 0.0836 | RobustPrompt-I Loss 1.3556  
Epoch 036 |  Time(s) 0.0841 | RobustPrompt-I Loss 1.4954  
Epoch 037 |  Time(s) 0.0838 | RobustPrompt-I Loss 1.4596  
Epoch 038 |  Time(s) 0.0846 | RobustPrompt-I Loss 1.3378  
Epoch 039 |  Time(s) 0.0843 | RobustPrompt-I Loss 1.3731  
Epoch 040 |  Time(s) 0.0842 | RobustPrompt-I Loss 1.3220  
Epoch 041 |  Time(s) 0.0846 | RobustPrompt-I Loss 1.3918  
Epoch 042 |  Time(s) 0.0847 | RobustPrompt-I Loss 1.3633  
Epoch 043 |  Time(s) 0.0850 | RobustPrompt-I Loss 1.3284  
Epoch 044 |  Time(s) 0.0846 | RobustPrompt-I Loss 1.3079  
Epoch 045 |  Time(s) 0.0851 | RobustPrompt-I Loss 1.2739  
Epoch 046 |  Time(s) 0.0866 | RobustPrompt-I Loss 1.2679  
Epoch 047 |  Time(s) 0.0852 | RobustPrompt-I Loss 1.2315  
Epoch 048 |  Time(s) 0.0854 | RobustPrompt-I Loss 1.2158  
Epoch 049 |  Time(s) 0.0844 | RobustPrompt-I Loss 1.2169  
Epoch 050 |  Time(s) 0.0846 | RobustPrompt-I Loss 1.1938  
Epoch 051 |  Time(s) 0.0846 | RobustPrompt-I Loss 1.1647  
Epoch 052 |  Time(s) 0.0850 | RobustPrompt-I Loss 1.1751  
Epoch 053 |  Time(s) 0.0841 | RobustPrompt-I Loss 1.1283  
Epoch 054 |  Time(s) 0.0850 | RobustPrompt-I Loss 1.1397  
Epoch 055 |  Time(s) 0.0848 | RobustPrompt-I Loss 1.1137  
Epoch 056 |  Time(s) 0.0846 | RobustPrompt-I Loss 1.0756  
Epoch 057 |  Time(s) 0.0853 | RobustPrompt-I Loss 1.0784  
Epoch 058 |  Time(s) 0.0861 | RobustPrompt-I Loss 1.0412  
Epoch 059 |  Time(s) 0.0850 | RobustPrompt-I Loss 1.0344  
Epoch 060 |  Time(s) 0.0852 | RobustPrompt-I Loss 1.0040  
Epoch 061 |  Time(s) 0.0861 | RobustPrompt-I Loss 0.9974  
Epoch 062 |  Time(s) 0.0842 | RobustPrompt-I Loss 0.9693  
Epoch 063 |  Time(s) 0.0854 | RobustPrompt-I Loss 0.9591  
Epoch 064 |  Time(s) 0.0850 | RobustPrompt-I Loss 0.9353  
Epoch 065 |  Time(s) 0.0860 | RobustPrompt-I Loss 0.9256  
Epoch 066 |  Time(s) 0.0852 | RobustPrompt-I Loss 0.9051  
Epoch 067 |  Time(s) 0.0841 | RobustPrompt-I Loss 0.8947  
Epoch 068 |  Time(s) 0.0848 | RobustPrompt-I Loss 0.8772  
Epoch 069 |  Time(s) 0.0859 | RobustPrompt-I Loss 0.8676  
Epoch 070 |  Time(s) 0.0840 | RobustPrompt-I Loss 0.8525  
Epoch 071 |  Time(s) 0.0834 | RobustPrompt-I Loss 0.8442  
Epoch 072 |  Time(s) 0.0883 | RobustPrompt-I Loss 0.8304  
Epoch 073 |  Time(s) 0.0868 | RobustPrompt-I Loss 0.8234  
Epoch 074 |  Time(s) 0.0842 | RobustPrompt-I Loss 0.8114  
Epoch 075 |  Time(s) 0.0884 | RobustPrompt-I Loss 0.8050  
Epoch 076 |  Time(s) 0.0849 | RobustPrompt-I Loss 0.7948  
Epoch 077 |  Time(s) 0.0855 | RobustPrompt-I Loss 0.7886  
Epoch 078 |  Time(s) 0.0852 | RobustPrompt-I Loss 0.7806  
Epoch 079 |  Time(s) 0.0850 | RobustPrompt-I Loss 0.7738  
Epoch 080 |  Time(s) 0.0850 | RobustPrompt-I Loss 0.7679  
Epoch 081 |  Time(s) 0.0836 | RobustPrompt-I Loss 0.7605  
Epoch 082 |  Time(s) 0.0861 | RobustPrompt-I Loss 0.7554  
Epoch 083 |  Time(s) 0.0848 | RobustPrompt-I Loss 0.7487  
Epoch 084 |  Time(s) 0.0858 | RobustPrompt-I Loss 0.7438  
Epoch 085 |  Time(s) 0.0880 | RobustPrompt-I Loss 0.7379  
Epoch 086 |  Time(s) 0.0849 | RobustPrompt-I Loss 0.7327  
Epoch 087 |  Time(s) 0.0960 | RobustPrompt-I Loss 0.7276  
Epoch 088 |  Time(s) 0.0869 | RobustPrompt-I Loss 0.7222  
Epoch 089 |  Time(s) 0.0872 | RobustPrompt-I Loss 0.7173  
Epoch 090 |  Time(s) 0.0878 | RobustPrompt-I Loss 0.7119  
Epoch 091 |  Time(s) 0.0882 | RobustPrompt-I Loss 0.7070  
Epoch 092 |  Time(s) 0.0870 | RobustPrompt-I Loss 0.7015  
Epoch 093 |  Time(s) 0.0859 | RobustPrompt-I Loss 0.6965  
Epoch 094 |  Time(s) 0.0860 | RobustPrompt-I Loss 0.6908  
Epoch 095 |  Time(s) 0.0862 | RobustPrompt-I Loss 0.6855  
Epoch 096 |  Time(s) 0.0860 | RobustPrompt-I Loss 0.6798  
Epoch 097 |  Time(s) 0.0857 | RobustPrompt-I Loss 0.6741  
Epoch 098 |  Time(s) 0.0861 | RobustPrompt-I Loss 0.6683  
Epoch 099 |  Time(s) 0.0849 | RobustPrompt-I Loss 0.6624  
Epoch 100 |  Time(s) 0.0863 | RobustPrompt-I Loss 0.6564  
Epoch 101 |  Time(s) 0.0864 | RobustPrompt-I Loss 0.6506  
Epoch 102 |  Time(s) 0.0862 | RobustPrompt-I Loss 0.6451  
Epoch 103 |  Time(s) 0.0853 | RobustPrompt-I Loss 0.6417  
Epoch 104 |  Time(s) 0.0859 | RobustPrompt-I Loss 0.6436  
Epoch 105 |  Time(s) 0.0855 | RobustPrompt-I Loss 0.6494  
Epoch 106 |  Time(s) 0.0858 | RobustPrompt-I Loss 0.6217  
Epoch 107 |  Time(s) 0.0861 | RobustPrompt-I Loss 0.6306  
Epoch 108 |  Time(s) 0.0864 | RobustPrompt-I Loss 0.6388  
Epoch 109 |  Time(s) 0.0853 | RobustPrompt-I Loss 0.6097  
Epoch 110 |  Time(s) 0.0863 | RobustPrompt-I Loss 0.6665  
Epoch 111 |  Time(s) 0.0870 | RobustPrompt-I Loss 0.6220  
Epoch 112 |  Time(s) 0.0871 | RobustPrompt-I Loss 0.6776  
Epoch 113 |  Time(s) 0.0865 | RobustPrompt-I Loss 0.6948  
Epoch 114 |  Time(s) 0.0860 | RobustPrompt-I Loss 0.5894  
Epoch 115 |  Time(s) 0.0864 | RobustPrompt-I Loss 0.6770  
Epoch 116 |  Time(s) 0.0857 | RobustPrompt-I Loss 0.6330  
Epoch 117 |  Time(s) 0.0848 | RobustPrompt-I Loss 0.6166  
Epoch 118 |  Time(s) 0.0852 | RobustPrompt-I Loss 0.6263  
Epoch 119 |  Time(s) 0.0860 | RobustPrompt-I Loss 0.5834  
Epoch 120 |  Time(s) 0.0846 | RobustPrompt-I Loss 0.5773  
Epoch 121 |  Time(s) 0.0865 | RobustPrompt-I Loss 0.6001  
Epoch 122 |  Time(s) 0.0867 | RobustPrompt-I Loss 0.5715  
Epoch 123 |  Time(s) 0.0854 | RobustPrompt-I Loss 0.6265  
Epoch 124 |  Time(s) 0.0861 | RobustPrompt-I Loss 0.6040  
Epoch 125 |  Time(s) 0.0866 | RobustPrompt-I Loss 0.5818  
Epoch 126 |  Time(s) 0.0855 | RobustPrompt-I Loss 0.5804  
Epoch 127 |  Time(s) 0.0878 | RobustPrompt-I Loss 0.5751  
Epoch 128 |  Time(s) 0.0864 | RobustPrompt-I Loss 0.5635  
Epoch 129 |  Time(s) 0.0865 | RobustPrompt-I Loss 0.5946  
Epoch 130 |  Time(s) 0.0869 | RobustPrompt-I Loss 0.5926  
Epoch 131 |  Time(s) 0.0869 | RobustPrompt-I Loss 0.5488  
Epoch 132 |  Time(s) 0.0848 | RobustPrompt-I Loss 0.5488  
Epoch 133 |  Time(s) 0.0858 | RobustPrompt-I Loss 0.5697  
Epoch 134 |  Time(s) 0.0844 | RobustPrompt-I Loss 0.5545  
Epoch 135 |  Time(s) 0.0854 | RobustPrompt-I Loss 0.5588  
Epoch 136 |  Time(s) 0.0856 | RobustPrompt-I Loss 0.5523  
Epoch 137 |  Time(s) 0.0852 | RobustPrompt-I Loss 0.5427  
Epoch 138 |  Time(s) 0.0858 | RobustPrompt-I Loss 0.5317  
Epoch 139 |  Time(s) 0.0851 | RobustPrompt-I Loss 0.5599  
Epoch 140 |  Time(s) 0.0916 | RobustPrompt-I Loss 0.5502  
Epoch 141 |  Time(s) 0.0850 | RobustPrompt-I Loss 0.5273  
Epoch 142 |  Time(s) 0.0856 | RobustPrompt-I Loss 0.5235  
Epoch 143 |  Time(s) 0.0856 | RobustPrompt-I Loss 0.5403  
Epoch 144 |  Time(s) 0.0861 | RobustPrompt-I Loss 0.5330  
Epoch 145 |  Time(s) 0.0865 | RobustPrompt-I Loss 0.5166  
Epoch 146 |  Time(s) 0.0855 | RobustPrompt-I Loss 0.5127  
Epoch 147 |  Time(s) 0.0861 | RobustPrompt-I Loss 0.5207  
Epoch 148 |  Time(s) 0.0857 | RobustPrompt-I Loss 0.5126  
Epoch 149 |  Time(s) 0.0852 | RobustPrompt-I Loss 0.5111  
Epoch 150 |  Time(s) 0.0862 | RobustPrompt-I Loss 0.5056  
Epoch 151 |  Time(s) 0.0919 | RobustPrompt-I Loss 0.5039  
Epoch 152 |  Time(s) 0.0872 | RobustPrompt-I Loss 0.4955  
Epoch 153 |  Time(s) 0.0873 | RobustPrompt-I Loss 0.5067  
Epoch 154 |  Time(s) 0.0867 | RobustPrompt-I Loss 0.5016  
Epoch 155 |  Time(s) 0.0854 | RobustPrompt-I Loss 0.4852  
Epoch 156 |  Time(s) 0.0858 | RobustPrompt-I Loss 0.4795  
Epoch 157 |  Time(s) 0.0852 | RobustPrompt-I Loss 0.4990  
Epoch 158 |  Time(s) 0.0855 | RobustPrompt-I Loss 0.4923  
Epoch 159 |  Time(s) 0.0867 | RobustPrompt-I Loss 0.4715  
Epoch 160 |  Time(s) 0.0870 | RobustPrompt-I Loss 0.4660  
Epoch 161 |  Time(s) 0.0855 | RobustPrompt-I Loss 0.4838  
Epoch 162 |  Time(s) 0.0856 | RobustPrompt-I Loss 0.4725  
Epoch 163 |  Time(s) 0.0860 | RobustPrompt-I Loss 0.4670  
Epoch 164 |  Time(s) 0.0859 | RobustPrompt-I Loss 0.4612  
Epoch 165 |  Time(s) 0.0856 | RobustPrompt-I Loss 0.4626  
Epoch 166 |  Time(s) 0.0869 | RobustPrompt-I Loss 0.4545  
Epoch 167 |  Time(s) 0.0867 | RobustPrompt-I Loss 0.4582  
Epoch 168 |  Time(s) 0.0864 | RobustPrompt-I Loss 0.4505  
Epoch 169 |  Time(s) 0.0873 | RobustPrompt-I Loss 0.4500  
Epoch 170 |  Time(s) 0.0873 | RobustPrompt-I Loss 0.4431  
Epoch 171 |  Time(s) 0.0871 | RobustPrompt-I Loss 0.4442  
Epoch 172 |  Time(s) 0.0872 | RobustPrompt-I Loss 0.4362  
Epoch 173 |  Time(s) 0.0866 | RobustPrompt-I Loss 0.4398  
Epoch 174 |  Time(s) 0.0868 | RobustPrompt-I Loss 0.4320  
Epoch 175 |  Time(s) 0.0863 | RobustPrompt-I Loss 0.4314  
Epoch 176 |  Time(s) 0.0863 | RobustPrompt-I Loss 0.4239  
Epoch 177 |  Time(s) 0.0868 | RobustPrompt-I Loss 0.4280  
Epoch 178 |  Time(s) 0.0862 | RobustPrompt-I Loss 0.4207  
Epoch 179 |  Time(s) 0.0862 | RobustPrompt-I Loss 0.4186  
Epoch 180 |  Time(s) 0.0860 | RobustPrompt-I Loss 0.4122  
Epoch 181 |  Time(s) 0.0899 | RobustPrompt-I Loss nan  
Epoch 182 |  Time(s) 0.0861 | RobustPrompt-I Loss nan  
Epoch 183 |  Time(s) 0.0857 | RobustPrompt-I Loss nan  
Epoch 184 |  Time(s) 0.0861 | RobustPrompt-I Loss nan  
Epoch 185 |  Time(s) 0.0863 | RobustPrompt-I Loss nan  
Epoch 186 |  Time(s) 0.0858 | RobustPrompt-I Loss nan  
Epoch 187 |  Time(s) 0.0866 | RobustPrompt-I Loss nan  
Epoch 188 |  Time(s) 0.0863 | RobustPrompt-I Loss nan  
Epoch 189 |  Time(s) 0.0868 | RobustPrompt-I Loss nan  
Epoch 190 |  Time(s) 0.0864 | RobustPrompt-I Loss nan  
Epoch 191 |  Time(s) 0.0862 | RobustPrompt-I Loss nan  
Epoch 192 |  Time(s) 0.0867 | RobustPrompt-I Loss nan  
Epoch 193 |  Time(s) 0.0867 | RobustPrompt-I Loss nan  
Epoch 194 |  Time(s) 0.0868 | RobustPrompt-I Loss nan  
Epoch 195 |  Time(s) 0.0861 | RobustPrompt-I Loss nan  
Epoch 196 |  Time(s) 0.0867 | RobustPrompt-I Loss nan  
Epoch 197 |  Time(s) 0.0853 | RobustPrompt-I Loss nan  
Epoch 198 |  Time(s) 0.0863 | RobustPrompt-I Loss nan  
Epoch 199 |  Time(s) 0.0858 | RobustPrompt-I Loss nan  
----------------------------------------------------------------------------------------------------
Early stopping at 200 eopch!
load LLC or attacked data with specified split
Successfully loaded the attack of dataname with few shot 5, split 1
Attack method : Meta_Self | Attack ptb : 0.2 | Dataset: Cora
======================
Number of graphs: 1
Number of features: 1433
Number of classes: 7

Data(x=[2708, 1433], edge_index=[2, 15412], y=[2708], train_mask=[2708], val_mask=[2708], test_mask=[2708])
===========================================================================================================
Number of nodes: 2708
Number of edges: 15412
Average node degree: 5.69
Has isolated nodes: False
Has self-loops: True
Is undirected: True
GCN(
  (conv_layers): ModuleList(
    (0): GCNConv(1433, 256)
    (1): GCNConv(256, 256)
  )
)
Successfully loaded pre-trained weights!
use RobustPrompt Inductive
defense pt dict :  {'sim_pt': -1.0, 'degree_pt': -1, 'out_detect_pt': 0.7, 'other_pt': 'all'}
use_attention :  False
kl_global :  False
cosine_constraint :  True
pt_threshold :  0.25
filter_module :  OriginalFilter
temperature :  1.0
weight_mse 0.1
weight_kl :  0.1
weight_constraint :  0.0
prepare induce graph data is finished!
run RobustPrompt-I
Epoch 001 |  Time(s) 0.0920 | RobustPrompt-I Loss 1.9455  
Epoch 002 |  Time(s) 0.0854 | RobustPrompt-I Loss 1.9365  
Epoch 003 |  Time(s) 0.0847 | RobustPrompt-I Loss 1.9145  
Epoch 004 |  Time(s) 0.0845 | RobustPrompt-I Loss 1.9034  
Epoch 005 |  Time(s) 0.0848 | RobustPrompt-I Loss 1.8629  
Epoch 006 |  Time(s) 0.0849 | RobustPrompt-I Loss 1.8579  
Epoch 007 |  Time(s) 0.0849 | RobustPrompt-I Loss 1.7978  
Epoch 008 |  Time(s) 0.0854 | RobustPrompt-I Loss 1.7862  
Epoch 009 |  Time(s) 0.0855 | RobustPrompt-I Loss 1.7310  
Epoch 010 |  Time(s) 0.0851 | RobustPrompt-I Loss 1.7011  
Epoch 011 |  Time(s) 0.0848 | RobustPrompt-I Loss 1.6621  
Epoch 012 |  Time(s) 0.0862 | RobustPrompt-I Loss 1.6215  
Epoch 013 |  Time(s) 0.0861 | RobustPrompt-I Loss 1.6073  
Epoch 014 |  Time(s) 0.0856 | RobustPrompt-I Loss 1.5746  
Epoch 015 |  Time(s) 0.0861 | RobustPrompt-I Loss 1.5587  
Epoch 016 |  Time(s) 0.0858 | RobustPrompt-I Loss 1.5488  
Epoch 017 |  Time(s) 0.0858 | RobustPrompt-I Loss 1.5329  
Epoch 018 |  Time(s) 0.0858 | RobustPrompt-I Loss 1.5372  
Epoch 019 |  Time(s) 0.0865 | RobustPrompt-I Loss 1.5311  
Epoch 020 |  Time(s) 0.0859 | RobustPrompt-I Loss 1.4991  
Epoch 021 |  Time(s) 0.0860 | RobustPrompt-I Loss 1.5272  
Epoch 022 |  Time(s) 0.0856 | RobustPrompt-I Loss 1.4745  
Epoch 023 |  Time(s) 0.0854 | RobustPrompt-I Loss 1.5259  
Epoch 024 |  Time(s) 0.0855 | RobustPrompt-I Loss 1.4710  
Epoch 025 |  Time(s) 0.0854 | RobustPrompt-I Loss 1.5473  
Epoch 026 |  Time(s) 0.0874 | RobustPrompt-I Loss 1.5608  
Epoch 027 |  Time(s) 0.0862 | RobustPrompt-I Loss 1.4395  
Epoch 028 |  Time(s) 0.0889 | RobustPrompt-I Loss 1.5272  
Epoch 029 |  Time(s) 0.0865 | RobustPrompt-I Loss 1.5092  
Epoch 030 |  Time(s) 0.1436 | RobustPrompt-I Loss 1.4136  
Epoch 031 |  Time(s) 0.0918 | RobustPrompt-I Loss 1.4789  
Epoch 032 |  Time(s) 0.1078 | RobustPrompt-I Loss 1.4145  
Epoch 033 |  Time(s) 0.1161 | RobustPrompt-I Loss 1.4661  
Epoch 034 |  Time(s) 0.0857 | RobustPrompt-I Loss 1.4991  
Epoch 035 |  Time(s) 0.0862 | RobustPrompt-I Loss 1.3888  
Epoch 036 |  Time(s) 0.0887 | RobustPrompt-I Loss 1.5356  
Epoch 037 |  Time(s) 0.0855 | RobustPrompt-I Loss 1.6843  
Epoch 038 |  Time(s) 0.0865 | RobustPrompt-I Loss 1.4984  
Epoch 039 |  Time(s) 0.0861 | RobustPrompt-I Loss 1.3674  
Epoch 040 |  Time(s) 0.0859 | RobustPrompt-I Loss 1.3977  
Epoch 041 |  Time(s) 0.0856 | RobustPrompt-I Loss 1.3521  
Epoch 042 |  Time(s) 0.0897 | RobustPrompt-I Loss 1.3938  
Epoch 043 |  Time(s) 0.0920 | RobustPrompt-I Loss 1.3797  
Epoch 044 |  Time(s) 0.1026 | RobustPrompt-I Loss 1.3242  
Epoch 045 |  Time(s) 0.0933 | RobustPrompt-I Loss 1.3142  
Epoch 046 |  Time(s) 0.0860 | RobustPrompt-I Loss 1.3147  
Epoch 047 |  Time(s) 0.0953 | RobustPrompt-I Loss 1.2923  
Epoch 048 |  Time(s) 0.0858 | RobustPrompt-I Loss 1.3072  
Epoch 049 |  Time(s) 0.0920 | RobustPrompt-I Loss 1.2919  
Epoch 050 |  Time(s) 0.0954 | RobustPrompt-I Loss 1.2880  
Epoch 051 |  Time(s) 0.0867 | RobustPrompt-I Loss 1.2729  
Epoch 052 |  Time(s) 0.0882 | RobustPrompt-I Loss 1.2323  
Epoch 053 |  Time(s) 0.0881 | RobustPrompt-I Loss 1.2202  
Epoch 054 |  Time(s) 0.0886 | RobustPrompt-I Loss 1.2108  
Epoch 055 |  Time(s) 0.0905 | RobustPrompt-I Loss 1.1875  
Epoch 056 |  Time(s) 0.0891 | RobustPrompt-I Loss 1.2040  
Epoch 057 |  Time(s) 0.0861 | RobustPrompt-I Loss 1.1803  
Epoch 058 |  Time(s) 0.0876 | RobustPrompt-I Loss 1.1688  
Epoch 059 |  Time(s) 0.0946 | RobustPrompt-I Loss 1.1401  
Epoch 060 |  Time(s) 0.0928 | RobustPrompt-I Loss 1.1461  
Epoch 061 |  Time(s) 0.0899 | RobustPrompt-I Loss 1.1167  
Epoch 062 |  Time(s) 0.0908 | RobustPrompt-I Loss 1.1017  
Epoch 063 |  Time(s) 0.1542 | RobustPrompt-I Loss 1.0909  
Epoch 064 |  Time(s) 0.0919 | RobustPrompt-I Loss 1.0675  
Epoch 065 |  Time(s) 0.0907 | RobustPrompt-I Loss 1.0523  
Epoch 066 |  Time(s) 0.0874 | RobustPrompt-I Loss 1.0537  
Epoch 067 |  Time(s) 0.0862 | RobustPrompt-I Loss 1.0374  
Epoch 068 |  Time(s) 0.0883 | RobustPrompt-I Loss 1.0062  
Epoch 069 |  Time(s) 0.0858 | RobustPrompt-I Loss 0.9903  
Epoch 070 |  Time(s) 0.0860 | RobustPrompt-I Loss 0.9968  
Epoch 071 |  Time(s) 0.0867 | RobustPrompt-I Loss 0.9773  
Epoch 072 |  Time(s) 0.0865 | RobustPrompt-I Loss 0.9606  
Epoch 073 |  Time(s) 0.0893 | RobustPrompt-I Loss 0.9468  
Epoch 074 |  Time(s) 0.0865 | RobustPrompt-I Loss 0.9418  
Epoch 075 |  Time(s) 0.0873 | RobustPrompt-I Loss 0.9244  
Epoch 076 |  Time(s) 0.0885 | RobustPrompt-I Loss 0.9252  
Epoch 077 |  Time(s) 0.0904 | RobustPrompt-I Loss 0.9088  
Epoch 078 |  Time(s) 0.0918 | RobustPrompt-I Loss 0.8987  
Epoch 079 |  Time(s) 0.0908 | RobustPrompt-I Loss 0.8838  
Epoch 080 |  Time(s) 0.0878 | RobustPrompt-I Loss 0.8834  
Epoch 081 |  Time(s) 0.0869 | RobustPrompt-I Loss 0.8660  
Epoch 082 |  Time(s) 0.0902 | RobustPrompt-I Loss 0.8677  
Epoch 083 |  Time(s) 0.0856 | RobustPrompt-I Loss 0.8554  
Epoch 084 |  Time(s) 0.0856 | RobustPrompt-I Loss 0.8423  
Epoch 085 |  Time(s) 0.0855 | RobustPrompt-I Loss 0.8306  
Epoch 086 |  Time(s) 0.0858 | RobustPrompt-I Loss 0.8345  
Epoch 087 |  Time(s) 0.0848 | RobustPrompt-I Loss 0.8212  
Epoch 088 |  Time(s) 0.0885 | RobustPrompt-I Loss 0.8197  
Epoch 089 |  Time(s) 0.0857 | RobustPrompt-I Loss 0.8129  
Epoch 090 |  Time(s) 0.0857 | RobustPrompt-I Loss 0.7977  
Epoch 091 |  Time(s) 0.0862 | RobustPrompt-I Loss 0.7940  
Epoch 092 |  Time(s) 0.0855 | RobustPrompt-I Loss 0.7841  
Epoch 093 |  Time(s) 0.0878 | RobustPrompt-I Loss 0.7799  
Epoch 094 |  Time(s) 0.0862 | RobustPrompt-I Loss 0.7712  
Epoch 095 |  Time(s) 0.0872 | RobustPrompt-I Loss 0.7692  
Epoch 096 |  Time(s) 0.0870 | RobustPrompt-I Loss 0.7568  
Epoch 097 |  Time(s) 0.0859 | RobustPrompt-I Loss 0.7580  
Epoch 098 |  Time(s) 0.0873 | RobustPrompt-I Loss 0.7451  
Epoch 099 |  Time(s) 0.0865 | RobustPrompt-I Loss 0.7473  
Epoch 100 |  Time(s) 0.0881 | RobustPrompt-I Loss 0.7343  
Epoch 101 |  Time(s) 0.0883 | RobustPrompt-I Loss 0.7355  
Epoch 102 |  Time(s) 0.0872 | RobustPrompt-I Loss 0.7247  
Epoch 103 |  Time(s) 0.0862 | RobustPrompt-I Loss 0.7241  
Epoch 104 |  Time(s) 0.0868 | RobustPrompt-I Loss 0.7157  
Epoch 105 |  Time(s) 0.0865 | RobustPrompt-I Loss 0.7127  
Epoch 106 |  Time(s) 0.0868 | RobustPrompt-I Loss 0.7061  
Epoch 107 |  Time(s) 0.0867 | RobustPrompt-I Loss 0.7019  
Epoch 108 |  Time(s) 0.0870 | RobustPrompt-I Loss 0.6958  
Epoch 109 |  Time(s) 0.0871 | RobustPrompt-I Loss 0.6910  
Epoch 110 |  Time(s) 0.0862 | RobustPrompt-I Loss 0.6842  
Epoch 111 |  Time(s) 0.0873 | RobustPrompt-I Loss 0.6791  
Epoch 112 |  Time(s) 0.0862 | RobustPrompt-I Loss 0.6722  
Epoch 113 |  Time(s) 0.0871 | RobustPrompt-I Loss 0.6646  
Epoch 114 |  Time(s) 0.0866 | RobustPrompt-I Loss 0.6612  
Epoch 115 |  Time(s) 0.0863 | RobustPrompt-I Loss 0.6543  
Epoch 116 |  Time(s) 0.0867 | RobustPrompt-I Loss 0.6477  
Epoch 117 |  Time(s) 0.0861 | RobustPrompt-I Loss 0.6401  
Epoch 118 |  Time(s) 0.0866 | RobustPrompt-I Loss 0.6351  
Epoch 119 |  Time(s) 0.0866 | RobustPrompt-I Loss 0.6303  
Epoch 120 |  Time(s) 0.0876 | RobustPrompt-I Loss 0.6261  
Epoch 121 |  Time(s) 0.0852 | RobustPrompt-I Loss 0.6207  
Epoch 122 |  Time(s) 0.0899 | RobustPrompt-I Loss 0.6158  
Epoch 123 |  Time(s) 0.0863 | RobustPrompt-I Loss 0.6099  
Epoch 124 |  Time(s) 0.0868 | RobustPrompt-I Loss 0.6041  
Epoch 125 |  Time(s) 0.0866 | RobustPrompt-I Loss 0.5980  
Epoch 126 |  Time(s) 0.0869 | RobustPrompt-I Loss 0.5921  
Epoch 127 |  Time(s) 0.0869 | RobustPrompt-I Loss 0.5864  
Epoch 128 |  Time(s) 0.0885 | RobustPrompt-I Loss 0.5808  
Epoch 129 |  Time(s) 0.0866 | RobustPrompt-I Loss 0.5757  
Epoch 130 |  Time(s) 0.0859 | RobustPrompt-I Loss 0.5711  
Epoch 131 |  Time(s) 0.0906 | RobustPrompt-I Loss 0.5671  
Epoch 132 |  Time(s) 0.0887 | RobustPrompt-I Loss 0.5645  
Epoch 133 |  Time(s) 0.0870 | RobustPrompt-I Loss 0.5623  
Epoch 134 |  Time(s) 0.0862 | RobustPrompt-I Loss 0.5628  
Epoch 135 |  Time(s) 0.0939 | RobustPrompt-I Loss 0.5508  
Epoch 136 |  Time(s) 0.0866 | RobustPrompt-I Loss 0.5412  
Epoch 137 |  Time(s) 0.0863 | RobustPrompt-I Loss 0.5348  
Epoch 138 |  Time(s) 0.0869 | RobustPrompt-I Loss 0.5318  
Epoch 139 |  Time(s) 0.0865 | RobustPrompt-I Loss 0.5309  
Epoch 140 |  Time(s) 0.0870 | RobustPrompt-I Loss 0.5284  
Epoch 141 |  Time(s) 0.0859 | RobustPrompt-I Loss 0.5238  
Epoch 142 |  Time(s) 0.0868 | RobustPrompt-I Loss 0.5160  
Epoch 143 |  Time(s) 0.0881 | RobustPrompt-I Loss 0.5092  
Epoch 144 |  Time(s) 0.0869 | RobustPrompt-I Loss 0.5054  
Epoch 145 |  Time(s) 0.0881 | RobustPrompt-I Loss 0.5037  
Epoch 146 |  Time(s) 0.0860 | RobustPrompt-I Loss 0.5007  
Epoch 147 |  Time(s) 0.0879 | RobustPrompt-I Loss 0.4951  
Epoch 148 |  Time(s) 0.0867 | RobustPrompt-I Loss 0.4890  
Epoch 149 |  Time(s) 0.0869 | RobustPrompt-I Loss 0.4850  
Epoch 150 |  Time(s) 0.0868 | RobustPrompt-I Loss 0.4823  
Epoch 151 |  Time(s) 0.0851 | RobustPrompt-I Loss 0.4787  
Epoch 152 |  Time(s) 0.0862 | RobustPrompt-I Loss 0.4735  
Epoch 153 |  Time(s) 0.0873 | RobustPrompt-I Loss 0.4685  
Epoch 154 |  Time(s) 0.0885 | RobustPrompt-I Loss 0.4648  
Epoch 155 |  Time(s) 0.0875 | RobustPrompt-I Loss 0.4615  
Epoch 156 |  Time(s) 0.0870 | RobustPrompt-I Loss 0.4572  
Epoch 157 |  Time(s) 0.0867 | RobustPrompt-I Loss 0.4524  
Epoch 158 |  Time(s) 0.0884 | RobustPrompt-I Loss 0.4481  
Epoch 159 |  Time(s) 0.0873 | RobustPrompt-I Loss 0.4443  
Epoch 160 |  Time(s) 0.0866 | RobustPrompt-I Loss 0.4404  
Epoch 161 |  Time(s) 0.0862 | RobustPrompt-I Loss 0.4358  
Epoch 162 |  Time(s) 0.0866 | RobustPrompt-I Loss 0.4313  
Epoch 163 |  Time(s) 0.0862 | RobustPrompt-I Loss 0.4272  
Epoch 164 |  Time(s) 0.0899 | RobustPrompt-I Loss 0.4232  
Epoch 165 |  Time(s) 0.0863 | RobustPrompt-I Loss 0.4185  
Epoch 166 |  Time(s) 0.0895 | RobustPrompt-I Loss 0.4137  
Epoch 167 |  Time(s) 0.0867 | RobustPrompt-I Loss 0.4091  
Epoch 168 |  Time(s) 0.0861 | RobustPrompt-I Loss 0.4049  
Epoch 169 |  Time(s) 0.0871 | RobustPrompt-I Loss 0.4004  
Epoch 170 |  Time(s) 0.0875 | RobustPrompt-I Loss 0.3957  
Epoch 171 |  Time(s) 0.0852 | RobustPrompt-I Loss nan  
Epoch 172 |  Time(s) 0.0903 | RobustPrompt-I Loss nan  
Epoch 173 |  Time(s) 0.0887 | RobustPrompt-I Loss nan  
Epoch 174 |  Time(s) 0.0854 | RobustPrompt-I Loss nan  
Epoch 175 |  Time(s) 0.0858 | RobustPrompt-I Loss nan  
Epoch 176 |  Time(s) 0.0850 | RobustPrompt-I Loss nan  
Epoch 177 |  Time(s) 0.0864 | RobustPrompt-I Loss nan  
Epoch 178 |  Time(s) 0.0856 | RobustPrompt-I Loss nan  
Epoch 179 |  Time(s) 0.0850 | RobustPrompt-I Loss nan  
Epoch 180 |  Time(s) 0.0846 | RobustPrompt-I Loss nan  
Epoch 181 |  Time(s) 0.0861 | RobustPrompt-I Loss nan  
Epoch 182 |  Time(s) 0.0850 | RobustPrompt-I Loss nan  
Epoch 183 |  Time(s) 0.0864 | RobustPrompt-I Loss nan  
Epoch 184 |  Time(s) 0.0864 | RobustPrompt-I Loss nan  
Epoch 185 |  Time(s) 0.0850 | RobustPrompt-I Loss nan  
Epoch 186 |  Time(s) 0.0856 | RobustPrompt-I Loss nan  
Epoch 187 |  Time(s) 0.0913 | RobustPrompt-I Loss nan  
Epoch 188 |  Time(s) 0.0887 | RobustPrompt-I Loss nan  
Epoch 189 |  Time(s) 0.0853 | RobustPrompt-I Loss nan  
----------------------------------------------------------------------------------------------------
Early stopping at 190 eopch!
load LLC or attacked data with specified split
Successfully loaded the attack of dataname with few shot 5, split 1
Attack method : Meta_Self | Attack ptb : 0.2 | Dataset: Cora
======================
Number of graphs: 1
Number of features: 1433
Number of classes: 7

Data(x=[2708, 1433], edge_index=[2, 15412], y=[2708], train_mask=[2708], val_mask=[2708], test_mask=[2708])
===========================================================================================================
Number of nodes: 2708
Number of edges: 15412
Average node degree: 5.69
Has isolated nodes: False
Has self-loops: True
Is undirected: True
GCN(
  (conv_layers): ModuleList(
    (0): GCNConv(1433, 256)
    (1): GCNConv(256, 256)
  )
)
Successfully loaded pre-trained weights!
use RobustPrompt Inductive
defense pt dict :  {'sim_pt': -1.0, 'degree_pt': -1, 'out_detect_pt': 0.7, 'other_pt': 'all'}
use_attention :  False
kl_global :  False
cosine_constraint :  True
pt_threshold :  0.25
filter_module :  OriginalFilter
temperature :  1.0
weight_mse 0.1
weight_kl :  0.1
weight_constraint :  0.0
prepare induce graph data is finished!
run RobustPrompt-I
Epoch 001 |  Time(s) 0.1073 | RobustPrompt-I Loss 1.9428  
Epoch 002 |  Time(s) 0.0876 | RobustPrompt-I Loss 1.9308  
Epoch 003 |  Time(s) 0.0886 | RobustPrompt-I Loss 1.9130  
Epoch 004 |  Time(s) 0.0861 | RobustPrompt-I Loss 1.8770  
Epoch 005 |  Time(s) 0.0880 | RobustPrompt-I Loss 1.8432  
Epoch 006 |  Time(s) 0.0866 | RobustPrompt-I Loss 1.7838  
Epoch 007 |  Time(s) 0.0870 | RobustPrompt-I Loss 1.7524  
Epoch 008 |  Time(s) 0.0866 | RobustPrompt-I Loss 1.6915  
Epoch 009 |  Time(s) 0.0863 | RobustPrompt-I Loss 1.6591  
Epoch 010 |  Time(s) 0.0880 | RobustPrompt-I Loss 1.6209  
Epoch 011 |  Time(s) 0.0864 | RobustPrompt-I Loss 1.6043  
Epoch 012 |  Time(s) 0.0854 | RobustPrompt-I Loss 1.5812  
Epoch 013 |  Time(s) 0.0846 | RobustPrompt-I Loss 1.5754  
Epoch 014 |  Time(s) 0.0866 | RobustPrompt-I Loss 1.5734  
Epoch 015 |  Time(s) 0.0860 | RobustPrompt-I Loss 1.5562  
Epoch 016 |  Time(s) 0.0850 | RobustPrompt-I Loss 1.5654  
Epoch 017 |  Time(s) 0.0866 | RobustPrompt-I Loss 1.5372  
Epoch 018 |  Time(s) 0.0858 | RobustPrompt-I Loss 1.5196  
Epoch 019 |  Time(s) 0.0854 | RobustPrompt-I Loss 1.5211  
Epoch 020 |  Time(s) 0.0850 | RobustPrompt-I Loss 1.4908  
Epoch 021 |  Time(s) 0.0850 | RobustPrompt-I Loss 1.4934  
Epoch 022 |  Time(s) 0.0842 | RobustPrompt-I Loss 1.4843  
Epoch 023 |  Time(s) 0.0854 | RobustPrompt-I Loss 1.4590  
Epoch 024 |  Time(s) 0.0851 | RobustPrompt-I Loss 1.4654  
Epoch 025 |  Time(s) 0.0855 | RobustPrompt-I Loss 1.4420  
Epoch 026 |  Time(s) 0.0851 | RobustPrompt-I Loss 1.4170  
Epoch 027 |  Time(s) 0.0855 | RobustPrompt-I Loss 1.4260  
Epoch 028 |  Time(s) 0.0856 | RobustPrompt-I Loss 1.3934  
Epoch 029 |  Time(s) 0.0849 | RobustPrompt-I Loss 1.3748  
Epoch 030 |  Time(s) 0.0842 | RobustPrompt-I Loss 1.3746  
Epoch 031 |  Time(s) 0.0854 | RobustPrompt-I Loss 1.3577  
Epoch 032 |  Time(s) 0.0851 | RobustPrompt-I Loss 1.3250  
Epoch 033 |  Time(s) 0.0861 | RobustPrompt-I Loss 1.3095  
Epoch 034 |  Time(s) 0.0860 | RobustPrompt-I Loss 1.3110  
Epoch 035 |  Time(s) 0.0868 | RobustPrompt-I Loss 1.2730  
Epoch 036 |  Time(s) 0.0856 | RobustPrompt-I Loss 1.2503  
Epoch 037 |  Time(s) 0.0863 | RobustPrompt-I Loss 1.2369  
Epoch 038 |  Time(s) 0.0857 | RobustPrompt-I Loss 1.2484  
Epoch 039 |  Time(s) 0.0854 | RobustPrompt-I Loss 1.1902  
Epoch 040 |  Time(s) 0.0860 | RobustPrompt-I Loss 1.2728  
Epoch 041 |  Time(s) 0.0863 | RobustPrompt-I Loss 1.2152  
Epoch 042 |  Time(s) 0.0865 | RobustPrompt-I Loss 1.1669  
Epoch 043 |  Time(s) 0.0857 | RobustPrompt-I Loss 1.1625  
Epoch 044 |  Time(s) 0.0851 | RobustPrompt-I Loss 1.1153  
Epoch 045 |  Time(s) 0.0856 | RobustPrompt-I Loss 1.0967  
Epoch 046 |  Time(s) 0.0849 | RobustPrompt-I Loss 1.1238  
Epoch 047 |  Time(s) 0.0853 | RobustPrompt-I Loss 1.0986  
Epoch 048 |  Time(s) 0.0871 | RobustPrompt-I Loss 1.0629  
Epoch 049 |  Time(s) 0.0855 | RobustPrompt-I Loss 1.0549  
Epoch 050 |  Time(s) 0.0858 | RobustPrompt-I Loss 1.0415  
Epoch 051 |  Time(s) 0.0857 | RobustPrompt-I Loss 1.0107  
Epoch 052 |  Time(s) 0.0848 | RobustPrompt-I Loss 1.0224  
Epoch 053 |  Time(s) 0.0856 | RobustPrompt-I Loss 0.9951  
Epoch 054 |  Time(s) 0.0852 | RobustPrompt-I Loss 0.9903  
Epoch 055 |  Time(s) 0.0850 | RobustPrompt-I Loss 0.9679  
Epoch 056 |  Time(s) 0.0857 | RobustPrompt-I Loss 0.9628  
Epoch 057 |  Time(s) 0.0873 | RobustPrompt-I Loss 0.9434  
Epoch 058 |  Time(s) 0.0876 | RobustPrompt-I Loss 0.9396  
Epoch 059 |  Time(s) 0.0866 | RobustPrompt-I Loss 0.9160  
Epoch 060 |  Time(s) 0.0916 | RobustPrompt-I Loss 0.9212  
Epoch 061 |  Time(s) 0.0872 | RobustPrompt-I Loss 0.9030  
Epoch 062 |  Time(s) 0.0890 | RobustPrompt-I Loss 0.8994  
Epoch 063 |  Time(s) 0.0858 | RobustPrompt-I Loss 0.8879  
Epoch 064 |  Time(s) 0.0857 | RobustPrompt-I Loss 0.8683  
Epoch 065 |  Time(s) 0.0900 | RobustPrompt-I Loss 0.8722  
Epoch 066 |  Time(s) 0.0857 | RobustPrompt-I Loss 0.8426  
Epoch 067 |  Time(s) 0.0858 | RobustPrompt-I Loss 0.8599  
Epoch 068 |  Time(s) 0.0862 | RobustPrompt-I Loss 0.8217  
Epoch 069 |  Time(s) 0.0853 | RobustPrompt-I Loss 0.8184  
Epoch 070 |  Time(s) 0.0863 | RobustPrompt-I Loss 0.8372  
Epoch 071 |  Time(s) 0.0857 | RobustPrompt-I Loss 0.7943  
Epoch 072 |  Time(s) 0.0863 | RobustPrompt-I Loss 0.8563  
Epoch 073 |  Time(s) 0.0859 | RobustPrompt-I Loss 0.8132  
Epoch 074 |  Time(s) 0.0861 | RobustPrompt-I Loss 0.8267  
Epoch 075 |  Time(s) 0.0850 | RobustPrompt-I Loss 0.8356  
Epoch 076 |  Time(s) 0.0862 | RobustPrompt-I Loss 0.7603  
Epoch 077 |  Time(s) 0.0858 | RobustPrompt-I Loss 0.7794  
Epoch 078 |  Time(s) 0.0863 | RobustPrompt-I Loss 0.7511  
Epoch 079 |  Time(s) 0.0850 | RobustPrompt-I Loss 0.7511  
Epoch 080 |  Time(s) 0.0860 | RobustPrompt-I Loss 0.7533  
Epoch 081 |  Time(s) 0.0855 | RobustPrompt-I Loss 0.7353  
Epoch 082 |  Time(s) 0.0865 | RobustPrompt-I Loss 0.7475  
Epoch 083 |  Time(s) 0.0870 | RobustPrompt-I Loss 0.7211  
Epoch 084 |  Time(s) 0.0863 | RobustPrompt-I Loss 0.7383  
Epoch 085 |  Time(s) 0.0858 | RobustPrompt-I Loss 0.7097  
Epoch 086 |  Time(s) 0.0864 | RobustPrompt-I Loss 0.7358  
Epoch 087 |  Time(s) 0.0855 | RobustPrompt-I Loss 0.7049  
Epoch 088 |  Time(s) 0.0855 | RobustPrompt-I Loss 0.7405  
Epoch 089 |  Time(s) 0.0850 | RobustPrompt-I Loss 0.7342  
Epoch 090 |  Time(s) 0.0859 | RobustPrompt-I Loss 0.6853  
Epoch 091 |  Time(s) 0.0851 | RobustPrompt-I Loss nan  
Epoch 092 |  Time(s) 0.0847 | RobustPrompt-I Loss nan  
Epoch 093 |  Time(s) 0.0856 | RobustPrompt-I Loss nan  
Epoch 094 |  Time(s) 0.0854 | RobustPrompt-I Loss nan  
Epoch 095 |  Time(s) 0.0856 | RobustPrompt-I Loss nan  
Epoch 096 |  Time(s) 0.0850 | RobustPrompt-I Loss nan  
Epoch 097 |  Time(s) 0.0853 | RobustPrompt-I Loss nan  
Epoch 098 |  Time(s) 0.0860 | RobustPrompt-I Loss nan  
Epoch 099 |  Time(s) 0.0858 | RobustPrompt-I Loss nan  
Epoch 100 |  Time(s) 0.0852 | RobustPrompt-I Loss nan  
Epoch 101 |  Time(s) 0.0852 | RobustPrompt-I Loss nan  
Epoch 102 |  Time(s) 0.0858 | RobustPrompt-I Loss nan  
Epoch 103 |  Time(s) 0.0853 | RobustPrompt-I Loss nan  
Epoch 104 |  Time(s) 0.0854 | RobustPrompt-I Loss nan  
Epoch 105 |  Time(s) 0.0849 | RobustPrompt-I Loss nan  
Epoch 106 |  Time(s) 0.0858 | RobustPrompt-I Loss nan  
Epoch 107 |  Time(s) 0.0855 | RobustPrompt-I Loss nan  
Epoch 108 |  Time(s) 0.0861 | RobustPrompt-I Loss nan  
Epoch 109 |  Time(s) 0.0854 | RobustPrompt-I Loss nan  
----------------------------------------------------------------------------------------------------
Early stopping at 110 eopch!
load LLC or attacked data with specified split
Successfully loaded the attack of dataname with few shot 5, split 1
Attack method : Meta_Self | Attack ptb : 0.2 | Dataset: Cora
======================
Number of graphs: 1
Number of features: 1433
Number of classes: 7

Data(x=[2708, 1433], edge_index=[2, 15412], y=[2708], train_mask=[2708], val_mask=[2708], test_mask=[2708])
===========================================================================================================
Number of nodes: 2708
Number of edges: 15412
Average node degree: 5.69
Has isolated nodes: False
Has self-loops: True
Is undirected: True
GCN(
  (conv_layers): ModuleList(
    (0): GCNConv(1433, 256)
    (1): GCNConv(256, 256)
  )
)
Successfully loaded pre-trained weights!
use RobustPrompt Inductive
defense pt dict :  {'sim_pt': -1.0, 'degree_pt': -1, 'out_detect_pt': 0.7, 'other_pt': 'all'}
use_attention :  False
kl_global :  False
cosine_constraint :  True
pt_threshold :  0.25
filter_module :  OriginalFilter
temperature :  1.0
weight_mse 0.1
weight_kl :  0.1
weight_constraint :  0.0
prepare induce graph data is finished!
run RobustPrompt-I
Epoch 001 |  Time(s) 0.0966 | RobustPrompt-I Loss 1.9475  
Epoch 002 |  Time(s) 0.0870 | RobustPrompt-I Loss 1.9371  
Epoch 003 |  Time(s) 0.0865 | RobustPrompt-I Loss 1.9159  
Epoch 004 |  Time(s) 0.0860 | RobustPrompt-I Loss 1.8848  
Epoch 005 |  Time(s) 0.0860 | RobustPrompt-I Loss 1.8485  
Epoch 006 |  Time(s) 0.0860 | RobustPrompt-I Loss 1.7964  
Epoch 007 |  Time(s) 0.0850 | RobustPrompt-I Loss 1.7509  
Epoch 008 |  Time(s) 0.0882 | RobustPrompt-I Loss 1.7024  
Epoch 009 |  Time(s) 0.0856 | RobustPrompt-I Loss 1.6586  
Epoch 010 |  Time(s) 0.0850 | RobustPrompt-I Loss 1.6206  
Epoch 011 |  Time(s) 0.0845 | RobustPrompt-I Loss 1.5864  
Epoch 012 |  Time(s) 0.0850 | RobustPrompt-I Loss 1.5674  
Epoch 013 |  Time(s) 0.0852 | RobustPrompt-I Loss 1.5790  
Epoch 014 |  Time(s) 0.0869 | RobustPrompt-I Loss 1.5617  
Epoch 015 |  Time(s) 0.0866 | RobustPrompt-I Loss 1.5427  
Epoch 016 |  Time(s) 0.0858 | RobustPrompt-I Loss 1.5448  
Epoch 017 |  Time(s) 0.0854 | RobustPrompt-I Loss 1.5107  
Epoch 018 |  Time(s) 0.0856 | RobustPrompt-I Loss 1.5238  
Epoch 019 |  Time(s) 0.0908 | RobustPrompt-I Loss 1.4890  
Epoch 020 |  Time(s) 0.1302 | RobustPrompt-I Loss 1.5069  
Epoch 021 |  Time(s) 0.0891 | RobustPrompt-I Loss 1.4685  
Epoch 022 |  Time(s) 0.0868 | RobustPrompt-I Loss 1.4819  
Epoch 023 |  Time(s) 0.1361 | RobustPrompt-I Loss 1.4497  
Epoch 024 |  Time(s) 0.0884 | RobustPrompt-I Loss 1.4605  
Epoch 025 |  Time(s) 0.1442 | RobustPrompt-I Loss 1.4357  
Epoch 026 |  Time(s) 0.1281 | RobustPrompt-I Loss 1.4260  
Epoch 027 |  Time(s) 0.0943 | RobustPrompt-I Loss 1.4228  
Epoch 028 |  Time(s) 0.0859 | RobustPrompt-I Loss 1.3929  
Epoch 029 |  Time(s) 0.1315 | RobustPrompt-I Loss 1.3963  
Epoch 030 |  Time(s) 0.0859 | RobustPrompt-I Loss 1.3780  
Epoch 031 |  Time(s) 0.0854 | RobustPrompt-I Loss 1.3553  
Epoch 032 |  Time(s) 0.0857 | RobustPrompt-I Loss 1.3524  
Epoch 033 |  Time(s) 0.0861 | RobustPrompt-I Loss 1.3374  
Epoch 034 |  Time(s) 0.0856 | RobustPrompt-I Loss 1.3147  
Epoch 035 |  Time(s) 0.0931 | RobustPrompt-I Loss 1.2968  
Epoch 036 |  Time(s) 0.0932 | RobustPrompt-I Loss 1.2862  
Epoch 037 |  Time(s) 0.0907 | RobustPrompt-I Loss 1.2785  
Epoch 038 |  Time(s) 0.0897 | RobustPrompt-I Loss 1.2499  
Epoch 039 |  Time(s) 0.0864 | RobustPrompt-I Loss 1.2278  
Epoch 040 |  Time(s) 0.0957 | RobustPrompt-I Loss 1.2129  
Epoch 041 |  Time(s) 0.0852 | RobustPrompt-I Loss 1.2040  
Epoch 042 |  Time(s) 0.0951 | RobustPrompt-I Loss 1.1813  
Epoch 043 |  Time(s) 0.0874 | RobustPrompt-I Loss 1.1565  
Epoch 044 |  Time(s) 0.0866 | RobustPrompt-I Loss 1.1325  
Epoch 045 |  Time(s) 0.0860 | RobustPrompt-I Loss 1.1116  
Epoch 046 |  Time(s) 0.0860 | RobustPrompt-I Loss 1.0934  
Epoch 047 |  Time(s) 0.0859 | RobustPrompt-I Loss 1.0740  
Epoch 048 |  Time(s) 0.0878 | RobustPrompt-I Loss 1.0528  
Epoch 049 |  Time(s) 0.0911 | RobustPrompt-I Loss 1.0316  
Epoch 050 |  Time(s) 0.0856 | RobustPrompt-I Loss 1.0139  
Epoch 051 |  Time(s) 0.0866 | RobustPrompt-I Loss 1.0011  
Epoch 052 |  Time(s) 0.0860 | RobustPrompt-I Loss 0.9884  
Epoch 053 |  Time(s) 0.0871 | RobustPrompt-I Loss 0.9551  
Epoch 054 |  Time(s) 0.0861 | RobustPrompt-I Loss 0.9406  
Epoch 055 |  Time(s) 0.0870 | RobustPrompt-I Loss 0.9340  
Epoch 056 |  Time(s) 0.0871 | RobustPrompt-I Loss 0.9083  
Epoch 057 |  Time(s) 0.0863 | RobustPrompt-I Loss 0.8873  
Epoch 058 |  Time(s) 0.0864 | RobustPrompt-I Loss 0.8789  
Epoch 059 |  Time(s) 0.0867 | RobustPrompt-I Loss 0.8594  
Epoch 060 |  Time(s) 0.0864 | RobustPrompt-I Loss 0.8439  
Epoch 061 |  Time(s) 0.0858 | RobustPrompt-I Loss 0.8365  
Epoch 062 |  Time(s) 0.0868 | RobustPrompt-I Loss 0.8215  
Epoch 063 |  Time(s) 0.0946 | RobustPrompt-I Loss 0.8109  
Epoch 064 |  Time(s) 0.0892 | RobustPrompt-I Loss 0.8033  
Epoch 065 |  Time(s) 0.0863 | RobustPrompt-I Loss 0.7904  
Epoch 066 |  Time(s) 0.0863 | RobustPrompt-I Loss 0.7833  
Epoch 067 |  Time(s) 0.0863 | RobustPrompt-I Loss 0.7748  
Epoch 068 |  Time(s) 0.0856 | RobustPrompt-I Loss 0.7644  
Epoch 069 |  Time(s) 0.0866 | RobustPrompt-I Loss 0.7588  
Epoch 070 |  Time(s) 0.0859 | RobustPrompt-I Loss 0.7495  
Epoch 071 |  Time(s) 0.0879 | RobustPrompt-I Loss 0.7415  
Epoch 072 |  Time(s) 0.0861 | RobustPrompt-I Loss 0.7355  
Epoch 073 |  Time(s) 0.0862 | RobustPrompt-I Loss 0.7262  
Epoch 074 |  Time(s) 0.0876 | RobustPrompt-I Loss 0.7197  
Epoch 075 |  Time(s) 0.0861 | RobustPrompt-I Loss nan  
Epoch 076 |  Time(s) 0.0862 | RobustPrompt-I Loss nan  
Epoch 077 |  Time(s) 0.0855 | RobustPrompt-I Loss nan  
Epoch 078 |  Time(s) 0.0872 | RobustPrompt-I Loss nan  
Epoch 079 |  Time(s) 0.0857 | RobustPrompt-I Loss nan  
Epoch 080 |  Time(s) 0.0859 | RobustPrompt-I Loss nan  
Epoch 081 |  Time(s) 0.0856 | RobustPrompt-I Loss nan  
Epoch 082 |  Time(s) 0.0859 | RobustPrompt-I Loss nan  
Epoch 083 |  Time(s) 0.0866 | RobustPrompt-I Loss nan  
Epoch 084 |  Time(s) 0.0857 | RobustPrompt-I Loss nan  
Epoch 085 |  Time(s) 0.0866 | RobustPrompt-I Loss nan  
Epoch 086 |  Time(s) 0.0865 | RobustPrompt-I Loss nan  
Epoch 087 |  Time(s) 0.0865 | RobustPrompt-I Loss nan  
Epoch 088 |  Time(s) 0.0862 | RobustPrompt-I Loss nan  
Epoch 089 |  Time(s) 0.0867 | RobustPrompt-I Loss nan  
Epoch 090 |  Time(s) 0.0862 | RobustPrompt-I Loss nan  
Epoch 091 |  Time(s) 0.0864 | RobustPrompt-I Loss nan  
Epoch 092 |  Time(s) 0.0859 | RobustPrompt-I Loss nan  
Epoch 093 |  Time(s) 0.0865 | RobustPrompt-I Loss nan  
----------------------------------------------------------------------------------------------------
Early stopping at 94 eopch!
{1: {1: nan}, 2: {1: nan}, 3: {1: nan}, 4: {1: nan}, 5: {1: nan}}
{1: {1: nan, 2: nan, 3: nan, 4: nan, 5: nan}}
########################################################################################
seed: 1 | split 1 : nan
# Seed 1 Muti Split Final Acc: nan±nan
seed: 2 | split 1 : nan
# Seed 2 Muti Split Final Acc: nan±nan
seed: 3 | split 1 : nan
# Seed 3 Muti Split Final Acc: nan±nan
seed: 4 | split 1 : nan
# Seed 4 Muti Split Final Acc: nan±nan
seed: 5 | split 1 : nan
# Seed 5 Muti Split Final Acc: nan±nan
########################################################################################
split: 1 | seed 1 : nan
split: 1 | seed 2 : nan
split: 1 | seed 3 : nan
split: 1 | seed 4 : nan
split: 1 | seed 5 : nan
# Split 1 Muti Seed Acc without min value: nan±nan
########################################################################################
Done phase=ood, ood=0.7, ptb=0.2, end=2026-06-09 00:33:08, duration=00:01:15
