Start phase=ood, ood=0.4, ptb=0.2, time=2026-06-09 00:29:09, log=logs/RobustPrompt-I/ft_ood0.4_0.2_20260609_002909.log
load LLC or attacked data with specified split
Successfully loaded the attack of dataname with few shot 5, split 1
Attack method : Meta_Self | Attack ptb : 0.2 | Dataset: Cora
======================
Number of graphs: 1
Number of features: 1433
Number of classes: 7

Data(x=[2708, 1433], edge_index=[2, 15412], y=[2708], train_mask=[2708], val_mask=[2708], test_mask=[2708])
===========================================================================================================
Number of nodes: 2708
Number of edges: 15412
Average node degree: 5.69
Has isolated nodes: False
Has self-loops: True
Is undirected: True
GCN(
  (conv_layers): ModuleList(
    (0): GCNConv(1433, 256)
    (1): GCNConv(256, 256)
  )
)
Successfully loaded pre-trained weights!
use RobustPrompt Inductive
defense pt dict :  {'sim_pt': -1.0, 'degree_pt': -1, 'out_detect_pt': 0.4, 'other_pt': 'all'}
use_attention :  False
kl_global :  False
cosine_constraint :  True
pt_threshold :  0.25
filter_module :  OriginalFilter
temperature :  1.0
weight_mse 0.1
weight_kl :  0.1
weight_constraint :  0.0
prepare induce graph data is finished!
run RobustPrompt-I
Epoch 001 |  Time(s) 0.5190 | RobustPrompt-I Loss 1.9444  
Epoch 002 |  Time(s) 0.0819 | RobustPrompt-I Loss 1.9326  
Epoch 003 |  Time(s) 0.1521 | RobustPrompt-I Loss 1.8944  
Epoch 004 |  Time(s) 0.0831 | RobustPrompt-I Loss 1.8579  
Epoch 005 |  Time(s) 0.0798 | RobustPrompt-I Loss 1.8154  
Epoch 006 |  Time(s) 0.0793 | RobustPrompt-I Loss 1.7592  
Epoch 007 |  Time(s) 0.0798 | RobustPrompt-I Loss 1.7147  
Epoch 008 |  Time(s) 0.0800 | RobustPrompt-I Loss 1.6616  
Epoch 009 |  Time(s) 0.0798 | RobustPrompt-I Loss 1.6279  
Epoch 010 |  Time(s) 0.0794 | RobustPrompt-I Loss 1.6082  
Epoch 011 |  Time(s) 0.0802 | RobustPrompt-I Loss 1.5874  
Epoch 012 |  Time(s) 0.0868 | RobustPrompt-I Loss 1.5773  
Epoch 013 |  Time(s) 0.0801 | RobustPrompt-I Loss 1.5694  
Epoch 014 |  Time(s) 0.0795 | RobustPrompt-I Loss 1.5572  
Epoch 015 |  Time(s) 0.0799 | RobustPrompt-I Loss 1.5418  
Epoch 016 |  Time(s) 0.0794 | RobustPrompt-I Loss 1.5314  
Epoch 017 |  Time(s) 0.0786 | RobustPrompt-I Loss 1.5237  
Epoch 018 |  Time(s) 0.0790 | RobustPrompt-I Loss 1.5135  
Epoch 019 |  Time(s) 0.0791 | RobustPrompt-I Loss 1.5039  
Epoch 020 |  Time(s) 0.0791 | RobustPrompt-I Loss 1.4877  
Epoch 021 |  Time(s) 0.0793 | RobustPrompt-I Loss 1.4716  
Epoch 022 |  Time(s) 0.0800 | RobustPrompt-I Loss 1.4603  
Epoch 023 |  Time(s) 0.0797 | RobustPrompt-I Loss 1.4531  
Epoch 024 |  Time(s) 0.0798 | RobustPrompt-I Loss 1.4796  
Epoch 025 |  Time(s) 0.0829 | RobustPrompt-I Loss 1.4217  
Epoch 026 |  Time(s) 0.0847 | RobustPrompt-I Loss 1.4159  
Epoch 027 |  Time(s) 0.0822 | RobustPrompt-I Loss 1.4700  
Epoch 028 |  Time(s) 0.0800 | RobustPrompt-I Loss 1.4039  
Epoch 029 |  Time(s) 0.0796 | RobustPrompt-I Loss 1.5019  
Epoch 030 |  Time(s) 0.0795 | RobustPrompt-I Loss 1.5225  
Epoch 031 |  Time(s) 0.0787 | RobustPrompt-I Loss 1.3633  
Epoch 032 |  Time(s) 0.0794 | RobustPrompt-I Loss 1.4450  
Epoch 033 |  Time(s) 0.0793 | RobustPrompt-I Loss 1.4414  
Epoch 034 |  Time(s) 0.0792 | RobustPrompt-I Loss 1.3449  
Epoch 035 |  Time(s) 0.0790 | RobustPrompt-I Loss 1.3270  
Epoch 036 |  Time(s) 0.0796 | RobustPrompt-I Loss 1.3418  
Epoch 037 |  Time(s) 0.0793 | RobustPrompt-I Loss 1.3136  
Epoch 038 |  Time(s) 0.0787 | RobustPrompt-I Loss 1.2922  
Epoch 039 |  Time(s) 0.0797 | RobustPrompt-I Loss 1.2908  
Epoch 040 |  Time(s) 0.0791 | RobustPrompt-I Loss 1.2906  
Epoch 041 |  Time(s) 0.0795 | RobustPrompt-I Loss 1.2378  
Epoch 042 |  Time(s) 0.0796 | RobustPrompt-I Loss 1.3051  
Epoch 043 |  Time(s) 0.1023 | RobustPrompt-I Loss 1.2966  
Epoch 044 |  Time(s) 0.0904 | RobustPrompt-I Loss 1.2038  
Epoch 045 |  Time(s) 0.0818 | RobustPrompt-I Loss 1.2233  
Epoch 046 |  Time(s) 0.0799 | RobustPrompt-I Loss 1.2001  
Epoch 047 |  Time(s) 0.0800 | RobustPrompt-I Loss 1.2314  
Epoch 048 |  Time(s) 0.0806 | RobustPrompt-I Loss 1.1819  
Epoch 049 |  Time(s) 0.0807 | RobustPrompt-I Loss 1.1654  
Epoch 050 |  Time(s) 0.0797 | RobustPrompt-I Loss 1.1679  
Epoch 051 |  Time(s) 0.0796 | RobustPrompt-I Loss 1.0901  
Epoch 052 |  Time(s) 0.0801 | RobustPrompt-I Loss 1.1316  
Epoch 053 |  Time(s) 0.0801 | RobustPrompt-I Loss 1.0936  
Epoch 054 |  Time(s) 0.0796 | RobustPrompt-I Loss 1.1047  
Epoch 055 |  Time(s) 0.0805 | RobustPrompt-I Loss 1.0888  
Epoch 056 |  Time(s) 0.0795 | RobustPrompt-I Loss 1.0787  
Epoch 057 |  Time(s) 0.0791 | RobustPrompt-I Loss 1.0435  
Epoch 058 |  Time(s) 0.0792 | RobustPrompt-I Loss 1.0278  
Epoch 059 |  Time(s) 0.0792 | RobustPrompt-I Loss 1.0150  
Epoch 060 |  Time(s) 0.0802 | RobustPrompt-I Loss 1.0027  
Epoch 061 |  Time(s) 0.0803 | RobustPrompt-I Loss 0.9923  
Epoch 062 |  Time(s) 0.0807 | RobustPrompt-I Loss 0.9915  
Epoch 063 |  Time(s) 0.0805 | RobustPrompt-I Loss 0.9673  
Epoch 064 |  Time(s) 0.0790 | RobustPrompt-I Loss 0.9738  
Epoch 065 |  Time(s) 0.0799 | RobustPrompt-I Loss 0.9612  
Epoch 066 |  Time(s) 0.0795 | RobustPrompt-I Loss 0.9214  
Epoch 067 |  Time(s) 0.0792 | RobustPrompt-I Loss 0.9110  
Epoch 068 |  Time(s) 0.0828 | RobustPrompt-I Loss 0.9164  
Epoch 069 |  Time(s) 0.0831 | RobustPrompt-I Loss 0.8921  
Epoch 070 |  Time(s) 0.0797 | RobustPrompt-I Loss 0.9135  
Epoch 071 |  Time(s) 0.0799 | RobustPrompt-I Loss 0.8931  
Epoch 072 |  Time(s) 0.0795 | RobustPrompt-I Loss 0.8847  
Epoch 073 |  Time(s) 0.0795 | RobustPrompt-I Loss 0.8767  
Epoch 074 |  Time(s) 0.0793 | RobustPrompt-I Loss 0.8582  
Epoch 075 |  Time(s) 0.0856 | RobustPrompt-I Loss 0.8456  
Epoch 076 |  Time(s) 0.0786 | RobustPrompt-I Loss 0.8577  
Epoch 077 |  Time(s) 0.0878 | RobustPrompt-I Loss 0.8429  
Epoch 078 |  Time(s) 0.0849 | RobustPrompt-I Loss 0.8364  
Epoch 079 |  Time(s) 0.0881 | RobustPrompt-I Loss 0.8304  
Epoch 080 |  Time(s) 0.0849 | RobustPrompt-I Loss 0.8192  
Epoch 081 |  Time(s) 0.0814 | RobustPrompt-I Loss 0.8090  
Epoch 082 |  Time(s) 0.0788 | RobustPrompt-I Loss nan  
Epoch 083 |  Time(s) 0.0779 | RobustPrompt-I Loss nan  
Epoch 084 |  Time(s) 0.0787 | RobustPrompt-I Loss nan  
Epoch 085 |  Time(s) 0.0783 | RobustPrompt-I Loss nan  
Epoch 086 |  Time(s) 0.0789 | RobustPrompt-I Loss nan  
Epoch 087 |  Time(s) 0.0784 | RobustPrompt-I Loss nan  
Epoch 088 |  Time(s) 0.0787 | RobustPrompt-I Loss nan  
Epoch 089 |  Time(s) 0.0792 | RobustPrompt-I Loss nan  
Epoch 090 |  Time(s) 0.0802 | RobustPrompt-I Loss nan  
Epoch 091 |  Time(s) 0.0788 | RobustPrompt-I Loss nan  
Epoch 092 |  Time(s) 0.0794 | RobustPrompt-I Loss nan  
Epoch 093 |  Time(s) 0.0789 | RobustPrompt-I Loss nan  
Epoch 094 |  Time(s) 0.0796 | RobustPrompt-I Loss nan  
Epoch 095 |  Time(s) 0.0790 | RobustPrompt-I Loss nan  
Epoch 096 |  Time(s) 0.0791 | RobustPrompt-I Loss nan  
Epoch 097 |  Time(s) 0.0796 | RobustPrompt-I Loss nan  
Epoch 098 |  Time(s) 0.0787 | RobustPrompt-I Loss nan  
Epoch 099 |  Time(s) 0.0801 | RobustPrompt-I Loss nan  
Epoch 100 |  Time(s) 0.0787 | RobustPrompt-I Loss nan  
----------------------------------------------------------------------------------------------------
Early stopping at 101 eopch!
load LLC or attacked data with specified split
Successfully loaded the attack of dataname with few shot 5, split 1
Attack method : Meta_Self | Attack ptb : 0.2 | Dataset: Cora
======================
Number of graphs: 1
Number of features: 1433
Number of classes: 7

Data(x=[2708, 1433], edge_index=[2, 15412], y=[2708], train_mask=[2708], val_mask=[2708], test_mask=[2708])
===========================================================================================================
Number of nodes: 2708
Number of edges: 15412
Average node degree: 5.69
Has isolated nodes: False
Has self-loops: True
Is undirected: True
GCN(
  (conv_layers): ModuleList(
    (0): GCNConv(1433, 256)
    (1): GCNConv(256, 256)
  )
)
Successfully loaded pre-trained weights!
use RobustPrompt Inductive
defense pt dict :  {'sim_pt': -1.0, 'degree_pt': -1, 'out_detect_pt': 0.4, 'other_pt': 'all'}
use_attention :  False
kl_global :  False
cosine_constraint :  True
pt_threshold :  0.25
filter_module :  OriginalFilter
temperature :  1.0
weight_mse 0.1
weight_kl :  0.1
weight_constraint :  0.0
prepare induce graph data is finished!
run RobustPrompt-I
Epoch 001 |  Time(s) 0.1425 | RobustPrompt-I Loss 1.9458  
Epoch 002 |  Time(s) 0.0951 | RobustPrompt-I Loss 1.9508  
Epoch 003 |  Time(s) 0.0864 | RobustPrompt-I Loss 1.9228  
Epoch 004 |  Time(s) 0.0859 | RobustPrompt-I Loss 1.9251  
Epoch 005 |  Time(s) 0.0869 | RobustPrompt-I Loss 1.9106  
Epoch 006 |  Time(s) 0.0867 | RobustPrompt-I Loss 1.8901  
Epoch 007 |  Time(s) 0.0850 | RobustPrompt-I Loss nan  
Epoch 008 |  Time(s) 0.0851 | RobustPrompt-I Loss nan  
Epoch 009 |  Time(s) 0.0848 | RobustPrompt-I Loss nan  
Epoch 010 |  Time(s) 0.0849 | RobustPrompt-I Loss nan  
Epoch 011 |  Time(s) 0.0846 | RobustPrompt-I Loss nan  
Epoch 012 |  Time(s) 0.0849 | RobustPrompt-I Loss nan  
Epoch 013 |  Time(s) 0.0845 | RobustPrompt-I Loss nan  
Epoch 014 |  Time(s) 0.0857 | RobustPrompt-I Loss nan  
Epoch 015 |  Time(s) 0.0838 | RobustPrompt-I Loss nan  
Epoch 016 |  Time(s) 0.0839 | RobustPrompt-I Loss nan  
Epoch 017 |  Time(s) 0.0843 | RobustPrompt-I Loss nan  
Epoch 018 |  Time(s) 0.0841 | RobustPrompt-I Loss nan  
Epoch 019 |  Time(s) 0.0835 | RobustPrompt-I Loss nan  
Epoch 020 |  Time(s) 0.0837 | RobustPrompt-I Loss nan  
Epoch 021 |  Time(s) 0.0873 | RobustPrompt-I Loss nan  
Epoch 022 |  Time(s) 0.1386 | RobustPrompt-I Loss nan  
Epoch 023 |  Time(s) 0.0843 | RobustPrompt-I Loss nan  
Epoch 024 |  Time(s) 0.0837 | RobustPrompt-I Loss nan  
Epoch 025 |  Time(s) 0.0850 | RobustPrompt-I Loss nan  
----------------------------------------------------------------------------------------------------
Early stopping at 26 eopch!
load LLC or attacked data with specified split
Successfully loaded the attack of dataname with few shot 5, split 1
Attack method : Meta_Self | Attack ptb : 0.2 | Dataset: Cora
======================
Number of graphs: 1
Number of features: 1433
Number of classes: 7

Data(x=[2708, 1433], edge_index=[2, 15412], y=[2708], train_mask=[2708], val_mask=[2708], test_mask=[2708])
===========================================================================================================
Number of nodes: 2708
Number of edges: 15412
Average node degree: 5.69
Has isolated nodes: False
Has self-loops: True
Is undirected: True
GCN(
  (conv_layers): ModuleList(
    (0): GCNConv(1433, 256)
    (1): GCNConv(256, 256)
  )
)
Successfully loaded pre-trained weights!
use RobustPrompt Inductive
defense pt dict :  {'sim_pt': -1.0, 'degree_pt': -1, 'out_detect_pt': 0.4, 'other_pt': 'all'}
use_attention :  False
kl_global :  False
cosine_constraint :  True
pt_threshold :  0.25
filter_module :  OriginalFilter
temperature :  1.0
weight_mse 0.1
weight_kl :  0.1
weight_constraint :  0.0
prepare induce graph data is finished!
run RobustPrompt-I
Epoch 001 |  Time(s) 0.2141 | RobustPrompt-I Loss 1.9455  
Epoch 002 |  Time(s) 0.3032 | RobustPrompt-I Loss 1.9361  
Epoch 003 |  Time(s) 0.4039 | RobustPrompt-I Loss 1.9139  
Epoch 004 |  Time(s) 0.2117 | RobustPrompt-I Loss 1.9010  
Epoch 005 |  Time(s) 0.1911 | RobustPrompt-I Loss 1.8610  
Epoch 006 |  Time(s) 0.2438 | RobustPrompt-I Loss 1.8489  
Epoch 007 |  Time(s) 0.1826 | RobustPrompt-I Loss 1.7899  
Epoch 008 |  Time(s) 0.1117 | RobustPrompt-I Loss 1.7719  
Epoch 009 |  Time(s) 0.0974 | RobustPrompt-I Loss 1.7142  
Epoch 010 |  Time(s) 0.0921 | RobustPrompt-I Loss 1.6840  
Epoch 011 |  Time(s) 0.0882 | RobustPrompt-I Loss 1.6405  
Epoch 012 |  Time(s) 0.0928 | RobustPrompt-I Loss 1.6050  
Epoch 013 |  Time(s) 0.0894 | RobustPrompt-I Loss 1.5885  
Epoch 014 |  Time(s) 0.0890 | RobustPrompt-I Loss 1.5654  
Epoch 015 |  Time(s) 0.0891 | RobustPrompt-I Loss 1.5474  
Epoch 016 |  Time(s) 0.1938 | RobustPrompt-I Loss 1.5372  
Epoch 017 |  Time(s) 0.0922 | RobustPrompt-I Loss 1.5257  
Epoch 018 |  Time(s) 0.0946 | RobustPrompt-I Loss 1.5173  
Epoch 019 |  Time(s) 0.0888 | RobustPrompt-I Loss 1.4971  
Epoch 020 |  Time(s) 0.0884 | RobustPrompt-I Loss 1.4878  
Epoch 021 |  Time(s) 0.0894 | RobustPrompt-I Loss 1.4937  
Epoch 022 |  Time(s) 0.0888 | RobustPrompt-I Loss 1.4624  
Epoch 023 |  Time(s) 0.0892 | RobustPrompt-I Loss 1.4485  
Epoch 024 |  Time(s) 0.0876 | RobustPrompt-I Loss 1.4551  
Epoch 025 |  Time(s) 0.1063 | RobustPrompt-I Loss 1.4290  
Epoch 026 |  Time(s) 0.0928 | RobustPrompt-I Loss 1.4102  
Epoch 027 |  Time(s) 0.0958 | RobustPrompt-I Loss 1.4158  
Epoch 028 |  Time(s) 0.0880 | RobustPrompt-I Loss 1.3891  
Epoch 029 |  Time(s) 0.0885 | RobustPrompt-I Loss 1.3641  
Epoch 030 |  Time(s) 0.0881 | RobustPrompt-I Loss 1.3564  
Epoch 031 |  Time(s) 0.0886 | RobustPrompt-I Loss 1.3474  
Epoch 032 |  Time(s) 0.0905 | RobustPrompt-I Loss 1.3509  
Epoch 033 |  Time(s) 0.0871 | RobustPrompt-I Loss nan  
Epoch 034 |  Time(s) 0.0886 | RobustPrompt-I Loss nan  
Epoch 035 |  Time(s) 0.0882 | RobustPrompt-I Loss nan  
Epoch 036 |  Time(s) 0.0881 | RobustPrompt-I Loss nan  
Epoch 037 |  Time(s) 0.0881 | RobustPrompt-I Loss nan  
Epoch 038 |  Time(s) 0.0876 | RobustPrompt-I Loss nan  
Epoch 039 |  Time(s) 0.0880 | RobustPrompt-I Loss nan  
Epoch 040 |  Time(s) 0.0883 | RobustPrompt-I Loss nan  
Epoch 041 |  Time(s) 0.0882 | RobustPrompt-I Loss nan  
Epoch 042 |  Time(s) 0.0893 | RobustPrompt-I Loss nan  
Epoch 043 |  Time(s) 0.0887 | RobustPrompt-I Loss nan  
Epoch 044 |  Time(s) 0.0887 | RobustPrompt-I Loss nan  
Epoch 045 |  Time(s) 0.0893 | RobustPrompt-I Loss nan  
Epoch 046 |  Time(s) 0.1329 | RobustPrompt-I Loss nan  
Epoch 047 |  Time(s) 0.0891 | RobustPrompt-I Loss nan  
Epoch 048 |  Time(s) 0.1659 | RobustPrompt-I Loss nan  
Epoch 049 |  Time(s) 0.1857 | RobustPrompt-I Loss nan  
Epoch 050 |  Time(s) 0.2024 | RobustPrompt-I Loss nan  
----------------------------------------------------------------------------------------------------
Early stopping at 51 eopch!
load LLC or attacked data with specified split
Successfully loaded the attack of dataname with few shot 5, split 1
Attack method : Meta_Self | Attack ptb : 0.2 | Dataset: Cora
======================
Number of graphs: 1
Number of features: 1433
Number of classes: 7

Data(x=[2708, 1433], edge_index=[2, 15412], y=[2708], train_mask=[2708], val_mask=[2708], test_mask=[2708])
===========================================================================================================
Number of nodes: 2708
Number of edges: 15412
Average node degree: 5.69
Has isolated nodes: False
Has self-loops: True
Is undirected: True
GCN(
  (conv_layers): ModuleList(
    (0): GCNConv(1433, 256)
    (1): GCNConv(256, 256)
  )
)
Successfully loaded pre-trained weights!
use RobustPrompt Inductive
defense pt dict :  {'sim_pt': -1.0, 'degree_pt': -1, 'out_detect_pt': 0.4, 'other_pt': 'all'}
use_attention :  False
kl_global :  False
cosine_constraint :  True
pt_threshold :  0.25
filter_module :  OriginalFilter
temperature :  1.0
weight_mse 0.1
weight_kl :  0.1
weight_constraint :  0.0
prepare induce graph data is finished!
run RobustPrompt-I
Epoch 001 |  Time(s) 0.1156 | RobustPrompt-I Loss 1.9428  
Epoch 002 |  Time(s) 0.1036 | RobustPrompt-I Loss 1.9298  
Epoch 003 |  Time(s) 0.0987 | RobustPrompt-I Loss 1.9126  
Epoch 004 |  Time(s) 0.0941 | RobustPrompt-I Loss 1.8736  
Epoch 005 |  Time(s) 0.0942 | RobustPrompt-I Loss 1.8375  
Epoch 006 |  Time(s) 0.0962 | RobustPrompt-I Loss 1.7775  
Epoch 007 |  Time(s) 0.0908 | RobustPrompt-I Loss 1.7325  
Epoch 008 |  Time(s) 0.1037 | RobustPrompt-I Loss 1.6909  
Epoch 009 |  Time(s) 0.0925 | RobustPrompt-I Loss 1.6440  
Epoch 010 |  Time(s) 0.0928 | RobustPrompt-I Loss 1.6303  
Epoch 011 |  Time(s) 0.0958 | RobustPrompt-I Loss 1.6027  
Epoch 012 |  Time(s) 0.0940 | RobustPrompt-I Loss 1.5929  
Epoch 013 |  Time(s) 0.0892 | RobustPrompt-I Loss 1.5881  
Epoch 014 |  Time(s) 0.0894 | RobustPrompt-I Loss 1.5678  
Epoch 015 |  Time(s) 0.1058 | RobustPrompt-I Loss 1.5837  
Epoch 016 |  Time(s) 0.1225 | RobustPrompt-I Loss 1.5499  
Epoch 017 |  Time(s) 0.0961 | RobustPrompt-I Loss 1.5555  
Epoch 018 |  Time(s) 0.1018 | RobustPrompt-I Loss 1.5301  
Epoch 019 |  Time(s) 0.0933 | RobustPrompt-I Loss 1.5216  
Epoch 020 |  Time(s) 0.0907 | RobustPrompt-I Loss 1.5241  
Epoch 021 |  Time(s) 0.0958 | RobustPrompt-I Loss 1.4908  
Epoch 022 |  Time(s) 0.0899 | RobustPrompt-I Loss 1.4957  
Epoch 023 |  Time(s) 0.0951 | RobustPrompt-I Loss 1.4806  
Epoch 024 |  Time(s) 0.0953 | RobustPrompt-I Loss 1.4560  
Epoch 025 |  Time(s) 0.1555 | RobustPrompt-I Loss 1.4551  
Epoch 026 |  Time(s) 0.2307 | RobustPrompt-I Loss 1.4400  
Epoch 027 |  Time(s) 0.3085 | RobustPrompt-I Loss 1.4164  
Epoch 028 |  Time(s) 0.3614 | RobustPrompt-I Loss 1.4024  
Epoch 029 |  Time(s) 0.3248 | RobustPrompt-I Loss 1.3973  
Epoch 030 |  Time(s) 0.1637 | RobustPrompt-I Loss 1.3860  
Epoch 031 |  Time(s) 0.1028 | RobustPrompt-I Loss 1.3575  
Epoch 032 |  Time(s) 0.1541 | RobustPrompt-I Loss 1.3371  
Epoch 033 |  Time(s) 0.1030 | RobustPrompt-I Loss 1.3208  
Epoch 034 |  Time(s) 0.1549 | RobustPrompt-I Loss 1.3111  
Epoch 035 |  Time(s) 0.1286 | RobustPrompt-I Loss 1.3168  
Epoch 036 |  Time(s) 0.0930 | RobustPrompt-I Loss 1.2633  
Epoch 037 |  Time(s) 0.0891 | RobustPrompt-I Loss 1.3091  
Epoch 038 |  Time(s) 0.0886 | RobustPrompt-I Loss 1.2324  
Epoch 039 |  Time(s) 0.0884 | RobustPrompt-I Loss 1.3730  
Epoch 040 |  Time(s) 0.0887 | RobustPrompt-I Loss 1.3869  
Epoch 041 |  Time(s) 0.0889 | RobustPrompt-I Loss 1.2116  
Epoch 042 |  Time(s) 0.0886 | RobustPrompt-I Loss 1.4192  
Epoch 043 |  Time(s) 0.0898 | RobustPrompt-I Loss 1.6179  
Epoch 044 |  Time(s) 0.0890 | RobustPrompt-I Loss 1.3502  
Epoch 045 |  Time(s) 0.0925 | RobustPrompt-I Loss 1.2796  
Epoch 046 |  Time(s) 0.0902 | RobustPrompt-I Loss 1.3124  
Epoch 047 |  Time(s) 0.0903 | RobustPrompt-I Loss 1.1610  
Epoch 048 |  Time(s) 0.0902 | RobustPrompt-I Loss 1.2333  
Epoch 049 |  Time(s) 0.0901 | RobustPrompt-I Loss 1.2891  
Epoch 050 |  Time(s) 0.0906 | RobustPrompt-I Loss 1.1246  
Epoch 051 |  Time(s) 0.0911 | RobustPrompt-I Loss 1.1817  
Epoch 052 |  Time(s) 0.0908 | RobustPrompt-I Loss nan  
Epoch 053 |  Time(s) 0.0905 | RobustPrompt-I Loss nan  
Epoch 054 |  Time(s) 0.0910 | RobustPrompt-I Loss nan  
Epoch 055 |  Time(s) 0.0900 | RobustPrompt-I Loss nan  
Epoch 056 |  Time(s) 0.0904 | RobustPrompt-I Loss nan  
Epoch 057 |  Time(s) 0.0906 | RobustPrompt-I Loss nan  
Epoch 058 |  Time(s) 0.0898 | RobustPrompt-I Loss nan  
Epoch 059 |  Time(s) 0.0904 | RobustPrompt-I Loss nan  
Epoch 060 |  Time(s) 0.0907 | RobustPrompt-I Loss nan  
Epoch 061 |  Time(s) 0.1353 | RobustPrompt-I Loss nan  
Epoch 062 |  Time(s) 0.0928 | RobustPrompt-I Loss nan  
Epoch 063 |  Time(s) 0.0964 | RobustPrompt-I Loss nan  
Epoch 064 |  Time(s) 0.0903 | RobustPrompt-I Loss nan  
Epoch 065 |  Time(s) 0.1451 | RobustPrompt-I Loss nan  
Epoch 066 |  Time(s) 0.2088 | RobustPrompt-I Loss nan  
Epoch 067 |  Time(s) 0.2060 | RobustPrompt-I Loss nan  
Epoch 068 |  Time(s) 0.2468 | RobustPrompt-I Loss nan  
Epoch 069 |  Time(s) 0.2639 | RobustPrompt-I Loss nan  
----------------------------------------------------------------------------------------------------
Early stopping at 70 eopch!
load LLC or attacked data with specified split
Successfully loaded the attack of dataname with few shot 5, split 1
Attack method : Meta_Self | Attack ptb : 0.2 | Dataset: Cora
======================
Number of graphs: 1
Number of features: 1433
Number of classes: 7

Data(x=[2708, 1433], edge_index=[2, 15412], y=[2708], train_mask=[2708], val_mask=[2708], test_mask=[2708])
===========================================================================================================
Number of nodes: 2708
Number of edges: 15412
Average node degree: 5.69
Has isolated nodes: False
Has self-loops: True
Is undirected: True
GCN(
  (conv_layers): ModuleList(
    (0): GCNConv(1433, 256)
    (1): GCNConv(256, 256)
  )
)
Successfully loaded pre-trained weights!
use RobustPrompt Inductive
defense pt dict :  {'sim_pt': -1.0, 'degree_pt': -1, 'out_detect_pt': 0.4, 'other_pt': 'all'}
use_attention :  False
kl_global :  False
cosine_constraint :  True
pt_threshold :  0.25
filter_module :  OriginalFilter
temperature :  1.0
weight_mse 0.1
weight_kl :  0.1
weight_constraint :  0.0
prepare induce graph data is finished!
run RobustPrompt-I
Epoch 001 |  Time(s) 0.1078 | RobustPrompt-I Loss 1.9475  
Epoch 002 |  Time(s) 0.1012 | RobustPrompt-I Loss 1.9368  
Epoch 003 |  Time(s) 0.0995 | RobustPrompt-I Loss 1.9143  
Epoch 004 |  Time(s) 0.0890 | RobustPrompt-I Loss 1.8854  
Epoch 005 |  Time(s) 0.1016 | RobustPrompt-I Loss 1.8461  
Epoch 006 |  Time(s) 0.1194 | RobustPrompt-I Loss 1.7918  
Epoch 007 |  Time(s) 0.2746 | RobustPrompt-I Loss 1.7456  
Epoch 008 |  Time(s) 0.1951 | RobustPrompt-I Loss 1.6978  
Epoch 009 |  Time(s) 0.0996 | RobustPrompt-I Loss 1.6553  
Epoch 010 |  Time(s) 0.0984 | RobustPrompt-I Loss 1.6223  
Epoch 011 |  Time(s) 0.0897 | RobustPrompt-I Loss 1.5956  
Epoch 012 |  Time(s) 0.0963 | RobustPrompt-I Loss 1.5736  
Epoch 013 |  Time(s) 0.2232 | RobustPrompt-I Loss 1.5615  
Epoch 014 |  Time(s) 0.1367 | RobustPrompt-I Loss 1.5683  
Epoch 015 |  Time(s) 0.1838 | RobustPrompt-I Loss 1.5712  
Epoch 016 |  Time(s) 0.1554 | RobustPrompt-I Loss 1.5321  
Epoch 017 |  Time(s) 0.0923 | RobustPrompt-I Loss 1.5734  
Epoch 018 |  Time(s) 0.0862 | RobustPrompt-I Loss 1.5103  
Epoch 019 |  Time(s) 0.0860 | RobustPrompt-I Loss 1.5468  
Epoch 020 |  Time(s) 0.0839 | RobustPrompt-I Loss 1.4955  
Epoch 021 |  Time(s) 0.0855 | RobustPrompt-I Loss 1.5352  
Epoch 022 |  Time(s) 0.0851 | RobustPrompt-I Loss 1.4926  
Epoch 023 |  Time(s) 0.0853 | RobustPrompt-I Loss 1.5138  
Epoch 024 |  Time(s) 0.0858 | RobustPrompt-I Loss 1.5088  
Epoch 025 |  Time(s) 0.0860 | RobustPrompt-I Loss 1.4524  
Epoch 026 |  Time(s) 0.0845 | RobustPrompt-I Loss 1.4868  
Epoch 027 |  Time(s) 0.0844 | RobustPrompt-I Loss 1.4306  
Epoch 028 |  Time(s) 0.0842 | RobustPrompt-I Loss 1.4651  
Epoch 029 |  Time(s) 0.0830 | RobustPrompt-I Loss 1.4335  
Epoch 030 |  Time(s) 0.0839 | RobustPrompt-I Loss 1.4363  
Epoch 031 |  Time(s) 0.0842 | RobustPrompt-I Loss 1.4376  
Epoch 032 |  Time(s) 0.0831 | RobustPrompt-I Loss 1.3826  
Epoch 033 |  Time(s) 0.0848 | RobustPrompt-I Loss 1.3951  
Epoch 034 |  Time(s) 0.0846 | RobustPrompt-I Loss 1.3573  
Epoch 035 |  Time(s) 0.0845 | RobustPrompt-I Loss 1.3645  
Epoch 036 |  Time(s) 0.0839 | RobustPrompt-I Loss 1.3355  
Epoch 037 |  Time(s) 0.0840 | RobustPrompt-I Loss 1.3249  
Epoch 038 |  Time(s) 0.0795 | RobustPrompt-I Loss 1.3218  
Epoch 039 |  Time(s) 0.0854 | RobustPrompt-I Loss 1.2921  
Epoch 040 |  Time(s) 0.0839 | RobustPrompt-I Loss 1.2895  
Epoch 041 |  Time(s) 0.0844 | RobustPrompt-I Loss 1.2769  
Epoch 042 |  Time(s) 0.0842 | RobustPrompt-I Loss 1.2477  
Epoch 043 |  Time(s) 0.0844 | RobustPrompt-I Loss nan  
Epoch 044 |  Time(s) 0.0841 | RobustPrompt-I Loss nan  
Epoch 045 |  Time(s) 0.0844 | RobustPrompt-I Loss nan  
Epoch 046 |  Time(s) 0.0847 | RobustPrompt-I Loss nan  
Epoch 047 |  Time(s) 0.0838 | RobustPrompt-I Loss nan  
Epoch 048 |  Time(s) 0.0842 | RobustPrompt-I Loss nan  
Epoch 049 |  Time(s) 0.0846 | RobustPrompt-I Loss nan  
Epoch 050 |  Time(s) 0.0842 | RobustPrompt-I Loss nan  
Epoch 051 |  Time(s) 0.0841 | RobustPrompt-I Loss nan  
Epoch 052 |  Time(s) 0.0844 | RobustPrompt-I Loss nan  
Epoch 053 |  Time(s) 0.0832 | RobustPrompt-I Loss nan  
Epoch 054 |  Time(s) 0.0865 | RobustPrompt-I Loss nan  
Epoch 055 |  Time(s) 0.0897 | RobustPrompt-I Loss nan  
Epoch 056 |  Time(s) 0.0845 | RobustPrompt-I Loss nan  
Epoch 057 |  Time(s) 0.0842 | RobustPrompt-I Loss nan  
Epoch 058 |  Time(s) 0.0838 | RobustPrompt-I Loss nan  
Epoch 059 |  Time(s) 0.0840 | RobustPrompt-I Loss nan  
Epoch 060 |  Time(s) 0.0841 | RobustPrompt-I Loss nan  
Epoch 061 |  Time(s) 0.0841 | RobustPrompt-I Loss nan  
----------------------------------------------------------------------------------------------------
Early stopping at 62 eopch!
{1: {1: nan}, 2: {1: nan}, 3: {1: nan}, 4: {1: nan}, 5: {1: nan}}
{1: {1: nan, 2: nan, 3: nan, 4: nan, 5: nan}}
########################################################################################
seed: 1 | split 1 : nan
# Seed 1 Muti Split Final Acc: nan±nan
seed: 2 | split 1 : nan
# Seed 2 Muti Split Final Acc: nan±nan
seed: 3 | split 1 : nan
# Seed 3 Muti Split Final Acc: nan±nan
seed: 4 | split 1 : nan
# Seed 4 Muti Split Final Acc: nan±nan
seed: 5 | split 1 : nan
# Seed 5 Muti Split Final Acc: nan±nan
########################################################################################
split: 1 | seed 1 : nan
split: 1 | seed 2 : nan
split: 1 | seed 3 : nan
split: 1 | seed 4 : nan
split: 1 | seed 5 : nan
# Split 1 Muti Seed Acc without min value: nan±nan
########################################################################################
Done phase=ood, ood=0.4, ptb=0.2, end=2026-06-09 00:29:50, duration=00:00:41
