Start phase=ood, ood=0.7, ptb=0.15, time=2026-06-09 00:27:16, log=logs/RobustPrompt-I/ft_ood0.7_0.15_20260609_002716.log
load LLC or attacked data with specified split
Successfully loaded the attack of dataname with few shot 5, split 1
Attack method : Meta_Self | Attack ptb : 0.15 | Dataset: Cora
======================
Number of graphs: 1
Number of features: 1433
Number of classes: 7

Data(x=[2708, 1433], edge_index=[2, 14804], y=[2708], train_mask=[2708], val_mask=[2708], test_mask=[2708])
===========================================================================================================
Number of nodes: 2708
Number of edges: 14804
Average node degree: 5.47
Has isolated nodes: False
Has self-loops: True
Is undirected: True
GCN(
  (conv_layers): ModuleList(
    (0): GCNConv(1433, 256)
    (1): GCNConv(256, 256)
  )
)
Successfully loaded pre-trained weights!
use RobustPrompt Inductive
defense pt dict :  {'sim_pt': -1.0, 'degree_pt': -1, 'out_detect_pt': 0.7, 'other_pt': 'all'}
use_attention :  False
kl_global :  False
cosine_constraint :  True
pt_threshold :  0.25
filter_module :  OriginalFilter
temperature :  1.0
weight_mse 0.1
weight_kl :  0.1
weight_constraint :  0.0
prepare induce graph data is finished!
run RobustPrompt-I
Epoch 001 |  Time(s) 0.3921 | RobustPrompt-I Loss 1.9448  
Epoch 002 |  Time(s) 0.0794 | RobustPrompt-I Loss 1.9445  
Epoch 003 |  Time(s) 0.0778 | RobustPrompt-I Loss 1.9223  
Epoch 004 |  Time(s) 0.0763 | RobustPrompt-I Loss 1.8924  
Epoch 005 |  Time(s) 0.0750 | RobustPrompt-I Loss 1.8652  
Epoch 006 |  Time(s) 0.0793 | RobustPrompt-I Loss 1.8381  
Epoch 007 |  Time(s) 0.0773 | RobustPrompt-I Loss 1.7938  
Epoch 008 |  Time(s) 0.0803 | RobustPrompt-I Loss 1.7538  
Epoch 009 |  Time(s) 0.0756 | RobustPrompt-I Loss 1.7132  
Epoch 010 |  Time(s) 0.0806 | RobustPrompt-I Loss 1.6725  
Epoch 011 |  Time(s) 0.0753 | RobustPrompt-I Loss 1.6320  
Epoch 012 |  Time(s) 0.0749 | RobustPrompt-I Loss 1.6194  
Epoch 013 |  Time(s) 0.0748 | RobustPrompt-I Loss 1.5922  
Epoch 014 |  Time(s) 0.0738 | RobustPrompt-I Loss 1.5814  
Epoch 015 |  Time(s) 0.0740 | RobustPrompt-I Loss 1.5609  
Epoch 016 |  Time(s) 0.0742 | RobustPrompt-I Loss 1.5447  
Epoch 017 |  Time(s) 0.0740 | RobustPrompt-I Loss 1.5366  
Epoch 018 |  Time(s) 0.0738 | RobustPrompt-I Loss 1.5240  
Epoch 019 |  Time(s) 0.0736 | RobustPrompt-I Loss 1.5021  
Epoch 020 |  Time(s) 0.1146 | RobustPrompt-I Loss 1.4872  
Epoch 021 |  Time(s) 0.4500 | RobustPrompt-I Loss 1.4818  
Epoch 022 |  Time(s) 0.1116 | RobustPrompt-I Loss 1.4848  
Epoch 023 |  Time(s) 0.0760 | RobustPrompt-I Loss 1.4770  
Epoch 024 |  Time(s) 0.1422 | RobustPrompt-I Loss 1.4359  
Epoch 025 |  Time(s) 0.0807 | RobustPrompt-I Loss 1.4494  
Epoch 026 |  Time(s) 0.0861 | RobustPrompt-I Loss 1.4355  
Epoch 027 |  Time(s) 0.0758 | RobustPrompt-I Loss 1.4018  
Epoch 028 |  Time(s) 0.0749 | RobustPrompt-I Loss 1.4119  
Epoch 029 |  Time(s) 0.0748 | RobustPrompt-I Loss 1.3831  
Epoch 030 |  Time(s) 0.0761 | RobustPrompt-I Loss 1.3587  
Epoch 031 |  Time(s) 0.0759 | RobustPrompt-I Loss 1.3526  
Epoch 032 |  Time(s) 0.0755 | RobustPrompt-I Loss 1.3554  
Epoch 033 |  Time(s) 0.0745 | RobustPrompt-I Loss 1.3117  
Epoch 034 |  Time(s) 0.1222 | RobustPrompt-I Loss 1.3220  
Epoch 035 |  Time(s) 0.1528 | RobustPrompt-I Loss 1.2864  
Epoch 036 |  Time(s) 0.0793 | RobustPrompt-I Loss 1.2634  
Epoch 037 |  Time(s) 0.0796 | RobustPrompt-I Loss 1.2499  
Epoch 038 |  Time(s) 0.0780 | RobustPrompt-I Loss 1.2469  
Epoch 039 |  Time(s) 0.0780 | RobustPrompt-I Loss 1.2149  
Epoch 040 |  Time(s) 0.0777 | RobustPrompt-I Loss 1.1918  
Epoch 041 |  Time(s) 0.0776 | RobustPrompt-I Loss 1.1724  
Epoch 042 |  Time(s) 0.0793 | RobustPrompt-I Loss 1.1552  
Epoch 043 |  Time(s) 0.0778 | RobustPrompt-I Loss 1.1420  
Epoch 044 |  Time(s) 0.0802 | RobustPrompt-I Loss 1.1364  
Epoch 045 |  Time(s) 0.0883 | RobustPrompt-I Loss 1.1013  
Epoch 046 |  Time(s) 0.1536 | RobustPrompt-I Loss 1.0846  
Epoch 047 |  Time(s) 0.0773 | RobustPrompt-I Loss 1.0814  
Epoch 048 |  Time(s) 0.0767 | RobustPrompt-I Loss 1.0562  
Epoch 049 |  Time(s) 0.0767 | RobustPrompt-I Loss 1.0353  
Epoch 050 |  Time(s) 0.0775 | RobustPrompt-I Loss 1.0219  
Epoch 051 |  Time(s) 0.0776 | RobustPrompt-I Loss 1.0105  
Epoch 052 |  Time(s) 0.0772 | RobustPrompt-I Loss 0.9964  
Epoch 053 |  Time(s) 0.0772 | RobustPrompt-I Loss 0.9853  
Epoch 054 |  Time(s) 0.0778 | RobustPrompt-I Loss 0.9758  
Epoch 055 |  Time(s) 0.0778 | RobustPrompt-I Loss 0.9618  
Epoch 056 |  Time(s) 0.0777 | RobustPrompt-I Loss 0.9502  
Epoch 057 |  Time(s) 0.0777 | RobustPrompt-I Loss 0.9404  
Epoch 058 |  Time(s) 0.0780 | RobustPrompt-I Loss 0.9309  
Epoch 059 |  Time(s) 0.0787 | RobustPrompt-I Loss 0.9248  
Epoch 060 |  Time(s) 0.0913 | RobustPrompt-I Loss 0.9131  
Epoch 061 |  Time(s) 0.0820 | RobustPrompt-I Loss 0.9056  
Epoch 062 |  Time(s) 0.0809 | RobustPrompt-I Loss 0.8983  
Epoch 063 |  Time(s) 0.0775 | RobustPrompt-I Loss 0.8909  
Epoch 064 |  Time(s) 0.0775 | RobustPrompt-I Loss 0.8844  
Epoch 065 |  Time(s) 0.0773 | RobustPrompt-I Loss 0.8763  
Epoch 066 |  Time(s) 0.0768 | RobustPrompt-I Loss 0.8716  
Epoch 067 |  Time(s) 0.0779 | RobustPrompt-I Loss 0.8652  
Epoch 068 |  Time(s) 0.0776 | RobustPrompt-I Loss 0.8594  
Epoch 069 |  Time(s) 0.0780 | RobustPrompt-I Loss 0.8539  
Epoch 070 |  Time(s) 0.0788 | RobustPrompt-I Loss 0.8489  
Epoch 071 |  Time(s) 0.0781 | RobustPrompt-I Loss 0.8438  
Epoch 072 |  Time(s) 0.0775 | RobustPrompt-I Loss nan  
Epoch 073 |  Time(s) 0.0776 | RobustPrompt-I Loss nan  
Epoch 074 |  Time(s) 0.0775 | RobustPrompt-I Loss nan  
Epoch 075 |  Time(s) 0.0774 | RobustPrompt-I Loss nan  
Epoch 076 |  Time(s) 0.0774 | RobustPrompt-I Loss nan  
Epoch 077 |  Time(s) 0.0771 | RobustPrompt-I Loss nan  
Epoch 078 |  Time(s) 0.0772 | RobustPrompt-I Loss nan  
Epoch 079 |  Time(s) 0.0776 | RobustPrompt-I Loss nan  
Epoch 080 |  Time(s) 0.0778 | RobustPrompt-I Loss nan  
Epoch 081 |  Time(s) 0.0773 | RobustPrompt-I Loss nan  
Epoch 082 |  Time(s) 0.0770 | RobustPrompt-I Loss nan  
Epoch 083 |  Time(s) 0.0782 | RobustPrompt-I Loss nan  
Epoch 084 |  Time(s) 0.0745 | RobustPrompt-I Loss nan  
Epoch 085 |  Time(s) 0.0862 | RobustPrompt-I Loss nan  
Epoch 086 |  Time(s) 0.0781 | RobustPrompt-I Loss nan  
Epoch 087 |  Time(s) 0.0774 | RobustPrompt-I Loss nan  
Epoch 088 |  Time(s) 0.0776 | RobustPrompt-I Loss nan  
Epoch 089 |  Time(s) 0.0781 | RobustPrompt-I Loss nan  
Epoch 090 |  Time(s) 0.1137 | RobustPrompt-I Loss nan  
----------------------------------------------------------------------------------------------------
Early stopping at 91 eopch!
load LLC or attacked data with specified split
Successfully loaded the attack of dataname with few shot 5, split 1
Attack method : Meta_Self | Attack ptb : 0.15 | Dataset: Cora
======================
Number of graphs: 1
Number of features: 1433
Number of classes: 7

Data(x=[2708, 1433], edge_index=[2, 14804], y=[2708], train_mask=[2708], val_mask=[2708], test_mask=[2708])
===========================================================================================================
Number of nodes: 2708
Number of edges: 14804
Average node degree: 5.47
Has isolated nodes: False
Has self-loops: True
Is undirected: True
GCN(
  (conv_layers): ModuleList(
    (0): GCNConv(1433, 256)
    (1): GCNConv(256, 256)
  )
)
Successfully loaded pre-trained weights!
use RobustPrompt Inductive
defense pt dict :  {'sim_pt': -1.0, 'degree_pt': -1, 'out_detect_pt': 0.7, 'other_pt': 'all'}
use_attention :  False
kl_global :  False
cosine_constraint :  True
pt_threshold :  0.25
filter_module :  OriginalFilter
temperature :  1.0
weight_mse 0.1
weight_kl :  0.1
weight_constraint :  0.0
prepare induce graph data is finished!
run RobustPrompt-I
Epoch 001 |  Time(s) 0.0921 | RobustPrompt-I Loss 1.9456  
Epoch 002 |  Time(s) 0.0848 | RobustPrompt-I Loss 1.9431  
Epoch 003 |  Time(s) 0.0782 | RobustPrompt-I Loss 1.9193  
Epoch 004 |  Time(s) 0.0790 | RobustPrompt-I Loss 1.9057  
Epoch 005 |  Time(s) 0.0787 | RobustPrompt-I Loss 1.8905  
Epoch 006 |  Time(s) 0.0782 | RobustPrompt-I Loss 1.8599  
Epoch 007 |  Time(s) 0.1868 | RobustPrompt-I Loss 1.8461  
Epoch 008 |  Time(s) 0.0915 | RobustPrompt-I Loss 1.8072  
Epoch 009 |  Time(s) 0.0816 | RobustPrompt-I Loss 1.7813  
Epoch 010 |  Time(s) 0.0788 | RobustPrompt-I Loss 1.7362  
Epoch 011 |  Time(s) 0.0801 | RobustPrompt-I Loss 1.6972  
Epoch 012 |  Time(s) 0.0788 | RobustPrompt-I Loss 1.6623  
Epoch 013 |  Time(s) 0.0786 | RobustPrompt-I Loss 1.6150  
Epoch 014 |  Time(s) 0.0785 | RobustPrompt-I Loss 1.5906  
Epoch 015 |  Time(s) 0.0794 | RobustPrompt-I Loss 1.5580  
Epoch 016 |  Time(s) 0.0793 | RobustPrompt-I Loss 1.5341  
Epoch 017 |  Time(s) 0.0792 | RobustPrompt-I Loss 1.5258  
Epoch 018 |  Time(s) 0.0791 | RobustPrompt-I Loss 1.5098  
Epoch 019 |  Time(s) 0.0791 | RobustPrompt-I Loss 1.4909  
Epoch 020 |  Time(s) 0.0798 | RobustPrompt-I Loss 1.4808  
Epoch 021 |  Time(s) 0.0804 | RobustPrompt-I Loss nan  
Epoch 022 |  Time(s) 0.0790 | RobustPrompt-I Loss nan  
Epoch 023 |  Time(s) 0.0802 | RobustPrompt-I Loss nan  
Epoch 024 |  Time(s) 0.0799 | RobustPrompt-I Loss nan  
Epoch 025 |  Time(s) 0.0786 | RobustPrompt-I Loss nan  
Epoch 026 |  Time(s) 0.0785 | RobustPrompt-I Loss nan  
Epoch 027 |  Time(s) 0.0785 | RobustPrompt-I Loss nan  
Epoch 028 |  Time(s) 0.0847 | RobustPrompt-I Loss nan  
Epoch 029 |  Time(s) 0.1076 | RobustPrompt-I Loss nan  
Epoch 030 |  Time(s) 0.2093 | RobustPrompt-I Loss nan  
Epoch 031 |  Time(s) 0.0931 | RobustPrompt-I Loss nan  
Epoch 032 |  Time(s) 0.0874 | RobustPrompt-I Loss nan  
Epoch 033 |  Time(s) 0.0793 | RobustPrompt-I Loss nan  
Epoch 034 |  Time(s) 0.0898 | RobustPrompt-I Loss nan  
Epoch 035 |  Time(s) 0.0895 | RobustPrompt-I Loss nan  
Epoch 036 |  Time(s) 0.0794 | RobustPrompt-I Loss nan  
Epoch 037 |  Time(s) 0.0793 | RobustPrompt-I Loss nan  
Epoch 038 |  Time(s) 0.0790 | RobustPrompt-I Loss nan  
Epoch 039 |  Time(s) 0.0786 | RobustPrompt-I Loss nan  
----------------------------------------------------------------------------------------------------
Early stopping at 40 eopch!
load LLC or attacked data with specified split
Successfully loaded the attack of dataname with few shot 5, split 1
Attack method : Meta_Self | Attack ptb : 0.15 | Dataset: Cora
======================
Number of graphs: 1
Number of features: 1433
Number of classes: 7

Data(x=[2708, 1433], edge_index=[2, 14804], y=[2708], train_mask=[2708], val_mask=[2708], test_mask=[2708])
===========================================================================================================
Number of nodes: 2708
Number of edges: 14804
Average node degree: 5.47
Has isolated nodes: False
Has self-loops: True
Is undirected: True
GCN(
  (conv_layers): ModuleList(
    (0): GCNConv(1433, 256)
    (1): GCNConv(256, 256)
  )
)
Successfully loaded pre-trained weights!
use RobustPrompt Inductive
defense pt dict :  {'sim_pt': -1.0, 'degree_pt': -1, 'out_detect_pt': 0.7, 'other_pt': 'all'}
use_attention :  False
kl_global :  False
cosine_constraint :  True
pt_threshold :  0.25
filter_module :  OriginalFilter
temperature :  1.0
weight_mse 0.1
weight_kl :  0.1
weight_constraint :  0.0
prepare induce graph data is finished!
run RobustPrompt-I
Epoch 001 |  Time(s) 0.0872 | RobustPrompt-I Loss 1.9454  
Epoch 002 |  Time(s) 0.1276 | RobustPrompt-I Loss 1.9359  
Epoch 003 |  Time(s) 0.2052 | RobustPrompt-I Loss 1.9124  
Epoch 004 |  Time(s) 0.1941 | RobustPrompt-I Loss 1.9126  
Epoch 005 |  Time(s) 0.0894 | RobustPrompt-I Loss 1.8744  
Epoch 006 |  Time(s) 0.0878 | RobustPrompt-I Loss 1.8593  
Epoch 007 |  Time(s) 0.0857 | RobustPrompt-I Loss 1.8234  
Epoch 008 |  Time(s) 0.0821 | RobustPrompt-I Loss 1.8015  
Epoch 009 |  Time(s) 0.0821 | RobustPrompt-I Loss 1.7499  
Epoch 010 |  Time(s) 0.0795 | RobustPrompt-I Loss 1.7351  
Epoch 011 |  Time(s) 0.0810 | RobustPrompt-I Loss 1.6806  
Epoch 012 |  Time(s) 0.0798 | RobustPrompt-I Loss 1.6523  
Epoch 013 |  Time(s) 0.0802 | RobustPrompt-I Loss 1.6135  
Epoch 014 |  Time(s) 0.0804 | RobustPrompt-I Loss nan  
Epoch 015 |  Time(s) 0.0815 | RobustPrompt-I Loss nan  
Epoch 016 |  Time(s) 0.0821 | RobustPrompt-I Loss nan  
Epoch 017 |  Time(s) 0.0879 | RobustPrompt-I Loss nan  
Epoch 018 |  Time(s) 0.0818 | RobustPrompt-I Loss nan  
Epoch 019 |  Time(s) 0.0807 | RobustPrompt-I Loss nan  
Epoch 020 |  Time(s) 0.0819 | RobustPrompt-I Loss nan  
Epoch 021 |  Time(s) 0.0796 | RobustPrompt-I Loss nan  
Epoch 022 |  Time(s) 0.0821 | RobustPrompt-I Loss nan  
Epoch 023 |  Time(s) 0.0794 | RobustPrompt-I Loss nan  
Epoch 024 |  Time(s) 0.0821 | RobustPrompt-I Loss nan  
Epoch 025 |  Time(s) 0.0795 | RobustPrompt-I Loss nan  
Epoch 026 |  Time(s) 0.0818 | RobustPrompt-I Loss nan  
Epoch 027 |  Time(s) 0.0796 | RobustPrompt-I Loss nan  
Epoch 028 |  Time(s) 0.0800 | RobustPrompt-I Loss nan  
Epoch 029 |  Time(s) 0.0797 | RobustPrompt-I Loss nan  
Epoch 030 |  Time(s) 0.0794 | RobustPrompt-I Loss nan  
Epoch 031 |  Time(s) 0.0820 | RobustPrompt-I Loss nan  
Epoch 032 |  Time(s) 0.0797 | RobustPrompt-I Loss nan  
----------------------------------------------------------------------------------------------------
Early stopping at 33 eopch!
load LLC or attacked data with specified split
Successfully loaded the attack of dataname with few shot 5, split 1
Attack method : Meta_Self | Attack ptb : 0.15 | Dataset: Cora
======================
Number of graphs: 1
Number of features: 1433
Number of classes: 7

Data(x=[2708, 1433], edge_index=[2, 14804], y=[2708], train_mask=[2708], val_mask=[2708], test_mask=[2708])
===========================================================================================================
Number of nodes: 2708
Number of edges: 14804
Average node degree: 5.47
Has isolated nodes: False
Has self-loops: True
Is undirected: True
GCN(
  (conv_layers): ModuleList(
    (0): GCNConv(1433, 256)
    (1): GCNConv(256, 256)
  )
)
Successfully loaded pre-trained weights!
use RobustPrompt Inductive
defense pt dict :  {'sim_pt': -1.0, 'degree_pt': -1, 'out_detect_pt': 0.7, 'other_pt': 'all'}
use_attention :  False
kl_global :  False
cosine_constraint :  True
pt_threshold :  0.25
filter_module :  OriginalFilter
temperature :  1.0
weight_mse 0.1
weight_kl :  0.1
weight_constraint :  0.0
prepare induce graph data is finished!
run RobustPrompt-I
Epoch 001 |  Time(s) 0.0970 | RobustPrompt-I Loss 1.9411  
Epoch 002 |  Time(s) 0.0794 | RobustPrompt-I Loss 1.9393  
Epoch 003 |  Time(s) 0.0800 | RobustPrompt-I Loss 1.9094  
Epoch 004 |  Time(s) 0.0794 | RobustPrompt-I Loss 1.8808  
Epoch 005 |  Time(s) 0.0797 | RobustPrompt-I Loss 1.8511  
Epoch 006 |  Time(s) 0.0801 | RobustPrompt-I Loss 1.8195  
Epoch 007 |  Time(s) 0.0799 | RobustPrompt-I Loss 1.7629  
Epoch 008 |  Time(s) 0.0801 | RobustPrompt-I Loss 1.7292  
Epoch 009 |  Time(s) 0.0800 | RobustPrompt-I Loss 1.6769  
Epoch 010 |  Time(s) 0.0803 | RobustPrompt-I Loss 1.6397  
Epoch 011 |  Time(s) 0.0814 | RobustPrompt-I Loss 1.6208  
Epoch 012 |  Time(s) 0.0833 | RobustPrompt-I Loss 1.5881  
Epoch 013 |  Time(s) 0.0856 | RobustPrompt-I Loss 1.5950  
Epoch 014 |  Time(s) 0.0803 | RobustPrompt-I Loss 1.5660  
Epoch 015 |  Time(s) 0.0822 | RobustPrompt-I Loss 1.5589  
Epoch 016 |  Time(s) 0.0802 | RobustPrompt-I Loss 1.5460  
Epoch 017 |  Time(s) 0.0805 | RobustPrompt-I Loss 1.5232  
Epoch 018 |  Time(s) 0.0804 | RobustPrompt-I Loss 1.5212  
Epoch 019 |  Time(s) 0.1010 | RobustPrompt-I Loss 1.5045  
Epoch 020 |  Time(s) 0.0805 | RobustPrompt-I Loss 1.4815  
Epoch 021 |  Time(s) 0.0807 | RobustPrompt-I Loss 1.4799  
Epoch 022 |  Time(s) 0.0810 | RobustPrompt-I Loss 1.4741  
Epoch 023 |  Time(s) 0.0806 | RobustPrompt-I Loss 1.4523  
Epoch 024 |  Time(s) 0.0796 | RobustPrompt-I Loss 1.4380  
Epoch 025 |  Time(s) 0.0806 | RobustPrompt-I Loss 1.4368  
Epoch 026 |  Time(s) 0.0799 | RobustPrompt-I Loss 1.4346  
Epoch 027 |  Time(s) 0.0809 | RobustPrompt-I Loss 1.4108  
Epoch 028 |  Time(s) 0.0806 | RobustPrompt-I Loss 1.3891  
Epoch 029 |  Time(s) 0.0807 | RobustPrompt-I Loss 1.3744  
Epoch 030 |  Time(s) 0.0805 | RobustPrompt-I Loss 1.3656  
Epoch 031 |  Time(s) 0.0809 | RobustPrompt-I Loss 1.3712  
Epoch 032 |  Time(s) 0.0799 | RobustPrompt-I Loss 1.3293  
Epoch 033 |  Time(s) 0.0818 | RobustPrompt-I Loss 1.3170  
Epoch 034 |  Time(s) 0.0811 | RobustPrompt-I Loss 1.3326  
Epoch 035 |  Time(s) 0.0812 | RobustPrompt-I Loss 1.2817  
Epoch 036 |  Time(s) 0.0801 | RobustPrompt-I Loss 1.2881  
Epoch 037 |  Time(s) 0.0800 | RobustPrompt-I Loss 1.2751  
Epoch 038 |  Time(s) 0.0808 | RobustPrompt-I Loss 1.2360  
Epoch 039 |  Time(s) 0.0810 | RobustPrompt-I Loss 1.2472  
Epoch 040 |  Time(s) 0.0806 | RobustPrompt-I Loss 1.2121  
Epoch 041 |  Time(s) 0.0803 | RobustPrompt-I Loss nan  
Epoch 042 |  Time(s) 0.0803 | RobustPrompt-I Loss nan  
Epoch 043 |  Time(s) 0.0800 | RobustPrompt-I Loss nan  
Epoch 044 |  Time(s) 0.0806 | RobustPrompt-I Loss nan  
Epoch 045 |  Time(s) 0.0802 | RobustPrompt-I Loss nan  
Epoch 046 |  Time(s) 0.0806 | RobustPrompt-I Loss nan  
Epoch 047 |  Time(s) 0.0812 | RobustPrompt-I Loss nan  
Epoch 048 |  Time(s) 0.0805 | RobustPrompt-I Loss nan  
Epoch 049 |  Time(s) 0.0805 | RobustPrompt-I Loss nan  
Epoch 050 |  Time(s) 0.0811 | RobustPrompt-I Loss nan  
Epoch 051 |  Time(s) 0.0800 | RobustPrompt-I Loss nan  
Epoch 052 |  Time(s) 0.0810 | RobustPrompt-I Loss nan  
Epoch 053 |  Time(s) 0.0811 | RobustPrompt-I Loss nan  
Epoch 054 |  Time(s) 0.0806 | RobustPrompt-I Loss nan  
Epoch 055 |  Time(s) 0.0808 | RobustPrompt-I Loss nan  
Epoch 056 |  Time(s) 0.0812 | RobustPrompt-I Loss nan  
Epoch 057 |  Time(s) 0.1939 | RobustPrompt-I Loss nan  
Epoch 058 |  Time(s) 0.0926 | RobustPrompt-I Loss nan  
Epoch 059 |  Time(s) 0.0942 | RobustPrompt-I Loss nan  
----------------------------------------------------------------------------------------------------
Early stopping at 60 eopch!
load LLC or attacked data with specified split
Successfully loaded the attack of dataname with few shot 5, split 1
Attack method : Meta_Self | Attack ptb : 0.15 | Dataset: Cora
======================
Number of graphs: 1
Number of features: 1433
Number of classes: 7

Data(x=[2708, 1433], edge_index=[2, 14804], y=[2708], train_mask=[2708], val_mask=[2708], test_mask=[2708])
===========================================================================================================
Number of nodes: 2708
Number of edges: 14804
Average node degree: 5.47
Has isolated nodes: False
Has self-loops: True
Is undirected: True
GCN(
  (conv_layers): ModuleList(
    (0): GCNConv(1433, 256)
    (1): GCNConv(256, 256)
  )
)
Successfully loaded pre-trained weights!
use RobustPrompt Inductive
defense pt dict :  {'sim_pt': -1.0, 'degree_pt': -1, 'out_detect_pt': 0.7, 'other_pt': 'all'}
use_attention :  False
kl_global :  False
cosine_constraint :  True
pt_threshold :  0.25
filter_module :  OriginalFilter
temperature :  1.0
weight_mse 0.1
weight_kl :  0.1
weight_constraint :  0.0
prepare induce graph data is finished!
run RobustPrompt-I
Epoch 001 |  Time(s) 0.0931 | RobustPrompt-I Loss 1.9486  
Epoch 002 |  Time(s) 0.0814 | RobustPrompt-I Loss 1.9423  
Epoch 003 |  Time(s) 0.0814 | RobustPrompt-I Loss 1.9275  
Epoch 004 |  Time(s) 0.0810 | RobustPrompt-I Loss 1.9226  
Epoch 005 |  Time(s) 0.0811 | RobustPrompt-I Loss 1.8832  
Epoch 006 |  Time(s) 0.0814 | RobustPrompt-I Loss 1.8660  
Epoch 007 |  Time(s) 0.0804 | RobustPrompt-I Loss 1.8230  
Epoch 008 |  Time(s) 0.0811 | RobustPrompt-I Loss 1.7978  
Epoch 009 |  Time(s) 0.0801 | RobustPrompt-I Loss 1.7476  
Epoch 010 |  Time(s) 0.0811 | RobustPrompt-I Loss 1.7173  
Epoch 011 |  Time(s) 0.0810 | RobustPrompt-I Loss 1.6601  
Epoch 012 |  Time(s) 0.0814 | RobustPrompt-I Loss 1.6325  
Epoch 013 |  Time(s) 0.0818 | RobustPrompt-I Loss 1.5921  
Epoch 014 |  Time(s) 0.0841 | RobustPrompt-I Loss 1.5719  
Epoch 015 |  Time(s) 0.0807 | RobustPrompt-I Loss 1.5645  
Epoch 016 |  Time(s) 0.0806 | RobustPrompt-I Loss 1.5424  
Epoch 017 |  Time(s) 0.0804 | RobustPrompt-I Loss 1.5370  
Epoch 018 |  Time(s) 0.0806 | RobustPrompt-I Loss 1.5269  
Epoch 019 |  Time(s) 0.0803 | RobustPrompt-I Loss 1.5063  
Epoch 020 |  Time(s) 0.0807 | RobustPrompt-I Loss 1.4996  
Epoch 021 |  Time(s) 0.0805 | RobustPrompt-I Loss 1.4851  
Epoch 022 |  Time(s) 0.0814 | RobustPrompt-I Loss 1.4657  
Epoch 023 |  Time(s) 0.0804 | RobustPrompt-I Loss 1.4557  
Epoch 024 |  Time(s) 0.0820 | RobustPrompt-I Loss 1.4518  
Epoch 025 |  Time(s) 0.0819 | RobustPrompt-I Loss 1.4441  
Epoch 026 |  Time(s) 0.0814 | RobustPrompt-I Loss 1.4247  
Epoch 027 |  Time(s) 0.0804 | RobustPrompt-I Loss 1.4117  
Epoch 028 |  Time(s) 0.0811 | RobustPrompt-I Loss 1.4053  
Epoch 029 |  Time(s) 0.0812 | RobustPrompt-I Loss 1.4040  
Epoch 030 |  Time(s) 0.0808 | RobustPrompt-I Loss 1.3941  
Epoch 031 |  Time(s) 0.0810 | RobustPrompt-I Loss 1.3592  
Epoch 032 |  Time(s) 0.0814 | RobustPrompt-I Loss 1.3488  
Epoch 033 |  Time(s) 0.0808 | RobustPrompt-I Loss 1.3637  
Epoch 034 |  Time(s) 0.0815 | RobustPrompt-I Loss 1.3146  
Epoch 035 |  Time(s) 0.0814 | RobustPrompt-I Loss 1.3318  
Epoch 036 |  Time(s) 0.0804 | RobustPrompt-I Loss 1.2966  
Epoch 037 |  Time(s) 0.0798 | RobustPrompt-I Loss 1.2723  
Epoch 038 |  Time(s) 0.0805 | RobustPrompt-I Loss 1.2639  
Epoch 039 |  Time(s) 0.0801 | RobustPrompt-I Loss 1.2682  
Epoch 040 |  Time(s) 0.1126 | RobustPrompt-I Loss 1.2289  
Epoch 041 |  Time(s) 0.0806 | RobustPrompt-I Loss 1.2180  
Epoch 042 |  Time(s) 0.0808 | RobustPrompt-I Loss 1.2242  
Epoch 043 |  Time(s) 0.0810 | RobustPrompt-I Loss 1.1829  
Epoch 044 |  Time(s) 0.0812 | RobustPrompt-I Loss 1.1865  
Epoch 045 |  Time(s) 0.0806 | RobustPrompt-I Loss 1.1718  
Epoch 046 |  Time(s) 0.0809 | RobustPrompt-I Loss 1.1419  
Epoch 047 |  Time(s) 0.0817 | RobustPrompt-I Loss 1.1424  
Epoch 048 |  Time(s) 0.0813 | RobustPrompt-I Loss 1.1332  
Epoch 049 |  Time(s) 0.0808 | RobustPrompt-I Loss 1.1027  
Epoch 050 |  Time(s) 0.0816 | RobustPrompt-I Loss 1.1070  
Epoch 051 |  Time(s) 0.0813 | RobustPrompt-I Loss 1.0867  
Epoch 052 |  Time(s) 0.0809 | RobustPrompt-I Loss 1.0670  
Epoch 053 |  Time(s) 0.0812 | RobustPrompt-I Loss 1.0646  
Epoch 054 |  Time(s) 0.0811 | RobustPrompt-I Loss 1.0538  
Epoch 055 |  Time(s) 0.0814 | RobustPrompt-I Loss 1.0338  
Epoch 056 |  Time(s) 0.0813 | RobustPrompt-I Loss 1.0298  
Epoch 057 |  Time(s) 0.0806 | RobustPrompt-I Loss 1.0199  
Epoch 058 |  Time(s) 0.0809 | RobustPrompt-I Loss 1.0033  
Epoch 059 |  Time(s) 0.0816 | RobustPrompt-I Loss 0.9991  
Epoch 060 |  Time(s) 0.0815 | RobustPrompt-I Loss 0.9878  
Epoch 061 |  Time(s) 0.0814 | RobustPrompt-I Loss 0.9759  
Epoch 062 |  Time(s) 0.0808 | RobustPrompt-I Loss 0.9712  
Epoch 063 |  Time(s) 0.0810 | RobustPrompt-I Loss 0.9586  
Epoch 064 |  Time(s) 0.0810 | RobustPrompt-I Loss 0.9513  
Epoch 065 |  Time(s) 0.0809 | RobustPrompt-I Loss 0.9439  
Epoch 066 |  Time(s) 0.0807 | RobustPrompt-I Loss 0.9331  
Epoch 067 |  Time(s) 0.0803 | RobustPrompt-I Loss 0.9276  
Epoch 068 |  Time(s) 0.0809 | RobustPrompt-I Loss 0.9178  
Epoch 069 |  Time(s) 0.0802 | RobustPrompt-I Loss 0.9104  
Epoch 070 |  Time(s) 0.0800 | RobustPrompt-I Loss 0.9043  
Epoch 071 |  Time(s) 0.0803 | RobustPrompt-I Loss 0.8964  
Epoch 072 |  Time(s) 0.0808 | RobustPrompt-I Loss 0.8916  
Epoch 073 |  Time(s) 0.0799 | RobustPrompt-I Loss 0.8855  
Epoch 074 |  Time(s) 0.0802 | RobustPrompt-I Loss 0.8799  
Epoch 075 |  Time(s) 0.0814 | RobustPrompt-I Loss 0.8759  
Epoch 076 |  Time(s) 0.0812 | RobustPrompt-I Loss 0.8703  
Epoch 077 |  Time(s) 0.0806 | RobustPrompt-I Loss nan  
Epoch 078 |  Time(s) 0.0802 | RobustPrompt-I Loss nan  
Epoch 079 |  Time(s) 0.0811 | RobustPrompt-I Loss nan  
Epoch 080 |  Time(s) 0.0802 | RobustPrompt-I Loss nan  
Epoch 081 |  Time(s) 0.0796 | RobustPrompt-I Loss nan  
Epoch 082 |  Time(s) 0.0807 | RobustPrompt-I Loss nan  
Epoch 083 |  Time(s) 0.0811 | RobustPrompt-I Loss nan  
Epoch 084 |  Time(s) 0.0807 | RobustPrompt-I Loss nan  
Epoch 085 |  Time(s) 0.0807 | RobustPrompt-I Loss nan  
Epoch 086 |  Time(s) 0.0805 | RobustPrompt-I Loss nan  
Epoch 087 |  Time(s) 0.0807 | RobustPrompt-I Loss nan  
Epoch 088 |  Time(s) 0.0806 | RobustPrompt-I Loss nan  
Epoch 089 |  Time(s) 0.0809 | RobustPrompt-I Loss nan  
Epoch 090 |  Time(s) 0.0805 | RobustPrompt-I Loss nan  
Epoch 091 |  Time(s) 0.0805 | RobustPrompt-I Loss nan  
Epoch 092 |  Time(s) 0.0806 | RobustPrompt-I Loss nan  
Epoch 093 |  Time(s) 0.0808 | RobustPrompt-I Loss nan  
Epoch 094 |  Time(s) 0.0809 | RobustPrompt-I Loss nan  
Epoch 095 |  Time(s) 0.0805 | RobustPrompt-I Loss nan  
----------------------------------------------------------------------------------------------------
Early stopping at 96 eopch!
{1: {1: nan}, 2: {1: nan}, 3: {1: nan}, 4: {1: nan}, 5: {1: nan}}
{1: {1: nan, 2: nan, 3: nan, 4: nan, 5: nan}}
########################################################################################
seed: 1 | split 1 : nan
# Seed 1 Muti Split Final Acc: nan±nan
seed: 2 | split 1 : nan
# Seed 2 Muti Split Final Acc: nan±nan
seed: 3 | split 1 : nan
# Seed 3 Muti Split Final Acc: nan±nan
seed: 4 | split 1 : nan
# Seed 4 Muti Split Final Acc: nan±nan
seed: 5 | split 1 : nan
# Seed 5 Muti Split Final Acc: nan±nan
########################################################################################
split: 1 | seed 1 : nan
split: 1 | seed 2 : nan
split: 1 | seed 3 : nan
split: 1 | seed 4 : nan
split: 1 | seed 5 : nan
# Split 1 Muti Seed Acc without min value: nan±nan
########################################################################################
Done phase=ood, ood=0.7, ptb=0.15, end=2026-06-09 00:27:52, duration=00:00:36
