Start phase=ood, ood=0.6, ptb=0.1, time=2026-06-09 00:21:02, log=logs/RobustPrompt-I/ft_ood0.6_0.1_20260609_002102.log
load LLC or attacked data with specified split
Successfully loaded the attack of dataname with few shot 5, split 1
Attack method : Meta_Self | Attack ptb : 0.1 | Dataset: Cora
======================
Number of graphs: 1
Number of features: 1433
Number of classes: 7

Data(x=[2708, 1433], edge_index=[2, 14274], y=[2708], train_mask=[2708], val_mask=[2708], test_mask=[2708])
===========================================================================================================
Number of nodes: 2708
Number of edges: 14274
Average node degree: 5.27
Has isolated nodes: False
Has self-loops: True
Is undirected: True
GCN(
  (conv_layers): ModuleList(
    (0): GCNConv(1433, 256)
    (1): GCNConv(256, 256)
  )
)
Successfully loaded pre-trained weights!
use RobustPrompt Inductive
defense pt dict :  {'sim_pt': -1.0, 'degree_pt': -1, 'out_detect_pt': 0.6, 'other_pt': 'all'}
use_attention :  False
kl_global :  False
cosine_constraint :  True
pt_threshold :  0.25
filter_module :  OriginalFilter
temperature :  1.0
weight_mse 0.1
weight_kl :  0.1
weight_constraint :  0.0
prepare induce graph data is finished!
run RobustPrompt-I
Epoch 001 |  Time(s) 0.5733 | RobustPrompt-I Loss 1.9464  
Epoch 002 |  Time(s) 0.2524 | RobustPrompt-I Loss 1.9368  
Epoch 003 |  Time(s) 0.2103 | RobustPrompt-I Loss 1.9103  
Epoch 004 |  Time(s) 0.1816 | RobustPrompt-I Loss 1.8822  
Epoch 005 |  Time(s) 0.4571 | RobustPrompt-I Loss 1.8431  
Epoch 006 |  Time(s) 0.2916 | RobustPrompt-I Loss 1.8260  
Epoch 007 |  Time(s) 0.2202 | RobustPrompt-I Loss nan  
Epoch 008 |  Time(s) 0.0980 | RobustPrompt-I Loss nan  
Epoch 009 |  Time(s) 0.0886 | RobustPrompt-I Loss nan  
Epoch 010 |  Time(s) 0.0789 | RobustPrompt-I Loss nan  
Epoch 011 |  Time(s) 0.0785 | RobustPrompt-I Loss nan  
Epoch 012 |  Time(s) 0.0784 | RobustPrompt-I Loss nan  
Epoch 013 |  Time(s) 0.0785 | RobustPrompt-I Loss nan  
Epoch 014 |  Time(s) 0.0783 | RobustPrompt-I Loss nan  
Epoch 015 |  Time(s) 0.0784 | RobustPrompt-I Loss nan  
Epoch 016 |  Time(s) 0.0785 | RobustPrompt-I Loss nan  
Epoch 017 |  Time(s) 0.0800 | RobustPrompt-I Loss nan  
Epoch 018 |  Time(s) 0.0789 | RobustPrompt-I Loss nan  
Epoch 019 |  Time(s) 0.0789 | RobustPrompt-I Loss nan  
Epoch 020 |  Time(s) 0.0786 | RobustPrompt-I Loss nan  
Epoch 021 |  Time(s) 0.0803 | RobustPrompt-I Loss nan  
Epoch 022 |  Time(s) 0.0794 | RobustPrompt-I Loss nan  
Epoch 023 |  Time(s) 0.0797 | RobustPrompt-I Loss nan  
Epoch 024 |  Time(s) 0.0793 | RobustPrompt-I Loss nan  
Epoch 025 |  Time(s) 0.0797 | RobustPrompt-I Loss nan  
----------------------------------------------------------------------------------------------------
Early stopping at 26 eopch!
load LLC or attacked data with specified split
Successfully loaded the attack of dataname with few shot 5, split 1
Attack method : Meta_Self | Attack ptb : 0.1 | Dataset: Cora
======================
Number of graphs: 1
Number of features: 1433
Number of classes: 7

Data(x=[2708, 1433], edge_index=[2, 14274], y=[2708], train_mask=[2708], val_mask=[2708], test_mask=[2708])
===========================================================================================================
Number of nodes: 2708
Number of edges: 14274
Average node degree: 5.27
Has isolated nodes: False
Has self-loops: True
Is undirected: True
GCN(
  (conv_layers): ModuleList(
    (0): GCNConv(1433, 256)
    (1): GCNConv(256, 256)
  )
)
Successfully loaded pre-trained weights!
use RobustPrompt Inductive
defense pt dict :  {'sim_pt': -1.0, 'degree_pt': -1, 'out_detect_pt': 0.6, 'other_pt': 'all'}
use_attention :  False
kl_global :  False
cosine_constraint :  True
pt_threshold :  0.25
filter_module :  OriginalFilter
temperature :  1.0
weight_mse 0.1
weight_kl :  0.1
weight_constraint :  0.0
prepare induce graph data is finished!
run RobustPrompt-I
Epoch 001 |  Time(s) 0.0967 | RobustPrompt-I Loss 1.9456  
Epoch 002 |  Time(s) 0.0832 | RobustPrompt-I Loss 1.9388  
Epoch 003 |  Time(s) 0.0838 | RobustPrompt-I Loss 1.9212  
Epoch 004 |  Time(s) 0.1453 | RobustPrompt-I Loss 1.9011  
Epoch 005 |  Time(s) 0.0931 | RobustPrompt-I Loss 1.8725  
Epoch 006 |  Time(s) 0.1052 | RobustPrompt-I Loss 1.8523  
Epoch 007 |  Time(s) 0.0983 | RobustPrompt-I Loss 1.8146  
Epoch 008 |  Time(s) 0.0844 | RobustPrompt-I Loss 1.7947  
Epoch 009 |  Time(s) 0.0880 | RobustPrompt-I Loss 1.7643  
Epoch 010 |  Time(s) 0.0859 | RobustPrompt-I Loss 1.7355  
Epoch 011 |  Time(s) 0.0881 | RobustPrompt-I Loss 1.7134  
Epoch 012 |  Time(s) 0.0881 | RobustPrompt-I Loss 1.6940  
Epoch 013 |  Time(s) 0.0839 | RobustPrompt-I Loss 1.6690  
Epoch 014 |  Time(s) 0.0883 | RobustPrompt-I Loss 1.6535  
Epoch 015 |  Time(s) 0.0843 | RobustPrompt-I Loss 1.6516  
Epoch 016 |  Time(s) 0.0876 | RobustPrompt-I Loss 1.6362  
Epoch 017 |  Time(s) 0.0841 | RobustPrompt-I Loss 1.6247  
Epoch 018 |  Time(s) 0.0844 | RobustPrompt-I Loss 1.6215  
Epoch 019 |  Time(s) 0.0794 | RobustPrompt-I Loss 1.6069  
Epoch 020 |  Time(s) 0.0886 | RobustPrompt-I Loss 1.5942  
Epoch 021 |  Time(s) 0.0874 | RobustPrompt-I Loss 1.5976  
Epoch 022 |  Time(s) 0.0829 | RobustPrompt-I Loss 1.5909  
Epoch 023 |  Time(s) 0.0833 | RobustPrompt-I Loss 1.5771  
Epoch 024 |  Time(s) 0.0835 | RobustPrompt-I Loss 1.5683  
Epoch 025 |  Time(s) 0.0844 | RobustPrompt-I Loss 1.5720  
Epoch 026 |  Time(s) 0.0836 | RobustPrompt-I Loss 1.5623  
Epoch 027 |  Time(s) 0.0837 | RobustPrompt-I Loss 1.5475  
Epoch 028 |  Time(s) 0.0832 | RobustPrompt-I Loss 1.5412  
Epoch 029 |  Time(s) 0.0835 | RobustPrompt-I Loss 1.5409  
Epoch 030 |  Time(s) 0.0833 | RobustPrompt-I Loss 1.5255  
Epoch 031 |  Time(s) 0.0830 | RobustPrompt-I Loss 1.5145  
Epoch 032 |  Time(s) 0.0837 | RobustPrompt-I Loss 1.5013  
Epoch 033 |  Time(s) 0.0831 | RobustPrompt-I Loss nan  
Epoch 034 |  Time(s) 0.0834 | RobustPrompt-I Loss nan  
Epoch 035 |  Time(s) 0.0838 | RobustPrompt-I Loss nan  
Epoch 036 |  Time(s) 0.0829 | RobustPrompt-I Loss nan  
Epoch 037 |  Time(s) 0.0839 | RobustPrompt-I Loss nan  
Epoch 038 |  Time(s) 0.0837 | RobustPrompt-I Loss nan  
Epoch 039 |  Time(s) 0.0839 | RobustPrompt-I Loss nan  
Epoch 040 |  Time(s) 0.0838 | RobustPrompt-I Loss nan  
Epoch 041 |  Time(s) 0.0837 | RobustPrompt-I Loss nan  
Epoch 042 |  Time(s) 0.0840 | RobustPrompt-I Loss nan  
Epoch 043 |  Time(s) 0.0842 | RobustPrompt-I Loss nan  
Epoch 044 |  Time(s) 0.0837 | RobustPrompt-I Loss nan  
Epoch 045 |  Time(s) 0.0835 | RobustPrompt-I Loss nan  
Epoch 046 |  Time(s) 0.0837 | RobustPrompt-I Loss nan  
Epoch 047 |  Time(s) 0.0840 | RobustPrompt-I Loss nan  
Epoch 048 |  Time(s) 0.0831 | RobustPrompt-I Loss nan  
Epoch 049 |  Time(s) 0.0837 | RobustPrompt-I Loss nan  
Epoch 050 |  Time(s) 0.0836 | RobustPrompt-I Loss nan  
Epoch 051 |  Time(s) 0.0829 | RobustPrompt-I Loss nan  
----------------------------------------------------------------------------------------------------
Early stopping at 52 eopch!
load LLC or attacked data with specified split
Successfully loaded the attack of dataname with few shot 5, split 1
Attack method : Meta_Self | Attack ptb : 0.1 | Dataset: Cora
======================
Number of graphs: 1
Number of features: 1433
Number of classes: 7

Data(x=[2708, 1433], edge_index=[2, 14274], y=[2708], train_mask=[2708], val_mask=[2708], test_mask=[2708])
===========================================================================================================
Number of nodes: 2708
Number of edges: 14274
Average node degree: 5.27
Has isolated nodes: False
Has self-loops: True
Is undirected: True
GCN(
  (conv_layers): ModuleList(
    (0): GCNConv(1433, 256)
    (1): GCNConv(256, 256)
  )
)
Successfully loaded pre-trained weights!
use RobustPrompt Inductive
defense pt dict :  {'sim_pt': -1.0, 'degree_pt': -1, 'out_detect_pt': 0.6, 'other_pt': 'all'}
use_attention :  False
kl_global :  False
cosine_constraint :  True
pt_threshold :  0.25
filter_module :  OriginalFilter
temperature :  1.0
weight_mse 0.1
weight_kl :  0.1
weight_constraint :  0.0
prepare induce graph data is finished!
run RobustPrompt-I
Epoch 001 |  Time(s) 0.1950 | RobustPrompt-I Loss 1.9471  
Epoch 002 |  Time(s) 0.1302 | RobustPrompt-I Loss 1.9419  
Epoch 003 |  Time(s) 0.0892 | RobustPrompt-I Loss 1.9230  
Epoch 004 |  Time(s) 0.0920 | RobustPrompt-I Loss 1.9005  
Epoch 005 |  Time(s) 0.0998 | RobustPrompt-I Loss 1.8670  
Epoch 006 |  Time(s) 0.0934 | RobustPrompt-I Loss 1.8309  
Epoch 007 |  Time(s) 0.0902 | RobustPrompt-I Loss 1.7893  
Epoch 008 |  Time(s) 0.0870 | RobustPrompt-I Loss 1.7748  
Epoch 009 |  Time(s) 0.0933 | RobustPrompt-I Loss 1.7433  
Epoch 010 |  Time(s) 0.0931 | RobustPrompt-I Loss 1.7348  
Epoch 011 |  Time(s) 0.0995 | RobustPrompt-I Loss 1.7079  
Epoch 012 |  Time(s) 0.0912 | RobustPrompt-I Loss 1.7177  
Epoch 013 |  Time(s) 0.0980 | RobustPrompt-I Loss 1.6995  
Epoch 014 |  Time(s) 0.0979 | RobustPrompt-I Loss 1.6926  
Epoch 015 |  Time(s) 0.0873 | RobustPrompt-I Loss 1.6624  
Epoch 016 |  Time(s) 0.0909 | RobustPrompt-I Loss 1.6660  
Epoch 017 |  Time(s) 0.0905 | RobustPrompt-I Loss 1.6510  
Epoch 018 |  Time(s) 0.0930 | RobustPrompt-I Loss 1.6440  
Epoch 019 |  Time(s) 0.0924 | RobustPrompt-I Loss 1.6451  
Epoch 020 |  Time(s) 0.0886 | RobustPrompt-I Loss 1.6318  
Epoch 021 |  Time(s) 0.0867 | RobustPrompt-I Loss 1.6374  
Epoch 022 |  Time(s) 0.3411 | RobustPrompt-I Loss 1.6175  
Epoch 023 |  Time(s) 0.2874 | RobustPrompt-I Loss 1.6234  
Epoch 024 |  Time(s) 0.1610 | RobustPrompt-I Loss 1.6040  
Epoch 025 |  Time(s) 0.1082 | RobustPrompt-I Loss 1.6121  
Epoch 026 |  Time(s) 0.1506 | RobustPrompt-I Loss 1.5948  
Epoch 027 |  Time(s) 0.1831 | RobustPrompt-I Loss 1.5959  
Epoch 028 |  Time(s) 0.1131 | RobustPrompt-I Loss 1.5849  
Epoch 029 |  Time(s) 0.0974 | RobustPrompt-I Loss 1.5784  
Epoch 030 |  Time(s) 0.0910 | RobustPrompt-I Loss 1.5758  
Epoch 031 |  Time(s) 0.0859 | RobustPrompt-I Loss 1.5609  
Epoch 032 |  Time(s) 0.0866 | RobustPrompt-I Loss 1.5613  
Epoch 033 |  Time(s) 0.0856 | RobustPrompt-I Loss 1.5499  
Epoch 034 |  Time(s) 0.0860 | RobustPrompt-I Loss 1.5385  
Epoch 035 |  Time(s) 0.0856 | RobustPrompt-I Loss 1.5372  
Epoch 036 |  Time(s) 0.0853 | RobustPrompt-I Loss 1.5252  
Epoch 037 |  Time(s) 0.0857 | RobustPrompt-I Loss 1.5122  
Epoch 038 |  Time(s) 0.0841 | RobustPrompt-I Loss 1.5081  
Epoch 039 |  Time(s) 0.0853 | RobustPrompt-I Loss 1.4997  
Epoch 040 |  Time(s) 0.0851 | RobustPrompt-I Loss 1.4832  
Epoch 041 |  Time(s) 0.0842 | RobustPrompt-I Loss 1.4694  
Epoch 042 |  Time(s) 0.0861 | RobustPrompt-I Loss 1.4612  
Epoch 043 |  Time(s) 0.0846 | RobustPrompt-I Loss 1.4533  
Epoch 044 |  Time(s) 0.0856 | RobustPrompt-I Loss 1.4400  
Epoch 045 |  Time(s) 0.0884 | RobustPrompt-I Loss 1.4224  
Epoch 046 |  Time(s) 0.0876 | RobustPrompt-I Loss 1.4049  
Epoch 047 |  Time(s) 0.0878 | RobustPrompt-I Loss 1.3914  
Epoch 048 |  Time(s) 0.0936 | RobustPrompt-I Loss 1.3816  
Epoch 049 |  Time(s) 0.1238 | RobustPrompt-I Loss 1.3742  
Epoch 050 |  Time(s) 0.0968 | RobustPrompt-I Loss 1.3703  
Epoch 051 |  Time(s) 0.0921 | RobustPrompt-I Loss 1.3434  
Epoch 052 |  Time(s) 0.0858 | RobustPrompt-I Loss 1.3220  
Epoch 053 |  Time(s) 0.0853 | RobustPrompt-I Loss 1.3148  
Epoch 054 |  Time(s) 0.0881 | RobustPrompt-I Loss 1.3119  
Epoch 055 |  Time(s) 0.0905 | RobustPrompt-I Loss 1.3059  
Epoch 056 |  Time(s) 0.0887 | RobustPrompt-I Loss 1.2754  
Epoch 057 |  Time(s) 0.0934 | RobustPrompt-I Loss 1.2707  
Epoch 058 |  Time(s) 0.0895 | RobustPrompt-I Loss 1.2810  
Epoch 059 |  Time(s) 0.0897 | RobustPrompt-I Loss 1.2421  
Epoch 060 |  Time(s) 0.0856 | RobustPrompt-I Loss 1.2548  
Epoch 061 |  Time(s) 0.0849 | RobustPrompt-I Loss 1.2425  
Epoch 062 |  Time(s) 0.0850 | RobustPrompt-I Loss 1.2149  
Epoch 063 |  Time(s) 0.0877 | RobustPrompt-I Loss 1.2155  
Epoch 064 |  Time(s) 0.0850 | RobustPrompt-I Loss 1.2259  
Epoch 065 |  Time(s) 0.0852 | RobustPrompt-I Loss 1.1890  
Epoch 066 |  Time(s) 0.0851 | RobustPrompt-I Loss 1.2175  
Epoch 067 |  Time(s) 0.0846 | RobustPrompt-I Loss 1.1732  
Epoch 068 |  Time(s) 0.0855 | RobustPrompt-I Loss 1.1825  
Epoch 069 |  Time(s) 0.0858 | RobustPrompt-I Loss 1.1841  
Epoch 070 |  Time(s) 0.0851 | RobustPrompt-I Loss 1.1542  
Epoch 071 |  Time(s) 0.0853 | RobustPrompt-I Loss 1.1886  
Epoch 072 |  Time(s) 0.0855 | RobustPrompt-I Loss 1.1474  
Epoch 073 |  Time(s) 0.0852 | RobustPrompt-I Loss 1.2434  
Epoch 074 |  Time(s) 0.0857 | RobustPrompt-I Loss 1.2329  
Epoch 075 |  Time(s) 0.0853 | RobustPrompt-I Loss 1.1277  
Epoch 076 |  Time(s) 0.0859 | RobustPrompt-I Loss 1.1567  
Epoch 077 |  Time(s) 0.0859 | RobustPrompt-I Loss 1.1152  
Epoch 078 |  Time(s) 0.0862 | RobustPrompt-I Loss 1.1327  
Epoch 079 |  Time(s) 0.0869 | RobustPrompt-I Loss 1.1145  
Epoch 080 |  Time(s) 0.0858 | RobustPrompt-I Loss 1.1022  
Epoch 081 |  Time(s) 0.0858 | RobustPrompt-I Loss 1.1126  
Epoch 082 |  Time(s) 0.0860 | RobustPrompt-I Loss 1.0889  
Epoch 083 |  Time(s) 0.0853 | RobustPrompt-I Loss 1.0853  
Epoch 084 |  Time(s) 0.0858 | RobustPrompt-I Loss 1.0925  
Epoch 085 |  Time(s) 0.0856 | RobustPrompt-I Loss 1.0705  
Epoch 086 |  Time(s) 0.0857 | RobustPrompt-I Loss 1.0749  
Epoch 087 |  Time(s) 0.0859 | RobustPrompt-I Loss 1.0725  
Epoch 088 |  Time(s) 0.0855 | RobustPrompt-I Loss 1.0580  
Epoch 089 |  Time(s) 0.0857 | RobustPrompt-I Loss 1.0459  
Epoch 090 |  Time(s) 0.0862 | RobustPrompt-I Loss 1.0511  
Epoch 091 |  Time(s) 0.0855 | RobustPrompt-I Loss 1.0540  
Epoch 092 |  Time(s) 0.0859 | RobustPrompt-I Loss 1.0295  
Epoch 093 |  Time(s) 0.0848 | RobustPrompt-I Loss 1.0442  
Epoch 094 |  Time(s) 0.0858 | RobustPrompt-I Loss 1.0248  
Epoch 095 |  Time(s) 0.0879 | RobustPrompt-I Loss 1.0123  
Epoch 096 |  Time(s) 0.0861 | RobustPrompt-I Loss 1.0110  
Epoch 097 |  Time(s) 0.0851 | RobustPrompt-I Loss 1.0203  
Epoch 098 |  Time(s) 0.0889 | RobustPrompt-I Loss 0.9930  
Epoch 099 |  Time(s) 0.1241 | RobustPrompt-I Loss 1.0147  
Epoch 100 |  Time(s) 0.1127 | RobustPrompt-I Loss 0.9847  
Epoch 101 |  Time(s) 0.1021 | RobustPrompt-I Loss 0.9826  
Epoch 102 |  Time(s) 0.0918 | RobustPrompt-I Loss 1.0020  
Epoch 103 |  Time(s) 0.0928 | RobustPrompt-I Loss 0.9668  
Epoch 104 |  Time(s) 0.0916 | RobustPrompt-I Loss 0.9934  
Epoch 105 |  Time(s) 0.0931 | RobustPrompt-I Loss 0.9608  
Epoch 106 |  Time(s) 0.0951 | RobustPrompt-I Loss 0.9789  
Epoch 107 |  Time(s) 0.0890 | RobustPrompt-I Loss 0.9645  
Epoch 108 |  Time(s) 0.0884 | RobustPrompt-I Loss 0.9593  
Epoch 109 |  Time(s) 0.0886 | RobustPrompt-I Loss 0.9413  
Epoch 110 |  Time(s) 0.0878 | RobustPrompt-I Loss 0.9447  
Epoch 111 |  Time(s) 0.0881 | RobustPrompt-I Loss 0.9528  
Epoch 112 |  Time(s) 0.0881 | RobustPrompt-I Loss 0.9275  
Epoch 113 |  Time(s) 0.0878 | RobustPrompt-I Loss 0.9406  
Epoch 114 |  Time(s) 0.0885 | RobustPrompt-I Loss 0.9147  
Epoch 115 |  Time(s) 0.0892 | RobustPrompt-I Loss 0.9547  
Epoch 116 |  Time(s) 0.0891 | RobustPrompt-I Loss 0.9486  
Epoch 117 |  Time(s) 0.0875 | RobustPrompt-I Loss 0.9075  
Epoch 118 |  Time(s) 0.0915 | RobustPrompt-I Loss 0.9353  
Epoch 119 |  Time(s) 0.0887 | RobustPrompt-I Loss 0.8887  
Epoch 120 |  Time(s) 0.0884 | RobustPrompt-I Loss 0.9441  
Epoch 121 |  Time(s) 0.0885 | RobustPrompt-I Loss 0.9095  
Epoch 122 |  Time(s) 0.0894 | RobustPrompt-I Loss 0.9061  
Epoch 123 |  Time(s) 0.0904 | RobustPrompt-I Loss 0.9182  
Epoch 124 |  Time(s) 0.0894 | RobustPrompt-I Loss 0.8916  
Epoch 125 |  Time(s) 0.0892 | RobustPrompt-I Loss 0.9133  
Epoch 126 |  Time(s) 0.0891 | RobustPrompt-I Loss 0.9001  
Epoch 127 |  Time(s) 0.0892 | RobustPrompt-I Loss 0.8988  
Epoch 128 |  Time(s) 0.0891 | RobustPrompt-I Loss 0.8783  
Epoch 129 |  Time(s) 0.0887 | RobustPrompt-I Loss 0.8904  
Epoch 130 |  Time(s) 0.0891 | RobustPrompt-I Loss 0.8896  
Epoch 131 |  Time(s) 0.0892 | RobustPrompt-I Loss 0.8636  
Epoch 132 |  Time(s) 0.0898 | RobustPrompt-I Loss 0.8857  
Epoch 133 |  Time(s) 0.0889 | RobustPrompt-I Loss 0.8518  
Epoch 134 |  Time(s) 0.0886 | RobustPrompt-I Loss 0.8903  
Epoch 135 |  Time(s) 0.0907 | RobustPrompt-I Loss 0.8782  
Epoch 136 |  Time(s) 0.0887 | RobustPrompt-I Loss 0.8704  
Epoch 137 |  Time(s) 0.0883 | RobustPrompt-I Loss 0.8757  
Epoch 138 |  Time(s) 0.0882 | RobustPrompt-I Loss 0.8570  
Epoch 139 |  Time(s) 0.0889 | RobustPrompt-I Loss 0.9085  
Epoch 140 |  Time(s) 0.0902 | RobustPrompt-I Loss 0.9224  
Epoch 141 |  Time(s) 0.0885 | RobustPrompt-I Loss 0.8542  
Epoch 142 |  Time(s) 0.0911 | RobustPrompt-I Loss 0.8613  
Epoch 143 |  Time(s) 0.0882 | RobustPrompt-I Loss 0.8760  
Epoch 144 |  Time(s) 0.0884 | RobustPrompt-I Loss 0.8296  
Epoch 145 |  Time(s) 0.0886 | RobustPrompt-I Loss 0.9001  
Epoch 146 |  Time(s) 0.0885 | RobustPrompt-I Loss 0.8538  
Epoch 147 |  Time(s) 0.0891 | RobustPrompt-I Loss 0.8541  
Epoch 148 |  Time(s) 0.0903 | RobustPrompt-I Loss 0.8967  
Epoch 149 |  Time(s) 0.0872 | RobustPrompt-I Loss 0.8560  
Epoch 150 |  Time(s) 0.0888 | RobustPrompt-I Loss 0.8235  
Epoch 151 |  Time(s) 0.0906 | RobustPrompt-I Loss 0.8692  
Epoch 152 |  Time(s) 0.0895 | RobustPrompt-I Loss 0.8925  
Epoch 153 |  Time(s) 0.1473 | RobustPrompt-I Loss 0.7975  
Epoch 154 |  Time(s) 0.1507 | RobustPrompt-I Loss 0.9672  
Epoch 155 |  Time(s) 0.0996 | RobustPrompt-I Loss 1.0767  
Epoch 156 |  Time(s) 0.0967 | RobustPrompt-I Loss 0.9236  
Epoch 157 |  Time(s) 0.1142 | RobustPrompt-I Loss 0.8934  
Epoch 158 |  Time(s) 0.0905 | RobustPrompt-I Loss 0.8938  
Epoch 159 |  Time(s) 0.0917 | RobustPrompt-I Loss 0.8814  
Epoch 160 |  Time(s) 0.0876 | RobustPrompt-I Loss 0.8591  
Epoch 161 |  Time(s) 0.0898 | RobustPrompt-I Loss 0.8226  
Epoch 162 |  Time(s) 0.0879 | RobustPrompt-I Loss 0.8359  
Epoch 163 |  Time(s) 0.0874 | RobustPrompt-I Loss 0.7843  
Epoch 164 |  Time(s) 0.0874 | RobustPrompt-I Loss 0.8070  
Epoch 165 |  Time(s) 0.0874 | RobustPrompt-I Loss 0.7927  
Epoch 166 |  Time(s) 0.0879 | RobustPrompt-I Loss 0.7749  
Epoch 167 |  Time(s) 0.0875 | RobustPrompt-I Loss 0.7869  
Epoch 168 |  Time(s) 0.0870 | RobustPrompt-I Loss 0.7803  
Epoch 169 |  Time(s) 0.0876 | RobustPrompt-I Loss 0.7625  
Epoch 170 |  Time(s) 0.0875 | RobustPrompt-I Loss 0.8041  
Epoch 171 |  Time(s) 0.0873 | RobustPrompt-I Loss 0.7811  
Epoch 172 |  Time(s) 0.0898 | RobustPrompt-I Loss 0.8205  
Epoch 173 |  Time(s) 0.0872 | RobustPrompt-I Loss 0.8059  
Epoch 174 |  Time(s) 0.0877 | RobustPrompt-I Loss 0.7708  
Epoch 175 |  Time(s) 0.1153 | RobustPrompt-I Loss 0.7549  
Epoch 176 |  Time(s) 0.0912 | RobustPrompt-I Loss 0.8027  
Epoch 177 |  Time(s) 0.0870 | RobustPrompt-I Loss 0.7742  
Epoch 178 |  Time(s) 0.0908 | RobustPrompt-I Loss 0.7826  
Epoch 179 |  Time(s) 0.0876 | RobustPrompt-I Loss 0.7936  
Epoch 180 |  Time(s) 0.0870 | RobustPrompt-I Loss 0.7392  
Epoch 181 |  Time(s) 0.0875 | RobustPrompt-I Loss 0.7354  
Epoch 182 |  Time(s) 0.0873 | RobustPrompt-I Loss 0.8144  
Epoch 183 |  Time(s) 0.0875 | RobustPrompt-I Loss 0.8006  
Epoch 184 |  Time(s) 0.0878 | RobustPrompt-I Loss 0.7365  
Epoch 185 |  Time(s) 0.0873 | RobustPrompt-I Loss 0.7418  
Epoch 186 |  Time(s) 0.1958 | RobustPrompt-I Loss 0.7475  
Epoch 187 |  Time(s) 0.1001 | RobustPrompt-I Loss 0.7355  
Epoch 188 |  Time(s) 0.0964 | RobustPrompt-I Loss 0.7561  
Epoch 189 |  Time(s) 0.0905 | RobustPrompt-I Loss 0.7471  
Epoch 190 |  Time(s) 0.0882 | RobustPrompt-I Loss 0.7321  
Epoch 191 |  Time(s) 0.0877 | RobustPrompt-I Loss 0.7216  
Epoch 192 |  Time(s) 0.0878 | RobustPrompt-I Loss 0.7604  
Epoch 193 |  Time(s) 0.0873 | RobustPrompt-I Loss 0.7473  
Epoch 194 |  Time(s) 0.0878 | RobustPrompt-I Loss 0.7245  
Epoch 195 |  Time(s) 0.0881 | RobustPrompt-I Loss 0.7153  
Epoch 196 |  Time(s) 0.0877 | RobustPrompt-I Loss 0.7507  
Epoch 197 |  Time(s) 0.0873 | RobustPrompt-I Loss 0.7367  
Epoch 198 |  Time(s) 0.0887 | RobustPrompt-I Loss 0.7238  
Epoch 199 |  Time(s) 0.0880 | RobustPrompt-I Loss 0.7185  
Epoch 200 |  Time(s) 0.0879 | RobustPrompt-I Loss 0.7313  
Batch 0 Acc: 0.1500 | Macro-F1: 0.0933
Batch 1 Acc: 0.1800 | Macro-F1: 0.0978
Batch 2 Acc: 0.1800 | Macro-F1: 0.1492
Batch 3 Acc: 0.2500 | Macro-F1: 0.1292
Batch 4 Acc: 0.1900 | Macro-F1: 0.1003
Batch 5 Acc: 0.2200 | Macro-F1: 0.1282
Batch 6 Acc: 0.1800 | Macro-F1: 0.0887
Batch 7 Acc: 0.2200 | Macro-F1: 0.1007
Batch 8 Acc: 0.2100 | Macro-F1: 0.1027
Batch 9 Acc: 0.1700 | Macro-F1: 0.1205
Final True Accuracy: 0.1950 | Macro F1 Score: 0.1113
best_loss [0.7312510013580322]
load LLC or attacked data with specified split
Successfully loaded the attack of dataname with few shot 5, split 1
Attack method : Meta_Self | Attack ptb : 0.1 | Dataset: Cora
======================
Number of graphs: 1
Number of features: 1433
Number of classes: 7

Data(x=[2708, 1433], edge_index=[2, 14274], y=[2708], train_mask=[2708], val_mask=[2708], test_mask=[2708])
===========================================================================================================
Number of nodes: 2708
Number of edges: 14274
Average node degree: 5.27
Has isolated nodes: False
Has self-loops: True
Is undirected: True
GCN(
  (conv_layers): ModuleList(
    (0): GCNConv(1433, 256)
    (1): GCNConv(256, 256)
  )
)
Successfully loaded pre-trained weights!
use RobustPrompt Inductive
defense pt dict :  {'sim_pt': -1.0, 'degree_pt': -1, 'out_detect_pt': 0.6, 'other_pt': 'all'}
use_attention :  False
kl_global :  False
cosine_constraint :  True
pt_threshold :  0.25
filter_module :  OriginalFilter
temperature :  1.0
weight_mse 0.1
weight_kl :  0.1
weight_constraint :  0.0
prepare induce graph data is finished!
run RobustPrompt-I
Epoch 001 |  Time(s) 0.1103 | RobustPrompt-I Loss 1.9414  
Epoch 002 |  Time(s) 0.0995 | RobustPrompt-I Loss 1.9385  
Epoch 003 |  Time(s) 0.1029 | RobustPrompt-I Loss 1.9272  
Epoch 004 |  Time(s) 0.0990 | RobustPrompt-I Loss 1.9084  
Epoch 005 |  Time(s) 0.1096 | RobustPrompt-I Loss 1.8845  
Epoch 006 |  Time(s) 0.1623 | RobustPrompt-I Loss 1.8672  
Epoch 007 |  Time(s) 0.0910 | RobustPrompt-I Loss 1.8452  
Epoch 008 |  Time(s) 0.0894 | RobustPrompt-I Loss 1.8082  
Epoch 009 |  Time(s) 0.0942 | RobustPrompt-I Loss 1.7840  
Epoch 010 |  Time(s) 0.1353 | RobustPrompt-I Loss 1.7490  
Epoch 011 |  Time(s) 0.0930 | RobustPrompt-I Loss 1.7152  
Epoch 012 |  Time(s) 0.0898 | RobustPrompt-I Loss 1.6983  
Epoch 013 |  Time(s) 0.0912 | RobustPrompt-I Loss 1.6730  
Epoch 014 |  Time(s) 0.0928 | RobustPrompt-I Loss 1.6588  
Epoch 015 |  Time(s) 0.1032 | RobustPrompt-I Loss 1.6537  
Epoch 016 |  Time(s) 0.0954 | RobustPrompt-I Loss 1.6343  
Epoch 017 |  Time(s) 0.0871 | RobustPrompt-I Loss nan  
Epoch 018 |  Time(s) 0.0949 | RobustPrompt-I Loss nan  
Epoch 019 |  Time(s) 0.0894 | RobustPrompt-I Loss nan  
Epoch 020 |  Time(s) 0.0847 | RobustPrompt-I Loss nan  
Epoch 021 |  Time(s) 0.0914 | RobustPrompt-I Loss nan  
Epoch 022 |  Time(s) 0.0927 | RobustPrompt-I Loss nan  
Epoch 023 |  Time(s) 0.0869 | RobustPrompt-I Loss nan  
Epoch 024 |  Time(s) 0.0870 | RobustPrompt-I Loss nan  
Epoch 025 |  Time(s) 0.0867 | RobustPrompt-I Loss nan  
Epoch 026 |  Time(s) 0.0861 | RobustPrompt-I Loss nan  
Epoch 027 |  Time(s) 0.0926 | RobustPrompt-I Loss nan  
Epoch 028 |  Time(s) 0.0857 | RobustPrompt-I Loss nan  
Epoch 029 |  Time(s) 0.0892 | RobustPrompt-I Loss nan  
Epoch 030 |  Time(s) 0.0851 | RobustPrompt-I Loss nan  
Epoch 031 |  Time(s) 0.0857 | RobustPrompt-I Loss nan  
Epoch 032 |  Time(s) 0.0853 | RobustPrompt-I Loss nan  
Epoch 033 |  Time(s) 0.0868 | RobustPrompt-I Loss nan  
Epoch 034 |  Time(s) 0.0857 | RobustPrompt-I Loss nan  
Epoch 035 |  Time(s) 0.0863 | RobustPrompt-I Loss nan  
----------------------------------------------------------------------------------------------------
Early stopping at 36 eopch!
load LLC or attacked data with specified split
Successfully loaded the attack of dataname with few shot 5, split 1
Attack method : Meta_Self | Attack ptb : 0.1 | Dataset: Cora
======================
Number of graphs: 1
Number of features: 1433
Number of classes: 7

Data(x=[2708, 1433], edge_index=[2, 14274], y=[2708], train_mask=[2708], val_mask=[2708], test_mask=[2708])
===========================================================================================================
Number of nodes: 2708
Number of edges: 14274
Average node degree: 5.27
Has isolated nodes: False
Has self-loops: True
Is undirected: True
GCN(
  (conv_layers): ModuleList(
    (0): GCNConv(1433, 256)
    (1): GCNConv(256, 256)
  )
)
Successfully loaded pre-trained weights!
use RobustPrompt Inductive
defense pt dict :  {'sim_pt': -1.0, 'degree_pt': -1, 'out_detect_pt': 0.6, 'other_pt': 'all'}
use_attention :  False
kl_global :  False
cosine_constraint :  True
pt_threshold :  0.25
filter_module :  OriginalFilter
temperature :  1.0
weight_mse 0.1
weight_kl :  0.1
weight_constraint :  0.0
prepare induce graph data is finished!
run RobustPrompt-I
Epoch 001 |  Time(s) 0.0980 | RobustPrompt-I Loss 1.9486  
Epoch 002 |  Time(s) 0.0858 | RobustPrompt-I Loss 1.9411  
Epoch 003 |  Time(s) 0.0898 | RobustPrompt-I Loss 1.9346  
Epoch 004 |  Time(s) 0.1025 | RobustPrompt-I Loss 1.9137  
Epoch 005 |  Time(s) 0.0893 | RobustPrompt-I Loss 1.8865  
Epoch 006 |  Time(s) 0.0852 | RobustPrompt-I Loss 1.8573  
Epoch 007 |  Time(s) 0.0862 | RobustPrompt-I Loss 1.8167  
Epoch 008 |  Time(s) 0.0860 | RobustPrompt-I Loss 1.7955  
Epoch 009 |  Time(s) 0.0862 | RobustPrompt-I Loss 1.7592  
Epoch 010 |  Time(s) 0.0855 | RobustPrompt-I Loss 1.7439  
Epoch 011 |  Time(s) 0.0844 | RobustPrompt-I Loss 1.7329  
Epoch 012 |  Time(s) 0.0855 | RobustPrompt-I Loss 1.7216  
Epoch 013 |  Time(s) 0.0861 | RobustPrompt-I Loss 1.7011  
Epoch 014 |  Time(s) 0.0865 | RobustPrompt-I Loss 1.7025  
Epoch 015 |  Time(s) 0.0874 | RobustPrompt-I Loss nan  
Epoch 016 |  Time(s) 0.0861 | RobustPrompt-I Loss nan  
Epoch 017 |  Time(s) 0.0861 | RobustPrompt-I Loss nan  
Epoch 018 |  Time(s) 0.1296 | RobustPrompt-I Loss nan  
Epoch 019 |  Time(s) 0.0858 | RobustPrompt-I Loss nan  
Epoch 020 |  Time(s) 0.0859 | RobustPrompt-I Loss nan  
Epoch 021 |  Time(s) 0.0860 | RobustPrompt-I Loss nan  
Epoch 022 |  Time(s) 0.0856 | RobustPrompt-I Loss nan  
Epoch 023 |  Time(s) 0.0849 | RobustPrompt-I Loss nan  
Epoch 024 |  Time(s) 0.0851 | RobustPrompt-I Loss nan  
Epoch 025 |  Time(s) 0.0851 | RobustPrompt-I Loss nan  
Epoch 026 |  Time(s) 0.0845 | RobustPrompt-I Loss nan  
Epoch 027 |  Time(s) 0.0865 | RobustPrompt-I Loss nan  
Epoch 028 |  Time(s) 0.0854 | RobustPrompt-I Loss nan  
Epoch 029 |  Time(s) 0.0857 | RobustPrompt-I Loss nan  
Epoch 030 |  Time(s) 0.0857 | RobustPrompt-I Loss nan  
Epoch 031 |  Time(s) 0.0857 | RobustPrompt-I Loss nan  
Epoch 032 |  Time(s) 0.0853 | RobustPrompt-I Loss nan  
----------------------------------------------------------------------------------------------------
Early stopping at 33 eopch!
{1: {1: nan}, 2: {1: nan}, 3: {1: 0.19499999284744263}, 4: {1: nan}, 5: {1: nan}}
{1: {1: nan, 2: nan, 3: 0.19499999284744263, 4: nan, 5: nan}}
########################################################################################
seed: 1 | split 1 : nan
# Seed 1 Muti Split Final Acc: nan±nan
seed: 2 | split 1 : nan
# Seed 2 Muti Split Final Acc: nan±nan
seed: 3 | split 1 : 0.19499999284744263
# Seed 3 Muti Split Final Acc: 0.1950±0.0000
seed: 4 | split 1 : nan
# Seed 4 Muti Split Final Acc: nan±nan
seed: 5 | split 1 : nan
# Seed 5 Muti Split Final Acc: nan±nan
########################################################################################
split: 1 | seed 1 : nan
split: 1 | seed 2 : nan
split: 1 | seed 3 : 0.19499999284744263
split: 1 | seed 4 : nan
split: 1 | seed 5 : nan
# Split 1 Muti Seed Acc without min value: nan±nan
########################################################################################
Done phase=ood, ood=0.6, ptb=0.1, end=2026-06-09 00:21:48, duration=00:00:46
