Start phase=ood, ood=0.3, ptb=0.0, time=2026-06-09 00:10:33, log=logs/RobustPrompt-I/ft_ood0.3_0.0_20260609_001033.log
load LLC or attacked data with specified split
Successfully loaded the attack of dataname with few shot 5, split 1
Attack method : Meta_Self | Attack ptb : 0.0 | Dataset: Cora
======================
Number of graphs: 1
Number of features: 1433
Number of classes: 7

Data(x=[2708, 1433], edge_index=[2, 13264], y=[2708], train_mask=[2708], val_mask=[2708], test_mask=[2708])
===========================================================================================================
Number of nodes: 2708
Number of edges: 13264
Average node degree: 4.90
Has isolated nodes: False
Has self-loops: True
Is undirected: True
GCN(
  (conv_layers): ModuleList(
    (0): GCNConv(1433, 256)
    (1): GCNConv(256, 256)
  )
)
Successfully loaded pre-trained weights!
use RobustPrompt Inductive
defense pt dict :  {'sim_pt': -1.0, 'degree_pt': -1, 'out_detect_pt': 0.3, 'other_pt': 'all'}
use_attention :  False
kl_global :  False
cosine_constraint :  True
pt_threshold :  0.25
filter_module :  OriginalFilter
temperature :  1.0
weight_mse 0.1
weight_kl :  0.1
weight_constraint :  0.0
prepare induce graph data is finished!
run RobustPrompt-I
Epoch 001 |  Time(s) 0.4209 | RobustPrompt-I Loss 1.9423  
Epoch 002 |  Time(s) 0.0874 | RobustPrompt-I Loss 1.9391  
Epoch 003 |  Time(s) 0.0826 | RobustPrompt-I Loss 1.9297  
Epoch 004 |  Time(s) 0.0824 | RobustPrompt-I Loss 1.9146  
Epoch 005 |  Time(s) 0.0817 | RobustPrompt-I Loss 1.8896  
Epoch 006 |  Time(s) 0.0820 | RobustPrompt-I Loss 1.8592  
Epoch 007 |  Time(s) 0.0867 | RobustPrompt-I Loss 1.8364  
Epoch 008 |  Time(s) 0.0851 | RobustPrompt-I Loss 1.8070  
Epoch 009 |  Time(s) 0.0899 | RobustPrompt-I Loss 1.7832  
Epoch 010 |  Time(s) 0.0857 | RobustPrompt-I Loss 1.7746  
Epoch 011 |  Time(s) 0.0835 | RobustPrompt-I Loss 1.7619  
Epoch 012 |  Time(s) 0.0828 | RobustPrompt-I Loss 1.7546  
Epoch 013 |  Time(s) 0.0833 | RobustPrompt-I Loss 1.7377  
Epoch 014 |  Time(s) 0.0829 | RobustPrompt-I Loss 1.7334  
Epoch 015 |  Time(s) 0.0829 | RobustPrompt-I Loss 1.7155  
Epoch 016 |  Time(s) 0.0833 | RobustPrompt-I Loss 1.7213  
Epoch 017 |  Time(s) 0.0834 | RobustPrompt-I Loss 1.7038  
Epoch 018 |  Time(s) 0.0847 | RobustPrompt-I Loss 1.6924  
Epoch 019 |  Time(s) 0.0831 | RobustPrompt-I Loss 1.6689  
Epoch 020 |  Time(s) 0.0828 | RobustPrompt-I Loss 1.6735  
Epoch 021 |  Time(s) 0.0822 | RobustPrompt-I Loss 1.6453  
Epoch 022 |  Time(s) 0.0841 | RobustPrompt-I Loss 1.6430  
Epoch 023 |  Time(s) 0.1420 | RobustPrompt-I Loss 1.6163  
Epoch 024 |  Time(s) 0.1206 | RobustPrompt-I Loss 1.6157  
Epoch 025 |  Time(s) 0.1617 | RobustPrompt-I Loss 1.5873  
Epoch 026 |  Time(s) 0.2385 | RobustPrompt-I Loss 1.5942  
Epoch 027 |  Time(s) 0.3364 | RobustPrompt-I Loss 1.5730  
Epoch 028 |  Time(s) 0.3756 | RobustPrompt-I Loss 1.5550  
Epoch 029 |  Time(s) 0.1741 | RobustPrompt-I Loss 1.5438  
Epoch 030 |  Time(s) 0.0989 | RobustPrompt-I Loss 1.5201  
Epoch 031 |  Time(s) 0.0859 | RobustPrompt-I Loss 1.5207  
Epoch 032 |  Time(s) 0.0948 | RobustPrompt-I Loss 1.4972  
Epoch 033 |  Time(s) 0.0818 | RobustPrompt-I Loss 1.4994  
Epoch 034 |  Time(s) 0.0812 | RobustPrompt-I Loss 1.4913  
Epoch 035 |  Time(s) 0.0807 | RobustPrompt-I Loss 1.4595  
Epoch 036 |  Time(s) 0.0813 | RobustPrompt-I Loss 1.4619  
Epoch 037 |  Time(s) 0.0800 | RobustPrompt-I Loss 1.4271  
Epoch 038 |  Time(s) 0.0810 | RobustPrompt-I Loss 1.4448  
Epoch 039 |  Time(s) 0.0811 | RobustPrompt-I Loss 1.3994  
Epoch 040 |  Time(s) 0.0804 | RobustPrompt-I Loss 1.3995  
Epoch 041 |  Time(s) 0.0809 | RobustPrompt-I Loss 1.3852  
Epoch 042 |  Time(s) 0.0809 | RobustPrompt-I Loss 1.3565  
Epoch 043 |  Time(s) 0.0849 | RobustPrompt-I Loss 1.3840  
Epoch 044 |  Time(s) 0.0786 | RobustPrompt-I Loss 1.3261  
Epoch 045 |  Time(s) 0.0923 | RobustPrompt-I Loss 1.3654  
Epoch 046 |  Time(s) 0.1135 | RobustPrompt-I Loss 1.3284  
Epoch 047 |  Time(s) 0.0933 | RobustPrompt-I Loss 1.3344  
Epoch 048 |  Time(s) 0.2035 | RobustPrompt-I Loss 1.3030  
Epoch 049 |  Time(s) 0.0958 | RobustPrompt-I Loss nan  
Epoch 050 |  Time(s) 0.0860 | RobustPrompt-I Loss nan  
Epoch 051 |  Time(s) 0.0870 | RobustPrompt-I Loss nan  
Epoch 052 |  Time(s) 0.0877 | RobustPrompt-I Loss nan  
Epoch 053 |  Time(s) 0.0802 | RobustPrompt-I Loss nan  
Epoch 054 |  Time(s) 0.0839 | RobustPrompt-I Loss nan  
Epoch 055 |  Time(s) 0.0834 | RobustPrompt-I Loss nan  
Epoch 056 |  Time(s) 0.0937 | RobustPrompt-I Loss nan  
Epoch 057 |  Time(s) 0.0853 | RobustPrompt-I Loss nan  
Epoch 058 |  Time(s) 0.0852 | RobustPrompt-I Loss nan  
Epoch 059 |  Time(s) 0.0850 | RobustPrompt-I Loss nan  
Epoch 060 |  Time(s) 0.0851 | RobustPrompt-I Loss nan  
Epoch 061 |  Time(s) 0.0849 | RobustPrompt-I Loss nan  
Epoch 062 |  Time(s) 0.0859 | RobustPrompt-I Loss nan  
Epoch 063 |  Time(s) 0.0852 | RobustPrompt-I Loss nan  
Epoch 064 |  Time(s) 0.0881 | RobustPrompt-I Loss nan  
Epoch 065 |  Time(s) 0.0854 | RobustPrompt-I Loss nan  
Epoch 066 |  Time(s) 0.0855 | RobustPrompt-I Loss nan  
Epoch 067 |  Time(s) 0.0852 | RobustPrompt-I Loss nan  
----------------------------------------------------------------------------------------------------
Early stopping at 68 eopch!
load LLC or attacked data with specified split
Successfully loaded the attack of dataname with few shot 5, split 1
Attack method : Meta_Self | Attack ptb : 0.0 | Dataset: Cora
======================
Number of graphs: 1
Number of features: 1433
Number of classes: 7

Data(x=[2708, 1433], edge_index=[2, 13264], y=[2708], train_mask=[2708], val_mask=[2708], test_mask=[2708])
===========================================================================================================
Number of nodes: 2708
Number of edges: 13264
Average node degree: 4.90
Has isolated nodes: False
Has self-loops: True
Is undirected: True
GCN(
  (conv_layers): ModuleList(
    (0): GCNConv(1433, 256)
    (1): GCNConv(256, 256)
  )
)
Successfully loaded pre-trained weights!
use RobustPrompt Inductive
defense pt dict :  {'sim_pt': -1.0, 'degree_pt': -1, 'out_detect_pt': 0.3, 'other_pt': 'all'}
use_attention :  False
kl_global :  False
cosine_constraint :  True
pt_threshold :  0.25
filter_module :  OriginalFilter
temperature :  1.0
weight_mse 0.1
weight_kl :  0.1
weight_constraint :  0.0
prepare induce graph data is finished!
run RobustPrompt-I
Epoch 001 |  Time(s) 0.1049 | RobustPrompt-I Loss 1.9458  
Epoch 002 |  Time(s) 0.0991 | RobustPrompt-I Loss 1.9412  
Epoch 003 |  Time(s) 0.2210 | RobustPrompt-I Loss 1.9256  
Epoch 004 |  Time(s) 0.1797 | RobustPrompt-I Loss 1.9031  
Epoch 005 |  Time(s) 0.1046 | RobustPrompt-I Loss 1.8798  
Epoch 006 |  Time(s) 0.0931 | RobustPrompt-I Loss 1.8434  
Epoch 007 |  Time(s) 0.0941 | RobustPrompt-I Loss 1.8230  
Epoch 008 |  Time(s) 0.0938 | RobustPrompt-I Loss 1.8029  
Epoch 009 |  Time(s) 0.1433 | RobustPrompt-I Loss 1.7909  
Epoch 010 |  Time(s) 0.1011 | RobustPrompt-I Loss 1.7785  
Epoch 011 |  Time(s) 0.0967 | RobustPrompt-I Loss 1.7684  
Epoch 012 |  Time(s) 0.0956 | RobustPrompt-I Loss 1.7590  
Epoch 013 |  Time(s) 0.0879 | RobustPrompt-I Loss 1.7515  
Epoch 014 |  Time(s) 0.0888 | RobustPrompt-I Loss 1.7436  
Epoch 015 |  Time(s) 0.0910 | RobustPrompt-I Loss 1.7319  
Epoch 016 |  Time(s) 0.0883 | RobustPrompt-I Loss 1.7208  
Epoch 017 |  Time(s) 0.0880 | RobustPrompt-I Loss 1.7098  
Epoch 018 |  Time(s) 0.0872 | RobustPrompt-I Loss 1.6995  
Epoch 019 |  Time(s) 0.0874 | RobustPrompt-I Loss 1.6889  
Epoch 020 |  Time(s) 0.0878 | RobustPrompt-I Loss 1.6763  
Epoch 021 |  Time(s) 0.0881 | RobustPrompt-I Loss 1.6600  
Epoch 022 |  Time(s) 0.0890 | RobustPrompt-I Loss 1.6492  
Epoch 023 |  Time(s) 0.0882 | RobustPrompt-I Loss 1.6323  
Epoch 024 |  Time(s) 0.0881 | RobustPrompt-I Loss 1.6219  
Epoch 025 |  Time(s) 0.0885 | RobustPrompt-I Loss 1.6071  
Epoch 026 |  Time(s) 0.0885 | RobustPrompt-I Loss 1.5900  
Epoch 027 |  Time(s) 0.0889 | RobustPrompt-I Loss 1.5914  
Epoch 028 |  Time(s) 0.0875 | RobustPrompt-I Loss 1.6200  
Epoch 029 |  Time(s) 0.0875 | RobustPrompt-I Loss 1.5616  
Epoch 030 |  Time(s) 0.0880 | RobustPrompt-I Loss 1.5822  
Epoch 031 |  Time(s) 0.1259 | RobustPrompt-I Loss 1.5440  
Epoch 032 |  Time(s) 0.1662 | RobustPrompt-I Loss 1.5343  
Epoch 033 |  Time(s) 0.1489 | RobustPrompt-I Loss 1.5235  
Epoch 034 |  Time(s) 0.0949 | RobustPrompt-I Loss 1.5072  
Epoch 035 |  Time(s) 0.0926 | RobustPrompt-I Loss 1.4934  
Epoch 036 |  Time(s) 0.0896 | RobustPrompt-I Loss 1.4693  
Epoch 037 |  Time(s) 0.0895 | RobustPrompt-I Loss 1.4663  
Epoch 038 |  Time(s) 0.0880 | RobustPrompt-I Loss 1.4390  
Epoch 039 |  Time(s) 0.0882 | RobustPrompt-I Loss 1.4365  
Epoch 040 |  Time(s) 0.0884 | RobustPrompt-I Loss 1.4199  
Epoch 041 |  Time(s) 0.0880 | RobustPrompt-I Loss 1.4022  
Epoch 042 |  Time(s) 0.0885 | RobustPrompt-I Loss 1.3942  
Epoch 043 |  Time(s) 0.0878 | RobustPrompt-I Loss 1.3646  
Epoch 044 |  Time(s) 0.0883 | RobustPrompt-I Loss 1.3561  
Epoch 045 |  Time(s) 0.0881 | RobustPrompt-I Loss 1.3487  
Epoch 046 |  Time(s) 0.0881 | RobustPrompt-I Loss 1.3282  
Epoch 047 |  Time(s) 0.0877 | RobustPrompt-I Loss 1.3285  
Epoch 048 |  Time(s) 0.0878 | RobustPrompt-I Loss 1.2937  
Epoch 049 |  Time(s) 0.0882 | RobustPrompt-I Loss 1.2766  
Epoch 050 |  Time(s) 0.0876 | RobustPrompt-I Loss nan  
Epoch 051 |  Time(s) 0.0870 | RobustPrompt-I Loss nan  
Epoch 052 |  Time(s) 0.0872 | RobustPrompt-I Loss nan  
Epoch 053 |  Time(s) 0.0868 | RobustPrompt-I Loss nan  
Epoch 054 |  Time(s) 0.0871 | RobustPrompt-I Loss nan  
Epoch 055 |  Time(s) 0.0867 | RobustPrompt-I Loss nan  
Epoch 056 |  Time(s) 0.0865 | RobustPrompt-I Loss nan  
Epoch 057 |  Time(s) 0.0873 | RobustPrompt-I Loss nan  
Epoch 058 |  Time(s) 0.0863 | RobustPrompt-I Loss nan  
Epoch 059 |  Time(s) 0.0868 | RobustPrompt-I Loss nan  
Epoch 060 |  Time(s) 0.0873 | RobustPrompt-I Loss nan  
Epoch 061 |  Time(s) 0.0876 | RobustPrompt-I Loss nan  
Epoch 062 |  Time(s) 0.0873 | RobustPrompt-I Loss nan  
Epoch 063 |  Time(s) 0.0874 | RobustPrompt-I Loss nan  
Epoch 064 |  Time(s) 0.0863 | RobustPrompt-I Loss nan  
Epoch 065 |  Time(s) 0.0869 | RobustPrompt-I Loss nan  
Epoch 066 |  Time(s) 0.0874 | RobustPrompt-I Loss nan  
Epoch 067 |  Time(s) 0.0887 | RobustPrompt-I Loss nan  
Epoch 068 |  Time(s) 0.0891 | RobustPrompt-I Loss nan  
----------------------------------------------------------------------------------------------------
Early stopping at 69 eopch!
load LLC or attacked data with specified split
Successfully loaded the attack of dataname with few shot 5, split 1
Attack method : Meta_Self | Attack ptb : 0.0 | Dataset: Cora
======================
Number of graphs: 1
Number of features: 1433
Number of classes: 7

Data(x=[2708, 1433], edge_index=[2, 13264], y=[2708], train_mask=[2708], val_mask=[2708], test_mask=[2708])
===========================================================================================================
Number of nodes: 2708
Number of edges: 13264
Average node degree: 4.90
Has isolated nodes: False
Has self-loops: True
Is undirected: True
GCN(
  (conv_layers): ModuleList(
    (0): GCNConv(1433, 256)
    (1): GCNConv(256, 256)
  )
)
Successfully loaded pre-trained weights!
use RobustPrompt Inductive
defense pt dict :  {'sim_pt': -1.0, 'degree_pt': -1, 'out_detect_pt': 0.3, 'other_pt': 'all'}
use_attention :  False
kl_global :  False
cosine_constraint :  True
pt_threshold :  0.25
filter_module :  OriginalFilter
temperature :  1.0
weight_mse 0.1
weight_kl :  0.1
weight_constraint :  0.0
prepare induce graph data is finished!
run RobustPrompt-I
Epoch 001 |  Time(s) 0.0949 | RobustPrompt-I Loss 1.9469  
Epoch 002 |  Time(s) 0.0872 | RobustPrompt-I Loss 1.9437  
Epoch 003 |  Time(s) 0.0859 | RobustPrompt-I Loss 1.9334  
Epoch 004 |  Time(s) 0.0863 | RobustPrompt-I Loss 1.9167  
Epoch 005 |  Time(s) 0.0856 | RobustPrompt-I Loss 1.9042  
Epoch 006 |  Time(s) 0.0863 | RobustPrompt-I Loss 1.8849  
Epoch 007 |  Time(s) 0.0860 | RobustPrompt-I Loss 1.8614  
Epoch 008 |  Time(s) 0.0867 | RobustPrompt-I Loss 1.8386  
Epoch 009 |  Time(s) 0.0865 | RobustPrompt-I Loss 1.8185  
Epoch 010 |  Time(s) 0.0867 | RobustPrompt-I Loss 1.8150  
Epoch 011 |  Time(s) 0.0863 | RobustPrompt-I Loss 1.7923  
Epoch 012 |  Time(s) 0.0896 | RobustPrompt-I Loss 1.7783  
Epoch 013 |  Time(s) 0.0862 | RobustPrompt-I Loss 1.7760  
Epoch 014 |  Time(s) 0.0863 | RobustPrompt-I Loss 1.7661  
Epoch 015 |  Time(s) 0.0866 | RobustPrompt-I Loss 1.7588  
Epoch 016 |  Time(s) 0.0865 | RobustPrompt-I Loss 1.7474  
Epoch 017 |  Time(s) 0.0865 | RobustPrompt-I Loss 1.7334  
Epoch 018 |  Time(s) 0.0862 | RobustPrompt-I Loss 1.7193  
Epoch 019 |  Time(s) 0.0867 | RobustPrompt-I Loss 1.7210  
Epoch 020 |  Time(s) 0.0866 | RobustPrompt-I Loss 1.7070  
Epoch 021 |  Time(s) 0.0863 | RobustPrompt-I Loss 1.6994  
Epoch 022 |  Time(s) 0.0871 | RobustPrompt-I Loss 1.6874  
Epoch 023 |  Time(s) 0.0862 | RobustPrompt-I Loss 1.6702  
Epoch 024 |  Time(s) 0.0864 | RobustPrompt-I Loss 1.6663  
Epoch 025 |  Time(s) 0.0855 | RobustPrompt-I Loss 1.6573  
Epoch 026 |  Time(s) 0.0862 | RobustPrompt-I Loss 1.6548  
Epoch 027 |  Time(s) 0.0861 | RobustPrompt-I Loss 1.6605  
Epoch 028 |  Time(s) 0.0872 | RobustPrompt-I Loss 1.6364  
Epoch 029 |  Time(s) 0.0864 | RobustPrompt-I Loss 1.6113  
Epoch 030 |  Time(s) 0.0884 | RobustPrompt-I Loss 1.6207  
Epoch 031 |  Time(s) 0.0883 | RobustPrompt-I Loss 1.6043  
Epoch 032 |  Time(s) 0.0875 | RobustPrompt-I Loss 1.5813  
Epoch 033 |  Time(s) 0.0884 | RobustPrompt-I Loss 1.5795  
Epoch 034 |  Time(s) 0.0876 | RobustPrompt-I Loss 1.5738  
Epoch 035 |  Time(s) 0.0881 | RobustPrompt-I Loss 1.5598  
Epoch 036 |  Time(s) 0.0886 | RobustPrompt-I Loss 1.5387  
Epoch 037 |  Time(s) 0.0876 | RobustPrompt-I Loss 1.5360  
Epoch 038 |  Time(s) 0.0879 | RobustPrompt-I Loss 1.5341  
Epoch 039 |  Time(s) 0.0878 | RobustPrompt-I Loss 1.4949  
Epoch 040 |  Time(s) 0.0877 | RobustPrompt-I Loss 1.5121  
Epoch 041 |  Time(s) 0.0868 | RobustPrompt-I Loss 1.4712  
Epoch 042 |  Time(s) 0.0875 | RobustPrompt-I Loss 1.4581  
Epoch 043 |  Time(s) 0.0889 | RobustPrompt-I Loss 1.4685  
Epoch 044 |  Time(s) 0.0881 | RobustPrompt-I Loss 1.4282  
Epoch 045 |  Time(s) 0.0844 | RobustPrompt-I Loss 1.4134  
Epoch 046 |  Time(s) 0.0881 | RobustPrompt-I Loss 1.4282  
Epoch 047 |  Time(s) 0.0867 | RobustPrompt-I Loss 1.3810  
Epoch 048 |  Time(s) 0.1845 | RobustPrompt-I Loss 1.3754  
Epoch 049 |  Time(s) 0.2204 | RobustPrompt-I Loss 1.3974  
Epoch 050 |  Time(s) 0.4487 | RobustPrompt-I Loss 1.3451  
Epoch 051 |  Time(s) 0.1168 | RobustPrompt-I Loss 1.4848  
Epoch 052 |  Time(s) 0.1053 | RobustPrompt-I Loss 1.4721  
Epoch 053 |  Time(s) 0.0940 | RobustPrompt-I Loss 1.3200  
Epoch 054 |  Time(s) 0.0957 | RobustPrompt-I Loss 1.4002  
Epoch 055 |  Time(s) 0.0961 | RobustPrompt-I Loss 1.4289  
Epoch 056 |  Time(s) 0.0938 | RobustPrompt-I Loss 1.3488  
Epoch 057 |  Time(s) 0.0920 | RobustPrompt-I Loss 1.2692  
Epoch 058 |  Time(s) 0.0905 | RobustPrompt-I Loss 1.4043  
Epoch 059 |  Time(s) 0.0906 | RobustPrompt-I Loss 1.3376  
Epoch 060 |  Time(s) 0.0916 | RobustPrompt-I Loss 1.2608  
Epoch 061 |  Time(s) 0.0903 | RobustPrompt-I Loss 1.2796  
Epoch 062 |  Time(s) 0.0899 | RobustPrompt-I Loss 1.2361  
Epoch 063 |  Time(s) 0.0902 | RobustPrompt-I Loss 1.2489  
Epoch 064 |  Time(s) 0.0899 | RobustPrompt-I Loss 1.2301  
Epoch 065 |  Time(s) 0.0896 | RobustPrompt-I Loss nan  
Epoch 066 |  Time(s) 0.0889 | RobustPrompt-I Loss nan  
Epoch 067 |  Time(s) 0.0900 | RobustPrompt-I Loss nan  
Epoch 068 |  Time(s) 0.0890 | RobustPrompt-I Loss nan  
Epoch 069 |  Time(s) 0.0890 | RobustPrompt-I Loss nan  
Epoch 070 |  Time(s) 0.0897 | RobustPrompt-I Loss nan  
Epoch 071 |  Time(s) 0.0885 | RobustPrompt-I Loss nan  
Epoch 072 |  Time(s) 0.0883 | RobustPrompt-I Loss nan  
Epoch 073 |  Time(s) 0.0889 | RobustPrompt-I Loss nan  
Epoch 074 |  Time(s) 0.0889 | RobustPrompt-I Loss nan  
Epoch 075 |  Time(s) 0.0887 | RobustPrompt-I Loss nan  
Epoch 076 |  Time(s) 0.0901 | RobustPrompt-I Loss nan  
Epoch 077 |  Time(s) 0.0900 | RobustPrompt-I Loss nan  
Epoch 078 |  Time(s) 0.0900 | RobustPrompt-I Loss nan  
Epoch 079 |  Time(s) 0.0904 | RobustPrompt-I Loss nan  
Epoch 080 |  Time(s) 0.0902 | RobustPrompt-I Loss nan  
Epoch 081 |  Time(s) 0.0908 | RobustPrompt-I Loss nan  
Epoch 082 |  Time(s) 0.0906 | RobustPrompt-I Loss nan  
Epoch 083 |  Time(s) 0.0902 | RobustPrompt-I Loss nan  
----------------------------------------------------------------------------------------------------
Early stopping at 84 eopch!
load LLC or attacked data with specified split
Successfully loaded the attack of dataname with few shot 5, split 1
Attack method : Meta_Self | Attack ptb : 0.0 | Dataset: Cora
======================
Number of graphs: 1
Number of features: 1433
Number of classes: 7

Data(x=[2708, 1433], edge_index=[2, 13264], y=[2708], train_mask=[2708], val_mask=[2708], test_mask=[2708])
===========================================================================================================
Number of nodes: 2708
Number of edges: 13264
Average node degree: 4.90
Has isolated nodes: False
Has self-loops: True
Is undirected: True
GCN(
  (conv_layers): ModuleList(
    (0): GCNConv(1433, 256)
    (1): GCNConv(256, 256)
  )
)
Successfully loaded pre-trained weights!
use RobustPrompt Inductive
defense pt dict :  {'sim_pt': -1.0, 'degree_pt': -1, 'out_detect_pt': 0.3, 'other_pt': 'all'}
use_attention :  False
kl_global :  False
cosine_constraint :  True
pt_threshold :  0.25
filter_module :  OriginalFilter
temperature :  1.0
weight_mse 0.1
weight_kl :  0.1
weight_constraint :  0.0
prepare induce graph data is finished!
run RobustPrompt-I
Epoch 001 |  Time(s) 0.1110 | RobustPrompt-I Loss 1.9383  
Epoch 002 |  Time(s) 0.1114 | RobustPrompt-I Loss 1.9540  
Epoch 003 |  Time(s) 0.0932 | RobustPrompt-I Loss 1.9239  
Epoch 004 |  Time(s) 0.0957 | RobustPrompt-I Loss 1.9090  
Epoch 005 |  Time(s) 0.1606 | RobustPrompt-I Loss 1.9004  
Epoch 006 |  Time(s) 0.0999 | RobustPrompt-I Loss 1.8770  
Epoch 007 |  Time(s) 0.0956 | RobustPrompt-I Loss 1.8585  
Epoch 008 |  Time(s) 0.2570 | RobustPrompt-I Loss 1.8290  
Epoch 009 |  Time(s) 0.1160 | RobustPrompt-I Loss 1.8088  
Epoch 010 |  Time(s) 0.0987 | RobustPrompt-I Loss 1.7976  
Epoch 011 |  Time(s) 0.2338 | RobustPrompt-I Loss 1.7823  
Epoch 012 |  Time(s) 0.2483 | RobustPrompt-I Loss 1.7680  
Epoch 013 |  Time(s) 0.1498 | RobustPrompt-I Loss 1.7510  
Epoch 014 |  Time(s) 0.1616 | RobustPrompt-I Loss 1.7413  
Epoch 015 |  Time(s) 0.2343 | RobustPrompt-I Loss 1.7394  
Epoch 016 |  Time(s) 0.3246 | RobustPrompt-I Loss 1.7270  
Epoch 017 |  Time(s) 0.1324 | RobustPrompt-I Loss 1.7195  
Epoch 018 |  Time(s) 0.1546 | RobustPrompt-I Loss 1.7022  
Epoch 019 |  Time(s) 0.2423 | RobustPrompt-I Loss 1.6994  
Epoch 020 |  Time(s) 0.2009 | RobustPrompt-I Loss 1.6890  
Epoch 021 |  Time(s) 0.1067 | RobustPrompt-I Loss 1.6886  
Epoch 022 |  Time(s) 0.2186 | RobustPrompt-I Loss 1.6804  
Epoch 023 |  Time(s) 0.1113 | RobustPrompt-I Loss 1.6677  
Epoch 024 |  Time(s) 0.0916 | RobustPrompt-I Loss 1.6540  
Epoch 025 |  Time(s) 0.0920 | RobustPrompt-I Loss 1.6408  
Epoch 026 |  Time(s) 0.0919 | RobustPrompt-I Loss 1.6446  
Epoch 027 |  Time(s) 0.0921 | RobustPrompt-I Loss 1.6361  
Epoch 028 |  Time(s) 0.0922 | RobustPrompt-I Loss 1.6196  
Epoch 029 |  Time(s) 0.0920 | RobustPrompt-I Loss 1.6100  
Epoch 030 |  Time(s) 0.0920 | RobustPrompt-I Loss 1.6010  
Epoch 031 |  Time(s) 0.0917 | RobustPrompt-I Loss 1.5964  
Epoch 032 |  Time(s) 0.0921 | RobustPrompt-I Loss 1.5928  
Epoch 033 |  Time(s) 0.0917 | RobustPrompt-I Loss 1.5797  
Epoch 034 |  Time(s) 0.0916 | RobustPrompt-I Loss 1.5597  
Epoch 035 |  Time(s) 0.0916 | RobustPrompt-I Loss 1.5544  
Epoch 036 |  Time(s) 0.0927 | RobustPrompt-I Loss 1.5495  
Epoch 037 |  Time(s) 0.0918 | RobustPrompt-I Loss 1.5295  
Epoch 038 |  Time(s) 0.0923 | RobustPrompt-I Loss 1.5140  
Epoch 039 |  Time(s) 0.0923 | RobustPrompt-I Loss 1.5122  
Epoch 040 |  Time(s) 0.0922 | RobustPrompt-I Loss 1.5018  
Epoch 041 |  Time(s) 0.0927 | RobustPrompt-I Loss 1.4867  
Epoch 042 |  Time(s) 0.0928 | RobustPrompt-I Loss 1.5060  
Epoch 043 |  Time(s) 0.0927 | RobustPrompt-I Loss 1.4542  
Epoch 044 |  Time(s) 0.0929 | RobustPrompt-I Loss 1.4722  
Epoch 045 |  Time(s) 0.1292 | RobustPrompt-I Loss 1.4378  
Epoch 046 |  Time(s) 0.1727 | RobustPrompt-I Loss 1.4274  
Epoch 047 |  Time(s) 0.1118 | RobustPrompt-I Loss 1.4046  
Epoch 048 |  Time(s) 0.0967 | RobustPrompt-I Loss 1.3986  
Epoch 049 |  Time(s) 0.0968 | RobustPrompt-I Loss 1.4105  
Epoch 050 |  Time(s) 0.0922 | RobustPrompt-I Loss 1.3605  
Epoch 051 |  Time(s) 0.0923 | RobustPrompt-I Loss 1.4586  
Epoch 052 |  Time(s) 0.0918 | RobustPrompt-I Loss 1.3978  
Epoch 053 |  Time(s) 0.0926 | RobustPrompt-I Loss 1.3753  
Epoch 054 |  Time(s) 0.0934 | RobustPrompt-I Loss 1.3798  
Epoch 055 |  Time(s) 0.2713 | RobustPrompt-I Loss 1.3195  
Epoch 056 |  Time(s) 0.0928 | RobustPrompt-I Loss 1.3313  
Epoch 057 |  Time(s) 0.0927 | RobustPrompt-I Loss 1.3043  
Epoch 058 |  Time(s) 0.0924 | RobustPrompt-I Loss 1.3272  
Epoch 059 |  Time(s) 0.0917 | RobustPrompt-I Loss 1.2943  
Epoch 060 |  Time(s) 0.0920 | RobustPrompt-I Loss 1.3122  
Epoch 061 |  Time(s) 0.0924 | RobustPrompt-I Loss 1.2959  
Epoch 062 |  Time(s) 0.0927 | RobustPrompt-I Loss 1.2631  
Epoch 063 |  Time(s) 0.0925 | RobustPrompt-I Loss 1.2554  
Epoch 064 |  Time(s) 0.0919 | RobustPrompt-I Loss 1.2514  
Epoch 065 |  Time(s) 0.0918 | RobustPrompt-I Loss 1.2408  
Epoch 066 |  Time(s) 0.0920 | RobustPrompt-I Loss 1.2185  
Epoch 067 |  Time(s) 0.0914 | RobustPrompt-I Loss 1.2052  
Epoch 068 |  Time(s) 0.0920 | RobustPrompt-I Loss 1.2224  
Epoch 069 |  Time(s) 0.0913 | RobustPrompt-I Loss 1.1912  
Epoch 070 |  Time(s) 0.1150 | RobustPrompt-I Loss 1.2336  
Epoch 071 |  Time(s) 0.1877 | RobustPrompt-I Loss 1.2343  
Epoch 072 |  Time(s) 0.3250 | RobustPrompt-I Loss 1.1515  
Epoch 073 |  Time(s) 0.2166 | RobustPrompt-I Loss 1.2062  
Epoch 074 |  Time(s) 0.1001 | RobustPrompt-I Loss 1.1534  
Epoch 075 |  Time(s) 0.0976 | RobustPrompt-I Loss 1.1969  
Epoch 076 |  Time(s) 0.1012 | RobustPrompt-I Loss 1.2164  
Epoch 077 |  Time(s) 0.1176 | RobustPrompt-I Loss 1.1186  
Epoch 078 |  Time(s) 0.0913 | RobustPrompt-I Loss 1.1828  
Epoch 079 |  Time(s) 0.0914 | RobustPrompt-I Loss 1.2014  
Epoch 080 |  Time(s) 0.0910 | RobustPrompt-I Loss 1.0855  
Epoch 081 |  Time(s) 0.0914 | RobustPrompt-I Loss 1.3097  
Epoch 082 |  Time(s) 0.0922 | RobustPrompt-I Loss 1.4349  
Epoch 083 |  Time(s) 0.0916 | RobustPrompt-I Loss 1.1918  
Epoch 084 |  Time(s) 0.0920 | RobustPrompt-I Loss 1.1250  
Epoch 085 |  Time(s) 0.0919 | RobustPrompt-I Loss 1.2124  
Epoch 086 |  Time(s) 0.0929 | RobustPrompt-I Loss 1.2071  
Epoch 087 |  Time(s) 0.0921 | RobustPrompt-I Loss 1.0506  
Epoch 088 |  Time(s) 0.0917 | RobustPrompt-I Loss 1.2975  
Epoch 089 |  Time(s) 0.0914 | RobustPrompt-I Loss 1.4990  
Epoch 090 |  Time(s) 0.0924 | RobustPrompt-I Loss 1.3423  
Epoch 091 |  Time(s) 0.0925 | RobustPrompt-I Loss 1.0795  
Epoch 092 |  Time(s) 0.0925 | RobustPrompt-I Loss nan  
Epoch 093 |  Time(s) 0.0920 | RobustPrompt-I Loss nan  
Epoch 094 |  Time(s) 0.0915 | RobustPrompt-I Loss nan  
Epoch 095 |  Time(s) 0.0922 | RobustPrompt-I Loss nan  
Epoch 096 |  Time(s) 0.0925 | RobustPrompt-I Loss nan  
Epoch 097 |  Time(s) 0.0921 | RobustPrompt-I Loss nan  
Epoch 098 |  Time(s) 0.1641 | RobustPrompt-I Loss nan  
Epoch 099 |  Time(s) 0.2476 | RobustPrompt-I Loss nan  
Epoch 100 |  Time(s) 0.2461 | RobustPrompt-I Loss nan  
Epoch 101 |  Time(s) 0.1752 | RobustPrompt-I Loss nan  
Epoch 102 |  Time(s) 0.0988 | RobustPrompt-I Loss nan  
Epoch 103 |  Time(s) 0.1310 | RobustPrompt-I Loss nan  
Epoch 104 |  Time(s) 0.0903 | RobustPrompt-I Loss nan  
Epoch 105 |  Time(s) 0.0897 | RobustPrompt-I Loss nan  
Epoch 106 |  Time(s) 0.0903 | RobustPrompt-I Loss nan  
----------------------------------------------------------------------------------------------------
Early stopping at 107 eopch!
load LLC or attacked data with specified split
Successfully loaded the attack of dataname with few shot 5, split 1
Attack method : Meta_Self | Attack ptb : 0.0 | Dataset: Cora
======================
Number of graphs: 1
Number of features: 1433
Number of classes: 7

Data(x=[2708, 1433], edge_index=[2, 13264], y=[2708], train_mask=[2708], val_mask=[2708], test_mask=[2708])
===========================================================================================================
Number of nodes: 2708
Number of edges: 13264
Average node degree: 4.90
Has isolated nodes: False
Has self-loops: True
Is undirected: True
GCN(
  (conv_layers): ModuleList(
    (0): GCNConv(1433, 256)
    (1): GCNConv(256, 256)
  )
)
Successfully loaded pre-trained weights!
use RobustPrompt Inductive
defense pt dict :  {'sim_pt': -1.0, 'degree_pt': -1, 'out_detect_pt': 0.3, 'other_pt': 'all'}
use_attention :  False
kl_global :  False
cosine_constraint :  True
pt_threshold :  0.25
filter_module :  OriginalFilter
temperature :  1.0
weight_mse 0.1
weight_kl :  0.1
weight_constraint :  0.0
prepare induce graph data is finished!
run RobustPrompt-I
Epoch 001 |  Time(s) 0.0993 | RobustPrompt-I Loss 1.9511  
Epoch 002 |  Time(s) 0.1157 | RobustPrompt-I Loss 1.9430  
Epoch 003 |  Time(s) 0.0928 | RobustPrompt-I Loss 1.9365  
Epoch 004 |  Time(s) 0.0951 | RobustPrompt-I Loss 1.9237  
Epoch 005 |  Time(s) 0.0945 | RobustPrompt-I Loss 1.9060  
Epoch 006 |  Time(s) 0.0967 | RobustPrompt-I Loss 1.8852  
Epoch 007 |  Time(s) 0.0927 | RobustPrompt-I Loss 1.8633  
Epoch 008 |  Time(s) 0.0916 | RobustPrompt-I Loss 1.8384  
Epoch 009 |  Time(s) 0.0949 | RobustPrompt-I Loss 1.8181  
Epoch 010 |  Time(s) 0.0929 | RobustPrompt-I Loss 1.8062  
Epoch 011 |  Time(s) 0.1011 | RobustPrompt-I Loss 1.7915  
Epoch 012 |  Time(s) 0.0921 | RobustPrompt-I Loss 1.7752  
Epoch 013 |  Time(s) 0.3965 | RobustPrompt-I Loss 1.7693  
Epoch 014 |  Time(s) 0.2077 | RobustPrompt-I Loss 1.7703  
Epoch 015 |  Time(s) 0.2175 | RobustPrompt-I Loss 1.7503  
Epoch 016 |  Time(s) 0.1018 | RobustPrompt-I Loss 1.7442  
Epoch 017 |  Time(s) 0.0955 | RobustPrompt-I Loss nan  
Epoch 018 |  Time(s) 0.0913 | RobustPrompt-I Loss nan  
Epoch 019 |  Time(s) 0.0910 | RobustPrompt-I Loss nan  
Epoch 020 |  Time(s) 0.0918 | RobustPrompt-I Loss nan  
Epoch 021 |  Time(s) 0.0914 | RobustPrompt-I Loss nan  
Epoch 022 |  Time(s) 0.0907 | RobustPrompt-I Loss nan  
Epoch 023 |  Time(s) 0.0914 | RobustPrompt-I Loss nan  
Epoch 024 |  Time(s) 0.0917 | RobustPrompt-I Loss nan  
Epoch 025 |  Time(s) 0.0907 | RobustPrompt-I Loss nan  
Epoch 026 |  Time(s) 0.0907 | RobustPrompt-I Loss nan  
Epoch 027 |  Time(s) 0.0904 | RobustPrompt-I Loss nan  
Epoch 028 |  Time(s) 0.0911 | RobustPrompt-I Loss nan  
Epoch 029 |  Time(s) 0.0914 | RobustPrompt-I Loss nan  
Epoch 030 |  Time(s) 0.0920 | RobustPrompt-I Loss nan  
Epoch 031 |  Time(s) 0.0919 | RobustPrompt-I Loss nan  
Epoch 032 |  Time(s) 0.0918 | RobustPrompt-I Loss nan  
Epoch 033 |  Time(s) 0.0929 | RobustPrompt-I Loss nan  
Epoch 034 |  Time(s) 0.0921 | RobustPrompt-I Loss nan  
Epoch 035 |  Time(s) 0.0914 | RobustPrompt-I Loss nan  
----------------------------------------------------------------------------------------------------
Early stopping at 36 eopch!
{1: {1: nan}, 2: {1: nan}, 3: {1: nan}, 4: {1: nan}, 5: {1: nan}}
{1: {1: nan, 2: nan, 3: nan, 4: nan, 5: nan}}
########################################################################################
seed: 1 | split 1 : nan
# Seed 1 Muti Split Final Acc: nan±nan
seed: 2 | split 1 : nan
# Seed 2 Muti Split Final Acc: nan±nan
seed: 3 | split 1 : nan
# Seed 3 Muti Split Final Acc: nan±nan
seed: 4 | split 1 : nan
# Seed 4 Muti Split Final Acc: nan±nan
seed: 5 | split 1 : nan
# Seed 5 Muti Split Final Acc: nan±nan
########################################################################################
split: 1 | seed 1 : nan
split: 1 | seed 2 : nan
split: 1 | seed 3 : nan
split: 1 | seed 4 : nan
split: 1 | seed 5 : nan
# Split 1 Muti Seed Acc without min value: nan±nan
########################################################################################
Done phase=ood, ood=0.3, ptb=0.0, end=2026-06-09 00:11:20, duration=00:00:47
