Start phase=ood, ood=0.5, ptb=0.15, time=2026-06-09 00:25:01, log=logs/RobustPrompt-I/ft_ood0.5_0.15_20260609_002501.log
load LLC or attacked data with specified split
Successfully loaded the attack of dataname with few shot 5, split 1
Attack method : Meta_Self | Attack ptb : 0.15 | Dataset: Cora
======================
Number of graphs: 1
Number of features: 1433
Number of classes: 7

Data(x=[2708, 1433], edge_index=[2, 14804], y=[2708], train_mask=[2708], val_mask=[2708], test_mask=[2708])
===========================================================================================================
Number of nodes: 2708
Number of edges: 14804
Average node degree: 5.47
Has isolated nodes: False
Has self-loops: True
Is undirected: True
GCN(
  (conv_layers): ModuleList(
    (0): GCNConv(1433, 256)
    (1): GCNConv(256, 256)
  )
)
Successfully loaded pre-trained weights!
use RobustPrompt Inductive
defense pt dict :  {'sim_pt': -1.0, 'degree_pt': -1, 'out_detect_pt': 0.5, 'other_pt': 'all'}
use_attention :  False
kl_global :  False
cosine_constraint :  True
pt_threshold :  0.25
filter_module :  OriginalFilter
temperature :  1.0
weight_mse 0.1
weight_kl :  0.1
weight_constraint :  0.0
prepare induce graph data is finished!
run RobustPrompt-I
Epoch 001 |  Time(s) 0.3833 | RobustPrompt-I Loss 1.9448  
Epoch 002 |  Time(s) 0.0824 | RobustPrompt-I Loss 1.9443  
Epoch 003 |  Time(s) 0.1006 | RobustPrompt-I Loss 1.9213  
Epoch 004 |  Time(s) 0.0953 | RobustPrompt-I Loss 1.8928  
Epoch 005 |  Time(s) 0.1002 | RobustPrompt-I Loss 1.8622  
Epoch 006 |  Time(s) 0.0947 | RobustPrompt-I Loss 1.8332  
Epoch 007 |  Time(s) 0.0791 | RobustPrompt-I Loss 1.7855  
Epoch 008 |  Time(s) 0.0791 | RobustPrompt-I Loss 1.7568  
Epoch 009 |  Time(s) 0.1520 | RobustPrompt-I Loss 1.6996  
Epoch 010 |  Time(s) 0.0865 | RobustPrompt-I Loss 1.6773  
Epoch 011 |  Time(s) 0.0797 | RobustPrompt-I Loss 1.6264  
Epoch 012 |  Time(s) 0.0811 | RobustPrompt-I Loss 1.6258  
Epoch 013 |  Time(s) 0.0809 | RobustPrompt-I Loss 1.5852  
Epoch 014 |  Time(s) 0.0812 | RobustPrompt-I Loss 1.5893  
Epoch 015 |  Time(s) 0.1010 | RobustPrompt-I Loss 1.5609  
Epoch 016 |  Time(s) 0.0767 | RobustPrompt-I Loss 1.5620  
Epoch 017 |  Time(s) 0.1498 | RobustPrompt-I Loss 1.5311  
Epoch 018 |  Time(s) 0.1117 | RobustPrompt-I Loss 1.5400  
Epoch 019 |  Time(s) 0.1417 | RobustPrompt-I Loss 1.5026  
Epoch 020 |  Time(s) 0.2301 | RobustPrompt-I Loss 1.5095  
Epoch 021 |  Time(s) 0.4421 | RobustPrompt-I Loss 1.4766  
Epoch 022 |  Time(s) 0.2252 | RobustPrompt-I Loss 1.4814  
Epoch 023 |  Time(s) 0.1255 | RobustPrompt-I Loss 1.4647  
Epoch 024 |  Time(s) 0.0884 | RobustPrompt-I Loss 1.4493  
Epoch 025 |  Time(s) 0.0824 | RobustPrompt-I Loss 1.4485  
Epoch 026 |  Time(s) 0.0804 | RobustPrompt-I Loss 1.4232  
Epoch 027 |  Time(s) 0.0745 | RobustPrompt-I Loss 1.4173  
Epoch 028 |  Time(s) 0.0777 | RobustPrompt-I Loss 1.4130  
Epoch 029 |  Time(s) 0.0818 | RobustPrompt-I Loss 1.3801  
Epoch 030 |  Time(s) 0.0754 | RobustPrompt-I Loss 1.3770  
Epoch 031 |  Time(s) 0.0762 | RobustPrompt-I Loss 1.3768  
Epoch 032 |  Time(s) 0.0761 | RobustPrompt-I Loss 1.3413  
Epoch 033 |  Time(s) 0.0763 | RobustPrompt-I Loss 1.3435  
Epoch 034 |  Time(s) 0.0780 | RobustPrompt-I Loss 1.3243  
Epoch 035 |  Time(s) 0.0755 | RobustPrompt-I Loss 1.2914  
Epoch 036 |  Time(s) 0.0758 | RobustPrompt-I Loss 1.2868  
Epoch 037 |  Time(s) 0.0756 | RobustPrompt-I Loss 1.2897  
Epoch 038 |  Time(s) 0.0765 | RobustPrompt-I Loss 1.2436  
Epoch 039 |  Time(s) 0.0751 | RobustPrompt-I Loss 1.2843  
Epoch 040 |  Time(s) 0.0756 | RobustPrompt-I Loss 1.2205  
Epoch 041 |  Time(s) 0.0755 | RobustPrompt-I Loss 1.3362  
Epoch 042 |  Time(s) 0.1148 | RobustPrompt-I Loss 1.3718  
Epoch 043 |  Time(s) 0.0753 | RobustPrompt-I Loss 1.1879  
Epoch 044 |  Time(s) 0.0755 | RobustPrompt-I Loss 1.3857  
Epoch 045 |  Time(s) 0.0750 | RobustPrompt-I Loss 1.6061  
Epoch 046 |  Time(s) 0.0749 | RobustPrompt-I Loss 1.3770  
Epoch 047 |  Time(s) 0.0758 | RobustPrompt-I Loss 1.1253  
Epoch 048 |  Time(s) 0.0752 | RobustPrompt-I Loss 1.2887  
Epoch 049 |  Time(s) 0.0757 | RobustPrompt-I Loss 1.3109  
Epoch 050 |  Time(s) 0.0758 | RobustPrompt-I Loss 1.1294  
Epoch 051 |  Time(s) 0.0754 | RobustPrompt-I Loss 1.2387  
Epoch 052 |  Time(s) 0.0758 | RobustPrompt-I Loss 1.4157  
Epoch 053 |  Time(s) 0.0751 | RobustPrompt-I Loss 1.2529  
Epoch 054 |  Time(s) 0.0761 | RobustPrompt-I Loss 1.0688  
Epoch 055 |  Time(s) 0.0761 | RobustPrompt-I Loss 1.1846  
Epoch 056 |  Time(s) 0.0762 | RobustPrompt-I Loss 1.1848  
Epoch 057 |  Time(s) 0.0756 | RobustPrompt-I Loss 1.0587  
Epoch 058 |  Time(s) 0.0760 | RobustPrompt-I Loss 1.2032  
Epoch 059 |  Time(s) 0.0757 | RobustPrompt-I Loss 1.3420  
Epoch 060 |  Time(s) 0.0754 | RobustPrompt-I Loss 1.1782  
Epoch 061 |  Time(s) 0.0770 | RobustPrompt-I Loss 1.0279  
Epoch 062 |  Time(s) 0.0783 | RobustPrompt-I Loss 1.1138  
Epoch 063 |  Time(s) 0.0796 | RobustPrompt-I Loss 1.1018  
Epoch 064 |  Time(s) 0.0758 | RobustPrompt-I Loss 1.0099  
Epoch 065 |  Time(s) 0.0755 | RobustPrompt-I Loss 1.0806  
Epoch 066 |  Time(s) 0.0761 | RobustPrompt-I Loss 1.0894  
Epoch 067 |  Time(s) 0.0759 | RobustPrompt-I Loss 0.9982  
Epoch 068 |  Time(s) 0.0796 | RobustPrompt-I Loss 1.0647  
Epoch 069 |  Time(s) 0.0801 | RobustPrompt-I Loss 1.1083  
Epoch 070 |  Time(s) 0.0756 | RobustPrompt-I Loss 1.0142  
Epoch 071 |  Time(s) 0.0760 | RobustPrompt-I Loss 0.9995  
Epoch 072 |  Time(s) 0.0754 | RobustPrompt-I Loss 1.0377  
Epoch 073 |  Time(s) 0.0755 | RobustPrompt-I Loss 0.9777  
Epoch 074 |  Time(s) 0.0760 | RobustPrompt-I Loss 0.9921  
Epoch 075 |  Time(s) 0.0761 | RobustPrompt-I Loss 1.0220  
Epoch 076 |  Time(s) 0.0762 | RobustPrompt-I Loss 0.9583  
Epoch 077 |  Time(s) 0.0756 | RobustPrompt-I Loss 0.9848  
Epoch 078 |  Time(s) 0.0801 | RobustPrompt-I Loss 1.0227  
Epoch 079 |  Time(s) 0.0749 | RobustPrompt-I Loss 0.9637  
Epoch 080 |  Time(s) 0.0757 | RobustPrompt-I Loss 0.9371  
Epoch 081 |  Time(s) 0.0748 | RobustPrompt-I Loss 0.9541  
Epoch 082 |  Time(s) 0.0751 | RobustPrompt-I Loss 0.9166  
Epoch 083 |  Time(s) 0.0753 | RobustPrompt-I Loss 0.9345  
Epoch 084 |  Time(s) 0.0755 | RobustPrompt-I Loss 0.9286  
Epoch 085 |  Time(s) 0.0756 | RobustPrompt-I Loss 0.8992  
Epoch 086 |  Time(s) 0.0756 | RobustPrompt-I Loss 0.9249  
Epoch 087 |  Time(s) 0.0759 | RobustPrompt-I Loss 0.8980  
Epoch 088 |  Time(s) 0.0784 | RobustPrompt-I Loss 0.8923  
Epoch 089 |  Time(s) 0.0787 | RobustPrompt-I Loss 0.9065  
Epoch 090 |  Time(s) 0.0753 | RobustPrompt-I Loss 0.8754  
Epoch 091 |  Time(s) 0.0757 | RobustPrompt-I Loss 0.8841  
Epoch 092 |  Time(s) 0.0758 | RobustPrompt-I Loss 0.8866  
Epoch 093 |  Time(s) 0.0763 | RobustPrompt-I Loss 0.8603  
Epoch 094 |  Time(s) 0.0755 | RobustPrompt-I Loss 0.8732  
Epoch 095 |  Time(s) 0.0753 | RobustPrompt-I Loss 0.8658  
Epoch 096 |  Time(s) 0.0762 | RobustPrompt-I Loss 0.8512  
Epoch 097 |  Time(s) 0.0756 | RobustPrompt-I Loss 0.8582  
Epoch 098 |  Time(s) 0.0760 | RobustPrompt-I Loss 0.8469  
Epoch 099 |  Time(s) 0.0756 | RobustPrompt-I Loss 0.8415  
Epoch 100 |  Time(s) 0.0747 | RobustPrompt-I Loss 0.8422  
Epoch 101 |  Time(s) 0.0757 | RobustPrompt-I Loss 0.8319  
Epoch 102 |  Time(s) 0.0757 | RobustPrompt-I Loss 0.8316  
Epoch 103 |  Time(s) 0.0752 | RobustPrompt-I Loss 0.8279  
Epoch 104 |  Time(s) 0.0758 | RobustPrompt-I Loss 0.8183  
Epoch 105 |  Time(s) 0.0755 | RobustPrompt-I Loss 0.8216  
Epoch 106 |  Time(s) 0.0757 | RobustPrompt-I Loss 0.8122  
Epoch 107 |  Time(s) 0.0756 | RobustPrompt-I Loss 0.8094  
Epoch 108 |  Time(s) 0.0752 | RobustPrompt-I Loss 0.8085  
Epoch 109 |  Time(s) 0.0756 | RobustPrompt-I Loss 0.7997  
Epoch 110 |  Time(s) 0.0755 | RobustPrompt-I Loss 0.8013  
Epoch 111 |  Time(s) 0.0756 | RobustPrompt-I Loss nan  
Epoch 112 |  Time(s) 0.0753 | RobustPrompt-I Loss nan  
Epoch 113 |  Time(s) 0.0766 | RobustPrompt-I Loss nan  
Epoch 114 |  Time(s) 0.0752 | RobustPrompt-I Loss nan  
Epoch 115 |  Time(s) 0.0768 | RobustPrompt-I Loss nan  
Epoch 116 |  Time(s) 0.0763 | RobustPrompt-I Loss nan  
Epoch 117 |  Time(s) 0.0756 | RobustPrompt-I Loss nan  
Epoch 118 |  Time(s) 0.2435 | RobustPrompt-I Loss nan  
Epoch 119 |  Time(s) 0.3968 | RobustPrompt-I Loss nan  
Epoch 120 |  Time(s) 0.2081 | RobustPrompt-I Loss nan  
Epoch 121 |  Time(s) 0.1264 | RobustPrompt-I Loss nan  
Epoch 122 |  Time(s) 0.0964 | RobustPrompt-I Loss nan  
Epoch 123 |  Time(s) 0.2433 | RobustPrompt-I Loss nan  
Epoch 124 |  Time(s) 0.3307 | RobustPrompt-I Loss nan  
Epoch 125 |  Time(s) 0.2153 | RobustPrompt-I Loss nan  
Epoch 126 |  Time(s) 0.2818 | RobustPrompt-I Loss nan  
Epoch 127 |  Time(s) 0.3467 | RobustPrompt-I Loss nan  
Epoch 128 |  Time(s) 0.1000 | RobustPrompt-I Loss nan  
----------------------------------------------------------------------------------------------------
Early stopping at 129 eopch!
load LLC or attacked data with specified split
Successfully loaded the attack of dataname with few shot 5, split 1
Attack method : Meta_Self | Attack ptb : 0.15 | Dataset: Cora
======================
Number of graphs: 1
Number of features: 1433
Number of classes: 7

Data(x=[2708, 1433], edge_index=[2, 14804], y=[2708], train_mask=[2708], val_mask=[2708], test_mask=[2708])
===========================================================================================================
Number of nodes: 2708
Number of edges: 14804
Average node degree: 5.47
Has isolated nodes: False
Has self-loops: True
Is undirected: True
GCN(
  (conv_layers): ModuleList(
    (0): GCNConv(1433, 256)
    (1): GCNConv(256, 256)
  )
)
Successfully loaded pre-trained weights!
use RobustPrompt Inductive
defense pt dict :  {'sim_pt': -1.0, 'degree_pt': -1, 'out_detect_pt': 0.5, 'other_pt': 'all'}
use_attention :  False
kl_global :  False
cosine_constraint :  True
pt_threshold :  0.25
filter_module :  OriginalFilter
temperature :  1.0
weight_mse 0.1
weight_kl :  0.1
weight_constraint :  0.0
prepare induce graph data is finished!
run RobustPrompt-I
Epoch 001 |  Time(s) 0.0956 | RobustPrompt-I Loss 1.9457  
Epoch 002 |  Time(s) 0.0811 | RobustPrompt-I Loss 1.9430  
Epoch 003 |  Time(s) 0.0797 | RobustPrompt-I Loss 1.9191  
Epoch 004 |  Time(s) 0.0798 | RobustPrompt-I Loss 1.9053  
Epoch 005 |  Time(s) 0.0805 | RobustPrompt-I Loss 1.8900  
Epoch 006 |  Time(s) 0.0803 | RobustPrompt-I Loss 1.8592  
Epoch 007 |  Time(s) 0.0803 | RobustPrompt-I Loss 1.8451  
Epoch 008 |  Time(s) 0.0846 | RobustPrompt-I Loss 1.8055  
Epoch 009 |  Time(s) 0.0848 | RobustPrompt-I Loss 1.7799  
Epoch 010 |  Time(s) 0.0824 | RobustPrompt-I Loss 1.7329  
Epoch 011 |  Time(s) 0.0805 | RobustPrompt-I Loss 1.6960  
Epoch 012 |  Time(s) 0.0793 | RobustPrompt-I Loss 1.6581  
Epoch 013 |  Time(s) 0.0809 | RobustPrompt-I Loss 1.6112  
Epoch 014 |  Time(s) 0.0838 | RobustPrompt-I Loss 1.5879  
Epoch 015 |  Time(s) 0.0807 | RobustPrompt-I Loss 1.5530  
Epoch 016 |  Time(s) 0.0809 | RobustPrompt-I Loss 1.5305  
Epoch 017 |  Time(s) 0.1187 | RobustPrompt-I Loss 1.5228  
Epoch 018 |  Time(s) 0.0919 | RobustPrompt-I Loss 1.5027  
Epoch 019 |  Time(s) 0.0932 | RobustPrompt-I Loss 1.4853  
Epoch 020 |  Time(s) 0.0966 | RobustPrompt-I Loss 1.4782  
Epoch 021 |  Time(s) 0.0856 | RobustPrompt-I Loss 1.4752  
Epoch 022 |  Time(s) 0.0844 | RobustPrompt-I Loss 1.4568  
Epoch 023 |  Time(s) 0.0822 | RobustPrompt-I Loss 1.4290  
Epoch 024 |  Time(s) 0.0810 | RobustPrompt-I Loss 1.4231  
Epoch 025 |  Time(s) 0.0865 | RobustPrompt-I Loss 1.4180  
Epoch 026 |  Time(s) 0.0805 | RobustPrompt-I Loss 1.3990  
Epoch 027 |  Time(s) 0.0803 | RobustPrompt-I Loss 1.3809  
Epoch 028 |  Time(s) 0.0801 | RobustPrompt-I Loss 1.3716  
Epoch 029 |  Time(s) 0.0800 | RobustPrompt-I Loss 1.3706  
Epoch 030 |  Time(s) 0.2197 | RobustPrompt-I Loss 1.3610  
Epoch 031 |  Time(s) 0.3726 | RobustPrompt-I Loss 1.3343  
Epoch 032 |  Time(s) 0.4489 | RobustPrompt-I Loss 1.3168  
Epoch 033 |  Time(s) 0.1691 | RobustPrompt-I Loss 1.3058  
Epoch 034 |  Time(s) 0.4465 | RobustPrompt-I Loss 1.3062  
Epoch 035 |  Time(s) 0.4881 | RobustPrompt-I Loss 1.2723  
Epoch 036 |  Time(s) 0.2376 | RobustPrompt-I Loss 1.2518  
Epoch 037 |  Time(s) 0.2875 | RobustPrompt-I Loss 1.2409  
Epoch 038 |  Time(s) 0.1232 | RobustPrompt-I Loss 1.2447  
Epoch 039 |  Time(s) 0.2833 | RobustPrompt-I Loss 1.2045  
Epoch 040 |  Time(s) 0.3553 | RobustPrompt-I Loss 1.1925  
Epoch 041 |  Time(s) 0.3726 | RobustPrompt-I Loss 1.2303  
Epoch 042 |  Time(s) 0.2217 | RobustPrompt-I Loss 1.1674  
Epoch 043 |  Time(s) 0.1606 | RobustPrompt-I Loss 1.2592  
Epoch 044 |  Time(s) 0.3450 | RobustPrompt-I Loss 1.2813  
Epoch 045 |  Time(s) 0.2427 | RobustPrompt-I Loss 1.1231  
Epoch 046 |  Time(s) 0.2216 | RobustPrompt-I Loss 1.2879  
Epoch 047 |  Time(s) 0.1692 | RobustPrompt-I Loss 1.3865  
Epoch 048 |  Time(s) 0.3444 | RobustPrompt-I Loss 1.1923  
Epoch 049 |  Time(s) 0.3176 | RobustPrompt-I Loss 1.2089  
Epoch 050 |  Time(s) 0.0956 | RobustPrompt-I Loss 1.2942  
Epoch 051 |  Time(s) 0.0823 | RobustPrompt-I Loss 1.2090  
Epoch 052 |  Time(s) 0.0834 | RobustPrompt-I Loss 1.1628  
Epoch 053 |  Time(s) 0.0839 | RobustPrompt-I Loss 1.1473  
Epoch 054 |  Time(s) 0.0833 | RobustPrompt-I Loss 1.1138  
Epoch 055 |  Time(s) 0.0881 | RobustPrompt-I Loss 1.1629  
Epoch 056 |  Time(s) 0.1116 | RobustPrompt-I Loss 1.1576  
Epoch 057 |  Time(s) 0.0866 | RobustPrompt-I Loss 1.0288  
Epoch 058 |  Time(s) 0.0810 | RobustPrompt-I Loss 1.1713  
Epoch 059 |  Time(s) 0.0816 | RobustPrompt-I Loss 1.2745  
Epoch 060 |  Time(s) 0.0816 | RobustPrompt-I Loss 1.1110  
Epoch 061 |  Time(s) 0.0809 | RobustPrompt-I Loss 1.0225  
Epoch 062 |  Time(s) 0.0819 | RobustPrompt-I Loss 1.0719  
Epoch 063 |  Time(s) 0.0873 | RobustPrompt-I Loss 1.0201  
Epoch 064 |  Time(s) 0.0812 | RobustPrompt-I Loss 1.0407  
Epoch 065 |  Time(s) 0.0822 | RobustPrompt-I Loss 1.0683  
Epoch 066 |  Time(s) 0.0856 | RobustPrompt-I Loss 1.0206  
Epoch 067 |  Time(s) 0.1089 | RobustPrompt-I Loss 1.0128  
Epoch 068 |  Time(s) 0.0818 | RobustPrompt-I Loss 1.0133  
Epoch 069 |  Time(s) 0.0817 | RobustPrompt-I Loss 1.0274  
Epoch 070 |  Time(s) 0.0813 | RobustPrompt-I Loss 0.9986  
Epoch 071 |  Time(s) 0.0814 | RobustPrompt-I Loss 0.9613  
Epoch 072 |  Time(s) 0.0819 | RobustPrompt-I Loss 0.9834  
Epoch 073 |  Time(s) 0.0815 | RobustPrompt-I Loss 0.9446  
Epoch 074 |  Time(s) 0.0825 | RobustPrompt-I Loss 0.9678  
Epoch 075 |  Time(s) 0.0821 | RobustPrompt-I Loss 0.9600  
Epoch 076 |  Time(s) 0.0819 | RobustPrompt-I Loss 0.9435  
Epoch 077 |  Time(s) 0.0817 | RobustPrompt-I Loss 0.9360  
Epoch 078 |  Time(s) 0.0816 | RobustPrompt-I Loss 0.9431  
Epoch 079 |  Time(s) 0.0813 | RobustPrompt-I Loss 0.9272  
Epoch 080 |  Time(s) 0.0821 | RobustPrompt-I Loss 0.9238  
Epoch 081 |  Time(s) 0.0811 | RobustPrompt-I Loss 0.9193  
Epoch 082 |  Time(s) 0.0826 | RobustPrompt-I Loss 0.9116  
Epoch 083 |  Time(s) 0.0833 | RobustPrompt-I Loss 0.9046  
Epoch 084 |  Time(s) 0.0821 | RobustPrompt-I Loss 0.9035  
Epoch 085 |  Time(s) 0.0814 | RobustPrompt-I Loss 0.8914  
Epoch 086 |  Time(s) 0.0818 | RobustPrompt-I Loss 0.8936  
Epoch 087 |  Time(s) 0.0828 | RobustPrompt-I Loss 0.8827  
Epoch 088 |  Time(s) 0.0813 | RobustPrompt-I Loss 0.8815  
Epoch 089 |  Time(s) 0.0829 | RobustPrompt-I Loss 0.8765  
Epoch 090 |  Time(s) 0.0840 | RobustPrompt-I Loss 0.8713  
Epoch 091 |  Time(s) 0.0839 | RobustPrompt-I Loss 0.8688  
Epoch 092 |  Time(s) 0.0837 | RobustPrompt-I Loss 0.8640  
Epoch 093 |  Time(s) 0.0841 | RobustPrompt-I Loss 0.8614  
Epoch 094 |  Time(s) 0.0836 | RobustPrompt-I Loss 0.8563  
Epoch 095 |  Time(s) 0.0839 | RobustPrompt-I Loss 0.8560  
Epoch 096 |  Time(s) 0.0842 | RobustPrompt-I Loss 0.8483  
Epoch 097 |  Time(s) 0.0845 | RobustPrompt-I Loss 0.8503  
Epoch 098 |  Time(s) 0.0840 | RobustPrompt-I Loss 0.8427  
Epoch 099 |  Time(s) 0.0841 | RobustPrompt-I Loss 0.8427  
Epoch 100 |  Time(s) 0.0842 | RobustPrompt-I Loss 0.8388  
Epoch 101 |  Time(s) 0.0849 | RobustPrompt-I Loss 0.8354  
Epoch 102 |  Time(s) 0.0836 | RobustPrompt-I Loss 0.8340  
Epoch 103 |  Time(s) 0.0841 | RobustPrompt-I Loss 0.8296  
Epoch 104 |  Time(s) 0.0835 | RobustPrompt-I Loss 0.8283  
Epoch 105 |  Time(s) 0.0825 | RobustPrompt-I Loss 0.8244  
Epoch 106 |  Time(s) 0.0819 | RobustPrompt-I Loss 0.8225  
Epoch 107 |  Time(s) 0.0827 | RobustPrompt-I Loss 0.8198  
Epoch 108 |  Time(s) 0.0823 | RobustPrompt-I Loss 0.8161  
Epoch 109 |  Time(s) 0.0821 | RobustPrompt-I Loss 0.8146  
Epoch 110 |  Time(s) 0.0823 | RobustPrompt-I Loss 0.8106  
Epoch 111 |  Time(s) 0.0819 | RobustPrompt-I Loss 0.8088  
Epoch 112 |  Time(s) 0.0818 | RobustPrompt-I Loss 0.8053  
Epoch 113 |  Time(s) 0.0813 | RobustPrompt-I Loss 0.8026  
Epoch 114 |  Time(s) 0.0817 | RobustPrompt-I Loss 0.7995  
Epoch 115 |  Time(s) 0.0819 | RobustPrompt-I Loss 0.7962  
Epoch 116 |  Time(s) 0.0818 | RobustPrompt-I Loss 0.7935  
Epoch 117 |  Time(s) 0.0812 | RobustPrompt-I Loss 0.7899  
Epoch 118 |  Time(s) 0.2303 | RobustPrompt-I Loss 0.7870  
Epoch 119 |  Time(s) 0.4105 | RobustPrompt-I Loss 0.7833  
Epoch 120 |  Time(s) 0.1799 | RobustPrompt-I Loss 0.7800  
Epoch 121 |  Time(s) 0.1992 | RobustPrompt-I Loss 0.7765  
Epoch 122 |  Time(s) 0.0903 | RobustPrompt-I Loss 0.7726  
Epoch 123 |  Time(s) 0.0869 | RobustPrompt-I Loss 0.7692  
Epoch 124 |  Time(s) 0.0916 | RobustPrompt-I Loss 0.7651  
Epoch 125 |  Time(s) 0.1079 | RobustPrompt-I Loss nan  
Epoch 126 |  Time(s) 0.3540 | RobustPrompt-I Loss nan  
Epoch 127 |  Time(s) 0.3429 | RobustPrompt-I Loss nan  
Epoch 128 |  Time(s) 0.4528 | RobustPrompt-I Loss nan  
Epoch 129 |  Time(s) 0.2985 | RobustPrompt-I Loss nan  
Epoch 130 |  Time(s) 0.2033 | RobustPrompt-I Loss nan  
Epoch 131 |  Time(s) 0.4640 | RobustPrompt-I Loss nan  
Epoch 132 |  Time(s) 0.2702 | RobustPrompt-I Loss nan  
Epoch 133 |  Time(s) 0.3056 | RobustPrompt-I Loss nan  
Epoch 134 |  Time(s) 0.1066 | RobustPrompt-I Loss nan  
Epoch 135 |  Time(s) 0.1533 | RobustPrompt-I Loss nan  
Epoch 136 |  Time(s) 0.0895 | RobustPrompt-I Loss nan  
Epoch 137 |  Time(s) 0.0879 | RobustPrompt-I Loss nan  
Epoch 138 |  Time(s) 0.0840 | RobustPrompt-I Loss nan  
Epoch 139 |  Time(s) 0.0796 | RobustPrompt-I Loss nan  
Epoch 140 |  Time(s) 0.0798 | RobustPrompt-I Loss nan  
Epoch 141 |  Time(s) 0.0799 | RobustPrompt-I Loss nan  
Epoch 142 |  Time(s) 0.0801 | RobustPrompt-I Loss nan  
Epoch 143 |  Time(s) 0.0801 | RobustPrompt-I Loss nan  
----------------------------------------------------------------------------------------------------
Early stopping at 144 eopch!
load LLC or attacked data with specified split
Successfully loaded the attack of dataname with few shot 5, split 1
Attack method : Meta_Self | Attack ptb : 0.15 | Dataset: Cora
======================
Number of graphs: 1
Number of features: 1433
Number of classes: 7

Data(x=[2708, 1433], edge_index=[2, 14804], y=[2708], train_mask=[2708], val_mask=[2708], test_mask=[2708])
===========================================================================================================
Number of nodes: 2708
Number of edges: 14804
Average node degree: 5.47
Has isolated nodes: False
Has self-loops: True
Is undirected: True
GCN(
  (conv_layers): ModuleList(
    (0): GCNConv(1433, 256)
    (1): GCNConv(256, 256)
  )
)
Successfully loaded pre-trained weights!
use RobustPrompt Inductive
defense pt dict :  {'sim_pt': -1.0, 'degree_pt': -1, 'out_detect_pt': 0.5, 'other_pt': 'all'}
use_attention :  False
kl_global :  False
cosine_constraint :  True
pt_threshold :  0.25
filter_module :  OriginalFilter
temperature :  1.0
weight_mse 0.1
weight_kl :  0.1
weight_constraint :  0.0
prepare induce graph data is finished!
run RobustPrompt-I
Epoch 001 |  Time(s) 0.0898 | RobustPrompt-I Loss 1.9454  
Epoch 002 |  Time(s) 0.0817 | RobustPrompt-I Loss 1.9358  
Epoch 003 |  Time(s) 0.1122 | RobustPrompt-I Loss 1.9124  
Epoch 004 |  Time(s) 0.2371 | RobustPrompt-I Loss 1.9130  
Epoch 005 |  Time(s) 0.4652 | RobustPrompt-I Loss 1.8714  
Epoch 006 |  Time(s) 0.3155 | RobustPrompt-I Loss 1.8626  
Epoch 007 |  Time(s) 0.3939 | RobustPrompt-I Loss 1.8209  
Epoch 008 |  Time(s) 0.1271 | RobustPrompt-I Loss 1.8070  
Epoch 009 |  Time(s) 0.1629 | RobustPrompt-I Loss 1.7475  
Epoch 010 |  Time(s) 0.0906 | RobustPrompt-I Loss 1.7509  
Epoch 011 |  Time(s) 0.0815 | RobustPrompt-I Loss 1.6726  
Epoch 012 |  Time(s) 0.0840 | RobustPrompt-I Loss 1.6655  
Epoch 013 |  Time(s) 0.0814 | RobustPrompt-I Loss 1.6150  
Epoch 014 |  Time(s) 0.0812 | RobustPrompt-I Loss 1.5810  
Epoch 015 |  Time(s) 0.0814 | RobustPrompt-I Loss 1.5620  
Epoch 016 |  Time(s) 0.0840 | RobustPrompt-I Loss 1.5383  
Epoch 017 |  Time(s) 0.0818 | RobustPrompt-I Loss 1.5084  
Epoch 018 |  Time(s) 0.0839 | RobustPrompt-I Loss 1.5114  
Epoch 019 |  Time(s) 0.0832 | RobustPrompt-I Loss 1.4773  
Epoch 020 |  Time(s) 0.0823 | RobustPrompt-I Loss 1.4788  
Epoch 021 |  Time(s) 0.0819 | RobustPrompt-I Loss 1.4695  
Epoch 022 |  Time(s) 0.0814 | RobustPrompt-I Loss 1.4372  
Epoch 023 |  Time(s) 0.0817 | RobustPrompt-I Loss 1.4368  
Epoch 024 |  Time(s) 0.0811 | RobustPrompt-I Loss 1.4174  
Epoch 025 |  Time(s) 0.0865 | RobustPrompt-I Loss 1.4040  
Epoch 026 |  Time(s) 0.0826 | RobustPrompt-I Loss 1.3901  
Epoch 027 |  Time(s) 0.0819 | RobustPrompt-I Loss 1.3669  
Epoch 028 |  Time(s) 0.0816 | RobustPrompt-I Loss 1.3607  
Epoch 029 |  Time(s) 0.0831 | RobustPrompt-I Loss 1.3376  
Epoch 030 |  Time(s) 0.0810 | RobustPrompt-I Loss 1.3275  
Epoch 031 |  Time(s) 0.0805 | RobustPrompt-I Loss 1.3260  
Epoch 032 |  Time(s) 0.0823 | RobustPrompt-I Loss 1.3120  
Epoch 033 |  Time(s) 0.0818 | RobustPrompt-I Loss 1.2834  
Epoch 034 |  Time(s) 0.0817 | RobustPrompt-I Loss nan  
Epoch 035 |  Time(s) 0.0796 | RobustPrompt-I Loss nan  
Epoch 036 |  Time(s) 0.0792 | RobustPrompt-I Loss nan  
Epoch 037 |  Time(s) 0.0800 | RobustPrompt-I Loss nan  
Epoch 038 |  Time(s) 0.0801 | RobustPrompt-I Loss nan  
Epoch 039 |  Time(s) 0.0801 | RobustPrompt-I Loss nan  
Epoch 040 |  Time(s) 0.0815 | RobustPrompt-I Loss nan  
Epoch 041 |  Time(s) 0.0807 | RobustPrompt-I Loss nan  
Epoch 042 |  Time(s) 0.0807 | RobustPrompt-I Loss nan  
Epoch 043 |  Time(s) 0.0810 | RobustPrompt-I Loss nan  
Epoch 044 |  Time(s) 0.0804 | RobustPrompt-I Loss nan  
Epoch 045 |  Time(s) 0.0809 | RobustPrompt-I Loss nan  
Epoch 046 |  Time(s) 0.0804 | RobustPrompt-I Loss nan  
Epoch 047 |  Time(s) 0.0807 | RobustPrompt-I Loss nan  
Epoch 048 |  Time(s) 0.0809 | RobustPrompt-I Loss nan  
Epoch 049 |  Time(s) 0.0800 | RobustPrompt-I Loss nan  
Epoch 050 |  Time(s) 0.0821 | RobustPrompt-I Loss nan  
Epoch 051 |  Time(s) 0.0814 | RobustPrompt-I Loss nan  
Epoch 052 |  Time(s) 0.0798 | RobustPrompt-I Loss nan  
----------------------------------------------------------------------------------------------------
Early stopping at 53 eopch!
load LLC or attacked data with specified split
Successfully loaded the attack of dataname with few shot 5, split 1
Attack method : Meta_Self | Attack ptb : 0.15 | Dataset: Cora
======================
Number of graphs: 1
Number of features: 1433
Number of classes: 7

Data(x=[2708, 1433], edge_index=[2, 14804], y=[2708], train_mask=[2708], val_mask=[2708], test_mask=[2708])
===========================================================================================================
Number of nodes: 2708
Number of edges: 14804
Average node degree: 5.47
Has isolated nodes: False
Has self-loops: True
Is undirected: True
GCN(
  (conv_layers): ModuleList(
    (0): GCNConv(1433, 256)
    (1): GCNConv(256, 256)
  )
)
Successfully loaded pre-trained weights!
use RobustPrompt Inductive
defense pt dict :  {'sim_pt': -1.0, 'degree_pt': -1, 'out_detect_pt': 0.5, 'other_pt': 'all'}
use_attention :  False
kl_global :  False
cosine_constraint :  True
pt_threshold :  0.25
filter_module :  OriginalFilter
temperature :  1.0
weight_mse 0.1
weight_kl :  0.1
weight_constraint :  0.0
prepare induce graph data is finished!
run RobustPrompt-I
Epoch 001 |  Time(s) 0.0945 | RobustPrompt-I Loss 1.9411  
Epoch 002 |  Time(s) 0.1585 | RobustPrompt-I Loss 1.9386  
Epoch 003 |  Time(s) 0.1142 | RobustPrompt-I Loss 1.9092  
Epoch 004 |  Time(s) 0.1366 | RobustPrompt-I Loss 1.8805  
Epoch 005 |  Time(s) 0.0990 | RobustPrompt-I Loss 1.8496  
Epoch 006 |  Time(s) 0.1846 | RobustPrompt-I Loss 1.8122  
Epoch 007 |  Time(s) 0.1757 | RobustPrompt-I Loss 1.7597  
Epoch 008 |  Time(s) 0.1073 | RobustPrompt-I Loss 1.7141  
Epoch 009 |  Time(s) 0.0972 | RobustPrompt-I Loss 1.6751  
Epoch 010 |  Time(s) 0.0872 | RobustPrompt-I Loss 1.6298  
Epoch 011 |  Time(s) 0.0878 | RobustPrompt-I Loss 1.6019  
Epoch 012 |  Time(s) 0.0830 | RobustPrompt-I Loss 1.5922  
Epoch 013 |  Time(s) 0.1360 | RobustPrompt-I Loss 1.5812  
Epoch 014 |  Time(s) 0.2152 | RobustPrompt-I Loss 1.5542  
Epoch 015 |  Time(s) 0.1052 | RobustPrompt-I Loss 1.5438  
Epoch 016 |  Time(s) 0.0977 | RobustPrompt-I Loss 1.5424  
Epoch 017 |  Time(s) 0.0863 | RobustPrompt-I Loss 1.5150  
Epoch 018 |  Time(s) 0.0839 | RobustPrompt-I Loss 1.5001  
Epoch 019 |  Time(s) 0.0842 | RobustPrompt-I Loss 1.4993  
Epoch 020 |  Time(s) 0.0838 | RobustPrompt-I Loss 1.4784  
Epoch 021 |  Time(s) 0.0846 | RobustPrompt-I Loss 1.4599  
Epoch 022 |  Time(s) 0.0844 | RobustPrompt-I Loss 1.4521  
Epoch 023 |  Time(s) 0.0840 | RobustPrompt-I Loss 1.4558  
Epoch 024 |  Time(s) 0.0839 | RobustPrompt-I Loss 1.4411  
Epoch 025 |  Time(s) 0.0845 | RobustPrompt-I Loss 1.4158  
Epoch 026 |  Time(s) 0.0843 | RobustPrompt-I Loss 1.4020  
Epoch 027 |  Time(s) 0.0850 | RobustPrompt-I Loss 1.4032  
Epoch 028 |  Time(s) 0.0843 | RobustPrompt-I Loss 1.4045  
Epoch 029 |  Time(s) 0.0846 | RobustPrompt-I Loss 1.3592  
Epoch 030 |  Time(s) 0.0851 | RobustPrompt-I Loss 1.3849  
Epoch 031 |  Time(s) 0.0841 | RobustPrompt-I Loss 1.3329  
Epoch 032 |  Time(s) 0.0836 | RobustPrompt-I Loss 1.3346  
Epoch 033 |  Time(s) 0.0836 | RobustPrompt-I Loss 1.3345  
Epoch 034 |  Time(s) 0.0831 | RobustPrompt-I Loss 1.2916  
Epoch 035 |  Time(s) 0.0840 | RobustPrompt-I Loss 1.3501  
Epoch 036 |  Time(s) 0.0840 | RobustPrompt-I Loss 1.2920  
Epoch 037 |  Time(s) 0.0839 | RobustPrompt-I Loss 1.3483  
Epoch 038 |  Time(s) 0.0831 | RobustPrompt-I Loss 1.3650  
Epoch 039 |  Time(s) 0.0839 | RobustPrompt-I Loss 1.2271  
Epoch 040 |  Time(s) 0.0847 | RobustPrompt-I Loss 1.3303  
Epoch 041 |  Time(s) 0.0842 | RobustPrompt-I Loss 1.2903  
Epoch 042 |  Time(s) 0.0845 | RobustPrompt-I Loss 1.2019  
Epoch 043 |  Time(s) 0.0841 | RobustPrompt-I Loss 1.1924  
Epoch 044 |  Time(s) 0.0847 | RobustPrompt-I Loss 1.2227  
Epoch 045 |  Time(s) 0.0826 | RobustPrompt-I Loss 1.1947  
Epoch 046 |  Time(s) 0.0846 | RobustPrompt-I Loss 1.1814  
Epoch 047 |  Time(s) 0.0820 | RobustPrompt-I Loss 1.1710  
Epoch 048 |  Time(s) 0.0838 | RobustPrompt-I Loss 1.1491  
Epoch 049 |  Time(s) 0.0830 | RobustPrompt-I Loss 1.1312  
Epoch 050 |  Time(s) 0.2072 | RobustPrompt-I Loss 1.1576  
Epoch 051 |  Time(s) 0.0847 | RobustPrompt-I Loss 1.1427  
Epoch 052 |  Time(s) 0.0821 | RobustPrompt-I Loss 1.0997  
Epoch 053 |  Time(s) 0.0830 | RobustPrompt-I Loss 1.0861  
Epoch 054 |  Time(s) 0.0814 | RobustPrompt-I Loss 1.1078  
Epoch 055 |  Time(s) 0.0824 | RobustPrompt-I Loss 1.0819  
Epoch 056 |  Time(s) 0.1500 | RobustPrompt-I Loss 1.0814  
Epoch 057 |  Time(s) 0.1034 | RobustPrompt-I Loss 1.0744  
Epoch 058 |  Time(s) 0.1055 | RobustPrompt-I Loss 1.0414  
Epoch 059 |  Time(s) 0.0903 | RobustPrompt-I Loss 1.0278  
Epoch 060 |  Time(s) 0.0921 | RobustPrompt-I Loss 1.0381  
Epoch 061 |  Time(s) 0.0888 | RobustPrompt-I Loss 1.0112  
Epoch 062 |  Time(s) 0.0863 | RobustPrompt-I Loss 1.0382  
Epoch 063 |  Time(s) 0.0855 | RobustPrompt-I Loss 1.0184  
Epoch 064 |  Time(s) 0.1099 | RobustPrompt-I Loss 1.0008  
Epoch 065 |  Time(s) 0.0900 | RobustPrompt-I Loss 0.9942  
Epoch 066 |  Time(s) 0.0845 | RobustPrompt-I Loss 0.9846  
Epoch 067 |  Time(s) 0.0834 | RobustPrompt-I Loss 0.9721  
Epoch 068 |  Time(s) 0.0843 | RobustPrompt-I Loss 0.9840  
Epoch 069 |  Time(s) 0.0837 | RobustPrompt-I Loss 0.9727  
Epoch 070 |  Time(s) 0.0851 | RobustPrompt-I Loss 0.9562  
Epoch 071 |  Time(s) 0.0843 | RobustPrompt-I Loss 0.9480  
Epoch 072 |  Time(s) 0.0842 | RobustPrompt-I Loss 0.9513  
Epoch 073 |  Time(s) 0.0846 | RobustPrompt-I Loss 0.9388  
Epoch 074 |  Time(s) 0.0838 | RobustPrompt-I Loss 0.9455  
Epoch 075 |  Time(s) 0.0847 | RobustPrompt-I Loss 0.9405  
Epoch 076 |  Time(s) 0.0851 | RobustPrompt-I Loss 0.9193  
Epoch 077 |  Time(s) 0.0850 | RobustPrompt-I Loss 0.9232  
Epoch 078 |  Time(s) 0.0844 | RobustPrompt-I Loss 0.9089  
Epoch 079 |  Time(s) 0.0847 | RobustPrompt-I Loss 0.9105  
Epoch 080 |  Time(s) 0.0844 | RobustPrompt-I Loss 0.8991  
Epoch 081 |  Time(s) 0.0855 | RobustPrompt-I Loss 0.9005  
Epoch 082 |  Time(s) 0.0859 | RobustPrompt-I Loss 0.8904  
Epoch 083 |  Time(s) 0.0857 | RobustPrompt-I Loss 0.8919  
Epoch 084 |  Time(s) 0.0845 | RobustPrompt-I Loss 0.8813  
Epoch 085 |  Time(s) 0.0837 | RobustPrompt-I Loss 0.8840  
Epoch 086 |  Time(s) 0.0849 | RobustPrompt-I Loss 0.8736  
Epoch 087 |  Time(s) 0.0842 | RobustPrompt-I Loss 0.8763  
Epoch 088 |  Time(s) 0.0840 | RobustPrompt-I Loss 0.8669  
Epoch 089 |  Time(s) 0.0852 | RobustPrompt-I Loss 0.8686  
Epoch 090 |  Time(s) 0.0854 | RobustPrompt-I Loss 0.8610  
Epoch 091 |  Time(s) 0.0854 | RobustPrompt-I Loss 0.8612  
Epoch 092 |  Time(s) 0.0847 | RobustPrompt-I Loss 0.8559  
Epoch 093 |  Time(s) 0.0855 | RobustPrompt-I Loss 0.8544  
Epoch 094 |  Time(s) 0.0859 | RobustPrompt-I Loss 0.8507  
Epoch 095 |  Time(s) 0.0853 | RobustPrompt-I Loss 0.8486  
Epoch 096 |  Time(s) 0.0854 | RobustPrompt-I Loss 0.8456  
Epoch 097 |  Time(s) 0.0858 | RobustPrompt-I Loss 0.8430  
Epoch 098 |  Time(s) 0.0848 | RobustPrompt-I Loss 0.8406  
Epoch 099 |  Time(s) 0.0853 | RobustPrompt-I Loss 0.8378  
Epoch 100 |  Time(s) 0.0850 | RobustPrompt-I Loss 0.8358  
Epoch 101 |  Time(s) 0.1021 | RobustPrompt-I Loss 0.8329  
Epoch 102 |  Time(s) 0.0846 | RobustPrompt-I Loss 0.8306  
Epoch 103 |  Time(s) 0.0877 | RobustPrompt-I Loss 0.8281  
Epoch 104 |  Time(s) 0.0903 | RobustPrompt-I Loss 0.8255  
Epoch 105 |  Time(s) 0.0845 | RobustPrompt-I Loss 0.8233  
Epoch 106 |  Time(s) 0.0999 | RobustPrompt-I Loss 0.8202  
Epoch 107 |  Time(s) 0.1701 | RobustPrompt-I Loss 0.8182  
Epoch 108 |  Time(s) 0.1915 | RobustPrompt-I Loss 0.8150  
Epoch 109 |  Time(s) 0.0969 | RobustPrompt-I Loss 0.8129  
Epoch 110 |  Time(s) 0.0907 | RobustPrompt-I Loss 0.8096  
Epoch 111 |  Time(s) 0.1461 | RobustPrompt-I Loss 0.8072  
Epoch 112 |  Time(s) 0.1441 | RobustPrompt-I Loss 0.8041  
Epoch 113 |  Time(s) 0.0874 | RobustPrompt-I Loss 0.8013  
Epoch 114 |  Time(s) 0.0923 | RobustPrompt-I Loss 0.7983  
Epoch 115 |  Time(s) 0.0843 | RobustPrompt-I Loss 0.7951  
Epoch 116 |  Time(s) 0.0853 | RobustPrompt-I Loss 0.7918  
Epoch 117 |  Time(s) 0.0846 | RobustPrompt-I Loss 0.7888  
Epoch 118 |  Time(s) 0.0837 | RobustPrompt-I Loss 0.7850  
Epoch 119 |  Time(s) 0.0846 | RobustPrompt-I Loss 0.7818  
Epoch 120 |  Time(s) 0.0840 | RobustPrompt-I Loss 0.7781  
Epoch 121 |  Time(s) 0.0830 | RobustPrompt-I Loss 0.7743  
Epoch 122 |  Time(s) 0.0837 | RobustPrompt-I Loss 0.7704  
Epoch 123 |  Time(s) 0.0840 | RobustPrompt-I Loss 0.7666  
Epoch 124 |  Time(s) 0.0857 | RobustPrompt-I Loss 0.7625  
Epoch 125 |  Time(s) 0.0858 | RobustPrompt-I Loss 0.7583  
Epoch 126 |  Time(s) 0.0853 | RobustPrompt-I Loss 0.7537  
Epoch 127 |  Time(s) 0.0850 | RobustPrompt-I Loss 0.7493  
Epoch 128 |  Time(s) 0.0844 | RobustPrompt-I Loss 0.7446  
Epoch 129 |  Time(s) 0.0858 | RobustPrompt-I Loss 0.7399  
Epoch 130 |  Time(s) 0.0844 | RobustPrompt-I Loss 0.7354  
Epoch 131 |  Time(s) 0.0862 | RobustPrompt-I Loss 0.7307  
Epoch 132 |  Time(s) 0.0852 | RobustPrompt-I Loss 0.7274  
Epoch 133 |  Time(s) 0.0837 | RobustPrompt-I Loss 0.7272  
Epoch 134 |  Time(s) 0.0849 | RobustPrompt-I Loss 0.7365  
Epoch 135 |  Time(s) 0.0848 | RobustPrompt-I Loss 0.7203  
Epoch 136 |  Time(s) 0.0853 | RobustPrompt-I Loss 0.7090  
Epoch 137 |  Time(s) 0.0842 | RobustPrompt-I Loss 0.7007  
Epoch 138 |  Time(s) 0.0846 | RobustPrompt-I Loss 0.6944  
Epoch 139 |  Time(s) 0.0866 | RobustPrompt-I Loss 0.6893  
Epoch 140 |  Time(s) 0.0851 | RobustPrompt-I Loss 0.6855  
Epoch 141 |  Time(s) 0.0879 | RobustPrompt-I Loss 0.6859  
Epoch 142 |  Time(s) 0.0844 | RobustPrompt-I Loss 0.7012  
Epoch 143 |  Time(s) 0.1322 | RobustPrompt-I Loss 0.6679  
Epoch 144 |  Time(s) 0.1587 | RobustPrompt-I Loss 0.6773  
Epoch 145 |  Time(s) 0.1021 | RobustPrompt-I Loss 0.7028  
Epoch 146 |  Time(s) 0.0980 | RobustPrompt-I Loss 0.6688  
Epoch 147 |  Time(s) 0.0918 | RobustPrompt-I Loss 0.7803  
Epoch 148 |  Time(s) 0.0862 | RobustPrompt-I Loss 0.7887  
Epoch 149 |  Time(s) 0.2358 | RobustPrompt-I Loss 0.6458  
Epoch 150 |  Time(s) 0.2960 | RobustPrompt-I Loss 0.7336  
Epoch 151 |  Time(s) 0.2608 | RobustPrompt-I Loss 0.6856  
Epoch 152 |  Time(s) 0.1188 | RobustPrompt-I Loss 0.6972  
Epoch 153 |  Time(s) 0.0934 | RobustPrompt-I Loss 0.7216  
Epoch 154 |  Time(s) 0.1733 | RobustPrompt-I Loss 0.6391  
Epoch 155 |  Time(s) 0.0908 | RobustPrompt-I Loss 0.6755  
Epoch 156 |  Time(s) 0.0939 | RobustPrompt-I Loss 0.6336  
Epoch 157 |  Time(s) 0.0908 | RobustPrompt-I Loss 0.6736  
Epoch 158 |  Time(s) 0.0911 | RobustPrompt-I Loss 0.6301  
Epoch 159 |  Time(s) 0.0938 | RobustPrompt-I Loss 0.6863  
Epoch 160 |  Time(s) 0.0913 | RobustPrompt-I Loss 0.6544  
Epoch 161 |  Time(s) 0.0903 | RobustPrompt-I Loss 0.7123  
Epoch 162 |  Time(s) 0.0844 | RobustPrompt-I Loss 0.7466  
Epoch 163 |  Time(s) 0.0846 | RobustPrompt-I Loss 0.6354  
Epoch 164 |  Time(s) 0.0854 | RobustPrompt-I Loss 0.7080  
Epoch 165 |  Time(s) 0.0862 | RobustPrompt-I Loss 0.7431  
Epoch 166 |  Time(s) 0.0858 | RobustPrompt-I Loss 0.6487  
Epoch 167 |  Time(s) 0.0846 | RobustPrompt-I Loss 0.6647  
Epoch 168 |  Time(s) 0.0860 | RobustPrompt-I Loss 0.6981  
Epoch 169 |  Time(s) 0.0858 | RobustPrompt-I Loss 0.6451  
Epoch 170 |  Time(s) 0.0860 | RobustPrompt-I Loss 0.6319  
Epoch 171 |  Time(s) 0.0867 | RobustPrompt-I Loss 0.6338  
Epoch 172 |  Time(s) 0.0866 | RobustPrompt-I Loss 0.6105  
Epoch 173 |  Time(s) 0.0867 | RobustPrompt-I Loss 0.6181  
Epoch 174 |  Time(s) 0.0865 | RobustPrompt-I Loss 0.6021  
Epoch 175 |  Time(s) 0.0853 | RobustPrompt-I Loss 0.6106  
Epoch 176 |  Time(s) 0.0850 | RobustPrompt-I Loss 0.5971  
Epoch 177 |  Time(s) 0.0854 | RobustPrompt-I Loss 0.6050  
Epoch 178 |  Time(s) 0.0861 | RobustPrompt-I Loss 0.5909  
Epoch 179 |  Time(s) 0.0863 | RobustPrompt-I Loss 0.5911  
Epoch 180 |  Time(s) 0.0912 | RobustPrompt-I Loss 0.5813  
Epoch 181 |  Time(s) 0.1890 | RobustPrompt-I Loss 0.5787  
Epoch 182 |  Time(s) 0.2503 | RobustPrompt-I Loss 0.5754  
Epoch 183 |  Time(s) 0.2229 | RobustPrompt-I Loss 0.5670  
Epoch 184 |  Time(s) 0.4763 | RobustPrompt-I Loss 0.5669  
Epoch 185 |  Time(s) 0.3105 | RobustPrompt-I Loss 0.5585  
Epoch 186 |  Time(s) 0.1629 | RobustPrompt-I Loss 0.5605  
Epoch 187 |  Time(s) 0.0838 | RobustPrompt-I Loss 0.5545  
Epoch 188 |  Time(s) 0.0859 | RobustPrompt-I Loss 0.5660  
Epoch 189 |  Time(s) 0.0838 | RobustPrompt-I Loss 0.5455  
Epoch 190 |  Time(s) 0.0833 | RobustPrompt-I Loss 0.5478  
Epoch 191 |  Time(s) 0.0859 | RobustPrompt-I Loss 0.5574  
Epoch 192 |  Time(s) 0.0869 | RobustPrompt-I Loss 0.5386  
Epoch 193 |  Time(s) 0.0816 | RobustPrompt-I Loss 0.5877  
Epoch 194 |  Time(s) 0.0813 | RobustPrompt-I Loss 0.5846  
Epoch 195 |  Time(s) 0.0843 | RobustPrompt-I Loss 0.5455  
Epoch 196 |  Time(s) 0.0824 | RobustPrompt-I Loss 0.5286  
Epoch 197 |  Time(s) 0.0828 | RobustPrompt-I Loss 0.5839  
Epoch 198 |  Time(s) 0.0815 | RobustPrompt-I Loss 0.5511  
Epoch 199 |  Time(s) 0.0816 | RobustPrompt-I Loss 0.5712  
Epoch 200 |  Time(s) 0.0819 | RobustPrompt-I Loss 0.5955  
Batch 0 Acc: 0.1000 | Macro-F1: 0.0700
Batch 1 Acc: 0.0700 | Macro-F1: 0.0542
Batch 2 Acc: 0.1000 | Macro-F1: 0.0624
Batch 3 Acc: 0.1500 | Macro-F1: 0.0801
Batch 4 Acc: 0.0500 | Macro-F1: 0.0415
Batch 5 Acc: 0.0900 | Macro-F1: 0.0548
Batch 6 Acc: 0.0200 | Macro-F1: 0.0108
Batch 7 Acc: 0.0800 | Macro-F1: 0.0474
Batch 8 Acc: 0.1800 | Macro-F1: 0.1027
Batch 9 Acc: 0.0700 | Macro-F1: 0.0505
Final True Accuracy: 0.0910 | Macro F1 Score: 0.0600
best_loss [0.5954815745353699]
load LLC or attacked data with specified split
Successfully loaded the attack of dataname with few shot 5, split 1
Attack method : Meta_Self | Attack ptb : 0.15 | Dataset: Cora
======================
Number of graphs: 1
Number of features: 1433
Number of classes: 7

Data(x=[2708, 1433], edge_index=[2, 14804], y=[2708], train_mask=[2708], val_mask=[2708], test_mask=[2708])
===========================================================================================================
Number of nodes: 2708
Number of edges: 14804
Average node degree: 5.47
Has isolated nodes: False
Has self-loops: True
Is undirected: True
GCN(
  (conv_layers): ModuleList(
    (0): GCNConv(1433, 256)
    (1): GCNConv(256, 256)
  )
)
Successfully loaded pre-trained weights!
use RobustPrompt Inductive
defense pt dict :  {'sim_pt': -1.0, 'degree_pt': -1, 'out_detect_pt': 0.5, 'other_pt': 'all'}
use_attention :  False
kl_global :  False
cosine_constraint :  True
pt_threshold :  0.25
filter_module :  OriginalFilter
temperature :  1.0
weight_mse 0.1
weight_kl :  0.1
weight_constraint :  0.0
prepare induce graph data is finished!
run RobustPrompt-I
Epoch 001 |  Time(s) 0.4645 | RobustPrompt-I Loss 1.9486  
Epoch 002 |  Time(s) 0.3064 | RobustPrompt-I Loss 1.9422  
Epoch 003 |  Time(s) 0.1904 | RobustPrompt-I Loss 1.9279  
Epoch 004 |  Time(s) 0.2266 | RobustPrompt-I Loss 1.9195  
Epoch 005 |  Time(s) 0.1821 | RobustPrompt-I Loss 1.8823  
Epoch 006 |  Time(s) 0.0948 | RobustPrompt-I Loss 1.8597  
Epoch 007 |  Time(s) 0.0858 | RobustPrompt-I Loss 1.8184  
Epoch 008 |  Time(s) 0.0824 | RobustPrompt-I Loss 1.7898  
Epoch 009 |  Time(s) 0.0832 | RobustPrompt-I Loss 1.7419  
Epoch 010 |  Time(s) 0.0828 | RobustPrompt-I Loss 1.7075  
Epoch 011 |  Time(s) 0.0834 | RobustPrompt-I Loss 1.6547  
Epoch 012 |  Time(s) 0.0831 | RobustPrompt-I Loss 1.6202  
Epoch 013 |  Time(s) 0.0826 | RobustPrompt-I Loss nan  
Epoch 014 |  Time(s) 0.0828 | RobustPrompt-I Loss nan  
Epoch 015 |  Time(s) 0.0833 | RobustPrompt-I Loss nan  
Epoch 016 |  Time(s) 0.0863 | RobustPrompt-I Loss nan  
Epoch 017 |  Time(s) 0.0825 | RobustPrompt-I Loss nan  
Epoch 018 |  Time(s) 0.0830 | RobustPrompt-I Loss nan  
Epoch 019 |  Time(s) 0.0826 | RobustPrompt-I Loss nan  
Epoch 020 |  Time(s) 0.0815 | RobustPrompt-I Loss nan  
Epoch 021 |  Time(s) 0.0821 | RobustPrompt-I Loss nan  
Epoch 022 |  Time(s) 0.0822 | RobustPrompt-I Loss nan  
Epoch 023 |  Time(s) 0.0814 | RobustPrompt-I Loss nan  
Epoch 024 |  Time(s) 0.1092 | RobustPrompt-I Loss nan  
Epoch 025 |  Time(s) 0.1331 | RobustPrompt-I Loss nan  
Epoch 026 |  Time(s) 0.1201 | RobustPrompt-I Loss nan  
Epoch 027 |  Time(s) 0.1588 | RobustPrompt-I Loss nan  
Epoch 028 |  Time(s) 0.0906 | RobustPrompt-I Loss nan  
Epoch 029 |  Time(s) 0.0832 | RobustPrompt-I Loss nan  
Epoch 030 |  Time(s) 0.0841 | RobustPrompt-I Loss nan  
Epoch 031 |  Time(s) 0.0845 | RobustPrompt-I Loss nan  
----------------------------------------------------------------------------------------------------
Early stopping at 32 eopch!
{1: {1: nan}, 2: {1: nan}, 3: {1: nan}, 4: {1: 0.09099999815225601}, 5: {1: nan}}
{1: {1: nan, 2: nan, 3: nan, 4: 0.09099999815225601, 5: nan}}
########################################################################################
seed: 1 | split 1 : nan
# Seed 1 Muti Split Final Acc: nan±nan
seed: 2 | split 1 : nan
# Seed 2 Muti Split Final Acc: nan±nan
seed: 3 | split 1 : nan
# Seed 3 Muti Split Final Acc: nan±nan
seed: 4 | split 1 : 0.09099999815225601
# Seed 4 Muti Split Final Acc: 0.0910±0.0000
seed: 5 | split 1 : nan
# Seed 5 Muti Split Final Acc: nan±nan
########################################################################################
split: 1 | seed 1 : nan
split: 1 | seed 2 : nan
split: 1 | seed 3 : nan
split: 1 | seed 4 : 0.09099999815225601
split: 1 | seed 5 : nan
# Split 1 Muti Seed Acc without min value: nan±nan
########################################################################################
Done phase=ood, ood=0.5, ptb=0.15, end=2026-06-09 00:26:15, duration=00:01:14
