Start phase=ood, ood=0.5, ptb=0.05, time=2026-06-09 00:16:53, log=logs/RobustPrompt-I/ft_ood0.5_0.05_20260609_001653.log
load LLC or attacked data with specified split
Successfully loaded the attack of dataname with few shot 5, split 1
Attack method : Meta_Self | Attack ptb : 0.05 | Dataset: Cora
======================
Number of graphs: 1
Number of features: 1433
Number of classes: 7

Data(x=[2708, 1433], edge_index=[2, 13790], y=[2708], train_mask=[2708], val_mask=[2708], test_mask=[2708])
===========================================================================================================
Number of nodes: 2708
Number of edges: 13790
Average node degree: 5.09
Has isolated nodes: False
Has self-loops: True
Is undirected: True
GCN(
  (conv_layers): ModuleList(
    (0): GCNConv(1433, 256)
    (1): GCNConv(256, 256)
  )
)
Successfully loaded pre-trained weights!
use RobustPrompt Inductive
defense pt dict :  {'sim_pt': -1.0, 'degree_pt': -1, 'out_detect_pt': 0.5, 'other_pt': 'all'}
use_attention :  False
kl_global :  False
cosine_constraint :  True
pt_threshold :  0.25
filter_module :  OriginalFilter
temperature :  1.0
weight_mse 0.1
weight_kl :  0.1
weight_constraint :  0.0
prepare induce graph data is finished!
run RobustPrompt-I
Epoch 001 |  Time(s) 0.3831 | RobustPrompt-I Loss 1.9448  
Epoch 002 |  Time(s) 0.0934 | RobustPrompt-I Loss 1.9458  
Epoch 003 |  Time(s) 0.0841 | RobustPrompt-I Loss 1.9442  
Epoch 004 |  Time(s) 0.0835 | RobustPrompt-I Loss 1.9346  
Epoch 005 |  Time(s) 0.0835 | RobustPrompt-I Loss 1.9230  
Epoch 006 |  Time(s) 0.0842 | RobustPrompt-I Loss 1.9316  
Epoch 007 |  Time(s) 0.0877 | RobustPrompt-I Loss 1.9214  
Epoch 008 |  Time(s) 0.1554 | RobustPrompt-I Loss 1.9103  
Epoch 009 |  Time(s) 0.0946 | RobustPrompt-I Loss 1.9107  
Epoch 010 |  Time(s) 0.0841 | RobustPrompt-I Loss 1.9015  
Epoch 011 |  Time(s) 0.0843 | RobustPrompt-I Loss 1.8969  
Epoch 012 |  Time(s) 0.0841 | RobustPrompt-I Loss 1.8812  
Epoch 013 |  Time(s) 0.0927 | RobustPrompt-I Loss 1.8672  
Epoch 014 |  Time(s) 0.0852 | RobustPrompt-I Loss 1.8668  
Epoch 015 |  Time(s) 0.0951 | RobustPrompt-I Loss 1.8579  
Epoch 016 |  Time(s) 0.0882 | RobustPrompt-I Loss 1.8431  
Epoch 017 |  Time(s) 0.0879 | RobustPrompt-I Loss 1.8258  
Epoch 018 |  Time(s) 0.0846 | RobustPrompt-I Loss 1.8234  
Epoch 019 |  Time(s) 0.0832 | RobustPrompt-I Loss 1.8141  
Epoch 020 |  Time(s) 0.1122 | RobustPrompt-I Loss 1.7928  
Epoch 021 |  Time(s) 0.0843 | RobustPrompt-I Loss 1.7894  
Epoch 022 |  Time(s) 0.0813 | RobustPrompt-I Loss 1.7971  
Epoch 023 |  Time(s) 0.0868 | RobustPrompt-I Loss 1.7739  
Epoch 024 |  Time(s) 0.0878 | RobustPrompt-I Loss 1.7546  
Epoch 025 |  Time(s) 0.0840 | RobustPrompt-I Loss 1.7675  
Epoch 026 |  Time(s) 0.0875 | RobustPrompt-I Loss 1.7629  
Epoch 027 |  Time(s) 0.0870 | RobustPrompt-I Loss 1.7544  
Epoch 028 |  Time(s) 0.0817 | RobustPrompt-I Loss 1.7240  
Epoch 029 |  Time(s) 0.0925 | RobustPrompt-I Loss 1.7270  
Epoch 030 |  Time(s) 0.0874 | RobustPrompt-I Loss 1.7476  
Epoch 031 |  Time(s) 0.0802 | RobustPrompt-I Loss 1.7048  
Epoch 032 |  Time(s) 0.0796 | RobustPrompt-I Loss 1.7935  
Epoch 033 |  Time(s) 0.0807 | RobustPrompt-I Loss 1.7953  
Epoch 034 |  Time(s) 0.0827 | RobustPrompt-I Loss 1.7065  
Epoch 035 |  Time(s) 0.0797 | RobustPrompt-I Loss 1.7399  
Epoch 036 |  Time(s) 0.0793 | RobustPrompt-I Loss 1.7523  
Epoch 037 |  Time(s) 0.0803 | RobustPrompt-I Loss 1.6625  
Epoch 038 |  Time(s) 0.0863 | RobustPrompt-I Loss 1.7766  
Epoch 039 |  Time(s) 0.0845 | RobustPrompt-I Loss 1.7474  
Epoch 040 |  Time(s) 0.0798 | RobustPrompt-I Loss 1.6713  
Epoch 041 |  Time(s) 0.0805 | RobustPrompt-I Loss 1.6847  
Epoch 042 |  Time(s) 0.0805 | RobustPrompt-I Loss 1.6952  
Epoch 043 |  Time(s) 0.0800 | RobustPrompt-I Loss 1.6409  
Epoch 044 |  Time(s) 0.0800 | RobustPrompt-I Loss 1.7982  
Epoch 045 |  Time(s) 0.0803 | RobustPrompt-I Loss 1.8210  
Epoch 046 |  Time(s) 0.0805 | RobustPrompt-I Loss 1.6617  
Epoch 047 |  Time(s) 0.0801 | RobustPrompt-I Loss 1.7796  
Epoch 048 |  Time(s) 0.0800 | RobustPrompt-I Loss 1.8442  
Epoch 049 |  Time(s) 0.0805 | RobustPrompt-I Loss 1.7014  
Epoch 050 |  Time(s) 0.0798 | RobustPrompt-I Loss 1.8419  
Epoch 051 |  Time(s) 0.0802 | RobustPrompt-I Loss 1.8740  
Epoch 052 |  Time(s) 0.0804 | RobustPrompt-I Loss 1.6652  
Epoch 053 |  Time(s) 0.0805 | RobustPrompt-I Loss 1.8055  
Epoch 054 |  Time(s) 0.0801 | RobustPrompt-I Loss 1.8615  
Epoch 055 |  Time(s) 0.0794 | RobustPrompt-I Loss 1.7789  
Epoch 056 |  Time(s) 0.0798 | RobustPrompt-I Loss 1.7305  
Epoch 057 |  Time(s) 0.0800 | RobustPrompt-I Loss 1.6783  
Epoch 058 |  Time(s) 0.0798 | RobustPrompt-I Loss 1.6831  
Epoch 059 |  Time(s) 0.0797 | RobustPrompt-I Loss 1.7394  
Epoch 060 |  Time(s) 0.3092 | RobustPrompt-I Loss 1.6523  
Epoch 061 |  Time(s) 0.3224 | RobustPrompt-I Loss 1.6589  
Epoch 062 |  Time(s) 0.2211 | RobustPrompt-I Loss 1.7083  
Epoch 063 |  Time(s) 0.1386 | RobustPrompt-I Loss 1.6118  
Epoch 064 |  Time(s) 0.2953 | RobustPrompt-I Loss 1.6865  
Epoch 065 |  Time(s) 0.2947 | RobustPrompt-I Loss 1.6912  
Epoch 066 |  Time(s) 0.2240 | RobustPrompt-I Loss 1.6998  
Epoch 067 |  Time(s) 0.2633 | RobustPrompt-I Loss 1.6604  
Epoch 068 |  Time(s) 0.2574 | RobustPrompt-I Loss 1.6069  
Epoch 069 |  Time(s) 0.1542 | RobustPrompt-I Loss 1.6083  
Epoch 070 |  Time(s) 0.1639 | RobustPrompt-I Loss 1.6132  
Epoch 071 |  Time(s) 0.1508 | RobustPrompt-I Loss 1.5909  
Epoch 072 |  Time(s) 0.0863 | RobustPrompt-I Loss 1.5792  
Epoch 073 |  Time(s) 0.0816 | RobustPrompt-I Loss 1.5808  
Epoch 074 |  Time(s) 0.0805 | RobustPrompt-I Loss 1.5750  
Epoch 075 |  Time(s) 0.1941 | RobustPrompt-I Loss 1.5657  
Epoch 076 |  Time(s) 0.2565 | RobustPrompt-I Loss 1.5436  
Epoch 077 |  Time(s) 0.4496 | RobustPrompt-I Loss 1.5686  
Epoch 078 |  Time(s) 0.3301 | RobustPrompt-I Loss 1.5212  
Epoch 079 |  Time(s) 0.3585 | RobustPrompt-I Loss 1.6386  
Epoch 080 |  Time(s) 0.4833 | RobustPrompt-I Loss 1.6467  
Epoch 081 |  Time(s) 0.2428 | RobustPrompt-I Loss 1.5217  
Epoch 082 |  Time(s) 0.1601 | RobustPrompt-I Loss 1.5847  
Epoch 083 |  Time(s) 0.0898 | RobustPrompt-I Loss 1.6202  
Epoch 084 |  Time(s) 0.2500 | RobustPrompt-I Loss 1.5293  
Epoch 085 |  Time(s) 0.2013 | RobustPrompt-I Loss 1.5117  
Epoch 086 |  Time(s) 0.0962 | RobustPrompt-I Loss 1.5589  
Epoch 087 |  Time(s) 0.0903 | RobustPrompt-I Loss 1.5183  
Epoch 088 |  Time(s) 0.0818 | RobustPrompt-I Loss 1.4764  
Epoch 089 |  Time(s) 0.0865 | RobustPrompt-I Loss 1.4836  
Epoch 090 |  Time(s) 0.0813 | RobustPrompt-I Loss 1.4623  
Epoch 091 |  Time(s) 0.0827 | RobustPrompt-I Loss 1.4642  
Epoch 092 |  Time(s) 0.0829 | RobustPrompt-I Loss 1.4390  
Epoch 093 |  Time(s) 0.0832 | RobustPrompt-I Loss 1.4788  
Epoch 094 |  Time(s) 0.0833 | RobustPrompt-I Loss 1.4423  
Epoch 095 |  Time(s) 0.0832 | RobustPrompt-I Loss 1.4908  
Epoch 096 |  Time(s) 0.0832 | RobustPrompt-I Loss 1.5046  
Epoch 097 |  Time(s) 0.0813 | RobustPrompt-I Loss 1.4459  
Epoch 098 |  Time(s) 0.0832 | RobustPrompt-I Loss 1.4298  
Epoch 099 |  Time(s) 0.0828 | RobustPrompt-I Loss 1.4551  
Epoch 100 |  Time(s) 0.1003 | RobustPrompt-I Loss nan  
Epoch 101 |  Time(s) 0.0914 | RobustPrompt-I Loss nan  
Epoch 102 |  Time(s) 0.0823 | RobustPrompt-I Loss nan  
Epoch 103 |  Time(s) 0.0847 | RobustPrompt-I Loss nan  
Epoch 104 |  Time(s) 0.0845 | RobustPrompt-I Loss nan  
Epoch 105 |  Time(s) 0.0861 | RobustPrompt-I Loss nan  
Epoch 106 |  Time(s) 0.0835 | RobustPrompt-I Loss nan  
Epoch 107 |  Time(s) 0.0816 | RobustPrompt-I Loss nan  
Epoch 108 |  Time(s) 0.0823 | RobustPrompt-I Loss nan  
Epoch 109 |  Time(s) 0.0823 | RobustPrompt-I Loss nan  
Epoch 110 |  Time(s) 0.0823 | RobustPrompt-I Loss nan  
Epoch 111 |  Time(s) 0.0820 | RobustPrompt-I Loss nan  
Epoch 112 |  Time(s) 0.0822 | RobustPrompt-I Loss nan  
Epoch 113 |  Time(s) 0.0819 | RobustPrompt-I Loss nan  
Epoch 114 |  Time(s) 0.0825 | RobustPrompt-I Loss nan  
Epoch 115 |  Time(s) 0.0821 | RobustPrompt-I Loss nan  
Epoch 116 |  Time(s) 0.0825 | RobustPrompt-I Loss nan  
Epoch 117 |  Time(s) 0.0832 | RobustPrompt-I Loss nan  
----------------------------------------------------------------------------------------------------
Early stopping at 118 eopch!
load LLC or attacked data with specified split
Successfully loaded the attack of dataname with few shot 5, split 1
Attack method : Meta_Self | Attack ptb : 0.05 | Dataset: Cora
======================
Number of graphs: 1
Number of features: 1433
Number of classes: 7

Data(x=[2708, 1433], edge_index=[2, 13790], y=[2708], train_mask=[2708], val_mask=[2708], test_mask=[2708])
===========================================================================================================
Number of nodes: 2708
Number of edges: 13790
Average node degree: 5.09
Has isolated nodes: False
Has self-loops: True
Is undirected: True
GCN(
  (conv_layers): ModuleList(
    (0): GCNConv(1433, 256)
    (1): GCNConv(256, 256)
  )
)
Successfully loaded pre-trained weights!
use RobustPrompt Inductive
defense pt dict :  {'sim_pt': -1.0, 'degree_pt': -1, 'out_detect_pt': 0.5, 'other_pt': 'all'}
use_attention :  False
kl_global :  False
cosine_constraint :  True
pt_threshold :  0.25
filter_module :  OriginalFilter
temperature :  1.0
weight_mse 0.1
weight_kl :  0.1
weight_constraint :  0.0
prepare induce graph data is finished!
run RobustPrompt-I
Epoch 001 |  Time(s) 0.1981 | RobustPrompt-I Loss 1.9446  
Epoch 002 |  Time(s) 0.0938 | RobustPrompt-I Loss 1.9511  
Epoch 003 |  Time(s) 0.0845 | RobustPrompt-I Loss 1.9452  
Epoch 004 |  Time(s) 0.0854 | RobustPrompt-I Loss 1.9372  
Epoch 005 |  Time(s) 0.0852 | RobustPrompt-I Loss 1.9305  
Epoch 006 |  Time(s) 0.0852 | RobustPrompt-I Loss 1.9327  
Epoch 007 |  Time(s) 0.0850 | RobustPrompt-I Loss 1.9230  
Epoch 008 |  Time(s) 0.0852 | RobustPrompt-I Loss 1.9198  
Epoch 009 |  Time(s) 0.0851 | RobustPrompt-I Loss nan  
Epoch 010 |  Time(s) 0.0847 | RobustPrompt-I Loss nan  
Epoch 011 |  Time(s) 0.0851 | RobustPrompt-I Loss nan  
Epoch 012 |  Time(s) 0.0850 | RobustPrompt-I Loss nan  
Epoch 013 |  Time(s) 0.0850 | RobustPrompt-I Loss nan  
Epoch 014 |  Time(s) 0.1365 | RobustPrompt-I Loss nan  
Epoch 015 |  Time(s) 0.0884 | RobustPrompt-I Loss nan  
Epoch 016 |  Time(s) 0.0854 | RobustPrompt-I Loss nan  
Epoch 017 |  Time(s) 0.0858 | RobustPrompt-I Loss nan  
Epoch 018 |  Time(s) 0.0860 | RobustPrompt-I Loss nan  
Epoch 019 |  Time(s) 0.0854 | RobustPrompt-I Loss nan  
Epoch 020 |  Time(s) 0.0862 | RobustPrompt-I Loss nan  
Epoch 021 |  Time(s) 0.0855 | RobustPrompt-I Loss nan  
Epoch 022 |  Time(s) 0.0856 | RobustPrompt-I Loss nan  
Epoch 023 |  Time(s) 0.0862 | RobustPrompt-I Loss nan  
Epoch 024 |  Time(s) 0.1026 | RobustPrompt-I Loss nan  
Epoch 025 |  Time(s) 0.0993 | RobustPrompt-I Loss nan  
Epoch 026 |  Time(s) 0.0860 | RobustPrompt-I Loss nan  
Epoch 027 |  Time(s) 0.0866 | RobustPrompt-I Loss nan  
----------------------------------------------------------------------------------------------------
Early stopping at 28 eopch!
load LLC or attacked data with specified split
Successfully loaded the attack of dataname with few shot 5, split 1
Attack method : Meta_Self | Attack ptb : 0.05 | Dataset: Cora
======================
Number of graphs: 1
Number of features: 1433
Number of classes: 7

Data(x=[2708, 1433], edge_index=[2, 13790], y=[2708], train_mask=[2708], val_mask=[2708], test_mask=[2708])
===========================================================================================================
Number of nodes: 2708
Number of edges: 13790
Average node degree: 5.09
Has isolated nodes: False
Has self-loops: True
Is undirected: True
GCN(
  (conv_layers): ModuleList(
    (0): GCNConv(1433, 256)
    (1): GCNConv(256, 256)
  )
)
Successfully loaded pre-trained weights!
use RobustPrompt Inductive
defense pt dict :  {'sim_pt': -1.0, 'degree_pt': -1, 'out_detect_pt': 0.5, 'other_pt': 'all'}
use_attention :  False
kl_global :  False
cosine_constraint :  True
pt_threshold :  0.25
filter_module :  OriginalFilter
temperature :  1.0
weight_mse 0.1
weight_kl :  0.1
weight_constraint :  0.0
prepare induce graph data is finished!
run RobustPrompt-I
Epoch 001 |  Time(s) 0.1006 | RobustPrompt-I Loss 1.9455  
Epoch 002 |  Time(s) 0.0856 | RobustPrompt-I Loss 1.9486  
Epoch 003 |  Time(s) 0.0929 | RobustPrompt-I Loss 1.9424  
Epoch 004 |  Time(s) 0.0856 | RobustPrompt-I Loss 1.9372  
Epoch 005 |  Time(s) 0.0858 | RobustPrompt-I Loss 1.9321  
Epoch 006 |  Time(s) 0.0856 | RobustPrompt-I Loss 1.9395  
Epoch 007 |  Time(s) 0.0861 | RobustPrompt-I Loss 1.9268  
Epoch 008 |  Time(s) 0.0862 | RobustPrompt-I Loss 1.9192  
Epoch 009 |  Time(s) 0.0871 | RobustPrompt-I Loss 1.9153  
Epoch 010 |  Time(s) 0.0870 | RobustPrompt-I Loss 1.9091  
Epoch 011 |  Time(s) 0.0876 | RobustPrompt-I Loss 1.8962  
Epoch 012 |  Time(s) 0.0877 | RobustPrompt-I Loss 1.8958  
Epoch 013 |  Time(s) 0.0871 | RobustPrompt-I Loss 1.8805  
Epoch 014 |  Time(s) 0.0870 | RobustPrompt-I Loss 1.8751  
Epoch 015 |  Time(s) 0.0868 | RobustPrompt-I Loss 1.8563  
Epoch 016 |  Time(s) 0.0875 | RobustPrompt-I Loss 1.8546  
Epoch 017 |  Time(s) 0.0906 | RobustPrompt-I Loss 1.8360  
Epoch 018 |  Time(s) 0.0880 | RobustPrompt-I Loss 1.8342  
Epoch 019 |  Time(s) 0.0867 | RobustPrompt-I Loss 1.8196  
Epoch 020 |  Time(s) 0.0881 | RobustPrompt-I Loss 1.8220  
Epoch 021 |  Time(s) 0.0878 | RobustPrompt-I Loss 1.7974  
Epoch 022 |  Time(s) 0.0882 | RobustPrompt-I Loss 1.7929  
Epoch 023 |  Time(s) 0.0876 | RobustPrompt-I Loss 1.7760  
Epoch 024 |  Time(s) 0.0863 | RobustPrompt-I Loss 1.7841  
Epoch 025 |  Time(s) 0.0881 | RobustPrompt-I Loss 1.7748  
Epoch 026 |  Time(s) 0.0884 | RobustPrompt-I Loss 1.7755  
Epoch 027 |  Time(s) 0.0879 | RobustPrompt-I Loss 1.7460  
Epoch 028 |  Time(s) 0.0883 | RobustPrompt-I Loss 1.7499  
Epoch 029 |  Time(s) 0.0878 | RobustPrompt-I Loss 1.7411  
Epoch 030 |  Time(s) 0.0877 | RobustPrompt-I Loss 1.7479  
Epoch 031 |  Time(s) 0.0886 | RobustPrompt-I Loss 1.7187  
Epoch 032 |  Time(s) 0.0882 | RobustPrompt-I Loss 1.7200  
Epoch 033 |  Time(s) 0.0860 | RobustPrompt-I Loss 1.7137  
Epoch 034 |  Time(s) 0.0863 | RobustPrompt-I Loss 1.7288  
Epoch 035 |  Time(s) 0.0883 | RobustPrompt-I Loss 1.6952  
Epoch 036 |  Time(s) 0.0878 | RobustPrompt-I Loss 1.7049  
Epoch 037 |  Time(s) 0.0871 | RobustPrompt-I Loss 1.7074  
Epoch 038 |  Time(s) 0.0866 | RobustPrompt-I Loss 1.6793  
Epoch 039 |  Time(s) 0.0873 | RobustPrompt-I Loss 1.6822  
Epoch 040 |  Time(s) 0.0882 | RobustPrompt-I Loss 1.6951  
Epoch 041 |  Time(s) 0.0870 | RobustPrompt-I Loss 1.6582  
Epoch 042 |  Time(s) 0.0875 | RobustPrompt-I Loss 1.7383  
Epoch 043 |  Time(s) 0.1472 | RobustPrompt-I Loss 1.6988  
Epoch 044 |  Time(s) 0.2435 | RobustPrompt-I Loss 1.6995  
Epoch 045 |  Time(s) 0.1023 | RobustPrompt-I Loss 1.7015  
Epoch 046 |  Time(s) 0.0908 | RobustPrompt-I Loss 1.6712  
Epoch 047 |  Time(s) 0.0910 | RobustPrompt-I Loss 1.6618  
Epoch 048 |  Time(s) 0.0899 | RobustPrompt-I Loss 1.6709  
Epoch 049 |  Time(s) 0.0896 | RobustPrompt-I Loss 1.6268  
Epoch 050 |  Time(s) 0.0895 | RobustPrompt-I Loss 1.7124  
Epoch 051 |  Time(s) 0.0892 | RobustPrompt-I Loss 1.7122  
Epoch 052 |  Time(s) 0.0888 | RobustPrompt-I Loss 1.5950  
Epoch 053 |  Time(s) 0.0893 | RobustPrompt-I Loss 1.6462  
Epoch 054 |  Time(s) 0.0896 | RobustPrompt-I Loss 1.5881  
Epoch 055 |  Time(s) 0.1170 | RobustPrompt-I Loss 1.6748  
Epoch 056 |  Time(s) 0.0968 | RobustPrompt-I Loss 1.6458  
Epoch 057 |  Time(s) 0.0880 | RobustPrompt-I Loss 1.5851  
Epoch 058 |  Time(s) 0.1018 | RobustPrompt-I Loss 1.6017  
Epoch 059 |  Time(s) 0.0926 | RobustPrompt-I Loss 1.5554  
Epoch 060 |  Time(s) 0.0895 | RobustPrompt-I Loss 1.6335  
Epoch 061 |  Time(s) 0.0896 | RobustPrompt-I Loss 1.5825  
Epoch 062 |  Time(s) 0.0889 | RobustPrompt-I Loss 1.5937  
Epoch 063 |  Time(s) 0.0888 | RobustPrompt-I Loss 1.6076  
Epoch 064 |  Time(s) 0.0892 | RobustPrompt-I Loss 1.5397  
Epoch 065 |  Time(s) 0.0893 | RobustPrompt-I Loss 1.5413  
Epoch 066 |  Time(s) 0.0885 | RobustPrompt-I Loss 1.5339  
Epoch 067 |  Time(s) 0.0886 | RobustPrompt-I Loss 1.5044  
Epoch 068 |  Time(s) 0.0884 | RobustPrompt-I Loss 1.5587  
Epoch 069 |  Time(s) 0.0984 | RobustPrompt-I Loss 1.5205  
Epoch 070 |  Time(s) 0.0922 | RobustPrompt-I Loss 1.5399  
Epoch 071 |  Time(s) 0.0884 | RobustPrompt-I Loss 1.5320  
Epoch 072 |  Time(s) 0.1398 | RobustPrompt-I Loss 1.4935  
Epoch 073 |  Time(s) 0.0912 | RobustPrompt-I Loss 1.4735  
Epoch 074 |  Time(s) 0.0888 | RobustPrompt-I Loss 1.5123  
Epoch 075 |  Time(s) 0.0981 | RobustPrompt-I Loss 1.4891  
Epoch 076 |  Time(s) 0.1001 | RobustPrompt-I Loss 1.4584  
Epoch 077 |  Time(s) 0.1416 | RobustPrompt-I Loss 1.4426  
Epoch 078 |  Time(s) 0.0918 | RobustPrompt-I Loss 1.4763  
Epoch 079 |  Time(s) 0.0973 | RobustPrompt-I Loss 1.4608  
Epoch 080 |  Time(s) 0.0885 | RobustPrompt-I Loss 1.4293  
Epoch 081 |  Time(s) 0.0884 | RobustPrompt-I Loss 1.4172  
Epoch 082 |  Time(s) 0.0899 | RobustPrompt-I Loss 1.4451  
Epoch 083 |  Time(s) 0.0884 | RobustPrompt-I Loss 1.4284  
Epoch 084 |  Time(s) 0.0885 | RobustPrompt-I Loss 1.4062  
Epoch 085 |  Time(s) 0.0894 | RobustPrompt-I Loss 1.3911  
Epoch 086 |  Time(s) 0.0895 | RobustPrompt-I Loss 1.4194  
Epoch 087 |  Time(s) 0.0891 | RobustPrompt-I Loss 1.4014  
Epoch 088 |  Time(s) 0.0890 | RobustPrompt-I Loss 1.3785  
Epoch 089 |  Time(s) 0.0889 | RobustPrompt-I Loss 1.3644  
Epoch 090 |  Time(s) 0.0892 | RobustPrompt-I Loss 1.3872  
Epoch 091 |  Time(s) 0.0891 | RobustPrompt-I Loss 1.3632  
Epoch 092 |  Time(s) 0.0890 | RobustPrompt-I Loss 1.3624  
Epoch 093 |  Time(s) 0.1378 | RobustPrompt-I Loss 1.3446  
Epoch 094 |  Time(s) 0.1943 | RobustPrompt-I Loss 1.3563  
Epoch 095 |  Time(s) 0.1861 | RobustPrompt-I Loss 1.3360  
Epoch 096 |  Time(s) 0.0990 | RobustPrompt-I Loss 1.3353  
Epoch 097 |  Time(s) 0.1019 | RobustPrompt-I Loss 1.3169  
Epoch 098 |  Time(s) 0.1030 | RobustPrompt-I Loss 1.3312  
Epoch 099 |  Time(s) 0.0871 | RobustPrompt-I Loss 1.3095  
Epoch 100 |  Time(s) 0.0865 | RobustPrompt-I Loss 1.3131  
Epoch 101 |  Time(s) 0.0863 | RobustPrompt-I Loss 1.2954  
Epoch 102 |  Time(s) 0.0868 | RobustPrompt-I Loss 1.3028  
Epoch 103 |  Time(s) 0.0853 | RobustPrompt-I Loss 1.2831  
Epoch 104 |  Time(s) 0.0858 | RobustPrompt-I Loss 1.2907  
Epoch 105 |  Time(s) 0.0868 | RobustPrompt-I Loss 1.2723  
Epoch 106 |  Time(s) 0.0858 | RobustPrompt-I Loss 1.2805  
Epoch 107 |  Time(s) 0.0857 | RobustPrompt-I Loss 1.2629  
Epoch 108 |  Time(s) 0.0856 | RobustPrompt-I Loss 1.2656  
Epoch 109 |  Time(s) 0.0864 | RobustPrompt-I Loss 1.2480  
Epoch 110 |  Time(s) 0.0870 | RobustPrompt-I Loss 1.2611  
Epoch 111 |  Time(s) 0.0862 | RobustPrompt-I Loss 1.2442  
Epoch 112 |  Time(s) 0.0862 | RobustPrompt-I Loss 1.2424  
Epoch 113 |  Time(s) 0.0861 | RobustPrompt-I Loss 1.2262  
Epoch 114 |  Time(s) 0.0875 | RobustPrompt-I Loss 1.2420  
Epoch 115 |  Time(s) 0.0864 | RobustPrompt-I Loss 1.2255  
Epoch 116 |  Time(s) 0.0885 | RobustPrompt-I Loss 1.2223  
Epoch 117 |  Time(s) 0.0865 | RobustPrompt-I Loss 1.2071  
Epoch 118 |  Time(s) 0.0868 | RobustPrompt-I Loss 1.2231  
Epoch 119 |  Time(s) 0.0867 | RobustPrompt-I Loss 1.2071  
Epoch 120 |  Time(s) 0.0861 | RobustPrompt-I Loss 1.2048  
Epoch 121 |  Time(s) 0.0869 | RobustPrompt-I Loss 1.1903  
Epoch 122 |  Time(s) 0.0854 | RobustPrompt-I Loss 1.2041  
Epoch 123 |  Time(s) 0.0854 | RobustPrompt-I Loss 1.1885  
Epoch 124 |  Time(s) 0.0854 | RobustPrompt-I Loss 1.1901  
Epoch 125 |  Time(s) 0.0867 | RobustPrompt-I Loss 1.1767  
Epoch 126 |  Time(s) 0.0854 | RobustPrompt-I Loss nan  
Epoch 127 |  Time(s) 0.0859 | RobustPrompt-I Loss nan  
Epoch 128 |  Time(s) 0.0863 | RobustPrompt-I Loss nan  
Epoch 129 |  Time(s) 0.0863 | RobustPrompt-I Loss nan  
Epoch 130 |  Time(s) 0.0862 | RobustPrompt-I Loss nan  
Epoch 131 |  Time(s) 0.0905 | RobustPrompt-I Loss nan  
Epoch 132 |  Time(s) 0.0868 | RobustPrompt-I Loss nan  
Epoch 133 |  Time(s) 0.0861 | RobustPrompt-I Loss nan  
Epoch 134 |  Time(s) 0.0857 | RobustPrompt-I Loss nan  
Epoch 135 |  Time(s) 0.0851 | RobustPrompt-I Loss nan  
Epoch 136 |  Time(s) 0.0856 | RobustPrompt-I Loss nan  
Epoch 137 |  Time(s) 0.0868 | RobustPrompt-I Loss nan  
Epoch 138 |  Time(s) 0.0859 | RobustPrompt-I Loss nan  
Epoch 139 |  Time(s) 0.0859 | RobustPrompt-I Loss nan  
Epoch 140 |  Time(s) 0.0860 | RobustPrompt-I Loss nan  
Epoch 141 |  Time(s) 0.0859 | RobustPrompt-I Loss nan  
Epoch 142 |  Time(s) 0.0861 | RobustPrompt-I Loss nan  
Epoch 143 |  Time(s) 0.0865 | RobustPrompt-I Loss nan  
Epoch 144 |  Time(s) 0.0864 | RobustPrompt-I Loss nan  
----------------------------------------------------------------------------------------------------
Early stopping at 145 eopch!
load LLC or attacked data with specified split
Successfully loaded the attack of dataname with few shot 5, split 1
Attack method : Meta_Self | Attack ptb : 0.05 | Dataset: Cora
======================
Number of graphs: 1
Number of features: 1433
Number of classes: 7

Data(x=[2708, 1433], edge_index=[2, 13790], y=[2708], train_mask=[2708], val_mask=[2708], test_mask=[2708])
===========================================================================================================
Number of nodes: 2708
Number of edges: 13790
Average node degree: 5.09
Has isolated nodes: False
Has self-loops: True
Is undirected: True
GCN(
  (conv_layers): ModuleList(
    (0): GCNConv(1433, 256)
    (1): GCNConv(256, 256)
  )
)
Successfully loaded pre-trained weights!
use RobustPrompt Inductive
defense pt dict :  {'sim_pt': -1.0, 'degree_pt': -1, 'out_detect_pt': 0.5, 'other_pt': 'all'}
use_attention :  False
kl_global :  False
cosine_constraint :  True
pt_threshold :  0.25
filter_module :  OriginalFilter
temperature :  1.0
weight_mse 0.1
weight_kl :  0.1
weight_constraint :  0.0
prepare induce graph data is finished!
run RobustPrompt-I
Epoch 001 |  Time(s) 0.1024 | RobustPrompt-I Loss 1.9425  
Epoch 002 |  Time(s) 0.0874 | RobustPrompt-I Loss 1.9573  
Epoch 003 |  Time(s) 0.0871 | RobustPrompt-I Loss 1.9404  
Epoch 004 |  Time(s) 0.0873 | RobustPrompt-I Loss 1.9346  
Epoch 005 |  Time(s) 0.0883 | RobustPrompt-I Loss 1.9385  
Epoch 006 |  Time(s) 0.0886 | RobustPrompt-I Loss 1.9308  
Epoch 007 |  Time(s) 0.0875 | RobustPrompt-I Loss 1.9243  
Epoch 008 |  Time(s) 0.0890 | RobustPrompt-I Loss 1.9174  
Epoch 009 |  Time(s) 0.2536 | RobustPrompt-I Loss 1.9126  
Epoch 010 |  Time(s) 0.0886 | RobustPrompt-I Loss 1.9024  
Epoch 011 |  Time(s) 0.0887 | RobustPrompt-I Loss 1.8997  
Epoch 012 |  Time(s) 0.0884 | RobustPrompt-I Loss 1.8962  
Epoch 013 |  Time(s) 0.0903 | RobustPrompt-I Loss 1.8827  
Epoch 014 |  Time(s) 0.0883 | RobustPrompt-I Loss 1.8739  
Epoch 015 |  Time(s) 0.0882 | RobustPrompt-I Loss 1.8656  
Epoch 016 |  Time(s) 0.0895 | RobustPrompt-I Loss 1.8671  
Epoch 017 |  Time(s) 0.0880 | RobustPrompt-I Loss 1.8729  
Epoch 018 |  Time(s) 0.0888 | RobustPrompt-I Loss 1.8436  
Epoch 019 |  Time(s) 0.0880 | RobustPrompt-I Loss 1.8410  
Epoch 020 |  Time(s) 0.0888 | RobustPrompt-I Loss 1.8411  
Epoch 021 |  Time(s) 0.0878 | RobustPrompt-I Loss 1.8136  
Epoch 022 |  Time(s) 0.0895 | RobustPrompt-I Loss 1.8244  
Epoch 023 |  Time(s) 0.0875 | RobustPrompt-I Loss 1.8075  
Epoch 024 |  Time(s) 0.0883 | RobustPrompt-I Loss 1.7912  
Epoch 025 |  Time(s) 0.0887 | RobustPrompt-I Loss 1.7977  
Epoch 026 |  Time(s) 0.0884 | RobustPrompt-I Loss 1.7733  
Epoch 027 |  Time(s) 0.0882 | RobustPrompt-I Loss 1.7690  
Epoch 028 |  Time(s) 0.0920 | RobustPrompt-I Loss 1.7745  
Epoch 029 |  Time(s) 0.0890 | RobustPrompt-I Loss 1.7640  
Epoch 030 |  Time(s) 0.0897 | RobustPrompt-I Loss 1.7429  
Epoch 031 |  Time(s) 0.0907 | RobustPrompt-I Loss 1.7483  
Epoch 032 |  Time(s) 0.0922 | RobustPrompt-I Loss 1.7480  
Epoch 033 |  Time(s) 0.1186 | RobustPrompt-I Loss 1.7275  
Epoch 034 |  Time(s) 0.1025 | RobustPrompt-I Loss nan  
Epoch 035 |  Time(s) 0.0918 | RobustPrompt-I Loss nan  
Epoch 036 |  Time(s) 0.0975 | RobustPrompt-I Loss nan  
Epoch 037 |  Time(s) 0.0899 | RobustPrompt-I Loss nan  
Epoch 038 |  Time(s) 0.0925 | RobustPrompt-I Loss nan  
Epoch 039 |  Time(s) 0.0923 | RobustPrompt-I Loss nan  
Epoch 040 |  Time(s) 0.0867 | RobustPrompt-I Loss nan  
Epoch 041 |  Time(s) 0.0869 | RobustPrompt-I Loss nan  
Epoch 042 |  Time(s) 0.1114 | RobustPrompt-I Loss nan  
Epoch 043 |  Time(s) 0.0922 | RobustPrompt-I Loss nan  
Epoch 044 |  Time(s) 0.0870 | RobustPrompt-I Loss nan  
Epoch 045 |  Time(s) 0.1494 | RobustPrompt-I Loss nan  
Epoch 046 |  Time(s) 0.1032 | RobustPrompt-I Loss nan  
Epoch 047 |  Time(s) 0.0875 | RobustPrompt-I Loss nan  
Epoch 048 |  Time(s) 0.0876 | RobustPrompt-I Loss nan  
Epoch 049 |  Time(s) 0.0868 | RobustPrompt-I Loss nan  
Epoch 050 |  Time(s) 0.0864 | RobustPrompt-I Loss nan  
Epoch 051 |  Time(s) 0.0870 | RobustPrompt-I Loss nan  
Epoch 052 |  Time(s) 0.0870 | RobustPrompt-I Loss nan  
----------------------------------------------------------------------------------------------------
Early stopping at 53 eopch!
load LLC or attacked data with specified split
Successfully loaded the attack of dataname with few shot 5, split 1
Attack method : Meta_Self | Attack ptb : 0.05 | Dataset: Cora
======================
Number of graphs: 1
Number of features: 1433
Number of classes: 7

Data(x=[2708, 1433], edge_index=[2, 13790], y=[2708], train_mask=[2708], val_mask=[2708], test_mask=[2708])
===========================================================================================================
Number of nodes: 2708
Number of edges: 13790
Average node degree: 5.09
Has isolated nodes: False
Has self-loops: True
Is undirected: True
GCN(
  (conv_layers): ModuleList(
    (0): GCNConv(1433, 256)
    (1): GCNConv(256, 256)
  )
)
Successfully loaded pre-trained weights!
use RobustPrompt Inductive
defense pt dict :  {'sim_pt': -1.0, 'degree_pt': -1, 'out_detect_pt': 0.5, 'other_pt': 'all'}
use_attention :  False
kl_global :  False
cosine_constraint :  True
pt_threshold :  0.25
filter_module :  OriginalFilter
temperature :  1.0
weight_mse 0.1
weight_kl :  0.1
weight_constraint :  0.0
prepare induce graph data is finished!
run RobustPrompt-I
Epoch 001 |  Time(s) 0.0963 | RobustPrompt-I Loss 1.9486  
Epoch 002 |  Time(s) 0.0883 | RobustPrompt-I Loss 1.9458  
Epoch 003 |  Time(s) 0.0879 | RobustPrompt-I Loss 1.9427  
Epoch 004 |  Time(s) 0.0881 | RobustPrompt-I Loss 1.9376  
Epoch 005 |  Time(s) 0.0877 | RobustPrompt-I Loss 1.9408  
Epoch 006 |  Time(s) 0.0878 | RobustPrompt-I Loss 1.9295  
Epoch 007 |  Time(s) 0.0881 | RobustPrompt-I Loss 1.9243  
Epoch 008 |  Time(s) 0.0879 | RobustPrompt-I Loss 1.9249  
Epoch 009 |  Time(s) 0.0878 | RobustPrompt-I Loss 1.9127  
Epoch 010 |  Time(s) 0.0932 | RobustPrompt-I Loss 1.9054  
Epoch 011 |  Time(s) 0.1277 | RobustPrompt-I Loss 1.8991  
Epoch 012 |  Time(s) 0.1656 | RobustPrompt-I Loss 1.8838  
Epoch 013 |  Time(s) 0.1049 | RobustPrompt-I Loss 1.8788  
Epoch 014 |  Time(s) 0.1010 | RobustPrompt-I Loss 1.8661  
Epoch 015 |  Time(s) 0.0868 | RobustPrompt-I Loss 1.8506  
Epoch 016 |  Time(s) 0.0878 | RobustPrompt-I Loss 1.8483  
Epoch 017 |  Time(s) 0.0861 | RobustPrompt-I Loss 1.8396  
Epoch 018 |  Time(s) 0.0877 | RobustPrompt-I Loss 1.8196  
Epoch 019 |  Time(s) 0.0889 | RobustPrompt-I Loss 1.8178  
Epoch 020 |  Time(s) 0.0874 | RobustPrompt-I Loss 1.8294  
Epoch 021 |  Time(s) 0.0866 | RobustPrompt-I Loss 1.7948  
Epoch 022 |  Time(s) 0.0922 | RobustPrompt-I Loss 1.7911  
Epoch 023 |  Time(s) 0.0954 | RobustPrompt-I Loss 1.8038  
Epoch 024 |  Time(s) 0.0894 | RobustPrompt-I Loss 1.7689  
Epoch 025 |  Time(s) 0.0895 | RobustPrompt-I Loss 1.7780  
Epoch 026 |  Time(s) 0.0903 | RobustPrompt-I Loss 1.7741  
Epoch 027 |  Time(s) 0.0946 | RobustPrompt-I Loss 1.7509  
Epoch 028 |  Time(s) 0.0920 | RobustPrompt-I Loss nan  
Epoch 029 |  Time(s) 0.0878 | RobustPrompt-I Loss nan  
Epoch 030 |  Time(s) 0.0895 | RobustPrompt-I Loss nan  
Epoch 031 |  Time(s) 0.0894 | RobustPrompt-I Loss nan  
Epoch 032 |  Time(s) 0.0917 | RobustPrompt-I Loss nan  
Epoch 033 |  Time(s) 0.0881 | RobustPrompt-I Loss nan  
Epoch 034 |  Time(s) 0.0878 | RobustPrompt-I Loss nan  
Epoch 035 |  Time(s) 0.0878 | RobustPrompt-I Loss nan  
Epoch 036 |  Time(s) 0.0868 | RobustPrompt-I Loss nan  
Epoch 037 |  Time(s) 0.0865 | RobustPrompt-I Loss nan  
Epoch 038 |  Time(s) 0.0869 | RobustPrompt-I Loss nan  
Epoch 039 |  Time(s) 0.0894 | RobustPrompt-I Loss nan  
Epoch 040 |  Time(s) 0.0914 | RobustPrompt-I Loss nan  
Epoch 041 |  Time(s) 0.0934 | RobustPrompt-I Loss nan  
Epoch 042 |  Time(s) 0.0893 | RobustPrompt-I Loss nan  
Epoch 043 |  Time(s) 0.0862 | RobustPrompt-I Loss nan  
Epoch 044 |  Time(s) 0.0871 | RobustPrompt-I Loss nan  
Epoch 045 |  Time(s) 0.0871 | RobustPrompt-I Loss nan  
Epoch 046 |  Time(s) 0.0869 | RobustPrompt-I Loss nan  
----------------------------------------------------------------------------------------------------
Early stopping at 47 eopch!
{1: {1: nan}, 2: {1: nan}, 3: {1: nan}, 4: {1: nan}, 5: {1: nan}}
{1: {1: nan, 2: nan, 3: nan, 4: nan, 5: nan}}
########################################################################################
seed: 1 | split 1 : nan
# Seed 1 Muti Split Final Acc: nan±nan
seed: 2 | split 1 : nan
# Seed 2 Muti Split Final Acc: nan±nan
seed: 3 | split 1 : nan
# Seed 3 Muti Split Final Acc: nan±nan
seed: 4 | split 1 : nan
# Seed 4 Muti Split Final Acc: nan±nan
seed: 5 | split 1 : nan
# Seed 5 Muti Split Final Acc: nan±nan
########################################################################################
split: 1 | seed 1 : nan
split: 1 | seed 2 : nan
split: 1 | seed 3 : nan
split: 1 | seed 4 : nan
split: 1 | seed 5 : nan
# Split 1 Muti Seed Acc without min value: nan±nan
########################################################################################
Done phase=ood, ood=0.5, ptb=0.05, end=2026-06-09 00:17:42, duration=00:00:49
