Start phase=ood, ood=0.6, ptb=0.0, time=2026-06-09 00:13:25, log=logs/RobustPrompt-I/ft_ood0.6_0.0_20260609_001325.log
load LLC or attacked data with specified split
Successfully loaded the attack of dataname with few shot 5, split 1
Attack method : Meta_Self | Attack ptb : 0.0 | Dataset: Cora
======================
Number of graphs: 1
Number of features: 1433
Number of classes: 7

Data(x=[2708, 1433], edge_index=[2, 13264], y=[2708], train_mask=[2708], val_mask=[2708], test_mask=[2708])
===========================================================================================================
Number of nodes: 2708
Number of edges: 13264
Average node degree: 4.90
Has isolated nodes: False
Has self-loops: True
Is undirected: True
GCN(
  (conv_layers): ModuleList(
    (0): GCNConv(1433, 256)
    (1): GCNConv(256, 256)
  )
)
Successfully loaded pre-trained weights!
use RobustPrompt Inductive
defense pt dict :  {'sim_pt': -1.0, 'degree_pt': -1, 'out_detect_pt': 0.6, 'other_pt': 'all'}
use_attention :  False
kl_global :  False
cosine_constraint :  True
pt_threshold :  0.25
filter_module :  OriginalFilter
temperature :  1.0
weight_mse 0.1
weight_kl :  0.1
weight_constraint :  0.0
prepare induce graph data is finished!
run RobustPrompt-I
Epoch 001 |  Time(s) 0.5953 | RobustPrompt-I Loss 1.9425  
Epoch 002 |  Time(s) 0.0845 | RobustPrompt-I Loss 1.9402  
Epoch 003 |  Time(s) 0.0823 | RobustPrompt-I Loss 1.9333  
Epoch 004 |  Time(s) 0.0911 | RobustPrompt-I Loss 1.9228  
Epoch 005 |  Time(s) 0.0986 | RobustPrompt-I Loss 1.9081  
Epoch 006 |  Time(s) 0.0856 | RobustPrompt-I Loss 1.8836  
Epoch 007 |  Time(s) 0.0802 | RobustPrompt-I Loss 1.8813  
Epoch 008 |  Time(s) 0.0826 | RobustPrompt-I Loss 1.8422  
Epoch 009 |  Time(s) 0.0775 | RobustPrompt-I Loss 1.8209  
Epoch 010 |  Time(s) 0.0775 | RobustPrompt-I Loss 1.7950  
Epoch 011 |  Time(s) 0.0850 | RobustPrompt-I Loss 1.7869  
Epoch 012 |  Time(s) 0.0776 | RobustPrompt-I Loss 1.7665  
Epoch 013 |  Time(s) 0.0766 | RobustPrompt-I Loss 1.7640  
Epoch 014 |  Time(s) 0.0812 | RobustPrompt-I Loss 1.7525  
Epoch 015 |  Time(s) 0.0773 | RobustPrompt-I Loss 1.7422  
Epoch 016 |  Time(s) 0.0776 | RobustPrompt-I Loss 1.7357  
Epoch 017 |  Time(s) 0.0777 | RobustPrompt-I Loss 1.7258  
Epoch 018 |  Time(s) 0.1457 | RobustPrompt-I Loss 1.7190  
Epoch 019 |  Time(s) 0.0842 | RobustPrompt-I Loss 1.7143  
Epoch 020 |  Time(s) 0.0875 | RobustPrompt-I Loss 1.6947  
Epoch 021 |  Time(s) 0.0779 | RobustPrompt-I Loss 1.6885  
Epoch 022 |  Time(s) 0.0855 | RobustPrompt-I Loss 1.6965  
Epoch 023 |  Time(s) 0.1826 | RobustPrompt-I Loss 1.6844  
Epoch 024 |  Time(s) 0.3833 | RobustPrompt-I Loss 1.6588  
Epoch 025 |  Time(s) 0.2901 | RobustPrompt-I Loss 1.6653  
Epoch 026 |  Time(s) 0.2202 | RobustPrompt-I Loss 1.6608  
Epoch 027 |  Time(s) 0.0827 | RobustPrompt-I Loss 1.6305  
Epoch 028 |  Time(s) 0.0793 | RobustPrompt-I Loss 1.6387  
Epoch 029 |  Time(s) 0.0782 | RobustPrompt-I Loss 1.6327  
Epoch 030 |  Time(s) 0.0776 | RobustPrompt-I Loss 1.6035  
Epoch 031 |  Time(s) 0.0789 | RobustPrompt-I Loss 1.6193  
Epoch 032 |  Time(s) 0.0797 | RobustPrompt-I Loss 1.5868  
Epoch 033 |  Time(s) 0.0780 | RobustPrompt-I Loss 1.5856  
Epoch 034 |  Time(s) 0.0781 | RobustPrompt-I Loss 1.5989  
Epoch 035 |  Time(s) 0.0819 | RobustPrompt-I Loss 1.5580  
Epoch 036 |  Time(s) 0.1541 | RobustPrompt-I Loss 1.6228  
Epoch 037 |  Time(s) 0.3867 | RobustPrompt-I Loss 1.6006  
Epoch 038 |  Time(s) 0.2158 | RobustPrompt-I Loss 1.5371  
Epoch 039 |  Time(s) 0.1012 | RobustPrompt-I Loss 1.5833  
Epoch 040 |  Time(s) 0.1504 | RobustPrompt-I Loss 1.5081  
Epoch 041 |  Time(s) 0.0827 | RobustPrompt-I Loss 1.6627  
Epoch 042 |  Time(s) 0.0791 | RobustPrompt-I Loss 1.6660  
Epoch 043 |  Time(s) 0.0800 | RobustPrompt-I Loss 1.5047  
Epoch 044 |  Time(s) 0.0800 | RobustPrompt-I Loss 1.6190  
Epoch 045 |  Time(s) 0.0789 | RobustPrompt-I Loss 1.6809  
Epoch 046 |  Time(s) 0.0794 | RobustPrompt-I Loss 1.5142  
Epoch 047 |  Time(s) 0.0796 | RobustPrompt-I Loss 1.5241  
Epoch 048 |  Time(s) 0.0801 | RobustPrompt-I Loss 1.5945  
Epoch 049 |  Time(s) 0.0796 | RobustPrompt-I Loss 1.4771  
Epoch 050 |  Time(s) 0.0804 | RobustPrompt-I Loss 1.5300  
Epoch 051 |  Time(s) 0.0892 | RobustPrompt-I Loss 1.6180  
Epoch 052 |  Time(s) 0.0815 | RobustPrompt-I Loss 1.4928  
Epoch 053 |  Time(s) 0.0808 | RobustPrompt-I Loss 1.4573  
Epoch 054 |  Time(s) 0.0806 | RobustPrompt-I Loss 1.5274  
Epoch 055 |  Time(s) 0.0805 | RobustPrompt-I Loss 1.4515  
Epoch 056 |  Time(s) 0.0804 | RobustPrompt-I Loss 1.4699  
Epoch 057 |  Time(s) 0.0813 | RobustPrompt-I Loss 1.5118  
Epoch 058 |  Time(s) 0.0802 | RobustPrompt-I Loss 1.4646  
Epoch 059 |  Time(s) 0.0792 | RobustPrompt-I Loss 1.3955  
Epoch 060 |  Time(s) 0.0797 | RobustPrompt-I Loss 1.4505  
Epoch 061 |  Time(s) 0.0796 | RobustPrompt-I Loss 1.3791  
Epoch 062 |  Time(s) 0.0791 | RobustPrompt-I Loss 1.5022  
Epoch 063 |  Time(s) 0.0798 | RobustPrompt-I Loss 1.4730  
Epoch 064 |  Time(s) 0.0795 | RobustPrompt-I Loss 1.4545  
Epoch 065 |  Time(s) 0.0797 | RobustPrompt-I Loss 1.4077  
Epoch 066 |  Time(s) 0.0800 | RobustPrompt-I Loss 1.4239  
Epoch 067 |  Time(s) 0.0793 | RobustPrompt-I Loss 1.4371  
Epoch 068 |  Time(s) 0.0819 | RobustPrompt-I Loss 1.3587  
Epoch 069 |  Time(s) 0.0798 | RobustPrompt-I Loss 1.3417  
Epoch 070 |  Time(s) 0.0792 | RobustPrompt-I Loss 1.4061  
Epoch 071 |  Time(s) 0.0801 | RobustPrompt-I Loss 1.3359  
Epoch 072 |  Time(s) 0.0799 | RobustPrompt-I Loss 1.4218  
Epoch 073 |  Time(s) 0.0812 | RobustPrompt-I Loss 1.4560  
Epoch 074 |  Time(s) 0.2260 | RobustPrompt-I Loss 1.3047  
Epoch 075 |  Time(s) 0.0934 | RobustPrompt-I Loss 1.4547  
Epoch 076 |  Time(s) 0.0825 | RobustPrompt-I Loss 1.5007  
Epoch 077 |  Time(s) 0.0792 | RobustPrompt-I Loss 1.3995  
Epoch 078 |  Time(s) 0.0792 | RobustPrompt-I Loss 1.3596  
Epoch 079 |  Time(s) 0.0796 | RobustPrompt-I Loss 1.3330  
Epoch 080 |  Time(s) 0.0794 | RobustPrompt-I Loss 1.4241  
Epoch 081 |  Time(s) 0.0789 | RobustPrompt-I Loss 1.3469  
Epoch 082 |  Time(s) 0.0786 | RobustPrompt-I Loss 1.2751  
Epoch 083 |  Time(s) 0.0804 | RobustPrompt-I Loss 1.2881  
Epoch 084 |  Time(s) 0.0793 | RobustPrompt-I Loss 1.2594  
Epoch 085 |  Time(s) 0.0792 | RobustPrompt-I Loss 1.2486  
Epoch 086 |  Time(s) 0.0793 | RobustPrompt-I Loss 1.2448  
Epoch 087 |  Time(s) 0.0794 | RobustPrompt-I Loss 1.2461  
Epoch 088 |  Time(s) 0.0798 | RobustPrompt-I Loss 1.2094  
Epoch 089 |  Time(s) 0.0796 | RobustPrompt-I Loss 1.3132  
Epoch 090 |  Time(s) 0.0794 | RobustPrompt-I Loss 1.2950  
Epoch 091 |  Time(s) 0.0798 | RobustPrompt-I Loss nan  
Epoch 092 |  Time(s) 0.0793 | RobustPrompt-I Loss nan  
Epoch 093 |  Time(s) 0.0794 | RobustPrompt-I Loss nan  
Epoch 094 |  Time(s) 0.0795 | RobustPrompt-I Loss nan  
Epoch 095 |  Time(s) 0.0801 | RobustPrompt-I Loss nan  
Epoch 096 |  Time(s) 0.0796 | RobustPrompt-I Loss nan  
Epoch 097 |  Time(s) 0.0801 | RobustPrompt-I Loss nan  
Epoch 098 |  Time(s) 0.0794 | RobustPrompt-I Loss nan  
Epoch 099 |  Time(s) 0.0793 | RobustPrompt-I Loss nan  
Epoch 100 |  Time(s) 0.0796 | RobustPrompt-I Loss nan  
Epoch 101 |  Time(s) 0.0816 | RobustPrompt-I Loss nan  
Epoch 102 |  Time(s) 0.1093 | RobustPrompt-I Loss nan  
Epoch 103 |  Time(s) 0.0792 | RobustPrompt-I Loss nan  
Epoch 104 |  Time(s) 0.0793 | RobustPrompt-I Loss nan  
Epoch 105 |  Time(s) 0.0795 | RobustPrompt-I Loss nan  
Epoch 106 |  Time(s) 0.0800 | RobustPrompt-I Loss nan  
Epoch 107 |  Time(s) 0.0785 | RobustPrompt-I Loss nan  
----------------------------------------------------------------------------------------------------
Early stopping at 108 eopch!
load LLC or attacked data with specified split
Successfully loaded the attack of dataname with few shot 5, split 1
Attack method : Meta_Self | Attack ptb : 0.0 | Dataset: Cora
======================
Number of graphs: 1
Number of features: 1433
Number of classes: 7

Data(x=[2708, 1433], edge_index=[2, 13264], y=[2708], train_mask=[2708], val_mask=[2708], test_mask=[2708])
===========================================================================================================
Number of nodes: 2708
Number of edges: 13264
Average node degree: 4.90
Has isolated nodes: False
Has self-loops: True
Is undirected: True
GCN(
  (conv_layers): ModuleList(
    (0): GCNConv(1433, 256)
    (1): GCNConv(256, 256)
  )
)
Successfully loaded pre-trained weights!
use RobustPrompt Inductive
defense pt dict :  {'sim_pt': -1.0, 'degree_pt': -1, 'out_detect_pt': 0.6, 'other_pt': 'all'}
use_attention :  False
kl_global :  False
cosine_constraint :  True
pt_threshold :  0.25
filter_module :  OriginalFilter
temperature :  1.0
weight_mse 0.1
weight_kl :  0.1
weight_constraint :  0.0
prepare induce graph data is finished!
run RobustPrompt-I
Epoch 001 |  Time(s) 0.1033 | RobustPrompt-I Loss 1.9460  
Epoch 002 |  Time(s) 0.1259 | RobustPrompt-I Loss 1.9436  
Epoch 003 |  Time(s) 0.0989 | RobustPrompt-I Loss 1.9303  
Epoch 004 |  Time(s) 0.0819 | RobustPrompt-I Loss 1.9123  
Epoch 005 |  Time(s) 0.0822 | RobustPrompt-I Loss 1.8896  
Epoch 006 |  Time(s) 0.0821 | RobustPrompt-I Loss 1.8626  
Epoch 007 |  Time(s) 0.0827 | RobustPrompt-I Loss 1.8626  
Epoch 008 |  Time(s) 0.0831 | RobustPrompt-I Loss 1.8208  
Epoch 009 |  Time(s) 0.0833 | RobustPrompt-I Loss 1.8073  
Epoch 010 |  Time(s) 0.0826 | RobustPrompt-I Loss 1.8063  
Epoch 011 |  Time(s) 0.0830 | RobustPrompt-I Loss 1.7975  
Epoch 012 |  Time(s) 0.0835 | RobustPrompt-I Loss 1.7879  
Epoch 013 |  Time(s) 0.0828 | RobustPrompt-I Loss 1.7810  
Epoch 014 |  Time(s) 0.0821 | RobustPrompt-I Loss 1.7638  
Epoch 015 |  Time(s) 0.0833 | RobustPrompt-I Loss 1.7652  
Epoch 016 |  Time(s) 0.0828 | RobustPrompt-I Loss 1.7642  
Epoch 017 |  Time(s) 0.0830 | RobustPrompt-I Loss 1.7494  
Epoch 018 |  Time(s) 0.0824 | RobustPrompt-I Loss 1.7445  
Epoch 019 |  Time(s) 0.0824 | RobustPrompt-I Loss 1.7433  
Epoch 020 |  Time(s) 0.0825 | RobustPrompt-I Loss 1.7355  
Epoch 021 |  Time(s) 0.0826 | RobustPrompt-I Loss 1.7256  
Epoch 022 |  Time(s) 0.1307 | RobustPrompt-I Loss 1.7177  
Epoch 023 |  Time(s) 0.1038 | RobustPrompt-I Loss 1.7046  
Epoch 024 |  Time(s) 0.1034 | RobustPrompt-I Loss 1.6994  
Epoch 025 |  Time(s) 0.1001 | RobustPrompt-I Loss 1.6910  
Epoch 026 |  Time(s) 0.0884 | RobustPrompt-I Loss 1.6840  
Epoch 027 |  Time(s) 0.0918 | RobustPrompt-I Loss 1.6860  
Epoch 028 |  Time(s) 0.0871 | RobustPrompt-I Loss 1.6836  
Epoch 029 |  Time(s) 0.0882 | RobustPrompt-I Loss 1.6544  
Epoch 030 |  Time(s) 0.0838 | RobustPrompt-I Loss 1.6589  
Epoch 031 |  Time(s) 0.0843 | RobustPrompt-I Loss 1.6402  
Epoch 032 |  Time(s) 0.0836 | RobustPrompt-I Loss 1.6129  
Epoch 033 |  Time(s) 0.1105 | RobustPrompt-I Loss 1.6183  
Epoch 034 |  Time(s) 0.0953 | RobustPrompt-I Loss 1.6073  
Epoch 035 |  Time(s) 0.0921 | RobustPrompt-I Loss 1.5780  
Epoch 036 |  Time(s) 0.0860 | RobustPrompt-I Loss 1.5805  
Epoch 037 |  Time(s) 0.0874 | RobustPrompt-I Loss nan  
Epoch 038 |  Time(s) 0.0842 | RobustPrompt-I Loss nan  
Epoch 039 |  Time(s) 0.0847 | RobustPrompt-I Loss nan  
Epoch 040 |  Time(s) 0.0834 | RobustPrompt-I Loss nan  
Epoch 041 |  Time(s) 0.0888 | RobustPrompt-I Loss nan  
Epoch 042 |  Time(s) 0.0887 | RobustPrompt-I Loss nan  
Epoch 043 |  Time(s) 0.0856 | RobustPrompt-I Loss nan  
Epoch 044 |  Time(s) 0.0855 | RobustPrompt-I Loss nan  
Epoch 045 |  Time(s) 0.0870 | RobustPrompt-I Loss nan  
Epoch 046 |  Time(s) 0.0867 | RobustPrompt-I Loss nan  
Epoch 047 |  Time(s) 0.0890 | RobustPrompt-I Loss nan  
Epoch 048 |  Time(s) 0.1366 | RobustPrompt-I Loss nan  
Epoch 049 |  Time(s) 0.0837 | RobustPrompt-I Loss nan  
Epoch 050 |  Time(s) 0.0892 | RobustPrompt-I Loss nan  
Epoch 051 |  Time(s) 0.0858 | RobustPrompt-I Loss nan  
Epoch 052 |  Time(s) 0.0858 | RobustPrompt-I Loss nan  
Epoch 053 |  Time(s) 0.0820 | RobustPrompt-I Loss nan  
Epoch 054 |  Time(s) 0.0872 | RobustPrompt-I Loss nan  
----------------------------------------------------------------------------------------------------
Early stopping at 55 eopch!
load LLC or attacked data with specified split
Successfully loaded the attack of dataname with few shot 5, split 1
Attack method : Meta_Self | Attack ptb : 0.0 | Dataset: Cora
======================
Number of graphs: 1
Number of features: 1433
Number of classes: 7

Data(x=[2708, 1433], edge_index=[2, 13264], y=[2708], train_mask=[2708], val_mask=[2708], test_mask=[2708])
===========================================================================================================
Number of nodes: 2708
Number of edges: 13264
Average node degree: 4.90
Has isolated nodes: False
Has self-loops: True
Is undirected: True
GCN(
  (conv_layers): ModuleList(
    (0): GCNConv(1433, 256)
    (1): GCNConv(256, 256)
  )
)
Successfully loaded pre-trained weights!
use RobustPrompt Inductive
defense pt dict :  {'sim_pt': -1.0, 'degree_pt': -1, 'out_detect_pt': 0.6, 'other_pt': 'all'}
use_attention :  False
kl_global :  False
cosine_constraint :  True
pt_threshold :  0.25
filter_module :  OriginalFilter
temperature :  1.0
weight_mse 0.1
weight_kl :  0.1
weight_constraint :  0.0
prepare induce graph data is finished!
run RobustPrompt-I
Epoch 001 |  Time(s) 0.0968 | RobustPrompt-I Loss 1.9468  
Epoch 002 |  Time(s) 0.0832 | RobustPrompt-I Loss 1.9445  
Epoch 003 |  Time(s) 0.0841 | RobustPrompt-I Loss 1.9340  
Epoch 004 |  Time(s) 0.0852 | RobustPrompt-I Loss 1.9217  
Epoch 005 |  Time(s) 0.0837 | RobustPrompt-I Loss 1.9097  
Epoch 006 |  Time(s) 0.0840 | RobustPrompt-I Loss 1.8907  
Epoch 007 |  Time(s) 0.0846 | RobustPrompt-I Loss 1.8698  
Epoch 008 |  Time(s) 0.0844 | RobustPrompt-I Loss 1.8503  
Epoch 009 |  Time(s) 0.0842 | RobustPrompt-I Loss 1.8261  
Epoch 010 |  Time(s) 0.0841 | RobustPrompt-I Loss 1.8106  
Epoch 011 |  Time(s) 0.0869 | RobustPrompt-I Loss 1.7973  
Epoch 012 |  Time(s) 0.0851 | RobustPrompt-I Loss 1.7861  
Epoch 013 |  Time(s) 0.0846 | RobustPrompt-I Loss 1.7740  
Epoch 014 |  Time(s) 0.0853 | RobustPrompt-I Loss 1.7634  
Epoch 015 |  Time(s) 0.0859 | RobustPrompt-I Loss 1.7652  
Epoch 016 |  Time(s) 0.0865 | RobustPrompt-I Loss 1.7464  
Epoch 017 |  Time(s) 0.0859 | RobustPrompt-I Loss 1.7447  
Epoch 018 |  Time(s) 0.0844 | RobustPrompt-I Loss 1.7313  
Epoch 019 |  Time(s) 0.0864 | RobustPrompt-I Loss 1.7236  
Epoch 020 |  Time(s) 0.0843 | RobustPrompt-I Loss 1.7059  
Epoch 021 |  Time(s) 0.0859 | RobustPrompt-I Loss 1.7081  
Epoch 022 |  Time(s) 0.0855 | RobustPrompt-I Loss 1.6889  
Epoch 023 |  Time(s) 0.0860 | RobustPrompt-I Loss 1.6854  
Epoch 024 |  Time(s) 0.0862 | RobustPrompt-I Loss 1.6741  
Epoch 025 |  Time(s) 0.0840 | RobustPrompt-I Loss 1.6647  
Epoch 026 |  Time(s) 0.0840 | RobustPrompt-I Loss 1.6539  
Epoch 027 |  Time(s) 0.0839 | RobustPrompt-I Loss 1.6382  
Epoch 028 |  Time(s) 0.0856 | RobustPrompt-I Loss 1.6263  
Epoch 029 |  Time(s) 0.0839 | RobustPrompt-I Loss 1.6265  
Epoch 030 |  Time(s) 0.0860 | RobustPrompt-I Loss 1.5995  
Epoch 031 |  Time(s) 0.0857 | RobustPrompt-I Loss 1.6021  
Epoch 032 |  Time(s) 0.0837 | RobustPrompt-I Loss 1.6028  
Epoch 033 |  Time(s) 0.0839 | RobustPrompt-I Loss 1.6021  
Epoch 034 |  Time(s) 0.0836 | RobustPrompt-I Loss 1.5657  
Epoch 035 |  Time(s) 0.0860 | RobustPrompt-I Loss 1.5545  
Epoch 036 |  Time(s) 0.0853 | RobustPrompt-I Loss 1.5921  
Epoch 037 |  Time(s) 0.0862 | RobustPrompt-I Loss 1.5333  
Epoch 038 |  Time(s) 0.0845 | RobustPrompt-I Loss 1.6518  
Epoch 039 |  Time(s) 0.0858 | RobustPrompt-I Loss 1.6546  
Epoch 040 |  Time(s) 0.0841 | RobustPrompt-I Loss 1.5217  
Epoch 041 |  Time(s) 0.0859 | RobustPrompt-I Loss 1.5831  
Epoch 042 |  Time(s) 0.0844 | RobustPrompt-I Loss 1.5987  
Epoch 043 |  Time(s) 0.0841 | RobustPrompt-I Loss 1.4857  
Epoch 044 |  Time(s) 0.0844 | RobustPrompt-I Loss 1.5893  
Epoch 045 |  Time(s) 0.0861 | RobustPrompt-I Loss 1.6222  
Epoch 046 |  Time(s) 0.0840 | RobustPrompt-I Loss 1.4873  
Epoch 047 |  Time(s) 0.0867 | RobustPrompt-I Loss 1.4979  
Epoch 048 |  Time(s) 0.0850 | RobustPrompt-I Loss 1.5668  
Epoch 049 |  Time(s) 0.0849 | RobustPrompt-I Loss 1.5277  
Epoch 050 |  Time(s) 0.0861 | RobustPrompt-I Loss 1.4266  
Epoch 051 |  Time(s) 0.0874 | RobustPrompt-I Loss 1.5178  
Epoch 052 |  Time(s) 0.1264 | RobustPrompt-I Loss 1.5185  
Epoch 053 |  Time(s) 0.0863 | RobustPrompt-I Loss 1.5502  
Epoch 054 |  Time(s) 0.0904 | RobustPrompt-I Loss 1.4851  
Epoch 055 |  Time(s) 0.1209 | RobustPrompt-I Loss 1.4434  
Epoch 056 |  Time(s) 0.0895 | RobustPrompt-I Loss 1.4397  
Epoch 057 |  Time(s) 0.0899 | RobustPrompt-I Loss 1.4419  
Epoch 058 |  Time(s) 0.0858 | RobustPrompt-I Loss 1.4411  
Epoch 059 |  Time(s) 0.0864 | RobustPrompt-I Loss 1.4344  
Epoch 060 |  Time(s) 0.0861 | RobustPrompt-I Loss 1.4013  
Epoch 061 |  Time(s) 0.0861 | RobustPrompt-I Loss 1.4203  
Epoch 062 |  Time(s) 0.0866 | RobustPrompt-I Loss 1.3864  
Epoch 063 |  Time(s) 0.0864 | RobustPrompt-I Loss 1.4424  
Epoch 064 |  Time(s) 0.0859 | RobustPrompt-I Loss 1.4428  
Epoch 065 |  Time(s) 0.0861 | RobustPrompt-I Loss 1.3663  
Epoch 066 |  Time(s) 0.0859 | RobustPrompt-I Loss 1.3617  
Epoch 067 |  Time(s) 0.0863 | RobustPrompt-I Loss 1.3615  
Epoch 068 |  Time(s) 0.0863 | RobustPrompt-I Loss 1.3300  
Epoch 069 |  Time(s) 0.0860 | RobustPrompt-I Loss 1.4038  
Epoch 070 |  Time(s) 0.0861 | RobustPrompt-I Loss 1.3813  
Epoch 071 |  Time(s) 0.1185 | RobustPrompt-I Loss 1.3365  
Epoch 072 |  Time(s) 0.2490 | RobustPrompt-I Loss 1.3375  
Epoch 073 |  Time(s) 0.1416 | RobustPrompt-I Loss 1.3206  
Epoch 074 |  Time(s) 0.1011 | RobustPrompt-I Loss 1.2977  
Epoch 075 |  Time(s) 0.1331 | RobustPrompt-I Loss 1.3275  
Epoch 076 |  Time(s) 0.1396 | RobustPrompt-I Loss 1.2975  
Epoch 077 |  Time(s) 0.0802 | RobustPrompt-I Loss 1.3262  
Epoch 078 |  Time(s) 0.0898 | RobustPrompt-I Loss 1.3154  
Epoch 079 |  Time(s) 0.0834 | RobustPrompt-I Loss 1.2741  
Epoch 080 |  Time(s) 0.1600 | RobustPrompt-I Loss 1.2649  
Epoch 081 |  Time(s) 0.0990 | RobustPrompt-I Loss 1.2701  
Epoch 082 |  Time(s) 0.0902 | RobustPrompt-I Loss 1.2416  
Epoch 083 |  Time(s) 0.1369 | RobustPrompt-I Loss 1.2931  
Epoch 084 |  Time(s) 0.0905 | RobustPrompt-I Loss 1.2753  
Epoch 085 |  Time(s) 0.0910 | RobustPrompt-I Loss 1.2331  
Epoch 086 |  Time(s) 0.0865 | RobustPrompt-I Loss 1.2245  
Epoch 087 |  Time(s) 0.2471 | RobustPrompt-I Loss 1.2253  
Epoch 088 |  Time(s) 0.2429 | RobustPrompt-I Loss 1.2023  
Epoch 089 |  Time(s) 0.1135 | RobustPrompt-I Loss 1.2414  
Epoch 090 |  Time(s) 0.1418 | RobustPrompt-I Loss 1.2158  
Epoch 091 |  Time(s) 0.0907 | RobustPrompt-I Loss 1.2027  
Epoch 092 |  Time(s) 0.0822 | RobustPrompt-I Loss 1.1907  
Epoch 093 |  Time(s) 0.0825 | RobustPrompt-I Loss 1.1838  
Epoch 094 |  Time(s) 0.0829 | RobustPrompt-I Loss 1.1646  
Epoch 095 |  Time(s) 0.0826 | RobustPrompt-I Loss 1.1950  
Epoch 096 |  Time(s) 0.0831 | RobustPrompt-I Loss 1.1727  
Epoch 097 |  Time(s) 0.0825 | RobustPrompt-I Loss nan  
Epoch 098 |  Time(s) 0.0824 | RobustPrompt-I Loss nan  
Epoch 099 |  Time(s) 0.0821 | RobustPrompt-I Loss nan  
Epoch 100 |  Time(s) 0.0828 | RobustPrompt-I Loss nan  
Epoch 101 |  Time(s) 0.0857 | RobustPrompt-I Loss nan  
Epoch 102 |  Time(s) 0.0823 | RobustPrompt-I Loss nan  
Epoch 103 |  Time(s) 0.0819 | RobustPrompt-I Loss nan  
Epoch 104 |  Time(s) 0.0829 | RobustPrompt-I Loss nan  
Epoch 105 |  Time(s) 0.0817 | RobustPrompt-I Loss nan  
Epoch 106 |  Time(s) 0.0818 | RobustPrompt-I Loss nan  
Epoch 107 |  Time(s) 0.0820 | RobustPrompt-I Loss nan  
Epoch 108 |  Time(s) 0.0827 | RobustPrompt-I Loss nan  
Epoch 109 |  Time(s) 0.0827 | RobustPrompt-I Loss nan  
Epoch 110 |  Time(s) 0.0820 | RobustPrompt-I Loss nan  
Epoch 111 |  Time(s) 0.0826 | RobustPrompt-I Loss nan  
Epoch 112 |  Time(s) 0.0819 | RobustPrompt-I Loss nan  
Epoch 113 |  Time(s) 0.0816 | RobustPrompt-I Loss nan  
----------------------------------------------------------------------------------------------------
Early stopping at 114 eopch!
load LLC or attacked data with specified split
Successfully loaded the attack of dataname with few shot 5, split 1
Attack method : Meta_Self | Attack ptb : 0.0 | Dataset: Cora
======================
Number of graphs: 1
Number of features: 1433
Number of classes: 7

Data(x=[2708, 1433], edge_index=[2, 13264], y=[2708], train_mask=[2708], val_mask=[2708], test_mask=[2708])
===========================================================================================================
Number of nodes: 2708
Number of edges: 13264
Average node degree: 4.90
Has isolated nodes: False
Has self-loops: True
Is undirected: True
GCN(
  (conv_layers): ModuleList(
    (0): GCNConv(1433, 256)
    (1): GCNConv(256, 256)
  )
)
Successfully loaded pre-trained weights!
use RobustPrompt Inductive
defense pt dict :  {'sim_pt': -1.0, 'degree_pt': -1, 'out_detect_pt': 0.6, 'other_pt': 'all'}
use_attention :  False
kl_global :  False
cosine_constraint :  True
pt_threshold :  0.25
filter_module :  OriginalFilter
temperature :  1.0
weight_mse 0.1
weight_kl :  0.1
weight_constraint :  0.0
prepare induce graph data is finished!
run RobustPrompt-I
Epoch 001 |  Time(s) 0.0965 | RobustPrompt-I Loss 1.9384  
Epoch 002 |  Time(s) 0.0841 | RobustPrompt-I Loss 1.9552  
Epoch 003 |  Time(s) 0.0838 | RobustPrompt-I Loss 1.9290  
Epoch 004 |  Time(s) 0.0828 | RobustPrompt-I Loss 1.9178  
Epoch 005 |  Time(s) 0.0838 | RobustPrompt-I Loss 1.9106  
Epoch 006 |  Time(s) 0.0836 | RobustPrompt-I Loss 1.8964  
Epoch 007 |  Time(s) 0.0863 | RobustPrompt-I Loss 1.8738  
Epoch 008 |  Time(s) 0.0875 | RobustPrompt-I Loss 1.8489  
Epoch 009 |  Time(s) 0.0826 | RobustPrompt-I Loss 1.8296  
Epoch 010 |  Time(s) 0.0832 | RobustPrompt-I Loss 1.8161  
Epoch 011 |  Time(s) 0.0834 | RobustPrompt-I Loss 1.8027  
Epoch 012 |  Time(s) 0.0833 | RobustPrompt-I Loss 1.7874  
Epoch 013 |  Time(s) 0.0892 | RobustPrompt-I Loss 1.7657  
Epoch 014 |  Time(s) 0.0837 | RobustPrompt-I Loss 1.7563  
Epoch 015 |  Time(s) 0.0834 | RobustPrompt-I Loss 1.7481  
Epoch 016 |  Time(s) 0.0839 | RobustPrompt-I Loss 1.7395  
Epoch 017 |  Time(s) 0.0839 | RobustPrompt-I Loss 1.7294  
Epoch 018 |  Time(s) 0.0832 | RobustPrompt-I Loss nan  
Epoch 019 |  Time(s) 0.0831 | RobustPrompt-I Loss nan  
Epoch 020 |  Time(s) 0.0839 | RobustPrompt-I Loss nan  
Epoch 021 |  Time(s) 0.0850 | RobustPrompt-I Loss nan  
Epoch 022 |  Time(s) 0.0878 | RobustPrompt-I Loss nan  
Epoch 023 |  Time(s) 0.0911 | RobustPrompt-I Loss nan  
Epoch 024 |  Time(s) 0.0870 | RobustPrompt-I Loss nan  
Epoch 025 |  Time(s) 0.0906 | RobustPrompt-I Loss nan  
Epoch 026 |  Time(s) 0.0863 | RobustPrompt-I Loss nan  
Epoch 027 |  Time(s) 0.0834 | RobustPrompt-I Loss nan  
Epoch 028 |  Time(s) 0.0836 | RobustPrompt-I Loss nan  
Epoch 029 |  Time(s) 0.0833 | RobustPrompt-I Loss nan  
Epoch 030 |  Time(s) 0.0834 | RobustPrompt-I Loss nan  
Epoch 031 |  Time(s) 0.0834 | RobustPrompt-I Loss nan  
Epoch 032 |  Time(s) 0.0835 | RobustPrompt-I Loss nan  
Epoch 033 |  Time(s) 0.0817 | RobustPrompt-I Loss nan  
Epoch 034 |  Time(s) 0.0886 | RobustPrompt-I Loss nan  
Epoch 035 |  Time(s) 0.0831 | RobustPrompt-I Loss nan  
Epoch 036 |  Time(s) 0.0839 | RobustPrompt-I Loss nan  
----------------------------------------------------------------------------------------------------
Early stopping at 37 eopch!
load LLC or attacked data with specified split
Successfully loaded the attack of dataname with few shot 5, split 1
Attack method : Meta_Self | Attack ptb : 0.0 | Dataset: Cora
======================
Number of graphs: 1
Number of features: 1433
Number of classes: 7

Data(x=[2708, 1433], edge_index=[2, 13264], y=[2708], train_mask=[2708], val_mask=[2708], test_mask=[2708])
===========================================================================================================
Number of nodes: 2708
Number of edges: 13264
Average node degree: 4.90
Has isolated nodes: False
Has self-loops: True
Is undirected: True
GCN(
  (conv_layers): ModuleList(
    (0): GCNConv(1433, 256)
    (1): GCNConv(256, 256)
  )
)
Successfully loaded pre-trained weights!
use RobustPrompt Inductive
defense pt dict :  {'sim_pt': -1.0, 'degree_pt': -1, 'out_detect_pt': 0.6, 'other_pt': 'all'}
use_attention :  False
kl_global :  False
cosine_constraint :  True
pt_threshold :  0.25
filter_module :  OriginalFilter
temperature :  1.0
weight_mse 0.1
weight_kl :  0.1
weight_constraint :  0.0
prepare induce graph data is finished!
run RobustPrompt-I
Epoch 001 |  Time(s) 0.0935 | RobustPrompt-I Loss 1.9512  
Epoch 002 |  Time(s) 0.0833 | RobustPrompt-I Loss 1.9440  
Epoch 003 |  Time(s) 0.0865 | RobustPrompt-I Loss 1.9394  
Epoch 004 |  Time(s) 0.0835 | RobustPrompt-I Loss 1.9332  
Epoch 005 |  Time(s) 0.0829 | RobustPrompt-I Loss 1.9220  
Epoch 006 |  Time(s) 0.0834 | RobustPrompt-I Loss 1.9034  
Epoch 007 |  Time(s) 0.0830 | RobustPrompt-I Loss nan  
Epoch 008 |  Time(s) 0.0836 | RobustPrompt-I Loss nan  
Epoch 009 |  Time(s) 0.0832 | RobustPrompt-I Loss nan  
Epoch 010 |  Time(s) 0.0834 | RobustPrompt-I Loss nan  
Epoch 011 |  Time(s) 0.0835 | RobustPrompt-I Loss nan  
Epoch 012 |  Time(s) 0.0833 | RobustPrompt-I Loss nan  
Epoch 013 |  Time(s) 0.0836 | RobustPrompt-I Loss nan  
Epoch 014 |  Time(s) 0.0836 | RobustPrompt-I Loss nan  
Epoch 015 |  Time(s) 0.0837 | RobustPrompt-I Loss nan  
Epoch 016 |  Time(s) 0.0836 | RobustPrompt-I Loss nan  
Epoch 017 |  Time(s) 0.0840 | RobustPrompt-I Loss nan  
Epoch 018 |  Time(s) 0.0832 | RobustPrompt-I Loss nan  
Epoch 019 |  Time(s) 0.0835 | RobustPrompt-I Loss nan  
Epoch 020 |  Time(s) 0.0832 | RobustPrompt-I Loss nan  
Epoch 021 |  Time(s) 0.0830 | RobustPrompt-I Loss nan  
Epoch 022 |  Time(s) 0.0829 | RobustPrompt-I Loss nan  
Epoch 023 |  Time(s) 0.0831 | RobustPrompt-I Loss nan  
Epoch 024 |  Time(s) 0.0834 | RobustPrompt-I Loss nan  
Epoch 025 |  Time(s) 0.0834 | RobustPrompt-I Loss nan  
----------------------------------------------------------------------------------------------------
Early stopping at 26 eopch!
{1: {1: nan}, 2: {1: nan}, 3: {1: nan}, 4: {1: nan}, 5: {1: nan}}
{1: {1: nan, 2: nan, 3: nan, 4: nan, 5: nan}}
########################################################################################
seed: 1 | split 1 : nan
# Seed 1 Muti Split Final Acc: nan±nan
seed: 2 | split 1 : nan
# Seed 2 Muti Split Final Acc: nan±nan
seed: 3 | split 1 : nan
# Seed 3 Muti Split Final Acc: nan±nan
seed: 4 | split 1 : nan
# Seed 4 Muti Split Final Acc: nan±nan
seed: 5 | split 1 : nan
# Seed 5 Muti Split Final Acc: nan±nan
########################################################################################
split: 1 | seed 1 : nan
split: 1 | seed 2 : nan
split: 1 | seed 3 : nan
split: 1 | seed 4 : nan
split: 1 | seed 5 : nan
# Split 1 Muti Seed Acc without min value: nan±nan
########################################################################################
Done phase=ood, ood=0.6, ptb=0.0, end=2026-06-09 00:14:05, duration=00:00:40
