Start phase=ood, ood=0.6, ptb=0.15, time=2026-06-09 00:26:15, log=logs/RobustPrompt-I/ft_ood0.6_0.15_20260609_002615.log
load LLC or attacked data with specified split
Successfully loaded the attack of dataname with few shot 5, split 1
Attack method : Meta_Self | Attack ptb : 0.15 | Dataset: Cora
======================
Number of graphs: 1
Number of features: 1433
Number of classes: 7

Data(x=[2708, 1433], edge_index=[2, 14804], y=[2708], train_mask=[2708], val_mask=[2708], test_mask=[2708])
===========================================================================================================
Number of nodes: 2708
Number of edges: 14804
Average node degree: 5.47
Has isolated nodes: False
Has self-loops: True
Is undirected: True
GCN(
  (conv_layers): ModuleList(
    (0): GCNConv(1433, 256)
    (1): GCNConv(256, 256)
  )
)
Successfully loaded pre-trained weights!
use RobustPrompt Inductive
defense pt dict :  {'sim_pt': -1.0, 'degree_pt': -1, 'out_detect_pt': 0.6, 'other_pt': 'all'}
use_attention :  False
kl_global :  False
cosine_constraint :  True
pt_threshold :  0.25
filter_module :  OriginalFilter
temperature :  1.0
weight_mse 0.1
weight_kl :  0.1
weight_constraint :  0.0
prepare induce graph data is finished!
run RobustPrompt-I
Epoch 001 |  Time(s) 0.4657 | RobustPrompt-I Loss 1.9448  
Epoch 002 |  Time(s) 0.1386 | RobustPrompt-I Loss 1.9445  
Epoch 003 |  Time(s) 0.1610 | RobustPrompt-I Loss 1.9220  
Epoch 004 |  Time(s) 0.0831 | RobustPrompt-I Loss 1.8931  
Epoch 005 |  Time(s) 0.1548 | RobustPrompt-I Loss 1.8640  
Epoch 006 |  Time(s) 0.0741 | RobustPrompt-I Loss 1.8361  
Epoch 007 |  Time(s) 0.0741 | RobustPrompt-I Loss 1.7916  
Epoch 008 |  Time(s) 0.0767 | RobustPrompt-I Loss 1.7545  
Epoch 009 |  Time(s) 0.0736 | RobustPrompt-I Loss 1.7085  
Epoch 010 |  Time(s) 0.0751 | RobustPrompt-I Loss 1.6746  
Epoch 011 |  Time(s) 0.0737 | RobustPrompt-I Loss 1.6309  
Epoch 012 |  Time(s) 0.0743 | RobustPrompt-I Loss 1.6282  
Epoch 013 |  Time(s) 0.0736 | RobustPrompt-I Loss 1.5883  
Epoch 014 |  Time(s) 0.0741 | RobustPrompt-I Loss 1.5890  
Epoch 015 |  Time(s) 0.0741 | RobustPrompt-I Loss 1.5585  
Epoch 016 |  Time(s) 0.0740 | RobustPrompt-I Loss 1.5650  
Epoch 017 |  Time(s) 0.0739 | RobustPrompt-I Loss 1.5314  
Epoch 018 |  Time(s) 0.0743 | RobustPrompt-I Loss 1.5400  
Epoch 019 |  Time(s) 0.0751 | RobustPrompt-I Loss 1.5047  
Epoch 020 |  Time(s) 0.0739 | RobustPrompt-I Loss 1.5081  
Epoch 021 |  Time(s) 0.0751 | RobustPrompt-I Loss 1.4858  
Epoch 022 |  Time(s) 0.0742 | RobustPrompt-I Loss 1.4738  
Epoch 023 |  Time(s) 0.0746 | RobustPrompt-I Loss 1.4745  
Epoch 024 |  Time(s) 0.0743 | RobustPrompt-I Loss 1.4444  
Epoch 025 |  Time(s) 0.0749 | RobustPrompt-I Loss 1.4508  
Epoch 026 |  Time(s) 0.0752 | RobustPrompt-I Loss 1.4348  
Epoch 027 |  Time(s) 0.0744 | RobustPrompt-I Loss 1.4117  
Epoch 028 |  Time(s) 0.0746 | RobustPrompt-I Loss 1.4168  
Epoch 029 |  Time(s) 0.0747 | RobustPrompt-I Loss 1.3912  
Epoch 030 |  Time(s) 0.0748 | RobustPrompt-I Loss 1.3686  
Epoch 031 |  Time(s) 0.0784 | RobustPrompt-I Loss 1.3643  
Epoch 032 |  Time(s) 0.0750 | RobustPrompt-I Loss 1.3599  
Epoch 033 |  Time(s) 0.0749 | RobustPrompt-I Loss 1.3239  
Epoch 034 |  Time(s) 0.0750 | RobustPrompt-I Loss 1.3174  
Epoch 035 |  Time(s) 0.0749 | RobustPrompt-I Loss 1.3280  
Epoch 036 |  Time(s) 0.0750 | RobustPrompt-I Loss 1.2793  
Epoch 037 |  Time(s) 0.0744 | RobustPrompt-I Loss 1.3440  
Epoch 038 |  Time(s) 0.0760 | RobustPrompt-I Loss 1.3022  
Epoch 039 |  Time(s) 0.0747 | RobustPrompt-I Loss 1.2592  
Epoch 040 |  Time(s) 0.0746 | RobustPrompt-I Loss 1.2492  
Epoch 041 |  Time(s) 0.0837 | RobustPrompt-I Loss 1.2271  
Epoch 042 |  Time(s) 0.2608 | RobustPrompt-I Loss 1.1997  
Epoch 043 |  Time(s) 0.1120 | RobustPrompt-I Loss 1.2331  
Epoch 044 |  Time(s) 0.0831 | RobustPrompt-I Loss 1.2111  
Epoch 045 |  Time(s) 0.0821 | RobustPrompt-I Loss 1.1569  
Epoch 046 |  Time(s) 0.0806 | RobustPrompt-I Loss 1.1398  
Epoch 047 |  Time(s) 0.0831 | RobustPrompt-I Loss 1.1722  
Epoch 048 |  Time(s) 0.0804 | RobustPrompt-I Loss 1.1481  
Epoch 049 |  Time(s) 0.0817 | RobustPrompt-I Loss 1.1076  
Epoch 050 |  Time(s) 0.0810 | RobustPrompt-I Loss 1.0937  
Epoch 051 |  Time(s) 0.1069 | RobustPrompt-I Loss 1.1029  
Epoch 052 |  Time(s) 0.2612 | RobustPrompt-I Loss 1.0826  
Epoch 053 |  Time(s) 0.1826 | RobustPrompt-I Loss 1.0693  
Epoch 054 |  Time(s) 0.1405 | RobustPrompt-I Loss 1.0579  
Epoch 055 |  Time(s) 0.0834 | RobustPrompt-I Loss 1.0424  
Epoch 056 |  Time(s) 0.0743 | RobustPrompt-I Loss 1.0300  
Epoch 057 |  Time(s) 0.0744 | RobustPrompt-I Loss 1.0325  
Epoch 058 |  Time(s) 0.0745 | RobustPrompt-I Loss 1.0169  
Epoch 059 |  Time(s) 0.0800 | RobustPrompt-I Loss 1.0050  
Epoch 060 |  Time(s) 0.0744 | RobustPrompt-I Loss 0.9926  
Epoch 061 |  Time(s) 0.0746 | RobustPrompt-I Loss 0.9877  
Epoch 062 |  Time(s) 0.0747 | RobustPrompt-I Loss 0.9742  
Epoch 063 |  Time(s) 0.0744 | RobustPrompt-I Loss 0.9700  
Epoch 064 |  Time(s) 0.0745 | RobustPrompt-I Loss 0.9580  
Epoch 065 |  Time(s) 0.0742 | RobustPrompt-I Loss 0.9525  
Epoch 066 |  Time(s) 0.0749 | RobustPrompt-I Loss 0.9420  
Epoch 067 |  Time(s) 0.0766 | RobustPrompt-I Loss 0.9342  
Epoch 068 |  Time(s) 0.0749 | RobustPrompt-I Loss 0.9267  
Epoch 069 |  Time(s) 0.0749 | RobustPrompt-I Loss 0.9142  
Epoch 070 |  Time(s) 0.0766 | RobustPrompt-I Loss 0.9133  
Epoch 071 |  Time(s) 0.0780 | RobustPrompt-I Loss 0.8973  
Epoch 072 |  Time(s) 0.0749 | RobustPrompt-I Loss 0.9016  
Epoch 073 |  Time(s) 0.0747 | RobustPrompt-I Loss 0.8825  
Epoch 074 |  Time(s) 0.0770 | RobustPrompt-I Loss 0.8881  
Epoch 075 |  Time(s) 0.0771 | RobustPrompt-I Loss 0.8715  
Epoch 076 |  Time(s) 0.0763 | RobustPrompt-I Loss 0.8738  
Epoch 077 |  Time(s) 0.0755 | RobustPrompt-I Loss 0.8631  
Epoch 078 |  Time(s) 0.0749 | RobustPrompt-I Loss 0.8591  
Epoch 079 |  Time(s) 0.0763 | RobustPrompt-I Loss 0.8557  
Epoch 080 |  Time(s) 0.0749 | RobustPrompt-I Loss 0.8468  
Epoch 081 |  Time(s) 0.0756 | RobustPrompt-I Loss 0.8471  
Epoch 082 |  Time(s) 0.0757 | RobustPrompt-I Loss 0.8377  
Epoch 083 |  Time(s) 0.0769 | RobustPrompt-I Loss 0.8366  
Epoch 084 |  Time(s) 0.0774 | RobustPrompt-I Loss 0.8308  
Epoch 085 |  Time(s) 0.0764 | RobustPrompt-I Loss 0.8259  
Epoch 086 |  Time(s) 0.0756 | RobustPrompt-I Loss 0.8237  
Epoch 087 |  Time(s) 0.0747 | RobustPrompt-I Loss 0.8170  
Epoch 088 |  Time(s) 0.0753 | RobustPrompt-I Loss 0.8152  
Epoch 089 |  Time(s) 0.0751 | RobustPrompt-I Loss 0.8095  
Epoch 090 |  Time(s) 0.0749 | RobustPrompt-I Loss 0.8059  
Epoch 091 |  Time(s) 0.0743 | RobustPrompt-I Loss 0.8022  
Epoch 092 |  Time(s) 0.0758 | RobustPrompt-I Loss 0.7970  
Epoch 093 |  Time(s) 0.0739 | RobustPrompt-I Loss 0.7939  
Epoch 094 |  Time(s) 0.0742 | RobustPrompt-I Loss 0.7885  
Epoch 095 |  Time(s) 0.0739 | RobustPrompt-I Loss 0.7852  
Epoch 096 |  Time(s) 0.0743 | RobustPrompt-I Loss 0.7800  
Epoch 097 |  Time(s) 0.0766 | RobustPrompt-I Loss 0.7758  
Epoch 098 |  Time(s) 0.0767 | RobustPrompt-I Loss 0.7712  
Epoch 099 |  Time(s) 0.0751 | RobustPrompt-I Loss 0.7660  
Epoch 100 |  Time(s) 0.0775 | RobustPrompt-I Loss 0.7619  
Epoch 101 |  Time(s) 0.0761 | RobustPrompt-I Loss 0.7563  
Epoch 102 |  Time(s) 0.0766 | RobustPrompt-I Loss 0.7519  
Epoch 103 |  Time(s) 0.0748 | RobustPrompt-I Loss 0.7463  
Epoch 104 |  Time(s) 0.0748 | RobustPrompt-I Loss 0.7419  
Epoch 105 |  Time(s) 0.0748 | RobustPrompt-I Loss 0.7364  
Epoch 106 |  Time(s) 0.0767 | RobustPrompt-I Loss 0.7316  
Epoch 107 |  Time(s) 0.0744 | RobustPrompt-I Loss 0.7264  
Epoch 108 |  Time(s) 0.0767 | RobustPrompt-I Loss 0.7216  
Epoch 109 |  Time(s) 0.0746 | RobustPrompt-I Loss 0.7189  
Epoch 110 |  Time(s) 0.0765 | RobustPrompt-I Loss 0.7317  
Epoch 111 |  Time(s) 0.0795 | RobustPrompt-I Loss 0.7402  
Epoch 112 |  Time(s) 0.1084 | RobustPrompt-I Loss 0.7022  
Epoch 113 |  Time(s) 0.1431 | RobustPrompt-I Loss 0.7157  
Epoch 114 |  Time(s) 0.1606 | RobustPrompt-I Loss 0.7315  
Epoch 115 |  Time(s) 0.0878 | RobustPrompt-I Loss 0.6897  
Epoch 116 |  Time(s) 0.0846 | RobustPrompt-I Loss 0.7363  
Epoch 117 |  Time(s) 0.0771 | RobustPrompt-I Loss 0.6847  
Epoch 118 |  Time(s) 0.0753 | RobustPrompt-I Loss 0.7989  
Epoch 119 |  Time(s) 0.0749 | RobustPrompt-I Loss 0.7335  
Epoch 120 |  Time(s) 0.0756 | RobustPrompt-I Loss 0.7335  
Epoch 121 |  Time(s) 0.0873 | RobustPrompt-I Loss 0.7579  
Epoch 122 |  Time(s) 0.0748 | RobustPrompt-I Loss 0.6725  
Epoch 123 |  Time(s) 0.0751 | RobustPrompt-I Loss 0.7495  
Epoch 124 |  Time(s) 0.0748 | RobustPrompt-I Loss 0.6879  
Epoch 125 |  Time(s) 0.3647 | RobustPrompt-I Loss 0.7594  
Epoch 126 |  Time(s) 0.3408 | RobustPrompt-I Loss 0.8098  
Epoch 127 |  Time(s) 0.4123 | RobustPrompt-I Loss 0.6820  
Epoch 128 |  Time(s) 0.4506 | RobustPrompt-I Loss 0.8764  
Epoch 129 |  Time(s) 0.1698 | RobustPrompt-I Loss 1.0959  
Epoch 130 |  Time(s) 0.0807 | RobustPrompt-I Loss 0.8384  
Epoch 131 |  Time(s) 0.0821 | RobustPrompt-I Loss 0.6712  
Epoch 132 |  Time(s) 0.0793 | RobustPrompt-I Loss 0.7189  
Epoch 133 |  Time(s) 0.0776 | RobustPrompt-I Loss 0.6747  
Epoch 134 |  Time(s) 0.0777 | RobustPrompt-I Loss 0.7435  
Epoch 135 |  Time(s) 0.0745 | RobustPrompt-I Loss 0.7754  
Epoch 136 |  Time(s) 0.0735 | RobustPrompt-I Loss 0.6698  
Epoch 137 |  Time(s) 0.1651 | RobustPrompt-I Loss 0.7523  
Epoch 138 |  Time(s) 0.2372 | RobustPrompt-I Loss 0.8067  
Epoch 139 |  Time(s) 0.2026 | RobustPrompt-I Loss 0.7060  
Epoch 140 |  Time(s) 0.0986 | RobustPrompt-I Loss 0.7018  
Epoch 141 |  Time(s) 0.2044 | RobustPrompt-I Loss 0.7667  
Epoch 142 |  Time(s) 0.1000 | RobustPrompt-I Loss 0.7073  
Epoch 143 |  Time(s) 0.0872 | RobustPrompt-I Loss 0.6774  
Epoch 144 |  Time(s) 0.0835 | RobustPrompt-I Loss 0.6953  
Epoch 145 |  Time(s) 0.0816 | RobustPrompt-I Loss 0.6897  
Epoch 146 |  Time(s) 0.0787 | RobustPrompt-I Loss 0.6561  
Epoch 147 |  Time(s) 0.0806 | RobustPrompt-I Loss 0.7022  
Epoch 148 |  Time(s) 0.0787 | RobustPrompt-I Loss 0.7199  
Epoch 149 |  Time(s) 0.0787 | RobustPrompt-I Loss 0.6395  
Epoch 150 |  Time(s) 0.0784 | RobustPrompt-I Loss 0.6959  
Epoch 151 |  Time(s) 0.0784 | RobustPrompt-I Loss 0.7016  
Epoch 152 |  Time(s) 0.0786 | RobustPrompt-I Loss 0.6604  
Epoch 153 |  Time(s) 0.0784 | RobustPrompt-I Loss 0.6496  
Epoch 154 |  Time(s) 0.0784 | RobustPrompt-I Loss 0.6526  
Epoch 155 |  Time(s) 0.0786 | RobustPrompt-I Loss 0.6468  
Epoch 156 |  Time(s) 0.0784 | RobustPrompt-I Loss 0.6198  
Epoch 157 |  Time(s) 0.0784 | RobustPrompt-I Loss 0.6352  
Epoch 158 |  Time(s) 0.0786 | RobustPrompt-I Loss 0.6213  
Epoch 159 |  Time(s) 0.0781 | RobustPrompt-I Loss 0.6093  
Epoch 160 |  Time(s) 0.0779 | RobustPrompt-I Loss 0.6176  
Epoch 161 |  Time(s) 0.0782 | RobustPrompt-I Loss 0.6056  
Epoch 162 |  Time(s) 0.0782 | RobustPrompt-I Loss 0.6000  
Epoch 163 |  Time(s) 0.0778 | RobustPrompt-I Loss 0.5971  
Epoch 164 |  Time(s) 0.0786 | RobustPrompt-I Loss 0.5894  
Epoch 165 |  Time(s) 0.0793 | RobustPrompt-I Loss 0.5866  
Epoch 166 |  Time(s) 0.0787 | RobustPrompt-I Loss 0.5782  
Epoch 167 |  Time(s) 0.0795 | RobustPrompt-I Loss 0.5707  
Epoch 168 |  Time(s) 0.0789 | RobustPrompt-I Loss 0.5714  
Epoch 169 |  Time(s) 0.0781 | RobustPrompt-I Loss 0.5628  
Epoch 170 |  Time(s) 0.0775 | RobustPrompt-I Loss 0.5551  
Epoch 171 |  Time(s) 0.0832 | RobustPrompt-I Loss 0.5507  
Epoch 172 |  Time(s) 0.1051 | RobustPrompt-I Loss 0.5438  
Epoch 173 |  Time(s) 0.0781 | RobustPrompt-I Loss 0.5401  
Epoch 174 |  Time(s) 0.0787 | RobustPrompt-I Loss 0.5371  
Epoch 175 |  Time(s) 0.0787 | RobustPrompt-I Loss 0.5303  
Epoch 176 |  Time(s) 0.0782 | RobustPrompt-I Loss 0.5265  
Epoch 177 |  Time(s) 0.0787 | RobustPrompt-I Loss 0.5210  
Epoch 178 |  Time(s) 0.0793 | RobustPrompt-I Loss 0.5157  
Epoch 179 |  Time(s) 0.0789 | RobustPrompt-I Loss 0.5142  
Epoch 180 |  Time(s) 0.0775 | RobustPrompt-I Loss 0.5075  
Epoch 181 |  Time(s) 0.0779 | RobustPrompt-I Loss 0.5030  
Epoch 182 |  Time(s) 0.0787 | RobustPrompt-I Loss 0.4987  
Epoch 183 |  Time(s) 0.0784 | RobustPrompt-I Loss 0.4929  
Epoch 184 |  Time(s) 0.0789 | RobustPrompt-I Loss 0.4893  
Epoch 185 |  Time(s) 0.0795 | RobustPrompt-I Loss 0.4844  
Epoch 186 |  Time(s) 0.0824 | RobustPrompt-I Loss 0.4787  
Epoch 187 |  Time(s) 0.0773 | RobustPrompt-I Loss 0.4773  
Epoch 188 |  Time(s) 0.0781 | RobustPrompt-I Loss 0.4698  
Epoch 189 |  Time(s) 0.0786 | RobustPrompt-I Loss 0.4647  
Epoch 190 |  Time(s) 0.0771 | RobustPrompt-I Loss 0.4683  
Epoch 191 |  Time(s) 0.0779 | RobustPrompt-I Loss 0.4559  
Epoch 192 |  Time(s) 0.0783 | RobustPrompt-I Loss 0.4517  
Epoch 193 |  Time(s) 0.0772 | RobustPrompt-I Loss 0.4499  
Epoch 194 |  Time(s) 0.0780 | RobustPrompt-I Loss 0.4575  
Epoch 195 |  Time(s) 0.0778 | RobustPrompt-I Loss 0.4369  
Epoch 196 |  Time(s) 0.0786 | RobustPrompt-I Loss 0.4391  
Epoch 197 |  Time(s) 0.0772 | RobustPrompt-I Loss 0.4609  
Epoch 198 |  Time(s) 0.1023 | RobustPrompt-I Loss 0.4322  
Epoch 199 |  Time(s) 0.0774 | RobustPrompt-I Loss 0.5207  
Epoch 200 |  Time(s) 0.0776 | RobustPrompt-I Loss 0.5400  
Batch 0 Acc: 0.1100 | Macro-F1: 0.0656
Batch 1 Acc: 0.0700 | Macro-F1: 0.0442
Batch 2 Acc: 0.0700 | Macro-F1: 0.0437
Batch 3 Acc: 0.1400 | Macro-F1: 0.0768
Batch 4 Acc: 0.0900 | Macro-F1: 0.0607
Batch 5 Acc: 0.1000 | Macro-F1: 0.0615
Batch 6 Acc: 0.0700 | Macro-F1: 0.0303
Batch 7 Acc: 0.0500 | Macro-F1: 0.0265
Batch 8 Acc: 0.1500 | Macro-F1: 0.0822
Batch 9 Acc: 0.0900 | Macro-F1: 0.0637
Final True Accuracy: 0.0940 | Macro F1 Score: 0.0571
best_loss [0.5400278568267822]
load LLC or attacked data with specified split
Successfully loaded the attack of dataname with few shot 5, split 1
Attack method : Meta_Self | Attack ptb : 0.15 | Dataset: Cora
======================
Number of graphs: 1
Number of features: 1433
Number of classes: 7

Data(x=[2708, 1433], edge_index=[2, 14804], y=[2708], train_mask=[2708], val_mask=[2708], test_mask=[2708])
===========================================================================================================
Number of nodes: 2708
Number of edges: 14804
Average node degree: 5.47
Has isolated nodes: False
Has self-loops: True
Is undirected: True
GCN(
  (conv_layers): ModuleList(
    (0): GCNConv(1433, 256)
    (1): GCNConv(256, 256)
  )
)
Successfully loaded pre-trained weights!
use RobustPrompt Inductive
defense pt dict :  {'sim_pt': -1.0, 'degree_pt': -1, 'out_detect_pt': 0.6, 'other_pt': 'all'}
use_attention :  False
kl_global :  False
cosine_constraint :  True
pt_threshold :  0.25
filter_module :  OriginalFilter
temperature :  1.0
weight_mse 0.1
weight_kl :  0.1
weight_constraint :  0.0
prepare induce graph data is finished!
run RobustPrompt-I
Epoch 001 |  Time(s) 0.0959 | RobustPrompt-I Loss 1.9456  
Epoch 002 |  Time(s) 0.0814 | RobustPrompt-I Loss 1.9429  
Epoch 003 |  Time(s) 0.0818 | RobustPrompt-I Loss 1.9193  
Epoch 004 |  Time(s) 0.0812 | RobustPrompt-I Loss 1.9044  
Epoch 005 |  Time(s) 0.0807 | RobustPrompt-I Loss 1.8892  
Epoch 006 |  Time(s) 0.0813 | RobustPrompt-I Loss 1.8585  
Epoch 007 |  Time(s) 0.0814 | RobustPrompt-I Loss 1.8431  
Epoch 008 |  Time(s) 0.0814 | RobustPrompt-I Loss 1.8061  
Epoch 009 |  Time(s) 0.0812 | RobustPrompt-I Loss 1.7733  
Epoch 010 |  Time(s) 0.0817 | RobustPrompt-I Loss 1.7426  
Epoch 011 |  Time(s) 0.0849 | RobustPrompt-I Loss 1.6899  
Epoch 012 |  Time(s) 0.0824 | RobustPrompt-I Loss 1.6579  
Epoch 013 |  Time(s) 0.0825 | RobustPrompt-I Loss 1.6193  
Epoch 014 |  Time(s) 0.0823 | RobustPrompt-I Loss 1.5781  
Epoch 015 |  Time(s) 0.0826 | RobustPrompt-I Loss 1.5622  
Epoch 016 |  Time(s) 0.0823 | RobustPrompt-I Loss 1.5368  
Epoch 017 |  Time(s) 0.0820 | RobustPrompt-I Loss nan  
Epoch 018 |  Time(s) 0.0821 | RobustPrompt-I Loss nan  
Epoch 019 |  Time(s) 0.0820 | RobustPrompt-I Loss nan  
Epoch 020 |  Time(s) 0.0824 | RobustPrompt-I Loss nan  
Epoch 021 |  Time(s) 0.0824 | RobustPrompt-I Loss nan  
Epoch 022 |  Time(s) 0.0819 | RobustPrompt-I Loss nan  
Epoch 023 |  Time(s) 0.0820 | RobustPrompt-I Loss nan  
Epoch 024 |  Time(s) 0.0828 | RobustPrompt-I Loss nan  
Epoch 025 |  Time(s) 0.0820 | RobustPrompt-I Loss nan  
Epoch 026 |  Time(s) 0.0827 | RobustPrompt-I Loss nan  
Epoch 027 |  Time(s) 0.0832 | RobustPrompt-I Loss nan  
Epoch 028 |  Time(s) 0.0818 | RobustPrompt-I Loss nan  
Epoch 029 |  Time(s) 0.0828 | RobustPrompt-I Loss nan  
Epoch 030 |  Time(s) 0.0820 | RobustPrompt-I Loss nan  
Epoch 031 |  Time(s) 0.0826 | RobustPrompt-I Loss nan  
Epoch 032 |  Time(s) 0.0822 | RobustPrompt-I Loss nan  
Epoch 033 |  Time(s) 0.0822 | RobustPrompt-I Loss nan  
Epoch 034 |  Time(s) 0.0819 | RobustPrompt-I Loss nan  
Epoch 035 |  Time(s) 0.1776 | RobustPrompt-I Loss nan  
----------------------------------------------------------------------------------------------------
Early stopping at 36 eopch!
load LLC or attacked data with specified split
Successfully loaded the attack of dataname with few shot 5, split 1
Attack method : Meta_Self | Attack ptb : 0.15 | Dataset: Cora
======================
Number of graphs: 1
Number of features: 1433
Number of classes: 7

Data(x=[2708, 1433], edge_index=[2, 14804], y=[2708], train_mask=[2708], val_mask=[2708], test_mask=[2708])
===========================================================================================================
Number of nodes: 2708
Number of edges: 14804
Average node degree: 5.47
Has isolated nodes: False
Has self-loops: True
Is undirected: True
GCN(
  (conv_layers): ModuleList(
    (0): GCNConv(1433, 256)
    (1): GCNConv(256, 256)
  )
)
Successfully loaded pre-trained weights!
use RobustPrompt Inductive
defense pt dict :  {'sim_pt': -1.0, 'degree_pt': -1, 'out_detect_pt': 0.6, 'other_pt': 'all'}
use_attention :  False
kl_global :  False
cosine_constraint :  True
pt_threshold :  0.25
filter_module :  OriginalFilter
temperature :  1.0
weight_mse 0.1
weight_kl :  0.1
weight_constraint :  0.0
prepare induce graph data is finished!
run RobustPrompt-I
Epoch 001 |  Time(s) 0.0951 | RobustPrompt-I Loss 1.9454  
Epoch 002 |  Time(s) 0.0812 | RobustPrompt-I Loss 1.9359  
Epoch 003 |  Time(s) 0.0814 | RobustPrompt-I Loss 1.9124  
Epoch 004 |  Time(s) 0.0814 | RobustPrompt-I Loss 1.9135  
Epoch 005 |  Time(s) 0.0811 | RobustPrompt-I Loss 1.8735  
Epoch 006 |  Time(s) 0.0803 | RobustPrompt-I Loss 1.8610  
Epoch 007 |  Time(s) 0.0793 | RobustPrompt-I Loss 1.8222  
Epoch 008 |  Time(s) 0.0836 | RobustPrompt-I Loss 1.8046  
Epoch 009 |  Time(s) 0.0804 | RobustPrompt-I Loss 1.7485  
Epoch 010 |  Time(s) 0.0802 | RobustPrompt-I Loss 1.7468  
Epoch 011 |  Time(s) 0.0809 | RobustPrompt-I Loss 1.6763  
Epoch 012 |  Time(s) 0.0805 | RobustPrompt-I Loss 1.6648  
Epoch 013 |  Time(s) 0.0803 | RobustPrompt-I Loss 1.6132  
Epoch 014 |  Time(s) 0.0794 | RobustPrompt-I Loss 1.5888  
Epoch 015 |  Time(s) 0.0793 | RobustPrompt-I Loss 1.5571  
Epoch 016 |  Time(s) 0.0803 | RobustPrompt-I Loss 1.5389  
Epoch 017 |  Time(s) 0.0799 | RobustPrompt-I Loss 1.5102  
Epoch 018 |  Time(s) 0.0801 | RobustPrompt-I Loss 1.5096  
Epoch 019 |  Time(s) 0.0792 | RobustPrompt-I Loss 1.4803  
Epoch 020 |  Time(s) 0.0794 | RobustPrompt-I Loss 1.4755  
Epoch 021 |  Time(s) 0.0808 | RobustPrompt-I Loss 1.4722  
Epoch 022 |  Time(s) 0.0799 | RobustPrompt-I Loss 1.4397  
Epoch 023 |  Time(s) 0.0799 | RobustPrompt-I Loss nan  
Epoch 024 |  Time(s) 0.0800 | RobustPrompt-I Loss nan  
Epoch 025 |  Time(s) 0.0794 | RobustPrompt-I Loss nan  
Epoch 026 |  Time(s) 0.0799 | RobustPrompt-I Loss nan  
Epoch 027 |  Time(s) 0.0800 | RobustPrompt-I Loss nan  
Epoch 028 |  Time(s) 0.0792 | RobustPrompt-I Loss nan  
Epoch 029 |  Time(s) 0.0796 | RobustPrompt-I Loss nan  
Epoch 030 |  Time(s) 0.0811 | RobustPrompt-I Loss nan  
Epoch 031 |  Time(s) 0.0807 | RobustPrompt-I Loss nan  
Epoch 032 |  Time(s) 0.0809 | RobustPrompt-I Loss nan  
Epoch 033 |  Time(s) 0.1170 | RobustPrompt-I Loss nan  
Epoch 034 |  Time(s) 0.1539 | RobustPrompt-I Loss nan  
Epoch 035 |  Time(s) 0.2722 | RobustPrompt-I Loss nan  
Epoch 036 |  Time(s) 0.1603 | RobustPrompt-I Loss nan  
Epoch 037 |  Time(s) 0.0982 | RobustPrompt-I Loss nan  
Epoch 038 |  Time(s) 0.2106 | RobustPrompt-I Loss nan  
Epoch 039 |  Time(s) 0.1297 | RobustPrompt-I Loss nan  
Epoch 040 |  Time(s) 0.1040 | RobustPrompt-I Loss nan  
Epoch 041 |  Time(s) 0.2027 | RobustPrompt-I Loss nan  
----------------------------------------------------------------------------------------------------
Early stopping at 42 eopch!
load LLC or attacked data with specified split
Successfully loaded the attack of dataname with few shot 5, split 1
Attack method : Meta_Self | Attack ptb : 0.15 | Dataset: Cora
======================
Number of graphs: 1
Number of features: 1433
Number of classes: 7

Data(x=[2708, 1433], edge_index=[2, 14804], y=[2708], train_mask=[2708], val_mask=[2708], test_mask=[2708])
===========================================================================================================
Number of nodes: 2708
Number of edges: 14804
Average node degree: 5.47
Has isolated nodes: False
Has self-loops: True
Is undirected: True
GCN(
  (conv_layers): ModuleList(
    (0): GCNConv(1433, 256)
    (1): GCNConv(256, 256)
  )
)
Successfully loaded pre-trained weights!
use RobustPrompt Inductive
defense pt dict :  {'sim_pt': -1.0, 'degree_pt': -1, 'out_detect_pt': 0.6, 'other_pt': 'all'}
use_attention :  False
kl_global :  False
cosine_constraint :  True
pt_threshold :  0.25
filter_module :  OriginalFilter
temperature :  1.0
weight_mse 0.1
weight_kl :  0.1
weight_constraint :  0.0
prepare induce graph data is finished!
run RobustPrompt-I
Epoch 001 |  Time(s) 0.1024 | RobustPrompt-I Loss 1.9411  
Epoch 002 |  Time(s) 0.0862 | RobustPrompt-I Loss 1.9392  
Epoch 003 |  Time(s) 0.0882 | RobustPrompt-I Loss 1.9093  
Epoch 004 |  Time(s) 0.0842 | RobustPrompt-I Loss 1.8807  
Epoch 005 |  Time(s) 0.0862 | RobustPrompt-I Loss 1.8512  
Epoch 006 |  Time(s) 0.0863 | RobustPrompt-I Loss 1.8183  
Epoch 007 |  Time(s) 0.0910 | RobustPrompt-I Loss 1.7621  
Epoch 008 |  Time(s) 0.0920 | RobustPrompt-I Loss 1.7276  
Epoch 009 |  Time(s) 0.0896 | RobustPrompt-I Loss 1.6760  
Epoch 010 |  Time(s) 0.0870 | RobustPrompt-I Loss 1.6374  
Epoch 011 |  Time(s) 0.0834 | RobustPrompt-I Loss 1.6191  
Epoch 012 |  Time(s) 0.4570 | RobustPrompt-I Loss 1.5857  
Epoch 013 |  Time(s) 0.4009 | RobustPrompt-I Loss 1.5912  
Epoch 014 |  Time(s) 0.1893 | RobustPrompt-I Loss 1.5639  
Epoch 015 |  Time(s) 0.1899 | RobustPrompt-I Loss 1.5539  
Epoch 016 |  Time(s) 0.2493 | RobustPrompt-I Loss 1.5438  
Epoch 017 |  Time(s) 0.1891 | RobustPrompt-I Loss 1.5191  
Epoch 018 |  Time(s) 0.1152 | RobustPrompt-I Loss 1.5168  
Epoch 019 |  Time(s) 0.1129 | RobustPrompt-I Loss 1.5013  
Epoch 020 |  Time(s) 0.0947 | RobustPrompt-I Loss 1.4773  
Epoch 021 |  Time(s) 0.0864 | RobustPrompt-I Loss 1.4747  
Epoch 022 |  Time(s) 0.0894 | RobustPrompt-I Loss 1.4698  
Epoch 023 |  Time(s) 0.0877 | RobustPrompt-I Loss 1.4489  
Epoch 024 |  Time(s) 0.0835 | RobustPrompt-I Loss 1.4339  
Epoch 025 |  Time(s) 0.1698 | RobustPrompt-I Loss 1.4312  
Epoch 026 |  Time(s) 0.1260 | RobustPrompt-I Loss 1.4293  
Epoch 027 |  Time(s) 0.0956 | RobustPrompt-I Loss 1.4095  
Epoch 028 |  Time(s) 0.1580 | RobustPrompt-I Loss 1.3872  
Epoch 029 |  Time(s) 0.0944 | RobustPrompt-I Loss 1.3695  
Epoch 030 |  Time(s) 0.0872 | RobustPrompt-I Loss 1.3554  
Epoch 031 |  Time(s) 0.0971 | RobustPrompt-I Loss 1.3469  
Epoch 032 |  Time(s) 0.1020 | RobustPrompt-I Loss 1.3550  
Epoch 033 |  Time(s) 0.1005 | RobustPrompt-I Loss 1.3085  
Epoch 034 |  Time(s) 0.0885 | RobustPrompt-I Loss 1.3168  
Epoch 035 |  Time(s) 0.2106 | RobustPrompt-I Loss 1.2975  
Epoch 036 |  Time(s) 0.0944 | RobustPrompt-I Loss 1.2632  
Epoch 037 |  Time(s) 0.1443 | RobustPrompt-I Loss 1.2603  
Epoch 038 |  Time(s) 0.0930 | RobustPrompt-I Loss 1.2732  
Epoch 039 |  Time(s) 0.0900 | RobustPrompt-I Loss 1.2239  
Epoch 040 |  Time(s) 0.0871 | RobustPrompt-I Loss 1.3331  
Epoch 041 |  Time(s) 0.0841 | RobustPrompt-I Loss 1.3203  
Epoch 042 |  Time(s) 0.0849 | RobustPrompt-I Loss 1.1773  
Epoch 043 |  Time(s) 0.0852 | RobustPrompt-I Loss 1.2482  
Epoch 044 |  Time(s) 0.0861 | RobustPrompt-I Loss 1.1805  
Epoch 045 |  Time(s) 0.0851 | RobustPrompt-I Loss 1.2320  
Epoch 046 |  Time(s) 0.0847 | RobustPrompt-I Loss 1.2618  
Epoch 047 |  Time(s) 0.0864 | RobustPrompt-I Loss 1.1244  
Epoch 048 |  Time(s) 0.0889 | RobustPrompt-I Loss 1.2878  
Epoch 049 |  Time(s) 0.0889 | RobustPrompt-I Loss 1.3620  
Epoch 050 |  Time(s) 0.0888 | RobustPrompt-I Loss 1.1608  
Epoch 051 |  Time(s) 0.0903 | RobustPrompt-I Loss 1.1683  
Epoch 052 |  Time(s) 0.0895 | RobustPrompt-I Loss 1.2871  
Epoch 053 |  Time(s) 0.0881 | RobustPrompt-I Loss 1.1484  
Epoch 054 |  Time(s) 0.1062 | RobustPrompt-I Loss 1.0979  
Epoch 055 |  Time(s) 0.0872 | RobustPrompt-I Loss 1.1413  
Epoch 056 |  Time(s) 0.0840 | RobustPrompt-I Loss 1.0570  
Epoch 057 |  Time(s) 0.0843 | RobustPrompt-I Loss 1.1761  
Epoch 058 |  Time(s) 0.0847 | RobustPrompt-I Loss 1.2530  
Epoch 059 |  Time(s) 0.0836 | RobustPrompt-I Loss 1.0912  
Epoch 060 |  Time(s) 0.0851 | RobustPrompt-I Loss 1.0770  
Epoch 061 |  Time(s) 0.0845 | RobustPrompt-I Loss 1.1518  
Epoch 062 |  Time(s) 0.0853 | RobustPrompt-I Loss 1.0559  
Epoch 063 |  Time(s) 0.0851 | RobustPrompt-I Loss 1.0562  
Epoch 064 |  Time(s) 0.0850 | RobustPrompt-I Loss 1.1042  
Epoch 065 |  Time(s) 0.0849 | RobustPrompt-I Loss 1.0160  
Epoch 066 |  Time(s) 0.0850 | RobustPrompt-I Loss 1.0825  
Epoch 067 |  Time(s) 0.0856 | RobustPrompt-I Loss 1.1636  
Epoch 068 |  Time(s) 0.0853 | RobustPrompt-I Loss 1.0533  
Epoch 069 |  Time(s) 0.0863 | RobustPrompt-I Loss 1.0015  
Epoch 070 |  Time(s) 0.0855 | RobustPrompt-I Loss 1.0451  
Epoch 071 |  Time(s) 0.0856 | RobustPrompt-I Loss 0.9892  
Epoch 072 |  Time(s) 0.0849 | RobustPrompt-I Loss 1.0349  
Epoch 073 |  Time(s) 0.0864 | RobustPrompt-I Loss 1.1021  
Epoch 074 |  Time(s) 0.1188 | RobustPrompt-I Loss 1.0037  
Epoch 075 |  Time(s) 0.0929 | RobustPrompt-I Loss 0.9965  
Epoch 076 |  Time(s) 0.1633 | RobustPrompt-I Loss 1.0691  
Epoch 077 |  Time(s) 0.3519 | RobustPrompt-I Loss 1.0088  
Epoch 078 |  Time(s) 0.2498 | RobustPrompt-I Loss 0.9777  
Epoch 079 |  Time(s) 0.0978 | RobustPrompt-I Loss 1.0204  
Epoch 080 |  Time(s) 0.0856 | RobustPrompt-I Loss 1.0115  
Epoch 081 |  Time(s) 0.0858 | RobustPrompt-I Loss 0.9517  
Epoch 082 |  Time(s) 0.0853 | RobustPrompt-I Loss 0.9668  
Epoch 083 |  Time(s) 0.0852 | RobustPrompt-I Loss 0.9800  
Epoch 084 |  Time(s) 0.0851 | RobustPrompt-I Loss 0.9257  
Epoch 085 |  Time(s) 0.0894 | RobustPrompt-I Loss 0.9572  
Epoch 086 |  Time(s) 0.0840 | RobustPrompt-I Loss 0.9669  
Epoch 087 |  Time(s) 0.0845 | RobustPrompt-I Loss 0.9210  
Epoch 088 |  Time(s) 0.0839 | RobustPrompt-I Loss 0.9228  
Epoch 089 |  Time(s) 0.0837 | RobustPrompt-I Loss 0.9343  
Epoch 090 |  Time(s) 0.0841 | RobustPrompt-I Loss 0.9157  
Epoch 091 |  Time(s) 0.0855 | RobustPrompt-I Loss 0.9036  
Epoch 092 |  Time(s) 0.1338 | RobustPrompt-I Loss 0.9134  
Epoch 093 |  Time(s) 0.0889 | RobustPrompt-I Loss 0.9046  
Epoch 094 |  Time(s) 0.1247 | RobustPrompt-I Loss 0.8881  
Epoch 095 |  Time(s) 0.0887 | RobustPrompt-I Loss 0.8970  
Epoch 096 |  Time(s) 0.0831 | RobustPrompt-I Loss 0.8894  
Epoch 097 |  Time(s) 0.0841 | RobustPrompt-I Loss 0.8807  
Epoch 098 |  Time(s) 0.0838 | RobustPrompt-I Loss 0.8777  
Epoch 099 |  Time(s) 0.0842 | RobustPrompt-I Loss 0.8817  
Epoch 100 |  Time(s) 0.0841 | RobustPrompt-I Loss 0.8718  
Epoch 101 |  Time(s) 0.0844 | RobustPrompt-I Loss 0.8666  
Epoch 102 |  Time(s) 0.0837 | RobustPrompt-I Loss nan  
Epoch 103 |  Time(s) 0.0838 | RobustPrompt-I Loss nan  
Epoch 104 |  Time(s) 0.0838 | RobustPrompt-I Loss nan  
Epoch 105 |  Time(s) 0.0837 | RobustPrompt-I Loss nan  
Epoch 106 |  Time(s) 0.0839 | RobustPrompt-I Loss nan  
Epoch 107 |  Time(s) 0.0839 | RobustPrompt-I Loss nan  
Epoch 108 |  Time(s) 0.0836 | RobustPrompt-I Loss nan  
Epoch 109 |  Time(s) 0.0847 | RobustPrompt-I Loss nan  
Epoch 110 |  Time(s) 0.0837 | RobustPrompt-I Loss nan  
Epoch 111 |  Time(s) 0.0842 | RobustPrompt-I Loss nan  
Epoch 112 |  Time(s) 0.0832 | RobustPrompt-I Loss nan  
Epoch 113 |  Time(s) 0.0846 | RobustPrompt-I Loss nan  
Epoch 114 |  Time(s) 0.0835 | RobustPrompt-I Loss nan  
Epoch 115 |  Time(s) 0.0835 | RobustPrompt-I Loss nan  
Epoch 116 |  Time(s) 0.0829 | RobustPrompt-I Loss nan  
Epoch 117 |  Time(s) 0.0837 | RobustPrompt-I Loss nan  
Epoch 118 |  Time(s) 0.0836 | RobustPrompt-I Loss nan  
Epoch 119 |  Time(s) 0.0840 | RobustPrompt-I Loss nan  
Epoch 120 |  Time(s) 0.0839 | RobustPrompt-I Loss nan  
----------------------------------------------------------------------------------------------------
Early stopping at 121 eopch!
load LLC or attacked data with specified split
Successfully loaded the attack of dataname with few shot 5, split 1
Attack method : Meta_Self | Attack ptb : 0.15 | Dataset: Cora
======================
Number of graphs: 1
Number of features: 1433
Number of classes: 7

Data(x=[2708, 1433], edge_index=[2, 14804], y=[2708], train_mask=[2708], val_mask=[2708], test_mask=[2708])
===========================================================================================================
Number of nodes: 2708
Number of edges: 14804
Average node degree: 5.47
Has isolated nodes: False
Has self-loops: True
Is undirected: True
GCN(
  (conv_layers): ModuleList(
    (0): GCNConv(1433, 256)
    (1): GCNConv(256, 256)
  )
)
Successfully loaded pre-trained weights!
use RobustPrompt Inductive
defense pt dict :  {'sim_pt': -1.0, 'degree_pt': -1, 'out_detect_pt': 0.6, 'other_pt': 'all'}
use_attention :  False
kl_global :  False
cosine_constraint :  True
pt_threshold :  0.25
filter_module :  OriginalFilter
temperature :  1.0
weight_mse 0.1
weight_kl :  0.1
weight_constraint :  0.0
prepare induce graph data is finished!
run RobustPrompt-I
Epoch 001 |  Time(s) 0.1072 | RobustPrompt-I Loss 1.9486  
Epoch 002 |  Time(s) 0.0884 | RobustPrompt-I Loss 1.9423  
Epoch 003 |  Time(s) 0.0856 | RobustPrompt-I Loss 1.9281  
Epoch 004 |  Time(s) 0.0844 | RobustPrompt-I Loss 1.9206  
Epoch 005 |  Time(s) 0.0859 | RobustPrompt-I Loss 1.8835  
Epoch 006 |  Time(s) 0.0888 | RobustPrompt-I Loss 1.8626  
Epoch 007 |  Time(s) 0.0855 | RobustPrompt-I Loss 1.8220  
Epoch 008 |  Time(s) 0.0939 | RobustPrompt-I Loss 1.7948  
Epoch 009 |  Time(s) 0.0918 | RobustPrompt-I Loss 1.7466  
Epoch 010 |  Time(s) 0.0888 | RobustPrompt-I Loss 1.7140  
Epoch 011 |  Time(s) 0.0907 | RobustPrompt-I Loss 1.6597  
Epoch 012 |  Time(s) 0.0919 | RobustPrompt-I Loss 1.6264  
Epoch 013 |  Time(s) 0.0830 | RobustPrompt-I Loss 1.5923  
Epoch 014 |  Time(s) 0.0820 | RobustPrompt-I Loss 1.5634  
Epoch 015 |  Time(s) 0.0818 | RobustPrompt-I Loss 1.5651  
Epoch 016 |  Time(s) 0.0827 | RobustPrompt-I Loss 1.5441  
Epoch 017 |  Time(s) 0.0822 | RobustPrompt-I Loss 1.5274  
Epoch 018 |  Time(s) 0.0819 | RobustPrompt-I Loss 1.5285  
Epoch 019 |  Time(s) 0.0812 | RobustPrompt-I Loss 1.5036  
Epoch 020 |  Time(s) 0.0822 | RobustPrompt-I Loss 1.4933  
Epoch 021 |  Time(s) 0.0824 | RobustPrompt-I Loss 1.4838  
Epoch 022 |  Time(s) 0.0824 | RobustPrompt-I Loss 1.4618  
Epoch 023 |  Time(s) 0.2117 | RobustPrompt-I Loss 1.4539  
Epoch 024 |  Time(s) 0.4543 | RobustPrompt-I Loss 1.4476  
Epoch 025 |  Time(s) 0.2212 | RobustPrompt-I Loss 1.4332  
Epoch 026 |  Time(s) 0.1961 | RobustPrompt-I Loss 1.4191  
Epoch 027 |  Time(s) 0.1870 | RobustPrompt-I Loss 1.4158  
Epoch 028 |  Time(s) 0.1132 | RobustPrompt-I Loss 1.4170  
Epoch 029 |  Time(s) 0.1236 | RobustPrompt-I Loss 1.3938  
Epoch 030 |  Time(s) 0.0874 | RobustPrompt-I Loss 1.3704  
Epoch 031 |  Time(s) 0.0830 | RobustPrompt-I Loss 1.3576  
Epoch 032 |  Time(s) 0.0820 | RobustPrompt-I Loss 1.3512  
Epoch 033 |  Time(s) 0.0816 | RobustPrompt-I Loss 1.3501  
Epoch 034 |  Time(s) 0.0819 | RobustPrompt-I Loss 1.3145  
Epoch 035 |  Time(s) 0.0809 | RobustPrompt-I Loss 1.3057  
Epoch 036 |  Time(s) 0.0807 | RobustPrompt-I Loss 1.3197  
Epoch 037 |  Time(s) 0.0824 | RobustPrompt-I Loss 1.2718  
Epoch 038 |  Time(s) 0.0822 | RobustPrompt-I Loss 1.3010  
Epoch 039 |  Time(s) 0.0818 | RobustPrompt-I Loss 1.2421  
Epoch 040 |  Time(s) 0.0828 | RobustPrompt-I Loss 1.2701  
Epoch 041 |  Time(s) 0.0820 | RobustPrompt-I Loss 1.2132  
Epoch 042 |  Time(s) 0.0821 | RobustPrompt-I Loss 1.2377  
Epoch 043 |  Time(s) 0.0828 | RobustPrompt-I Loss 1.1863  
Epoch 044 |  Time(s) 0.0821 | RobustPrompt-I Loss 1.1933  
Epoch 045 |  Time(s) 0.0812 | RobustPrompt-I Loss 1.1749  
Epoch 046 |  Time(s) 0.1273 | RobustPrompt-I Loss 1.1473  
Epoch 047 |  Time(s) 0.2051 | RobustPrompt-I Loss 1.1439  
Epoch 048 |  Time(s) 0.0972 | RobustPrompt-I Loss 1.1434  
Epoch 049 |  Time(s) 0.0903 | RobustPrompt-I Loss 1.1092  
Epoch 050 |  Time(s) 0.0824 | RobustPrompt-I Loss 1.1197  
Epoch 051 |  Time(s) 0.0840 | RobustPrompt-I Loss 1.0869  
Epoch 052 |  Time(s) 0.0817 | RobustPrompt-I Loss 1.0818  
Epoch 053 |  Time(s) 0.0831 | RobustPrompt-I Loss 1.0835  
Epoch 054 |  Time(s) 0.0830 | RobustPrompt-I Loss 1.0527  
Epoch 055 |  Time(s) 0.0827 | RobustPrompt-I Loss 1.0668  
Epoch 056 |  Time(s) 0.0837 | RobustPrompt-I Loss 1.0316  
Epoch 057 |  Time(s) 0.0830 | RobustPrompt-I Loss 1.0447  
Epoch 058 |  Time(s) 0.0863 | RobustPrompt-I Loss 1.0129  
Epoch 059 |  Time(s) 0.0837 | RobustPrompt-I Loss 1.0203  
Epoch 060 |  Time(s) 0.0835 | RobustPrompt-I Loss 0.9988  
Epoch 061 |  Time(s) 0.0841 | RobustPrompt-I Loss 0.9915  
Epoch 062 |  Time(s) 0.0820 | RobustPrompt-I Loss 0.9886  
Epoch 063 |  Time(s) 0.0817 | RobustPrompt-I Loss 0.9703  
Epoch 064 |  Time(s) 0.0825 | RobustPrompt-I Loss 0.9702  
Epoch 065 |  Time(s) 0.0822 | RobustPrompt-I Loss 0.9575  
Epoch 066 |  Time(s) 0.0821 | RobustPrompt-I Loss 0.9501  
Epoch 067 |  Time(s) 0.0832 | RobustPrompt-I Loss 0.9452  
Epoch 068 |  Time(s) 0.0824 | RobustPrompt-I Loss 0.9333  
Epoch 069 |  Time(s) 0.0840 | RobustPrompt-I Loss 0.9305  
Epoch 070 |  Time(s) 0.0823 | RobustPrompt-I Loss 0.9195  
Epoch 071 |  Time(s) 0.0834 | RobustPrompt-I Loss 0.9149  
Epoch 072 |  Time(s) 0.0823 | RobustPrompt-I Loss 0.9073  
Epoch 073 |  Time(s) 0.0826 | RobustPrompt-I Loss 0.9002  
Epoch 074 |  Time(s) 0.0830 | RobustPrompt-I Loss 0.8958  
Epoch 075 |  Time(s) 0.0828 | RobustPrompt-I Loss 0.8880  
Epoch 076 |  Time(s) 0.0836 | RobustPrompt-I Loss 0.8851  
Epoch 077 |  Time(s) 0.0829 | RobustPrompt-I Loss 0.8786  
Epoch 078 |  Time(s) 0.0826 | RobustPrompt-I Loss 0.8747  
Epoch 079 |  Time(s) 0.0869 | RobustPrompt-I Loss 0.8704  
Epoch 080 |  Time(s) 0.0824 | RobustPrompt-I Loss 0.8659  
Epoch 081 |  Time(s) 0.0824 | RobustPrompt-I Loss 0.8627  
Epoch 082 |  Time(s) 0.0829 | RobustPrompt-I Loss 0.8580  
Epoch 083 |  Time(s) 0.0826 | RobustPrompt-I Loss nan  
Epoch 084 |  Time(s) 0.0827 | RobustPrompt-I Loss nan  
Epoch 085 |  Time(s) 0.0825 | RobustPrompt-I Loss nan  
Epoch 086 |  Time(s) 0.0824 | RobustPrompt-I Loss nan  
Epoch 087 |  Time(s) 0.0836 | RobustPrompt-I Loss nan  
Epoch 088 |  Time(s) 0.0817 | RobustPrompt-I Loss nan  
Epoch 089 |  Time(s) 0.0819 | RobustPrompt-I Loss nan  
Epoch 090 |  Time(s) 0.0818 | RobustPrompt-I Loss nan  
Epoch 091 |  Time(s) 0.0818 | RobustPrompt-I Loss nan  
Epoch 092 |  Time(s) 0.0819 | RobustPrompt-I Loss nan  
Epoch 093 |  Time(s) 0.0818 | RobustPrompt-I Loss nan  
Epoch 094 |  Time(s) 0.0833 | RobustPrompt-I Loss nan  
Epoch 095 |  Time(s) 0.0829 | RobustPrompt-I Loss nan  
Epoch 096 |  Time(s) 0.0847 | RobustPrompt-I Loss nan  
Epoch 097 |  Time(s) 0.0848 | RobustPrompt-I Loss nan  
Epoch 098 |  Time(s) 0.0825 | RobustPrompt-I Loss nan  
Epoch 099 |  Time(s) 0.0830 | RobustPrompt-I Loss nan  
Epoch 100 |  Time(s) 0.0824 | RobustPrompt-I Loss nan  
Epoch 101 |  Time(s) 0.0841 | RobustPrompt-I Loss nan  
----------------------------------------------------------------------------------------------------
Early stopping at 102 eopch!
{1: {1: 0.09399999678134918}, 2: {1: nan}, 3: {1: nan}, 4: {1: nan}, 5: {1: nan}}
{1: {1: 0.09399999678134918, 2: nan, 3: nan, 4: nan, 5: nan}}
########################################################################################
seed: 1 | split 1 : 0.09399999678134918
# Seed 1 Muti Split Final Acc: 0.0940±0.0000
seed: 2 | split 1 : nan
# Seed 2 Muti Split Final Acc: nan±nan
seed: 3 | split 1 : nan
# Seed 3 Muti Split Final Acc: nan±nan
seed: 4 | split 1 : nan
# Seed 4 Muti Split Final Acc: nan±nan
seed: 5 | split 1 : nan
# Seed 5 Muti Split Final Acc: nan±nan
########################################################################################
split: 1 | seed 1 : 0.09399999678134918
split: 1 | seed 2 : nan
split: 1 | seed 3 : nan
split: 1 | seed 4 : nan
split: 1 | seed 5 : nan
# Split 1 Muti Seed Acc without min value: nan±nan
########################################################################################
Done phase=ood, ood=0.6, ptb=0.15, end=2026-06-09 00:27:16, duration=00:01:01
