Start phase=ood, ood=0.3, ptb=0.05, time=2026-06-09 00:14:42, log=logs/RobustPrompt-I/ft_ood0.3_0.05_20260609_001442.log
load LLC or attacked data with specified split
Successfully loaded the attack of dataname with few shot 5, split 1
Attack method : Meta_Self | Attack ptb : 0.05 | Dataset: Cora
======================
Number of graphs: 1
Number of features: 1433
Number of classes: 7

Data(x=[2708, 1433], edge_index=[2, 13790], y=[2708], train_mask=[2708], val_mask=[2708], test_mask=[2708])
===========================================================================================================
Number of nodes: 2708
Number of edges: 13790
Average node degree: 5.09
Has isolated nodes: False
Has self-loops: True
Is undirected: True
GCN(
  (conv_layers): ModuleList(
    (0): GCNConv(1433, 256)
    (1): GCNConv(256, 256)
  )
)
Successfully loaded pre-trained weights!
use RobustPrompt Inductive
defense pt dict :  {'sim_pt': -1.0, 'degree_pt': -1, 'out_detect_pt': 0.3, 'other_pt': 'all'}
use_attention :  False
kl_global :  False
cosine_constraint :  True
pt_threshold :  0.25
filter_module :  OriginalFilter
temperature :  1.0
weight_mse 0.1
weight_kl :  0.1
weight_constraint :  0.0
prepare induce graph data is finished!
run RobustPrompt-I
Epoch 001 |  Time(s) 0.3834 | RobustPrompt-I Loss 1.9448  
Epoch 002 |  Time(s) 0.0972 | RobustPrompt-I Loss 1.9459  
Epoch 003 |  Time(s) 0.0854 | RobustPrompt-I Loss 1.9447  
Epoch 004 |  Time(s) 0.0901 | RobustPrompt-I Loss 1.9350  
Epoch 005 |  Time(s) 0.0898 | RobustPrompt-I Loss 1.9226  
Epoch 006 |  Time(s) 0.0856 | RobustPrompt-I Loss 1.9311  
Epoch 007 |  Time(s) 0.0847 | RobustPrompt-I Loss 1.9213  
Epoch 008 |  Time(s) 0.0888 | RobustPrompt-I Loss 1.9062  
Epoch 009 |  Time(s) 0.0890 | RobustPrompt-I Loss 1.9101  
Epoch 010 |  Time(s) 0.1313 | RobustPrompt-I Loss 1.9074  
Epoch 011 |  Time(s) 0.3172 | RobustPrompt-I Loss 1.8861  
Epoch 012 |  Time(s) 0.1774 | RobustPrompt-I Loss 1.8838  
Epoch 013 |  Time(s) 0.2303 | RobustPrompt-I Loss 1.8767  
Epoch 014 |  Time(s) 0.2655 | RobustPrompt-I Loss 1.8580  
Epoch 015 |  Time(s) 0.1829 | RobustPrompt-I Loss 1.8607  
Epoch 016 |  Time(s) 0.0996 | RobustPrompt-I Loss 1.8473  
Epoch 017 |  Time(s) 0.2909 | RobustPrompt-I Loss 1.8278  
Epoch 018 |  Time(s) 0.1982 | RobustPrompt-I Loss 1.8339  
Epoch 019 |  Time(s) 0.0961 | RobustPrompt-I Loss 1.8123  
Epoch 020 |  Time(s) 0.0928 | RobustPrompt-I Loss 1.7970  
Epoch 021 |  Time(s) 0.0874 | RobustPrompt-I Loss 1.8064  
Epoch 022 |  Time(s) 0.0877 | RobustPrompt-I Loss 1.7860  
Epoch 023 |  Time(s) 0.0884 | RobustPrompt-I Loss 1.7724  
Epoch 024 |  Time(s) 0.0874 | RobustPrompt-I Loss 1.7675  
Epoch 025 |  Time(s) 0.0881 | RobustPrompt-I Loss 1.7627  
Epoch 026 |  Time(s) 0.0870 | RobustPrompt-I Loss 1.7579  
Epoch 027 |  Time(s) 0.0870 | RobustPrompt-I Loss 1.7323  
Epoch 028 |  Time(s) 0.0877 | RobustPrompt-I Loss 1.7323  
Epoch 029 |  Time(s) 0.0871 | RobustPrompt-I Loss 1.7230  
Epoch 030 |  Time(s) 0.0872 | RobustPrompt-I Loss 1.7350  
Epoch 031 |  Time(s) 0.0873 | RobustPrompt-I Loss 1.7151  
Epoch 032 |  Time(s) 0.0871 | RobustPrompt-I Loss 1.6983  
Epoch 033 |  Time(s) 0.0876 | RobustPrompt-I Loss 1.7175  
Epoch 034 |  Time(s) 0.0872 | RobustPrompt-I Loss 1.6866  
Epoch 035 |  Time(s) 0.0873 | RobustPrompt-I Loss 1.6797  
Epoch 036 |  Time(s) 0.0880 | RobustPrompt-I Loss 1.6707  
Epoch 037 |  Time(s) 0.0892 | RobustPrompt-I Loss 1.6651  
Epoch 038 |  Time(s) 0.1003 | RobustPrompt-I Loss nan  
Epoch 039 |  Time(s) 0.0915 | RobustPrompt-I Loss nan  
Epoch 040 |  Time(s) 0.0875 | RobustPrompt-I Loss nan  
Epoch 041 |  Time(s) 0.1610 | RobustPrompt-I Loss nan  
Epoch 042 |  Time(s) 0.1620 | RobustPrompt-I Loss nan  
Epoch 043 |  Time(s) 0.1348 | RobustPrompt-I Loss nan  
Epoch 044 |  Time(s) 0.0899 | RobustPrompt-I Loss nan  
Epoch 045 |  Time(s) 0.0957 | RobustPrompt-I Loss nan  
Epoch 046 |  Time(s) 0.0846 | RobustPrompt-I Loss nan  
Epoch 047 |  Time(s) 0.0934 | RobustPrompt-I Loss nan  
Epoch 048 |  Time(s) 0.0843 | RobustPrompt-I Loss nan  
Epoch 049 |  Time(s) 0.0852 | RobustPrompt-I Loss nan  
Epoch 050 |  Time(s) 0.0854 | RobustPrompt-I Loss nan  
Epoch 051 |  Time(s) 0.0842 | RobustPrompt-I Loss nan  
Epoch 052 |  Time(s) 0.0857 | RobustPrompt-I Loss nan  
Epoch 053 |  Time(s) 0.0842 | RobustPrompt-I Loss nan  
Epoch 054 |  Time(s) 0.0879 | RobustPrompt-I Loss nan  
Epoch 055 |  Time(s) 0.0848 | RobustPrompt-I Loss nan  
Epoch 056 |  Time(s) 0.0860 | RobustPrompt-I Loss nan  
----------------------------------------------------------------------------------------------------
Early stopping at 57 eopch!
load LLC or attacked data with specified split
Successfully loaded the attack of dataname with few shot 5, split 1
Attack method : Meta_Self | Attack ptb : 0.05 | Dataset: Cora
======================
Number of graphs: 1
Number of features: 1433
Number of classes: 7

Data(x=[2708, 1433], edge_index=[2, 13790], y=[2708], train_mask=[2708], val_mask=[2708], test_mask=[2708])
===========================================================================================================
Number of nodes: 2708
Number of edges: 13790
Average node degree: 5.09
Has isolated nodes: False
Has self-loops: True
Is undirected: True
GCN(
  (conv_layers): ModuleList(
    (0): GCNConv(1433, 256)
    (1): GCNConv(256, 256)
  )
)
Successfully loaded pre-trained weights!
use RobustPrompt Inductive
defense pt dict :  {'sim_pt': -1.0, 'degree_pt': -1, 'out_detect_pt': 0.3, 'other_pt': 'all'}
use_attention :  False
kl_global :  False
cosine_constraint :  True
pt_threshold :  0.25
filter_module :  OriginalFilter
temperature :  1.0
weight_mse 0.1
weight_kl :  0.1
weight_constraint :  0.0
prepare induce graph data is finished!
run RobustPrompt-I
Epoch 001 |  Time(s) 0.1023 | RobustPrompt-I Loss 1.9446  
Epoch 002 |  Time(s) 0.0903 | RobustPrompt-I Loss 1.9509  
Epoch 003 |  Time(s) 0.0895 | RobustPrompt-I Loss 1.9451  
Epoch 004 |  Time(s) 0.0898 | RobustPrompt-I Loss 1.9398  
Epoch 005 |  Time(s) 0.0888 | RobustPrompt-I Loss 1.9346  
Epoch 006 |  Time(s) 0.0893 | RobustPrompt-I Loss 1.9320  
Epoch 007 |  Time(s) 0.0900 | RobustPrompt-I Loss 1.9286  
Epoch 008 |  Time(s) 0.0903 | RobustPrompt-I Loss 1.9180  
Epoch 009 |  Time(s) 0.0898 | RobustPrompt-I Loss 1.9149  
Epoch 010 |  Time(s) 0.0896 | RobustPrompt-I Loss 1.8973  
Epoch 011 |  Time(s) 0.0896 | RobustPrompt-I Loss 1.8916  
Epoch 012 |  Time(s) 0.0899 | RobustPrompt-I Loss 1.8797  
Epoch 013 |  Time(s) 0.0895 | RobustPrompt-I Loss 1.8640  
Epoch 014 |  Time(s) 0.0899 | RobustPrompt-I Loss 1.8615  
Epoch 015 |  Time(s) 0.0925 | RobustPrompt-I Loss 1.8425  
Epoch 016 |  Time(s) 0.0898 | RobustPrompt-I Loss 1.8371  
Epoch 017 |  Time(s) 0.0895 | RobustPrompt-I Loss 1.8245  
Epoch 018 |  Time(s) 0.0872 | RobustPrompt-I Loss 1.8264  
Epoch 019 |  Time(s) 0.0907 | RobustPrompt-I Loss 1.8229  
Epoch 020 |  Time(s) 0.0910 | RobustPrompt-I Loss 1.8006  
Epoch 021 |  Time(s) 0.0910 | RobustPrompt-I Loss 1.7964  
Epoch 022 |  Time(s) 0.0908 | RobustPrompt-I Loss 1.7958  
Epoch 023 |  Time(s) 0.0905 | RobustPrompt-I Loss 1.7873  
Epoch 024 |  Time(s) 0.0897 | RobustPrompt-I Loss 1.7698  
Epoch 025 |  Time(s) 0.1772 | RobustPrompt-I Loss 1.7777  
Epoch 026 |  Time(s) 0.5003 | RobustPrompt-I Loss 1.7674  
Epoch 027 |  Time(s) 0.1685 | RobustPrompt-I Loss 1.7560  
Epoch 028 |  Time(s) 0.2084 | RobustPrompt-I Loss 1.7483  
Epoch 029 |  Time(s) 0.0992 | RobustPrompt-I Loss 1.7506  
Epoch 030 |  Time(s) 0.0949 | RobustPrompt-I Loss 1.7431  
Epoch 031 |  Time(s) 0.0930 | RobustPrompt-I Loss 1.7262  
Epoch 032 |  Time(s) 0.0943 | RobustPrompt-I Loss 1.7156  
Epoch 033 |  Time(s) 0.0915 | RobustPrompt-I Loss 1.7173  
Epoch 034 |  Time(s) 0.0912 | RobustPrompt-I Loss 1.7257  
Epoch 035 |  Time(s) 0.0920 | RobustPrompt-I Loss 1.6932  
Epoch 036 |  Time(s) 0.0909 | RobustPrompt-I Loss 1.7001  
Epoch 037 |  Time(s) 0.0912 | RobustPrompt-I Loss 1.7105  
Epoch 038 |  Time(s) 0.0907 | RobustPrompt-I Loss 1.6770  
Epoch 039 |  Time(s) 0.0920 | RobustPrompt-I Loss 1.7207  
Epoch 040 |  Time(s) 0.0939 | RobustPrompt-I Loss 1.6760  
Epoch 041 |  Time(s) 0.0935 | RobustPrompt-I Loss 1.7316  
Epoch 042 |  Time(s) 0.0914 | RobustPrompt-I Loss 1.7417  
Epoch 043 |  Time(s) 0.0917 | RobustPrompt-I Loss 1.6838  
Epoch 044 |  Time(s) 0.0902 | RobustPrompt-I Loss 1.6933  
Epoch 045 |  Time(s) 0.0916 | RobustPrompt-I Loss 1.7243  
Epoch 046 |  Time(s) 0.0915 | RobustPrompt-I Loss 1.6448  
Epoch 047 |  Time(s) 0.0919 | RobustPrompt-I Loss 1.7215  
Epoch 048 |  Time(s) 0.0914 | RobustPrompt-I Loss 1.7769  
Epoch 049 |  Time(s) 0.0917 | RobustPrompt-I Loss 1.6823  
Epoch 050 |  Time(s) 0.0907 | RobustPrompt-I Loss 1.6741  
Epoch 051 |  Time(s) 0.0917 | RobustPrompt-I Loss 1.6810  
Epoch 052 |  Time(s) 0.0912 | RobustPrompt-I Loss 1.7182  
Epoch 053 |  Time(s) 0.0920 | RobustPrompt-I Loss 1.6998  
Epoch 054 |  Time(s) 0.0918 | RobustPrompt-I Loss 1.5927  
Epoch 055 |  Time(s) 0.0922 | RobustPrompt-I Loss 1.6838  
Epoch 056 |  Time(s) 0.0925 | RobustPrompt-I Loss 1.6737  
Epoch 057 |  Time(s) 0.0918 | RobustPrompt-I Loss 1.6316  
Epoch 058 |  Time(s) 0.0921 | RobustPrompt-I Loss 1.6603  
Epoch 059 |  Time(s) 0.0921 | RobustPrompt-I Loss 1.6095  
Epoch 060 |  Time(s) 0.0921 | RobustPrompt-I Loss 1.6469  
Epoch 061 |  Time(s) 0.0924 | RobustPrompt-I Loss 1.6764  
Epoch 062 |  Time(s) 0.0916 | RobustPrompt-I Loss 1.5697  
Epoch 063 |  Time(s) 0.0922 | RobustPrompt-I Loss 1.6853  
Epoch 064 |  Time(s) 0.0910 | RobustPrompt-I Loss 1.6770  
Epoch 065 |  Time(s) 0.0986 | RobustPrompt-I Loss 1.7142  
Epoch 066 |  Time(s) 0.0925 | RobustPrompt-I Loss 1.6249  
Epoch 067 |  Time(s) 0.0911 | RobustPrompt-I Loss 1.8153  
Epoch 068 |  Time(s) 0.1670 | RobustPrompt-I Loss 1.7798  
Epoch 069 |  Time(s) 0.1710 | RobustPrompt-I Loss 1.5583  
Epoch 070 |  Time(s) 0.1079 | RobustPrompt-I Loss 1.7124  
Epoch 071 |  Time(s) 0.1094 | RobustPrompt-I Loss 1.7745  
Epoch 072 |  Time(s) 0.0974 | RobustPrompt-I Loss 1.7153  
Epoch 073 |  Time(s) 0.1194 | RobustPrompt-I Loss 1.5299  
Epoch 074 |  Time(s) 0.0985 | RobustPrompt-I Loss 1.8209  
Epoch 075 |  Time(s) 0.0903 | RobustPrompt-I Loss 1.9196  
Epoch 076 |  Time(s) 0.1019 | RobustPrompt-I Loss 1.8789  
Epoch 077 |  Time(s) 0.0985 | RobustPrompt-I Loss 1.8620  
Epoch 078 |  Time(s) 0.0922 | RobustPrompt-I Loss 1.6117  
Epoch 079 |  Time(s) 0.0921 | RobustPrompt-I Loss 1.7324  
Epoch 080 |  Time(s) 0.0923 | RobustPrompt-I Loss 1.7557  
Epoch 081 |  Time(s) 0.0959 | RobustPrompt-I Loss 1.8831  
Epoch 082 |  Time(s) 0.0912 | RobustPrompt-I Loss 1.9350  
Epoch 083 |  Time(s) 0.0912 | RobustPrompt-I Loss 1.6625  
Epoch 084 |  Time(s) 0.0919 | RobustPrompt-I Loss 1.6868  
Epoch 085 |  Time(s) 0.0917 | RobustPrompt-I Loss 1.6038  
Epoch 086 |  Time(s) 0.0908 | RobustPrompt-I Loss 1.7710  
Epoch 087 |  Time(s) 0.0922 | RobustPrompt-I Loss 1.8652  
Epoch 088 |  Time(s) 0.0926 | RobustPrompt-I Loss 1.6953  
Epoch 089 |  Time(s) 0.0930 | RobustPrompt-I Loss 1.9378  
Epoch 090 |  Time(s) 0.0919 | RobustPrompt-I Loss 1.9513  
Epoch 091 |  Time(s) 0.0921 | RobustPrompt-I Loss 1.6041  
Epoch 092 |  Time(s) 0.0925 | RobustPrompt-I Loss 2.0459  
----------------------------------------------------------------------------------------------------
Early stopping at 93 eopch!
Batch 0 Acc: 0.1100 | Macro-F1: 0.0420
Batch 1 Acc: 0.0400 | Macro-F1: 0.0130
Batch 2 Acc: 0.0900 | Macro-F1: 0.0587
Batch 3 Acc: 0.0500 | Macro-F1: 0.0172
Batch 4 Acc: 0.0700 | Macro-F1: 0.0230
Batch 5 Acc: 0.0900 | Macro-F1: 0.0283
Batch 6 Acc: 0.0600 | Macro-F1: 0.0223
Batch 7 Acc: 0.0600 | Macro-F1: 0.0180
Batch 8 Acc: 0.0600 | Macro-F1: 0.0238
Batch 9 Acc: 0.0600 | Macro-F1: 0.0217
Final True Accuracy: 0.0690 | Macro F1 Score: 0.0261
best_loss [2.366168737411499]
load LLC or attacked data with specified split
Successfully loaded the attack of dataname with few shot 5, split 1
Attack method : Meta_Self | Attack ptb : 0.05 | Dataset: Cora
======================
Number of graphs: 1
Number of features: 1433
Number of classes: 7

Data(x=[2708, 1433], edge_index=[2, 13790], y=[2708], train_mask=[2708], val_mask=[2708], test_mask=[2708])
===========================================================================================================
Number of nodes: 2708
Number of edges: 13790
Average node degree: 5.09
Has isolated nodes: False
Has self-loops: True
Is undirected: True
GCN(
  (conv_layers): ModuleList(
    (0): GCNConv(1433, 256)
    (1): GCNConv(256, 256)
  )
)
Successfully loaded pre-trained weights!
use RobustPrompt Inductive
defense pt dict :  {'sim_pt': -1.0, 'degree_pt': -1, 'out_detect_pt': 0.3, 'other_pt': 'all'}
use_attention :  False
kl_global :  False
cosine_constraint :  True
pt_threshold :  0.25
filter_module :  OriginalFilter
temperature :  1.0
weight_mse 0.1
weight_kl :  0.1
weight_constraint :  0.0
prepare induce graph data is finished!
run RobustPrompt-I
Epoch 001 |  Time(s) 0.2137 | RobustPrompt-I Loss 1.9455  
Epoch 002 |  Time(s) 0.1028 | RobustPrompt-I Loss 1.9484  
Epoch 003 |  Time(s) 0.0927 | RobustPrompt-I Loss 1.9422  
Epoch 004 |  Time(s) 0.0896 | RobustPrompt-I Loss 1.9377  
Epoch 005 |  Time(s) 0.0902 | RobustPrompt-I Loss 1.9330  
Epoch 006 |  Time(s) 0.0903 | RobustPrompt-I Loss 1.9387  
Epoch 007 |  Time(s) 0.0899 | RobustPrompt-I Loss 1.9267  
Epoch 008 |  Time(s) 0.0901 | RobustPrompt-I Loss 1.9193  
Epoch 009 |  Time(s) 0.0906 | RobustPrompt-I Loss 1.9189  
Epoch 010 |  Time(s) 0.0900 | RobustPrompt-I Loss 1.9115  
Epoch 011 |  Time(s) 0.0902 | RobustPrompt-I Loss 1.9003  
Epoch 012 |  Time(s) 0.0903 | RobustPrompt-I Loss 1.8978  
Epoch 013 |  Time(s) 0.0896 | RobustPrompt-I Loss 1.8836  
Epoch 014 |  Time(s) 0.0907 | RobustPrompt-I Loss 1.8789  
Epoch 015 |  Time(s) 0.0901 | RobustPrompt-I Loss 1.8656  
Epoch 016 |  Time(s) 0.0899 | RobustPrompt-I Loss 1.8617  
Epoch 017 |  Time(s) 0.0905 | RobustPrompt-I Loss 1.8469  
Epoch 018 |  Time(s) 0.0899 | RobustPrompt-I Loss 1.8404  
Epoch 019 |  Time(s) 0.0895 | RobustPrompt-I Loss 1.8336  
Epoch 020 |  Time(s) 0.0900 | RobustPrompt-I Loss 1.8310  
Epoch 021 |  Time(s) 0.0899 | RobustPrompt-I Loss 1.8277  
Epoch 022 |  Time(s) 0.0896 | RobustPrompt-I Loss 1.8176  
Epoch 023 |  Time(s) 0.0913 | RobustPrompt-I Loss 1.8023  
Epoch 024 |  Time(s) 0.0900 | RobustPrompt-I Loss 1.8023  
Epoch 025 |  Time(s) 0.0902 | RobustPrompt-I Loss 1.7976  
Epoch 026 |  Time(s) 0.0896 | RobustPrompt-I Loss 1.7942  
Epoch 027 |  Time(s) 0.0897 | RobustPrompt-I Loss 1.7763  
Epoch 028 |  Time(s) 0.0909 | RobustPrompt-I Loss 1.7761  
Epoch 029 |  Time(s) 0.0905 | RobustPrompt-I Loss 1.7746  
Epoch 030 |  Time(s) 0.0907 | RobustPrompt-I Loss 1.7602  
Epoch 031 |  Time(s) 0.0912 | RobustPrompt-I Loss 1.7650  
Epoch 032 |  Time(s) 0.0903 | RobustPrompt-I Loss 1.7520  
Epoch 033 |  Time(s) 0.1798 | RobustPrompt-I Loss 1.7718  
Epoch 034 |  Time(s) 0.1803 | RobustPrompt-I Loss 1.7277  
Epoch 035 |  Time(s) 0.1322 | RobustPrompt-I Loss 1.7439  
Epoch 036 |  Time(s) 0.1302 | RobustPrompt-I Loss 1.7315  
Epoch 037 |  Time(s) 0.2008 | RobustPrompt-I Loss 1.7104  
Epoch 038 |  Time(s) 0.1410 | RobustPrompt-I Loss 1.7130  
Epoch 039 |  Time(s) 0.2383 | RobustPrompt-I Loss 1.7290  
Epoch 040 |  Time(s) 0.1264 | RobustPrompt-I Loss 1.6974  
Epoch 041 |  Time(s) 0.0947 | RobustPrompt-I Loss 1.7256  
Epoch 042 |  Time(s) 0.1217 | RobustPrompt-I Loss 1.7007  
Epoch 043 |  Time(s) 0.1849 | RobustPrompt-I Loss 1.6956  
Epoch 044 |  Time(s) 0.0998 | RobustPrompt-I Loss 1.6834  
Epoch 045 |  Time(s) 0.0943 | RobustPrompt-I Loss 1.6972  
Epoch 046 |  Time(s) 0.0901 | RobustPrompt-I Loss 1.6752  
Epoch 047 |  Time(s) 0.0901 | RobustPrompt-I Loss 1.6808  
Epoch 048 |  Time(s) 0.0900 | RobustPrompt-I Loss 1.6902  
Epoch 049 |  Time(s) 0.0904 | RobustPrompt-I Loss 1.6330  
Epoch 050 |  Time(s) 0.0891 | RobustPrompt-I Loss 1.7177  
Epoch 051 |  Time(s) 0.0896 | RobustPrompt-I Loss 1.6610  
Epoch 052 |  Time(s) 0.0901 | RobustPrompt-I Loss 1.7191  
Epoch 053 |  Time(s) 0.0907 | RobustPrompt-I Loss 1.7224  
Epoch 054 |  Time(s) 0.0901 | RobustPrompt-I Loss 1.6820  
Epoch 055 |  Time(s) 0.0903 | RobustPrompt-I Loss 1.6446  
Epoch 056 |  Time(s) 0.0907 | RobustPrompt-I Loss 1.7251  
Epoch 057 |  Time(s) 0.0903 | RobustPrompt-I Loss 1.7057  
Epoch 058 |  Time(s) 0.0907 | RobustPrompt-I Loss 1.6225  
Epoch 059 |  Time(s) 0.0905 | RobustPrompt-I Loss 1.6311  
Epoch 060 |  Time(s) 0.0901 | RobustPrompt-I Loss 1.6448  
Epoch 061 |  Time(s) 0.0902 | RobustPrompt-I Loss 1.5921  
Epoch 062 |  Time(s) 0.0903 | RobustPrompt-I Loss 1.7709  
Epoch 063 |  Time(s) 0.0905 | RobustPrompt-I Loss 1.8054  
Epoch 064 |  Time(s) 0.0907 | RobustPrompt-I Loss 1.5797  
Epoch 065 |  Time(s) 0.0906 | RobustPrompt-I Loss 1.9354  
Epoch 066 |  Time(s) 0.0900 | RobustPrompt-I Loss 2.1751  
Epoch 067 |  Time(s) 0.0904 | RobustPrompt-I Loss 1.9185  
Epoch 068 |  Time(s) 0.0903 | RobustPrompt-I Loss nan  
Epoch 069 |  Time(s) 0.0909 | RobustPrompt-I Loss nan  
Epoch 070 |  Time(s) 0.0898 | RobustPrompt-I Loss nan  
Epoch 071 |  Time(s) 0.0896 | RobustPrompt-I Loss nan  
Epoch 072 |  Time(s) 0.0912 | RobustPrompt-I Loss nan  
Epoch 073 |  Time(s) 0.0900 | RobustPrompt-I Loss nan  
Epoch 074 |  Time(s) 0.0900 | RobustPrompt-I Loss nan  
Epoch 075 |  Time(s) 0.0902 | RobustPrompt-I Loss nan  
Epoch 076 |  Time(s) 0.0936 | RobustPrompt-I Loss nan  
Epoch 077 |  Time(s) 0.0912 | RobustPrompt-I Loss nan  
Epoch 078 |  Time(s) 0.0906 | RobustPrompt-I Loss nan  
Epoch 079 |  Time(s) 0.0910 | RobustPrompt-I Loss nan  
Epoch 080 |  Time(s) 0.0907 | RobustPrompt-I Loss nan  
Epoch 081 |  Time(s) 0.0914 | RobustPrompt-I Loss nan  
Epoch 082 |  Time(s) 0.0909 | RobustPrompt-I Loss nan  
Epoch 083 |  Time(s) 0.0902 | RobustPrompt-I Loss nan  
----------------------------------------------------------------------------------------------------
Early stopping at 84 eopch!
load LLC or attacked data with specified split
Successfully loaded the attack of dataname with few shot 5, split 1
Attack method : Meta_Self | Attack ptb : 0.05 | Dataset: Cora
======================
Number of graphs: 1
Number of features: 1433
Number of classes: 7

Data(x=[2708, 1433], edge_index=[2, 13790], y=[2708], train_mask=[2708], val_mask=[2708], test_mask=[2708])
===========================================================================================================
Number of nodes: 2708
Number of edges: 13790
Average node degree: 5.09
Has isolated nodes: False
Has self-loops: True
Is undirected: True
GCN(
  (conv_layers): ModuleList(
    (0): GCNConv(1433, 256)
    (1): GCNConv(256, 256)
  )
)
Successfully loaded pre-trained weights!
use RobustPrompt Inductive
defense pt dict :  {'sim_pt': -1.0, 'degree_pt': -1, 'out_detect_pt': 0.3, 'other_pt': 'all'}
use_attention :  False
kl_global :  False
cosine_constraint :  True
pt_threshold :  0.25
filter_module :  OriginalFilter
temperature :  1.0
weight_mse 0.1
weight_kl :  0.1
weight_constraint :  0.0
prepare induce graph data is finished!
run RobustPrompt-I
Epoch 001 |  Time(s) 0.1046 | RobustPrompt-I Loss 1.9427  
Epoch 002 |  Time(s) 0.0915 | RobustPrompt-I Loss 1.9547  
Epoch 003 |  Time(s) 0.1060 | RobustPrompt-I Loss 1.9397  
Epoch 004 |  Time(s) 0.0980 | RobustPrompt-I Loss 1.9333  
Epoch 005 |  Time(s) 0.0946 | RobustPrompt-I Loss 1.9347  
Epoch 006 |  Time(s) 0.0964 | RobustPrompt-I Loss 1.9256  
Epoch 007 |  Time(s) 0.0963 | RobustPrompt-I Loss 1.9149  
Epoch 008 |  Time(s) 0.0907 | RobustPrompt-I Loss 1.9107  
Epoch 009 |  Time(s) 0.0907 | RobustPrompt-I Loss 1.8993  
Epoch 010 |  Time(s) 0.0914 | RobustPrompt-I Loss 1.8911  
Epoch 011 |  Time(s) 0.0909 | RobustPrompt-I Loss 1.8885  
Epoch 012 |  Time(s) 0.0905 | RobustPrompt-I Loss 1.8750  
Epoch 013 |  Time(s) 0.0908 | RobustPrompt-I Loss 1.8615  
Epoch 014 |  Time(s) 0.0903 | RobustPrompt-I Loss 1.8543  
Epoch 015 |  Time(s) 0.0908 | RobustPrompt-I Loss 1.8533  
Epoch 016 |  Time(s) 0.1459 | RobustPrompt-I Loss 1.8554  
Epoch 017 |  Time(s) 0.1348 | RobustPrompt-I Loss 1.8326  
Epoch 018 |  Time(s) 0.0984 | RobustPrompt-I Loss 1.8297  
Epoch 019 |  Time(s) 0.0957 | RobustPrompt-I Loss 1.8333  
Epoch 020 |  Time(s) 0.0915 | RobustPrompt-I Loss 1.8115  
Epoch 021 |  Time(s) 0.0919 | RobustPrompt-I Loss 1.8143  
Epoch 022 |  Time(s) 0.0912 | RobustPrompt-I Loss 1.8128  
Epoch 023 |  Time(s) 0.0951 | RobustPrompt-I Loss 1.7961  
Epoch 024 |  Time(s) 0.0915 | RobustPrompt-I Loss 1.8004  
Epoch 025 |  Time(s) 0.0913 | RobustPrompt-I Loss 1.7954  
Epoch 026 |  Time(s) 0.0924 | RobustPrompt-I Loss 1.7807  
Epoch 027 |  Time(s) 0.1528 | RobustPrompt-I Loss 1.7798  
Epoch 028 |  Time(s) 0.1115 | RobustPrompt-I Loss 1.7868  
Epoch 029 |  Time(s) 0.0973 | RobustPrompt-I Loss 1.7711  
Epoch 030 |  Time(s) 0.0938 | RobustPrompt-I Loss 1.7599  
Epoch 031 |  Time(s) 0.0944 | RobustPrompt-I Loss 1.7596  
Epoch 032 |  Time(s) 0.0925 | RobustPrompt-I Loss 1.7612  
Epoch 033 |  Time(s) 0.1021 | RobustPrompt-I Loss 1.7550  
Epoch 034 |  Time(s) 0.0948 | RobustPrompt-I Loss 1.7414  
Epoch 035 |  Time(s) 0.1021 | RobustPrompt-I Loss 1.7295  
Epoch 036 |  Time(s) 0.0977 | RobustPrompt-I Loss 1.7299  
Epoch 037 |  Time(s) 0.0970 | RobustPrompt-I Loss 1.7302  
Epoch 038 |  Time(s) 0.1009 | RobustPrompt-I Loss 1.7362  
Epoch 039 |  Time(s) 0.0941 | RobustPrompt-I Loss 1.7042  
Epoch 040 |  Time(s) 0.0984 | RobustPrompt-I Loss 1.7078  
Epoch 041 |  Time(s) 0.1002 | RobustPrompt-I Loss 1.7348  
Epoch 042 |  Time(s) 0.0982 | RobustPrompt-I Loss 1.6929  
Epoch 043 |  Time(s) 0.0991 | RobustPrompt-I Loss 1.8049  
Epoch 044 |  Time(s) 0.1050 | RobustPrompt-I Loss 1.8286  
Epoch 045 |  Time(s) 0.1074 | RobustPrompt-I Loss 1.6795  
Epoch 046 |  Time(s) 0.0989 | RobustPrompt-I Loss 1.8092  
Epoch 047 |  Time(s) 0.0968 | RobustPrompt-I Loss 1.8912  
Epoch 048 |  Time(s) 0.1056 | RobustPrompt-I Loss 1.7304  
Epoch 049 |  Time(s) 0.0969 | RobustPrompt-I Loss 1.6980  
Epoch 050 |  Time(s) 0.1003 | RobustPrompt-I Loss 1.8161  
Epoch 051 |  Time(s) 0.0992 | RobustPrompt-I Loss 1.7556  
Epoch 052 |  Time(s) 0.0988 | RobustPrompt-I Loss 1.6383  
Epoch 053 |  Time(s) 0.1948 | RobustPrompt-I Loss 1.7142  
Epoch 054 |  Time(s) 0.3749 | RobustPrompt-I Loss 1.7298  
Epoch 055 |  Time(s) 0.4336 | RobustPrompt-I Loss 1.6485  
Epoch 056 |  Time(s) 0.1799 | RobustPrompt-I Loss 1.6339  
Epoch 057 |  Time(s) 0.1115 | RobustPrompt-I Loss 1.6593  
Epoch 058 |  Time(s) 0.2750 | RobustPrompt-I Loss 1.6170  
Epoch 059 |  Time(s) 0.2210 | RobustPrompt-I Loss 1.6026  
Epoch 060 |  Time(s) 0.2308 | RobustPrompt-I Loss 1.6382  
Epoch 061 |  Time(s) 0.0996 | RobustPrompt-I Loss 1.6032  
Epoch 062 |  Time(s) 0.0976 | RobustPrompt-I Loss 1.5724  
Epoch 063 |  Time(s) 0.0945 | RobustPrompt-I Loss 1.6000  
Epoch 064 |  Time(s) 0.0911 | RobustPrompt-I Loss nan  
Epoch 065 |  Time(s) 0.0910 | RobustPrompt-I Loss nan  
Epoch 066 |  Time(s) 0.0924 | RobustPrompt-I Loss nan  
Epoch 067 |  Time(s) 0.0912 | RobustPrompt-I Loss nan  
Epoch 068 |  Time(s) 0.0959 | RobustPrompt-I Loss nan  
Epoch 069 |  Time(s) 0.0924 | RobustPrompt-I Loss nan  
Epoch 070 |  Time(s) 0.0926 | RobustPrompt-I Loss nan  
Epoch 071 |  Time(s) 0.0924 | RobustPrompt-I Loss nan  
Epoch 072 |  Time(s) 0.1447 | RobustPrompt-I Loss nan  
Epoch 073 |  Time(s) 0.3684 | RobustPrompt-I Loss nan  
Epoch 074 |  Time(s) 0.1535 | RobustPrompt-I Loss nan  
Epoch 075 |  Time(s) 0.1179 | RobustPrompt-I Loss nan  
Epoch 076 |  Time(s) 0.1100 | RobustPrompt-I Loss nan  
Epoch 077 |  Time(s) 0.0990 | RobustPrompt-I Loss nan  
Epoch 078 |  Time(s) 0.0937 | RobustPrompt-I Loss nan  
Epoch 079 |  Time(s) 0.0926 | RobustPrompt-I Loss nan  
Epoch 080 |  Time(s) 0.1438 | RobustPrompt-I Loss nan  
Epoch 081 |  Time(s) 0.1050 | RobustPrompt-I Loss nan  
----------------------------------------------------------------------------------------------------
Early stopping at 82 eopch!
load LLC or attacked data with specified split
Successfully loaded the attack of dataname with few shot 5, split 1
Attack method : Meta_Self | Attack ptb : 0.05 | Dataset: Cora
======================
Number of graphs: 1
Number of features: 1433
Number of classes: 7

Data(x=[2708, 1433], edge_index=[2, 13790], y=[2708], train_mask=[2708], val_mask=[2708], test_mask=[2708])
===========================================================================================================
Number of nodes: 2708
Number of edges: 13790
Average node degree: 5.09
Has isolated nodes: False
Has self-loops: True
Is undirected: True
GCN(
  (conv_layers): ModuleList(
    (0): GCNConv(1433, 256)
    (1): GCNConv(256, 256)
  )
)
Successfully loaded pre-trained weights!
use RobustPrompt Inductive
defense pt dict :  {'sim_pt': -1.0, 'degree_pt': -1, 'out_detect_pt': 0.3, 'other_pt': 'all'}
use_attention :  False
kl_global :  False
cosine_constraint :  True
pt_threshold :  0.25
filter_module :  OriginalFilter
temperature :  1.0
weight_mse 0.1
weight_kl :  0.1
weight_constraint :  0.0
prepare induce graph data is finished!
run RobustPrompt-I
Epoch 001 |  Time(s) 0.1051 | RobustPrompt-I Loss 1.9486  
Epoch 002 |  Time(s) 0.0941 | RobustPrompt-I Loss 1.9456  
Epoch 003 |  Time(s) 0.1153 | RobustPrompt-I Loss 1.9443  
Epoch 004 |  Time(s) 0.0917 | RobustPrompt-I Loss 1.9428  
Epoch 005 |  Time(s) 0.0970 | RobustPrompt-I Loss 1.9362  
Epoch 006 |  Time(s) 0.0965 | RobustPrompt-I Loss 1.9575  
Epoch 007 |  Time(s) 0.0930 | RobustPrompt-I Loss 1.9265  
Epoch 008 |  Time(s) 0.0926 | RobustPrompt-I Loss 1.9340  
Epoch 009 |  Time(s) 0.0921 | RobustPrompt-I Loss 1.9349  
Epoch 010 |  Time(s) 0.0929 | RobustPrompt-I Loss 1.9280  
Epoch 011 |  Time(s) 0.0934 | RobustPrompt-I Loss 1.9185  
Epoch 012 |  Time(s) 0.0921 | RobustPrompt-I Loss 1.9072  
Epoch 013 |  Time(s) 0.0913 | RobustPrompt-I Loss 1.8986  
Epoch 014 |  Time(s) 0.0915 | RobustPrompt-I Loss 1.8907  
Epoch 015 |  Time(s) 0.0921 | RobustPrompt-I Loss 1.8819  
Epoch 016 |  Time(s) 0.0914 | RobustPrompt-I Loss 1.8738  
Epoch 017 |  Time(s) 0.0917 | RobustPrompt-I Loss 1.8682  
Epoch 018 |  Time(s) 0.0915 | RobustPrompt-I Loss 1.8609  
Epoch 019 |  Time(s) 0.0917 | RobustPrompt-I Loss 1.8537  
Epoch 020 |  Time(s) 0.0916 | RobustPrompt-I Loss 1.8472  
Epoch 021 |  Time(s) 0.0859 | RobustPrompt-I Loss 1.8427  
Epoch 022 |  Time(s) 0.0937 | RobustPrompt-I Loss 1.8371  
Epoch 023 |  Time(s) 0.0903 | RobustPrompt-I Loss 1.8345  
Epoch 024 |  Time(s) 0.1434 | RobustPrompt-I Loss 1.8294  
Epoch 025 |  Time(s) 0.1501 | RobustPrompt-I Loss 1.8291  
Epoch 026 |  Time(s) 0.1505 | RobustPrompt-I Loss 1.8588  
Epoch 027 |  Time(s) 0.1926 | RobustPrompt-I Loss 1.8283  
Epoch 028 |  Time(s) 0.0997 | RobustPrompt-I Loss 1.8333  
Epoch 029 |  Time(s) 0.0956 | RobustPrompt-I Loss 1.8203  
Epoch 030 |  Time(s) 0.0941 | RobustPrompt-I Loss 1.8297  
Epoch 031 |  Time(s) 0.0939 | RobustPrompt-I Loss 1.8087  
Epoch 032 |  Time(s) 0.0943 | RobustPrompt-I Loss 1.8152  
Epoch 033 |  Time(s) 0.0936 | RobustPrompt-I Loss 1.7997  
Epoch 034 |  Time(s) 0.0936 | RobustPrompt-I Loss 1.8106  
Epoch 035 |  Time(s) 0.0939 | RobustPrompt-I Loss 1.8023  
Epoch 036 |  Time(s) 0.0942 | RobustPrompt-I Loss 1.8000  
Epoch 037 |  Time(s) 0.0933 | RobustPrompt-I Loss 1.7984  
Epoch 038 |  Time(s) 0.0945 | RobustPrompt-I Loss 1.7835  
Epoch 039 |  Time(s) 0.0935 | RobustPrompt-I Loss 1.7944  
Epoch 040 |  Time(s) 0.0936 | RobustPrompt-I Loss 1.7745  
Epoch 041 |  Time(s) 0.0956 | RobustPrompt-I Loss 1.7861  
Epoch 042 |  Time(s) 0.0937 | RobustPrompt-I Loss 1.7773  
Epoch 043 |  Time(s) 0.0950 | RobustPrompt-I Loss 1.7658  
Epoch 044 |  Time(s) 0.0971 | RobustPrompt-I Loss 1.7781  
Epoch 045 |  Time(s) 0.0962 | RobustPrompt-I Loss 1.7610  
Epoch 046 |  Time(s) 0.0947 | RobustPrompt-I Loss 1.7531  
Epoch 047 |  Time(s) 0.1368 | RobustPrompt-I Loss 1.7615  
Epoch 048 |  Time(s) 0.0944 | RobustPrompt-I Loss 1.7490  
Epoch 049 |  Time(s) 0.0953 | RobustPrompt-I Loss 1.7363  
Epoch 050 |  Time(s) 0.0952 | RobustPrompt-I Loss 1.7401  
Epoch 051 |  Time(s) 0.0926 | RobustPrompt-I Loss 1.7379  
Epoch 052 |  Time(s) 0.0958 | RobustPrompt-I Loss 1.7241  
Epoch 053 |  Time(s) 0.0956 | RobustPrompt-I Loss 1.7100  
Epoch 054 |  Time(s) 0.0956 | RobustPrompt-I Loss 1.7062  
Epoch 055 |  Time(s) 0.0959 | RobustPrompt-I Loss 1.7077  
Epoch 056 |  Time(s) 0.0950 | RobustPrompt-I Loss 1.7016  
Epoch 057 |  Time(s) 0.0962 | RobustPrompt-I Loss 1.6777  
Epoch 058 |  Time(s) 0.0955 | RobustPrompt-I Loss 1.6643  
Epoch 059 |  Time(s) 0.0951 | RobustPrompt-I Loss 1.6570  
Epoch 060 |  Time(s) 0.0947 | RobustPrompt-I Loss 1.6623  
Epoch 061 |  Time(s) 0.0945 | RobustPrompt-I Loss 1.6584  
Epoch 062 |  Time(s) 0.0947 | RobustPrompt-I Loss 1.6258  
Epoch 063 |  Time(s) 0.0944 | RobustPrompt-I Loss 1.6192  
Epoch 064 |  Time(s) 0.0950 | RobustPrompt-I Loss 1.6474  
Epoch 065 |  Time(s) 0.0952 | RobustPrompt-I Loss 1.5951  
Epoch 066 |  Time(s) 0.0947 | RobustPrompt-I Loss 1.6388  
Epoch 067 |  Time(s) 0.0945 | RobustPrompt-I Loss 1.5800  
Epoch 068 |  Time(s) 0.0936 | RobustPrompt-I Loss 1.5929  
Epoch 069 |  Time(s) 0.0944 | RobustPrompt-I Loss 1.5725  
Epoch 070 |  Time(s) 0.0932 | RobustPrompt-I Loss 1.5611  
Epoch 071 |  Time(s) 0.0924 | RobustPrompt-I Loss 1.5261  
Epoch 072 |  Time(s) 0.0940 | RobustPrompt-I Loss 1.5347  
Epoch 073 |  Time(s) 0.0947 | RobustPrompt-I Loss 1.5201  
Epoch 074 |  Time(s) 0.0983 | RobustPrompt-I Loss 1.4940  
Epoch 075 |  Time(s) 0.1526 | RobustPrompt-I Loss 1.5092  
Epoch 076 |  Time(s) 0.2161 | RobustPrompt-I Loss 1.4639  
Epoch 077 |  Time(s) 0.2104 | RobustPrompt-I Loss 1.4866  
Epoch 078 |  Time(s) 0.1160 | RobustPrompt-I Loss 1.4791  
Epoch 079 |  Time(s) 0.0981 | RobustPrompt-I Loss 1.4299  
Epoch 080 |  Time(s) 0.0949 | RobustPrompt-I Loss 1.4352  
Epoch 081 |  Time(s) 0.0957 | RobustPrompt-I Loss 1.4457  
Epoch 082 |  Time(s) 0.0956 | RobustPrompt-I Loss 1.4025  
Epoch 083 |  Time(s) 0.0951 | RobustPrompt-I Loss 1.5116  
Epoch 084 |  Time(s) 0.0951 | RobustPrompt-I Loss 1.4772  
Epoch 085 |  Time(s) 0.0949 | RobustPrompt-I Loss 1.4213  
Epoch 086 |  Time(s) 0.0964 | RobustPrompt-I Loss 1.4063  
Epoch 087 |  Time(s) 0.0955 | RobustPrompt-I Loss 1.4538  
Epoch 088 |  Time(s) 0.0945 | RobustPrompt-I Loss 1.4121  
Epoch 089 |  Time(s) 0.0951 | RobustPrompt-I Loss 1.4118  
Epoch 090 |  Time(s) 0.0944 | RobustPrompt-I Loss 1.4191  
Epoch 091 |  Time(s) 0.0960 | RobustPrompt-I Loss 1.3794  
Epoch 092 |  Time(s) 0.0955 | RobustPrompt-I Loss 1.3716  
Epoch 093 |  Time(s) 0.0962 | RobustPrompt-I Loss 1.4274  
Epoch 094 |  Time(s) 0.1035 | RobustPrompt-I Loss 1.4037  
Epoch 095 |  Time(s) 0.0952 | RobustPrompt-I Loss 1.3565  
Epoch 096 |  Time(s) 0.0958 | RobustPrompt-I Loss 1.3482  
Epoch 097 |  Time(s) 0.0952 | RobustPrompt-I Loss 1.3840  
Epoch 098 |  Time(s) 0.0954 | RobustPrompt-I Loss 1.3666  
Epoch 099 |  Time(s) 0.0951 | RobustPrompt-I Loss 1.3639  
Epoch 100 |  Time(s) 0.0956 | RobustPrompt-I Loss 1.3530  
Epoch 101 |  Time(s) 0.0957 | RobustPrompt-I Loss 1.3548  
Epoch 102 |  Time(s) 0.0963 | RobustPrompt-I Loss 1.3327  
Epoch 103 |  Time(s) 0.0988 | RobustPrompt-I Loss 1.3701  
Epoch 104 |  Time(s) 0.0966 | RobustPrompt-I Loss 1.3526  
Epoch 105 |  Time(s) 0.0946 | RobustPrompt-I Loss 1.3276  
Epoch 106 |  Time(s) 0.0942 | RobustPrompt-I Loss 1.3160  
Epoch 107 |  Time(s) 0.0941 | RobustPrompt-I Loss 1.3522  
Epoch 108 |  Time(s) 0.0945 | RobustPrompt-I Loss 1.3383  
Epoch 109 |  Time(s) 0.0956 | RobustPrompt-I Loss 1.3165  
Epoch 110 |  Time(s) 0.0945 | RobustPrompt-I Loss 1.3117  
Epoch 111 |  Time(s) 0.0950 | RobustPrompt-I Loss 1.3225  
Epoch 112 |  Time(s) 0.0947 | RobustPrompt-I Loss 1.3096  
Epoch 113 |  Time(s) 0.0965 | RobustPrompt-I Loss 1.3192  
Epoch 114 |  Time(s) 0.0994 | RobustPrompt-I Loss 1.3115  
Epoch 115 |  Time(s) 0.0962 | RobustPrompt-I Loss 1.2971  
Epoch 116 |  Time(s) 0.0953 | RobustPrompt-I Loss 1.2892  
Epoch 117 |  Time(s) 0.0959 | RobustPrompt-I Loss 1.3072  
Epoch 118 |  Time(s) 0.0953 | RobustPrompt-I Loss 1.2910  
Epoch 119 |  Time(s) 0.0964 | RobustPrompt-I Loss 1.2950  
Epoch 120 |  Time(s) 0.0952 | RobustPrompt-I Loss 1.2883  
Epoch 121 |  Time(s) 0.0960 | RobustPrompt-I Loss 1.2777  
Epoch 122 |  Time(s) 0.0953 | RobustPrompt-I Loss 1.2644  
Epoch 123 |  Time(s) 0.0950 | RobustPrompt-I Loss 1.2908  
Epoch 124 |  Time(s) 0.0955 | RobustPrompt-I Loss 1.2784  
Epoch 125 |  Time(s) 0.0955 | RobustPrompt-I Loss 1.2638  
Epoch 126 |  Time(s) 0.0954 | RobustPrompt-I Loss 1.2567  
Epoch 127 |  Time(s) 0.0950 | RobustPrompt-I Loss 1.2653  
Epoch 128 |  Time(s) 0.1963 | RobustPrompt-I Loss 1.2528  
Epoch 129 |  Time(s) 0.1142 | RobustPrompt-I Loss 1.2643  
Epoch 130 |  Time(s) 0.1272 | RobustPrompt-I Loss nan  
Epoch 131 |  Time(s) 0.1038 | RobustPrompt-I Loss nan  
Epoch 132 |  Time(s) 0.0977 | RobustPrompt-I Loss nan  
Epoch 133 |  Time(s) 0.1511 | RobustPrompt-I Loss nan  
Epoch 134 |  Time(s) 0.0947 | RobustPrompt-I Loss nan  
Epoch 135 |  Time(s) 0.0936 | RobustPrompt-I Loss nan  
Epoch 136 |  Time(s) 0.0985 | RobustPrompt-I Loss nan  
Epoch 137 |  Time(s) 0.0925 | RobustPrompt-I Loss nan  
Epoch 138 |  Time(s) 0.1107 | RobustPrompt-I Loss nan  
Epoch 139 |  Time(s) 0.0979 | RobustPrompt-I Loss nan  
Epoch 140 |  Time(s) 0.0905 | RobustPrompt-I Loss nan  
Epoch 141 |  Time(s) 0.1015 | RobustPrompt-I Loss nan  
Epoch 142 |  Time(s) 0.0983 | RobustPrompt-I Loss nan  
Epoch 143 |  Time(s) 0.0918 | RobustPrompt-I Loss nan  
Epoch 144 |  Time(s) 0.0919 | RobustPrompt-I Loss nan  
Epoch 145 |  Time(s) 0.0916 | RobustPrompt-I Loss nan  
Epoch 146 |  Time(s) 0.0915 | RobustPrompt-I Loss nan  
Epoch 147 |  Time(s) 0.0917 | RobustPrompt-I Loss nan  
----------------------------------------------------------------------------------------------------
Early stopping at 148 eopch!
{1: {1: nan}, 2: {1: 0.0689999982714653}, 3: {1: nan}, 4: {1: nan}, 5: {1: nan}}
{1: {1: nan, 2: 0.0689999982714653, 3: nan, 4: nan, 5: nan}}
########################################################################################
seed: 1 | split 1 : nan
# Seed 1 Muti Split Final Acc: nan±nan
seed: 2 | split 1 : 0.0689999982714653
# Seed 2 Muti Split Final Acc: 0.0690±0.0000
seed: 3 | split 1 : nan
# Seed 3 Muti Split Final Acc: nan±nan
seed: 4 | split 1 : nan
# Seed 4 Muti Split Final Acc: nan±nan
seed: 5 | split 1 : nan
# Seed 5 Muti Split Final Acc: nan±nan
########################################################################################
split: 1 | seed 1 : nan
split: 1 | seed 2 : 0.0689999982714653
split: 1 | seed 3 : nan
split: 1 | seed 4 : nan
split: 1 | seed 5 : nan
# Split 1 Muti Seed Acc without min value: nan±nan
########################################################################################
Done phase=ood, ood=0.3, ptb=0.05, end=2026-06-09 00:15:44, duration=00:01:02
