Start phase=ood, ood=0.5, ptb=0.2, time=2026-06-09 00:29:50, log=logs/RobustPrompt-I/ft_ood0.5_0.2_20260609_002950.log
load LLC or attacked data with specified split
Successfully loaded the attack of dataname with few shot 5, split 1
Attack method : Meta_Self | Attack ptb : 0.2 | Dataset: Cora
======================
Number of graphs: 1
Number of features: 1433
Number of classes: 7

Data(x=[2708, 1433], edge_index=[2, 15412], y=[2708], train_mask=[2708], val_mask=[2708], test_mask=[2708])
===========================================================================================================
Number of nodes: 2708
Number of edges: 15412
Average node degree: 5.69
Has isolated nodes: False
Has self-loops: True
Is undirected: True
GCN(
  (conv_layers): ModuleList(
    (0): GCNConv(1433, 256)
    (1): GCNConv(256, 256)
  )
)
Successfully loaded pre-trained weights!
use RobustPrompt Inductive
defense pt dict :  {'sim_pt': -1.0, 'degree_pt': -1, 'out_detect_pt': 0.5, 'other_pt': 'all'}
use_attention :  False
kl_global :  False
cosine_constraint :  True
pt_threshold :  0.25
filter_module :  OriginalFilter
temperature :  1.0
weight_mse 0.1
weight_kl :  0.1
weight_constraint :  0.0
prepare induce graph data is finished!
run RobustPrompt-I
Epoch 001 |  Time(s) 0.3722 | RobustPrompt-I Loss 1.9445  
Epoch 002 |  Time(s) 0.0842 | RobustPrompt-I Loss 1.9335  
Epoch 003 |  Time(s) 0.0782 | RobustPrompt-I Loss 1.8953  
Epoch 004 |  Time(s) 0.0814 | RobustPrompt-I Loss 1.8617  
Epoch 005 |  Time(s) 0.0833 | RobustPrompt-I Loss 1.8153  
Epoch 006 |  Time(s) 0.0777 | RobustPrompt-I Loss 1.7600  
Epoch 007 |  Time(s) 0.0792 | RobustPrompt-I Loss 1.7105  
Epoch 008 |  Time(s) 0.0941 | RobustPrompt-I Loss 1.6612  
Epoch 009 |  Time(s) 0.0867 | RobustPrompt-I Loss 1.6202  
Epoch 010 |  Time(s) 0.0829 | RobustPrompt-I Loss 1.6050  
Epoch 011 |  Time(s) 0.0796 | RobustPrompt-I Loss 1.5918  
Epoch 012 |  Time(s) 0.0806 | RobustPrompt-I Loss 1.5692  
Epoch 013 |  Time(s) 0.0793 | RobustPrompt-I Loss 1.5598  
Epoch 014 |  Time(s) 0.0891 | RobustPrompt-I Loss 1.5566  
Epoch 015 |  Time(s) 0.0823 | RobustPrompt-I Loss 1.5374  
Epoch 016 |  Time(s) 0.0802 | RobustPrompt-I Loss 1.5205  
Epoch 017 |  Time(s) 0.0804 | RobustPrompt-I Loss 1.5120  
Epoch 018 |  Time(s) 0.0830 | RobustPrompt-I Loss 1.5098  
Epoch 019 |  Time(s) 0.0786 | RobustPrompt-I Loss 1.5251  
Epoch 020 |  Time(s) 0.0909 | RobustPrompt-I Loss 1.4798  
Epoch 021 |  Time(s) 0.0841 | RobustPrompt-I Loss 1.4884  
Epoch 022 |  Time(s) 0.1369 | RobustPrompt-I Loss 1.4824  
Epoch 023 |  Time(s) 0.3087 | RobustPrompt-I Loss 1.4440  
Epoch 024 |  Time(s) 0.4591 | RobustPrompt-I Loss 1.4881  
Epoch 025 |  Time(s) 0.4615 | RobustPrompt-I Loss 1.4312  
Epoch 026 |  Time(s) 0.4029 | RobustPrompt-I Loss 1.5139  
Epoch 027 |  Time(s) 0.3506 | RobustPrompt-I Loss 1.5224  
Epoch 028 |  Time(s) 0.2996 | RobustPrompt-I Loss 1.3851  
Epoch 029 |  Time(s) 0.2656 | RobustPrompt-I Loss 1.5505  
Epoch 030 |  Time(s) 0.1062 | RobustPrompt-I Loss 1.5591  
Epoch 031 |  Time(s) 0.1658 | RobustPrompt-I Loss 1.3638  
Epoch 032 |  Time(s) 0.0869 | RobustPrompt-I Loss 1.5565  
Epoch 033 |  Time(s) 0.0842 | RobustPrompt-I Loss 1.6896  
Epoch 034 |  Time(s) 0.0797 | RobustPrompt-I Loss 1.5315  
Epoch 035 |  Time(s) 0.0800 | RobustPrompt-I Loss 1.3474  
Epoch 036 |  Time(s) 0.0799 | RobustPrompt-I Loss 1.5366  
Epoch 037 |  Time(s) 0.0792 | RobustPrompt-I Loss 1.6403  
Epoch 038 |  Time(s) 0.0788 | RobustPrompt-I Loss 1.4550  
Epoch 039 |  Time(s) 0.0797 | RobustPrompt-I Loss 1.4398  
Epoch 040 |  Time(s) 0.0802 | RobustPrompt-I Loss 1.4523  
Epoch 041 |  Time(s) 0.0797 | RobustPrompt-I Loss 1.4523  
Epoch 042 |  Time(s) 0.0805 | RobustPrompt-I Loss 1.4025  
Epoch 043 |  Time(s) 0.0801 | RobustPrompt-I Loss 1.3546  
Epoch 044 |  Time(s) 0.0810 | RobustPrompt-I Loss 1.3470  
Epoch 045 |  Time(s) 0.0800 | RobustPrompt-I Loss 1.4208  
Epoch 046 |  Time(s) 0.0805 | RobustPrompt-I Loss 1.3869  
Epoch 047 |  Time(s) 0.0798 | RobustPrompt-I Loss 1.2529  
Epoch 048 |  Time(s) 0.0809 | RobustPrompt-I Loss 1.3385  
Epoch 049 |  Time(s) 0.0797 | RobustPrompt-I Loss 1.3497  
Epoch 050 |  Time(s) 0.0791 | RobustPrompt-I Loss 1.2561  
Epoch 051 |  Time(s) 0.0802 | RobustPrompt-I Loss 1.2764  
Epoch 052 |  Time(s) 0.0804 | RobustPrompt-I Loss 1.2988  
Epoch 053 |  Time(s) 0.0802 | RobustPrompt-I Loss 1.3196  
Epoch 054 |  Time(s) 0.0801 | RobustPrompt-I Loss 1.2522  
Epoch 055 |  Time(s) 0.0795 | RobustPrompt-I Loss 1.1825  
Epoch 056 |  Time(s) 0.0802 | RobustPrompt-I Loss 1.1992  
Epoch 057 |  Time(s) 0.0790 | RobustPrompt-I Loss 1.1770  
Epoch 058 |  Time(s) 0.0792 | RobustPrompt-I Loss 1.1388  
Epoch 059 |  Time(s) 0.0801 | RobustPrompt-I Loss 1.1603  
Epoch 060 |  Time(s) 0.0801 | RobustPrompt-I Loss 1.1319  
Epoch 061 |  Time(s) 0.0798 | RobustPrompt-I Loss 1.1086  
Epoch 062 |  Time(s) 0.0763 | RobustPrompt-I Loss 1.1004  
Epoch 063 |  Time(s) 0.0851 | RobustPrompt-I Loss 1.0776  
Epoch 064 |  Time(s) 0.2245 | RobustPrompt-I Loss 1.0590  
Epoch 065 |  Time(s) 0.1181 | RobustPrompt-I Loss 1.0509  
Epoch 066 |  Time(s) 0.1459 | RobustPrompt-I Loss 1.0234  
Epoch 067 |  Time(s) 0.0914 | RobustPrompt-I Loss 1.0064  
Epoch 068 |  Time(s) 0.0823 | RobustPrompt-I Loss 1.0013  
Epoch 069 |  Time(s) 0.0805 | RobustPrompt-I Loss 0.9718  
Epoch 070 |  Time(s) 0.0798 | RobustPrompt-I Loss 0.9630  
Epoch 071 |  Time(s) 0.0803 | RobustPrompt-I Loss 0.9527  
Epoch 072 |  Time(s) 0.0800 | RobustPrompt-I Loss 0.9269  
Epoch 073 |  Time(s) 0.1123 | RobustPrompt-I Loss 0.9203  
Epoch 074 |  Time(s) 0.2384 | RobustPrompt-I Loss 0.9076  
Epoch 075 |  Time(s) 0.1095 | RobustPrompt-I Loss 0.8882  
Epoch 076 |  Time(s) 0.0868 | RobustPrompt-I Loss 0.8834  
Epoch 077 |  Time(s) 0.0806 | RobustPrompt-I Loss 0.8688  
Epoch 078 |  Time(s) 0.0785 | RobustPrompt-I Loss 0.8553  
Epoch 079 |  Time(s) 0.0804 | RobustPrompt-I Loss 0.8500  
Epoch 080 |  Time(s) 0.0786 | RobustPrompt-I Loss 0.8360  
Epoch 081 |  Time(s) 0.0788 | RobustPrompt-I Loss 0.8275  
Epoch 082 |  Time(s) 0.0794 | RobustPrompt-I Loss 0.8206  
Epoch 083 |  Time(s) 0.0785 | RobustPrompt-I Loss 0.8094  
Epoch 084 |  Time(s) 0.0794 | RobustPrompt-I Loss 0.8030  
Epoch 085 |  Time(s) 0.0789 | RobustPrompt-I Loss 0.7959  
Epoch 086 |  Time(s) 0.0791 | RobustPrompt-I Loss 0.7872  
Epoch 087 |  Time(s) 0.0793 | RobustPrompt-I Loss 0.7810  
Epoch 088 |  Time(s) 0.1487 | RobustPrompt-I Loss 0.7750  
Epoch 089 |  Time(s) 0.1488 | RobustPrompt-I Loss 0.7674  
Epoch 090 |  Time(s) 0.1258 | RobustPrompt-I Loss 0.7625  
Epoch 091 |  Time(s) 0.1315 | RobustPrompt-I Loss 0.7566  
Epoch 092 |  Time(s) 0.0799 | RobustPrompt-I Loss 0.7501  
Epoch 093 |  Time(s) 0.0779 | RobustPrompt-I Loss 0.7457  
Epoch 094 |  Time(s) 0.0785 | RobustPrompt-I Loss 0.7401  
Epoch 095 |  Time(s) 0.0801 | RobustPrompt-I Loss 0.7346  
Epoch 096 |  Time(s) 0.0785 | RobustPrompt-I Loss 0.7302  
Epoch 097 |  Time(s) 0.0783 | RobustPrompt-I Loss 0.7249  
Epoch 098 |  Time(s) 0.0789 | RobustPrompt-I Loss 0.7197  
Epoch 099 |  Time(s) 0.0785 | RobustPrompt-I Loss 0.7153  
Epoch 100 |  Time(s) 0.0785 | RobustPrompt-I Loss 0.7099  
Epoch 101 |  Time(s) 0.0785 | RobustPrompt-I Loss 0.7053  
Epoch 102 |  Time(s) 0.0792 | RobustPrompt-I Loss 0.7005  
Epoch 103 |  Time(s) 0.0780 | RobustPrompt-I Loss 0.6953  
Epoch 104 |  Time(s) 0.0777 | RobustPrompt-I Loss 0.6906  
Epoch 105 |  Time(s) 0.0781 | RobustPrompt-I Loss 0.6854  
Epoch 106 |  Time(s) 0.0779 | RobustPrompt-I Loss 0.6804  
Epoch 107 |  Time(s) 0.0781 | RobustPrompt-I Loss 0.6752  
Epoch 108 |  Time(s) 0.0782 | RobustPrompt-I Loss 0.6696  
Epoch 109 |  Time(s) 0.0780 | RobustPrompt-I Loss 0.6643  
Epoch 110 |  Time(s) 0.0775 | RobustPrompt-I Loss 0.6582  
Epoch 111 |  Time(s) 0.0787 | RobustPrompt-I Loss 0.6527  
Epoch 112 |  Time(s) 0.0788 | RobustPrompt-I Loss 0.6465  
Epoch 113 |  Time(s) 0.0786 | RobustPrompt-I Loss 0.6411  
Epoch 114 |  Time(s) 0.0787 | RobustPrompt-I Loss 0.6351  
Epoch 115 |  Time(s) 0.0782 | RobustPrompt-I Loss 0.6297  
Epoch 116 |  Time(s) 0.0784 | RobustPrompt-I Loss 0.6241  
Epoch 117 |  Time(s) 0.0791 | RobustPrompt-I Loss 0.6191  
Epoch 118 |  Time(s) 0.0781 | RobustPrompt-I Loss 0.6138  
Epoch 119 |  Time(s) 0.0786 | RobustPrompt-I Loss 0.6090  
Epoch 120 |  Time(s) 0.0795 | RobustPrompt-I Loss 0.6038  
Epoch 121 |  Time(s) 0.0795 | RobustPrompt-I Loss 0.5990  
Epoch 122 |  Time(s) 0.0795 | RobustPrompt-I Loss 0.5943  
Epoch 123 |  Time(s) 0.0797 | RobustPrompt-I Loss 0.5895  
Epoch 124 |  Time(s) 0.0792 | RobustPrompt-I Loss 0.5850  
Epoch 125 |  Time(s) 0.0795 | RobustPrompt-I Loss 0.5802  
Epoch 126 |  Time(s) 0.0793 | RobustPrompt-I Loss 0.5758  
Epoch 127 |  Time(s) 0.0789 | RobustPrompt-I Loss 0.5713  
Epoch 128 |  Time(s) 0.0784 | RobustPrompt-I Loss 0.5668  
Epoch 129 |  Time(s) 0.0782 | RobustPrompt-I Loss 0.5625  
Epoch 130 |  Time(s) 0.0796 | RobustPrompt-I Loss 0.5580  
Epoch 131 |  Time(s) 0.1479 | RobustPrompt-I Loss 0.5537  
Epoch 132 |  Time(s) 0.1387 | RobustPrompt-I Loss 0.5494  
Epoch 133 |  Time(s) 0.0944 | RobustPrompt-I Loss 0.5450  
Epoch 134 |  Time(s) 0.0831 | RobustPrompt-I Loss 0.5408  
Epoch 135 |  Time(s) 0.0848 | RobustPrompt-I Loss 0.5365  
Epoch 136 |  Time(s) 0.0831 | RobustPrompt-I Loss 0.5323  
Epoch 137 |  Time(s) 0.0862 | RobustPrompt-I Loss 0.5278  
Epoch 138 |  Time(s) 0.1240 | RobustPrompt-I Loss nan  
Epoch 139 |  Time(s) 0.4303 | RobustPrompt-I Loss nan  
Epoch 140 |  Time(s) 0.4590 | RobustPrompt-I Loss nan  
Epoch 141 |  Time(s) 0.2527 | RobustPrompt-I Loss nan  
Epoch 142 |  Time(s) 0.1633 | RobustPrompt-I Loss nan  
Epoch 143 |  Time(s) 0.1037 | RobustPrompt-I Loss nan  
Epoch 144 |  Time(s) 0.0830 | RobustPrompt-I Loss nan  
Epoch 145 |  Time(s) 0.0798 | RobustPrompt-I Loss nan  
Epoch 146 |  Time(s) 0.0818 | RobustPrompt-I Loss nan  
Epoch 147 |  Time(s) 0.0812 | RobustPrompt-I Loss nan  
Epoch 148 |  Time(s) 0.0800 | RobustPrompt-I Loss nan  
Epoch 149 |  Time(s) 0.0812 | RobustPrompt-I Loss nan  
Epoch 150 |  Time(s) 0.0797 | RobustPrompt-I Loss nan  
Epoch 151 |  Time(s) 0.0798 | RobustPrompt-I Loss nan  
Epoch 152 |  Time(s) 0.0797 | RobustPrompt-I Loss nan  
Epoch 153 |  Time(s) 0.0791 | RobustPrompt-I Loss nan  
Epoch 154 |  Time(s) 0.0813 | RobustPrompt-I Loss nan  
Epoch 155 |  Time(s) 0.0854 | RobustPrompt-I Loss nan  
Epoch 156 |  Time(s) 0.0807 | RobustPrompt-I Loss nan  
----------------------------------------------------------------------------------------------------
Early stopping at 157 eopch!
load LLC or attacked data with specified split
Successfully loaded the attack of dataname with few shot 5, split 1
Attack method : Meta_Self | Attack ptb : 0.2 | Dataset: Cora
======================
Number of graphs: 1
Number of features: 1433
Number of classes: 7

Data(x=[2708, 1433], edge_index=[2, 15412], y=[2708], train_mask=[2708], val_mask=[2708], test_mask=[2708])
===========================================================================================================
Number of nodes: 2708
Number of edges: 15412
Average node degree: 5.69
Has isolated nodes: False
Has self-loops: True
Is undirected: True
GCN(
  (conv_layers): ModuleList(
    (0): GCNConv(1433, 256)
    (1): GCNConv(256, 256)
  )
)
Successfully loaded pre-trained weights!
use RobustPrompt Inductive
defense pt dict :  {'sim_pt': -1.0, 'degree_pt': -1, 'out_detect_pt': 0.5, 'other_pt': 'all'}
use_attention :  False
kl_global :  False
cosine_constraint :  True
pt_threshold :  0.25
filter_module :  OriginalFilter
temperature :  1.0
weight_mse 0.1
weight_kl :  0.1
weight_constraint :  0.0
prepare induce graph data is finished!
run RobustPrompt-I
Epoch 001 |  Time(s) 0.1546 | RobustPrompt-I Loss 1.9458  
Epoch 002 |  Time(s) 0.4727 | RobustPrompt-I Loss 1.9509  
Epoch 003 |  Time(s) 0.1733 | RobustPrompt-I Loss 1.9228  
Epoch 004 |  Time(s) 0.2011 | RobustPrompt-I Loss 1.9257  
Epoch 005 |  Time(s) 0.2174 | RobustPrompt-I Loss 1.9112  
Epoch 006 |  Time(s) 0.1762 | RobustPrompt-I Loss 1.8909  
Epoch 007 |  Time(s) 0.1527 | RobustPrompt-I Loss 1.8727  
Epoch 008 |  Time(s) 0.1266 | RobustPrompt-I Loss 1.8442  
Epoch 009 |  Time(s) 0.1196 | RobustPrompt-I Loss 1.8125  
Epoch 010 |  Time(s) 0.2209 | RobustPrompt-I Loss 1.7857  
Epoch 011 |  Time(s) 0.2294 | RobustPrompt-I Loss 1.7447  
Epoch 012 |  Time(s) 0.4356 | RobustPrompt-I Loss 1.7028  
Epoch 013 |  Time(s) 0.1056 | RobustPrompt-I Loss 1.6653  
Epoch 014 |  Time(s) 0.0917 | RobustPrompt-I Loss 1.6294  
Epoch 015 |  Time(s) 0.0855 | RobustPrompt-I Loss 1.6023  
Epoch 016 |  Time(s) 0.0864 | RobustPrompt-I Loss 1.5828  
Epoch 017 |  Time(s) 0.0861 | RobustPrompt-I Loss 1.5621  
Epoch 018 |  Time(s) 0.0864 | RobustPrompt-I Loss 1.5473  
Epoch 019 |  Time(s) 0.0874 | RobustPrompt-I Loss 1.5322  
Epoch 020 |  Time(s) 0.0879 | RobustPrompt-I Loss 1.5279  
Epoch 021 |  Time(s) 0.0895 | RobustPrompt-I Loss 1.5398  
Epoch 022 |  Time(s) 0.0871 | RobustPrompt-I Loss 1.5126  
Epoch 023 |  Time(s) 0.0877 | RobustPrompt-I Loss 1.4814  
Epoch 024 |  Time(s) 0.0869 | RobustPrompt-I Loss 1.4953  
Epoch 025 |  Time(s) 0.0866 | RobustPrompt-I Loss 1.4731  
Epoch 026 |  Time(s) 0.0871 | RobustPrompt-I Loss 1.4445  
Epoch 027 |  Time(s) 0.0878 | RobustPrompt-I Loss 1.4460  
Epoch 028 |  Time(s) 0.0864 | RobustPrompt-I Loss 1.4447  
Epoch 029 |  Time(s) 0.0867 | RobustPrompt-I Loss 1.4044  
Epoch 030 |  Time(s) 0.0877 | RobustPrompt-I Loss 1.4164  
Epoch 031 |  Time(s) 0.0869 | RobustPrompt-I Loss 1.3875  
Epoch 032 |  Time(s) 0.0867 | RobustPrompt-I Loss 1.3614  
Epoch 033 |  Time(s) 0.0867 | RobustPrompt-I Loss 1.3483  
Epoch 034 |  Time(s) 0.0867 | RobustPrompt-I Loss 1.3497  
Epoch 035 |  Time(s) 0.0878 | RobustPrompt-I Loss 1.3247  
Epoch 036 |  Time(s) 0.0867 | RobustPrompt-I Loss 1.3003  
Epoch 037 |  Time(s) 0.0881 | RobustPrompt-I Loss 1.2809  
Epoch 038 |  Time(s) 0.0868 | RobustPrompt-I Loss 1.2693  
Epoch 039 |  Time(s) 0.0865 | RobustPrompt-I Loss 1.2627  
Epoch 040 |  Time(s) 0.0862 | RobustPrompt-I Loss 1.2208  
Epoch 041 |  Time(s) 0.0871 | RobustPrompt-I Loss 1.2083  
Epoch 042 |  Time(s) 0.0864 | RobustPrompt-I Loss 1.2458  
Epoch 043 |  Time(s) 0.0865 | RobustPrompt-I Loss 1.1842  
Epoch 044 |  Time(s) 0.0864 | RobustPrompt-I Loss 1.2598  
Epoch 045 |  Time(s) 0.0872 | RobustPrompt-I Loss 1.2692  
Epoch 046 |  Time(s) 0.0869 | RobustPrompt-I Loss 1.1097  
Epoch 047 |  Time(s) 0.0877 | RobustPrompt-I Loss 1.2360  
Epoch 048 |  Time(s) 0.0876 | RobustPrompt-I Loss 1.1829  
Epoch 049 |  Time(s) 0.0871 | RobustPrompt-I Loss 1.0804  
Epoch 050 |  Time(s) 0.0874 | RobustPrompt-I Loss 1.0749  
Epoch 051 |  Time(s) 0.0860 | RobustPrompt-I Loss 1.0802  
Epoch 052 |  Time(s) 0.0867 | RobustPrompt-I Loss 1.0504  
Epoch 053 |  Time(s) 0.0871 | RobustPrompt-I Loss 1.0797  
Epoch 054 |  Time(s) 0.0860 | RobustPrompt-I Loss 1.0714  
Epoch 055 |  Time(s) 0.0874 | RobustPrompt-I Loss 1.0075  
Epoch 056 |  Time(s) 0.0867 | RobustPrompt-I Loss 1.0204  
Epoch 057 |  Time(s) 0.0875 | RobustPrompt-I Loss 1.0030  
Epoch 058 |  Time(s) 0.0878 | RobustPrompt-I Loss 0.9649  
Epoch 059 |  Time(s) 0.0868 | RobustPrompt-I Loss 0.9712  
Epoch 060 |  Time(s) 0.0870 | RobustPrompt-I Loss 0.9382  
Epoch 061 |  Time(s) 0.1264 | RobustPrompt-I Loss 0.9680  
Epoch 062 |  Time(s) 0.1008 | RobustPrompt-I Loss 0.9434  
Epoch 063 |  Time(s) 0.1417 | RobustPrompt-I Loss 0.9303  
Epoch 064 |  Time(s) 0.0934 | RobustPrompt-I Loss 0.9261  
Epoch 065 |  Time(s) 0.0901 | RobustPrompt-I Loss 0.9156  
Epoch 066 |  Time(s) 0.0868 | RobustPrompt-I Loss 0.8894  
Epoch 067 |  Time(s) 0.0872 | RobustPrompt-I Loss 0.9108  
Epoch 068 |  Time(s) 0.0880 | RobustPrompt-I Loss 0.8768  
Epoch 069 |  Time(s) 0.0875 | RobustPrompt-I Loss 0.9023  
Epoch 070 |  Time(s) 0.0870 | RobustPrompt-I Loss 0.8785  
Epoch 071 |  Time(s) 0.0877 | RobustPrompt-I Loss 0.8620  
Epoch 072 |  Time(s) 0.0869 | RobustPrompt-I Loss 0.8456  
Epoch 073 |  Time(s) 0.0869 | RobustPrompt-I Loss 0.8672  
Epoch 074 |  Time(s) 0.0871 | RobustPrompt-I Loss 0.8550  
Epoch 075 |  Time(s) 0.0878 | RobustPrompt-I Loss 0.8343  
Epoch 076 |  Time(s) 0.0865 | RobustPrompt-I Loss 0.8319  
Epoch 077 |  Time(s) 0.0866 | RobustPrompt-I Loss 0.8278  
Epoch 078 |  Time(s) 0.0861 | RobustPrompt-I Loss 0.8190  
Epoch 079 |  Time(s) 0.0860 | RobustPrompt-I Loss 0.8168  
Epoch 080 |  Time(s) 0.0864 | RobustPrompt-I Loss 0.8096  
Epoch 081 |  Time(s) 0.0868 | RobustPrompt-I Loss 0.8028  
Epoch 082 |  Time(s) 0.0854 | RobustPrompt-I Loss 0.7925  
Epoch 083 |  Time(s) 0.0865 | RobustPrompt-I Loss 0.8072  
Epoch 084 |  Time(s) 0.0862 | RobustPrompt-I Loss 0.7931  
Epoch 085 |  Time(s) 0.0861 | RobustPrompt-I Loss 0.7919  
Epoch 086 |  Time(s) 0.0876 | RobustPrompt-I Loss 0.7786  
Epoch 087 |  Time(s) 0.0867 | RobustPrompt-I Loss 0.7939  
Epoch 088 |  Time(s) 0.0881 | RobustPrompt-I Loss 0.7794  
Epoch 089 |  Time(s) 0.0871 | RobustPrompt-I Loss 0.7778  
Epoch 090 |  Time(s) 0.0881 | RobustPrompt-I Loss 0.7701  
Epoch 091 |  Time(s) 0.0874 | RobustPrompt-I Loss 0.7694  
Epoch 092 |  Time(s) 0.0873 | RobustPrompt-I Loss 0.7629  
Epoch 093 |  Time(s) 0.0878 | RobustPrompt-I Loss 0.7631  
Epoch 094 |  Time(s) 0.0880 | RobustPrompt-I Loss 0.7601  
Epoch 095 |  Time(s) 0.0874 | RobustPrompt-I Loss 0.7482  
Epoch 096 |  Time(s) 0.0882 | RobustPrompt-I Loss 0.7435  
Epoch 097 |  Time(s) 0.0871 | RobustPrompt-I Loss 0.7515  
Epoch 098 |  Time(s) 0.0876 | RobustPrompt-I Loss 0.7453  
Epoch 099 |  Time(s) 0.0866 | RobustPrompt-I Loss 0.7343  
Epoch 100 |  Time(s) 0.0871 | RobustPrompt-I Loss 0.7274  
Epoch 101 |  Time(s) 0.0873 | RobustPrompt-I Loss 0.7424  
Epoch 102 |  Time(s) 0.0878 | RobustPrompt-I Loss 0.7327  
Epoch 103 |  Time(s) 0.0876 | RobustPrompt-I Loss 0.7247  
Epoch 104 |  Time(s) 0.0879 | RobustPrompt-I Loss 0.7153  
Epoch 105 |  Time(s) 0.0862 | RobustPrompt-I Loss 0.7338  
Epoch 106 |  Time(s) 0.0858 | RobustPrompt-I Loss 0.7207  
Epoch 107 |  Time(s) 0.0871 | RobustPrompt-I Loss 0.7168  
Epoch 108 |  Time(s) 0.0872 | RobustPrompt-I Loss 0.7068  
Epoch 109 |  Time(s) 0.0869 | RobustPrompt-I Loss 0.7204  
Epoch 110 |  Time(s) 0.0866 | RobustPrompt-I Loss 0.7105  
Epoch 111 |  Time(s) 0.0883 | RobustPrompt-I Loss 0.7034  
Epoch 112 |  Time(s) 0.0870 | RobustPrompt-I Loss 0.6976  
Epoch 113 |  Time(s) 0.0868 | RobustPrompt-I Loss 0.7035  
Epoch 114 |  Time(s) 0.0881 | RobustPrompt-I Loss 0.6998  
Epoch 115 |  Time(s) 0.0875 | RobustPrompt-I Loss 0.6875  
Epoch 116 |  Time(s) 0.0876 | RobustPrompt-I Loss 0.6839  
Epoch 117 |  Time(s) 0.0878 | RobustPrompt-I Loss 0.6895  
Epoch 118 |  Time(s) 0.0878 | RobustPrompt-I Loss 0.6845  
Epoch 119 |  Time(s) 0.0880 | RobustPrompt-I Loss 0.6741  
Epoch 120 |  Time(s) 0.0884 | RobustPrompt-I Loss 0.6684  
Epoch 121 |  Time(s) 0.0874 | RobustPrompt-I Loss 0.6784  
Epoch 122 |  Time(s) 0.1317 | RobustPrompt-I Loss 0.6706  
Epoch 123 |  Time(s) 0.0888 | RobustPrompt-I Loss 0.6633  
Epoch 124 |  Time(s) 0.0893 | RobustPrompt-I Loss 0.6553  
Epoch 125 |  Time(s) 0.0894 | RobustPrompt-I Loss 0.6692  
Epoch 126 |  Time(s) 0.0889 | RobustPrompt-I Loss 0.6595  
Epoch 127 |  Time(s) 0.0891 | RobustPrompt-I Loss 0.6518  
Epoch 128 |  Time(s) 0.0893 | RobustPrompt-I Loss 0.6436  
Epoch 129 |  Time(s) 0.0892 | RobustPrompt-I Loss 0.6577  
Epoch 130 |  Time(s) 0.0874 | RobustPrompt-I Loss 0.6498  
Epoch 131 |  Time(s) 0.0879 | RobustPrompt-I Loss 0.6369  
Epoch 132 |  Time(s) 0.0923 | RobustPrompt-I Loss 0.6311  
Epoch 133 |  Time(s) 0.0931 | RobustPrompt-I Loss nan  
Epoch 134 |  Time(s) 0.2172 | RobustPrompt-I Loss nan  
Epoch 135 |  Time(s) 0.2184 | RobustPrompt-I Loss nan  
Epoch 136 |  Time(s) 0.4284 | RobustPrompt-I Loss nan  
Epoch 137 |  Time(s) 0.1295 | RobustPrompt-I Loss nan  
Epoch 138 |  Time(s) 0.0938 | RobustPrompt-I Loss nan  
Epoch 139 |  Time(s) 0.0873 | RobustPrompt-I Loss nan  
Epoch 140 |  Time(s) 0.0876 | RobustPrompt-I Loss nan  
Epoch 141 |  Time(s) 0.0870 | RobustPrompt-I Loss nan  
Epoch 142 |  Time(s) 0.0875 | RobustPrompt-I Loss nan  
Epoch 143 |  Time(s) 0.0873 | RobustPrompt-I Loss nan  
Epoch 144 |  Time(s) 0.0884 | RobustPrompt-I Loss nan  
Epoch 145 |  Time(s) 0.0876 | RobustPrompt-I Loss nan  
Epoch 146 |  Time(s) 0.0870 | RobustPrompt-I Loss nan  
Epoch 147 |  Time(s) 0.0866 | RobustPrompt-I Loss nan  
Epoch 148 |  Time(s) 0.0869 | RobustPrompt-I Loss nan  
Epoch 149 |  Time(s) 0.0866 | RobustPrompt-I Loss nan  
Epoch 150 |  Time(s) 0.0874 | RobustPrompt-I Loss nan  
Epoch 151 |  Time(s) 0.0869 | RobustPrompt-I Loss nan  
----------------------------------------------------------------------------------------------------
Early stopping at 152 eopch!
load LLC or attacked data with specified split
Successfully loaded the attack of dataname with few shot 5, split 1
Attack method : Meta_Self | Attack ptb : 0.2 | Dataset: Cora
======================
Number of graphs: 1
Number of features: 1433
Number of classes: 7

Data(x=[2708, 1433], edge_index=[2, 15412], y=[2708], train_mask=[2708], val_mask=[2708], test_mask=[2708])
===========================================================================================================
Number of nodes: 2708
Number of edges: 15412
Average node degree: 5.69
Has isolated nodes: False
Has self-loops: True
Is undirected: True
GCN(
  (conv_layers): ModuleList(
    (0): GCNConv(1433, 256)
    (1): GCNConv(256, 256)
  )
)
Successfully loaded pre-trained weights!
use RobustPrompt Inductive
defense pt dict :  {'sim_pt': -1.0, 'degree_pt': -1, 'out_detect_pt': 0.5, 'other_pt': 'all'}
use_attention :  False
kl_global :  False
cosine_constraint :  True
pt_threshold :  0.25
filter_module :  OriginalFilter
temperature :  1.0
weight_mse 0.1
weight_kl :  0.1
weight_constraint :  0.0
prepare induce graph data is finished!
run RobustPrompt-I
Epoch 001 |  Time(s) 0.0920 | RobustPrompt-I Loss 1.9455  
Epoch 002 |  Time(s) 0.0851 | RobustPrompt-I Loss 1.9363  
Epoch 003 |  Time(s) 0.1276 | RobustPrompt-I Loss 1.9144  
Epoch 004 |  Time(s) 0.0844 | RobustPrompt-I Loss 1.9021  
Epoch 005 |  Time(s) 0.0842 | RobustPrompt-I Loss 1.8617  
Epoch 006 |  Time(s) 0.0843 | RobustPrompt-I Loss 1.8544  
Epoch 007 |  Time(s) 0.0844 | RobustPrompt-I Loss 1.7953  
Epoch 008 |  Time(s) 0.0844 | RobustPrompt-I Loss 1.7816  
Epoch 009 |  Time(s) 0.0851 | RobustPrompt-I Loss 1.7262  
Epoch 010 |  Time(s) 0.0850 | RobustPrompt-I Loss 1.6977  
Epoch 011 |  Time(s) 0.0846 | RobustPrompt-I Loss 1.6555  
Epoch 012 |  Time(s) 0.0847 | RobustPrompt-I Loss 1.6186  
Epoch 013 |  Time(s) 0.0850 | RobustPrompt-I Loss 1.6014  
Epoch 014 |  Time(s) 0.0844 | RobustPrompt-I Loss 1.5741  
Epoch 015 |  Time(s) 0.0844 | RobustPrompt-I Loss 1.5509  
Epoch 016 |  Time(s) 0.0852 | RobustPrompt-I Loss 1.5466  
Epoch 017 |  Time(s) 0.0846 | RobustPrompt-I Loss 1.5278  
Epoch 018 |  Time(s) 0.0839 | RobustPrompt-I Loss 1.5111  
Epoch 019 |  Time(s) 0.0842 | RobustPrompt-I Loss 1.5018  
Epoch 020 |  Time(s) 0.0845 | RobustPrompt-I Loss 1.4852  
Epoch 021 |  Time(s) 0.0842 | RobustPrompt-I Loss 1.4842  
Epoch 022 |  Time(s) 0.0844 | RobustPrompt-I Loss 1.5213  
Epoch 023 |  Time(s) 0.0843 | RobustPrompt-I Loss 1.4537  
Epoch 024 |  Time(s) 0.0847 | RobustPrompt-I Loss 1.4772  
Epoch 025 |  Time(s) 0.0839 | RobustPrompt-I Loss nan  
Epoch 026 |  Time(s) 0.0849 | RobustPrompt-I Loss nan  
Epoch 027 |  Time(s) 0.0845 | RobustPrompt-I Loss nan  
Epoch 028 |  Time(s) 0.0884 | RobustPrompt-I Loss nan  
Epoch 029 |  Time(s) 0.0849 | RobustPrompt-I Loss nan  
Epoch 030 |  Time(s) 0.0889 | RobustPrompt-I Loss nan  
Epoch 031 |  Time(s) 0.0850 | RobustPrompt-I Loss nan  
Epoch 032 |  Time(s) 0.0880 | RobustPrompt-I Loss nan  
Epoch 033 |  Time(s) 0.0883 | RobustPrompt-I Loss nan  
Epoch 034 |  Time(s) 0.0849 | RobustPrompt-I Loss nan  
Epoch 035 |  Time(s) 0.0858 | RobustPrompt-I Loss nan  
Epoch 036 |  Time(s) 0.0901 | RobustPrompt-I Loss nan  
Epoch 037 |  Time(s) 0.0887 | RobustPrompt-I Loss nan  
Epoch 038 |  Time(s) 0.0854 | RobustPrompt-I Loss nan  
Epoch 039 |  Time(s) 0.0857 | RobustPrompt-I Loss nan  
Epoch 040 |  Time(s) 0.0859 | RobustPrompt-I Loss nan  
Epoch 041 |  Time(s) 0.0865 | RobustPrompt-I Loss nan  
Epoch 042 |  Time(s) 0.0867 | RobustPrompt-I Loss nan  
----------------------------------------------------------------------------------------------------
Early stopping at 43 eopch!
load LLC or attacked data with specified split
Successfully loaded the attack of dataname with few shot 5, split 1
Attack method : Meta_Self | Attack ptb : 0.2 | Dataset: Cora
======================
Number of graphs: 1
Number of features: 1433
Number of classes: 7

Data(x=[2708, 1433], edge_index=[2, 15412], y=[2708], train_mask=[2708], val_mask=[2708], test_mask=[2708])
===========================================================================================================
Number of nodes: 2708
Number of edges: 15412
Average node degree: 5.69
Has isolated nodes: False
Has self-loops: True
Is undirected: True
GCN(
  (conv_layers): ModuleList(
    (0): GCNConv(1433, 256)
    (1): GCNConv(256, 256)
  )
)
Successfully loaded pre-trained weights!
use RobustPrompt Inductive
defense pt dict :  {'sim_pt': -1.0, 'degree_pt': -1, 'out_detect_pt': 0.5, 'other_pt': 'all'}
use_attention :  False
kl_global :  False
cosine_constraint :  True
pt_threshold :  0.25
filter_module :  OriginalFilter
temperature :  1.0
weight_mse 0.1
weight_kl :  0.1
weight_constraint :  0.0
prepare induce graph data is finished!
run RobustPrompt-I
Epoch 001 |  Time(s) 0.1038 | RobustPrompt-I Loss 1.9428  
Epoch 002 |  Time(s) 0.0905 | RobustPrompt-I Loss 1.9301  
Epoch 003 |  Time(s) 0.0899 | RobustPrompt-I Loss 1.9129  
Epoch 004 |  Time(s) 0.0893 | RobustPrompt-I Loss 1.8749  
Epoch 005 |  Time(s) 0.0892 | RobustPrompt-I Loss 1.8396  
Epoch 006 |  Time(s) 0.0900 | RobustPrompt-I Loss 1.7796  
Epoch 007 |  Time(s) 0.0996 | RobustPrompt-I Loss 1.7354  
Epoch 008 |  Time(s) 0.0918 | RobustPrompt-I Loss 1.6922  
Epoch 009 |  Time(s) 0.0909 | RobustPrompt-I Loss 1.6431  
Epoch 010 |  Time(s) 0.0901 | RobustPrompt-I Loss 1.6281  
Epoch 011 |  Time(s) 0.0920 | RobustPrompt-I Loss 1.5972  
Epoch 012 |  Time(s) 0.0896 | RobustPrompt-I Loss 1.5885  
Epoch 013 |  Time(s) 0.0953 | RobustPrompt-I Loss 1.5844  
Epoch 014 |  Time(s) 0.0920 | RobustPrompt-I Loss 1.5673  
Epoch 015 |  Time(s) 0.0902 | RobustPrompt-I Loss 1.5766  
Epoch 016 |  Time(s) 0.0892 | RobustPrompt-I Loss 1.5421  
Epoch 017 |  Time(s) 0.0908 | RobustPrompt-I Loss 1.5398  
Epoch 018 |  Time(s) 0.0913 | RobustPrompt-I Loss 1.5242  
Epoch 019 |  Time(s) 0.0914 | RobustPrompt-I Loss 1.5036  
Epoch 020 |  Time(s) 0.0919 | RobustPrompt-I Loss 1.5087  
Epoch 021 |  Time(s) 0.0895 | RobustPrompt-I Loss 1.4909  
Epoch 022 |  Time(s) 0.0892 | RobustPrompt-I Loss 1.4764  
Epoch 023 |  Time(s) 0.0904 | RobustPrompt-I Loss 1.4756  
Epoch 024 |  Time(s) 0.0895 | RobustPrompt-I Loss 1.4547  
Epoch 025 |  Time(s) 0.0908 | RobustPrompt-I Loss 1.4317  
Epoch 026 |  Time(s) 0.0888 | RobustPrompt-I Loss 1.4297  
Epoch 027 |  Time(s) 0.0890 | RobustPrompt-I Loss 1.4337  
Epoch 028 |  Time(s) 0.0899 | RobustPrompt-I Loss 1.3913  
Epoch 029 |  Time(s) 0.0897 | RobustPrompt-I Loss 1.4192  
Epoch 030 |  Time(s) 0.0936 | RobustPrompt-I Loss 1.3597  
Epoch 031 |  Time(s) 0.0946 | RobustPrompt-I Loss 1.3813  
Epoch 032 |  Time(s) 0.0903 | RobustPrompt-I Loss 1.3298  
Epoch 033 |  Time(s) 0.0895 | RobustPrompt-I Loss 1.3183  
Epoch 034 |  Time(s) 0.0897 | RobustPrompt-I Loss 1.3424  
Epoch 035 |  Time(s) 0.0895 | RobustPrompt-I Loss 1.2849  
Epoch 036 |  Time(s) 0.0913 | RobustPrompt-I Loss 1.4197  
Epoch 037 |  Time(s) 0.0898 | RobustPrompt-I Loss 1.4240  
Epoch 038 |  Time(s) 0.0889 | RobustPrompt-I Loss 1.2494  
Epoch 039 |  Time(s) 0.0890 | RobustPrompt-I Loss 1.4228  
Epoch 040 |  Time(s) 0.0899 | RobustPrompt-I Loss 1.5344  
Epoch 041 |  Time(s) 0.0899 | RobustPrompt-I Loss 1.3039  
Epoch 042 |  Time(s) 0.0904 | RobustPrompt-I Loss 1.3341  
Epoch 043 |  Time(s) 0.0913 | RobustPrompt-I Loss 1.4309  
Epoch 044 |  Time(s) 0.0883 | RobustPrompt-I Loss 1.3171  
Epoch 045 |  Time(s) 0.0889 | RobustPrompt-I Loss 1.2775  
Epoch 046 |  Time(s) 0.0903 | RobustPrompt-I Loss 1.2669  
Epoch 047 |  Time(s) 0.0903 | RobustPrompt-I Loss 1.2247  
Epoch 048 |  Time(s) 0.0897 | RobustPrompt-I Loss 1.2921  
Epoch 049 |  Time(s) 0.0896 | RobustPrompt-I Loss 1.2938  
Epoch 050 |  Time(s) 0.0898 | RobustPrompt-I Loss 1.1178  
Epoch 051 |  Time(s) 0.0899 | RobustPrompt-I Loss 1.3266  
Epoch 052 |  Time(s) 0.0924 | RobustPrompt-I Loss 1.5021  
Epoch 053 |  Time(s) 0.0948 | RobustPrompt-I Loss 1.3644  
Epoch 054 |  Time(s) 0.0949 | RobustPrompt-I Loss 1.1055  
Epoch 055 |  Time(s) 0.0895 | RobustPrompt-I Loss 1.3345  
Epoch 056 |  Time(s) 0.0889 | RobustPrompt-I Loss 1.6190  
Epoch 057 |  Time(s) 0.0895 | RobustPrompt-I Loss 1.5132  
Epoch 058 |  Time(s) 0.0905 | RobustPrompt-I Loss 1.4236  
Epoch 059 |  Time(s) 0.0890 | RobustPrompt-I Loss 1.3728  
Epoch 060 |  Time(s) 0.0908 | RobustPrompt-I Loss 1.1262  
Epoch 061 |  Time(s) 0.0887 | RobustPrompt-I Loss 1.0827  
Epoch 062 |  Time(s) 0.0912 | RobustPrompt-I Loss 1.1889  
Epoch 063 |  Time(s) 0.0891 | RobustPrompt-I Loss 1.1321  
Epoch 064 |  Time(s) 0.0975 | RobustPrompt-I Loss 1.0560  
Epoch 065 |  Time(s) 0.0895 | RobustPrompt-I Loss 1.0451  
Epoch 066 |  Time(s) 0.0983 | RobustPrompt-I Loss 1.1064  
Epoch 067 |  Time(s) 0.0912 | RobustPrompt-I Loss 1.1112  
Epoch 068 |  Time(s) 0.0895 | RobustPrompt-I Loss 1.0334  
Epoch 069 |  Time(s) 0.0891 | RobustPrompt-I Loss 0.9961  
Epoch 070 |  Time(s) 0.0892 | RobustPrompt-I Loss 1.0250  
Epoch 071 |  Time(s) 0.0894 | RobustPrompt-I Loss 1.0380  
Epoch 072 |  Time(s) 0.0903 | RobustPrompt-I Loss 0.9990  
Epoch 073 |  Time(s) 0.0894 | RobustPrompt-I Loss 0.9562  
Epoch 074 |  Time(s) 0.0899 | RobustPrompt-I Loss 0.9973  
Epoch 075 |  Time(s) 0.0893 | RobustPrompt-I Loss 0.9970  
Epoch 076 |  Time(s) 0.0891 | RobustPrompt-I Loss 0.9997  
Epoch 077 |  Time(s) 0.0904 | RobustPrompt-I Loss 0.9761  
Epoch 078 |  Time(s) 0.0898 | RobustPrompt-I Loss 0.9232  
Epoch 079 |  Time(s) 0.0897 | RobustPrompt-I Loss 0.9110  
Epoch 080 |  Time(s) 0.0903 | RobustPrompt-I Loss 0.9297  
Epoch 081 |  Time(s) 0.0929 | RobustPrompt-I Loss 0.9109  
Epoch 082 |  Time(s) 0.0910 | RobustPrompt-I Loss 0.9070  
Epoch 083 |  Time(s) 0.0919 | RobustPrompt-I Loss 0.8785  
Epoch 084 |  Time(s) 0.0919 | RobustPrompt-I Loss 0.9179  
Epoch 085 |  Time(s) 0.0900 | RobustPrompt-I Loss 0.9147  
Epoch 086 |  Time(s) 0.0894 | RobustPrompt-I Loss 0.8690  
Epoch 087 |  Time(s) 0.0944 | RobustPrompt-I Loss 0.8599  
Epoch 088 |  Time(s) 0.1107 | RobustPrompt-I Loss 0.8460  
Epoch 089 |  Time(s) 0.0887 | RobustPrompt-I Loss 0.8394  
Epoch 090 |  Time(s) 0.0888 | RobustPrompt-I Loss 0.8430  
Epoch 091 |  Time(s) 0.0887 | RobustPrompt-I Loss 0.8204  
Epoch 092 |  Time(s) 0.0882 | RobustPrompt-I Loss 0.8189  
Epoch 093 |  Time(s) 0.0943 | RobustPrompt-I Loss 0.8135  
Epoch 094 |  Time(s) 0.0912 | RobustPrompt-I Loss 0.8056  
Epoch 095 |  Time(s) 0.0942 | RobustPrompt-I Loss 0.8000  
Epoch 096 |  Time(s) 0.0914 | RobustPrompt-I Loss 0.7880  
Epoch 097 |  Time(s) 0.0902 | RobustPrompt-I Loss 0.7892  
Epoch 098 |  Time(s) 0.0910 | RobustPrompt-I Loss 0.7811  
Epoch 099 |  Time(s) 0.0883 | RobustPrompt-I Loss 0.7743  
Epoch 100 |  Time(s) 0.0890 | RobustPrompt-I Loss 0.7677  
Epoch 101 |  Time(s) 0.0884 | RobustPrompt-I Loss 0.7642  
Epoch 102 |  Time(s) 0.0883 | RobustPrompt-I Loss 0.7610  
Epoch 103 |  Time(s) 0.0842 | RobustPrompt-I Loss 0.7519  
Epoch 104 |  Time(s) 0.0932 | RobustPrompt-I Loss 0.7497  
Epoch 105 |  Time(s) 0.0969 | RobustPrompt-I Loss 0.7448  
Epoch 106 |  Time(s) 0.0911 | RobustPrompt-I Loss 0.7417  
Epoch 107 |  Time(s) 0.0903 | RobustPrompt-I Loss 0.7345  
Epoch 108 |  Time(s) 0.0929 | RobustPrompt-I Loss 0.7319  
Epoch 109 |  Time(s) 0.1006 | RobustPrompt-I Loss 0.7279  
Epoch 110 |  Time(s) 0.0880 | RobustPrompt-I Loss 0.7238  
Epoch 111 |  Time(s) 0.0887 | RobustPrompt-I Loss 0.7188  
Epoch 112 |  Time(s) 0.0889 | RobustPrompt-I Loss 0.7161  
Epoch 113 |  Time(s) 0.0883 | RobustPrompt-I Loss 0.7122  
Epoch 114 |  Time(s) 0.0899 | RobustPrompt-I Loss 0.7077  
Epoch 115 |  Time(s) 0.0892 | RobustPrompt-I Loss 0.7040  
Epoch 116 |  Time(s) 0.0897 | RobustPrompt-I Loss 0.7004  
Epoch 117 |  Time(s) 0.0892 | RobustPrompt-I Loss 0.6966  
Epoch 118 |  Time(s) 0.0879 | RobustPrompt-I Loss 0.6922  
Epoch 119 |  Time(s) 0.0885 | RobustPrompt-I Loss 0.6890  
Epoch 120 |  Time(s) 0.0887 | RobustPrompt-I Loss 0.6847  
Epoch 121 |  Time(s) 0.0892 | RobustPrompt-I Loss 0.6807  
Epoch 122 |  Time(s) 0.0879 | RobustPrompt-I Loss nan  
Epoch 123 |  Time(s) 0.1431 | RobustPrompt-I Loss nan  
Epoch 124 |  Time(s) 0.0902 | RobustPrompt-I Loss nan  
Epoch 125 |  Time(s) 0.0873 | RobustPrompt-I Loss nan  
Epoch 126 |  Time(s) 0.1359 | RobustPrompt-I Loss nan  
Epoch 127 |  Time(s) 0.0941 | RobustPrompt-I Loss nan  
Epoch 128 |  Time(s) 0.0879 | RobustPrompt-I Loss nan  
Epoch 129 |  Time(s) 0.0890 | RobustPrompt-I Loss nan  
Epoch 130 |  Time(s) 0.0882 | RobustPrompt-I Loss nan  
Epoch 131 |  Time(s) 0.0886 | RobustPrompt-I Loss nan  
Epoch 132 |  Time(s) 0.0920 | RobustPrompt-I Loss nan  
Epoch 133 |  Time(s) 0.0887 | RobustPrompt-I Loss nan  
Epoch 134 |  Time(s) 0.0880 | RobustPrompt-I Loss nan  
Epoch 135 |  Time(s) 0.0891 | RobustPrompt-I Loss nan  
Epoch 136 |  Time(s) 0.0845 | RobustPrompt-I Loss nan  
Epoch 137 |  Time(s) 0.0890 | RobustPrompt-I Loss nan  
Epoch 138 |  Time(s) 0.0976 | RobustPrompt-I Loss nan  
Epoch 139 |  Time(s) 0.0999 | RobustPrompt-I Loss nan  
Epoch 140 |  Time(s) 0.0971 | RobustPrompt-I Loss nan  
----------------------------------------------------------------------------------------------------
Early stopping at 141 eopch!
load LLC or attacked data with specified split
Successfully loaded the attack of dataname with few shot 5, split 1
Attack method : Meta_Self | Attack ptb : 0.2 | Dataset: Cora
======================
Number of graphs: 1
Number of features: 1433
Number of classes: 7

Data(x=[2708, 1433], edge_index=[2, 15412], y=[2708], train_mask=[2708], val_mask=[2708], test_mask=[2708])
===========================================================================================================
Number of nodes: 2708
Number of edges: 15412
Average node degree: 5.69
Has isolated nodes: False
Has self-loops: True
Is undirected: True
GCN(
  (conv_layers): ModuleList(
    (0): GCNConv(1433, 256)
    (1): GCNConv(256, 256)
  )
)
Successfully loaded pre-trained weights!
use RobustPrompt Inductive
defense pt dict :  {'sim_pt': -1.0, 'degree_pt': -1, 'out_detect_pt': 0.5, 'other_pt': 'all'}
use_attention :  False
kl_global :  False
cosine_constraint :  True
pt_threshold :  0.25
filter_module :  OriginalFilter
temperature :  1.0
weight_mse 0.1
weight_kl :  0.1
weight_constraint :  0.0
prepare induce graph data is finished!
run RobustPrompt-I
Epoch 001 |  Time(s) 0.2791 | RobustPrompt-I Loss 1.9475  
Epoch 002 |  Time(s) 0.2217 | RobustPrompt-I Loss 1.9369  
Epoch 003 |  Time(s) 0.0915 | RobustPrompt-I Loss 1.9151  
Epoch 004 |  Time(s) 0.0860 | RobustPrompt-I Loss 1.8841  
Epoch 005 |  Time(s) 0.0860 | RobustPrompt-I Loss 1.8482  
Epoch 006 |  Time(s) 0.0855 | RobustPrompt-I Loss 1.7936  
Epoch 007 |  Time(s) 0.1010 | RobustPrompt-I Loss 1.7476  
Epoch 008 |  Time(s) 0.1634 | RobustPrompt-I Loss 1.6995  
Epoch 009 |  Time(s) 0.0907 | RobustPrompt-I Loss 1.6562  
Epoch 010 |  Time(s) 0.0871 | RobustPrompt-I Loss 1.6210  
Epoch 011 |  Time(s) 0.0867 | RobustPrompt-I Loss 1.5895  
Epoch 012 |  Time(s) 0.0871 | RobustPrompt-I Loss 1.5665  
Epoch 013 |  Time(s) 0.0873 | RobustPrompt-I Loss 1.5590  
Epoch 014 |  Time(s) 0.0896 | RobustPrompt-I Loss 1.5799  
Epoch 015 |  Time(s) 0.0871 | RobustPrompt-I Loss 1.5355  
Epoch 016 |  Time(s) 0.0872 | RobustPrompt-I Loss 1.5878  
Epoch 017 |  Time(s) 0.0877 | RobustPrompt-I Loss 1.5190  
Epoch 018 |  Time(s) 0.0880 | RobustPrompt-I Loss 1.5338  
Epoch 019 |  Time(s) 0.0883 | RobustPrompt-I Loss 1.4996  
Epoch 020 |  Time(s) 0.0876 | RobustPrompt-I Loss 1.5056  
Epoch 021 |  Time(s) 0.0894 | RobustPrompt-I Loss 1.4872  
Epoch 022 |  Time(s) 0.0868 | RobustPrompt-I Loss 1.4813  
Epoch 023 |  Time(s) 0.0867 | RobustPrompt-I Loss 1.4713  
Epoch 024 |  Time(s) 0.0894 | RobustPrompt-I Loss 1.4545  
Epoch 025 |  Time(s) 0.0872 | RobustPrompt-I Loss 1.4574  
Epoch 026 |  Time(s) 0.0874 | RobustPrompt-I Loss 1.4291  
Epoch 027 |  Time(s) 0.0869 | RobustPrompt-I Loss 1.4397  
Epoch 028 |  Time(s) 0.0868 | RobustPrompt-I Loss 1.4059  
Epoch 029 |  Time(s) 0.0854 | RobustPrompt-I Loss 1.4065  
Epoch 030 |  Time(s) 0.0853 | RobustPrompt-I Loss 1.3952  
Epoch 031 |  Time(s) 0.0894 | RobustPrompt-I Loss 1.3690  
Epoch 032 |  Time(s) 0.0864 | RobustPrompt-I Loss 1.3646  
Epoch 033 |  Time(s) 0.0864 | RobustPrompt-I Loss 1.3555  
Epoch 034 |  Time(s) 0.0877 | RobustPrompt-I Loss 1.3304  
Epoch 035 |  Time(s) 0.0919 | RobustPrompt-I Loss 1.3135  
Epoch 036 |  Time(s) 0.0907 | RobustPrompt-I Loss 1.3076  
Epoch 037 |  Time(s) 0.0858 | RobustPrompt-I Loss 1.2968  
Epoch 038 |  Time(s) 0.0881 | RobustPrompt-I Loss 1.2635  
Epoch 039 |  Time(s) 0.0954 | RobustPrompt-I Loss 1.2575  
Epoch 040 |  Time(s) 0.0897 | RobustPrompt-I Loss 1.2590  
Epoch 041 |  Time(s) 0.0870 | RobustPrompt-I Loss 1.2169  
Epoch 042 |  Time(s) 0.0873 | RobustPrompt-I Loss 1.2621  
Epoch 043 |  Time(s) 0.0857 | RobustPrompt-I Loss 1.2135  
Epoch 044 |  Time(s) 0.0862 | RobustPrompt-I Loss 1.2147  
Epoch 045 |  Time(s) 0.0875 | RobustPrompt-I Loss 1.2076  
Epoch 046 |  Time(s) 0.0876 | RobustPrompt-I Loss 1.1472  
Epoch 047 |  Time(s) 0.0874 | RobustPrompt-I Loss 1.1468  
Epoch 048 |  Time(s) 0.0870 | RobustPrompt-I Loss 1.1366  
Epoch 049 |  Time(s) 0.0884 | RobustPrompt-I Loss 1.0929  
Epoch 050 |  Time(s) 0.0867 | RobustPrompt-I Loss 1.0986  
Epoch 051 |  Time(s) 0.0883 | RobustPrompt-I Loss 1.0553  
Epoch 052 |  Time(s) 0.0872 | RobustPrompt-I Loss 1.0588  
Epoch 053 |  Time(s) 0.0896 | RobustPrompt-I Loss 1.0312  
Epoch 054 |  Time(s) 0.0874 | RobustPrompt-I Loss 1.0101  
Epoch 055 |  Time(s) 0.0880 | RobustPrompt-I Loss 1.0027  
Epoch 056 |  Time(s) 0.0880 | RobustPrompt-I Loss 0.9897  
Epoch 057 |  Time(s) 0.0880 | RobustPrompt-I Loss 0.9719  
Epoch 058 |  Time(s) 0.0871 | RobustPrompt-I Loss 0.9542  
Epoch 059 |  Time(s) 0.0872 | RobustPrompt-I Loss 0.9433  
Epoch 060 |  Time(s) 0.0860 | RobustPrompt-I Loss 0.9329  
Epoch 061 |  Time(s) 0.0859 | RobustPrompt-I Loss 0.9127  
Epoch 062 |  Time(s) 0.0864 | RobustPrompt-I Loss 0.9009  
Epoch 063 |  Time(s) 0.0900 | RobustPrompt-I Loss 0.8918  
Epoch 064 |  Time(s) 0.1348 | RobustPrompt-I Loss 0.8729  
Epoch 065 |  Time(s) 0.0946 | RobustPrompt-I Loss 0.8613  
Epoch 066 |  Time(s) 0.0923 | RobustPrompt-I Loss 0.8523  
Epoch 067 |  Time(s) 0.0865 | RobustPrompt-I Loss 0.8356  
Epoch 068 |  Time(s) 0.0861 | RobustPrompt-I Loss 0.8265  
Epoch 069 |  Time(s) 0.0867 | RobustPrompt-I Loss 0.8190  
Epoch 070 |  Time(s) 0.0865 | RobustPrompt-I Loss 0.8059  
Epoch 071 |  Time(s) 0.0854 | RobustPrompt-I Loss 0.7989  
Epoch 072 |  Time(s) 0.0861 | RobustPrompt-I Loss 0.7919  
Epoch 073 |  Time(s) 0.0859 | RobustPrompt-I Loss 0.7810  
Epoch 074 |  Time(s) 0.0871 | RobustPrompt-I Loss 0.7756  
Epoch 075 |  Time(s) 0.0865 | RobustPrompt-I Loss 0.7686  
Epoch 076 |  Time(s) 0.0864 | RobustPrompt-I Loss 0.7599  
Epoch 077 |  Time(s) 0.0856 | RobustPrompt-I Loss 0.7553  
Epoch 078 |  Time(s) 0.0894 | RobustPrompt-I Loss 0.7480  
Epoch 079 |  Time(s) 0.1741 | RobustPrompt-I Loss 0.7410  
Epoch 080 |  Time(s) 0.0938 | RobustPrompt-I Loss 0.7364  
Epoch 081 |  Time(s) 0.1144 | RobustPrompt-I Loss 0.7293  
Epoch 082 |  Time(s) 0.1587 | RobustPrompt-I Loss 0.7236  
Epoch 083 |  Time(s) 0.0954 | RobustPrompt-I Loss 0.7182  
Epoch 084 |  Time(s) 0.0926 | RobustPrompt-I Loss 0.7113  
Epoch 085 |  Time(s) 0.0932 | RobustPrompt-I Loss 0.7058  
Epoch 086 |  Time(s) 0.0892 | RobustPrompt-I Loss 0.6999  
Epoch 087 |  Time(s) 0.0948 | RobustPrompt-I Loss 0.6935  
Epoch 088 |  Time(s) 0.0907 | RobustPrompt-I Loss 0.6876  
Epoch 089 |  Time(s) 0.0877 | RobustPrompt-I Loss 0.6815  
Epoch 090 |  Time(s) 0.0871 | RobustPrompt-I Loss 0.6751  
Epoch 091 |  Time(s) 0.0879 | RobustPrompt-I Loss 0.6688  
Epoch 092 |  Time(s) 0.0873 | RobustPrompt-I Loss 0.6625  
Epoch 093 |  Time(s) 0.1294 | RobustPrompt-I Loss 0.6559  
Epoch 094 |  Time(s) 0.1839 | RobustPrompt-I Loss 0.6490  
Epoch 095 |  Time(s) 0.1013 | RobustPrompt-I Loss 0.6425  
Epoch 096 |  Time(s) 0.1029 | RobustPrompt-I Loss 0.6360  
Epoch 097 |  Time(s) 0.1697 | RobustPrompt-I Loss 0.6293  
Epoch 098 |  Time(s) 0.1421 | RobustPrompt-I Loss 0.6226  
Epoch 099 |  Time(s) 0.1399 | RobustPrompt-I Loss 0.6162  
Epoch 100 |  Time(s) 0.0990 | RobustPrompt-I Loss 0.6098  
Epoch 101 |  Time(s) 0.0869 | RobustPrompt-I Loss 0.6033  
Epoch 102 |  Time(s) 0.0866 | RobustPrompt-I Loss 0.5969  
Epoch 103 |  Time(s) 0.0872 | RobustPrompt-I Loss 0.5904  
Epoch 104 |  Time(s) 0.0888 | RobustPrompt-I Loss 0.5842  
Epoch 105 |  Time(s) 0.0862 | RobustPrompt-I Loss 0.5781  
Epoch 106 |  Time(s) 0.0860 | RobustPrompt-I Loss 0.5723  
Epoch 107 |  Time(s) 0.0860 | RobustPrompt-I Loss 0.5666  
Epoch 108 |  Time(s) 0.0860 | RobustPrompt-I Loss 0.5611  
Epoch 109 |  Time(s) 0.0861 | RobustPrompt-I Loss 0.5561  
Epoch 110 |  Time(s) 0.0856 | RobustPrompt-I Loss 0.5521  
Epoch 111 |  Time(s) 0.0861 | RobustPrompt-I Loss 0.5500  
Epoch 112 |  Time(s) 0.0863 | RobustPrompt-I Loss 0.5503  
Epoch 113 |  Time(s) 0.0858 | RobustPrompt-I Loss 0.5521  
Epoch 114 |  Time(s) 0.0860 | RobustPrompt-I Loss 0.5315  
Epoch 115 |  Time(s) 0.0851 | RobustPrompt-I Loss nan  
Epoch 116 |  Time(s) 0.0867 | RobustPrompt-I Loss nan  
Epoch 117 |  Time(s) 0.2562 | RobustPrompt-I Loss nan  
Epoch 118 |  Time(s) 0.1157 | RobustPrompt-I Loss nan  
Epoch 119 |  Time(s) 0.1284 | RobustPrompt-I Loss nan  
Epoch 120 |  Time(s) 0.1074 | RobustPrompt-I Loss nan  
Epoch 121 |  Time(s) 0.0908 | RobustPrompt-I Loss nan  
Epoch 122 |  Time(s) 0.0964 | RobustPrompt-I Loss nan  
Epoch 123 |  Time(s) 0.0863 | RobustPrompt-I Loss nan  
Epoch 124 |  Time(s) 0.0853 | RobustPrompt-I Loss nan  
Epoch 125 |  Time(s) 0.0852 | RobustPrompt-I Loss nan  
Epoch 126 |  Time(s) 0.0852 | RobustPrompt-I Loss nan  
Epoch 127 |  Time(s) 0.0856 | RobustPrompt-I Loss nan  
Epoch 128 |  Time(s) 0.0982 | RobustPrompt-I Loss nan  
Epoch 129 |  Time(s) 0.0890 | RobustPrompt-I Loss nan  
Epoch 130 |  Time(s) 0.0952 | RobustPrompt-I Loss nan  
Epoch 131 |  Time(s) 0.0887 | RobustPrompt-I Loss nan  
Epoch 132 |  Time(s) 0.1305 | RobustPrompt-I Loss nan  
Epoch 133 |  Time(s) 0.0825 | RobustPrompt-I Loss nan  
----------------------------------------------------------------------------------------------------
Early stopping at 134 eopch!
{1: {1: nan}, 2: {1: nan}, 3: {1: nan}, 4: {1: nan}, 5: {1: nan}}
{1: {1: nan, 2: nan, 3: nan, 4: nan, 5: nan}}
########################################################################################
seed: 1 | split 1 : nan
# Seed 1 Muti Split Final Acc: nan±nan
seed: 2 | split 1 : nan
# Seed 2 Muti Split Final Acc: nan±nan
seed: 3 | split 1 : nan
# Seed 3 Muti Split Final Acc: nan±nan
seed: 4 | split 1 : nan
# Seed 4 Muti Split Final Acc: nan±nan
seed: 5 | split 1 : nan
# Seed 5 Muti Split Final Acc: nan±nan
########################################################################################
split: 1 | seed 1 : nan
split: 1 | seed 2 : nan
split: 1 | seed 3 : nan
split: 1 | seed 4 : nan
split: 1 | seed 5 : nan
# Split 1 Muti Seed Acc without min value: nan±nan
########################################################################################
Done phase=ood, ood=0.5, ptb=0.2, end=2026-06-09 00:31:02, duration=00:01:12
