Start phase=ood, ood=0.6, ptb=0.05, time=2026-06-09 00:17:42, log=logs/RobustPrompt-I/ft_ood0.6_0.05_20260609_001742.log
load LLC or attacked data with specified split
Successfully loaded the attack of dataname with few shot 5, split 1
Attack method : Meta_Self | Attack ptb : 0.05 | Dataset: Cora
======================
Number of graphs: 1
Number of features: 1433
Number of classes: 7

Data(x=[2708, 1433], edge_index=[2, 13790], y=[2708], train_mask=[2708], val_mask=[2708], test_mask=[2708])
===========================================================================================================
Number of nodes: 2708
Number of edges: 13790
Average node degree: 5.09
Has isolated nodes: False
Has self-loops: True
Is undirected: True
GCN(
  (conv_layers): ModuleList(
    (0): GCNConv(1433, 256)
    (1): GCNConv(256, 256)
  )
)
Successfully loaded pre-trained weights!
use RobustPrompt Inductive
defense pt dict :  {'sim_pt': -1.0, 'degree_pt': -1, 'out_detect_pt': 0.6, 'other_pt': 'all'}
use_attention :  False
kl_global :  False
cosine_constraint :  True
pt_threshold :  0.25
filter_module :  OriginalFilter
temperature :  1.0
weight_mse 0.1
weight_kl :  0.1
weight_constraint :  0.0
prepare induce graph data is finished!
run RobustPrompt-I
Epoch 001 |  Time(s) 0.3857 | RobustPrompt-I Loss 1.9448  
Epoch 002 |  Time(s) 0.1017 | RobustPrompt-I Loss 1.9458  
Epoch 003 |  Time(s) 0.0857 | RobustPrompt-I Loss 1.9442  
Epoch 004 |  Time(s) 0.1097 | RobustPrompt-I Loss 1.9345  
Epoch 005 |  Time(s) 0.1064 | RobustPrompt-I Loss 1.9230  
Epoch 006 |  Time(s) 0.1069 | RobustPrompt-I Loss 1.9321  
Epoch 007 |  Time(s) 0.1037 | RobustPrompt-I Loss 1.9217  
Epoch 008 |  Time(s) 0.2557 | RobustPrompt-I Loss 1.9102  
Epoch 009 |  Time(s) 0.1790 | RobustPrompt-I Loss 1.9114  
Epoch 010 |  Time(s) 0.3354 | RobustPrompt-I Loss 1.9013  
Epoch 011 |  Time(s) 0.3373 | RobustPrompt-I Loss 1.8970  
Epoch 012 |  Time(s) 0.2211 | RobustPrompt-I Loss 1.8795  
Epoch 013 |  Time(s) 0.1861 | RobustPrompt-I Loss 1.8662  
Epoch 014 |  Time(s) 0.1002 | RobustPrompt-I Loss 1.8669  
Epoch 015 |  Time(s) 0.0862 | RobustPrompt-I Loss 1.8584  
Epoch 016 |  Time(s) 0.0978 | RobustPrompt-I Loss 1.8399  
Epoch 017 |  Time(s) 0.4898 | RobustPrompt-I Loss 1.8232  
Epoch 018 |  Time(s) 0.1590 | RobustPrompt-I Loss 1.8243  
Epoch 019 |  Time(s) 0.0857 | RobustPrompt-I Loss 1.8132  
Epoch 020 |  Time(s) 0.0876 | RobustPrompt-I Loss 1.7941  
Epoch 021 |  Time(s) 0.0800 | RobustPrompt-I Loss 1.7932  
Epoch 022 |  Time(s) 0.0800 | RobustPrompt-I Loss 1.7869  
Epoch 023 |  Time(s) 0.0808 | RobustPrompt-I Loss 1.7626  
Epoch 024 |  Time(s) 0.0802 | RobustPrompt-I Loss 1.7565  
Epoch 025 |  Time(s) 0.0833 | RobustPrompt-I Loss 1.7549  
Epoch 026 |  Time(s) 0.0797 | RobustPrompt-I Loss 1.7372  
Epoch 027 |  Time(s) 0.0800 | RobustPrompt-I Loss 1.7518  
Epoch 028 |  Time(s) 0.0795 | RobustPrompt-I Loss 1.7496  
Epoch 029 |  Time(s) 0.0807 | RobustPrompt-I Loss 1.7175  
Epoch 030 |  Time(s) 0.0793 | RobustPrompt-I Loss nan  
Epoch 031 |  Time(s) 0.0834 | RobustPrompt-I Loss nan  
Epoch 032 |  Time(s) 0.0800 | RobustPrompt-I Loss nan  
Epoch 033 |  Time(s) 0.0801 | RobustPrompt-I Loss nan  
Epoch 034 |  Time(s) 0.0805 | RobustPrompt-I Loss nan  
Epoch 035 |  Time(s) 0.0804 | RobustPrompt-I Loss nan  
Epoch 036 |  Time(s) 0.0802 | RobustPrompt-I Loss nan  
Epoch 037 |  Time(s) 0.0797 | RobustPrompt-I Loss nan  
Epoch 038 |  Time(s) 0.0803 | RobustPrompt-I Loss nan  
Epoch 039 |  Time(s) 0.0802 | RobustPrompt-I Loss nan  
Epoch 040 |  Time(s) 0.0809 | RobustPrompt-I Loss nan  
Epoch 041 |  Time(s) 0.0804 | RobustPrompt-I Loss nan  
Epoch 042 |  Time(s) 0.0805 | RobustPrompt-I Loss nan  
Epoch 043 |  Time(s) 0.0798 | RobustPrompt-I Loss nan  
Epoch 044 |  Time(s) 0.0796 | RobustPrompt-I Loss nan  
Epoch 045 |  Time(s) 0.0806 | RobustPrompt-I Loss nan  
Epoch 046 |  Time(s) 0.0802 | RobustPrompt-I Loss nan  
Epoch 047 |  Time(s) 0.0796 | RobustPrompt-I Loss nan  
Epoch 048 |  Time(s) 0.0799 | RobustPrompt-I Loss nan  
----------------------------------------------------------------------------------------------------
Early stopping at 49 eopch!
load LLC or attacked data with specified split
Successfully loaded the attack of dataname with few shot 5, split 1
Attack method : Meta_Self | Attack ptb : 0.05 | Dataset: Cora
======================
Number of graphs: 1
Number of features: 1433
Number of classes: 7

Data(x=[2708, 1433], edge_index=[2, 13790], y=[2708], train_mask=[2708], val_mask=[2708], test_mask=[2708])
===========================================================================================================
Number of nodes: 2708
Number of edges: 13790
Average node degree: 5.09
Has isolated nodes: False
Has self-loops: True
Is undirected: True
GCN(
  (conv_layers): ModuleList(
    (0): GCNConv(1433, 256)
    (1): GCNConv(256, 256)
  )
)
Successfully loaded pre-trained weights!
use RobustPrompt Inductive
defense pt dict :  {'sim_pt': -1.0, 'degree_pt': -1, 'out_detect_pt': 0.6, 'other_pt': 'all'}
use_attention :  False
kl_global :  False
cosine_constraint :  True
pt_threshold :  0.25
filter_module :  OriginalFilter
temperature :  1.0
weight_mse 0.1
weight_kl :  0.1
weight_constraint :  0.0
prepare induce graph data is finished!
run RobustPrompt-I
Epoch 001 |  Time(s) 0.0986 | RobustPrompt-I Loss 1.9446  
Epoch 002 |  Time(s) 0.0875 | RobustPrompt-I Loss 1.9512  
Epoch 003 |  Time(s) 0.0833 | RobustPrompt-I Loss 1.9451  
Epoch 004 |  Time(s) 0.0837 | RobustPrompt-I Loss 1.9365  
Epoch 005 |  Time(s) 0.0829 | RobustPrompt-I Loss 1.9315  
Epoch 006 |  Time(s) 0.0835 | RobustPrompt-I Loss 1.9289  
Epoch 007 |  Time(s) 0.0842 | RobustPrompt-I Loss 1.9223  
Epoch 008 |  Time(s) 0.0843 | RobustPrompt-I Loss 1.9141  
Epoch 009 |  Time(s) 0.0845 | RobustPrompt-I Loss 1.9059  
Epoch 010 |  Time(s) 0.0846 | RobustPrompt-I Loss 1.8922  
Epoch 011 |  Time(s) 0.0844 | RobustPrompt-I Loss 1.8856  
Epoch 012 |  Time(s) 0.0840 | RobustPrompt-I Loss 1.8686  
Epoch 013 |  Time(s) 0.0851 | RobustPrompt-I Loss 1.8649  
Epoch 014 |  Time(s) 0.0876 | RobustPrompt-I Loss 1.8571  
Epoch 015 |  Time(s) 0.0850 | RobustPrompt-I Loss 1.8411  
Epoch 016 |  Time(s) 0.0844 | RobustPrompt-I Loss 1.8189  
Epoch 017 |  Time(s) 0.0840 | RobustPrompt-I Loss 1.8219  
Epoch 018 |  Time(s) 0.0846 | RobustPrompt-I Loss 1.8059  
Epoch 019 |  Time(s) 0.0850 | RobustPrompt-I Loss 1.7935  
Epoch 020 |  Time(s) 0.0844 | RobustPrompt-I Loss 1.7792  
Epoch 021 |  Time(s) 0.0842 | RobustPrompt-I Loss 1.7829  
Epoch 022 |  Time(s) 0.0840 | RobustPrompt-I Loss 1.7686  
Epoch 023 |  Time(s) 0.0849 | RobustPrompt-I Loss 1.7685  
Epoch 024 |  Time(s) 0.0852 | RobustPrompt-I Loss 1.7484  
Epoch 025 |  Time(s) 0.0849 | RobustPrompt-I Loss 1.7409  
Epoch 026 |  Time(s) 0.0847 | RobustPrompt-I Loss 1.7328  
Epoch 027 |  Time(s) 0.0849 | RobustPrompt-I Loss 1.7225  
Epoch 028 |  Time(s) 0.0843 | RobustPrompt-I Loss 1.7219  
Epoch 029 |  Time(s) 0.0843 | RobustPrompt-I Loss 1.7227  
Epoch 030 |  Time(s) 0.0854 | RobustPrompt-I Loss 1.7264  
Epoch 031 |  Time(s) 0.0849 | RobustPrompt-I Loss 1.6953  
Epoch 032 |  Time(s) 0.0846 | RobustPrompt-I Loss 1.6935  
Epoch 033 |  Time(s) 0.0849 | RobustPrompt-I Loss 1.7485  
Epoch 034 |  Time(s) 0.0850 | RobustPrompt-I Loss 1.6905  
Epoch 035 |  Time(s) 0.0847 | RobustPrompt-I Loss 1.8080  
Epoch 036 |  Time(s) 0.0848 | RobustPrompt-I Loss 1.8470  
Epoch 037 |  Time(s) 0.0851 | RobustPrompt-I Loss 1.6593  
Epoch 038 |  Time(s) 0.0855 | RobustPrompt-I Loss 1.9437  
Epoch 039 |  Time(s) 0.0854 | RobustPrompt-I Loss 2.0796  
Epoch 040 |  Time(s) 0.0859 | RobustPrompt-I Loss 1.9241  
Epoch 041 |  Time(s) 0.0856 | RobustPrompt-I Loss 1.7758  
Epoch 042 |  Time(s) 0.0853 | RobustPrompt-I Loss 1.7758  
Epoch 043 |  Time(s) 0.0854 | RobustPrompt-I Loss 1.8129  
Epoch 044 |  Time(s) 0.1130 | RobustPrompt-I Loss 1.7886  
Epoch 045 |  Time(s) 0.2107 | RobustPrompt-I Loss 1.7543  
Epoch 046 |  Time(s) 0.1695 | RobustPrompt-I Loss nan  
Epoch 047 |  Time(s) 0.1447 | RobustPrompt-I Loss nan  
Epoch 048 |  Time(s) 0.0954 | RobustPrompt-I Loss nan  
Epoch 049 |  Time(s) 0.0836 | RobustPrompt-I Loss nan  
Epoch 050 |  Time(s) 0.0844 | RobustPrompt-I Loss nan  
Epoch 051 |  Time(s) 0.0840 | RobustPrompt-I Loss nan  
Epoch 052 |  Time(s) 0.0846 | RobustPrompt-I Loss nan  
Epoch 053 |  Time(s) 0.0840 | RobustPrompt-I Loss nan  
Epoch 054 |  Time(s) 0.2077 | RobustPrompt-I Loss nan  
Epoch 055 |  Time(s) 0.1253 | RobustPrompt-I Loss nan  
Epoch 056 |  Time(s) 0.0849 | RobustPrompt-I Loss nan  
----------------------------------------------------------------------------------------------------
Early stopping at 57 eopch!
load LLC or attacked data with specified split
Successfully loaded the attack of dataname with few shot 5, split 1
Attack method : Meta_Self | Attack ptb : 0.05 | Dataset: Cora
======================
Number of graphs: 1
Number of features: 1433
Number of classes: 7

Data(x=[2708, 1433], edge_index=[2, 13790], y=[2708], train_mask=[2708], val_mask=[2708], test_mask=[2708])
===========================================================================================================
Number of nodes: 2708
Number of edges: 13790
Average node degree: 5.09
Has isolated nodes: False
Has self-loops: True
Is undirected: True
GCN(
  (conv_layers): ModuleList(
    (0): GCNConv(1433, 256)
    (1): GCNConv(256, 256)
  )
)
Successfully loaded pre-trained weights!
use RobustPrompt Inductive
defense pt dict :  {'sim_pt': -1.0, 'degree_pt': -1, 'out_detect_pt': 0.6, 'other_pt': 'all'}
use_attention :  False
kl_global :  False
cosine_constraint :  True
pt_threshold :  0.25
filter_module :  OriginalFilter
temperature :  1.0
weight_mse 0.1
weight_kl :  0.1
weight_constraint :  0.0
prepare induce graph data is finished!
run RobustPrompt-I
Epoch 001 |  Time(s) 0.0911 | RobustPrompt-I Loss 1.9455  
Epoch 002 |  Time(s) 0.0844 | RobustPrompt-I Loss 1.9487  
Epoch 003 |  Time(s) 0.0846 | RobustPrompt-I Loss 1.9424  
Epoch 004 |  Time(s) 0.0844 | RobustPrompt-I Loss 1.9369  
Epoch 005 |  Time(s) 0.0847 | RobustPrompt-I Loss 1.9320  
Epoch 006 |  Time(s) 0.0847 | RobustPrompt-I Loss 1.9391  
Epoch 007 |  Time(s) 0.0842 | RobustPrompt-I Loss nan  
Epoch 008 |  Time(s) 0.0846 | RobustPrompt-I Loss nan  
Epoch 009 |  Time(s) 0.0847 | RobustPrompt-I Loss nan  
Epoch 010 |  Time(s) 0.0845 | RobustPrompt-I Loss nan  
Epoch 011 |  Time(s) 0.0841 | RobustPrompt-I Loss nan  
Epoch 012 |  Time(s) 0.0838 | RobustPrompt-I Loss nan  
Epoch 013 |  Time(s) 0.0847 | RobustPrompt-I Loss nan  
Epoch 014 |  Time(s) 0.0923 | RobustPrompt-I Loss nan  
Epoch 015 |  Time(s) 0.0851 | RobustPrompt-I Loss nan  
Epoch 016 |  Time(s) 0.0840 | RobustPrompt-I Loss nan  
Epoch 017 |  Time(s) 0.2357 | RobustPrompt-I Loss nan  
Epoch 018 |  Time(s) 0.3611 | RobustPrompt-I Loss nan  
Epoch 019 |  Time(s) 0.4695 | RobustPrompt-I Loss nan  
Epoch 020 |  Time(s) 0.3211 | RobustPrompt-I Loss nan  
Epoch 021 |  Time(s) 0.2274 | RobustPrompt-I Loss nan  
Epoch 022 |  Time(s) 0.1830 | RobustPrompt-I Loss nan  
Epoch 023 |  Time(s) 0.0924 | RobustPrompt-I Loss nan  
Epoch 024 |  Time(s) 0.0938 | RobustPrompt-I Loss nan  
----------------------------------------------------------------------------------------------------
Early stopping at 25 eopch!
load LLC or attacked data with specified split
Successfully loaded the attack of dataname with few shot 5, split 1
Attack method : Meta_Self | Attack ptb : 0.05 | Dataset: Cora
======================
Number of graphs: 1
Number of features: 1433
Number of classes: 7

Data(x=[2708, 1433], edge_index=[2, 13790], y=[2708], train_mask=[2708], val_mask=[2708], test_mask=[2708])
===========================================================================================================
Number of nodes: 2708
Number of edges: 13790
Average node degree: 5.09
Has isolated nodes: False
Has self-loops: True
Is undirected: True
GCN(
  (conv_layers): ModuleList(
    (0): GCNConv(1433, 256)
    (1): GCNConv(256, 256)
  )
)
Successfully loaded pre-trained weights!
use RobustPrompt Inductive
defense pt dict :  {'sim_pt': -1.0, 'degree_pt': -1, 'out_detect_pt': 0.6, 'other_pt': 'all'}
use_attention :  False
kl_global :  False
cosine_constraint :  True
pt_threshold :  0.25
filter_module :  OriginalFilter
temperature :  1.0
weight_mse 0.1
weight_kl :  0.1
weight_constraint :  0.0
prepare induce graph data is finished!
run RobustPrompt-I
Epoch 001 |  Time(s) 0.0989 | RobustPrompt-I Loss 1.9425  
Epoch 002 |  Time(s) 0.0860 | RobustPrompt-I Loss 1.9574  
Epoch 003 |  Time(s) 0.0840 | RobustPrompt-I Loss 1.9405  
Epoch 004 |  Time(s) 0.0859 | RobustPrompt-I Loss 1.9348  
Epoch 005 |  Time(s) 0.0833 | RobustPrompt-I Loss 1.9385  
Epoch 006 |  Time(s) 0.0890 | RobustPrompt-I Loss 1.9308  
Epoch 007 |  Time(s) 0.0889 | RobustPrompt-I Loss 1.9246  
Epoch 008 |  Time(s) 0.0889 | RobustPrompt-I Loss 1.9175  
Epoch 009 |  Time(s) 0.0865 | RobustPrompt-I Loss 1.9129  
Epoch 010 |  Time(s) 0.0854 | RobustPrompt-I Loss 1.9028  
Epoch 011 |  Time(s) 0.0857 | RobustPrompt-I Loss 1.9001  
Epoch 012 |  Time(s) 0.0838 | RobustPrompt-I Loss 1.8969  
Epoch 013 |  Time(s) 0.0850 | RobustPrompt-I Loss nan  
Epoch 014 |  Time(s) 0.0847 | RobustPrompt-I Loss nan  
Epoch 015 |  Time(s) 0.0843 | RobustPrompt-I Loss nan  
Epoch 016 |  Time(s) 0.0869 | RobustPrompt-I Loss nan  
Epoch 017 |  Time(s) 0.0842 | RobustPrompt-I Loss nan  
Epoch 018 |  Time(s) 0.0861 | RobustPrompt-I Loss nan  
Epoch 019 |  Time(s) 0.0832 | RobustPrompt-I Loss nan  
Epoch 020 |  Time(s) 0.0836 | RobustPrompt-I Loss nan  
Epoch 021 |  Time(s) 0.0844 | RobustPrompt-I Loss nan  
Epoch 022 |  Time(s) 0.0861 | RobustPrompt-I Loss nan  
Epoch 023 |  Time(s) 0.0847 | RobustPrompt-I Loss nan  
Epoch 024 |  Time(s) 0.0848 | RobustPrompt-I Loss nan  
Epoch 025 |  Time(s) 0.0840 | RobustPrompt-I Loss nan  
Epoch 026 |  Time(s) 0.0835 | RobustPrompt-I Loss nan  
Epoch 027 |  Time(s) 0.0842 | RobustPrompt-I Loss nan  
Epoch 028 |  Time(s) 0.0852 | RobustPrompt-I Loss nan  
Epoch 029 |  Time(s) 0.0864 | RobustPrompt-I Loss nan  
Epoch 030 |  Time(s) 0.1327 | RobustPrompt-I Loss nan  
Epoch 031 |  Time(s) 0.2092 | RobustPrompt-I Loss nan  
----------------------------------------------------------------------------------------------------
Early stopping at 32 eopch!
load LLC or attacked data with specified split
Successfully loaded the attack of dataname with few shot 5, split 1
Attack method : Meta_Self | Attack ptb : 0.05 | Dataset: Cora
======================
Number of graphs: 1
Number of features: 1433
Number of classes: 7

Data(x=[2708, 1433], edge_index=[2, 13790], y=[2708], train_mask=[2708], val_mask=[2708], test_mask=[2708])
===========================================================================================================
Number of nodes: 2708
Number of edges: 13790
Average node degree: 5.09
Has isolated nodes: False
Has self-loops: True
Is undirected: True
GCN(
  (conv_layers): ModuleList(
    (0): GCNConv(1433, 256)
    (1): GCNConv(256, 256)
  )
)
Successfully loaded pre-trained weights!
use RobustPrompt Inductive
defense pt dict :  {'sim_pt': -1.0, 'degree_pt': -1, 'out_detect_pt': 0.6, 'other_pt': 'all'}
use_attention :  False
kl_global :  False
cosine_constraint :  True
pt_threshold :  0.25
filter_module :  OriginalFilter
temperature :  1.0
weight_mse 0.1
weight_kl :  0.1
weight_constraint :  0.0
prepare induce graph data is finished!
run RobustPrompt-I
Epoch 001 |  Time(s) 0.2325 | RobustPrompt-I Loss 1.9486  
Epoch 002 |  Time(s) 0.0967 | RobustPrompt-I Loss 1.9459  
Epoch 003 |  Time(s) 0.0925 | RobustPrompt-I Loss 1.9428  
Epoch 004 |  Time(s) 0.0883 | RobustPrompt-I Loss 1.9373  
Epoch 005 |  Time(s) 0.0880 | RobustPrompt-I Loss 1.9402  
Epoch 006 |  Time(s) 0.0892 | RobustPrompt-I Loss 1.9308  
Epoch 007 |  Time(s) 0.0872 | RobustPrompt-I Loss 1.9230  
Epoch 008 |  Time(s) 0.0883 | RobustPrompt-I Loss 1.9237  
Epoch 009 |  Time(s) 0.0879 | RobustPrompt-I Loss 1.9155  
Epoch 010 |  Time(s) 0.0874 | RobustPrompt-I Loss 1.9029  
Epoch 011 |  Time(s) 0.0882 | RobustPrompt-I Loss 1.9012  
Epoch 012 |  Time(s) 0.0889 | RobustPrompt-I Loss 1.8840  
Epoch 013 |  Time(s) 0.0889 | RobustPrompt-I Loss 1.8769  
Epoch 014 |  Time(s) 0.0878 | RobustPrompt-I Loss 1.8689  
Epoch 015 |  Time(s) 0.0869 | RobustPrompt-I Loss 1.8496  
Epoch 016 |  Time(s) 0.0881 | RobustPrompt-I Loss 1.8424  
Epoch 017 |  Time(s) 0.0895 | RobustPrompt-I Loss 1.8358  
Epoch 018 |  Time(s) 0.0884 | RobustPrompt-I Loss 1.8220  
Epoch 019 |  Time(s) 0.0888 | RobustPrompt-I Loss 1.8067  
Epoch 020 |  Time(s) 0.0892 | RobustPrompt-I Loss 1.8031  
Epoch 021 |  Time(s) 0.0889 | RobustPrompt-I Loss 1.7985  
Epoch 022 |  Time(s) 0.0893 | RobustPrompt-I Loss 1.7992  
Epoch 023 |  Time(s) 0.1409 | RobustPrompt-I Loss 1.7789  
Epoch 024 |  Time(s) 0.0897 | RobustPrompt-I Loss 1.7658  
Epoch 025 |  Time(s) 0.0892 | RobustPrompt-I Loss 1.7618  
Epoch 026 |  Time(s) 0.0878 | RobustPrompt-I Loss 1.7689  
Epoch 027 |  Time(s) 0.0986 | RobustPrompt-I Loss 1.7690  
Epoch 028 |  Time(s) 0.0889 | RobustPrompt-I Loss 1.7396  
Epoch 029 |  Time(s) 0.0887 | RobustPrompt-I Loss 1.7372  
Epoch 030 |  Time(s) 0.0887 | RobustPrompt-I Loss 1.7540  
Epoch 031 |  Time(s) 0.1286 | RobustPrompt-I Loss 1.7282  
Epoch 032 |  Time(s) 0.0863 | RobustPrompt-I Loss 1.7137  
Epoch 033 |  Time(s) 0.2012 | RobustPrompt-I Loss nan  
Epoch 034 |  Time(s) 0.1960 | RobustPrompt-I Loss nan  
Epoch 035 |  Time(s) 0.1815 | RobustPrompt-I Loss nan  
Epoch 036 |  Time(s) 0.3035 | RobustPrompt-I Loss nan  
Epoch 037 |  Time(s) 0.3061 | RobustPrompt-I Loss nan  
Epoch 038 |  Time(s) 0.3425 | RobustPrompt-I Loss nan  
Epoch 039 |  Time(s) 0.4446 | RobustPrompt-I Loss nan  
Epoch 040 |  Time(s) 0.2044 | RobustPrompt-I Loss nan  
Epoch 041 |  Time(s) 0.0977 | RobustPrompt-I Loss nan  
Epoch 042 |  Time(s) 0.0883 | RobustPrompt-I Loss nan  
Epoch 043 |  Time(s) 0.0862 | RobustPrompt-I Loss nan  
Epoch 044 |  Time(s) 0.0916 | RobustPrompt-I Loss nan  
Epoch 045 |  Time(s) 0.0860 | RobustPrompt-I Loss nan  
Epoch 046 |  Time(s) 0.0856 | RobustPrompt-I Loss nan  
Epoch 047 |  Time(s) 0.0876 | RobustPrompt-I Loss nan  
Epoch 048 |  Time(s) 0.0880 | RobustPrompt-I Loss nan  
Epoch 049 |  Time(s) 0.0876 | RobustPrompt-I Loss nan  
Epoch 050 |  Time(s) 0.0882 | RobustPrompt-I Loss nan  
Epoch 051 |  Time(s) 0.0883 | RobustPrompt-I Loss nan  
----------------------------------------------------------------------------------------------------
Early stopping at 52 eopch!
{1: {1: nan}, 2: {1: nan}, 3: {1: nan}, 4: {1: nan}, 5: {1: nan}}
{1: {1: nan, 2: nan, 3: nan, 4: nan, 5: nan}}
########################################################################################
seed: 1 | split 1 : nan
# Seed 1 Muti Split Final Acc: nan±nan
seed: 2 | split 1 : nan
# Seed 2 Muti Split Final Acc: nan±nan
seed: 3 | split 1 : nan
# Seed 3 Muti Split Final Acc: nan±nan
seed: 4 | split 1 : nan
# Seed 4 Muti Split Final Acc: nan±nan
seed: 5 | split 1 : nan
# Seed 5 Muti Split Final Acc: nan±nan
########################################################################################
split: 1 | seed 1 : nan
split: 1 | seed 2 : nan
split: 1 | seed 3 : nan
split: 1 | seed 4 : nan
split: 1 | seed 5 : nan
# Split 1 Muti Seed Acc without min value: nan±nan
########################################################################################
Done phase=ood, ood=0.6, ptb=0.05, end=2026-06-09 00:18:15, duration=00:00:33
