Start phase=ood, ood=0.3, ptb=0.15, time=2026-06-09 00:22:54, log=logs/RobustPrompt-I/ft_ood0.3_0.15_20260609_002254.log
load LLC or attacked data with specified split
Successfully loaded the attack of dataname with few shot 5, split 1
Attack method : Meta_Self | Attack ptb : 0.15 | Dataset: Cora
======================
Number of graphs: 1
Number of features: 1433
Number of classes: 7

Data(x=[2708, 1433], edge_index=[2, 14804], y=[2708], train_mask=[2708], val_mask=[2708], test_mask=[2708])
===========================================================================================================
Number of nodes: 2708
Number of edges: 14804
Average node degree: 5.47
Has isolated nodes: False
Has self-loops: True
Is undirected: True
GCN(
  (conv_layers): ModuleList(
    (0): GCNConv(1433, 256)
    (1): GCNConv(256, 256)
  )
)
Successfully loaded pre-trained weights!
use RobustPrompt Inductive
defense pt dict :  {'sim_pt': -1.0, 'degree_pt': -1, 'out_detect_pt': 0.3, 'other_pt': 'all'}
use_attention :  False
kl_global :  False
cosine_constraint :  True
pt_threshold :  0.25
filter_module :  OriginalFilter
temperature :  1.0
weight_mse 0.1
weight_kl :  0.1
weight_constraint :  0.0
prepare induce graph data is finished!
run RobustPrompt-I
Epoch 001 |  Time(s) 0.3973 | RobustPrompt-I Loss 1.9448  
Epoch 002 |  Time(s) 0.0832 | RobustPrompt-I Loss 1.9432  
Epoch 003 |  Time(s) 0.0796 | RobustPrompt-I Loss nan  
Epoch 004 |  Time(s) 0.0823 | RobustPrompt-I Loss nan  
Epoch 005 |  Time(s) 0.0791 | RobustPrompt-I Loss nan  
Epoch 006 |  Time(s) 0.0798 | RobustPrompt-I Loss nan  
Epoch 007 |  Time(s) 0.0800 | RobustPrompt-I Loss nan  
Epoch 008 |  Time(s) 0.0795 | RobustPrompt-I Loss nan  
Epoch 009 |  Time(s) 0.0800 | RobustPrompt-I Loss nan  
Epoch 010 |  Time(s) 0.0796 | RobustPrompt-I Loss nan  
Epoch 011 |  Time(s) 0.0797 | RobustPrompt-I Loss nan  
Epoch 012 |  Time(s) 0.0790 | RobustPrompt-I Loss nan  
Epoch 013 |  Time(s) 0.0790 | RobustPrompt-I Loss nan  
Epoch 014 |  Time(s) 0.0795 | RobustPrompt-I Loss nan  
Epoch 015 |  Time(s) 0.0801 | RobustPrompt-I Loss nan  
Epoch 016 |  Time(s) 0.0797 | RobustPrompt-I Loss nan  
Epoch 017 |  Time(s) 0.0795 | RobustPrompt-I Loss nan  
Epoch 018 |  Time(s) 0.0807 | RobustPrompt-I Loss nan  
Epoch 019 |  Time(s) 0.0794 | RobustPrompt-I Loss nan  
Epoch 020 |  Time(s) 0.0822 | RobustPrompt-I Loss nan  
Epoch 021 |  Time(s) 0.0805 | RobustPrompt-I Loss nan  
----------------------------------------------------------------------------------------------------
Early stopping at 22 eopch!
load LLC or attacked data with specified split
Successfully loaded the attack of dataname with few shot 5, split 1
Attack method : Meta_Self | Attack ptb : 0.15 | Dataset: Cora
======================
Number of graphs: 1
Number of features: 1433
Number of classes: 7

Data(x=[2708, 1433], edge_index=[2, 14804], y=[2708], train_mask=[2708], val_mask=[2708], test_mask=[2708])
===========================================================================================================
Number of nodes: 2708
Number of edges: 14804
Average node degree: 5.47
Has isolated nodes: False
Has self-loops: True
Is undirected: True
GCN(
  (conv_layers): ModuleList(
    (0): GCNConv(1433, 256)
    (1): GCNConv(256, 256)
  )
)
Successfully loaded pre-trained weights!
use RobustPrompt Inductive
defense pt dict :  {'sim_pt': -1.0, 'degree_pt': -1, 'out_detect_pt': 0.3, 'other_pt': 'all'}
use_attention :  False
kl_global :  False
cosine_constraint :  True
pt_threshold :  0.25
filter_module :  OriginalFilter
temperature :  1.0
weight_mse 0.1
weight_kl :  0.1
weight_constraint :  0.0
prepare induce graph data is finished!
run RobustPrompt-I
Epoch 001 |  Time(s) 0.0979 | RobustPrompt-I Loss 1.9457  
Epoch 002 |  Time(s) 0.0856 | RobustPrompt-I Loss 1.9418  
Epoch 003 |  Time(s) 0.0846 | RobustPrompt-I Loss 1.9187  
Epoch 004 |  Time(s) 0.0854 | RobustPrompt-I Loss 1.9026  
Epoch 005 |  Time(s) 0.0844 | RobustPrompt-I Loss 1.8857  
Epoch 006 |  Time(s) 0.0850 | RobustPrompt-I Loss 1.8533  
Epoch 007 |  Time(s) 0.0858 | RobustPrompt-I Loss 1.8331  
Epoch 008 |  Time(s) 0.0850 | RobustPrompt-I Loss 1.7932  
Epoch 009 |  Time(s) 0.0855 | RobustPrompt-I Loss 1.7531  
Epoch 010 |  Time(s) 0.0845 | RobustPrompt-I Loss 1.7182  
Epoch 011 |  Time(s) 0.0847 | RobustPrompt-I Loss 1.6652  
Epoch 012 |  Time(s) 0.0847 | RobustPrompt-I Loss 1.6238  
Epoch 013 |  Time(s) 0.0850 | RobustPrompt-I Loss 1.5932  
Epoch 014 |  Time(s) 0.0853 | RobustPrompt-I Loss 1.5501  
Epoch 015 |  Time(s) 0.0852 | RobustPrompt-I Loss 1.5250  
Epoch 016 |  Time(s) 0.0849 | RobustPrompt-I Loss 1.5155  
Epoch 017 |  Time(s) 0.0853 | RobustPrompt-I Loss 1.4924  
Epoch 018 |  Time(s) 0.0846 | RobustPrompt-I Loss 1.4709  
Epoch 019 |  Time(s) 0.0852 | RobustPrompt-I Loss 1.4742  
Epoch 020 |  Time(s) 0.0893 | RobustPrompt-I Loss 1.4580  
Epoch 021 |  Time(s) 0.0855 | RobustPrompt-I Loss 1.4345  
Epoch 022 |  Time(s) 0.0854 | RobustPrompt-I Loss 1.4274  
Epoch 023 |  Time(s) 0.0845 | RobustPrompt-I Loss 1.4202  
Epoch 024 |  Time(s) 0.0840 | RobustPrompt-I Loss 1.3980  
Epoch 025 |  Time(s) 0.0847 | RobustPrompt-I Loss 1.3809  
Epoch 026 |  Time(s) 0.0849 | RobustPrompt-I Loss 1.3812  
Epoch 027 |  Time(s) 0.2492 | RobustPrompt-I Loss 1.3703  
Epoch 028 |  Time(s) 0.1575 | RobustPrompt-I Loss 1.3437  
Epoch 029 |  Time(s) 0.0820 | RobustPrompt-I Loss 1.3352  
Epoch 030 |  Time(s) 0.0884 | RobustPrompt-I Loss 1.3338  
Epoch 031 |  Time(s) 0.1013 | RobustPrompt-I Loss 1.3129  
Epoch 032 |  Time(s) 0.2191 | RobustPrompt-I Loss 1.2893  
Epoch 033 |  Time(s) 0.1974 | RobustPrompt-I Loss 1.2765  
Epoch 034 |  Time(s) 0.2007 | RobustPrompt-I Loss 1.2700  
Epoch 035 |  Time(s) 0.2063 | RobustPrompt-I Loss 1.2564  
Epoch 036 |  Time(s) 0.1122 | RobustPrompt-I Loss 1.2315  
Epoch 037 |  Time(s) 0.2623 | RobustPrompt-I Loss 1.2122  
Epoch 038 |  Time(s) 0.2816 | RobustPrompt-I Loss 1.2026  
Epoch 039 |  Time(s) 0.1517 | RobustPrompt-I Loss 1.1914  
Epoch 040 |  Time(s) 0.0992 | RobustPrompt-I Loss 1.1748  
Epoch 041 |  Time(s) 0.0915 | RobustPrompt-I Loss 1.1509  
Epoch 042 |  Time(s) 0.0895 | RobustPrompt-I Loss 1.1329  
Epoch 043 |  Time(s) 0.1333 | RobustPrompt-I Loss 1.1250  
Epoch 044 |  Time(s) 0.0992 | RobustPrompt-I Loss 1.1108  
Epoch 045 |  Time(s) 0.0913 | RobustPrompt-I Loss 1.0925  
Epoch 046 |  Time(s) 0.0883 | RobustPrompt-I Loss 1.0756  
Epoch 047 |  Time(s) 0.0887 | RobustPrompt-I Loss 1.0648  
Epoch 048 |  Time(s) 0.0886 | RobustPrompt-I Loss 1.0482  
Epoch 049 |  Time(s) 0.0883 | RobustPrompt-I Loss 1.0322  
Epoch 050 |  Time(s) 0.0885 | RobustPrompt-I Loss 1.0190  
Epoch 051 |  Time(s) 0.0877 | RobustPrompt-I Loss 1.0041  
Epoch 052 |  Time(s) 0.0884 | RobustPrompt-I Loss 0.9895  
Epoch 053 |  Time(s) 0.0881 | RobustPrompt-I Loss 0.9778  
Epoch 054 |  Time(s) 0.0885 | RobustPrompt-I Loss 0.9667  
Epoch 055 |  Time(s) 0.0947 | RobustPrompt-I Loss 0.9547  
Epoch 056 |  Time(s) 0.2046 | RobustPrompt-I Loss 0.9445  
Epoch 057 |  Time(s) 0.0935 | RobustPrompt-I Loss 0.9336  
Epoch 058 |  Time(s) 0.0878 | RobustPrompt-I Loss 0.9219  
Epoch 059 |  Time(s) 0.0887 | RobustPrompt-I Loss 0.9127  
Epoch 060 |  Time(s) 0.0862 | RobustPrompt-I Loss 0.9030  
Epoch 061 |  Time(s) 0.0869 | RobustPrompt-I Loss 0.8949  
Epoch 062 |  Time(s) 0.0878 | RobustPrompt-I Loss 0.8867  
Epoch 063 |  Time(s) 0.0879 | RobustPrompt-I Loss 0.8787  
Epoch 064 |  Time(s) 0.0880 | RobustPrompt-I Loss 0.8726  
Epoch 065 |  Time(s) 0.0876 | RobustPrompt-I Loss 0.8656  
Epoch 066 |  Time(s) 0.0882 | RobustPrompt-I Loss 0.8594  
Epoch 067 |  Time(s) 0.0886 | RobustPrompt-I Loss 0.8536  
Epoch 068 |  Time(s) 0.0884 | RobustPrompt-I Loss 0.8476  
Epoch 069 |  Time(s) 0.0881 | RobustPrompt-I Loss 0.8422  
Epoch 070 |  Time(s) 0.1004 | RobustPrompt-I Loss 0.8368  
Epoch 071 |  Time(s) 0.0939 | RobustPrompt-I Loss 0.8316  
Epoch 072 |  Time(s) 0.0922 | RobustPrompt-I Loss 0.8265  
Epoch 073 |  Time(s) 0.0919 | RobustPrompt-I Loss 0.8216  
Epoch 074 |  Time(s) 0.0934 | RobustPrompt-I Loss 0.8163  
Epoch 075 |  Time(s) 0.2414 | RobustPrompt-I Loss 0.8114  
Epoch 076 |  Time(s) 0.1921 | RobustPrompt-I Loss 0.8061  
Epoch 077 |  Time(s) 0.2270 | RobustPrompt-I Loss 0.8009  
Epoch 078 |  Time(s) 0.1789 | RobustPrompt-I Loss 0.7960  
Epoch 079 |  Time(s) 0.1142 | RobustPrompt-I Loss 0.7924  
Epoch 080 |  Time(s) 0.1069 | RobustPrompt-I Loss 0.7961  
Epoch 081 |  Time(s) 0.0887 | RobustPrompt-I Loss 0.8046  
Epoch 082 |  Time(s) 0.0874 | RobustPrompt-I Loss 0.7938  
Epoch 083 |  Time(s) 0.0875 | RobustPrompt-I Loss 0.7720  
Epoch 084 |  Time(s) 0.0873 | RobustPrompt-I Loss 0.7825  
Epoch 085 |  Time(s) 0.0881 | RobustPrompt-I Loss 0.7818  
Epoch 086 |  Time(s) 0.0873 | RobustPrompt-I Loss 0.7597  
Epoch 087 |  Time(s) 0.0887 | RobustPrompt-I Loss 0.7713  
Epoch 088 |  Time(s) 0.0877 | RobustPrompt-I Loss 0.7663  
Epoch 089 |  Time(s) 0.0875 | RobustPrompt-I Loss 0.7482  
Epoch 090 |  Time(s) 0.0926 | RobustPrompt-I Loss 0.7609  
Epoch 091 |  Time(s) 0.0883 | RobustPrompt-I Loss 0.7490  
Epoch 092 |  Time(s) 0.0881 | RobustPrompt-I Loss 0.7387  
Epoch 093 |  Time(s) 0.1242 | RobustPrompt-I Loss 0.7482  
Epoch 094 |  Time(s) 0.1379 | RobustPrompt-I Loss 0.7330  
Epoch 095 |  Time(s) 0.0865 | RobustPrompt-I Loss 0.7290  
Epoch 096 |  Time(s) 0.0867 | RobustPrompt-I Loss 0.7327  
Epoch 097 |  Time(s) 0.0871 | RobustPrompt-I Loss 0.7190  
Epoch 098 |  Time(s) 0.0869 | RobustPrompt-I Loss 0.7178  
Epoch 099 |  Time(s) 0.1292 | RobustPrompt-I Loss 0.7176  
Epoch 100 |  Time(s) 0.0892 | RobustPrompt-I Loss 0.7066  
Epoch 101 |  Time(s) 0.2241 | RobustPrompt-I Loss 0.7051  
Epoch 102 |  Time(s) 0.3419 | RobustPrompt-I Loss 0.7040  
Epoch 103 |  Time(s) 0.1396 | RobustPrompt-I Loss 0.6950  
Epoch 104 |  Time(s) 0.1374 | RobustPrompt-I Loss 0.6917  
Epoch 105 |  Time(s) 0.1086 | RobustPrompt-I Loss 0.6909  
Epoch 106 |  Time(s) 0.0924 | RobustPrompt-I Loss 0.6845  
Epoch 107 |  Time(s) 0.0879 | RobustPrompt-I Loss 0.6775  
Epoch 108 |  Time(s) 0.4361 | RobustPrompt-I Loss 0.6766  
Epoch 109 |  Time(s) 0.3016 | RobustPrompt-I Loss 0.6740  
Epoch 110 |  Time(s) 0.1747 | RobustPrompt-I Loss 0.6654  
Epoch 111 |  Time(s) 0.4501 | RobustPrompt-I Loss 0.6608  
Epoch 112 |  Time(s) 0.3120 | RobustPrompt-I Loss 0.6591  
Epoch 113 |  Time(s) 0.1225 | RobustPrompt-I Loss 0.6550  
Epoch 114 |  Time(s) 0.2210 | RobustPrompt-I Loss 0.6485  
Epoch 115 |  Time(s) 0.3078 | RobustPrompt-I Loss 0.6423  
Epoch 116 |  Time(s) 0.1754 | RobustPrompt-I Loss 0.6385  
Epoch 117 |  Time(s) 0.0958 | RobustPrompt-I Loss 0.6357  
Epoch 118 |  Time(s) 0.0895 | RobustPrompt-I Loss 0.6318  
Epoch 119 |  Time(s) 0.0847 | RobustPrompt-I Loss 0.6270  
Epoch 120 |  Time(s) 0.0847 | RobustPrompt-I Loss 0.6205  
Epoch 121 |  Time(s) 0.0843 | RobustPrompt-I Loss 0.6149  
Epoch 122 |  Time(s) 0.0851 | RobustPrompt-I Loss 0.6079  
Epoch 123 |  Time(s) 0.0956 | RobustPrompt-I Loss 0.6027  
Epoch 124 |  Time(s) 0.0919 | RobustPrompt-I Loss 0.5970  
Epoch 125 |  Time(s) 0.0851 | RobustPrompt-I Loss 0.5915  
Epoch 126 |  Time(s) 0.0846 | RobustPrompt-I Loss 0.5860  
Epoch 127 |  Time(s) 0.0849 | RobustPrompt-I Loss 0.5818  
Epoch 128 |  Time(s) 0.0852 | RobustPrompt-I Loss 0.5807  
Epoch 129 |  Time(s) 0.0856 | RobustPrompt-I Loss 0.5926  
Epoch 130 |  Time(s) 0.0846 | RobustPrompt-I Loss nan  
Epoch 131 |  Time(s) 0.1331 | RobustPrompt-I Loss nan  
Epoch 132 |  Time(s) 0.2678 | RobustPrompt-I Loss nan  
Epoch 133 |  Time(s) 0.2210 | RobustPrompt-I Loss nan  
Epoch 134 |  Time(s) 0.1058 | RobustPrompt-I Loss nan  
Epoch 135 |  Time(s) 0.0943 | RobustPrompt-I Loss nan  
Epoch 136 |  Time(s) 0.0892 | RobustPrompt-I Loss nan  
Epoch 137 |  Time(s) 0.0915 | RobustPrompt-I Loss nan  
Epoch 138 |  Time(s) 0.0871 | RobustPrompt-I Loss nan  
Epoch 139 |  Time(s) 0.0866 | RobustPrompt-I Loss nan  
Epoch 140 |  Time(s) 0.0866 | RobustPrompt-I Loss nan  
Epoch 141 |  Time(s) 0.0867 | RobustPrompt-I Loss nan  
Epoch 142 |  Time(s) 0.0867 | RobustPrompt-I Loss nan  
Epoch 143 |  Time(s) 0.0926 | RobustPrompt-I Loss nan  
Epoch 144 |  Time(s) 0.0875 | RobustPrompt-I Loss nan  
Epoch 145 |  Time(s) 0.0871 | RobustPrompt-I Loss nan  
Epoch 146 |  Time(s) 0.0892 | RobustPrompt-I Loss nan  
Epoch 147 |  Time(s) 0.0870 | RobustPrompt-I Loss nan  
----------------------------------------------------------------------------------------------------
Early stopping at 148 eopch!
load LLC or attacked data with specified split
Successfully loaded the attack of dataname with few shot 5, split 1
Attack method : Meta_Self | Attack ptb : 0.15 | Dataset: Cora
======================
Number of graphs: 1
Number of features: 1433
Number of classes: 7

Data(x=[2708, 1433], edge_index=[2, 14804], y=[2708], train_mask=[2708], val_mask=[2708], test_mask=[2708])
===========================================================================================================
Number of nodes: 2708
Number of edges: 14804
Average node degree: 5.47
Has isolated nodes: False
Has self-loops: True
Is undirected: True
GCN(
  (conv_layers): ModuleList(
    (0): GCNConv(1433, 256)
    (1): GCNConv(256, 256)
  )
)
Successfully loaded pre-trained weights!
use RobustPrompt Inductive
defense pt dict :  {'sim_pt': -1.0, 'degree_pt': -1, 'out_detect_pt': 0.3, 'other_pt': 'all'}
use_attention :  False
kl_global :  False
cosine_constraint :  True
pt_threshold :  0.25
filter_module :  OriginalFilter
temperature :  1.0
weight_mse 0.1
weight_kl :  0.1
weight_constraint :  0.0
prepare induce graph data is finished!
run RobustPrompt-I
Epoch 001 |  Time(s) 0.0957 | RobustPrompt-I Loss 1.9454  
Epoch 002 |  Time(s) 0.0867 | RobustPrompt-I Loss 1.9354  
Epoch 003 |  Time(s) 0.0856 | RobustPrompt-I Loss 1.9126  
Epoch 004 |  Time(s) 0.0852 | RobustPrompt-I Loss 1.9017  
Epoch 005 |  Time(s) 0.0866 | RobustPrompt-I Loss 1.8755  
Epoch 006 |  Time(s) 0.0847 | RobustPrompt-I Loss 1.8578  
Epoch 007 |  Time(s) 0.0866 | RobustPrompt-I Loss 1.8097  
Epoch 008 |  Time(s) 0.0851 | RobustPrompt-I Loss 1.8073  
Epoch 009 |  Time(s) 0.1246 | RobustPrompt-I Loss 1.7444  
Epoch 010 |  Time(s) 0.0976 | RobustPrompt-I Loss 1.7193  
Epoch 011 |  Time(s) 0.0900 | RobustPrompt-I Loss 1.6791  
Epoch 012 |  Time(s) 0.0867 | RobustPrompt-I Loss 1.6430  
Epoch 013 |  Time(s) 0.0858 | RobustPrompt-I Loss 1.5916  
Epoch 014 |  Time(s) 0.0863 | RobustPrompt-I Loss 1.5791  
Epoch 015 |  Time(s) 0.0853 | RobustPrompt-I Loss 1.5395  
Epoch 016 |  Time(s) 0.0858 | RobustPrompt-I Loss 1.5097  
Epoch 017 |  Time(s) 0.1439 | RobustPrompt-I Loss 1.5015  
Epoch 018 |  Time(s) 0.1368 | RobustPrompt-I Loss 1.4794  
Epoch 019 |  Time(s) 0.0983 | RobustPrompt-I Loss 1.4592  
Epoch 020 |  Time(s) 0.0941 | RobustPrompt-I Loss 1.4523  
Epoch 021 |  Time(s) 0.0891 | RobustPrompt-I Loss 1.4324  
Epoch 022 |  Time(s) 0.0920 | RobustPrompt-I Loss 1.4179  
Epoch 023 |  Time(s) 0.0882 | RobustPrompt-I Loss 1.4090  
Epoch 024 |  Time(s) 0.0881 | RobustPrompt-I Loss 1.3915  
Epoch 025 |  Time(s) 0.0864 | RobustPrompt-I Loss 1.3688  
Epoch 026 |  Time(s) 0.0881 | RobustPrompt-I Loss 1.3602  
Epoch 027 |  Time(s) 0.0884 | RobustPrompt-I Loss 1.3326  
Epoch 028 |  Time(s) 0.0877 | RobustPrompt-I Loss 1.3270  
Epoch 029 |  Time(s) 0.0880 | RobustPrompt-I Loss 1.3221  
Epoch 030 |  Time(s) 0.0883 | RobustPrompt-I Loss 1.3103  
Epoch 031 |  Time(s) 0.0866 | RobustPrompt-I Loss 1.2798  
Epoch 032 |  Time(s) 0.0889 | RobustPrompt-I Loss 1.2616  
Epoch 033 |  Time(s) 0.0877 | RobustPrompt-I Loss 1.3004  
Epoch 034 |  Time(s) 0.0880 | RobustPrompt-I Loss 1.2449  
Epoch 035 |  Time(s) 0.0875 | RobustPrompt-I Loss 1.3407  
Epoch 036 |  Time(s) 0.0888 | RobustPrompt-I Loss 1.3488  
Epoch 037 |  Time(s) 0.0880 | RobustPrompt-I Loss 1.2334  
Epoch 038 |  Time(s) 0.0888 | RobustPrompt-I Loss 1.2764  
Epoch 039 |  Time(s) 0.0888 | RobustPrompt-I Loss 1.2632  
Epoch 040 |  Time(s) 0.0882 | RobustPrompt-I Loss 1.2478  
Epoch 041 |  Time(s) 0.0873 | RobustPrompt-I Loss 1.2295  
Epoch 042 |  Time(s) 0.1285 | RobustPrompt-I Loss 1.1386  
Epoch 043 |  Time(s) 0.2087 | RobustPrompt-I Loss 1.1728  
Epoch 044 |  Time(s) 0.1060 | RobustPrompt-I Loss 1.1437  
Epoch 045 |  Time(s) 0.1269 | RobustPrompt-I Loss 1.1180  
Epoch 046 |  Time(s) 0.1618 | RobustPrompt-I Loss 1.1513  
Epoch 047 |  Time(s) 0.0899 | RobustPrompt-I Loss 1.1160  
Epoch 048 |  Time(s) 0.0934 | RobustPrompt-I Loss 1.1140  
Epoch 049 |  Time(s) 0.0896 | RobustPrompt-I Loss 1.1111  
Epoch 050 |  Time(s) 0.0907 | RobustPrompt-I Loss 1.1110  
Epoch 051 |  Time(s) 0.0879 | RobustPrompt-I Loss 1.0671  
Epoch 052 |  Time(s) 0.0870 | RobustPrompt-I Loss 1.1235  
Epoch 053 |  Time(s) 0.0871 | RobustPrompt-I Loss 1.1419  
Epoch 054 |  Time(s) 0.0868 | RobustPrompt-I Loss 1.0462  
Epoch 055 |  Time(s) 0.0870 | RobustPrompt-I Loss 1.0918  
Epoch 056 |  Time(s) 0.0901 | RobustPrompt-I Loss 1.0962  
Epoch 057 |  Time(s) 0.1049 | RobustPrompt-I Loss 1.0582  
Epoch 058 |  Time(s) 0.1035 | RobustPrompt-I Loss 1.0416  
Epoch 059 |  Time(s) 0.0886 | RobustPrompt-I Loss 1.0163  
Epoch 060 |  Time(s) 0.0859 | RobustPrompt-I Loss 1.0547  
Epoch 061 |  Time(s) 0.0902 | RobustPrompt-I Loss 1.0231  
Epoch 062 |  Time(s) 0.0884 | RobustPrompt-I Loss 0.9913  
Epoch 063 |  Time(s) 0.0873 | RobustPrompt-I Loss 0.9944  
Epoch 064 |  Time(s) 0.0864 | RobustPrompt-I Loss 0.9868  
Epoch 065 |  Time(s) 0.0859 | RobustPrompt-I Loss 0.9712  
Epoch 066 |  Time(s) 0.0862 | RobustPrompt-I Loss 0.9859  
Epoch 067 |  Time(s) 0.0866 | RobustPrompt-I Loss 0.9663  
Epoch 068 |  Time(s) 0.0868 | RobustPrompt-I Loss 0.9739  
Epoch 069 |  Time(s) 0.0876 | RobustPrompt-I Loss 0.9707  
Epoch 070 |  Time(s) 0.0872 | RobustPrompt-I Loss 0.9521  
Epoch 071 |  Time(s) 0.0870 | RobustPrompt-I Loss nan  
Epoch 072 |  Time(s) 0.0869 | RobustPrompt-I Loss nan  
Epoch 073 |  Time(s) 0.0900 | RobustPrompt-I Loss nan  
Epoch 074 |  Time(s) 0.0872 | RobustPrompt-I Loss nan  
Epoch 075 |  Time(s) 0.0864 | RobustPrompt-I Loss nan  
Epoch 076 |  Time(s) 0.0861 | RobustPrompt-I Loss nan  
Epoch 077 |  Time(s) 0.1380 | RobustPrompt-I Loss nan  
Epoch 078 |  Time(s) 0.1915 | RobustPrompt-I Loss nan  
Epoch 079 |  Time(s) 0.2377 | RobustPrompt-I Loss nan  
Epoch 080 |  Time(s) 0.4523 | RobustPrompt-I Loss nan  
Epoch 081 |  Time(s) 0.4754 | RobustPrompt-I Loss nan  
Epoch 082 |  Time(s) 0.2056 | RobustPrompt-I Loss nan  
Epoch 083 |  Time(s) 0.0910 | RobustPrompt-I Loss nan  
Epoch 084 |  Time(s) 0.0843 | RobustPrompt-I Loss nan  
Epoch 085 |  Time(s) 0.0829 | RobustPrompt-I Loss nan  
Epoch 086 |  Time(s) 0.0826 | RobustPrompt-I Loss nan  
Epoch 087 |  Time(s) 0.0828 | RobustPrompt-I Loss nan  
Epoch 088 |  Time(s) 0.0843 | RobustPrompt-I Loss nan  
Epoch 089 |  Time(s) 0.0830 | RobustPrompt-I Loss nan  
----------------------------------------------------------------------------------------------------
Early stopping at 90 eopch!
load LLC or attacked data with specified split
Successfully loaded the attack of dataname with few shot 5, split 1
Attack method : Meta_Self | Attack ptb : 0.15 | Dataset: Cora
======================
Number of graphs: 1
Number of features: 1433
Number of classes: 7

Data(x=[2708, 1433], edge_index=[2, 14804], y=[2708], train_mask=[2708], val_mask=[2708], test_mask=[2708])
===========================================================================================================
Number of nodes: 2708
Number of edges: 14804
Average node degree: 5.47
Has isolated nodes: False
Has self-loops: True
Is undirected: True
GCN(
  (conv_layers): ModuleList(
    (0): GCNConv(1433, 256)
    (1): GCNConv(256, 256)
  )
)
Successfully loaded pre-trained weights!
use RobustPrompt Inductive
defense pt dict :  {'sim_pt': -1.0, 'degree_pt': -1, 'out_detect_pt': 0.3, 'other_pt': 'all'}
use_attention :  False
kl_global :  False
cosine_constraint :  True
pt_threshold :  0.25
filter_module :  OriginalFilter
temperature :  1.0
weight_mse 0.1
weight_kl :  0.1
weight_constraint :  0.0
prepare induce graph data is finished!
run RobustPrompt-I
Epoch 001 |  Time(s) 0.1028 | RobustPrompt-I Loss 1.9411  
Epoch 002 |  Time(s) 0.0879 | RobustPrompt-I Loss 1.9375  
Epoch 003 |  Time(s) 0.0886 | RobustPrompt-I Loss 1.9076  
Epoch 004 |  Time(s) 0.2615 | RobustPrompt-I Loss 1.8777  
Epoch 005 |  Time(s) 0.0893 | RobustPrompt-I Loss 1.8465  
Epoch 006 |  Time(s) 0.0889 | RobustPrompt-I Loss 1.8013  
Epoch 007 |  Time(s) 0.0894 | RobustPrompt-I Loss 1.7487  
Epoch 008 |  Time(s) 0.0890 | RobustPrompt-I Loss 1.7101  
Epoch 009 |  Time(s) 0.0895 | RobustPrompt-I Loss 1.6589  
Epoch 010 |  Time(s) 0.0885 | RobustPrompt-I Loss 1.6168  
Epoch 011 |  Time(s) 0.0877 | RobustPrompt-I Loss 1.5989  
Epoch 012 |  Time(s) 0.0877 | RobustPrompt-I Loss 1.5637  
Epoch 013 |  Time(s) 0.0880 | RobustPrompt-I Loss 1.5654  
Epoch 014 |  Time(s) 0.1269 | RobustPrompt-I Loss 1.5361  
Epoch 015 |  Time(s) 0.1503 | RobustPrompt-I Loss 1.5229  
Epoch 016 |  Time(s) 0.0996 | RobustPrompt-I Loss nan  
Epoch 017 |  Time(s) 0.0932 | RobustPrompt-I Loss nan  
Epoch 018 |  Time(s) 0.0905 | RobustPrompt-I Loss nan  
Epoch 019 |  Time(s) 0.0931 | RobustPrompt-I Loss nan  
Epoch 020 |  Time(s) 0.0867 | RobustPrompt-I Loss nan  
Epoch 021 |  Time(s) 0.0914 | RobustPrompt-I Loss nan  
Epoch 022 |  Time(s) 0.0897 | RobustPrompt-I Loss nan  
Epoch 023 |  Time(s) 0.0922 | RobustPrompt-I Loss nan  
Epoch 024 |  Time(s) 0.0941 | RobustPrompt-I Loss nan  
Epoch 025 |  Time(s) 0.0920 | RobustPrompt-I Loss nan  
Epoch 026 |  Time(s) 0.0911 | RobustPrompt-I Loss nan  
Epoch 027 |  Time(s) 0.0921 | RobustPrompt-I Loss nan  
Epoch 028 |  Time(s) 0.0896 | RobustPrompt-I Loss nan  
Epoch 029 |  Time(s) 0.1123 | RobustPrompt-I Loss nan  
Epoch 030 |  Time(s) 0.0948 | RobustPrompt-I Loss nan  
Epoch 031 |  Time(s) 0.0887 | RobustPrompt-I Loss nan  
Epoch 032 |  Time(s) 0.0910 | RobustPrompt-I Loss nan  
Epoch 033 |  Time(s) 0.0914 | RobustPrompt-I Loss nan  
Epoch 034 |  Time(s) 0.0885 | RobustPrompt-I Loss nan  
----------------------------------------------------------------------------------------------------
Early stopping at 35 eopch!
load LLC or attacked data with specified split
Successfully loaded the attack of dataname with few shot 5, split 1
Attack method : Meta_Self | Attack ptb : 0.15 | Dataset: Cora
======================
Number of graphs: 1
Number of features: 1433
Number of classes: 7

Data(x=[2708, 1433], edge_index=[2, 14804], y=[2708], train_mask=[2708], val_mask=[2708], test_mask=[2708])
===========================================================================================================
Number of nodes: 2708
Number of edges: 14804
Average node degree: 5.47
Has isolated nodes: False
Has self-loops: True
Is undirected: True
GCN(
  (conv_layers): ModuleList(
    (0): GCNConv(1433, 256)
    (1): GCNConv(256, 256)
  )
)
Successfully loaded pre-trained weights!
use RobustPrompt Inductive
defense pt dict :  {'sim_pt': -1.0, 'degree_pt': -1, 'out_detect_pt': 0.3, 'other_pt': 'all'}
use_attention :  False
kl_global :  False
cosine_constraint :  True
pt_threshold :  0.25
filter_module :  OriginalFilter
temperature :  1.0
weight_mse 0.1
weight_kl :  0.1
weight_constraint :  0.0
prepare induce graph data is finished!
run RobustPrompt-I
Epoch 001 |  Time(s) 0.0977 | RobustPrompt-I Loss 1.9486  
Epoch 002 |  Time(s) 0.0880 | RobustPrompt-I Loss 1.9421  
Epoch 003 |  Time(s) 0.1423 | RobustPrompt-I Loss 1.9278  
Epoch 004 |  Time(s) 0.1379 | RobustPrompt-I Loss 1.9176  
Epoch 005 |  Time(s) 0.1510 | RobustPrompt-I Loss 1.8800  
Epoch 006 |  Time(s) 0.0900 | RobustPrompt-I Loss 1.8558  
Epoch 007 |  Time(s) 0.0858 | RobustPrompt-I Loss 1.8133  
Epoch 008 |  Time(s) 0.0872 | RobustPrompt-I Loss 1.7824  
Epoch 009 |  Time(s) 0.0881 | RobustPrompt-I Loss 1.7341  
Epoch 010 |  Time(s) 0.0887 | RobustPrompt-I Loss 1.6964  
Epoch 011 |  Time(s) 0.0882 | RobustPrompt-I Loss 1.6447  
Epoch 012 |  Time(s) 0.0869 | RobustPrompt-I Loss 1.6055  
Epoch 013 |  Time(s) 0.0874 | RobustPrompt-I Loss 1.5720  
Epoch 014 |  Time(s) 0.0873 | RobustPrompt-I Loss 1.5379  
Epoch 015 |  Time(s) 0.0871 | RobustPrompt-I Loss 1.5348  
Epoch 016 |  Time(s) 0.0877 | RobustPrompt-I Loss 1.5229  
Epoch 017 |  Time(s) 0.0873 | RobustPrompt-I Loss 1.4939  
Epoch 018 |  Time(s) 0.0877 | RobustPrompt-I Loss 1.5017  
Epoch 019 |  Time(s) 0.0868 | RobustPrompt-I Loss 1.4771  
Epoch 020 |  Time(s) 0.0869 | RobustPrompt-I Loss 1.4673  
Epoch 021 |  Time(s) 0.1005 | RobustPrompt-I Loss 1.4532  
Epoch 022 |  Time(s) 0.1753 | RobustPrompt-I Loss 1.4290  
Epoch 023 |  Time(s) 0.2774 | RobustPrompt-I Loss 1.4306  
Epoch 024 |  Time(s) 0.1284 | RobustPrompt-I Loss 1.4055  
Epoch 025 |  Time(s) 0.1673 | RobustPrompt-I Loss 1.4061  
Epoch 026 |  Time(s) 0.0961 | RobustPrompt-I Loss 1.3992  
Epoch 027 |  Time(s) 0.0958 | RobustPrompt-I Loss 1.3723  
Epoch 028 |  Time(s) 0.0863 | RobustPrompt-I Loss 1.3751  
Epoch 029 |  Time(s) 0.0877 | RobustPrompt-I Loss 1.3651  
Epoch 030 |  Time(s) 0.0877 | RobustPrompt-I Loss 1.3341  
Epoch 031 |  Time(s) 0.0873 | RobustPrompt-I Loss 1.3361  
Epoch 032 |  Time(s) 0.0867 | RobustPrompt-I Loss 1.3285  
Epoch 033 |  Time(s) 0.0873 | RobustPrompt-I Loss 1.2949  
Epoch 034 |  Time(s) 0.0868 | RobustPrompt-I Loss 1.3018  
Epoch 035 |  Time(s) 0.0867 | RobustPrompt-I Loss 1.2818  
Epoch 036 |  Time(s) 0.0869 | RobustPrompt-I Loss 1.2552  
Epoch 037 |  Time(s) 0.0875 | RobustPrompt-I Loss 1.2538  
Epoch 038 |  Time(s) 0.0866 | RobustPrompt-I Loss 1.2442  
Epoch 039 |  Time(s) 0.0874 | RobustPrompt-I Loss 1.2133  
Epoch 040 |  Time(s) 0.0865 | RobustPrompt-I Loss 1.2094  
Epoch 041 |  Time(s) 0.0868 | RobustPrompt-I Loss 1.2093  
Epoch 042 |  Time(s) 0.0872 | RobustPrompt-I Loss 1.1753  
Epoch 043 |  Time(s) 0.1225 | RobustPrompt-I Loss 1.1796  
Epoch 044 |  Time(s) 0.4536 | RobustPrompt-I Loss 1.1471  
Epoch 045 |  Time(s) 0.2647 | RobustPrompt-I Loss 1.1305  
Epoch 046 |  Time(s) 0.3140 | RobustPrompt-I Loss 1.1317  
Epoch 047 |  Time(s) 0.1750 | RobustPrompt-I Loss 1.1107  
Epoch 048 |  Time(s) 0.1039 | RobustPrompt-I Loss 1.0944  
Epoch 049 |  Time(s) 0.1892 | RobustPrompt-I Loss nan  
Epoch 050 |  Time(s) 0.1026 | RobustPrompt-I Loss nan  
Epoch 051 |  Time(s) 0.0978 | RobustPrompt-I Loss nan  
Epoch 052 |  Time(s) 0.0889 | RobustPrompt-I Loss nan  
Epoch 053 |  Time(s) 0.0866 | RobustPrompt-I Loss nan  
Epoch 054 |  Time(s) 0.0862 | RobustPrompt-I Loss nan  
Epoch 055 |  Time(s) 0.0872 | RobustPrompt-I Loss nan  
Epoch 056 |  Time(s) 0.0867 | RobustPrompt-I Loss nan  
Epoch 057 |  Time(s) 0.0867 | RobustPrompt-I Loss nan  
Epoch 058 |  Time(s) 0.0864 | RobustPrompt-I Loss nan  
Epoch 059 |  Time(s) 0.0864 | RobustPrompt-I Loss nan  
Epoch 060 |  Time(s) 0.0872 | RobustPrompt-I Loss nan  
Epoch 061 |  Time(s) 0.0866 | RobustPrompt-I Loss nan  
Epoch 062 |  Time(s) 0.0870 | RobustPrompt-I Loss nan  
Epoch 063 |  Time(s) 0.0866 | RobustPrompt-I Loss nan  
Epoch 064 |  Time(s) 0.0870 | RobustPrompt-I Loss nan  
Epoch 065 |  Time(s) 0.0869 | RobustPrompt-I Loss nan  
Epoch 066 |  Time(s) 0.0869 | RobustPrompt-I Loss nan  
Epoch 067 |  Time(s) 0.0873 | RobustPrompt-I Loss nan  
----------------------------------------------------------------------------------------------------
Early stopping at 68 eopch!
{1: {1: nan}, 2: {1: nan}, 3: {1: nan}, 4: {1: nan}, 5: {1: nan}}
{1: {1: nan, 2: nan, 3: nan, 4: nan, 5: nan}}
########################################################################################
seed: 1 | split 1 : nan
# Seed 1 Muti Split Final Acc: nan±nan
seed: 2 | split 1 : nan
# Seed 2 Muti Split Final Acc: nan±nan
seed: 3 | split 1 : nan
# Seed 3 Muti Split Final Acc: nan±nan
seed: 4 | split 1 : nan
# Seed 4 Muti Split Final Acc: nan±nan
seed: 5 | split 1 : nan
# Seed 5 Muti Split Final Acc: nan±nan
########################################################################################
split: 1 | seed 1 : nan
split: 1 | seed 2 : nan
split: 1 | seed 3 : nan
split: 1 | seed 4 : nan
split: 1 | seed 5 : nan
# Split 1 Muti Seed Acc without min value: nan±nan
########################################################################################
Done phase=ood, ood=0.3, ptb=0.15, end=2026-06-09 00:23:43, duration=00:00:49
