Start sim=0.3, ptb=0.1, time=2026-06-08 23:05:41, log=logs/RobustPrompt-I/ft_sim0.3_0.1_20260608_230541.log
load LLC or attacked data with specified split
Successfully loaded the attack of dataname with few shot 5, split 1
Attack method : Meta_Self | Attack ptb : 0.1 | Dataset: Cora
======================
Number of graphs: 1
Number of features: 1433
Number of classes: 7

Data(x=[2708, 1433], edge_index=[2, 14274], y=[2708], train_mask=[2708], val_mask=[2708], test_mask=[2708])
===========================================================================================================
Number of nodes: 2708
Number of edges: 14274
Average node degree: 5.27
Has isolated nodes: False
Has self-loops: True
Is undirected: True
GCN(
  (conv_layers): ModuleList(
    (0): GCNConv(1433, 256)
    (1): GCNConv(256, 256)
  )
)
Successfully loaded pre-trained weights!
use RobustPrompt Inductive
defense pt dict :  {'sim_pt': 0.3, 'degree_pt': -1, 'out_detect_pt': -1.0, 'other_pt': 'all'}
use_attention :  False
kl_global :  False
cosine_constraint :  True
pt_threshold :  0.25
filter_module :  OriginalFilter
temperature :  1.0
weight_mse 0.1
weight_kl :  0.1
weight_constraint :  0.0
prepare induce graph data is finished!
run RobustPrompt-I
Epoch 001 |  Time(s) 0.4082 | RobustPrompt-I Loss 1.9463  
Epoch 002 |  Time(s) 0.0913 | RobustPrompt-I Loss 1.9354  
Epoch 003 |  Time(s) 0.0971 | RobustPrompt-I Loss 1.9185  
Epoch 004 |  Time(s) 0.0889 | RobustPrompt-I Loss 1.8929  
Epoch 005 |  Time(s) 0.0896 | RobustPrompt-I Loss 1.8708  
Epoch 006 |  Time(s) 0.0876 | RobustPrompt-I Loss 1.8527  
Epoch 007 |  Time(s) 0.0845 | RobustPrompt-I Loss 1.8234  
Epoch 008 |  Time(s) 0.0983 | RobustPrompt-I Loss 1.8065  
Epoch 009 |  Time(s) 0.0949 | RobustPrompt-I Loss 1.7865  
Epoch 010 |  Time(s) 0.0888 | RobustPrompt-I Loss 1.7815  
Epoch 011 |  Time(s) 0.2645 | RobustPrompt-I Loss 1.7810  
Epoch 012 |  Time(s) 0.4595 | RobustPrompt-I Loss 1.7521  
Epoch 013 |  Time(s) 0.2044 | RobustPrompt-I Loss 1.7416  
Epoch 014 |  Time(s) 0.1119 | RobustPrompt-I Loss 1.7331  
Epoch 015 |  Time(s) 0.0933 | RobustPrompt-I Loss 1.7487  
Epoch 016 |  Time(s) 0.1819 | RobustPrompt-I Loss 1.7550  
Epoch 017 |  Time(s) 0.1632 | RobustPrompt-I Loss 1.7366  
Epoch 018 |  Time(s) 0.2705 | RobustPrompt-I Loss 1.7073  
Epoch 019 |  Time(s) 0.1894 | RobustPrompt-I Loss 1.7160  
Epoch 020 |  Time(s) 0.3000 | RobustPrompt-I Loss 1.7159  
Epoch 021 |  Time(s) 0.2385 | RobustPrompt-I Loss 1.7014  
Epoch 022 |  Time(s) 0.1071 | RobustPrompt-I Loss 1.7133  
Epoch 023 |  Time(s) 0.0900 | RobustPrompt-I Loss 1.6758  
Epoch 024 |  Time(s) 0.0861 | RobustPrompt-I Loss 1.6712  
Epoch 025 |  Time(s) 0.0931 | RobustPrompt-I Loss 1.6597  
Epoch 026 |  Time(s) 0.0871 | RobustPrompt-I Loss 1.6449  
Epoch 027 |  Time(s) 0.0866 | RobustPrompt-I Loss 1.6585  
Epoch 028 |  Time(s) 0.0850 | RobustPrompt-I Loss 1.6199  
Epoch 029 |  Time(s) 0.0828 | RobustPrompt-I Loss 1.6087  
Epoch 030 |  Time(s) 0.0836 | RobustPrompt-I Loss 1.6156  
Epoch 031 |  Time(s) 0.0840 | RobustPrompt-I Loss 1.5848  
Epoch 032 |  Time(s) 0.0839 | RobustPrompt-I Loss 1.5785  
Epoch 033 |  Time(s) 0.0830 | RobustPrompt-I Loss 1.5879  
Epoch 034 |  Time(s) 0.0915 | RobustPrompt-I Loss 1.5594  
Epoch 035 |  Time(s) 0.1221 | RobustPrompt-I Loss 1.5421  
Epoch 036 |  Time(s) 0.3781 | RobustPrompt-I Loss 1.5460  
Epoch 037 |  Time(s) 0.2518 | RobustPrompt-I Loss 1.5350  
Epoch 038 |  Time(s) 0.3439 | RobustPrompt-I Loss 1.4986  
Epoch 039 |  Time(s) 0.3013 | RobustPrompt-I Loss 1.5034  
Epoch 040 |  Time(s) 0.1011 | RobustPrompt-I Loss 1.5073  
Epoch 041 |  Time(s) 0.0846 | RobustPrompt-I Loss 1.4611  
Epoch 042 |  Time(s) 0.0873 | RobustPrompt-I Loss 1.5034  
Epoch 043 |  Time(s) 0.0866 | RobustPrompt-I Loss 1.4343  
Epoch 044 |  Time(s) 0.0829 | RobustPrompt-I Loss 1.4749  
Epoch 045 |  Time(s) 0.0840 | RobustPrompt-I Loss 1.4158  
Epoch 046 |  Time(s) 0.0839 | RobustPrompt-I Loss 1.4994  
Epoch 047 |  Time(s) 0.0835 | RobustPrompt-I Loss 1.4390  
Epoch 048 |  Time(s) 0.0836 | RobustPrompt-I Loss 1.4433  
Epoch 049 |  Time(s) 0.0832 | RobustPrompt-I Loss 1.4530  
Epoch 050 |  Time(s) 0.0830 | RobustPrompt-I Loss 1.3603  
Epoch 051 |  Time(s) 0.0832 | RobustPrompt-I Loss 1.3879  
Epoch 052 |  Time(s) 0.1462 | RobustPrompt-I Loss 1.3385  
Epoch 053 |  Time(s) 0.1331 | RobustPrompt-I Loss 1.3310  
Epoch 054 |  Time(s) 0.0822 | RobustPrompt-I Loss 1.3532  
Epoch 055 |  Time(s) 0.0883 | RobustPrompt-I Loss 1.3070  
Epoch 056 |  Time(s) 0.0836 | RobustPrompt-I Loss 1.3597  
Epoch 057 |  Time(s) 0.0830 | RobustPrompt-I Loss 1.3071  
Epoch 058 |  Time(s) 0.0848 | RobustPrompt-I Loss 1.3775  
Epoch 059 |  Time(s) 0.0829 | RobustPrompt-I Loss 1.3949  
Epoch 060 |  Time(s) 0.0834 | RobustPrompt-I Loss 1.2644  
Epoch 061 |  Time(s) 0.0820 | RobustPrompt-I Loss 1.3645  
Epoch 062 |  Time(s) 0.0828 | RobustPrompt-I Loss 1.3304  
Epoch 063 |  Time(s) 0.0829 | RobustPrompt-I Loss 1.2559  
Epoch 064 |  Time(s) 0.0824 | RobustPrompt-I Loss 1.2489  
Epoch 065 |  Time(s) 0.0825 | RobustPrompt-I Loss 1.2772  
Epoch 066 |  Time(s) 0.0827 | RobustPrompt-I Loss 1.2494  
Epoch 067 |  Time(s) 0.0831 | RobustPrompt-I Loss 1.2623  
Epoch 068 |  Time(s) 0.0826 | RobustPrompt-I Loss 1.2599  
Epoch 069 |  Time(s) 0.0824 | RobustPrompt-I Loss 1.2151  
Epoch 070 |  Time(s) 0.0823 | RobustPrompt-I Loss 1.2043  
Epoch 071 |  Time(s) 0.0822 | RobustPrompt-I Loss 1.2380  
Epoch 072 |  Time(s) 0.0822 | RobustPrompt-I Loss 1.2095  
Epoch 073 |  Time(s) 0.0823 | RobustPrompt-I Loss 1.2262  
Epoch 074 |  Time(s) 0.0883 | RobustPrompt-I Loss 1.2248  
Epoch 075 |  Time(s) 0.0827 | RobustPrompt-I Loss 1.1761  
Epoch 076 |  Time(s) 0.0830 | RobustPrompt-I Loss 1.1686  
Epoch 077 |  Time(s) 0.0826 | RobustPrompt-I Loss 1.2046  
Epoch 078 |  Time(s) 0.0822 | RobustPrompt-I Loss 1.1787  
Epoch 079 |  Time(s) 0.0816 | RobustPrompt-I Loss 1.1821  
Epoch 080 |  Time(s) 0.0821 | RobustPrompt-I Loss 1.1791  
Epoch 081 |  Time(s) 0.0824 | RobustPrompt-I Loss 1.1428  
Epoch 082 |  Time(s) 0.0823 | RobustPrompt-I Loss 1.1307  
Epoch 083 |  Time(s) 0.1275 | RobustPrompt-I Loss 1.1747  
Epoch 084 |  Time(s) 0.2155 | RobustPrompt-I Loss 1.1514  
Epoch 085 |  Time(s) 0.1618 | RobustPrompt-I Loss 1.1407  
Epoch 086 |  Time(s) 0.0920 | RobustPrompt-I Loss 1.1341  
Epoch 087 |  Time(s) 0.0907 | RobustPrompt-I Loss 1.1243  
Epoch 088 |  Time(s) 0.0879 | RobustPrompt-I Loss 1.1078  
Epoch 089 |  Time(s) 0.0881 | RobustPrompt-I Loss 1.1430  
Epoch 090 |  Time(s) 0.0849 | RobustPrompt-I Loss 1.1316  
Epoch 091 |  Time(s) 0.0853 | RobustPrompt-I Loss 1.0932  
Epoch 092 |  Time(s) 0.0854 | RobustPrompt-I Loss 1.0844  
Epoch 093 |  Time(s) 0.0850 | RobustPrompt-I Loss 1.1190  
Epoch 094 |  Time(s) 0.0847 | RobustPrompt-I Loss 1.1048  
Epoch 095 |  Time(s) 0.0843 | RobustPrompt-I Loss 1.0781  
Epoch 096 |  Time(s) 0.0850 | RobustPrompt-I Loss 1.0701  
Epoch 097 |  Time(s) 0.0845 | RobustPrompt-I Loss 1.0911  
Epoch 098 |  Time(s) 0.0847 | RobustPrompt-I Loss 1.0770  
Epoch 099 |  Time(s) 0.0850 | RobustPrompt-I Loss 1.0706  
Epoch 100 |  Time(s) 0.0848 | RobustPrompt-I Loss 1.0620  
Epoch 101 |  Time(s) 0.0857 | RobustPrompt-I Loss 1.0640  
Epoch 102 |  Time(s) 0.0848 | RobustPrompt-I Loss 1.0539  
Epoch 103 |  Time(s) 0.0844 | RobustPrompt-I Loss 1.0588  
Epoch 104 |  Time(s) 0.0868 | RobustPrompt-I Loss 1.0485  
Epoch 105 |  Time(s) 0.0850 | RobustPrompt-I Loss 1.0456  
Epoch 106 |  Time(s) 0.0847 | RobustPrompt-I Loss 1.0361  
Epoch 107 |  Time(s) 0.0848 | RobustPrompt-I Loss 1.0440  
Epoch 108 |  Time(s) 0.0841 | RobustPrompt-I Loss 1.0317  
Epoch 109 |  Time(s) 0.0853 | RobustPrompt-I Loss 1.0345  
Epoch 110 |  Time(s) 0.0840 | RobustPrompt-I Loss 1.0233  
Epoch 111 |  Time(s) 0.1253 | RobustPrompt-I Loss 1.0301  
Epoch 112 |  Time(s) 0.0926 | RobustPrompt-I Loss 1.0183  
Epoch 113 |  Time(s) 0.0849 | RobustPrompt-I Loss 1.0208  
Epoch 114 |  Time(s) 0.0844 | RobustPrompt-I Loss 1.0099  
Epoch 115 |  Time(s) 0.0853 | RobustPrompt-I Loss 1.0169  
Epoch 116 |  Time(s) 0.0863 | RobustPrompt-I Loss 1.0063  
Epoch 117 |  Time(s) 0.0853 | RobustPrompt-I Loss 1.0055  
Epoch 118 |  Time(s) 0.0853 | RobustPrompt-I Loss 0.9950  
Epoch 119 |  Time(s) 0.0849 | RobustPrompt-I Loss 1.0051  
Epoch 120 |  Time(s) 0.0852 | RobustPrompt-I Loss 0.9938  
Epoch 121 |  Time(s) 0.0851 | RobustPrompt-I Loss 0.9929  
Epoch 122 |  Time(s) 0.0849 | RobustPrompt-I Loss 0.9825  
Epoch 123 |  Time(s) 0.0864 | RobustPrompt-I Loss 0.9925  
Epoch 124 |  Time(s) 0.1344 | RobustPrompt-I Loss 0.9815  
Epoch 125 |  Time(s) 0.0836 | RobustPrompt-I Loss 0.9815  
Epoch 126 |  Time(s) 0.0843 | RobustPrompt-I Loss 0.9732  
Epoch 127 |  Time(s) 0.0836 | RobustPrompt-I Loss 0.9777  
Epoch 128 |  Time(s) 0.0840 | RobustPrompt-I Loss 0.9682  
Epoch 129 |  Time(s) 0.0845 | RobustPrompt-I Loss 0.9717  
Epoch 130 |  Time(s) 0.0836 | RobustPrompt-I Loss 0.9642  
Epoch 131 |  Time(s) 0.0860 | RobustPrompt-I Loss 0.9647  
Epoch 132 |  Time(s) 0.0848 | RobustPrompt-I Loss 0.9559  
Epoch 133 |  Time(s) 0.0838 | RobustPrompt-I Loss 0.9633  
Epoch 134 |  Time(s) 0.0845 | RobustPrompt-I Loss 0.9554  
Epoch 135 |  Time(s) 0.0849 | RobustPrompt-I Loss 0.9534  
Epoch 136 |  Time(s) 0.2402 | RobustPrompt-I Loss 0.9446  
Epoch 137 |  Time(s) 0.2337 | RobustPrompt-I Loss 0.9549  
Epoch 138 |  Time(s) 0.1378 | RobustPrompt-I Loss 0.9466  
Epoch 139 |  Time(s) 0.1631 | RobustPrompt-I Loss 0.9429  
Epoch 140 |  Time(s) 0.1793 | RobustPrompt-I Loss 0.9336  
Epoch 141 |  Time(s) 0.1515 | RobustPrompt-I Loss 0.9463  
Epoch 142 |  Time(s) 0.0949 | RobustPrompt-I Loss 0.9378  
Epoch 143 |  Time(s) 0.0877 | RobustPrompt-I Loss 0.9329  
Epoch 144 |  Time(s) 0.0862 | RobustPrompt-I Loss 0.9235  
Epoch 145 |  Time(s) 0.0859 | RobustPrompt-I Loss 0.9375  
Epoch 146 |  Time(s) 0.0859 | RobustPrompt-I Loss 0.9283  
Epoch 147 |  Time(s) 0.0857 | RobustPrompt-I Loss 0.9241  
Epoch 148 |  Time(s) 0.0853 | RobustPrompt-I Loss 0.9147  
Epoch 149 |  Time(s) 0.0857 | RobustPrompt-I Loss 0.9279  
Epoch 150 |  Time(s) 0.0844 | RobustPrompt-I Loss 0.9195  
Epoch 151 |  Time(s) 0.0858 | RobustPrompt-I Loss 0.9152  
Epoch 152 |  Time(s) 0.0889 | RobustPrompt-I Loss 0.9066  
Epoch 153 |  Time(s) 0.0845 | RobustPrompt-I Loss 0.9190  
Epoch 154 |  Time(s) 0.0856 | RobustPrompt-I Loss 0.9124  
Epoch 155 |  Time(s) 0.0853 | RobustPrompt-I Loss 0.9061  
Epoch 156 |  Time(s) 0.0845 | RobustPrompt-I Loss 0.8976  
Epoch 157 |  Time(s) 0.0843 | RobustPrompt-I Loss 0.9128  
Epoch 158 |  Time(s) 0.0870 | RobustPrompt-I Loss 0.9071  
Epoch 159 |  Time(s) 0.0854 | RobustPrompt-I Loss 0.8958  
Epoch 160 |  Time(s) 0.0852 | RobustPrompt-I Loss 0.8871  
Epoch 161 |  Time(s) 0.0853 | RobustPrompt-I Loss 0.9090  
Epoch 162 |  Time(s) 0.0855 | RobustPrompt-I Loss 0.9021  
Epoch 163 |  Time(s) 0.0860 | RobustPrompt-I Loss 0.8846  
Epoch 164 |  Time(s) 0.0865 | RobustPrompt-I Loss 0.8758  
Epoch 165 |  Time(s) 0.0866 | RobustPrompt-I Loss 0.9030  
Epoch 166 |  Time(s) 0.0861 | RobustPrompt-I Loss 0.8935  
Epoch 167 |  Time(s) 0.0845 | RobustPrompt-I Loss 0.8742  
Epoch 168 |  Time(s) 0.0859 | RobustPrompt-I Loss 0.8667  
Epoch 169 |  Time(s) 0.0851 | RobustPrompt-I Loss 0.8906  
Epoch 170 |  Time(s) 0.0865 | RobustPrompt-I Loss 0.8799  
Epoch 171 |  Time(s) 0.0858 | RobustPrompt-I Loss 0.8669  
Epoch 172 |  Time(s) 0.0854 | RobustPrompt-I Loss 0.8600  
Epoch 173 |  Time(s) 0.0854 | RobustPrompt-I Loss 0.8736  
Epoch 174 |  Time(s) 0.0853 | RobustPrompt-I Loss 0.8600  
Epoch 175 |  Time(s) 0.0862 | RobustPrompt-I Loss 0.8612  
Epoch 176 |  Time(s) 0.0852 | RobustPrompt-I Loss 0.8543  
Epoch 177 |  Time(s) 0.0851 | RobustPrompt-I Loss 0.8508  
Epoch 178 |  Time(s) 0.0854 | RobustPrompt-I Loss 0.8383  
Epoch 179 |  Time(s) 0.0856 | RobustPrompt-I Loss 0.8564  
Epoch 180 |  Time(s) 0.0838 | RobustPrompt-I Loss 0.8437  
Epoch 181 |  Time(s) 0.0857 | RobustPrompt-I Loss 0.8307  
Epoch 182 |  Time(s) 0.0862 | RobustPrompt-I Loss 0.8186  
Epoch 183 |  Time(s) 0.0862 | RobustPrompt-I Loss 0.8364  
Epoch 184 |  Time(s) 0.0852 | RobustPrompt-I Loss 0.8298  
Epoch 185 |  Time(s) 0.0853 | RobustPrompt-I Loss 0.8121  
Epoch 186 |  Time(s) 0.0855 | RobustPrompt-I Loss 0.8022  
Epoch 187 |  Time(s) 0.0861 | RobustPrompt-I Loss 0.7981  
Epoch 188 |  Time(s) 0.1218 | RobustPrompt-I Loss 0.8077  
Epoch 189 |  Time(s) 0.1116 | RobustPrompt-I Loss 0.7734  
Epoch 190 |  Time(s) 0.0843 | RobustPrompt-I Loss 0.8116  
Epoch 191 |  Time(s) 0.0874 | RobustPrompt-I Loss 0.7625  
Epoch 192 |  Time(s) 0.0869 | RobustPrompt-I Loss 0.8592  
Epoch 193 |  Time(s) 0.0853 | RobustPrompt-I Loss 0.8501  
Epoch 194 |  Time(s) 0.0853 | RobustPrompt-I Loss 0.8564  
Epoch 195 |  Time(s) 0.0858 | RobustPrompt-I Loss 0.7765  
Epoch 196 |  Time(s) 0.0858 | RobustPrompt-I Loss 0.9322  
Epoch 197 |  Time(s) 0.0842 | RobustPrompt-I Loss 0.9336  
Epoch 198 |  Time(s) 0.0856 | RobustPrompt-I Loss 0.7629  
Epoch 199 |  Time(s) 0.0854 | RobustPrompt-I Loss 0.7781  
Epoch 200 |  Time(s) 0.0855 | RobustPrompt-I Loss 0.8526  
Batch 0 Acc: 0.1600 | Macro-F1: 0.1188
Batch 1 Acc: 0.1400 | Macro-F1: 0.1096
Batch 2 Acc: 0.1700 | Macro-F1: 0.1470
Batch 3 Acc: 0.1200 | Macro-F1: 0.0955
Batch 4 Acc: 0.0900 | Macro-F1: 0.0726
Batch 5 Acc: 0.1500 | Macro-F1: 0.1190
Batch 6 Acc: 0.0900 | Macro-F1: 0.0718
Batch 7 Acc: 0.1100 | Macro-F1: 0.0524
Batch 8 Acc: 0.1600 | Macro-F1: 0.0993
Batch 9 Acc: 0.0900 | Macro-F1: 0.0882
Final True Accuracy: 0.1280 | Macro F1 Score: 0.0979
best_loss [0.8526114821434021]
load LLC or attacked data with specified split
Successfully loaded the attack of dataname with few shot 5, split 1
Attack method : Meta_Self | Attack ptb : 0.1 | Dataset: Cora
======================
Number of graphs: 1
Number of features: 1433
Number of classes: 7

Data(x=[2708, 1433], edge_index=[2, 14274], y=[2708], train_mask=[2708], val_mask=[2708], test_mask=[2708])
===========================================================================================================
Number of nodes: 2708
Number of edges: 14274
Average node degree: 5.27
Has isolated nodes: False
Has self-loops: True
Is undirected: True
GCN(
  (conv_layers): ModuleList(
    (0): GCNConv(1433, 256)
    (1): GCNConv(256, 256)
  )
)
Successfully loaded pre-trained weights!
use RobustPrompt Inductive
defense pt dict :  {'sim_pt': 0.3, 'degree_pt': -1, 'out_detect_pt': -1.0, 'other_pt': 'all'}
use_attention :  False
kl_global :  False
cosine_constraint :  True
pt_threshold :  0.25
filter_module :  OriginalFilter
temperature :  1.0
weight_mse 0.1
weight_kl :  0.1
weight_constraint :  0.0
prepare induce graph data is finished!
run RobustPrompt-I
Epoch 001 |  Time(s) 0.2400 | RobustPrompt-I Loss 1.9452  
Epoch 002 |  Time(s) 0.1990 | RobustPrompt-I Loss 1.9419  
Epoch 003 |  Time(s) 0.0907 | RobustPrompt-I Loss 1.9311  
Epoch 004 |  Time(s) 0.0925 | RobustPrompt-I Loss 1.9153  
Epoch 005 |  Time(s) 0.0883 | RobustPrompt-I Loss 1.8968  
Epoch 006 |  Time(s) 0.0887 | RobustPrompt-I Loss 1.8726  
Epoch 007 |  Time(s) 0.0870 | RobustPrompt-I Loss 1.8537  
Epoch 008 |  Time(s) 0.0895 | RobustPrompt-I Loss 1.8304  
Epoch 009 |  Time(s) 0.0884 | RobustPrompt-I Loss 1.8107  
Epoch 010 |  Time(s) 0.0885 | RobustPrompt-I Loss 1.7829  
Epoch 011 |  Time(s) 0.0892 | RobustPrompt-I Loss 1.7697  
Epoch 012 |  Time(s) 0.0889 | RobustPrompt-I Loss 1.7566  
Epoch 013 |  Time(s) 0.0878 | RobustPrompt-I Loss 1.7458  
Epoch 014 |  Time(s) 0.2520 | RobustPrompt-I Loss 1.7411  
Epoch 015 |  Time(s) 0.0887 | RobustPrompt-I Loss 1.7304  
Epoch 016 |  Time(s) 0.0888 | RobustPrompt-I Loss 1.7253  
Epoch 017 |  Time(s) 0.0892 | RobustPrompt-I Loss 1.7211  
Epoch 018 |  Time(s) 0.0891 | RobustPrompt-I Loss 1.7107  
Epoch 019 |  Time(s) 0.0875 | RobustPrompt-I Loss 1.7061  
Epoch 020 |  Time(s) 0.0949 | RobustPrompt-I Loss 1.7047  
Epoch 021 |  Time(s) 0.0913 | RobustPrompt-I Loss 1.6845  
Epoch 022 |  Time(s) 0.1087 | RobustPrompt-I Loss 1.6716  
Epoch 023 |  Time(s) 0.0910 | RobustPrompt-I Loss 1.6829  
Epoch 024 |  Time(s) 0.0918 | RobustPrompt-I Loss 1.6692  
Epoch 025 |  Time(s) 0.0973 | RobustPrompt-I Loss 1.6574  
Epoch 026 |  Time(s) 0.0972 | RobustPrompt-I Loss 1.6323  
Epoch 027 |  Time(s) 0.0929 | RobustPrompt-I Loss 1.6200  
Epoch 028 |  Time(s) 0.0882 | RobustPrompt-I Loss 1.6340  
Epoch 029 |  Time(s) 0.0896 | RobustPrompt-I Loss 1.6255  
Epoch 030 |  Time(s) 0.0962 | RobustPrompt-I Loss 1.6004  
Epoch 031 |  Time(s) 0.0891 | RobustPrompt-I Loss 1.5892  
Epoch 032 |  Time(s) 0.0896 | RobustPrompt-I Loss 1.6110  
Epoch 033 |  Time(s) 0.0895 | RobustPrompt-I Loss 1.5601  
Epoch 034 |  Time(s) 0.0896 | RobustPrompt-I Loss 1.5752  
Epoch 035 |  Time(s) 0.0912 | RobustPrompt-I Loss 1.5663  
Epoch 036 |  Time(s) 0.0906 | RobustPrompt-I Loss 1.5234  
Epoch 037 |  Time(s) 0.0890 | RobustPrompt-I Loss 1.5883  
Epoch 038 |  Time(s) 0.0904 | RobustPrompt-I Loss 1.5098  
Epoch 039 |  Time(s) 0.0905 | RobustPrompt-I Loss 1.6049  
Epoch 040 |  Time(s) 0.0909 | RobustPrompt-I Loss 1.5758  
Epoch 041 |  Time(s) 0.0929 | RobustPrompt-I Loss 1.4817  
Epoch 042 |  Time(s) 0.1258 | RobustPrompt-I Loss 1.4823  
Epoch 043 |  Time(s) 0.1473 | RobustPrompt-I Loss 1.4852  
Epoch 044 |  Time(s) 0.1024 | RobustPrompt-I Loss 1.4522  
Epoch 045 |  Time(s) 0.0969 | RobustPrompt-I Loss 1.5092  
Epoch 046 |  Time(s) 0.0991 | RobustPrompt-I Loss 1.5043  
Epoch 047 |  Time(s) 0.0942 | RobustPrompt-I Loss 1.4093  
Epoch 048 |  Time(s) 0.0922 | RobustPrompt-I Loss 1.4312  
Epoch 049 |  Time(s) 0.0919 | RobustPrompt-I Loss 1.3857  
Epoch 050 |  Time(s) 0.0952 | RobustPrompt-I Loss 1.3955  
Epoch 051 |  Time(s) 0.0933 | RobustPrompt-I Loss 1.3771  
Epoch 052 |  Time(s) 0.0989 | RobustPrompt-I Loss 1.3505  
Epoch 053 |  Time(s) 0.0964 | RobustPrompt-I Loss 1.3600  
Epoch 054 |  Time(s) 0.0924 | RobustPrompt-I Loss 1.3265  
Epoch 055 |  Time(s) 0.0921 | RobustPrompt-I Loss 1.3177  
Epoch 056 |  Time(s) 0.0933 | RobustPrompt-I Loss 1.3208  
Epoch 057 |  Time(s) 0.0997 | RobustPrompt-I Loss 1.2885  
Epoch 058 |  Time(s) 0.2105 | RobustPrompt-I Loss 1.2893  
Epoch 059 |  Time(s) 0.0965 | RobustPrompt-I Loss 1.2779  
Epoch 060 |  Time(s) 0.0941 | RobustPrompt-I Loss 1.2580  
Epoch 061 |  Time(s) 0.0924 | RobustPrompt-I Loss 1.2451  
Epoch 062 |  Time(s) 0.0883 | RobustPrompt-I Loss 1.2458  
Epoch 063 |  Time(s) 0.3415 | RobustPrompt-I Loss 1.2274  
Epoch 064 |  Time(s) 0.4636 | RobustPrompt-I Loss 1.2172  
Epoch 065 |  Time(s) 0.3046 | RobustPrompt-I Loss 1.2067  
Epoch 066 |  Time(s) 0.1706 | RobustPrompt-I Loss 1.2029  
Epoch 067 |  Time(s) 0.1142 | RobustPrompt-I Loss 1.1915  
Epoch 068 |  Time(s) 0.2193 | RobustPrompt-I Loss 1.1774  
Epoch 069 |  Time(s) 0.1688 | RobustPrompt-I Loss 1.1692  
Epoch 070 |  Time(s) 0.0999 | RobustPrompt-I Loss 1.1573  
Epoch 071 |  Time(s) 0.0967 | RobustPrompt-I Loss 1.1521  
Epoch 072 |  Time(s) 0.0967 | RobustPrompt-I Loss 1.1463  
Epoch 073 |  Time(s) 0.0897 | RobustPrompt-I Loss 1.1453  
Epoch 074 |  Time(s) 0.0904 | RobustPrompt-I Loss 1.1286  
Epoch 075 |  Time(s) 0.0910 | RobustPrompt-I Loss 1.1161  
Epoch 076 |  Time(s) 0.0902 | RobustPrompt-I Loss 1.1078  
Epoch 077 |  Time(s) 0.0904 | RobustPrompt-I Loss 1.0967  
Epoch 078 |  Time(s) 0.0904 | RobustPrompt-I Loss 1.0909  
Epoch 079 |  Time(s) 0.0904 | RobustPrompt-I Loss 1.0937  
Epoch 080 |  Time(s) 0.0904 | RobustPrompt-I Loss 1.0743  
Epoch 081 |  Time(s) 0.0901 | RobustPrompt-I Loss 1.0657  
Epoch 082 |  Time(s) 0.0905 | RobustPrompt-I Loss 1.0585  
Epoch 083 |  Time(s) 0.0907 | RobustPrompt-I Loss 1.0639  
Epoch 084 |  Time(s) 0.0898 | RobustPrompt-I Loss 1.0337  
Epoch 085 |  Time(s) 0.0905 | RobustPrompt-I Loss 1.0247  
Epoch 086 |  Time(s) 0.0911 | RobustPrompt-I Loss 1.0297  
Epoch 087 |  Time(s) 0.0910 | RobustPrompt-I Loss 1.0350  
Epoch 088 |  Time(s) 0.1726 | RobustPrompt-I Loss 0.9996  
Epoch 089 |  Time(s) 0.3736 | RobustPrompt-I Loss 1.0171  
Epoch 090 |  Time(s) 0.1123 | RobustPrompt-I Loss 0.9985  
Epoch 091 |  Time(s) 0.1028 | RobustPrompt-I Loss 0.9809  
Epoch 092 |  Time(s) 0.0899 | RobustPrompt-I Loss 0.9719  
Epoch 093 |  Time(s) 0.0892 | RobustPrompt-I Loss 0.9665  
Epoch 094 |  Time(s) 0.0902 | RobustPrompt-I Loss 0.9883  
Epoch 095 |  Time(s) 0.0897 | RobustPrompt-I Loss 0.9473  
Epoch 096 |  Time(s) 0.0903 | RobustPrompt-I Loss 0.9456  
Epoch 097 |  Time(s) 0.0896 | RobustPrompt-I Loss 1.0177  
Epoch 098 |  Time(s) 0.0900 | RobustPrompt-I Loss 0.9585  
Epoch 099 |  Time(s) 0.0894 | RobustPrompt-I Loss 1.0298  
Epoch 100 |  Time(s) 0.0894 | RobustPrompt-I Loss 1.0458  
Epoch 101 |  Time(s) 0.0886 | RobustPrompt-I Loss 0.9248  
Epoch 102 |  Time(s) 0.0898 | RobustPrompt-I Loss 1.0478  
Epoch 103 |  Time(s) 0.0901 | RobustPrompt-I Loss 1.0135  
Epoch 104 |  Time(s) 0.0886 | RobustPrompt-I Loss 0.9652  
Epoch 105 |  Time(s) 0.0888 | RobustPrompt-I Loss 1.0469  
Epoch 106 |  Time(s) 0.0893 | RobustPrompt-I Loss 0.9456  
Epoch 107 |  Time(s) 0.0897 | RobustPrompt-I Loss 0.9749  
Epoch 108 |  Time(s) 0.0903 | RobustPrompt-I Loss 0.9964  
Epoch 109 |  Time(s) 0.0897 | RobustPrompt-I Loss 0.8898  
Epoch 110 |  Time(s) 0.0895 | RobustPrompt-I Loss 0.9750  
Epoch 111 |  Time(s) 0.0886 | RobustPrompt-I Loss 0.9212  
Epoch 112 |  Time(s) 0.0884 | RobustPrompt-I Loss 0.9656  
Epoch 113 |  Time(s) 0.0888 | RobustPrompt-I Loss 1.0234  
Epoch 114 |  Time(s) 0.0891 | RobustPrompt-I Loss 0.9125  
Epoch 115 |  Time(s) 0.0895 | RobustPrompt-I Loss 0.9445  
Epoch 116 |  Time(s) 0.0887 | RobustPrompt-I Loss 0.9776  
Epoch 117 |  Time(s) 0.0893 | RobustPrompt-I Loss 0.8978  
Epoch 118 |  Time(s) 0.0899 | RobustPrompt-I Loss 0.9097  
Epoch 119 |  Time(s) 0.0903 | RobustPrompt-I Loss 0.8864  
Epoch 120 |  Time(s) 0.0899 | RobustPrompt-I Loss 0.9125  
Epoch 121 |  Time(s) 0.0902 | RobustPrompt-I Loss 0.9565  
Epoch 122 |  Time(s) 0.0898 | RobustPrompt-I Loss 0.8701  
Epoch 123 |  Time(s) 0.0902 | RobustPrompt-I Loss 0.9467  
Epoch 124 |  Time(s) 0.0896 | RobustPrompt-I Loss 1.0129  
Epoch 125 |  Time(s) 0.0907 | RobustPrompt-I Loss 0.9374  
Epoch 126 |  Time(s) 0.0906 | RobustPrompt-I Loss 0.8456  
Epoch 127 |  Time(s) 0.2471 | RobustPrompt-I Loss 0.9860  
Epoch 128 |  Time(s) 0.1659 | RobustPrompt-I Loss 0.9582  
Epoch 129 |  Time(s) 0.2491 | RobustPrompt-I Loss 0.8963  
Epoch 130 |  Time(s) 0.2335 | RobustPrompt-I Loss 0.8731  
Epoch 131 |  Time(s) 0.2058 | RobustPrompt-I Loss 0.9169  
Epoch 132 |  Time(s) 0.0995 | RobustPrompt-I Loss 0.9154  
Epoch 133 |  Time(s) 0.0914 | RobustPrompt-I Loss 0.8855  
Epoch 134 |  Time(s) 0.0888 | RobustPrompt-I Loss 0.8619  
Epoch 135 |  Time(s) 0.0907 | RobustPrompt-I Loss 0.9016  
Epoch 136 |  Time(s) 0.0889 | RobustPrompt-I Loss 0.8922  
Epoch 137 |  Time(s) 0.0890 | RobustPrompt-I Loss 0.8791  
Epoch 138 |  Time(s) 0.0898 | RobustPrompt-I Loss 0.8532  
Epoch 139 |  Time(s) 0.0896 | RobustPrompt-I Loss 0.9281  
Epoch 140 |  Time(s) 0.0902 | RobustPrompt-I Loss 0.9333  
Epoch 141 |  Time(s) 0.0900 | RobustPrompt-I Loss 0.8430  
Epoch 142 |  Time(s) 0.0889 | RobustPrompt-I Loss 0.8330  
Epoch 143 |  Time(s) 0.0889 | RobustPrompt-I Loss 0.8949  
Epoch 144 |  Time(s) 0.0906 | RobustPrompt-I Loss 0.8789  
Epoch 145 |  Time(s) 0.1189 | RobustPrompt-I Loss 0.8793  
Epoch 146 |  Time(s) 0.1146 | RobustPrompt-I Loss 0.8512  
Epoch 147 |  Time(s) 0.1127 | RobustPrompt-I Loss 0.8844  
Epoch 148 |  Time(s) 0.0980 | RobustPrompt-I Loss 0.8855  
Epoch 149 |  Time(s) 0.0999 | RobustPrompt-I Loss 0.8588  
Epoch 150 |  Time(s) 0.0962 | RobustPrompt-I Loss 0.8470  
Epoch 151 |  Time(s) 0.0905 | RobustPrompt-I Loss 0.8541  
Epoch 152 |  Time(s) 0.0905 | RobustPrompt-I Loss 0.8457  
Epoch 153 |  Time(s) 0.0891 | RobustPrompt-I Loss 0.8765  
Epoch 154 |  Time(s) 0.0896 | RobustPrompt-I Loss 0.8491  
Epoch 155 |  Time(s) 0.0899 | RobustPrompt-I Loss 0.8621  
Epoch 156 |  Time(s) 0.0893 | RobustPrompt-I Loss 0.8610  
Epoch 157 |  Time(s) 0.0893 | RobustPrompt-I Loss 0.8435  
Epoch 158 |  Time(s) 0.0892 | RobustPrompt-I Loss 0.8313  
Epoch 159 |  Time(s) 0.0894 | RobustPrompt-I Loss nan  
Epoch 160 |  Time(s) 0.0891 | RobustPrompt-I Loss nan  
Epoch 161 |  Time(s) 0.0895 | RobustPrompt-I Loss nan  
Epoch 162 |  Time(s) 0.0895 | RobustPrompt-I Loss nan  
Epoch 163 |  Time(s) 0.0904 | RobustPrompt-I Loss nan  
Epoch 164 |  Time(s) 0.0891 | RobustPrompt-I Loss nan  
Epoch 165 |  Time(s) 0.0896 | RobustPrompt-I Loss nan  
Epoch 166 |  Time(s) 0.0897 | RobustPrompt-I Loss nan  
Epoch 167 |  Time(s) 0.0897 | RobustPrompt-I Loss nan  
Epoch 168 |  Time(s) 0.0902 | RobustPrompt-I Loss nan  
Epoch 169 |  Time(s) 0.0894 | RobustPrompt-I Loss nan  
Epoch 170 |  Time(s) 0.0898 | RobustPrompt-I Loss nan  
Epoch 171 |  Time(s) 0.0910 | RobustPrompt-I Loss nan  
Epoch 172 |  Time(s) 0.0890 | RobustPrompt-I Loss nan  
Epoch 173 |  Time(s) 0.0894 | RobustPrompt-I Loss nan  
Epoch 174 |  Time(s) 0.0908 | RobustPrompt-I Loss nan  
Epoch 175 |  Time(s) 0.0895 | RobustPrompt-I Loss nan  
Epoch 176 |  Time(s) 0.0900 | RobustPrompt-I Loss nan  
Epoch 177 |  Time(s) 0.0910 | RobustPrompt-I Loss nan  
----------------------------------------------------------------------------------------------------
Early stopping at 178 eopch!
load LLC or attacked data with specified split
Successfully loaded the attack of dataname with few shot 5, split 1
Attack method : Meta_Self | Attack ptb : 0.1 | Dataset: Cora
======================
Number of graphs: 1
Number of features: 1433
Number of classes: 7

Data(x=[2708, 1433], edge_index=[2, 14274], y=[2708], train_mask=[2708], val_mask=[2708], test_mask=[2708])
===========================================================================================================
Number of nodes: 2708
Number of edges: 14274
Average node degree: 5.27
Has isolated nodes: False
Has self-loops: True
Is undirected: True
GCN(
  (conv_layers): ModuleList(
    (0): GCNConv(1433, 256)
    (1): GCNConv(256, 256)
  )
)
Successfully loaded pre-trained weights!
use RobustPrompt Inductive
defense pt dict :  {'sim_pt': 0.3, 'degree_pt': -1, 'out_detect_pt': -1.0, 'other_pt': 'all'}
use_attention :  False
kl_global :  False
cosine_constraint :  True
pt_threshold :  0.25
filter_module :  OriginalFilter
temperature :  1.0
weight_mse 0.1
weight_kl :  0.1
weight_constraint :  0.0
prepare induce graph data is finished!
run RobustPrompt-I
Epoch 001 |  Time(s) 0.0979 | RobustPrompt-I Loss 1.9473  
Epoch 002 |  Time(s) 0.0895 | RobustPrompt-I Loss 1.9422  
Epoch 003 |  Time(s) 0.0894 | RobustPrompt-I Loss 1.9288  
Epoch 004 |  Time(s) 0.0921 | RobustPrompt-I Loss 1.9142  
Epoch 005 |  Time(s) 0.0925 | RobustPrompt-I Loss 1.8914  
Epoch 006 |  Time(s) 0.0905 | RobustPrompt-I Loss 1.8631  
Epoch 007 |  Time(s) 0.0915 | RobustPrompt-I Loss 1.8414  
Epoch 008 |  Time(s) 0.0910 | RobustPrompt-I Loss 1.8111  
Epoch 009 |  Time(s) 0.0900 | RobustPrompt-I Loss 1.7885  
Epoch 010 |  Time(s) 0.0906 | RobustPrompt-I Loss 1.7745  
Epoch 011 |  Time(s) 0.0902 | RobustPrompt-I Loss 1.7606  
Epoch 012 |  Time(s) 0.0925 | RobustPrompt-I Loss 1.7453  
Epoch 013 |  Time(s) 0.0906 | RobustPrompt-I Loss 1.7473  
Epoch 014 |  Time(s) 0.0902 | RobustPrompt-I Loss 1.7321  
Epoch 015 |  Time(s) 0.0905 | RobustPrompt-I Loss 1.7321  
Epoch 016 |  Time(s) 0.0900 | RobustPrompt-I Loss 1.7172  
Epoch 017 |  Time(s) 0.0894 | RobustPrompt-I Loss 1.7013  
Epoch 018 |  Time(s) 0.0906 | RobustPrompt-I Loss 1.6995  
Epoch 019 |  Time(s) 0.0913 | RobustPrompt-I Loss 1.6900  
Epoch 020 |  Time(s) 0.0921 | RobustPrompt-I Loss 1.6824  
Epoch 021 |  Time(s) 0.0916 | RobustPrompt-I Loss 1.6873  
Epoch 022 |  Time(s) 0.0905 | RobustPrompt-I Loss 1.6621  
Epoch 023 |  Time(s) 0.0913 | RobustPrompt-I Loss 1.6569  
Epoch 024 |  Time(s) 0.0900 | RobustPrompt-I Loss 1.6653  
Epoch 025 |  Time(s) 0.0908 | RobustPrompt-I Loss 1.6625  
Epoch 026 |  Time(s) 0.0941 | RobustPrompt-I Loss 1.6417  
Epoch 027 |  Time(s) 0.0891 | RobustPrompt-I Loss 1.6064  
Epoch 028 |  Time(s) 0.0909 | RobustPrompt-I Loss 1.6543  
Epoch 029 |  Time(s) 0.0914 | RobustPrompt-I Loss 1.6031  
Epoch 030 |  Time(s) 0.0918 | RobustPrompt-I Loss 1.5895  
Epoch 031 |  Time(s) 0.0914 | RobustPrompt-I Loss 1.5981  
Epoch 032 |  Time(s) 0.0908 | RobustPrompt-I Loss 1.5695  
Epoch 033 |  Time(s) 0.0902 | RobustPrompt-I Loss 1.5958  
Epoch 034 |  Time(s) 0.0930 | RobustPrompt-I Loss 1.5755  
Epoch 035 |  Time(s) 0.0912 | RobustPrompt-I Loss 1.5404  
Epoch 036 |  Time(s) 0.0929 | RobustPrompt-I Loss 1.5422  
Epoch 037 |  Time(s) 0.0934 | RobustPrompt-I Loss 1.5221  
Epoch 038 |  Time(s) 0.0908 | RobustPrompt-I Loss 1.5175  
Epoch 039 |  Time(s) 0.0908 | RobustPrompt-I Loss 1.5044  
Epoch 040 |  Time(s) 0.0940 | RobustPrompt-I Loss 1.4861  
Epoch 041 |  Time(s) 0.1272 | RobustPrompt-I Loss 1.4759  
Epoch 042 |  Time(s) 0.0958 | RobustPrompt-I Loss 1.4740  
Epoch 043 |  Time(s) 0.1041 | RobustPrompt-I Loss 1.4485  
Epoch 044 |  Time(s) 0.0961 | RobustPrompt-I Loss 1.4378  
Epoch 045 |  Time(s) 0.0950 | RobustPrompt-I Loss 1.4354  
Epoch 046 |  Time(s) 0.0893 | RobustPrompt-I Loss 1.4015  
Epoch 047 |  Time(s) 0.0893 | RobustPrompt-I Loss 1.4150  
Epoch 048 |  Time(s) 0.0898 | RobustPrompt-I Loss 1.4019  
Epoch 049 |  Time(s) 0.0907 | RobustPrompt-I Loss 1.3636  
Epoch 050 |  Time(s) 0.0894 | RobustPrompt-I Loss 1.3994  
Epoch 051 |  Time(s) 0.0905 | RobustPrompt-I Loss 1.3468  
Epoch 052 |  Time(s) 0.0897 | RobustPrompt-I Loss 1.3548  
Epoch 053 |  Time(s) 0.1733 | RobustPrompt-I Loss 1.3338  
Epoch 054 |  Time(s) 0.1163 | RobustPrompt-I Loss 1.3110  
Epoch 055 |  Time(s) 0.0922 | RobustPrompt-I Loss 1.3127  
Epoch 056 |  Time(s) 0.0941 | RobustPrompt-I Loss 1.3080  
Epoch 057 |  Time(s) 0.0885 | RobustPrompt-I Loss 1.2777  
Epoch 058 |  Time(s) 0.0910 | RobustPrompt-I Loss 1.2672  
Epoch 059 |  Time(s) 0.0889 | RobustPrompt-I Loss 1.2696  
Epoch 060 |  Time(s) 0.0891 | RobustPrompt-I Loss 1.2635  
Epoch 061 |  Time(s) 0.0904 | RobustPrompt-I Loss 1.2378  
Epoch 062 |  Time(s) 0.0899 | RobustPrompt-I Loss 1.2376  
Epoch 063 |  Time(s) 0.0902 | RobustPrompt-I Loss 1.2526  
Epoch 064 |  Time(s) 0.0907 | RobustPrompt-I Loss 1.2145  
Epoch 065 |  Time(s) 0.1961 | RobustPrompt-I Loss 1.3181  
Epoch 066 |  Time(s) 0.0948 | RobustPrompt-I Loss 1.2982  
Epoch 067 |  Time(s) 0.1626 | RobustPrompt-I Loss 1.2010  
Epoch 068 |  Time(s) 0.0975 | RobustPrompt-I Loss 1.1903  
Epoch 069 |  Time(s) 0.0941 | RobustPrompt-I Loss 1.2526  
Epoch 070 |  Time(s) 0.0900 | RobustPrompt-I Loss 1.2215  
Epoch 071 |  Time(s) 0.0888 | RobustPrompt-I Loss 1.2016  
Epoch 072 |  Time(s) 0.0907 | RobustPrompt-I Loss 1.2018  
Epoch 073 |  Time(s) 0.0896 | RobustPrompt-I Loss 1.1831  
Epoch 074 |  Time(s) 0.0895 | RobustPrompt-I Loss 1.1670  
Epoch 075 |  Time(s) 0.0896 | RobustPrompt-I Loss 1.2027  
Epoch 076 |  Time(s) 0.0893 | RobustPrompt-I Loss 1.1945  
Epoch 077 |  Time(s) 0.0895 | RobustPrompt-I Loss 1.1543  
Epoch 078 |  Time(s) 0.0895 | RobustPrompt-I Loss 1.1418  
Epoch 079 |  Time(s) 0.0896 | RobustPrompt-I Loss 1.1862  
Epoch 080 |  Time(s) 0.0892 | RobustPrompt-I Loss 1.1644  
Epoch 081 |  Time(s) 0.0922 | RobustPrompt-I Loss 1.1445  
Epoch 082 |  Time(s) 0.0895 | RobustPrompt-I Loss 1.1397  
Epoch 083 |  Time(s) 0.0888 | RobustPrompt-I Loss 1.1375  
Epoch 084 |  Time(s) 0.0940 | RobustPrompt-I Loss 1.1242  
Epoch 085 |  Time(s) 0.0890 | RobustPrompt-I Loss 1.1432  
Epoch 086 |  Time(s) 0.0882 | RobustPrompt-I Loss 1.1353  
Epoch 087 |  Time(s) 0.0902 | RobustPrompt-I Loss 1.1139  
Epoch 088 |  Time(s) 0.0879 | RobustPrompt-I Loss 1.0996  
Epoch 089 |  Time(s) 0.0885 | RobustPrompt-I Loss 1.1406  
Epoch 090 |  Time(s) 0.0893 | RobustPrompt-I Loss 1.1287  
Epoch 091 |  Time(s) 0.0885 | RobustPrompt-I Loss 1.0920  
Epoch 092 |  Time(s) 0.0882 | RobustPrompt-I Loss 1.0856  
Epoch 093 |  Time(s) 0.0887 | RobustPrompt-I Loss 1.1202  
Epoch 094 |  Time(s) 0.0898 | RobustPrompt-I Loss 1.1050  
Epoch 095 |  Time(s) 0.0903 | RobustPrompt-I Loss 1.0831  
Epoch 096 |  Time(s) 0.1263 | RobustPrompt-I Loss 1.0731  
Epoch 097 |  Time(s) 0.0888 | RobustPrompt-I Loss 1.1012  
Epoch 098 |  Time(s) 0.0894 | RobustPrompt-I Loss 1.0875  
Epoch 099 |  Time(s) 0.0888 | RobustPrompt-I Loss 1.0718  
Epoch 100 |  Time(s) 0.0876 | RobustPrompt-I Loss 1.0664  
Epoch 101 |  Time(s) 0.0884 | RobustPrompt-I Loss 1.0777  
Epoch 102 |  Time(s) 0.0886 | RobustPrompt-I Loss 1.0655  
Epoch 103 |  Time(s) 0.0891 | RobustPrompt-I Loss 1.0641  
Epoch 104 |  Time(s) 0.0891 | RobustPrompt-I Loss 1.0535  
Epoch 105 |  Time(s) 0.0884 | RobustPrompt-I Loss 1.0628  
Epoch 106 |  Time(s) 0.2418 | RobustPrompt-I Loss 1.0513  
Epoch 107 |  Time(s) 0.1154 | RobustPrompt-I Loss 1.0530  
Epoch 108 |  Time(s) 0.0987 | RobustPrompt-I Loss 1.0435  
Epoch 109 |  Time(s) 0.0893 | RobustPrompt-I Loss 1.0480  
Epoch 110 |  Time(s) 0.0887 | RobustPrompt-I Loss 1.0382  
Epoch 111 |  Time(s) 0.0891 | RobustPrompt-I Loss 1.0392  
Epoch 112 |  Time(s) 0.0889 | RobustPrompt-I Loss 1.0290  
Epoch 113 |  Time(s) 0.0884 | RobustPrompt-I Loss 1.0364  
Epoch 114 |  Time(s) 0.0887 | RobustPrompt-I Loss 1.0254  
Epoch 115 |  Time(s) 0.0889 | RobustPrompt-I Loss 1.0279  
Epoch 116 |  Time(s) 0.0891 | RobustPrompt-I Loss 1.0177  
Epoch 117 |  Time(s) 0.0889 | RobustPrompt-I Loss 1.0242  
Epoch 118 |  Time(s) 0.0895 | RobustPrompt-I Loss 1.0134  
Epoch 119 |  Time(s) 0.0905 | RobustPrompt-I Loss 1.0157  
Epoch 120 |  Time(s) 0.0897 | RobustPrompt-I Loss 1.0060  
Epoch 121 |  Time(s) 0.0900 | RobustPrompt-I Loss 1.0127  
Epoch 122 |  Time(s) 0.0893 | RobustPrompt-I Loss 1.0020  
Epoch 123 |  Time(s) 0.0896 | RobustPrompt-I Loss 1.0041  
Epoch 124 |  Time(s) 0.0904 | RobustPrompt-I Loss 0.9929  
Epoch 125 |  Time(s) 0.0899 | RobustPrompt-I Loss 1.0040  
Epoch 126 |  Time(s) 0.0902 | RobustPrompt-I Loss 0.9928  
Epoch 127 |  Time(s) 0.0891 | RobustPrompt-I Loss 0.9910  
Epoch 128 |  Time(s) 0.0898 | RobustPrompt-I Loss 0.9815  
Epoch 129 |  Time(s) 0.0891 | RobustPrompt-I Loss 0.9945  
Epoch 130 |  Time(s) 0.0893 | RobustPrompt-I Loss 0.9831  
Epoch 131 |  Time(s) 0.0894 | RobustPrompt-I Loss 0.9801  
Epoch 132 |  Time(s) 0.0851 | RobustPrompt-I Loss 0.9698  
Epoch 133 |  Time(s) 0.0939 | RobustPrompt-I Loss 0.9846  
Epoch 134 |  Time(s) 0.0943 | RobustPrompt-I Loss 0.9723  
Epoch 135 |  Time(s) 0.0928 | RobustPrompt-I Loss 0.9713  
Epoch 136 |  Time(s) 0.0929 | RobustPrompt-I Loss 0.9616  
Epoch 137 |  Time(s) 0.0956 | RobustPrompt-I Loss 0.9736  
Epoch 138 |  Time(s) 0.0901 | RobustPrompt-I Loss 0.9620  
Epoch 139 |  Time(s) 0.0903 | RobustPrompt-I Loss 0.9628  
Epoch 140 |  Time(s) 0.0908 | RobustPrompt-I Loss 0.9537  
Epoch 141 |  Time(s) 0.0906 | RobustPrompt-I Loss 0.9631  
Epoch 142 |  Time(s) 0.0906 | RobustPrompt-I Loss 0.9509  
Epoch 143 |  Time(s) 0.0897 | RobustPrompt-I Loss 0.9566  
Epoch 144 |  Time(s) 0.0898 | RobustPrompt-I Loss 0.9464  
Epoch 145 |  Time(s) 0.0901 | RobustPrompt-I Loss 0.9543  
Epoch 146 |  Time(s) 0.0906 | RobustPrompt-I Loss 0.9427  
Epoch 147 |  Time(s) 0.0900 | RobustPrompt-I Loss 0.9486  
Epoch 148 |  Time(s) 0.0909 | RobustPrompt-I Loss 0.9383  
Epoch 149 |  Time(s) 0.0909 | RobustPrompt-I Loss 0.9463  
Epoch 150 |  Time(s) 0.0901 | RobustPrompt-I Loss 0.9346  
Epoch 151 |  Time(s) 0.0898 | RobustPrompt-I Loss 0.9417  
Epoch 152 |  Time(s) 0.0900 | RobustPrompt-I Loss 0.9310  
Epoch 153 |  Time(s) 0.0909 | RobustPrompt-I Loss 0.9389  
Epoch 154 |  Time(s) 0.0900 | RobustPrompt-I Loss 0.9267  
Epoch 155 |  Time(s) 0.0909 | RobustPrompt-I Loss 0.9346  
Epoch 156 |  Time(s) 0.2422 | RobustPrompt-I Loss 0.9245  
Epoch 157 |  Time(s) 0.3471 | RobustPrompt-I Loss 0.9303  
Epoch 158 |  Time(s) 0.1552 | RobustPrompt-I Loss 0.9181  
Epoch 159 |  Time(s) 0.2892 | RobustPrompt-I Loss 0.9294  
Epoch 160 |  Time(s) 0.2128 | RobustPrompt-I Loss 0.9185  
Epoch 161 |  Time(s) 0.1969 | RobustPrompt-I Loss 0.9216  
Epoch 162 |  Time(s) 0.0960 | RobustPrompt-I Loss 0.9101  
Epoch 163 |  Time(s) 0.0880 | RobustPrompt-I Loss 0.9235  
Epoch 164 |  Time(s) 0.0867 | RobustPrompt-I Loss 0.9122  
Epoch 165 |  Time(s) 0.0872 | RobustPrompt-I Loss 0.9153  
Epoch 166 |  Time(s) 0.0881 | RobustPrompt-I Loss 0.9041  
Epoch 167 |  Time(s) 0.0881 | RobustPrompt-I Loss 0.9161  
Epoch 168 |  Time(s) 0.0881 | RobustPrompt-I Loss 0.9056  
Epoch 169 |  Time(s) 0.0882 | RobustPrompt-I Loss 0.9089  
Epoch 170 |  Time(s) 0.0882 | RobustPrompt-I Loss 0.8974  
Epoch 171 |  Time(s) 0.0883 | RobustPrompt-I Loss 0.9110  
Epoch 172 |  Time(s) 0.0884 | RobustPrompt-I Loss 0.8995  
Epoch 173 |  Time(s) 0.0880 | RobustPrompt-I Loss 0.9029  
Epoch 174 |  Time(s) 0.0884 | RobustPrompt-I Loss 0.8911  
Epoch 175 |  Time(s) 0.0886 | RobustPrompt-I Loss 0.9048  
Epoch 176 |  Time(s) 0.0895 | RobustPrompt-I Loss 0.8945  
Epoch 177 |  Time(s) 0.0890 | RobustPrompt-I Loss 0.8970  
Epoch 178 |  Time(s) 0.0880 | RobustPrompt-I Loss 0.8855  
Epoch 179 |  Time(s) 0.0886 | RobustPrompt-I Loss 0.8994  
Epoch 180 |  Time(s) 0.0882 | RobustPrompt-I Loss 0.8880  
Epoch 181 |  Time(s) 0.0883 | RobustPrompt-I Loss 0.8925  
Epoch 182 |  Time(s) 0.0885 | RobustPrompt-I Loss 0.8811  
Epoch 183 |  Time(s) 0.0879 | RobustPrompt-I Loss 0.8937  
Epoch 184 |  Time(s) 0.0885 | RobustPrompt-I Loss 0.8820  
Epoch 185 |  Time(s) 0.0884 | RobustPrompt-I Loss 0.8875  
Epoch 186 |  Time(s) 0.0884 | RobustPrompt-I Loss 0.8758  
Epoch 187 |  Time(s) 0.0883 | RobustPrompt-I Loss 0.8881  
Epoch 188 |  Time(s) 0.0885 | RobustPrompt-I Loss 0.8773  
Epoch 189 |  Time(s) 0.0884 | RobustPrompt-I Loss 0.8821  
Epoch 190 |  Time(s) 0.0882 | RobustPrompt-I Loss 0.8702  
Epoch 191 |  Time(s) 0.1682 | RobustPrompt-I Loss 0.8846  
Epoch 192 |  Time(s) 0.1458 | RobustPrompt-I Loss 0.8735  
Epoch 193 |  Time(s) 0.0919 | RobustPrompt-I Loss 0.8761  
Epoch 194 |  Time(s) 0.1408 | RobustPrompt-I Loss 0.8641  
Epoch 195 |  Time(s) 0.1002 | RobustPrompt-I Loss 0.8815  
Epoch 196 |  Time(s) 0.1003 | RobustPrompt-I Loss 0.8698  
Epoch 197 |  Time(s) 0.0926 | RobustPrompt-I Loss 0.8701  
Epoch 198 |  Time(s) 0.0912 | RobustPrompt-I Loss 0.8581  
Epoch 199 |  Time(s) 0.0923 | RobustPrompt-I Loss 0.8777  
Epoch 200 |  Time(s) 0.0927 | RobustPrompt-I Loss 0.8662  
Batch 0 Acc: 0.1200 | Macro-F1: 0.0847
Batch 1 Acc: 0.0800 | Macro-F1: 0.0614
Batch 2 Acc: 0.1300 | Macro-F1: 0.1098
Batch 3 Acc: 0.1100 | Macro-F1: 0.0817
Batch 4 Acc: 0.0600 | Macro-F1: 0.0395
Batch 5 Acc: 0.1000 | Macro-F1: 0.0801
Batch 6 Acc: 0.0900 | Macro-F1: 0.0800
Batch 7 Acc: 0.0400 | Macro-F1: 0.0294
Batch 8 Acc: 0.1400 | Macro-F1: 0.0712
Batch 9 Acc: 0.0900 | Macro-F1: 0.0853
Final True Accuracy: 0.0960 | Macro F1 Score: 0.0724
best_loss [0.8661718964576721]
load LLC or attacked data with specified split
Successfully loaded the attack of dataname with few shot 5, split 1
Attack method : Meta_Self | Attack ptb : 0.1 | Dataset: Cora
======================
Number of graphs: 1
Number of features: 1433
Number of classes: 7

Data(x=[2708, 1433], edge_index=[2, 14274], y=[2708], train_mask=[2708], val_mask=[2708], test_mask=[2708])
===========================================================================================================
Number of nodes: 2708
Number of edges: 14274
Average node degree: 5.27
Has isolated nodes: False
Has self-loops: True
Is undirected: True
GCN(
  (conv_layers): ModuleList(
    (0): GCNConv(1433, 256)
    (1): GCNConv(256, 256)
  )
)
Successfully loaded pre-trained weights!
use RobustPrompt Inductive
defense pt dict :  {'sim_pt': 0.3, 'degree_pt': -1, 'out_detect_pt': -1.0, 'other_pt': 'all'}
use_attention :  False
kl_global :  False
cosine_constraint :  True
pt_threshold :  0.25
filter_module :  OriginalFilter
temperature :  1.0
weight_mse 0.1
weight_kl :  0.1
weight_constraint :  0.0
prepare induce graph data is finished!
run RobustPrompt-I
Epoch 001 |  Time(s) 0.1066 | RobustPrompt-I Loss 1.9417  
Epoch 002 |  Time(s) 0.0882 | RobustPrompt-I Loss 1.9403  
Epoch 003 |  Time(s) 0.0880 | RobustPrompt-I Loss 1.9266  
Epoch 004 |  Time(s) 0.0885 | RobustPrompt-I Loss 1.9175  
Epoch 005 |  Time(s) 0.1047 | RobustPrompt-I Loss 1.8941  
Epoch 006 |  Time(s) 0.0980 | RobustPrompt-I Loss 1.8747  
Epoch 007 |  Time(s) 0.0940 | RobustPrompt-I Loss 1.8501  
Epoch 008 |  Time(s) 0.0884 | RobustPrompt-I Loss 1.8297  
Epoch 009 |  Time(s) 0.0884 | RobustPrompt-I Loss 1.8030  
Epoch 010 |  Time(s) 0.0889 | RobustPrompt-I Loss 1.7883  
Epoch 011 |  Time(s) 0.0882 | RobustPrompt-I Loss 1.7648  
Epoch 012 |  Time(s) 0.0881 | RobustPrompt-I Loss 1.7562  
Epoch 013 |  Time(s) 0.0878 | RobustPrompt-I Loss 1.7390  
Epoch 014 |  Time(s) 0.0886 | RobustPrompt-I Loss 1.7338  
Epoch 015 |  Time(s) 0.0900 | RobustPrompt-I Loss 1.7187  
Epoch 016 |  Time(s) 0.0891 | RobustPrompt-I Loss 1.7278  
Epoch 017 |  Time(s) 0.0887 | RobustPrompt-I Loss 1.7154  
Epoch 018 |  Time(s) 0.0881 | RobustPrompt-I Loss 1.6910  
Epoch 019 |  Time(s) 0.0878 | RobustPrompt-I Loss 1.6926  
Epoch 020 |  Time(s) 0.0885 | RobustPrompt-I Loss 1.6887  
Epoch 021 |  Time(s) 0.0892 | RobustPrompt-I Loss 1.6606  
Epoch 022 |  Time(s) 0.0890 | RobustPrompt-I Loss 1.6696  
Epoch 023 |  Time(s) 0.0884 | RobustPrompt-I Loss 1.6819  
Epoch 024 |  Time(s) 0.0911 | RobustPrompt-I Loss 1.6371  
Epoch 025 |  Time(s) 0.0955 | RobustPrompt-I Loss 1.6636  
Epoch 026 |  Time(s) 0.0970 | RobustPrompt-I Loss 1.6620  
Epoch 027 |  Time(s) 0.0941 | RobustPrompt-I Loss 1.6311  
Epoch 028 |  Time(s) 0.0896 | RobustPrompt-I Loss 1.6404  
Epoch 029 |  Time(s) 0.0891 | RobustPrompt-I Loss 1.6135  
Epoch 030 |  Time(s) 0.0889 | RobustPrompt-I Loss 1.6127  
Epoch 031 |  Time(s) 0.0901 | RobustPrompt-I Loss 1.6152  
Epoch 032 |  Time(s) 0.0897 | RobustPrompt-I Loss 1.5779  
Epoch 033 |  Time(s) 0.0895 | RobustPrompt-I Loss 1.6081  
Epoch 034 |  Time(s) 0.0892 | RobustPrompt-I Loss 1.5609  
Epoch 035 |  Time(s) 0.0892 | RobustPrompt-I Loss 1.5563  
Epoch 036 |  Time(s) 0.0896 | RobustPrompt-I Loss 1.5581  
Epoch 037 |  Time(s) 0.0897 | RobustPrompt-I Loss 1.5275  
Epoch 038 |  Time(s) 0.0896 | RobustPrompt-I Loss 1.5158  
Epoch 039 |  Time(s) 0.0895 | RobustPrompt-I Loss 1.5073  
Epoch 040 |  Time(s) 0.0898 | RobustPrompt-I Loss 1.5055  
Epoch 041 |  Time(s) 0.0896 | RobustPrompt-I Loss 1.4758  
Epoch 042 |  Time(s) 0.0894 | RobustPrompt-I Loss 1.4583  
Epoch 043 |  Time(s) 0.0891 | RobustPrompt-I Loss 1.4499  
Epoch 044 |  Time(s) 0.0889 | RobustPrompt-I Loss 1.4519  
Epoch 045 |  Time(s) 0.0893 | RobustPrompt-I Loss 1.4190  
Epoch 046 |  Time(s) 0.0889 | RobustPrompt-I Loss 1.3991  
Epoch 047 |  Time(s) 0.0893 | RobustPrompt-I Loss 1.4298  
Epoch 048 |  Time(s) 0.0934 | RobustPrompt-I Loss 1.3692  
Epoch 049 |  Time(s) 0.0935 | RobustPrompt-I Loss 1.4034  
Epoch 050 |  Time(s) 0.0888 | RobustPrompt-I Loss 1.3611  
Epoch 051 |  Time(s) 0.0935 | RobustPrompt-I Loss 1.3841  
Epoch 052 |  Time(s) 0.2104 | RobustPrompt-I Loss 1.3390  
Epoch 053 |  Time(s) 0.0983 | RobustPrompt-I Loss 1.4179  
Epoch 054 |  Time(s) 0.0995 | RobustPrompt-I Loss 1.3706  
Epoch 055 |  Time(s) 0.0950 | RobustPrompt-I Loss 1.3584  
Epoch 056 |  Time(s) 0.0934 | RobustPrompt-I Loss 1.3378  
Epoch 057 |  Time(s) 0.0899 | RobustPrompt-I Loss nan  
Epoch 058 |  Time(s) 0.0910 | RobustPrompt-I Loss nan  
Epoch 059 |  Time(s) 0.0900 | RobustPrompt-I Loss nan  
Epoch 060 |  Time(s) 0.0893 | RobustPrompt-I Loss nan  
Epoch 061 |  Time(s) 0.0900 | RobustPrompt-I Loss nan  
Epoch 062 |  Time(s) 0.0891 | RobustPrompt-I Loss nan  
Epoch 063 |  Time(s) 0.0896 | RobustPrompt-I Loss nan  
Epoch 064 |  Time(s) 0.0899 | RobustPrompt-I Loss nan  
Epoch 065 |  Time(s) 0.0900 | RobustPrompt-I Loss nan  
Epoch 066 |  Time(s) 0.0893 | RobustPrompt-I Loss nan  
Epoch 067 |  Time(s) 0.1992 | RobustPrompt-I Loss nan  
Epoch 068 |  Time(s) 0.3241 | RobustPrompt-I Loss nan  
Epoch 069 |  Time(s) 0.1769 | RobustPrompt-I Loss nan  
Epoch 070 |  Time(s) 0.1017 | RobustPrompt-I Loss nan  
Epoch 071 |  Time(s) 0.0966 | RobustPrompt-I Loss nan  
Epoch 072 |  Time(s) 0.0998 | RobustPrompt-I Loss nan  
Epoch 073 |  Time(s) 0.0949 | RobustPrompt-I Loss nan  
Epoch 074 |  Time(s) 0.1010 | RobustPrompt-I Loss nan  
Epoch 075 |  Time(s) 0.0904 | RobustPrompt-I Loss nan  
----------------------------------------------------------------------------------------------------
Early stopping at 76 eopch!
load LLC or attacked data with specified split
Successfully loaded the attack of dataname with few shot 5, split 1
Attack method : Meta_Self | Attack ptb : 0.1 | Dataset: Cora
======================
Number of graphs: 1
Number of features: 1433
Number of classes: 7

Data(x=[2708, 1433], edge_index=[2, 14274], y=[2708], train_mask=[2708], val_mask=[2708], test_mask=[2708])
===========================================================================================================
Number of nodes: 2708
Number of edges: 14274
Average node degree: 5.27
Has isolated nodes: False
Has self-loops: True
Is undirected: True
GCN(
  (conv_layers): ModuleList(
    (0): GCNConv(1433, 256)
    (1): GCNConv(256, 256)
  )
)
Successfully loaded pre-trained weights!
use RobustPrompt Inductive
defense pt dict :  {'sim_pt': 0.3, 'degree_pt': -1, 'out_detect_pt': -1.0, 'other_pt': 'all'}
use_attention :  False
kl_global :  False
cosine_constraint :  True
pt_threshold :  0.25
filter_module :  OriginalFilter
temperature :  1.0
weight_mse 0.1
weight_kl :  0.1
weight_constraint :  0.0
prepare induce graph data is finished!
run RobustPrompt-I
Epoch 001 |  Time(s) 0.1004 | RobustPrompt-I Loss 1.9476  
Epoch 002 |  Time(s) 0.0929 | RobustPrompt-I Loss 1.9443  
Epoch 003 |  Time(s) 0.0912 | RobustPrompt-I Loss 1.9377  
Epoch 004 |  Time(s) 0.0906 | RobustPrompt-I Loss 1.9240  
Epoch 005 |  Time(s) 0.0912 | RobustPrompt-I Loss 1.9137  
Epoch 006 |  Time(s) 0.2542 | RobustPrompt-I Loss 1.8965  
Epoch 007 |  Time(s) 0.0920 | RobustPrompt-I Loss 1.8730  
Epoch 008 |  Time(s) 0.0892 | RobustPrompt-I Loss 1.8503  
Epoch 009 |  Time(s) 0.0917 | RobustPrompt-I Loss 1.8308  
Epoch 010 |  Time(s) 0.0901 | RobustPrompt-I Loss 1.8086  
Epoch 011 |  Time(s) 0.0910 | RobustPrompt-I Loss 1.7998  
Epoch 012 |  Time(s) 0.0898 | RobustPrompt-I Loss 1.7677  
Epoch 013 |  Time(s) 0.0892 | RobustPrompt-I Loss 1.7634  
Epoch 014 |  Time(s) 0.0888 | RobustPrompt-I Loss 1.7528  
Epoch 015 |  Time(s) 0.0899 | RobustPrompt-I Loss 1.7453  
Epoch 016 |  Time(s) 0.0885 | RobustPrompt-I Loss 1.7257  
Epoch 017 |  Time(s) 0.0903 | RobustPrompt-I Loss 1.7214  
Epoch 018 |  Time(s) 0.0914 | RobustPrompt-I Loss 1.7513  
Epoch 019 |  Time(s) 0.0899 | RobustPrompt-I Loss 1.7023  
Epoch 020 |  Time(s) 0.0896 | RobustPrompt-I Loss 1.6927  
Epoch 021 |  Time(s) 0.0909 | RobustPrompt-I Loss 1.7165  
Epoch 022 |  Time(s) 0.0923 | RobustPrompt-I Loss 1.6818  
Epoch 023 |  Time(s) 0.0894 | RobustPrompt-I Loss 1.6778  
Epoch 024 |  Time(s) 0.0928 | RobustPrompt-I Loss 1.6677  
Epoch 025 |  Time(s) 0.0946 | RobustPrompt-I Loss 1.6883  
Epoch 026 |  Time(s) 0.0910 | RobustPrompt-I Loss 1.6569  
Epoch 027 |  Time(s) 0.0920 | RobustPrompt-I Loss 1.6513  
Epoch 028 |  Time(s) 0.0893 | RobustPrompt-I Loss 1.6299  
Epoch 029 |  Time(s) 0.0891 | RobustPrompt-I Loss 1.6413  
Epoch 030 |  Time(s) 0.0894 | RobustPrompt-I Loss 1.6606  
Epoch 031 |  Time(s) 0.0891 | RobustPrompt-I Loss 1.6095  
Epoch 032 |  Time(s) 0.0912 | RobustPrompt-I Loss 1.6362  
Epoch 033 |  Time(s) 0.0917 | RobustPrompt-I Loss 1.5809  
Epoch 034 |  Time(s) 0.0883 | RobustPrompt-I Loss 1.6358  
Epoch 035 |  Time(s) 0.0889 | RobustPrompt-I Loss 1.5609  
Epoch 036 |  Time(s) 0.0882 | RobustPrompt-I Loss 1.5971  
Epoch 037 |  Time(s) 0.0898 | RobustPrompt-I Loss 1.5577  
Epoch 038 |  Time(s) 0.0900 | RobustPrompt-I Loss 1.6016  
Epoch 039 |  Time(s) 0.0902 | RobustPrompt-I Loss 1.5284  
Epoch 040 |  Time(s) 0.0890 | RobustPrompt-I Loss 1.6586  
Epoch 041 |  Time(s) 0.0896 | RobustPrompt-I Loss 1.6186  
Epoch 042 |  Time(s) 0.0895 | RobustPrompt-I Loss 1.5133  
Epoch 043 |  Time(s) 0.0889 | RobustPrompt-I Loss 1.5666  
Epoch 044 |  Time(s) 0.0893 | RobustPrompt-I Loss 1.4781  
Epoch 045 |  Time(s) 0.0905 | RobustPrompt-I Loss 1.6032  
Epoch 046 |  Time(s) 0.0894 | RobustPrompt-I Loss 1.5907  
Epoch 047 |  Time(s) 0.0896 | RobustPrompt-I Loss 1.4612  
Epoch 048 |  Time(s) 0.1333 | RobustPrompt-I Loss 1.5930  
Epoch 049 |  Time(s) 0.4048 | RobustPrompt-I Loss 1.5752  
Epoch 050 |  Time(s) 0.1553 | RobustPrompt-I Loss 1.4206  
Epoch 051 |  Time(s) 0.2132 | RobustPrompt-I Loss 1.4785  
Epoch 052 |  Time(s) 0.0993 | RobustPrompt-I Loss 1.4460  
Epoch 053 |  Time(s) 0.0973 | RobustPrompt-I Loss 1.4732  
Epoch 054 |  Time(s) 0.1436 | RobustPrompt-I Loss 1.4615  
Epoch 055 |  Time(s) 0.0985 | RobustPrompt-I Loss 1.3955  
Epoch 056 |  Time(s) 0.1062 | RobustPrompt-I Loss 1.3807  
Epoch 057 |  Time(s) 0.1581 | RobustPrompt-I Loss 1.4128  
Epoch 058 |  Time(s) 0.0962 | RobustPrompt-I Loss 1.3748  
Epoch 059 |  Time(s) 0.0938 | RobustPrompt-I Loss 1.3869  
Epoch 060 |  Time(s) 0.0916 | RobustPrompt-I Loss 1.3891  
Epoch 061 |  Time(s) 0.0889 | RobustPrompt-I Loss 1.3320  
Epoch 062 |  Time(s) 0.0903 | RobustPrompt-I Loss 1.3439  
Epoch 063 |  Time(s) 0.0904 | RobustPrompt-I Loss 1.3214  
Epoch 064 |  Time(s) 0.0951 | RobustPrompt-I Loss 1.3013  
Epoch 065 |  Time(s) 0.0892 | RobustPrompt-I Loss 1.2962  
Epoch 066 |  Time(s) 0.0912 | RobustPrompt-I Loss 1.2978  
Epoch 067 |  Time(s) 0.0893 | RobustPrompt-I Loss 1.2780  
Epoch 068 |  Time(s) 0.0915 | RobustPrompt-I Loss 1.2790  
Epoch 069 |  Time(s) 0.0897 | RobustPrompt-I Loss 1.2580  
Epoch 070 |  Time(s) 0.0897 | RobustPrompt-I Loss nan  
Epoch 071 |  Time(s) 0.0915 | RobustPrompt-I Loss nan  
Epoch 072 |  Time(s) 0.0892 | RobustPrompt-I Loss nan  
Epoch 073 |  Time(s) 0.0904 | RobustPrompt-I Loss nan  
Epoch 074 |  Time(s) 0.0901 | RobustPrompt-I Loss nan  
Epoch 075 |  Time(s) 0.0895 | RobustPrompt-I Loss nan  
Epoch 076 |  Time(s) 0.0899 | RobustPrompt-I Loss nan  
Epoch 077 |  Time(s) 0.0892 | RobustPrompt-I Loss nan  
Epoch 078 |  Time(s) 0.0908 | RobustPrompt-I Loss nan  
Epoch 079 |  Time(s) 0.0897 | RobustPrompt-I Loss nan  
Epoch 080 |  Time(s) 0.0895 | RobustPrompt-I Loss nan  
Epoch 081 |  Time(s) 0.0943 | RobustPrompt-I Loss nan  
Epoch 082 |  Time(s) 0.0892 | RobustPrompt-I Loss nan  
Epoch 083 |  Time(s) 0.0895 | RobustPrompt-I Loss nan  
Epoch 084 |  Time(s) 0.0900 | RobustPrompt-I Loss nan  
Epoch 085 |  Time(s) 0.0914 | RobustPrompt-I Loss nan  
Epoch 086 |  Time(s) 0.0903 | RobustPrompt-I Loss nan  
Epoch 087 |  Time(s) 0.0962 | RobustPrompt-I Loss nan  
Epoch 088 |  Time(s) 0.0940 | RobustPrompt-I Loss nan  
----------------------------------------------------------------------------------------------------
Early stopping at 89 eopch!
{1: {1: 0.12800000607967377}, 2: {1: nan}, 3: {1: 0.09600000083446503}, 4: {1: nan}, 5: {1: nan}}
{1: {1: 0.12800000607967377, 2: nan, 3: 0.09600000083446503, 4: nan, 5: nan}}
########################################################################################
seed: 1 | split 1 : 0.12800000607967377
# Seed 1 Muti Split Final Acc: 0.1280±0.0000
seed: 2 | split 1 : nan
# Seed 2 Muti Split Final Acc: nan±nan
seed: 3 | split 1 : 0.09600000083446503
# Seed 3 Muti Split Final Acc: 0.0960±0.0000
seed: 4 | split 1 : nan
# Seed 4 Muti Split Final Acc: nan±nan
seed: 5 | split 1 : nan
# Seed 5 Muti Split Final Acc: nan±nan
########################################################################################
split: 1 | seed 1 : 0.12800000607967377
split: 1 | seed 2 : nan
split: 1 | seed 3 : 0.09600000083446503
split: 1 | seed 4 : nan
split: 1 | seed 5 : nan
# Split 1 Muti Seed Acc without min value: nan±nan
########################################################################################
Done sim=0.3, ptb=0.1, end=2026-06-08 23:07:10, duration=00:01:29
