Start sim=0.2, ptb=0.25, time=2026-06-08 23:22:07, log=logs/RobustPrompt-I/ft_sim0.2_0.25_20260608_232207.log
load LLC or attacked data with specified split
Successfully loaded the attack of dataname with few shot 5, split 1
Attack method : Meta_Self | Attack ptb : 0.25 | Dataset: Cora
======================
Number of graphs: 1
Number of features: 1433
Number of classes: 7

Data(x=[2708, 1433], edge_index=[2, 16028], y=[2708], train_mask=[2708], val_mask=[2708], test_mask=[2708])
===========================================================================================================
Number of nodes: 2708
Number of edges: 16028
Average node degree: 5.92
Has isolated nodes: False
Has self-loops: True
Is undirected: True
GCN(
  (conv_layers): ModuleList(
    (0): GCNConv(1433, 256)
    (1): GCNConv(256, 256)
  )
)
Successfully loaded pre-trained weights!
use RobustPrompt Inductive
defense pt dict :  {'sim_pt': 0.2, 'degree_pt': -1, 'out_detect_pt': -1.0, 'other_pt': 'all'}
use_attention :  False
kl_global :  False
cosine_constraint :  True
pt_threshold :  0.25
filter_module :  OriginalFilter
temperature :  1.0
weight_mse 0.1
weight_kl :  0.1
weight_constraint :  0.0
prepare induce graph data is finished!
run RobustPrompt-I
Epoch 001 |  Time(s) 0.3908 | RobustPrompt-I Loss 1.9467  
Epoch 002 |  Time(s) 0.0988 | RobustPrompt-I Loss 1.9425  
Epoch 003 |  Time(s) 0.2992 | RobustPrompt-I Loss 1.9330  
Epoch 004 |  Time(s) 0.1104 | RobustPrompt-I Loss 1.9142  
Epoch 005 |  Time(s) 0.0922 | RobustPrompt-I Loss 1.9070  
Epoch 006 |  Time(s) 0.1088 | RobustPrompt-I Loss 1.8903  
Epoch 007 |  Time(s) 0.0855 | RobustPrompt-I Loss 1.8762  
Epoch 008 |  Time(s) 0.2053 | RobustPrompt-I Loss 1.8616  
Epoch 009 |  Time(s) 0.0933 | RobustPrompt-I Loss 1.8449  
Epoch 010 |  Time(s) 0.1583 | RobustPrompt-I Loss 1.8321  
Epoch 011 |  Time(s) 0.1560 | RobustPrompt-I Loss 1.8194  
Epoch 012 |  Time(s) 0.1689 | RobustPrompt-I Loss 1.8012  
Epoch 013 |  Time(s) 0.1569 | RobustPrompt-I Loss 1.7711  
Epoch 014 |  Time(s) 0.0918 | RobustPrompt-I Loss 1.7714  
Epoch 015 |  Time(s) 0.0905 | RobustPrompt-I Loss 1.7486  
Epoch 016 |  Time(s) 0.0916 | RobustPrompt-I Loss 1.7191  
Epoch 017 |  Time(s) 0.0956 | RobustPrompt-I Loss 1.7120  
Epoch 018 |  Time(s) 0.0845 | RobustPrompt-I Loss 1.6683  
Epoch 019 |  Time(s) 0.0845 | RobustPrompt-I Loss 1.6837  
Epoch 020 |  Time(s) 0.0856 | RobustPrompt-I Loss 1.6233  
Epoch 021 |  Time(s) 0.0836 | RobustPrompt-I Loss 1.6153  
Epoch 022 |  Time(s) 0.0862 | RobustPrompt-I Loss 1.6165  
Epoch 023 |  Time(s) 0.0850 | RobustPrompt-I Loss 1.5783  
Epoch 024 |  Time(s) 0.0846 | RobustPrompt-I Loss 1.5816  
Epoch 025 |  Time(s) 0.0864 | RobustPrompt-I Loss 1.5274  
Epoch 026 |  Time(s) 0.0867 | RobustPrompt-I Loss 1.5780  
Epoch 027 |  Time(s) 0.0858 | RobustPrompt-I Loss 1.5574  
Epoch 028 |  Time(s) 0.0860 | RobustPrompt-I Loss 1.4914  
Epoch 029 |  Time(s) 0.0840 | RobustPrompt-I Loss 1.4687  
Epoch 030 |  Time(s) 0.0847 | RobustPrompt-I Loss 1.4864  
Epoch 031 |  Time(s) 0.0860 | RobustPrompt-I Loss 1.4648  
Epoch 032 |  Time(s) 0.0836 | RobustPrompt-I Loss 1.4548  
Epoch 033 |  Time(s) 0.0836 | RobustPrompt-I Loss 1.4323  
Epoch 034 |  Time(s) 0.0838 | RobustPrompt-I Loss 1.4206  
Epoch 035 |  Time(s) 0.0846 | RobustPrompt-I Loss 1.4229  
Epoch 036 |  Time(s) 0.0855 | RobustPrompt-I Loss 1.3917  
Epoch 037 |  Time(s) 0.0839 | RobustPrompt-I Loss 1.3715  
Epoch 038 |  Time(s) 0.0845 | RobustPrompt-I Loss 1.3666  
Epoch 039 |  Time(s) 0.0856 | RobustPrompt-I Loss 1.3613  
Epoch 040 |  Time(s) 0.0855 | RobustPrompt-I Loss 1.3295  
Epoch 041 |  Time(s) 0.0847 | RobustPrompt-I Loss 1.3293  
Epoch 042 |  Time(s) 0.0855 | RobustPrompt-I Loss 1.3024  
Epoch 043 |  Time(s) 0.0853 | RobustPrompt-I Loss 1.3005  
Epoch 044 |  Time(s) 0.0840 | RobustPrompt-I Loss 1.2583  
Epoch 045 |  Time(s) 0.0858 | RobustPrompt-I Loss 1.2481  
Epoch 046 |  Time(s) 0.0871 | RobustPrompt-I Loss 1.2431  
Epoch 047 |  Time(s) 0.0873 | RobustPrompt-I Loss 1.2016  
Epoch 048 |  Time(s) 0.0869 | RobustPrompt-I Loss 1.1865  
Epoch 049 |  Time(s) 0.0851 | RobustPrompt-I Loss 1.1771  
Epoch 050 |  Time(s) 0.0870 | RobustPrompt-I Loss 1.1499  
Epoch 051 |  Time(s) 0.0847 | RobustPrompt-I Loss 1.1361  
Epoch 052 |  Time(s) 0.0864 | RobustPrompt-I Loss 1.1097  
Epoch 053 |  Time(s) 0.0858 | RobustPrompt-I Loss 1.0873  
Epoch 054 |  Time(s) 0.0865 | RobustPrompt-I Loss 1.0848  
Epoch 055 |  Time(s) 0.0853 | RobustPrompt-I Loss 1.0555  
Epoch 056 |  Time(s) 0.0874 | RobustPrompt-I Loss 1.0397  
Epoch 057 |  Time(s) 0.0868 | RobustPrompt-I Loss 1.0259  
Epoch 058 |  Time(s) 0.0850 | RobustPrompt-I Loss 1.0061  
Epoch 059 |  Time(s) 0.0856 | RobustPrompt-I Loss 0.9915  
Epoch 060 |  Time(s) 0.0847 | RobustPrompt-I Loss 0.9808  
Epoch 061 |  Time(s) 0.1012 | RobustPrompt-I Loss 0.9671  
Epoch 062 |  Time(s) 0.0872 | RobustPrompt-I Loss 0.9468  
Epoch 063 |  Time(s) 0.0852 | RobustPrompt-I Loss 0.9320  
Epoch 064 |  Time(s) 0.0850 | RobustPrompt-I Loss 0.9267  
Epoch 065 |  Time(s) 0.0853 | RobustPrompt-I Loss 0.9139  
Epoch 066 |  Time(s) 0.0850 | RobustPrompt-I Loss 0.9001  
Epoch 067 |  Time(s) 0.0849 | RobustPrompt-I Loss 0.8834  
Epoch 068 |  Time(s) 0.0852 | RobustPrompt-I Loss 0.8719  
Epoch 069 |  Time(s) 0.0848 | RobustPrompt-I Loss 0.8608  
Epoch 070 |  Time(s) 0.0874 | RobustPrompt-I Loss 0.8481  
Epoch 071 |  Time(s) 0.1172 | RobustPrompt-I Loss 0.8429  
Epoch 072 |  Time(s) 0.0848 | RobustPrompt-I Loss 0.8476  
Epoch 073 |  Time(s) 0.0851 | RobustPrompt-I Loss 0.8210  
Epoch 074 |  Time(s) 0.0871 | RobustPrompt-I Loss 0.8067  
Epoch 075 |  Time(s) 0.0842 | RobustPrompt-I Loss 0.7988  
Epoch 076 |  Time(s) 0.0846 | RobustPrompt-I Loss 0.7880  
Epoch 077 |  Time(s) 0.0853 | RobustPrompt-I Loss 0.7841  
Epoch 078 |  Time(s) 0.0849 | RobustPrompt-I Loss 0.8037  
Epoch 079 |  Time(s) 0.0838 | RobustPrompt-I Loss 0.7601  
Epoch 080 |  Time(s) 0.0840 | RobustPrompt-I Loss 0.7577  
Epoch 081 |  Time(s) 0.0841 | RobustPrompt-I Loss 0.8044  
Epoch 082 |  Time(s) 0.0841 | RobustPrompt-I Loss 0.7457  
Epoch 083 |  Time(s) 0.0839 | RobustPrompt-I Loss 0.9306  
Epoch 084 |  Time(s) 0.0847 | RobustPrompt-I Loss 0.9203  
Epoch 085 |  Time(s) 0.0844 | RobustPrompt-I Loss 0.7383  
Epoch 086 |  Time(s) 0.0842 | RobustPrompt-I Loss 0.8143  
Epoch 087 |  Time(s) 0.0850 | RobustPrompt-I Loss 0.7974  
Epoch 088 |  Time(s) 0.0846 | RobustPrompt-I Loss 0.7230  
Epoch 089 |  Time(s) 0.0841 | RobustPrompt-I Loss 0.7742  
Epoch 090 |  Time(s) 0.0842 | RobustPrompt-I Loss 0.7613  
Epoch 091 |  Time(s) 0.0838 | RobustPrompt-I Loss 0.7034  
Epoch 092 |  Time(s) 0.0839 | RobustPrompt-I Loss 0.7011  
Epoch 093 |  Time(s) 0.0840 | RobustPrompt-I Loss 0.7161  
Epoch 094 |  Time(s) 0.0841 | RobustPrompt-I Loss 0.7023  
Epoch 095 |  Time(s) 0.0840 | RobustPrompt-I Loss 0.7077  
Epoch 096 |  Time(s) 0.0842 | RobustPrompt-I Loss 0.7020  
Epoch 097 |  Time(s) 0.0844 | RobustPrompt-I Loss 0.6861  
Epoch 098 |  Time(s) 0.0830 | RobustPrompt-I Loss 0.6796  
Epoch 099 |  Time(s) 0.0846 | RobustPrompt-I Loss 0.6998  
Epoch 100 |  Time(s) 0.0836 | RobustPrompt-I Loss 0.6836  
Epoch 101 |  Time(s) 0.0839 | RobustPrompt-I Loss 0.6808  
Epoch 102 |  Time(s) 0.0840 | RobustPrompt-I Loss 0.6772  
Epoch 103 |  Time(s) 0.0842 | RobustPrompt-I Loss 0.6494  
Epoch 104 |  Time(s) 0.0846 | RobustPrompt-I Loss 0.6660  
Epoch 105 |  Time(s) 0.0847 | RobustPrompt-I Loss 0.6394  
Epoch 106 |  Time(s) 0.1740 | RobustPrompt-I Loss 0.6308  
Epoch 107 |  Time(s) 0.0909 | RobustPrompt-I Loss 0.6292  
Epoch 108 |  Time(s) 0.0860 | RobustPrompt-I Loss 0.6265  
Epoch 109 |  Time(s) 0.0836 | RobustPrompt-I Loss 0.6411  
Epoch 110 |  Time(s) 0.0834 | RobustPrompt-I Loss 0.6173  
Epoch 111 |  Time(s) 0.0850 | RobustPrompt-I Loss 0.6084  
Epoch 112 |  Time(s) 0.0848 | RobustPrompt-I Loss 0.5997  
Epoch 113 |  Time(s) 0.0841 | RobustPrompt-I Loss 0.5995  
Epoch 114 |  Time(s) 0.0841 | RobustPrompt-I Loss 0.6155  
Epoch 115 |  Time(s) 0.0835 | RobustPrompt-I Loss 0.5926  
Epoch 116 |  Time(s) 0.0830 | RobustPrompt-I Loss 0.5882  
Epoch 117 |  Time(s) 0.0828 | RobustPrompt-I Loss 0.5734  
Epoch 118 |  Time(s) 0.0833 | RobustPrompt-I Loss 0.5739  
Epoch 119 |  Time(s) 0.0841 | RobustPrompt-I Loss 0.5803  
Epoch 120 |  Time(s) 0.0841 | RobustPrompt-I Loss 0.5755  
Epoch 121 |  Time(s) 0.0844 | RobustPrompt-I Loss 0.5609  
Epoch 122 |  Time(s) 0.0846 | RobustPrompt-I Loss 0.5521  
Epoch 123 |  Time(s) 0.0837 | RobustPrompt-I Loss 0.5606  
Epoch 124 |  Time(s) 0.0834 | RobustPrompt-I Loss 0.5560  
Epoch 125 |  Time(s) 0.0842 | RobustPrompt-I Loss 0.5407  
Epoch 126 |  Time(s) 0.0834 | RobustPrompt-I Loss 0.5419  
Epoch 127 |  Time(s) 0.0832 | RobustPrompt-I Loss 0.5364  
Epoch 128 |  Time(s) 0.0891 | RobustPrompt-I Loss 0.5450  
Epoch 129 |  Time(s) 0.0833 | RobustPrompt-I Loss 0.5198  
Epoch 130 |  Time(s) 0.1270 | RobustPrompt-I Loss 0.5189  
Epoch 131 |  Time(s) 0.0962 | RobustPrompt-I Loss 0.5133  
Epoch 132 |  Time(s) 0.0907 | RobustPrompt-I Loss 0.5184  
Epoch 133 |  Time(s) 0.0918 | RobustPrompt-I Loss 0.5245  
Epoch 134 |  Time(s) 0.0941 | RobustPrompt-I Loss 0.4983  
Epoch 135 |  Time(s) 0.0946 | RobustPrompt-I Loss 0.5103  
Epoch 136 |  Time(s) 0.0885 | RobustPrompt-I Loss 0.5075  
Epoch 137 |  Time(s) 0.0910 | RobustPrompt-I Loss 0.4994  
Epoch 138 |  Time(s) 0.0905 | RobustPrompt-I Loss 0.4825  
Epoch 139 |  Time(s) 0.0877 | RobustPrompt-I Loss 0.4840  
Epoch 140 |  Time(s) 0.0905 | RobustPrompt-I Loss 0.4778  
Epoch 141 |  Time(s) 0.0879 | RobustPrompt-I Loss 0.4711  
Epoch 142 |  Time(s) 0.0900 | RobustPrompt-I Loss 0.4765  
Epoch 143 |  Time(s) 0.0904 | RobustPrompt-I Loss 0.4862  
Epoch 144 |  Time(s) 0.0846 | RobustPrompt-I Loss 0.4674  
Epoch 145 |  Time(s) 0.0904 | RobustPrompt-I Loss 0.4590  
Epoch 146 |  Time(s) 0.0901 | RobustPrompt-I Loss 0.4513  
Epoch 147 |  Time(s) 0.0870 | RobustPrompt-I Loss 0.4541  
Epoch 148 |  Time(s) 0.0905 | RobustPrompt-I Loss 0.4597  
Epoch 149 |  Time(s) 0.0865 | RobustPrompt-I Loss 0.4582  
Epoch 150 |  Time(s) 0.0892 | RobustPrompt-I Loss 0.4412  
Epoch 151 |  Time(s) 0.0904 | RobustPrompt-I Loss 0.4357  
Epoch 152 |  Time(s) 0.0904 | RobustPrompt-I Loss 0.4396  
Epoch 153 |  Time(s) 0.0854 | RobustPrompt-I Loss 0.4473  
Epoch 154 |  Time(s) 0.0924 | RobustPrompt-I Loss 0.4293  
Epoch 155 |  Time(s) 0.1171 | RobustPrompt-I Loss 0.4228  
Epoch 156 |  Time(s) 0.0900 | RobustPrompt-I Loss 0.4168  
Epoch 157 |  Time(s) 0.0891 | RobustPrompt-I Loss 0.4169  
Epoch 158 |  Time(s) 0.0879 | RobustPrompt-I Loss 0.4138  
Epoch 159 |  Time(s) 0.0906 | RobustPrompt-I Loss 0.4246  
Epoch 160 |  Time(s) 0.0886 | RobustPrompt-I Loss 0.4138  
Epoch 161 |  Time(s) 0.0893 | RobustPrompt-I Loss 0.4061  
Epoch 162 |  Time(s) 0.0900 | RobustPrompt-I Loss 0.4145  
Epoch 163 |  Time(s) 0.0911 | RobustPrompt-I Loss 0.3986  
Epoch 164 |  Time(s) 0.0870 | RobustPrompt-I Loss 0.3982  
Epoch 165 |  Time(s) 0.0890 | RobustPrompt-I Loss 0.4057  
Epoch 166 |  Time(s) 0.0885 | RobustPrompt-I Loss 0.3916  
Epoch 167 |  Time(s) 0.0901 | RobustPrompt-I Loss 0.3887  
Epoch 168 |  Time(s) 0.0898 | RobustPrompt-I Loss 0.3915  
Epoch 169 |  Time(s) 0.0899 | RobustPrompt-I Loss 0.3897  
Epoch 170 |  Time(s) 0.0902 | RobustPrompt-I Loss 0.3773  
Epoch 171 |  Time(s) 0.0857 | RobustPrompt-I Loss 0.3750  
Epoch 172 |  Time(s) 0.0918 | RobustPrompt-I Loss 0.3803  
Epoch 173 |  Time(s) 0.0885 | RobustPrompt-I Loss 0.3762  
Epoch 174 |  Time(s) 0.0885 | RobustPrompt-I Loss 0.3710  
Epoch 175 |  Time(s) 0.0925 | RobustPrompt-I Loss 0.3688  
Epoch 176 |  Time(s) 0.0838 | RobustPrompt-I Loss 0.3712  
Epoch 177 |  Time(s) 0.0948 | RobustPrompt-I Loss 0.3574  
Epoch 178 |  Time(s) 0.0942 | RobustPrompt-I Loss 0.3542  
Epoch 179 |  Time(s) 0.0906 | RobustPrompt-I Loss 0.3539  
Epoch 180 |  Time(s) 0.0872 | RobustPrompt-I Loss 0.3639  
Epoch 181 |  Time(s) 0.0896 | RobustPrompt-I Loss 0.3474  
Epoch 182 |  Time(s) 0.0959 | RobustPrompt-I Loss 0.3429  
Epoch 183 |  Time(s) 0.0940 | RobustPrompt-I Loss 0.3403  
Epoch 184 |  Time(s) 0.1037 | RobustPrompt-I Loss 0.3441  
Epoch 185 |  Time(s) 0.0939 | RobustPrompt-I Loss 0.3563  
Epoch 186 |  Time(s) 0.0914 | RobustPrompt-I Loss 0.3309  
Epoch 187 |  Time(s) 0.1263 | RobustPrompt-I Loss 0.3382  
Epoch 188 |  Time(s) 0.1082 | RobustPrompt-I Loss 0.3630  
Epoch 189 |  Time(s) 0.0980 | RobustPrompt-I Loss 0.3277  
Epoch 190 |  Time(s) 0.0860 | RobustPrompt-I Loss 0.4466  
Epoch 191 |  Time(s) 0.0930 | RobustPrompt-I Loss 0.4320  
Epoch 192 |  Time(s) 0.0908 | RobustPrompt-I Loss 0.3235  
Epoch 193 |  Time(s) 0.0887 | RobustPrompt-I Loss 0.3303  
Epoch 194 |  Time(s) 0.0911 | RobustPrompt-I Loss 0.3698  
Epoch 195 |  Time(s) 0.0888 | RobustPrompt-I Loss 0.3432  
Epoch 196 |  Time(s) 0.0869 | RobustPrompt-I Loss 0.3946  
Epoch 197 |  Time(s) 0.0880 | RobustPrompt-I Loss 0.3927  
Epoch 198 |  Time(s) 0.0871 | RobustPrompt-I Loss 0.3293  
Epoch 199 |  Time(s) 0.0863 | RobustPrompt-I Loss 0.3254  
Epoch 200 |  Time(s) 0.0862 | RobustPrompt-I Loss 0.3794  
Batch 0 Acc: 0.0300 | Macro-F1: 0.0184
Batch 1 Acc: 0.0400 | Macro-F1: 0.0319
Batch 2 Acc: 0.0500 | Macro-F1: 0.0336
Batch 3 Acc: 0.0600 | Macro-F1: 0.0336
Batch 4 Acc: 0.0400 | Macro-F1: 0.0339
Batch 5 Acc: 0.0500 | Macro-F1: 0.0308
Batch 6 Acc: 0.0300 | Macro-F1: 0.0182
Batch 7 Acc: 0.0600 | Macro-F1: 0.0669
Batch 8 Acc: 0.0500 | Macro-F1: 0.0301
Batch 9 Acc: 0.0200 | Macro-F1: 0.0256
Final True Accuracy: 0.0430 | Macro F1 Score: 0.0325
best_loss [0.37937214970588684]
load LLC or attacked data with specified split
Successfully loaded the attack of dataname with few shot 5, split 1
Attack method : Meta_Self | Attack ptb : 0.25 | Dataset: Cora
======================
Number of graphs: 1
Number of features: 1433
Number of classes: 7

Data(x=[2708, 1433], edge_index=[2, 16028], y=[2708], train_mask=[2708], val_mask=[2708], test_mask=[2708])
===========================================================================================================
Number of nodes: 2708
Number of edges: 16028
Average node degree: 5.92
Has isolated nodes: False
Has self-loops: True
Is undirected: True
GCN(
  (conv_layers): ModuleList(
    (0): GCNConv(1433, 256)
    (1): GCNConv(256, 256)
  )
)
Successfully loaded pre-trained weights!
use RobustPrompt Inductive
defense pt dict :  {'sim_pt': 0.2, 'degree_pt': -1, 'out_detect_pt': -1.0, 'other_pt': 'all'}
use_attention :  False
kl_global :  False
cosine_constraint :  True
pt_threshold :  0.25
filter_module :  OriginalFilter
temperature :  1.0
weight_mse 0.1
weight_kl :  0.1
weight_constraint :  0.0
prepare induce graph data is finished!
run RobustPrompt-I
Epoch 001 |  Time(s) 0.2535 | RobustPrompt-I Loss 1.9480  
Epoch 002 |  Time(s) 0.2015 | RobustPrompt-I Loss 1.9436  
Epoch 003 |  Time(s) 0.0981 | RobustPrompt-I Loss 1.9339  
Epoch 004 |  Time(s) 0.0927 | RobustPrompt-I Loss 1.9110  
Epoch 005 |  Time(s) 0.0885 | RobustPrompt-I Loss 1.8994  
Epoch 006 |  Time(s) 0.1016 | RobustPrompt-I Loss 1.8802  
Epoch 007 |  Time(s) 0.0922 | RobustPrompt-I Loss 1.8569  
Epoch 008 |  Time(s) 0.0936 | RobustPrompt-I Loss 1.8346  
Epoch 009 |  Time(s) 0.0930 | RobustPrompt-I Loss 1.8207  
Epoch 010 |  Time(s) 0.0934 | RobustPrompt-I Loss 1.7848  
Epoch 011 |  Time(s) 0.0941 | RobustPrompt-I Loss 1.7585  
Epoch 012 |  Time(s) 0.1031 | RobustPrompt-I Loss 1.7511  
Epoch 013 |  Time(s) 0.1120 | RobustPrompt-I Loss 1.7158  
Epoch 014 |  Time(s) 0.1197 | RobustPrompt-I Loss 1.7080  
Epoch 015 |  Time(s) 0.0959 | RobustPrompt-I Loss 1.6659  
Epoch 016 |  Time(s) 0.0952 | RobustPrompt-I Loss 1.6587  
Epoch 017 |  Time(s) 0.0914 | RobustPrompt-I Loss 1.6166  
Epoch 018 |  Time(s) 0.0909 | RobustPrompt-I Loss 1.6113  
Epoch 019 |  Time(s) 0.0911 | RobustPrompt-I Loss 1.6090  
Epoch 020 |  Time(s) 0.0914 | RobustPrompt-I Loss 1.5661  
Epoch 021 |  Time(s) 0.0917 | RobustPrompt-I Loss 1.5601  
Epoch 022 |  Time(s) 0.0916 | RobustPrompt-I Loss 1.5507  
Epoch 023 |  Time(s) 0.0916 | RobustPrompt-I Loss 1.5314  
Epoch 024 |  Time(s) 0.0912 | RobustPrompt-I Loss 1.5072  
Epoch 025 |  Time(s) 0.0912 | RobustPrompt-I Loss 1.4823  
Epoch 026 |  Time(s) 0.0912 | RobustPrompt-I Loss 1.4776  
Epoch 027 |  Time(s) 0.0908 | RobustPrompt-I Loss 1.4653  
Epoch 028 |  Time(s) 0.0959 | RobustPrompt-I Loss 1.4356  
Epoch 029 |  Time(s) 0.1180 | RobustPrompt-I Loss 1.4159  
Epoch 030 |  Time(s) 0.1000 | RobustPrompt-I Loss 1.4009  
Epoch 031 |  Time(s) 0.0952 | RobustPrompt-I Loss 1.4111  
Epoch 032 |  Time(s) 0.0926 | RobustPrompt-I Loss 1.3895  
Epoch 033 |  Time(s) 0.0952 | RobustPrompt-I Loss 1.3635  
Epoch 034 |  Time(s) 0.0965 | RobustPrompt-I Loss 1.3388  
Epoch 035 |  Time(s) 0.0889 | RobustPrompt-I Loss 1.3372  
Epoch 036 |  Time(s) 0.0927 | RobustPrompt-I Loss 1.3213  
Epoch 037 |  Time(s) 0.0913 | RobustPrompt-I Loss 1.3253  
Epoch 038 |  Time(s) 0.0877 | RobustPrompt-I Loss 1.2815  
Epoch 039 |  Time(s) 0.0879 | RobustPrompt-I Loss 1.2818  
Epoch 040 |  Time(s) 0.0869 | RobustPrompt-I Loss 1.2760  
Epoch 041 |  Time(s) 0.0876 | RobustPrompt-I Loss 1.2256  
Epoch 042 |  Time(s) 0.0875 | RobustPrompt-I Loss 1.2301  
Epoch 043 |  Time(s) 0.0876 | RobustPrompt-I Loss 1.2170  
Epoch 044 |  Time(s) 0.0878 | RobustPrompt-I Loss 1.1804  
Epoch 045 |  Time(s) 0.0876 | RobustPrompt-I Loss 1.1746  
Epoch 046 |  Time(s) 0.0871 | RobustPrompt-I Loss 1.1661  
Epoch 047 |  Time(s) 0.0974 | RobustPrompt-I Loss 1.1267  
Epoch 048 |  Time(s) 0.0882 | RobustPrompt-I Loss 1.1422  
Epoch 049 |  Time(s) 0.0883 | RobustPrompt-I Loss 1.1003  
Epoch 050 |  Time(s) 0.0884 | RobustPrompt-I Loss 1.0919  
Epoch 051 |  Time(s) 0.0893 | RobustPrompt-I Loss 1.0904  
Epoch 052 |  Time(s) 0.0885 | RobustPrompt-I Loss 1.0440  
Epoch 053 |  Time(s) 0.0884 | RobustPrompt-I Loss 1.0809  
Epoch 054 |  Time(s) 0.0885 | RobustPrompt-I Loss 1.0283  
Epoch 055 |  Time(s) 0.0884 | RobustPrompt-I Loss 1.0689  
Epoch 056 |  Time(s) 0.0888 | RobustPrompt-I Loss 1.0562  
Epoch 057 |  Time(s) 0.0885 | RobustPrompt-I Loss 1.0070  
Epoch 058 |  Time(s) 0.0883 | RobustPrompt-I Loss 0.9883  
Epoch 059 |  Time(s) 0.0882 | RobustPrompt-I Loss 1.0132  
Epoch 060 |  Time(s) 0.0883 | RobustPrompt-I Loss 0.9786  
Epoch 061 |  Time(s) 0.0886 | RobustPrompt-I Loss 0.9508  
Epoch 062 |  Time(s) 0.0890 | RobustPrompt-I Loss 0.9414  
Epoch 063 |  Time(s) 0.0883 | RobustPrompt-I Loss 0.9302  
Epoch 064 |  Time(s) 0.0881 | RobustPrompt-I Loss 0.9148  
Epoch 065 |  Time(s) 0.0885 | RobustPrompt-I Loss 0.9303  
Epoch 066 |  Time(s) 0.0897 | RobustPrompt-I Loss 0.9097  
Epoch 067 |  Time(s) 0.1023 | RobustPrompt-I Loss 0.9098  
Epoch 068 |  Time(s) 0.2054 | RobustPrompt-I Loss 0.8926  
Epoch 069 |  Time(s) 0.1000 | RobustPrompt-I Loss 0.8754  
Epoch 070 |  Time(s) 0.0967 | RobustPrompt-I Loss 0.8567  
Epoch 071 |  Time(s) 0.0914 | RobustPrompt-I Loss 0.8780  
Epoch 072 |  Time(s) 0.1651 | RobustPrompt-I Loss 0.8677  
Epoch 073 |  Time(s) 0.0939 | RobustPrompt-I Loss 0.8367  
Epoch 074 |  Time(s) 0.0883 | RobustPrompt-I Loss 0.8280  
Epoch 075 |  Time(s) 0.0873 | RobustPrompt-I Loss 0.8434  
Epoch 076 |  Time(s) 0.0897 | RobustPrompt-I Loss 0.8264  
Epoch 077 |  Time(s) 0.1324 | RobustPrompt-I Loss 0.8228  
Epoch 078 |  Time(s) 0.0871 | RobustPrompt-I Loss 0.8116  
Epoch 079 |  Time(s) 0.0864 | RobustPrompt-I Loss 0.7969  
Epoch 080 |  Time(s) 0.0863 | RobustPrompt-I Loss 0.7855  
Epoch 081 |  Time(s) 0.0867 | RobustPrompt-I Loss 0.7981  
Epoch 082 |  Time(s) 0.0869 | RobustPrompt-I Loss 0.7860  
Epoch 083 |  Time(s) 0.0865 | RobustPrompt-I Loss 0.7740  
Epoch 084 |  Time(s) 0.0866 | RobustPrompt-I Loss 0.7644  
Epoch 085 |  Time(s) 0.0887 | RobustPrompt-I Loss 0.7684  
Epoch 086 |  Time(s) 0.0875 | RobustPrompt-I Loss 0.7557  
Epoch 087 |  Time(s) 0.1215 | RobustPrompt-I Loss 0.7548  
Epoch 088 |  Time(s) 0.0998 | RobustPrompt-I Loss 0.7434  
Epoch 089 |  Time(s) 0.1900 | RobustPrompt-I Loss 0.7397  
Epoch 090 |  Time(s) 0.0930 | RobustPrompt-I Loss 0.7294  
Epoch 091 |  Time(s) 0.0889 | RobustPrompt-I Loss 0.7321  
Epoch 092 |  Time(s) 0.0870 | RobustPrompt-I Loss 0.7239  
Epoch 093 |  Time(s) 0.0876 | RobustPrompt-I Loss 0.7178  
Epoch 094 |  Time(s) 0.0871 | RobustPrompt-I Loss 0.7058  
Epoch 095 |  Time(s) 0.0875 | RobustPrompt-I Loss 0.7155  
Epoch 096 |  Time(s) 0.0872 | RobustPrompt-I Loss 0.7049  
Epoch 097 |  Time(s) 0.1272 | RobustPrompt-I Loss 0.6960  
Epoch 098 |  Time(s) 0.0948 | RobustPrompt-I Loss 0.6836  
Epoch 099 |  Time(s) 0.0958 | RobustPrompt-I Loss 0.6963  
Epoch 100 |  Time(s) 0.0935 | RobustPrompt-I Loss 0.6847  
Epoch 101 |  Time(s) 0.0907 | RobustPrompt-I Loss 0.6742  
Epoch 102 |  Time(s) 0.0904 | RobustPrompt-I Loss 0.6649  
Epoch 103 |  Time(s) 0.0972 | RobustPrompt-I Loss 0.6773  
Epoch 104 |  Time(s) 0.0843 | RobustPrompt-I Loss 0.6691  
Epoch 105 |  Time(s) 0.0928 | RobustPrompt-I Loss 0.6530  
Epoch 106 |  Time(s) 0.0835 | RobustPrompt-I Loss 0.6450  
Epoch 107 |  Time(s) 0.0996 | RobustPrompt-I Loss 0.6630  
Epoch 108 |  Time(s) 0.2158 | RobustPrompt-I Loss 0.6548  
Epoch 109 |  Time(s) 0.1370 | RobustPrompt-I Loss 0.6341  
Epoch 110 |  Time(s) 0.0877 | RobustPrompt-I Loss 0.6251  
Epoch 111 |  Time(s) 0.0962 | RobustPrompt-I Loss 0.6527  
Epoch 112 |  Time(s) 0.0970 | RobustPrompt-I Loss 0.6440  
Epoch 113 |  Time(s) 0.0939 | RobustPrompt-I Loss 0.6162  
Epoch 114 |  Time(s) 0.0926 | RobustPrompt-I Loss 0.6087  
Epoch 115 |  Time(s) 0.0934 | RobustPrompt-I Loss 0.6325  
Epoch 116 |  Time(s) 0.0922 | RobustPrompt-I Loss 0.6126  
Epoch 117 |  Time(s) 0.0880 | RobustPrompt-I Loss 0.6263  
Epoch 118 |  Time(s) 0.0886 | RobustPrompt-I Loss 0.6223  
Epoch 119 |  Time(s) 0.0882 | RobustPrompt-I Loss 0.5960  
Epoch 120 |  Time(s) 0.0880 | RobustPrompt-I Loss 0.5874  
Epoch 121 |  Time(s) 0.0888 | RobustPrompt-I Loss 0.6118  
Epoch 122 |  Time(s) 0.0882 | RobustPrompt-I Loss 0.5912  
Epoch 123 |  Time(s) 0.0881 | RobustPrompt-I Loss 0.6122  
Epoch 124 |  Time(s) 0.0878 | RobustPrompt-I Loss 0.6142  
Epoch 125 |  Time(s) 0.0890 | RobustPrompt-I Loss 0.5683  
Epoch 126 |  Time(s) 0.0882 | RobustPrompt-I Loss 0.5757  
Epoch 127 |  Time(s) 0.0966 | RobustPrompt-I Loss 0.5726  
Epoch 128 |  Time(s) 0.1712 | RobustPrompt-I Loss 0.5579  
Epoch 129 |  Time(s) 0.0921 | RobustPrompt-I Loss 0.5817  
Epoch 130 |  Time(s) 0.0879 | RobustPrompt-I Loss 0.5552  
Epoch 131 |  Time(s) 0.0888 | RobustPrompt-I Loss 0.6121  
Epoch 132 |  Time(s) 0.0891 | RobustPrompt-I Loss 0.6196  
Epoch 133 |  Time(s) 0.0891 | RobustPrompt-I Loss 0.5403  
Epoch 134 |  Time(s) 0.0884 | RobustPrompt-I Loss 0.6074  
Epoch 135 |  Time(s) 0.0882 | RobustPrompt-I Loss 0.5843  
Epoch 136 |  Time(s) 0.0893 | RobustPrompt-I Loss 0.5440  
Epoch 137 |  Time(s) 0.0888 | RobustPrompt-I Loss 0.5440  
Epoch 138 |  Time(s) 0.0897 | RobustPrompt-I Loss 0.5515  
Epoch 139 |  Time(s) 0.0883 | RobustPrompt-I Loss 0.5363  
Epoch 140 |  Time(s) 0.0875 | RobustPrompt-I Loss 0.5703  
Epoch 141 |  Time(s) 0.0874 | RobustPrompt-I Loss 0.5694  
Epoch 142 |  Time(s) 0.0877 | RobustPrompt-I Loss 0.5219  
Epoch 143 |  Time(s) 0.0872 | RobustPrompt-I Loss 0.5313  
Epoch 144 |  Time(s) 0.0882 | RobustPrompt-I Loss 0.5245  
Epoch 145 |  Time(s) 0.1507 | RobustPrompt-I Loss 0.5116  
Epoch 146 |  Time(s) 0.0954 | RobustPrompt-I Loss 0.5256  
Epoch 147 |  Time(s) 0.1449 | RobustPrompt-I Loss 0.5054  
Epoch 148 |  Time(s) 0.1170 | RobustPrompt-I Loss 0.5141  
Epoch 149 |  Time(s) 0.0947 | RobustPrompt-I Loss 0.5081  
Epoch 150 |  Time(s) 0.0879 | RobustPrompt-I Loss 0.4970  
Epoch 151 |  Time(s) 0.0879 | RobustPrompt-I Loss 0.4983  
Epoch 152 |  Time(s) 0.0882 | RobustPrompt-I Loss 0.5007  
Epoch 153 |  Time(s) 0.0887 | RobustPrompt-I Loss 0.4887  
Epoch 154 |  Time(s) 0.0883 | RobustPrompt-I Loss 0.4868  
Epoch 155 |  Time(s) 0.0880 | RobustPrompt-I Loss 0.4894  
Epoch 156 |  Time(s) 0.0871 | RobustPrompt-I Loss 0.4835  
Epoch 157 |  Time(s) 0.0884 | RobustPrompt-I Loss 0.4756  
Epoch 158 |  Time(s) 0.0859 | RobustPrompt-I Loss 0.4724  
Epoch 159 |  Time(s) 0.0905 | RobustPrompt-I Loss 0.4721  
Epoch 160 |  Time(s) 0.0874 | RobustPrompt-I Loss 0.4704  
Epoch 161 |  Time(s) 0.0874 | RobustPrompt-I Loss 0.4633  
Epoch 162 |  Time(s) 0.0884 | RobustPrompt-I Loss 0.4588  
Epoch 163 |  Time(s) 0.0870 | RobustPrompt-I Loss 0.4568  
Epoch 164 |  Time(s) 0.0883 | RobustPrompt-I Loss 0.4550  
Epoch 165 |  Time(s) 0.0876 | RobustPrompt-I Loss 0.4512  
Epoch 166 |  Time(s) 0.0879 | RobustPrompt-I Loss 0.4460  
Epoch 167 |  Time(s) 0.0872 | RobustPrompt-I Loss 0.4430  
Epoch 168 |  Time(s) 0.0903 | RobustPrompt-I Loss 0.4412  
Epoch 169 |  Time(s) 0.0885 | RobustPrompt-I Loss 0.4390  
Epoch 170 |  Time(s) 0.0903 | RobustPrompt-I Loss 0.4346  
Epoch 171 |  Time(s) 0.0877 | RobustPrompt-I Loss 0.4313  
Epoch 172 |  Time(s) 0.0874 | RobustPrompt-I Loss 0.4287  
Epoch 173 |  Time(s) 0.0880 | RobustPrompt-I Loss 0.4263  
Epoch 174 |  Time(s) 0.0871 | RobustPrompt-I Loss 0.4241  
Epoch 175 |  Time(s) 0.0875 | RobustPrompt-I Loss 0.4207  
Epoch 176 |  Time(s) 0.0897 | RobustPrompt-I Loss 0.4172  
Epoch 177 |  Time(s) 0.0885 | RobustPrompt-I Loss 0.4143  
Epoch 178 |  Time(s) 0.0886 | RobustPrompt-I Loss 0.4119  
Epoch 179 |  Time(s) 0.0882 | RobustPrompt-I Loss 0.4094  
Epoch 180 |  Time(s) 0.0880 | RobustPrompt-I Loss 0.4069  
Epoch 181 |  Time(s) 0.1602 | RobustPrompt-I Loss 0.4037  
Epoch 182 |  Time(s) 0.0943 | RobustPrompt-I Loss 0.4008  
Epoch 183 |  Time(s) 0.0911 | RobustPrompt-I Loss 0.3980  
Epoch 184 |  Time(s) 0.0889 | RobustPrompt-I Loss 0.3955  
Epoch 185 |  Time(s) 0.0889 | RobustPrompt-I Loss 0.3929  
Epoch 186 |  Time(s) 0.0891 | RobustPrompt-I Loss 0.3902  
Epoch 187 |  Time(s) 0.0888 | RobustPrompt-I Loss 0.3874  
Epoch 188 |  Time(s) 0.0886 | RobustPrompt-I Loss 0.3846  
Epoch 189 |  Time(s) 0.0888 | RobustPrompt-I Loss 0.3816  
Epoch 190 |  Time(s) 0.0885 | RobustPrompt-I Loss 0.3790  
Epoch 191 |  Time(s) 0.0886 | RobustPrompt-I Loss 0.3764  
Epoch 192 |  Time(s) 0.0918 | RobustPrompt-I Loss 0.3740  
Epoch 193 |  Time(s) 0.0913 | RobustPrompt-I Loss 0.3711  
Epoch 194 |  Time(s) 0.0883 | RobustPrompt-I Loss 0.3688  
Epoch 195 |  Time(s) 0.0889 | RobustPrompt-I Loss 0.3658  
Epoch 196 |  Time(s) 0.0894 | RobustPrompt-I Loss 0.3635  
Epoch 197 |  Time(s) 0.0881 | RobustPrompt-I Loss 0.3610  
Epoch 198 |  Time(s) 0.0882 | RobustPrompt-I Loss 0.3580  
Epoch 199 |  Time(s) 0.0894 | RobustPrompt-I Loss 0.3553  
Epoch 200 |  Time(s) 0.0892 | RobustPrompt-I Loss 0.3523  
Batch 0 Acc: 0.0300 | Macro-F1: 0.0182
Batch 1 Acc: 0.0500 | Macro-F1: 0.0362
Batch 2 Acc: 0.0700 | Macro-F1: 0.0630
Batch 3 Acc: 0.1100 | Macro-F1: 0.0740
Batch 4 Acc: 0.0400 | Macro-F1: 0.0329
Batch 5 Acc: 0.0300 | Macro-F1: 0.0249
Batch 6 Acc: 0.0200 | Macro-F1: 0.0205
Batch 7 Acc: 0.0500 | Macro-F1: 0.0332
Batch 8 Acc: 0.0400 | Macro-F1: 0.0286
Batch 9 Acc: 0.0600 | Macro-F1: 0.0521
Final True Accuracy: 0.0500 | Macro F1 Score: 0.0404
best_loss [0.3523440361022949]
load LLC or attacked data with specified split
Successfully loaded the attack of dataname with few shot 5, split 1
Attack method : Meta_Self | Attack ptb : 0.25 | Dataset: Cora
======================
Number of graphs: 1
Number of features: 1433
Number of classes: 7

Data(x=[2708, 1433], edge_index=[2, 16028], y=[2708], train_mask=[2708], val_mask=[2708], test_mask=[2708])
===========================================================================================================
Number of nodes: 2708
Number of edges: 16028
Average node degree: 5.92
Has isolated nodes: False
Has self-loops: True
Is undirected: True
GCN(
  (conv_layers): ModuleList(
    (0): GCNConv(1433, 256)
    (1): GCNConv(256, 256)
  )
)
Successfully loaded pre-trained weights!
use RobustPrompt Inductive
defense pt dict :  {'sim_pt': 0.2, 'degree_pt': -1, 'out_detect_pt': -1.0, 'other_pt': 'all'}
use_attention :  False
kl_global :  False
cosine_constraint :  True
pt_threshold :  0.25
filter_module :  OriginalFilter
temperature :  1.0
weight_mse 0.1
weight_kl :  0.1
weight_constraint :  0.0
prepare induce graph data is finished!
run RobustPrompt-I
Epoch 001 |  Time(s) 0.1008 | RobustPrompt-I Loss 1.9446  
Epoch 002 |  Time(s) 0.0881 | RobustPrompt-I Loss 1.9407  
Epoch 003 |  Time(s) 0.0906 | RobustPrompt-I Loss 1.9314  
Epoch 004 |  Time(s) 0.0883 | RobustPrompt-I Loss nan  
Epoch 005 |  Time(s) 0.0876 | RobustPrompt-I Loss nan  
Epoch 006 |  Time(s) 0.0879 | RobustPrompt-I Loss nan  
Epoch 007 |  Time(s) 0.0873 | RobustPrompt-I Loss nan  
Epoch 008 |  Time(s) 0.0882 | RobustPrompt-I Loss nan  
Epoch 009 |  Time(s) 0.0877 | RobustPrompt-I Loss nan  
Epoch 010 |  Time(s) 0.0881 | RobustPrompt-I Loss nan  
Epoch 011 |  Time(s) 0.0904 | RobustPrompt-I Loss nan  
Epoch 012 |  Time(s) 0.1558 | RobustPrompt-I Loss nan  
Epoch 013 |  Time(s) 0.0923 | RobustPrompt-I Loss nan  
Epoch 014 |  Time(s) 0.0893 | RobustPrompt-I Loss nan  
Epoch 015 |  Time(s) 0.0878 | RobustPrompt-I Loss nan  
Epoch 016 |  Time(s) 0.0876 | RobustPrompt-I Loss nan  
Epoch 017 |  Time(s) 0.0882 | RobustPrompt-I Loss nan  
Epoch 018 |  Time(s) 0.0878 | RobustPrompt-I Loss nan  
Epoch 019 |  Time(s) 0.0912 | RobustPrompt-I Loss nan  
Epoch 020 |  Time(s) 0.0922 | RobustPrompt-I Loss nan  
Epoch 021 |  Time(s) 0.0881 | RobustPrompt-I Loss nan  
Epoch 022 |  Time(s) 0.0884 | RobustPrompt-I Loss nan  
----------------------------------------------------------------------------------------------------
Early stopping at 23 eopch!
load LLC or attacked data with specified split
Successfully loaded the attack of dataname with few shot 5, split 1
Attack method : Meta_Self | Attack ptb : 0.25 | Dataset: Cora
======================
Number of graphs: 1
Number of features: 1433
Number of classes: 7

Data(x=[2708, 1433], edge_index=[2, 16028], y=[2708], train_mask=[2708], val_mask=[2708], test_mask=[2708])
===========================================================================================================
Number of nodes: 2708
Number of edges: 16028
Average node degree: 5.92
Has isolated nodes: False
Has self-loops: True
Is undirected: True
GCN(
  (conv_layers): ModuleList(
    (0): GCNConv(1433, 256)
    (1): GCNConv(256, 256)
  )
)
Successfully loaded pre-trained weights!
use RobustPrompt Inductive
defense pt dict :  {'sim_pt': 0.2, 'degree_pt': -1, 'out_detect_pt': -1.0, 'other_pt': 'all'}
use_attention :  False
kl_global :  False
cosine_constraint :  True
pt_threshold :  0.25
filter_module :  OriginalFilter
temperature :  1.0
weight_mse 0.1
weight_kl :  0.1
weight_constraint :  0.0
prepare induce graph data is finished!
run RobustPrompt-I
Epoch 001 |  Time(s) 0.3102 | RobustPrompt-I Loss 1.9444  
Epoch 002 |  Time(s) 0.0959 | RobustPrompt-I Loss 1.9517  
Epoch 003 |  Time(s) 0.0912 | RobustPrompt-I Loss 1.9287  
Epoch 004 |  Time(s) 0.0898 | RobustPrompt-I Loss 1.9312  
Epoch 005 |  Time(s) 0.0899 | RobustPrompt-I Loss 1.9090  
Epoch 006 |  Time(s) 0.0888 | RobustPrompt-I Loss 1.9029  
Epoch 007 |  Time(s) 0.0908 | RobustPrompt-I Loss 1.8807  
Epoch 008 |  Time(s) 0.0901 | RobustPrompt-I Loss 1.8591  
Epoch 009 |  Time(s) 0.0921 | RobustPrompt-I Loss 1.8469  
Epoch 010 |  Time(s) 0.1304 | RobustPrompt-I Loss nan  
Epoch 011 |  Time(s) 0.0975 | RobustPrompt-I Loss nan  
Epoch 012 |  Time(s) 0.0938 | RobustPrompt-I Loss nan  
Epoch 013 |  Time(s) 0.0932 | RobustPrompt-I Loss nan  
Epoch 014 |  Time(s) 0.0890 | RobustPrompt-I Loss nan  
Epoch 015 |  Time(s) 0.0902 | RobustPrompt-I Loss nan  
Epoch 016 |  Time(s) 0.0890 | RobustPrompt-I Loss nan  
Epoch 017 |  Time(s) 0.0889 | RobustPrompt-I Loss nan  
Epoch 018 |  Time(s) 0.0894 | RobustPrompt-I Loss nan  
Epoch 019 |  Time(s) 0.0895 | RobustPrompt-I Loss nan  
Epoch 020 |  Time(s) 0.0901 | RobustPrompt-I Loss nan  
Epoch 021 |  Time(s) 0.0997 | RobustPrompt-I Loss nan  
Epoch 022 |  Time(s) 0.0934 | RobustPrompt-I Loss nan  
Epoch 023 |  Time(s) 0.0916 | RobustPrompt-I Loss nan  
Epoch 024 |  Time(s) 0.0932 | RobustPrompt-I Loss nan  
Epoch 025 |  Time(s) 0.0905 | RobustPrompt-I Loss nan  
Epoch 026 |  Time(s) 0.0905 | RobustPrompt-I Loss nan  
Epoch 027 |  Time(s) 0.0902 | RobustPrompt-I Loss nan  
Epoch 028 |  Time(s) 0.0898 | RobustPrompt-I Loss nan  
----------------------------------------------------------------------------------------------------
Early stopping at 29 eopch!
load LLC or attacked data with specified split
Successfully loaded the attack of dataname with few shot 5, split 1
Attack method : Meta_Self | Attack ptb : 0.25 | Dataset: Cora
======================
Number of graphs: 1
Number of features: 1433
Number of classes: 7

Data(x=[2708, 1433], edge_index=[2, 16028], y=[2708], train_mask=[2708], val_mask=[2708], test_mask=[2708])
===========================================================================================================
Number of nodes: 2708
Number of edges: 16028
Average node degree: 5.92
Has isolated nodes: False
Has self-loops: True
Is undirected: True
GCN(
  (conv_layers): ModuleList(
    (0): GCNConv(1433, 256)
    (1): GCNConv(256, 256)
  )
)
Successfully loaded pre-trained weights!
use RobustPrompt Inductive
defense pt dict :  {'sim_pt': 0.2, 'degree_pt': -1, 'out_detect_pt': -1.0, 'other_pt': 'all'}
use_attention :  False
kl_global :  False
cosine_constraint :  True
pt_threshold :  0.25
filter_module :  OriginalFilter
temperature :  1.0
weight_mse 0.1
weight_kl :  0.1
weight_constraint :  0.0
prepare induce graph data is finished!
run RobustPrompt-I
Epoch 001 |  Time(s) 0.1024 | RobustPrompt-I Loss 1.9478  
Epoch 002 |  Time(s) 0.1014 | RobustPrompt-I Loss 1.9422  
Epoch 003 |  Time(s) 0.0987 | RobustPrompt-I Loss 1.9358  
Epoch 004 |  Time(s) 0.0942 | RobustPrompt-I Loss 1.9157  
Epoch 005 |  Time(s) 0.0895 | RobustPrompt-I Loss 1.9064  
Epoch 006 |  Time(s) 0.0910 | RobustPrompt-I Loss 1.9042  
Epoch 007 |  Time(s) 0.0943 | RobustPrompt-I Loss 1.8787  
Epoch 008 |  Time(s) 0.0901 | RobustPrompt-I Loss 1.8813  
Epoch 009 |  Time(s) 0.0904 | RobustPrompt-I Loss 1.8477  
Epoch 010 |  Time(s) 0.0897 | RobustPrompt-I Loss 1.8516  
Epoch 011 |  Time(s) 0.0899 | RobustPrompt-I Loss 1.8061  
Epoch 012 |  Time(s) 0.0901 | RobustPrompt-I Loss 1.8187  
Epoch 013 |  Time(s) 0.1455 | RobustPrompt-I Loss 1.7756  
Epoch 014 |  Time(s) 0.0921 | RobustPrompt-I Loss 1.7688  
Epoch 015 |  Time(s) 0.0899 | RobustPrompt-I Loss 1.7318  
Epoch 016 |  Time(s) 0.0931 | RobustPrompt-I Loss 1.7165  
Epoch 017 |  Time(s) 0.0893 | RobustPrompt-I Loss 1.7000  
Epoch 018 |  Time(s) 0.0896 | RobustPrompt-I Loss 1.6670  
Epoch 019 |  Time(s) 0.0893 | RobustPrompt-I Loss 1.6656  
Epoch 020 |  Time(s) 0.0893 | RobustPrompt-I Loss 1.6258  
Epoch 021 |  Time(s) 0.0895 | RobustPrompt-I Loss 1.6254  
Epoch 022 |  Time(s) 0.0899 | RobustPrompt-I Loss 1.5909  
Epoch 023 |  Time(s) 0.0895 | RobustPrompt-I Loss 1.5826  
Epoch 024 |  Time(s) 0.0896 | RobustPrompt-I Loss 1.5702  
Epoch 025 |  Time(s) 0.0894 | RobustPrompt-I Loss 1.5382  
Epoch 026 |  Time(s) 0.0902 | RobustPrompt-I Loss 1.5442  
Epoch 027 |  Time(s) 0.0901 | RobustPrompt-I Loss 1.5141  
Epoch 028 |  Time(s) 0.0897 | RobustPrompt-I Loss 1.5009  
Epoch 029 |  Time(s) 0.0903 | RobustPrompt-I Loss 1.5023  
Epoch 030 |  Time(s) 0.0901 | RobustPrompt-I Loss 1.4715  
Epoch 031 |  Time(s) 0.0901 | RobustPrompt-I Loss 1.4663  
Epoch 032 |  Time(s) 0.0899 | RobustPrompt-I Loss 1.4600  
Epoch 033 |  Time(s) 0.0891 | RobustPrompt-I Loss 1.4344  
Epoch 034 |  Time(s) 0.1344 | RobustPrompt-I Loss 1.4278  
Epoch 035 |  Time(s) 0.2330 | RobustPrompt-I Loss 1.4159  
Epoch 036 |  Time(s) 0.1688 | RobustPrompt-I Loss 1.3915  
Epoch 037 |  Time(s) 0.2292 | RobustPrompt-I Loss 1.3888  
Epoch 038 |  Time(s) 0.1183 | RobustPrompt-I Loss 1.3654  
Epoch 039 |  Time(s) 0.0920 | RobustPrompt-I Loss 1.3408  
Epoch 040 |  Time(s) 0.0907 | RobustPrompt-I Loss 1.3365  
Epoch 041 |  Time(s) 0.0919 | RobustPrompt-I Loss 1.3104  
Epoch 042 |  Time(s) 0.1699 | RobustPrompt-I Loss 1.2903  
Epoch 043 |  Time(s) 0.1017 | RobustPrompt-I Loss 1.2829  
Epoch 044 |  Time(s) 0.0961 | RobustPrompt-I Loss 1.2630  
Epoch 045 |  Time(s) 0.0930 | RobustPrompt-I Loss 1.2559  
Epoch 046 |  Time(s) 0.0936 | RobustPrompt-I Loss 1.2196  
Epoch 047 |  Time(s) 0.1005 | RobustPrompt-I Loss 1.1970  
Epoch 048 |  Time(s) 0.0997 | RobustPrompt-I Loss 1.1984  
Epoch 049 |  Time(s) 0.0966 | RobustPrompt-I Loss 1.1691  
Epoch 050 |  Time(s) 0.0962 | RobustPrompt-I Loss 1.1516  
Epoch 051 |  Time(s) 0.1006 | RobustPrompt-I Loss 1.1391  
Epoch 052 |  Time(s) 0.3634 | RobustPrompt-I Loss 1.1125  
Epoch 053 |  Time(s) 0.1842 | RobustPrompt-I Loss 1.0938  
Epoch 054 |  Time(s) 0.2233 | RobustPrompt-I Loss 1.0783  
Epoch 055 |  Time(s) 0.0989 | RobustPrompt-I Loss 1.0588  
Epoch 056 |  Time(s) 0.1003 | RobustPrompt-I Loss 1.0414  
Epoch 057 |  Time(s) 0.3339 | RobustPrompt-I Loss 1.0288  
Epoch 058 |  Time(s) 0.3678 | RobustPrompt-I Loss 1.0143  
Epoch 059 |  Time(s) 0.1885 | RobustPrompt-I Loss 0.9982  
Epoch 060 |  Time(s) 0.1051 | RobustPrompt-I Loss 0.9840  
Epoch 061 |  Time(s) 0.1032 | RobustPrompt-I Loss 0.9684  
Epoch 062 |  Time(s) 0.0954 | RobustPrompt-I Loss 0.9504  
Epoch 063 |  Time(s) 0.0935 | RobustPrompt-I Loss 0.9365  
Epoch 064 |  Time(s) 0.0929 | RobustPrompt-I Loss 0.9239  
Epoch 065 |  Time(s) 0.0928 | RobustPrompt-I Loss 0.9101  
Epoch 066 |  Time(s) 0.0928 | RobustPrompt-I Loss 0.8991  
Epoch 067 |  Time(s) 0.0951 | RobustPrompt-I Loss 0.8877  
Epoch 068 |  Time(s) 0.0933 | RobustPrompt-I Loss 0.8748  
Epoch 069 |  Time(s) 0.0937 | RobustPrompt-I Loss 0.8636  
Epoch 070 |  Time(s) 0.0924 | RobustPrompt-I Loss 0.8516  
Epoch 071 |  Time(s) 0.0947 | RobustPrompt-I Loss 0.8411  
Epoch 072 |  Time(s) 0.0933 | RobustPrompt-I Loss 0.8317  
Epoch 073 |  Time(s) 0.0930 | RobustPrompt-I Loss 0.8219  
Epoch 074 |  Time(s) 0.0937 | RobustPrompt-I Loss 0.8133  
Epoch 075 |  Time(s) 0.0929 | RobustPrompt-I Loss 0.8038  
Epoch 076 |  Time(s) 0.0936 | RobustPrompt-I Loss 0.7950  
Epoch 077 |  Time(s) 0.0931 | RobustPrompt-I Loss 0.7859  
Epoch 078 |  Time(s) 0.0926 | RobustPrompt-I Loss 0.7770  
Epoch 079 |  Time(s) 0.0933 | RobustPrompt-I Loss 0.7684  
Epoch 080 |  Time(s) 0.0939 | RobustPrompt-I Loss 0.7597  
Epoch 081 |  Time(s) 0.0928 | RobustPrompt-I Loss 0.7515  
Epoch 082 |  Time(s) 0.0947 | RobustPrompt-I Loss 0.7431  
Epoch 083 |  Time(s) 0.1116 | RobustPrompt-I Loss 0.7352  
Epoch 084 |  Time(s) 0.0995 | RobustPrompt-I Loss 0.7272  
Epoch 085 |  Time(s) 0.0948 | RobustPrompt-I Loss 0.7194  
Epoch 086 |  Time(s) 0.0950 | RobustPrompt-I Loss 0.7119  
Epoch 087 |  Time(s) 0.0950 | RobustPrompt-I Loss 0.7048  
Epoch 088 |  Time(s) 0.0951 | RobustPrompt-I Loss 0.6989  
Epoch 089 |  Time(s) 0.0962 | RobustPrompt-I Loss 0.6948  
Epoch 090 |  Time(s) 0.0949 | RobustPrompt-I Loss 0.6939  
Epoch 091 |  Time(s) 0.0929 | RobustPrompt-I Loss 0.6778  
Epoch 092 |  Time(s) 0.0960 | RobustPrompt-I Loss 0.6662  
Epoch 093 |  Time(s) 0.1841 | RobustPrompt-I Loss 0.6571  
Epoch 094 |  Time(s) 0.0929 | RobustPrompt-I Loss 0.6501  
Epoch 095 |  Time(s) 0.0930 | RobustPrompt-I Loss 0.6445  
Epoch 096 |  Time(s) 0.1326 | RobustPrompt-I Loss 0.6407  
Epoch 097 |  Time(s) 0.1605 | RobustPrompt-I Loss 0.6400  
Epoch 098 |  Time(s) 0.2192 | RobustPrompt-I Loss 0.6272  
Epoch 099 |  Time(s) 0.1041 | RobustPrompt-I Loss 0.6174  
Epoch 100 |  Time(s) 0.0896 | RobustPrompt-I Loss 0.6082  
Epoch 101 |  Time(s) 0.0903 | RobustPrompt-I Loss 0.6001  
Epoch 102 |  Time(s) 0.0907 | RobustPrompt-I Loss 0.5925  
Epoch 103 |  Time(s) 0.0904 | RobustPrompt-I Loss 0.5854  
Epoch 104 |  Time(s) 0.0901 | RobustPrompt-I Loss 0.5781  
Epoch 105 |  Time(s) 0.0903 | RobustPrompt-I Loss 0.5710  
Epoch 106 |  Time(s) 0.0906 | RobustPrompt-I Loss 0.5641  
Epoch 107 |  Time(s) 0.0902 | RobustPrompt-I Loss 0.5571  
Epoch 108 |  Time(s) 0.0909 | RobustPrompt-I Loss 0.5506  
Epoch 109 |  Time(s) 0.0906 | RobustPrompt-I Loss 0.5445  
Epoch 110 |  Time(s) 0.0907 | RobustPrompt-I Loss 0.5401  
Epoch 111 |  Time(s) 0.0910 | RobustPrompt-I Loss 0.5407  
Epoch 112 |  Time(s) 0.0905 | RobustPrompt-I Loss 0.5368  
Epoch 113 |  Time(s) 0.0900 | RobustPrompt-I Loss 0.5199  
Epoch 114 |  Time(s) 0.0895 | RobustPrompt-I Loss 0.5107  
Epoch 115 |  Time(s) 0.0931 | RobustPrompt-I Loss 0.5039  
Epoch 116 |  Time(s) 0.0904 | RobustPrompt-I Loss 0.4975  
Epoch 117 |  Time(s) 0.0903 | RobustPrompt-I Loss 0.4920  
Epoch 118 |  Time(s) 0.0907 | RobustPrompt-I Loss 0.4914  
Epoch 119 |  Time(s) 0.0901 | RobustPrompt-I Loss 0.5068  
Epoch 120 |  Time(s) 0.0898 | RobustPrompt-I Loss 0.4698  
Epoch 121 |  Time(s) 0.0899 | RobustPrompt-I Loss 0.4859  
Epoch 122 |  Time(s) 0.0901 | RobustPrompt-I Loss 0.4728  
Epoch 123 |  Time(s) 0.0906 | RobustPrompt-I Loss 0.4532  
Epoch 124 |  Time(s) 0.0900 | RobustPrompt-I Loss 0.4469  
Epoch 125 |  Time(s) 0.0903 | RobustPrompt-I Loss 0.4449  
Epoch 126 |  Time(s) 0.0913 | RobustPrompt-I Loss 0.4608  
Epoch 127 |  Time(s) 0.0924 | RobustPrompt-I Loss 0.4316  
Epoch 128 |  Time(s) 0.0919 | RobustPrompt-I Loss 0.4335  
Epoch 129 |  Time(s) 0.0918 | RobustPrompt-I Loss nan  
Epoch 130 |  Time(s) 0.0909 | RobustPrompt-I Loss nan  
Epoch 131 |  Time(s) 0.0917 | RobustPrompt-I Loss nan  
Epoch 132 |  Time(s) 0.0909 | RobustPrompt-I Loss nan  
Epoch 133 |  Time(s) 0.0912 | RobustPrompt-I Loss nan  
Epoch 134 |  Time(s) 0.0916 | RobustPrompt-I Loss nan  
Epoch 135 |  Time(s) 0.0906 | RobustPrompt-I Loss nan  
Epoch 136 |  Time(s) 0.0910 | RobustPrompt-I Loss nan  
Epoch 137 |  Time(s) 0.0905 | RobustPrompt-I Loss nan  
Epoch 138 |  Time(s) 0.0904 | RobustPrompt-I Loss nan  
Epoch 139 |  Time(s) 0.0899 | RobustPrompt-I Loss nan  
Epoch 140 |  Time(s) 0.0906 | RobustPrompt-I Loss nan  
Epoch 141 |  Time(s) 0.0909 | RobustPrompt-I Loss nan  
Epoch 142 |  Time(s) 0.0913 | RobustPrompt-I Loss nan  
Epoch 143 |  Time(s) 0.0907 | RobustPrompt-I Loss nan  
Epoch 144 |  Time(s) 0.0926 | RobustPrompt-I Loss nan  
Epoch 145 |  Time(s) 0.0920 | RobustPrompt-I Loss nan  
Epoch 146 |  Time(s) 0.0944 | RobustPrompt-I Loss nan  
----------------------------------------------------------------------------------------------------
Early stopping at 147 eopch!
{1: {1: 0.0430000014603138}, 2: {1: 0.05000000074505806}, 3: {1: nan}, 4: {1: nan}, 5: {1: nan}}
{1: {1: 0.0430000014603138, 2: 0.05000000074505806, 3: nan, 4: nan, 5: nan}}
########################################################################################
seed: 1 | split 1 : 0.0430000014603138
# Seed 1 Muti Split Final Acc: 0.0430±0.0000
seed: 2 | split 1 : 0.05000000074505806
# Seed 2 Muti Split Final Acc: 0.0500±0.0000
seed: 3 | split 1 : nan
# Seed 3 Muti Split Final Acc: nan±nan
seed: 4 | split 1 : nan
# Seed 4 Muti Split Final Acc: nan±nan
seed: 5 | split 1 : nan
# Seed 5 Muti Split Final Acc: nan±nan
########################################################################################
split: 1 | seed 1 : 0.0430000014603138
split: 1 | seed 2 : 0.05000000074505806
split: 1 | seed 3 : nan
split: 1 | seed 4 : nan
split: 1 | seed 5 : nan
# Split 1 Muti Seed Acc without min value: nan±nan
########################################################################################
Done sim=0.2, ptb=0.25, end=2026-06-08 23:23:29, duration=00:01:22
