Start sim=0.4, ptb=0.1, time=2026-06-08 23:07:10, log=logs/RobustPrompt-I/ft_sim0.4_0.1_20260608_230710.log
load LLC or attacked data with specified split
Successfully loaded the attack of dataname with few shot 5, split 1
Attack method : Meta_Self | Attack ptb : 0.1 | Dataset: Cora
======================
Number of graphs: 1
Number of features: 1433
Number of classes: 7

Data(x=[2708, 1433], edge_index=[2, 14274], y=[2708], train_mask=[2708], val_mask=[2708], test_mask=[2708])
===========================================================================================================
Number of nodes: 2708
Number of edges: 14274
Average node degree: 5.27
Has isolated nodes: False
Has self-loops: True
Is undirected: True
GCN(
  (conv_layers): ModuleList(
    (0): GCNConv(1433, 256)
    (1): GCNConv(256, 256)
  )
)
Successfully loaded pre-trained weights!
use RobustPrompt Inductive
defense pt dict :  {'sim_pt': 0.4, 'degree_pt': -1, 'out_detect_pt': -1.0, 'other_pt': 'all'}
use_attention :  False
kl_global :  False
cosine_constraint :  True
pt_threshold :  0.25
filter_module :  OriginalFilter
temperature :  1.0
weight_mse 0.1
weight_kl :  0.1
weight_constraint :  0.0
prepare induce graph data is finished!
run RobustPrompt-I
Epoch 001 |  Time(s) 0.5378 | RobustPrompt-I Loss 1.9456  
Epoch 002 |  Time(s) 0.1720 | RobustPrompt-I Loss 1.9260  
Epoch 003 |  Time(s) 0.1776 | RobustPrompt-I Loss 1.9047  
Epoch 004 |  Time(s) 0.1881 | RobustPrompt-I Loss 1.8736  
Epoch 005 |  Time(s) 0.1053 | RobustPrompt-I Loss 1.8400  
Epoch 006 |  Time(s) 0.0931 | RobustPrompt-I Loss 1.8159  
Epoch 007 |  Time(s) 0.0833 | RobustPrompt-I Loss 1.8034  
Epoch 008 |  Time(s) 0.0845 | RobustPrompt-I Loss 1.7821  
Epoch 009 |  Time(s) 0.0841 | RobustPrompt-I Loss 1.7718  
Epoch 010 |  Time(s) 0.0850 | RobustPrompt-I Loss 1.7659  
Epoch 011 |  Time(s) 0.1250 | RobustPrompt-I Loss 1.7610  
Epoch 012 |  Time(s) 0.2108 | RobustPrompt-I Loss 1.7523  
Epoch 013 |  Time(s) 0.1023 | RobustPrompt-I Loss 1.7470  
Epoch 014 |  Time(s) 0.0938 | RobustPrompt-I Loss 1.7405  
Epoch 015 |  Time(s) 0.0849 | RobustPrompt-I Loss 1.7455  
Epoch 016 |  Time(s) 0.0875 | RobustPrompt-I Loss 1.7200  
Epoch 017 |  Time(s) 0.0877 | RobustPrompt-I Loss 1.7145  
Epoch 018 |  Time(s) 0.0844 | RobustPrompt-I Loss 1.7228  
Epoch 019 |  Time(s) 0.0871 | RobustPrompt-I Loss 1.6938  
Epoch 020 |  Time(s) 0.0854 | RobustPrompt-I Loss 1.6918  
Epoch 021 |  Time(s) 0.0847 | RobustPrompt-I Loss 1.7012  
Epoch 022 |  Time(s) 0.0856 | RobustPrompt-I Loss 1.6735  
Epoch 023 |  Time(s) 0.1310 | RobustPrompt-I Loss 1.6713  
Epoch 024 |  Time(s) 0.1785 | RobustPrompt-I Loss 1.6797  
Epoch 025 |  Time(s) 0.4422 | RobustPrompt-I Loss 1.6519  
Epoch 026 |  Time(s) 0.2326 | RobustPrompt-I Loss 1.6405  
Epoch 027 |  Time(s) 0.4484 | RobustPrompt-I Loss 1.6516  
Epoch 028 |  Time(s) 0.2666 | RobustPrompt-I Loss 1.6378  
Epoch 029 |  Time(s) 0.1073 | RobustPrompt-I Loss 1.6194  
Epoch 030 |  Time(s) 0.0867 | RobustPrompt-I Loss 1.6092  
Epoch 031 |  Time(s) 0.0910 | RobustPrompt-I Loss 1.6082  
Epoch 032 |  Time(s) 0.0927 | RobustPrompt-I Loss 1.6010  
Epoch 033 |  Time(s) 0.0888 | RobustPrompt-I Loss 1.5686  
Epoch 034 |  Time(s) 0.0859 | RobustPrompt-I Loss 1.5543  
Epoch 035 |  Time(s) 0.0869 | RobustPrompt-I Loss 1.5576  
Epoch 036 |  Time(s) 0.0855 | RobustPrompt-I Loss 1.5478  
Epoch 037 |  Time(s) 0.0857 | RobustPrompt-I Loss 1.5217  
Epoch 038 |  Time(s) 0.0861 | RobustPrompt-I Loss 1.4964  
Epoch 039 |  Time(s) 0.0861 | RobustPrompt-I Loss 1.4880  
Epoch 040 |  Time(s) 0.0858 | RobustPrompt-I Loss 1.4903  
Epoch 041 |  Time(s) 0.0892 | RobustPrompt-I Loss 1.4613  
Epoch 042 |  Time(s) 0.0865 | RobustPrompt-I Loss 1.4351  
Epoch 043 |  Time(s) 0.0858 | RobustPrompt-I Loss 1.4202  
Epoch 044 |  Time(s) 0.0856 | RobustPrompt-I Loss 1.4153  
Epoch 045 |  Time(s) 0.0855 | RobustPrompt-I Loss 1.4130  
Epoch 046 |  Time(s) 0.0861 | RobustPrompt-I Loss 1.3738  
Epoch 047 |  Time(s) 0.1123 | RobustPrompt-I Loss 1.3579  
Epoch 048 |  Time(s) 0.1979 | RobustPrompt-I Loss 1.3582  
Epoch 049 |  Time(s) 0.1768 | RobustPrompt-I Loss 1.3535  
Epoch 050 |  Time(s) 0.1268 | RobustPrompt-I Loss 1.3137  
Epoch 051 |  Time(s) 0.0876 | RobustPrompt-I Loss 1.3128  
Epoch 052 |  Time(s) 0.0865 | RobustPrompt-I Loss 1.3213  
Epoch 053 |  Time(s) 0.0852 | RobustPrompt-I Loss 1.2782  
Epoch 054 |  Time(s) 0.0852 | RobustPrompt-I Loss 1.2920  
Epoch 055 |  Time(s) 0.0856 | RobustPrompt-I Loss 1.2729  
Epoch 056 |  Time(s) 0.1533 | RobustPrompt-I Loss 1.2463  
Epoch 057 |  Time(s) 0.0875 | RobustPrompt-I Loss 1.2421  
Epoch 058 |  Time(s) 0.0851 | RobustPrompt-I Loss 1.2432  
Epoch 059 |  Time(s) 0.0850 | RobustPrompt-I Loss 1.2264  
Epoch 060 |  Time(s) 0.0854 | RobustPrompt-I Loss 1.2078  
Epoch 061 |  Time(s) 0.0858 | RobustPrompt-I Loss 1.2030  
Epoch 062 |  Time(s) 0.0853 | RobustPrompt-I Loss 1.2029  
Epoch 063 |  Time(s) 0.0863 | RobustPrompt-I Loss 1.1929  
Epoch 064 |  Time(s) 0.0856 | RobustPrompt-I Loss 1.1756  
Epoch 065 |  Time(s) 0.0854 | RobustPrompt-I Loss 1.1624  
Epoch 066 |  Time(s) 0.0857 | RobustPrompt-I Loss 1.1576  
Epoch 067 |  Time(s) 0.0859 | RobustPrompt-I Loss 1.1581  
Epoch 068 |  Time(s) 0.0866 | RobustPrompt-I Loss 1.1582  
Epoch 069 |  Time(s) 0.0865 | RobustPrompt-I Loss 1.1309  
Epoch 070 |  Time(s) 0.0866 | RobustPrompt-I Loss 1.1215  
Epoch 071 |  Time(s) 0.1333 | RobustPrompt-I Loss 1.1283  
Epoch 072 |  Time(s) 0.1936 | RobustPrompt-I Loss 1.1302  
Epoch 073 |  Time(s) 0.2185 | RobustPrompt-I Loss 1.0977  
Epoch 074 |  Time(s) 0.1006 | RobustPrompt-I Loss 1.0986  
Epoch 075 |  Time(s) 0.1403 | RobustPrompt-I Loss 1.1318  
Epoch 076 |  Time(s) 0.0967 | RobustPrompt-I Loss 1.0794  
Epoch 077 |  Time(s) 0.0876 | RobustPrompt-I Loss 1.1681  
Epoch 078 |  Time(s) 0.0838 | RobustPrompt-I Loss 1.1086  
Epoch 079 |  Time(s) 0.0841 | RobustPrompt-I Loss 1.1653  
Epoch 080 |  Time(s) 0.1715 | RobustPrompt-I Loss 1.1923  
Epoch 081 |  Time(s) 0.0948 | RobustPrompt-I Loss 1.0555  
Epoch 082 |  Time(s) 0.0880 | RobustPrompt-I Loss 1.1216  
Epoch 083 |  Time(s) 0.3256 | RobustPrompt-I Loss 1.0671  
Epoch 084 |  Time(s) 0.2822 | RobustPrompt-I Loss 1.1302  
Epoch 085 |  Time(s) 0.2463 | RobustPrompt-I Loss 1.1403  
Epoch 086 |  Time(s) 0.1953 | RobustPrompt-I Loss 1.0935  
Epoch 087 |  Time(s) 0.1748 | RobustPrompt-I Loss 1.0833  
Epoch 088 |  Time(s) 0.1043 | RobustPrompt-I Loss 1.1662  
Epoch 089 |  Time(s) 0.0956 | RobustPrompt-I Loss 1.1352  
Epoch 090 |  Time(s) 0.0945 | RobustPrompt-I Loss 1.0367  
Epoch 091 |  Time(s) 0.0931 | RobustPrompt-I Loss 1.0431  
Epoch 092 |  Time(s) 0.0897 | RobustPrompt-I Loss 1.1104  
Epoch 093 |  Time(s) 0.0929 | RobustPrompt-I Loss 1.0783  
Epoch 094 |  Time(s) 0.0876 | RobustPrompt-I Loss 1.0431  
Epoch 095 |  Time(s) 0.0875 | RobustPrompt-I Loss 1.0459  
Epoch 096 |  Time(s) 0.0873 | RobustPrompt-I Loss 1.0404  
Epoch 097 |  Time(s) 0.0877 | RobustPrompt-I Loss 1.0196  
Epoch 098 |  Time(s) 0.0884 | RobustPrompt-I Loss 1.0791  
Epoch 099 |  Time(s) 0.0903 | RobustPrompt-I Loss 1.0656  
Epoch 100 |  Time(s) 0.0834 | RobustPrompt-I Loss 1.0153  
Epoch 101 |  Time(s) 0.1414 | RobustPrompt-I Loss 1.0042  
Epoch 102 |  Time(s) 0.1338 | RobustPrompt-I Loss 1.0679  
Epoch 103 |  Time(s) 0.0928 | RobustPrompt-I Loss 1.0599  
Epoch 104 |  Time(s) 0.0914 | RobustPrompt-I Loss 0.9987  
Epoch 105 |  Time(s) 0.0886 | RobustPrompt-I Loss 0.9913  
Epoch 106 |  Time(s) 0.0874 | RobustPrompt-I Loss 1.0330  
Epoch 107 |  Time(s) 0.0888 | RobustPrompt-I Loss 1.0143  
Epoch 108 |  Time(s) 0.0880 | RobustPrompt-I Loss 1.0143  
Epoch 109 |  Time(s) 0.0880 | RobustPrompt-I Loss 1.0015  
Epoch 110 |  Time(s) 0.0880 | RobustPrompt-I Loss 0.9984  
Epoch 111 |  Time(s) 0.0874 | RobustPrompt-I Loss 0.9879  
Epoch 112 |  Time(s) 0.0881 | RobustPrompt-I Loss 1.0085  
Epoch 113 |  Time(s) 0.0883 | RobustPrompt-I Loss 0.9979  
Epoch 114 |  Time(s) 0.0872 | RobustPrompt-I Loss 0.9768  
Epoch 115 |  Time(s) 0.0871 | RobustPrompt-I Loss 0.9651  
Epoch 116 |  Time(s) 0.0879 | RobustPrompt-I Loss nan  
Epoch 117 |  Time(s) 0.0876 | RobustPrompt-I Loss nan  
Epoch 118 |  Time(s) 0.0875 | RobustPrompt-I Loss nan  
Epoch 119 |  Time(s) 0.0879 | RobustPrompt-I Loss nan  
Epoch 120 |  Time(s) 0.0880 | RobustPrompt-I Loss nan  
Epoch 121 |  Time(s) 0.0883 | RobustPrompt-I Loss nan  
Epoch 122 |  Time(s) 0.0875 | RobustPrompt-I Loss nan  
Epoch 123 |  Time(s) 0.0887 | RobustPrompt-I Loss nan  
Epoch 124 |  Time(s) 0.0882 | RobustPrompt-I Loss nan  
Epoch 125 |  Time(s) 0.0883 | RobustPrompt-I Loss nan  
Epoch 126 |  Time(s) 0.0879 | RobustPrompt-I Loss nan  
Epoch 127 |  Time(s) 0.0875 | RobustPrompt-I Loss nan  
Epoch 128 |  Time(s) 0.0876 | RobustPrompt-I Loss nan  
Epoch 129 |  Time(s) 0.1246 | RobustPrompt-I Loss nan  
Epoch 130 |  Time(s) 0.0882 | RobustPrompt-I Loss nan  
Epoch 131 |  Time(s) 0.1484 | RobustPrompt-I Loss nan  
Epoch 132 |  Time(s) 0.2394 | RobustPrompt-I Loss nan  
Epoch 133 |  Time(s) 0.1396 | RobustPrompt-I Loss nan  
Epoch 134 |  Time(s) 0.1663 | RobustPrompt-I Loss nan  
----------------------------------------------------------------------------------------------------
Early stopping at 135 eopch!
load LLC or attacked data with specified split
Successfully loaded the attack of dataname with few shot 5, split 1
Attack method : Meta_Self | Attack ptb : 0.1 | Dataset: Cora
======================
Number of graphs: 1
Number of features: 1433
Number of classes: 7

Data(x=[2708, 1433], edge_index=[2, 14274], y=[2708], train_mask=[2708], val_mask=[2708], test_mask=[2708])
===========================================================================================================
Number of nodes: 2708
Number of edges: 14274
Average node degree: 5.27
Has isolated nodes: False
Has self-loops: True
Is undirected: True
GCN(
  (conv_layers): ModuleList(
    (0): GCNConv(1433, 256)
    (1): GCNConv(256, 256)
  )
)
Successfully loaded pre-trained weights!
use RobustPrompt Inductive
defense pt dict :  {'sim_pt': 0.4, 'degree_pt': -1, 'out_detect_pt': -1.0, 'other_pt': 'all'}
use_attention :  False
kl_global :  False
cosine_constraint :  True
pt_threshold :  0.25
filter_module :  OriginalFilter
temperature :  1.0
weight_mse 0.1
weight_kl :  0.1
weight_constraint :  0.0
prepare induce graph data is finished!
run RobustPrompt-I
Epoch 001 |  Time(s) 0.1667 | RobustPrompt-I Loss 1.9453  
Epoch 002 |  Time(s) 0.2066 | RobustPrompt-I Loss 1.9329  
Epoch 003 |  Time(s) 0.2955 | RobustPrompt-I Loss 1.9126  
Epoch 004 |  Time(s) 0.1486 | RobustPrompt-I Loss 1.8917  
Epoch 005 |  Time(s) 0.1179 | RobustPrompt-I Loss 1.8647  
Epoch 006 |  Time(s) 0.0997 | RobustPrompt-I Loss 1.8377  
Epoch 007 |  Time(s) 0.1467 | RobustPrompt-I Loss 1.8126  
Epoch 008 |  Time(s) 0.1359 | RobustPrompt-I Loss 1.7973  
Epoch 009 |  Time(s) 0.2501 | RobustPrompt-I Loss 1.7789  
Epoch 010 |  Time(s) 0.1619 | RobustPrompt-I Loss 1.7675  
Epoch 011 |  Time(s) 0.0994 | RobustPrompt-I Loss 1.7687  
Epoch 012 |  Time(s) 0.0946 | RobustPrompt-I Loss 1.7622  
Epoch 013 |  Time(s) 0.0927 | RobustPrompt-I Loss 1.7491  
Epoch 014 |  Time(s) 0.0935 | RobustPrompt-I Loss 1.7431  
Epoch 015 |  Time(s) 0.0921 | RobustPrompt-I Loss 1.7349  
Epoch 016 |  Time(s) 0.0929 | RobustPrompt-I Loss 1.7238  
Epoch 017 |  Time(s) 0.1004 | RobustPrompt-I Loss 1.7153  
Epoch 018 |  Time(s) 0.1041 | RobustPrompt-I Loss 1.7121  
Epoch 019 |  Time(s) 0.1054 | RobustPrompt-I Loss 1.6989  
Epoch 020 |  Time(s) 0.0958 | RobustPrompt-I Loss 1.6899  
Epoch 021 |  Time(s) 0.0972 | RobustPrompt-I Loss 1.6859  
Epoch 022 |  Time(s) 0.0977 | RobustPrompt-I Loss 1.6816  
Epoch 023 |  Time(s) 0.1279 | RobustPrompt-I Loss 1.6920  
Epoch 024 |  Time(s) 0.1192 | RobustPrompt-I Loss 1.6723  
Epoch 025 |  Time(s) 0.1059 | RobustPrompt-I Loss 1.6580  
Epoch 026 |  Time(s) 0.0966 | RobustPrompt-I Loss 1.6666  
Epoch 027 |  Time(s) 0.1553 | RobustPrompt-I Loss 1.6568  
Epoch 028 |  Time(s) 0.0909 | RobustPrompt-I Loss 1.6306  
Epoch 029 |  Time(s) 0.0931 | RobustPrompt-I Loss 1.6354  
Epoch 030 |  Time(s) 0.0912 | RobustPrompt-I Loss 1.6318  
Epoch 031 |  Time(s) 0.0922 | RobustPrompt-I Loss 1.6016  
Epoch 032 |  Time(s) 0.0907 | RobustPrompt-I Loss 1.6028  
Epoch 033 |  Time(s) 0.0912 | RobustPrompt-I Loss 1.6069  
Epoch 034 |  Time(s) 0.0919 | RobustPrompt-I Loss 1.5739  
Epoch 035 |  Time(s) 0.1027 | RobustPrompt-I Loss 1.5649  
Epoch 036 |  Time(s) 0.0929 | RobustPrompt-I Loss 1.5719  
Epoch 037 |  Time(s) 0.0932 | RobustPrompt-I Loss 1.5306  
Epoch 038 |  Time(s) 0.0918 | RobustPrompt-I Loss 1.5194  
Epoch 039 |  Time(s) 0.0929 | RobustPrompt-I Loss 1.5253  
Epoch 040 |  Time(s) 0.0920 | RobustPrompt-I Loss 1.4846  
Epoch 041 |  Time(s) 0.1176 | RobustPrompt-I Loss 1.4698  
Epoch 042 |  Time(s) 0.0883 | RobustPrompt-I Loss 1.4828  
Epoch 043 |  Time(s) 0.0961 | RobustPrompt-I Loss 1.4315  
Epoch 044 |  Time(s) 0.0992 | RobustPrompt-I Loss 1.4242  
Epoch 045 |  Time(s) 0.0918 | RobustPrompt-I Loss 1.4375  
Epoch 046 |  Time(s) 0.0969 | RobustPrompt-I Loss 1.3803  
Epoch 047 |  Time(s) 0.0915 | RobustPrompt-I Loss 1.4045  
Epoch 048 |  Time(s) 0.0923 | RobustPrompt-I Loss 1.3545  
Epoch 049 |  Time(s) 0.0920 | RobustPrompt-I Loss 1.3479  
Epoch 050 |  Time(s) 0.0923 | RobustPrompt-I Loss 1.3624  
Epoch 051 |  Time(s) 0.0915 | RobustPrompt-I Loss 1.3093  
Epoch 052 |  Time(s) 0.0917 | RobustPrompt-I Loss 1.3502  
Epoch 053 |  Time(s) 0.0923 | RobustPrompt-I Loss 1.2870  
Epoch 054 |  Time(s) 0.0914 | RobustPrompt-I Loss 1.3388  
Epoch 055 |  Time(s) 0.0931 | RobustPrompt-I Loss 1.2704  
Epoch 056 |  Time(s) 0.0923 | RobustPrompt-I Loss 1.3561  
Epoch 057 |  Time(s) 0.0914 | RobustPrompt-I Loss 1.3190  
Epoch 058 |  Time(s) 0.0923 | RobustPrompt-I Loss 1.2670  
Epoch 059 |  Time(s) 0.0918 | RobustPrompt-I Loss 1.2631  
Epoch 060 |  Time(s) 0.0927 | RobustPrompt-I Loss 1.2597  
Epoch 061 |  Time(s) 0.0917 | RobustPrompt-I Loss 1.2379  
Epoch 062 |  Time(s) 0.0944 | RobustPrompt-I Loss 1.2770  
Epoch 063 |  Time(s) 0.0956 | RobustPrompt-I Loss 1.2661  
Epoch 064 |  Time(s) 0.0926 | RobustPrompt-I Loss 1.2158  
Epoch 065 |  Time(s) 0.0931 | RobustPrompt-I Loss 1.2207  
Epoch 066 |  Time(s) 0.0934 | RobustPrompt-I Loss 1.2165  
Epoch 067 |  Time(s) 0.0946 | RobustPrompt-I Loss 1.1866  
Epoch 068 |  Time(s) 0.0936 | RobustPrompt-I Loss 1.2014  
Epoch 069 |  Time(s) 0.0924 | RobustPrompt-I Loss 1.1710  
Epoch 070 |  Time(s) 0.0922 | RobustPrompt-I Loss 1.1846  
Epoch 071 |  Time(s) 0.0922 | RobustPrompt-I Loss 1.1698  
Epoch 072 |  Time(s) 0.0924 | RobustPrompt-I Loss 1.1537  
Epoch 073 |  Time(s) 0.0919 | RobustPrompt-I Loss 1.1674  
Epoch 074 |  Time(s) 0.0932 | RobustPrompt-I Loss 1.1410  
Epoch 075 |  Time(s) 0.0926 | RobustPrompt-I Loss 1.1383  
Epoch 076 |  Time(s) 0.0924 | RobustPrompt-I Loss 1.1388  
Epoch 077 |  Time(s) 0.0940 | RobustPrompt-I Loss 1.1166  
Epoch 078 |  Time(s) 0.0946 | RobustPrompt-I Loss 1.1186  
Epoch 079 |  Time(s) 0.1001 | RobustPrompt-I Loss 1.1154  
Epoch 080 |  Time(s) 0.1034 | RobustPrompt-I Loss 1.1050  
Epoch 081 |  Time(s) 0.0934 | RobustPrompt-I Loss 1.0905  
Epoch 082 |  Time(s) 0.1252 | RobustPrompt-I Loss 1.0974  
Epoch 083 |  Time(s) 0.1047 | RobustPrompt-I Loss 1.0928  
Epoch 084 |  Time(s) 0.0958 | RobustPrompt-I Loss 1.0738  
Epoch 085 |  Time(s) 0.0954 | RobustPrompt-I Loss 1.0697  
Epoch 086 |  Time(s) 0.0924 | RobustPrompt-I Loss 1.0865  
Epoch 087 |  Time(s) 0.0957 | RobustPrompt-I Loss 1.0490  
Epoch 088 |  Time(s) 0.0908 | RobustPrompt-I Loss 1.0917  
Epoch 089 |  Time(s) 0.0911 | RobustPrompt-I Loss 1.0414  
Epoch 090 |  Time(s) 0.0947 | RobustPrompt-I Loss 1.1114  
Epoch 091 |  Time(s) 0.0895 | RobustPrompt-I Loss 1.0784  
Epoch 092 |  Time(s) 0.0892 | RobustPrompt-I Loss 1.0713  
Epoch 093 |  Time(s) 0.0919 | RobustPrompt-I Loss 1.0694  
Epoch 094 |  Time(s) 0.0913 | RobustPrompt-I Loss 1.0447  
Epoch 095 |  Time(s) 0.0914 | RobustPrompt-I Loss 1.0211  
Epoch 096 |  Time(s) 0.0920 | RobustPrompt-I Loss 1.1017  
Epoch 097 |  Time(s) 0.0910 | RobustPrompt-I Loss 1.0829  
Epoch 098 |  Time(s) 0.0906 | RobustPrompt-I Loss 1.0156  
Epoch 099 |  Time(s) 0.0904 | RobustPrompt-I Loss 1.0169  
Epoch 100 |  Time(s) 0.0920 | RobustPrompt-I Loss 1.0477  
Epoch 101 |  Time(s) 0.0919 | RobustPrompt-I Loss 1.0247  
Epoch 102 |  Time(s) 0.0905 | RobustPrompt-I Loss 1.0364  
Epoch 103 |  Time(s) 0.0900 | RobustPrompt-I Loss 1.0267  
Epoch 104 |  Time(s) 0.0929 | RobustPrompt-I Loss 1.0054  
Epoch 105 |  Time(s) 0.0897 | RobustPrompt-I Loss 0.9919  
Epoch 106 |  Time(s) 0.0907 | RobustPrompt-I Loss 1.0374  
Epoch 107 |  Time(s) 0.0897 | RobustPrompt-I Loss 1.0299  
Epoch 108 |  Time(s) 0.0903 | RobustPrompt-I Loss 0.9809  
Epoch 109 |  Time(s) 0.0907 | RobustPrompt-I Loss 0.9741  
Epoch 110 |  Time(s) 0.0934 | RobustPrompt-I Loss 1.0223  
Epoch 111 |  Time(s) 0.0901 | RobustPrompt-I Loss 1.0020  
Epoch 112 |  Time(s) 0.0903 | RobustPrompt-I Loss 0.9866  
Epoch 113 |  Time(s) 0.0896 | RobustPrompt-I Loss 0.9764  
Epoch 114 |  Time(s) 0.0895 | RobustPrompt-I Loss 0.9917  
Epoch 115 |  Time(s) 0.0899 | RobustPrompt-I Loss 0.9768  
Epoch 116 |  Time(s) 0.0899 | RobustPrompt-I Loss 0.9852  
Epoch 117 |  Time(s) 0.0908 | RobustPrompt-I Loss 0.9753  
Epoch 118 |  Time(s) 0.0907 | RobustPrompt-I Loss 0.9673  
Epoch 119 |  Time(s) 0.0903 | RobustPrompt-I Loss 0.9568  
Epoch 120 |  Time(s) 0.0902 | RobustPrompt-I Loss 0.9807  
Epoch 121 |  Time(s) 0.0892 | RobustPrompt-I Loss 0.9686  
Epoch 122 |  Time(s) 0.0898 | RobustPrompt-I Loss 0.9548  
Epoch 123 |  Time(s) 0.0899 | RobustPrompt-I Loss 0.9461  
Epoch 124 |  Time(s) 0.0897 | RobustPrompt-I Loss 0.9674  
Epoch 125 |  Time(s) 0.0901 | RobustPrompt-I Loss 0.9548  
Epoch 126 |  Time(s) 0.0882 | RobustPrompt-I Loss 0.9447  
Epoch 127 |  Time(s) 0.0898 | RobustPrompt-I Loss 0.9353  
Epoch 128 |  Time(s) 0.0888 | RobustPrompt-I Loss 0.9535  
Epoch 129 |  Time(s) 0.0893 | RobustPrompt-I Loss 0.9395  
Epoch 130 |  Time(s) 0.0893 | RobustPrompt-I Loss 0.9392  
Epoch 131 |  Time(s) 0.0891 | RobustPrompt-I Loss 0.9284  
Epoch 132 |  Time(s) 0.1113 | RobustPrompt-I Loss 0.9412  
Epoch 133 |  Time(s) 0.0922 | RobustPrompt-I Loss 0.9284  
Epoch 134 |  Time(s) 0.1226 | RobustPrompt-I Loss 0.9310  
Epoch 135 |  Time(s) 0.0929 | RobustPrompt-I Loss 0.9213  
Epoch 136 |  Time(s) 0.0898 | RobustPrompt-I Loss 0.9266  
Epoch 137 |  Time(s) 0.0898 | RobustPrompt-I Loss 0.9140  
Epoch 138 |  Time(s) 0.0904 | RobustPrompt-I Loss 0.9258  
Epoch 139 |  Time(s) 0.0911 | RobustPrompt-I Loss 0.9140  
Epoch 140 |  Time(s) 0.0897 | RobustPrompt-I Loss 0.9168  
Epoch 141 |  Time(s) 0.0907 | RobustPrompt-I Loss 0.9055  
Epoch 142 |  Time(s) 0.0903 | RobustPrompt-I Loss 0.9154  
Epoch 143 |  Time(s) 0.0905 | RobustPrompt-I Loss 0.9052  
Epoch 144 |  Time(s) 0.0907 | RobustPrompt-I Loss 0.9061  
Epoch 145 |  Time(s) 0.0908 | RobustPrompt-I Loss 0.8952  
Epoch 146 |  Time(s) 0.0904 | RobustPrompt-I Loss 0.9060  
Epoch 147 |  Time(s) 0.0910 | RobustPrompt-I Loss 0.8938  
Epoch 148 |  Time(s) 0.0915 | RobustPrompt-I Loss 0.9015  
Epoch 149 |  Time(s) 0.0910 | RobustPrompt-I Loss 0.8903  
Epoch 150 |  Time(s) 0.0900 | RobustPrompt-I Loss nan  
Epoch 151 |  Time(s) 0.0895 | RobustPrompt-I Loss nan  
Epoch 152 |  Time(s) 0.0898 | RobustPrompt-I Loss nan  
Epoch 153 |  Time(s) 0.0899 | RobustPrompt-I Loss nan  
Epoch 154 |  Time(s) 0.0906 | RobustPrompt-I Loss nan  
Epoch 155 |  Time(s) 0.0904 | RobustPrompt-I Loss nan  
Epoch 156 |  Time(s) 0.0895 | RobustPrompt-I Loss nan  
Epoch 157 |  Time(s) 0.0905 | RobustPrompt-I Loss nan  
Epoch 158 |  Time(s) 0.0905 | RobustPrompt-I Loss nan  
Epoch 159 |  Time(s) 0.0910 | RobustPrompt-I Loss nan  
Epoch 160 |  Time(s) 0.0887 | RobustPrompt-I Loss nan  
Epoch 161 |  Time(s) 0.0898 | RobustPrompt-I Loss nan  
Epoch 162 |  Time(s) 0.0898 | RobustPrompt-I Loss nan  
Epoch 163 |  Time(s) 0.0889 | RobustPrompt-I Loss nan  
Epoch 164 |  Time(s) 0.0897 | RobustPrompt-I Loss nan  
Epoch 165 |  Time(s) 0.0894 | RobustPrompt-I Loss nan  
Epoch 166 |  Time(s) 0.0894 | RobustPrompt-I Loss nan  
Epoch 167 |  Time(s) 0.0897 | RobustPrompt-I Loss nan  
Epoch 168 |  Time(s) 0.0899 | RobustPrompt-I Loss nan  
----------------------------------------------------------------------------------------------------
Early stopping at 169 eopch!
load LLC or attacked data with specified split
Successfully loaded the attack of dataname with few shot 5, split 1
Attack method : Meta_Self | Attack ptb : 0.1 | Dataset: Cora
======================
Number of graphs: 1
Number of features: 1433
Number of classes: 7

Data(x=[2708, 1433], edge_index=[2, 14274], y=[2708], train_mask=[2708], val_mask=[2708], test_mask=[2708])
===========================================================================================================
Number of nodes: 2708
Number of edges: 14274
Average node degree: 5.27
Has isolated nodes: False
Has self-loops: True
Is undirected: True
GCN(
  (conv_layers): ModuleList(
    (0): GCNConv(1433, 256)
    (1): GCNConv(256, 256)
  )
)
Successfully loaded pre-trained weights!
use RobustPrompt Inductive
defense pt dict :  {'sim_pt': 0.4, 'degree_pt': -1, 'out_detect_pt': -1.0, 'other_pt': 'all'}
use_attention :  False
kl_global :  False
cosine_constraint :  True
pt_threshold :  0.25
filter_module :  OriginalFilter
temperature :  1.0
weight_mse 0.1
weight_kl :  0.1
weight_constraint :  0.0
prepare induce graph data is finished!
run RobustPrompt-I
Epoch 001 |  Time(s) 0.0969 | RobustPrompt-I Loss 1.9474  
Epoch 002 |  Time(s) 0.0897 | RobustPrompt-I Loss 1.9391  
Epoch 003 |  Time(s) 0.0896 | RobustPrompt-I Loss nan  
Epoch 004 |  Time(s) 0.0895 | RobustPrompt-I Loss nan  
Epoch 005 |  Time(s) 0.0894 | RobustPrompt-I Loss nan  
Epoch 006 |  Time(s) 0.0902 | RobustPrompt-I Loss nan  
Epoch 007 |  Time(s) 0.0897 | RobustPrompt-I Loss nan  
Epoch 008 |  Time(s) 0.0898 | RobustPrompt-I Loss nan  
Epoch 009 |  Time(s) 0.0898 | RobustPrompt-I Loss nan  
Epoch 010 |  Time(s) 0.0899 | RobustPrompt-I Loss nan  
Epoch 011 |  Time(s) 0.0890 | RobustPrompt-I Loss nan  
Epoch 012 |  Time(s) 0.0886 | RobustPrompt-I Loss nan  
Epoch 013 |  Time(s) 0.0879 | RobustPrompt-I Loss nan  
Epoch 014 |  Time(s) 0.0891 | RobustPrompt-I Loss nan  
Epoch 015 |  Time(s) 0.0878 | RobustPrompt-I Loss nan  
Epoch 016 |  Time(s) 0.0879 | RobustPrompt-I Loss nan  
Epoch 017 |  Time(s) 0.0880 | RobustPrompt-I Loss nan  
Epoch 018 |  Time(s) 0.0961 | RobustPrompt-I Loss nan  
Epoch 019 |  Time(s) 0.0880 | RobustPrompt-I Loss nan  
Epoch 020 |  Time(s) 0.0875 | RobustPrompt-I Loss nan  
Epoch 021 |  Time(s) 0.0892 | RobustPrompt-I Loss nan  
----------------------------------------------------------------------------------------------------
Early stopping at 22 eopch!
load LLC or attacked data with specified split
Successfully loaded the attack of dataname with few shot 5, split 1
Attack method : Meta_Self | Attack ptb : 0.1 | Dataset: Cora
======================
Number of graphs: 1
Number of features: 1433
Number of classes: 7

Data(x=[2708, 1433], edge_index=[2, 14274], y=[2708], train_mask=[2708], val_mask=[2708], test_mask=[2708])
===========================================================================================================
Number of nodes: 2708
Number of edges: 14274
Average node degree: 5.27
Has isolated nodes: False
Has self-loops: True
Is undirected: True
GCN(
  (conv_layers): ModuleList(
    (0): GCNConv(1433, 256)
    (1): GCNConv(256, 256)
  )
)
Successfully loaded pre-trained weights!
use RobustPrompt Inductive
defense pt dict :  {'sim_pt': 0.4, 'degree_pt': -1, 'out_detect_pt': -1.0, 'other_pt': 'all'}
use_attention :  False
kl_global :  False
cosine_constraint :  True
pt_threshold :  0.25
filter_module :  OriginalFilter
temperature :  1.0
weight_mse 0.1
weight_kl :  0.1
weight_constraint :  0.0
prepare induce graph data is finished!
run RobustPrompt-I
Epoch 001 |  Time(s) 0.1054 | RobustPrompt-I Loss 1.9418  
Epoch 002 |  Time(s) 0.1343 | RobustPrompt-I Loss 1.9384  
Epoch 003 |  Time(s) 0.2827 | RobustPrompt-I Loss 1.9234  
Epoch 004 |  Time(s) 0.0998 | RobustPrompt-I Loss 1.9074  
Epoch 005 |  Time(s) 0.0891 | RobustPrompt-I Loss 1.8800  
Epoch 006 |  Time(s) 0.0888 | RobustPrompt-I Loss 1.8602  
Epoch 007 |  Time(s) 0.0886 | RobustPrompt-I Loss 1.8333  
Epoch 008 |  Time(s) 0.0888 | RobustPrompt-I Loss 1.8102  
Epoch 009 |  Time(s) 0.0890 | RobustPrompt-I Loss 1.7909  
Epoch 010 |  Time(s) 0.0888 | RobustPrompt-I Loss 1.7777  
Epoch 011 |  Time(s) 0.0890 | RobustPrompt-I Loss 1.7693  
Epoch 012 |  Time(s) 0.0893 | RobustPrompt-I Loss 1.7615  
Epoch 013 |  Time(s) 0.0889 | RobustPrompt-I Loss 1.7545  
Epoch 014 |  Time(s) 0.0894 | RobustPrompt-I Loss 1.7533  
Epoch 015 |  Time(s) 0.0923 | RobustPrompt-I Loss 1.7486  
Epoch 016 |  Time(s) 0.0897 | RobustPrompt-I Loss 1.7337  
Epoch 017 |  Time(s) 0.0897 | RobustPrompt-I Loss 1.7308  
Epoch 018 |  Time(s) 0.0908 | RobustPrompt-I Loss 1.7210  
Epoch 019 |  Time(s) 0.1988 | RobustPrompt-I Loss 1.7044  
Epoch 020 |  Time(s) 0.0971 | RobustPrompt-I Loss 1.6933  
Epoch 021 |  Time(s) 0.0936 | RobustPrompt-I Loss 1.7194  
Epoch 022 |  Time(s) 0.0910 | RobustPrompt-I Loss 1.6894  
Epoch 023 |  Time(s) 0.0948 | RobustPrompt-I Loss 1.6686  
Epoch 024 |  Time(s) 0.0908 | RobustPrompt-I Loss 1.6853  
Epoch 025 |  Time(s) 0.0903 | RobustPrompt-I Loss 1.6470  
Epoch 026 |  Time(s) 0.0907 | RobustPrompt-I Loss 1.6661  
Epoch 027 |  Time(s) 0.0908 | RobustPrompt-I Loss 1.6553  
Epoch 028 |  Time(s) 0.0910 | RobustPrompt-I Loss 1.6243  
Epoch 029 |  Time(s) 0.0898 | RobustPrompt-I Loss 1.6458  
Epoch 030 |  Time(s) 0.0908 | RobustPrompt-I Loss 1.6180  
Epoch 031 |  Time(s) 0.0906 | RobustPrompt-I Loss 1.6099  
Epoch 032 |  Time(s) 0.0904 | RobustPrompt-I Loss 1.6110  
Epoch 033 |  Time(s) 0.0910 | RobustPrompt-I Loss 1.5779  
Epoch 034 |  Time(s) 0.0902 | RobustPrompt-I Loss 1.5770  
Epoch 035 |  Time(s) 0.0900 | RobustPrompt-I Loss 1.5724  
Epoch 036 |  Time(s) 0.0906 | RobustPrompt-I Loss 1.5461  
Epoch 037 |  Time(s) 0.0904 | RobustPrompt-I Loss 1.5389  
Epoch 038 |  Time(s) 0.2364 | RobustPrompt-I Loss 1.5346  
Epoch 039 |  Time(s) 0.3128 | RobustPrompt-I Loss 1.5105  
Epoch 040 |  Time(s) 0.2148 | RobustPrompt-I Loss 1.4863  
Epoch 041 |  Time(s) 0.1722 | RobustPrompt-I Loss 1.4833  
Epoch 042 |  Time(s) 0.0987 | RobustPrompt-I Loss 1.4763  
Epoch 043 |  Time(s) 0.0888 | RobustPrompt-I Loss 1.4462  
Epoch 044 |  Time(s) 0.0887 | RobustPrompt-I Loss 1.4274  
Epoch 045 |  Time(s) 0.0893 | RobustPrompt-I Loss 1.4254  
Epoch 046 |  Time(s) 0.0899 | RobustPrompt-I Loss 1.4172  
Epoch 047 |  Time(s) 0.0957 | RobustPrompt-I Loss 1.3896  
Epoch 048 |  Time(s) 0.0898 | RobustPrompt-I Loss 1.3678  
Epoch 049 |  Time(s) 0.0891 | RobustPrompt-I Loss 1.3633  
Epoch 050 |  Time(s) 0.0887 | RobustPrompt-I Loss 1.3623  
Epoch 051 |  Time(s) 0.0890 | RobustPrompt-I Loss 1.3307  
Epoch 052 |  Time(s) 0.0899 | RobustPrompt-I Loss 1.3128  
Epoch 053 |  Time(s) 0.0910 | RobustPrompt-I Loss 1.3099  
Epoch 054 |  Time(s) 0.1304 | RobustPrompt-I Loss 1.3056  
Epoch 055 |  Time(s) 0.2570 | RobustPrompt-I Loss 1.2870  
Epoch 056 |  Time(s) 0.1036 | RobustPrompt-I Loss 1.2663  
Epoch 057 |  Time(s) 0.0927 | RobustPrompt-I Loss 1.2538  
Epoch 058 |  Time(s) 0.0893 | RobustPrompt-I Loss nan  
Epoch 059 |  Time(s) 0.0886 | RobustPrompt-I Loss nan  
Epoch 060 |  Time(s) 0.0882 | RobustPrompt-I Loss nan  
Epoch 061 |  Time(s) 0.0892 | RobustPrompt-I Loss nan  
Epoch 062 |  Time(s) 0.0915 | RobustPrompt-I Loss nan  
Epoch 063 |  Time(s) 0.0889 | RobustPrompt-I Loss nan  
Epoch 064 |  Time(s) 0.0888 | RobustPrompt-I Loss nan  
Epoch 065 |  Time(s) 0.0889 | RobustPrompt-I Loss nan  
Epoch 066 |  Time(s) 0.0894 | RobustPrompt-I Loss nan  
Epoch 067 |  Time(s) 0.0897 | RobustPrompt-I Loss nan  
Epoch 068 |  Time(s) 0.0893 | RobustPrompt-I Loss nan  
Epoch 069 |  Time(s) 0.0893 | RobustPrompt-I Loss nan  
Epoch 070 |  Time(s) 0.0891 | RobustPrompt-I Loss nan  
Epoch 071 |  Time(s) 0.0894 | RobustPrompt-I Loss nan  
Epoch 072 |  Time(s) 0.0911 | RobustPrompt-I Loss nan  
Epoch 073 |  Time(s) 0.0900 | RobustPrompt-I Loss nan  
Epoch 074 |  Time(s) 0.0898 | RobustPrompt-I Loss nan  
Epoch 075 |  Time(s) 0.0901 | RobustPrompt-I Loss nan  
Epoch 076 |  Time(s) 0.0906 | RobustPrompt-I Loss nan  
----------------------------------------------------------------------------------------------------
Early stopping at 77 eopch!
load LLC or attacked data with specified split
Successfully loaded the attack of dataname with few shot 5, split 1
Attack method : Meta_Self | Attack ptb : 0.1 | Dataset: Cora
======================
Number of graphs: 1
Number of features: 1433
Number of classes: 7

Data(x=[2708, 1433], edge_index=[2, 14274], y=[2708], train_mask=[2708], val_mask=[2708], test_mask=[2708])
===========================================================================================================
Number of nodes: 2708
Number of edges: 14274
Average node degree: 5.27
Has isolated nodes: False
Has self-loops: True
Is undirected: True
GCN(
  (conv_layers): ModuleList(
    (0): GCNConv(1433, 256)
    (1): GCNConv(256, 256)
  )
)
Successfully loaded pre-trained weights!
use RobustPrompt Inductive
defense pt dict :  {'sim_pt': 0.4, 'degree_pt': -1, 'out_detect_pt': -1.0, 'other_pt': 'all'}
use_attention :  False
kl_global :  False
cosine_constraint :  True
pt_threshold :  0.25
filter_module :  OriginalFilter
temperature :  1.0
weight_mse 0.1
weight_kl :  0.1
weight_constraint :  0.0
prepare induce graph data is finished!
run RobustPrompt-I
Epoch 001 |  Time(s) 0.1279 | RobustPrompt-I Loss 1.9474  
Epoch 002 |  Time(s) 0.1617 | RobustPrompt-I Loss 1.9383  
Epoch 003 |  Time(s) 0.1014 | RobustPrompt-I Loss 1.9205  
Epoch 004 |  Time(s) 0.0940 | RobustPrompt-I Loss 1.8993  
Epoch 005 |  Time(s) 0.0923 | RobustPrompt-I Loss 1.8724  
Epoch 006 |  Time(s) 0.0931 | RobustPrompt-I Loss 1.8526  
Epoch 007 |  Time(s) 0.0897 | RobustPrompt-I Loss 1.8284  
Epoch 008 |  Time(s) 0.0901 | RobustPrompt-I Loss 1.8108  
Epoch 009 |  Time(s) 0.0911 | RobustPrompt-I Loss 1.8003  
Epoch 010 |  Time(s) 0.1105 | RobustPrompt-I Loss 1.7789  
Epoch 011 |  Time(s) 0.0915 | RobustPrompt-I Loss 1.7717  
Epoch 012 |  Time(s) 0.0893 | RobustPrompt-I Loss 1.7653  
Epoch 013 |  Time(s) 0.0897 | RobustPrompt-I Loss 1.7563  
Epoch 014 |  Time(s) 0.0899 | RobustPrompt-I Loss 1.7466  
Epoch 015 |  Time(s) 0.0896 | RobustPrompt-I Loss 1.7404  
Epoch 016 |  Time(s) 0.0898 | RobustPrompt-I Loss 1.7249  
Epoch 017 |  Time(s) 0.0905 | RobustPrompt-I Loss 1.7179  
Epoch 018 |  Time(s) 0.0912 | RobustPrompt-I Loss 1.7117  
Epoch 019 |  Time(s) 0.0903 | RobustPrompt-I Loss 1.7046  
Epoch 020 |  Time(s) 0.0909 | RobustPrompt-I Loss 1.7071  
Epoch 021 |  Time(s) 0.0909 | RobustPrompt-I Loss 1.6952  
Epoch 022 |  Time(s) 0.0903 | RobustPrompt-I Loss 1.6927  
Epoch 023 |  Time(s) 0.0907 | RobustPrompt-I Loss 1.6950  
Epoch 024 |  Time(s) 0.0906 | RobustPrompt-I Loss 1.6859  
Epoch 025 |  Time(s) 0.0903 | RobustPrompt-I Loss 1.6625  
Epoch 026 |  Time(s) 0.0909 | RobustPrompt-I Loss 1.6597  
Epoch 027 |  Time(s) 0.0906 | RobustPrompt-I Loss 1.6521  
Epoch 028 |  Time(s) 0.0912 | RobustPrompt-I Loss 1.6518  
Epoch 029 |  Time(s) 0.0904 | RobustPrompt-I Loss 1.6269  
Epoch 030 |  Time(s) 0.0900 | RobustPrompt-I Loss 1.6190  
Epoch 031 |  Time(s) 0.0913 | RobustPrompt-I Loss 1.6111  
Epoch 032 |  Time(s) 0.0907 | RobustPrompt-I Loss 1.5958  
Epoch 033 |  Time(s) 0.0909 | RobustPrompt-I Loss 1.5821  
Epoch 034 |  Time(s) 0.0920 | RobustPrompt-I Loss 1.5730  
Epoch 035 |  Time(s) 0.0913 | RobustPrompt-I Loss 1.5904  
Epoch 036 |  Time(s) 0.0905 | RobustPrompt-I Loss 1.5868  
Epoch 037 |  Time(s) 0.0902 | RobustPrompt-I Loss 1.5154  
Epoch 038 |  Time(s) 0.0899 | RobustPrompt-I Loss 1.5880  
Epoch 039 |  Time(s) 0.0909 | RobustPrompt-I Loss 1.4922  
Epoch 040 |  Time(s) 0.0914 | RobustPrompt-I Loss 1.5066  
Epoch 041 |  Time(s) 0.0915 | RobustPrompt-I Loss 1.5363  
Epoch 042 |  Time(s) 0.0910 | RobustPrompt-I Loss 1.4779  
Epoch 043 |  Time(s) 0.0905 | RobustPrompt-I Loss 1.4967  
Epoch 044 |  Time(s) 0.0905 | RobustPrompt-I Loss 1.4317  
Epoch 045 |  Time(s) 0.0904 | RobustPrompt-I Loss 1.5619  
Epoch 046 |  Time(s) 0.0905 | RobustPrompt-I Loss 1.5606  
Epoch 047 |  Time(s) 0.0919 | RobustPrompt-I Loss 1.4039  
Epoch 048 |  Time(s) 0.0902 | RobustPrompt-I Loss 1.4585  
Epoch 049 |  Time(s) 0.0904 | RobustPrompt-I Loss 1.4206  
Epoch 050 |  Time(s) 0.0906 | RobustPrompt-I Loss 1.4061  
Epoch 051 |  Time(s) 0.0901 | RobustPrompt-I Loss 1.3947  
Epoch 052 |  Time(s) 0.1206 | RobustPrompt-I Loss 1.3487  
Epoch 053 |  Time(s) 0.2033 | RobustPrompt-I Loss 1.3722  
Epoch 054 |  Time(s) 0.1974 | RobustPrompt-I Loss 1.3199  
Epoch 055 |  Time(s) 0.1059 | RobustPrompt-I Loss 1.3448  
Epoch 056 |  Time(s) 0.1007 | RobustPrompt-I Loss 1.3216  
Epoch 057 |  Time(s) 0.0928 | RobustPrompt-I Loss 1.3040  
Epoch 058 |  Time(s) 0.0891 | RobustPrompt-I Loss 1.2933  
Epoch 059 |  Time(s) 0.0893 | RobustPrompt-I Loss 1.2798  
Epoch 060 |  Time(s) 0.0898 | RobustPrompt-I Loss 1.2816  
Epoch 061 |  Time(s) 0.0896 | RobustPrompt-I Loss 1.2538  
Epoch 062 |  Time(s) 0.0892 | RobustPrompt-I Loss 1.2550  
Epoch 063 |  Time(s) 0.0894 | RobustPrompt-I Loss 1.2363  
Epoch 064 |  Time(s) 0.0898 | RobustPrompt-I Loss 1.2332  
Epoch 065 |  Time(s) 0.0890 | RobustPrompt-I Loss 1.2295  
Epoch 066 |  Time(s) 0.0895 | RobustPrompt-I Loss nan  
Epoch 067 |  Time(s) 0.1365 | RobustPrompt-I Loss nan  
Epoch 068 |  Time(s) 0.0943 | RobustPrompt-I Loss nan  
Epoch 069 |  Time(s) 0.0914 | RobustPrompt-I Loss nan  
Epoch 070 |  Time(s) 0.0918 | RobustPrompt-I Loss nan  
Epoch 071 |  Time(s) 0.0913 | RobustPrompt-I Loss nan  
Epoch 072 |  Time(s) 0.0901 | RobustPrompt-I Loss nan  
Epoch 073 |  Time(s) 0.1041 | RobustPrompt-I Loss nan  
Epoch 074 |  Time(s) 0.0918 | RobustPrompt-I Loss nan  
Epoch 075 |  Time(s) 0.0897 | RobustPrompt-I Loss nan  
Epoch 076 |  Time(s) 0.0898 | RobustPrompt-I Loss nan  
Epoch 077 |  Time(s) 0.0907 | RobustPrompt-I Loss nan  
Epoch 078 |  Time(s) 0.0888 | RobustPrompt-I Loss nan  
Epoch 079 |  Time(s) 0.0897 | RobustPrompt-I Loss nan  
Epoch 080 |  Time(s) 0.0905 | RobustPrompt-I Loss nan  
Epoch 081 |  Time(s) 0.0972 | RobustPrompt-I Loss nan  
Epoch 082 |  Time(s) 0.0900 | RobustPrompt-I Loss nan  
Epoch 083 |  Time(s) 0.0960 | RobustPrompt-I Loss nan  
Epoch 084 |  Time(s) 0.0916 | RobustPrompt-I Loss nan  
----------------------------------------------------------------------------------------------------
Early stopping at 85 eopch!
{1: {1: nan}, 2: {1: nan}, 3: {1: nan}, 4: {1: nan}, 5: {1: nan}}
{1: {1: nan, 2: nan, 3: nan, 4: nan, 5: nan}}
########################################################################################
seed: 1 | split 1 : nan
# Seed 1 Muti Split Final Acc: nan±nan
seed: 2 | split 1 : nan
# Seed 2 Muti Split Final Acc: nan±nan
seed: 3 | split 1 : nan
# Seed 3 Muti Split Final Acc: nan±nan
seed: 4 | split 1 : nan
# Seed 4 Muti Split Final Acc: nan±nan
seed: 5 | split 1 : nan
# Seed 5 Muti Split Final Acc: nan±nan
########################################################################################
split: 1 | seed 1 : nan
split: 1 | seed 2 : nan
split: 1 | seed 3 : nan
split: 1 | seed 4 : nan
split: 1 | seed 5 : nan
# Split 1 Muti Seed Acc without min value: nan±nan
########################################################################################
Done sim=0.4, ptb=0.1, end=2026-06-08 23:08:10, duration=00:01:00
