Start sim=0.6, ptb=0.05, time=2026-06-08 23:03:21, log=logs/RobustPrompt-I/ft_sim0.6_0.05_20260608_230321.log
load LLC or attacked data with specified split
Successfully loaded the attack of dataname with few shot 5, split 1
Attack method : Meta_Self | Attack ptb : 0.05 | Dataset: Cora
======================
Number of graphs: 1
Number of features: 1433
Number of classes: 7

Data(x=[2708, 1433], edge_index=[2, 13790], y=[2708], train_mask=[2708], val_mask=[2708], test_mask=[2708])
===========================================================================================================
Number of nodes: 2708
Number of edges: 13790
Average node degree: 5.09
Has isolated nodes: False
Has self-loops: True
Is undirected: True
GCN(
  (conv_layers): ModuleList(
    (0): GCNConv(1433, 256)
    (1): GCNConv(256, 256)
  )
)
Successfully loaded pre-trained weights!
use RobustPrompt Inductive
defense pt dict :  {'sim_pt': 0.6, 'degree_pt': -1, 'out_detect_pt': -1.0, 'other_pt': 'all'}
use_attention :  False
kl_global :  False
cosine_constraint :  True
pt_threshold :  0.25
filter_module :  OriginalFilter
temperature :  1.0
weight_mse 0.1
weight_kl :  0.1
weight_constraint :  0.0
prepare induce graph data is finished!
run RobustPrompt-I
Epoch 001 |  Time(s) 0.4428 | RobustPrompt-I Loss 1.9458  
Epoch 002 |  Time(s) 0.0930 | RobustPrompt-I Loss 1.9513  
Epoch 003 |  Time(s) 0.0929 | RobustPrompt-I Loss 1.9429  
Epoch 004 |  Time(s) 0.0908 | RobustPrompt-I Loss 1.9341  
Epoch 005 |  Time(s) 0.0863 | RobustPrompt-I Loss 1.9300  
Epoch 006 |  Time(s) 0.0862 | RobustPrompt-I Loss 1.9232  
Epoch 007 |  Time(s) 0.0874 | RobustPrompt-I Loss 1.9168  
Epoch 008 |  Time(s) 0.0872 | RobustPrompt-I Loss 1.9073  
Epoch 009 |  Time(s) 0.0865 | RobustPrompt-I Loss 1.8965  
Epoch 010 |  Time(s) 0.0871 | RobustPrompt-I Loss 1.8896  
Epoch 011 |  Time(s) 0.0874 | RobustPrompt-I Loss 1.8793  
Epoch 012 |  Time(s) 0.0876 | RobustPrompt-I Loss 1.8662  
Epoch 013 |  Time(s) 0.0870 | RobustPrompt-I Loss 1.8472  
Epoch 014 |  Time(s) 0.1872 | RobustPrompt-I Loss 1.8379  
Epoch 015 |  Time(s) 0.1224 | RobustPrompt-I Loss 1.8360  
Epoch 016 |  Time(s) 0.1027 | RobustPrompt-I Loss 1.8329  
Epoch 017 |  Time(s) 0.0970 | RobustPrompt-I Loss 1.8077  
Epoch 018 |  Time(s) 0.0921 | RobustPrompt-I Loss 1.8013  
Epoch 019 |  Time(s) 0.0927 | RobustPrompt-I Loss 1.8006  
Epoch 020 |  Time(s) 0.0932 | RobustPrompt-I Loss 1.7864  
Epoch 021 |  Time(s) 0.0941 | RobustPrompt-I Loss 1.7726  
Epoch 022 |  Time(s) 0.0984 | RobustPrompt-I Loss 1.7812  
Epoch 023 |  Time(s) 0.0969 | RobustPrompt-I Loss 1.7637  
Epoch 024 |  Time(s) 0.0944 | RobustPrompt-I Loss 1.7527  
Epoch 025 |  Time(s) 0.0947 | RobustPrompt-I Loss 1.7551  
Epoch 026 |  Time(s) 0.0967 | RobustPrompt-I Loss 1.7512  
Epoch 027 |  Time(s) 0.0961 | RobustPrompt-I Loss 1.7329  
Epoch 028 |  Time(s) 0.0972 | RobustPrompt-I Loss 1.7235  
Epoch 029 |  Time(s) 0.0900 | RobustPrompt-I Loss 1.7374  
Epoch 030 |  Time(s) 0.0906 | RobustPrompt-I Loss nan  
Epoch 031 |  Time(s) 0.0904 | RobustPrompt-I Loss nan  
Epoch 032 |  Time(s) 0.1332 | RobustPrompt-I Loss nan  
Epoch 033 |  Time(s) 0.1349 | RobustPrompt-I Loss nan  
Epoch 034 |  Time(s) 0.0936 | RobustPrompt-I Loss nan  
Epoch 035 |  Time(s) 0.0892 | RobustPrompt-I Loss nan  
Epoch 036 |  Time(s) 0.0920 | RobustPrompt-I Loss nan  
Epoch 037 |  Time(s) 0.0932 | RobustPrompt-I Loss nan  
Epoch 038 |  Time(s) 0.0917 | RobustPrompt-I Loss nan  
Epoch 039 |  Time(s) 0.0921 | RobustPrompt-I Loss nan  
Epoch 040 |  Time(s) 0.0945 | RobustPrompt-I Loss nan  
Epoch 041 |  Time(s) 0.0893 | RobustPrompt-I Loss nan  
Epoch 042 |  Time(s) 0.0894 | RobustPrompt-I Loss nan  
Epoch 043 |  Time(s) 0.0891 | RobustPrompt-I Loss nan  
Epoch 044 |  Time(s) 0.0885 | RobustPrompt-I Loss nan  
Epoch 045 |  Time(s) 0.0882 | RobustPrompt-I Loss nan  
Epoch 046 |  Time(s) 0.0893 | RobustPrompt-I Loss nan  
Epoch 047 |  Time(s) 0.0883 | RobustPrompt-I Loss nan  
----------------------------------------------------------------------------------------------------
Early stopping at 48 eopch!
load LLC or attacked data with specified split
Successfully loaded the attack of dataname with few shot 5, split 1
Attack method : Meta_Self | Attack ptb : 0.05 | Dataset: Cora
======================
Number of graphs: 1
Number of features: 1433
Number of classes: 7

Data(x=[2708, 1433], edge_index=[2, 13790], y=[2708], train_mask=[2708], val_mask=[2708], test_mask=[2708])
===========================================================================================================
Number of nodes: 2708
Number of edges: 13790
Average node degree: 5.09
Has isolated nodes: False
Has self-loops: True
Is undirected: True
GCN(
  (conv_layers): ModuleList(
    (0): GCNConv(1433, 256)
    (1): GCNConv(256, 256)
  )
)
Successfully loaded pre-trained weights!
use RobustPrompt Inductive
defense pt dict :  {'sim_pt': 0.6, 'degree_pt': -1, 'out_detect_pt': -1.0, 'other_pt': 'all'}
use_attention :  False
kl_global :  False
cosine_constraint :  True
pt_threshold :  0.25
filter_module :  OriginalFilter
temperature :  1.0
weight_mse 0.1
weight_kl :  0.1
weight_constraint :  0.0
prepare induce graph data is finished!
run RobustPrompt-I
Epoch 001 |  Time(s) 0.1131 | RobustPrompt-I Loss 1.9445  
Epoch 002 |  Time(s) 0.1001 | RobustPrompt-I Loss 1.9519  
Epoch 003 |  Time(s) 0.0935 | RobustPrompt-I Loss 1.9408  
Epoch 004 |  Time(s) 0.0946 | RobustPrompt-I Loss 1.9367  
Epoch 005 |  Time(s) 0.0941 | RobustPrompt-I Loss nan  
Epoch 006 |  Time(s) 0.0979 | RobustPrompt-I Loss nan  
Epoch 007 |  Time(s) 0.0942 | RobustPrompt-I Loss nan  
Epoch 008 |  Time(s) 0.0985 | RobustPrompt-I Loss nan  
Epoch 009 |  Time(s) 0.0938 | RobustPrompt-I Loss nan  
Epoch 010 |  Time(s) 0.0966 | RobustPrompt-I Loss nan  
Epoch 011 |  Time(s) 0.0927 | RobustPrompt-I Loss nan  
Epoch 012 |  Time(s) 0.1052 | RobustPrompt-I Loss nan  
Epoch 013 |  Time(s) 0.0920 | RobustPrompt-I Loss nan  
Epoch 014 |  Time(s) 0.1028 | RobustPrompt-I Loss nan  
Epoch 015 |  Time(s) 0.0961 | RobustPrompt-I Loss nan  
Epoch 016 |  Time(s) 0.0958 | RobustPrompt-I Loss nan  
Epoch 017 |  Time(s) 0.0961 | RobustPrompt-I Loss nan  
Epoch 018 |  Time(s) 0.0981 | RobustPrompt-I Loss nan  
Epoch 019 |  Time(s) 0.0962 | RobustPrompt-I Loss nan  
Epoch 020 |  Time(s) 0.0957 | RobustPrompt-I Loss nan  
Epoch 021 |  Time(s) 0.1436 | RobustPrompt-I Loss nan  
Epoch 022 |  Time(s) 0.1000 | RobustPrompt-I Loss nan  
Epoch 023 |  Time(s) 0.0961 | RobustPrompt-I Loss nan  
----------------------------------------------------------------------------------------------------
Early stopping at 24 eopch!
load LLC or attacked data with specified split
Successfully loaded the attack of dataname with few shot 5, split 1
Attack method : Meta_Self | Attack ptb : 0.05 | Dataset: Cora
======================
Number of graphs: 1
Number of features: 1433
Number of classes: 7

Data(x=[2708, 1433], edge_index=[2, 13790], y=[2708], train_mask=[2708], val_mask=[2708], test_mask=[2708])
===========================================================================================================
Number of nodes: 2708
Number of edges: 13790
Average node degree: 5.09
Has isolated nodes: False
Has self-loops: True
Is undirected: True
GCN(
  (conv_layers): ModuleList(
    (0): GCNConv(1433, 256)
    (1): GCNConv(256, 256)
  )
)
Successfully loaded pre-trained weights!
use RobustPrompt Inductive
defense pt dict :  {'sim_pt': 0.6, 'degree_pt': -1, 'out_detect_pt': -1.0, 'other_pt': 'all'}
use_attention :  False
kl_global :  False
cosine_constraint :  True
pt_threshold :  0.25
filter_module :  OriginalFilter
temperature :  1.0
weight_mse 0.1
weight_kl :  0.1
weight_constraint :  0.0
prepare induce graph data is finished!
run RobustPrompt-I
Epoch 001 |  Time(s) 0.1031 | RobustPrompt-I Loss 1.9451  
Epoch 002 |  Time(s) 0.0942 | RobustPrompt-I Loss 1.9515  
Epoch 003 |  Time(s) 0.0934 | RobustPrompt-I Loss 1.9414  
Epoch 004 |  Time(s) 0.0989 | RobustPrompt-I Loss 1.9415  
Epoch 005 |  Time(s) 0.0941 | RobustPrompt-I Loss 1.9283  
Epoch 006 |  Time(s) 0.0960 | RobustPrompt-I Loss 1.9271  
Epoch 007 |  Time(s) 0.0953 | RobustPrompt-I Loss 1.9213  
Epoch 008 |  Time(s) 0.0974 | RobustPrompt-I Loss 1.9084  
Epoch 009 |  Time(s) 0.0990 | RobustPrompt-I Loss 1.9031  
Epoch 010 |  Time(s) 0.0964 | RobustPrompt-I Loss 1.8924  
Epoch 011 |  Time(s) 0.0934 | RobustPrompt-I Loss 1.8751  
Epoch 012 |  Time(s) 0.0955 | RobustPrompt-I Loss 1.8694  
Epoch 013 |  Time(s) 0.1895 | RobustPrompt-I Loss 1.8602  
Epoch 014 |  Time(s) 0.1928 | RobustPrompt-I Loss 1.8375  
Epoch 015 |  Time(s) 0.0994 | RobustPrompt-I Loss 1.8254  
Epoch 016 |  Time(s) 0.1011 | RobustPrompt-I Loss 1.8213  
Epoch 017 |  Time(s) 0.1042 | RobustPrompt-I Loss 1.8185  
Epoch 018 |  Time(s) 0.1006 | RobustPrompt-I Loss 1.7986  
Epoch 019 |  Time(s) 0.1253 | RobustPrompt-I Loss 1.7858  
Epoch 020 |  Time(s) 0.0932 | RobustPrompt-I Loss 1.7815  
Epoch 021 |  Time(s) 0.0975 | RobustPrompt-I Loss 1.7804  
Epoch 022 |  Time(s) 0.0983 | RobustPrompt-I Loss 1.7637  
Epoch 023 |  Time(s) 0.0958 | RobustPrompt-I Loss 1.7579  
Epoch 024 |  Time(s) 0.0932 | RobustPrompt-I Loss 1.7477  
Epoch 025 |  Time(s) 0.0928 | RobustPrompt-I Loss 1.7560  
Epoch 026 |  Time(s) 0.0934 | RobustPrompt-I Loss 1.7509  
Epoch 027 |  Time(s) 0.0927 | RobustPrompt-I Loss 1.7420  
Epoch 028 |  Time(s) 0.0921 | RobustPrompt-I Loss 1.7242  
Epoch 029 |  Time(s) 0.0946 | RobustPrompt-I Loss 1.7270  
Epoch 030 |  Time(s) 0.0925 | RobustPrompt-I Loss 1.7183  
Epoch 031 |  Time(s) 0.0936 | RobustPrompt-I Loss 1.7337  
Epoch 032 |  Time(s) 0.0921 | RobustPrompt-I Loss 1.7042  
Epoch 033 |  Time(s) 0.0937 | RobustPrompt-I Loss 1.6903  
Epoch 034 |  Time(s) 0.0926 | RobustPrompt-I Loss 1.6894  
Epoch 035 |  Time(s) 0.0918 | RobustPrompt-I Loss 1.6772  
Epoch 036 |  Time(s) 0.0928 | RobustPrompt-I Loss 1.7025  
Epoch 037 |  Time(s) 0.0921 | RobustPrompt-I Loss 1.6645  
Epoch 038 |  Time(s) 0.0935 | RobustPrompt-I Loss 1.6477  
Epoch 039 |  Time(s) 0.0937 | RobustPrompt-I Loss 1.6431  
Epoch 040 |  Time(s) 0.0949 | RobustPrompt-I Loss 1.6378  
Epoch 041 |  Time(s) 0.0922 | RobustPrompt-I Loss 1.6679  
Epoch 042 |  Time(s) 0.0961 | RobustPrompt-I Loss 1.6220  
Epoch 043 |  Time(s) 0.0934 | RobustPrompt-I Loss 1.6322  
Epoch 044 |  Time(s) 0.0928 | RobustPrompt-I Loss 1.6113  
Epoch 045 |  Time(s) 0.0918 | RobustPrompt-I Loss 1.5871  
Epoch 046 |  Time(s) 0.0931 | RobustPrompt-I Loss 1.6282  
Epoch 047 |  Time(s) 0.0929 | RobustPrompt-I Loss 1.5797  
Epoch 048 |  Time(s) 0.0937 | RobustPrompt-I Loss 1.5582  
Epoch 049 |  Time(s) 0.0939 | RobustPrompt-I Loss 1.5758  
Epoch 050 |  Time(s) 0.0925 | RobustPrompt-I Loss 1.5546  
Epoch 051 |  Time(s) 0.0934 | RobustPrompt-I Loss 1.5868  
Epoch 052 |  Time(s) 0.0938 | RobustPrompt-I Loss 1.5432  
Epoch 053 |  Time(s) 0.0922 | RobustPrompt-I Loss 1.5773  
Epoch 054 |  Time(s) 0.0930 | RobustPrompt-I Loss 1.5259  
Epoch 055 |  Time(s) 0.0926 | RobustPrompt-I Loss 1.6874  
Epoch 056 |  Time(s) 0.0932 | RobustPrompt-I Loss 1.6531  
Epoch 057 |  Time(s) 0.0927 | RobustPrompt-I Loss 1.5105  
Epoch 058 |  Time(s) 0.0944 | RobustPrompt-I Loss 1.5817  
Epoch 059 |  Time(s) 0.0926 | RobustPrompt-I Loss 1.5405  
Epoch 060 |  Time(s) 0.0934 | RobustPrompt-I Loss 1.4897  
Epoch 061 |  Time(s) 0.0929 | RobustPrompt-I Loss 1.4864  
Epoch 062 |  Time(s) 0.0927 | RobustPrompt-I Loss 1.5033  
Epoch 063 |  Time(s) 0.0935 | RobustPrompt-I Loss 1.4757  
Epoch 064 |  Time(s) 0.0941 | RobustPrompt-I Loss 1.4976  
Epoch 065 |  Time(s) 0.0926 | RobustPrompt-I Loss 1.4972  
Epoch 066 |  Time(s) 0.0940 | RobustPrompt-I Loss 1.4460  
Epoch 067 |  Time(s) 0.0926 | RobustPrompt-I Loss 1.5245  
Epoch 068 |  Time(s) 0.0938 | RobustPrompt-I Loss 1.4457  
Epoch 069 |  Time(s) 0.0936 | RobustPrompt-I Loss 1.5837  
Epoch 070 |  Time(s) 0.0917 | RobustPrompt-I Loss 1.6336  
Epoch 071 |  Time(s) 0.1009 | RobustPrompt-I Loss 1.4719  
Epoch 072 |  Time(s) 0.1345 | RobustPrompt-I Loss 1.4938  
Epoch 073 |  Time(s) 0.3819 | RobustPrompt-I Loss 1.5358  
Epoch 074 |  Time(s) 0.2134 | RobustPrompt-I Loss 1.4756  
Epoch 075 |  Time(s) 0.1074 | RobustPrompt-I Loss 1.4117  
Epoch 076 |  Time(s) 0.1001 | RobustPrompt-I Loss 1.4076  
Epoch 077 |  Time(s) 0.0964 | RobustPrompt-I Loss 1.4373  
Epoch 078 |  Time(s) 0.1002 | RobustPrompt-I Loss 1.4416  
Epoch 079 |  Time(s) 0.1197 | RobustPrompt-I Loss 1.3904  
Epoch 080 |  Time(s) 0.1006 | RobustPrompt-I Loss 1.4661  
Epoch 081 |  Time(s) 0.0987 | RobustPrompt-I Loss 1.4513  
Epoch 082 |  Time(s) 0.0968 | RobustPrompt-I Loss 1.4110  
Epoch 083 |  Time(s) 0.0971 | RobustPrompt-I Loss 1.3946  
Epoch 084 |  Time(s) 0.1002 | RobustPrompt-I Loss 1.4923  
Epoch 085 |  Time(s) 0.0926 | RobustPrompt-I Loss 1.4194  
Epoch 086 |  Time(s) 0.2154 | RobustPrompt-I Loss 1.4630  
Epoch 087 |  Time(s) 0.1130 | RobustPrompt-I Loss 1.4835  
Epoch 088 |  Time(s) 0.0971 | RobustPrompt-I Loss 1.3358  
Epoch 089 |  Time(s) 0.1013 | RobustPrompt-I Loss 1.3367  
Epoch 090 |  Time(s) 0.0980 | RobustPrompt-I Loss 1.3427  
Epoch 091 |  Time(s) 0.1593 | RobustPrompt-I Loss 1.3327  
Epoch 092 |  Time(s) 0.1021 | RobustPrompt-I Loss 1.3460  
Epoch 093 |  Time(s) 0.0951 | RobustPrompt-I Loss 1.3105  
Epoch 094 |  Time(s) 0.0940 | RobustPrompt-I Loss 1.3781  
Epoch 095 |  Time(s) 0.1029 | RobustPrompt-I Loss 1.3810  
Epoch 096 |  Time(s) 0.0929 | RobustPrompt-I Loss 1.2930  
Epoch 097 |  Time(s) 0.4370 | RobustPrompt-I Loss 1.3698  
Epoch 098 |  Time(s) 0.4221 | RobustPrompt-I Loss 1.3416  
Epoch 099 |  Time(s) 0.1114 | RobustPrompt-I Loss 1.3393  
Epoch 100 |  Time(s) 0.1076 | RobustPrompt-I Loss 1.3271  
Epoch 101 |  Time(s) 0.0952 | RobustPrompt-I Loss 1.3869  
Epoch 102 |  Time(s) 0.0940 | RobustPrompt-I Loss 1.3237  
Epoch 103 |  Time(s) 0.0950 | RobustPrompt-I Loss 1.3944  
Epoch 104 |  Time(s) 0.0946 | RobustPrompt-I Loss 1.3936  
Epoch 105 |  Time(s) 0.0948 | RobustPrompt-I Loss nan  
Epoch 106 |  Time(s) 0.0942 | RobustPrompt-I Loss nan  
Epoch 107 |  Time(s) 0.0938 | RobustPrompt-I Loss nan  
Epoch 108 |  Time(s) 0.0950 | RobustPrompt-I Loss nan  
Epoch 109 |  Time(s) 0.0948 | RobustPrompt-I Loss nan  
Epoch 110 |  Time(s) 0.0939 | RobustPrompt-I Loss nan  
Epoch 111 |  Time(s) 0.1287 | RobustPrompt-I Loss nan  
Epoch 112 |  Time(s) 0.2222 | RobustPrompt-I Loss nan  
Epoch 113 |  Time(s) 0.1914 | RobustPrompt-I Loss nan  
Epoch 114 |  Time(s) 0.1726 | RobustPrompt-I Loss nan  
Epoch 115 |  Time(s) 0.1063 | RobustPrompt-I Loss nan  
----------------------------------------------------------------------------------------------------
Early stopping at 116 eopch!
load LLC or attacked data with specified split
Successfully loaded the attack of dataname with few shot 5, split 1
Attack method : Meta_Self | Attack ptb : 0.05 | Dataset: Cora
======================
Number of graphs: 1
Number of features: 1433
Number of classes: 7

Data(x=[2708, 1433], edge_index=[2, 13790], y=[2708], train_mask=[2708], val_mask=[2708], test_mask=[2708])
===========================================================================================================
Number of nodes: 2708
Number of edges: 13790
Average node degree: 5.09
Has isolated nodes: False
Has self-loops: True
Is undirected: True
GCN(
  (conv_layers): ModuleList(
    (0): GCNConv(1433, 256)
    (1): GCNConv(256, 256)
  )
)
Successfully loaded pre-trained weights!
use RobustPrompt Inductive
defense pt dict :  {'sim_pt': 0.6, 'degree_pt': -1, 'out_detect_pt': -1.0, 'other_pt': 'all'}
use_attention :  False
kl_global :  False
cosine_constraint :  True
pt_threshold :  0.25
filter_module :  OriginalFilter
temperature :  1.0
weight_mse 0.1
weight_kl :  0.1
weight_constraint :  0.0
prepare induce graph data is finished!
run RobustPrompt-I
Epoch 001 |  Time(s) 0.1603 | RobustPrompt-I Loss 1.9437  
Epoch 002 |  Time(s) 0.1001 | RobustPrompt-I Loss 1.9536  
Epoch 003 |  Time(s) 0.0968 | RobustPrompt-I Loss 1.9419  
Epoch 004 |  Time(s) 0.0958 | RobustPrompt-I Loss 1.9318  
Epoch 005 |  Time(s) 0.0965 | RobustPrompt-I Loss 1.9200  
Epoch 006 |  Time(s) 0.0970 | RobustPrompt-I Loss 1.9144  
Epoch 007 |  Time(s) 0.0967 | RobustPrompt-I Loss 1.9073  
Epoch 008 |  Time(s) 0.0967 | RobustPrompt-I Loss 1.8925  
Epoch 009 |  Time(s) 0.1028 | RobustPrompt-I Loss 1.8857  
Epoch 010 |  Time(s) 0.0959 | RobustPrompt-I Loss 1.8736  
Epoch 011 |  Time(s) 0.0965 | RobustPrompt-I Loss 1.8655  
Epoch 012 |  Time(s) 0.0961 | RobustPrompt-I Loss 1.8630  
Epoch 013 |  Time(s) 0.1445 | RobustPrompt-I Loss 1.8470  
Epoch 014 |  Time(s) 0.1000 | RobustPrompt-I Loss 1.8345  
Epoch 015 |  Time(s) 0.1005 | RobustPrompt-I Loss 1.8342  
Epoch 016 |  Time(s) 0.0972 | RobustPrompt-I Loss 1.8287  
Epoch 017 |  Time(s) 0.0968 | RobustPrompt-I Loss 1.8137  
Epoch 018 |  Time(s) 0.0968 | RobustPrompt-I Loss 1.8177  
Epoch 019 |  Time(s) 0.0971 | RobustPrompt-I Loss 1.8157  
Epoch 020 |  Time(s) 0.1274 | RobustPrompt-I Loss 1.8012  
Epoch 021 |  Time(s) 0.2293 | RobustPrompt-I Loss 1.7963  
Epoch 022 |  Time(s) 0.2569 | RobustPrompt-I Loss 1.8014  
Epoch 023 |  Time(s) 0.1141 | RobustPrompt-I Loss 1.7905  
Epoch 024 |  Time(s) 0.2466 | RobustPrompt-I Loss 1.7774  
Epoch 025 |  Time(s) 0.1020 | RobustPrompt-I Loss 1.7780  
Epoch 026 |  Time(s) 0.0992 | RobustPrompt-I Loss 1.7779  
Epoch 027 |  Time(s) 0.0950 | RobustPrompt-I Loss 1.7723  
Epoch 028 |  Time(s) 0.1191 | RobustPrompt-I Loss 1.7548  
Epoch 029 |  Time(s) 0.0998 | RobustPrompt-I Loss nan  
Epoch 030 |  Time(s) 0.1022 | RobustPrompt-I Loss nan  
Epoch 031 |  Time(s) 0.0962 | RobustPrompt-I Loss nan  
Epoch 032 |  Time(s) 0.0965 | RobustPrompt-I Loss nan  
Epoch 033 |  Time(s) 0.0961 | RobustPrompt-I Loss nan  
Epoch 034 |  Time(s) 0.0960 | RobustPrompt-I Loss nan  
Epoch 035 |  Time(s) 0.0964 | RobustPrompt-I Loss nan  
Epoch 036 |  Time(s) 0.0958 | RobustPrompt-I Loss nan  
Epoch 037 |  Time(s) 0.0953 | RobustPrompt-I Loss nan  
Epoch 038 |  Time(s) 0.0953 | RobustPrompt-I Loss nan  
Epoch 039 |  Time(s) 0.0952 | RobustPrompt-I Loss nan  
Epoch 040 |  Time(s) 0.0958 | RobustPrompt-I Loss nan  
Epoch 041 |  Time(s) 0.0955 | RobustPrompt-I Loss nan  
Epoch 042 |  Time(s) 0.0951 | RobustPrompt-I Loss nan  
Epoch 043 |  Time(s) 0.0954 | RobustPrompt-I Loss nan  
Epoch 044 |  Time(s) 0.0967 | RobustPrompt-I Loss nan  
Epoch 045 |  Time(s) 0.0957 | RobustPrompt-I Loss nan  
Epoch 046 |  Time(s) 0.0966 | RobustPrompt-I Loss nan  
Epoch 047 |  Time(s) 0.0960 | RobustPrompt-I Loss nan  
----------------------------------------------------------------------------------------------------
Early stopping at 48 eopch!
load LLC or attacked data with specified split
Successfully loaded the attack of dataname with few shot 5, split 1
Attack method : Meta_Self | Attack ptb : 0.05 | Dataset: Cora
======================
Number of graphs: 1
Number of features: 1433
Number of classes: 7

Data(x=[2708, 1433], edge_index=[2, 13790], y=[2708], train_mask=[2708], val_mask=[2708], test_mask=[2708])
===========================================================================================================
Number of nodes: 2708
Number of edges: 13790
Average node degree: 5.09
Has isolated nodes: False
Has self-loops: True
Is undirected: True
GCN(
  (conv_layers): ModuleList(
    (0): GCNConv(1433, 256)
    (1): GCNConv(256, 256)
  )
)
Successfully loaded pre-trained weights!
use RobustPrompt Inductive
defense pt dict :  {'sim_pt': 0.6, 'degree_pt': -1, 'out_detect_pt': -1.0, 'other_pt': 'all'}
use_attention :  False
kl_global :  False
cosine_constraint :  True
pt_threshold :  0.25
filter_module :  OriginalFilter
temperature :  1.0
weight_mse 0.1
weight_kl :  0.1
weight_constraint :  0.0
prepare induce graph data is finished!
run RobustPrompt-I
Epoch 001 |  Time(s) 0.1048 | RobustPrompt-I Loss 1.9472  
Epoch 002 |  Time(s) 0.0926 | RobustPrompt-I Loss 1.9453  
Epoch 003 |  Time(s) 0.0925 | RobustPrompt-I Loss 1.9452  
Epoch 004 |  Time(s) 0.0922 | RobustPrompt-I Loss 1.9441  
Epoch 005 |  Time(s) 0.0925 | RobustPrompt-I Loss 1.9369  
Epoch 006 |  Time(s) 0.0928 | RobustPrompt-I Loss 1.9321  
Epoch 007 |  Time(s) 0.0928 | RobustPrompt-I Loss 1.9280  
Epoch 008 |  Time(s) 0.0938 | RobustPrompt-I Loss 1.9203  
Epoch 009 |  Time(s) 0.0918 | RobustPrompt-I Loss 1.9106  
Epoch 010 |  Time(s) 0.0930 | RobustPrompt-I Loss 1.9030  
Epoch 011 |  Time(s) 0.0954 | RobustPrompt-I Loss 1.8868  
Epoch 012 |  Time(s) 0.0961 | RobustPrompt-I Loss 1.8741  
Epoch 013 |  Time(s) 0.0926 | RobustPrompt-I Loss 1.8648  
Epoch 014 |  Time(s) 0.0923 | RobustPrompt-I Loss 1.8559  
Epoch 015 |  Time(s) 0.0944 | RobustPrompt-I Loss 1.8522  
Epoch 016 |  Time(s) 0.0921 | RobustPrompt-I Loss 1.8437  
Epoch 017 |  Time(s) 0.0918 | RobustPrompt-I Loss 1.8356  
Epoch 018 |  Time(s) 0.0918 | RobustPrompt-I Loss 1.8262  
Epoch 019 |  Time(s) 0.0924 | RobustPrompt-I Loss 1.8203  
Epoch 020 |  Time(s) 0.0922 | RobustPrompt-I Loss 1.8261  
Epoch 021 |  Time(s) 0.0920 | RobustPrompt-I Loss 1.8645  
Epoch 022 |  Time(s) 0.0922 | RobustPrompt-I Loss 1.8028  
Epoch 023 |  Time(s) 0.0923 | RobustPrompt-I Loss 1.8424  
Epoch 024 |  Time(s) 0.0923 | RobustPrompt-I Loss 1.7938  
Epoch 025 |  Time(s) 0.0920 | RobustPrompt-I Loss 1.8253  
Epoch 026 |  Time(s) 0.0930 | RobustPrompt-I Loss 1.7839  
Epoch 027 |  Time(s) 0.0926 | RobustPrompt-I Loss 1.8072  
Epoch 028 |  Time(s) 0.0925 | RobustPrompt-I Loss 1.7756  
Epoch 029 |  Time(s) 0.0925 | RobustPrompt-I Loss 1.7893  
Epoch 030 |  Time(s) 0.0921 | RobustPrompt-I Loss 1.7647  
Epoch 031 |  Time(s) 0.0923 | RobustPrompt-I Loss 1.7737  
Epoch 032 |  Time(s) 0.0915 | RobustPrompt-I Loss 1.7552  
Epoch 033 |  Time(s) 0.0920 | RobustPrompt-I Loss 1.7521  
Epoch 034 |  Time(s) 0.0929 | RobustPrompt-I Loss 1.7464  
Epoch 035 |  Time(s) 0.0926 | RobustPrompt-I Loss 1.7374  
Epoch 036 |  Time(s) 0.0966 | RobustPrompt-I Loss 1.7417  
Epoch 037 |  Time(s) 0.0962 | RobustPrompt-I Loss 1.7385  
Epoch 038 |  Time(s) 0.0929 | RobustPrompt-I Loss 1.7452  
Epoch 039 |  Time(s) 0.0927 | RobustPrompt-I Loss 1.7019  
Epoch 040 |  Time(s) 0.0916 | RobustPrompt-I Loss 1.7473  
Epoch 041 |  Time(s) 0.0947 | RobustPrompt-I Loss 1.7083  
Epoch 042 |  Time(s) 0.0931 | RobustPrompt-I Loss 1.7006  
Epoch 043 |  Time(s) 0.0910 | RobustPrompt-I Loss 1.7213  
Epoch 044 |  Time(s) 0.2554 | RobustPrompt-I Loss 1.6654  
Epoch 045 |  Time(s) 0.3735 | RobustPrompt-I Loss 1.6813  
Epoch 046 |  Time(s) 0.1682 | RobustPrompt-I Loss 1.6884  
Epoch 047 |  Time(s) 0.1524 | RobustPrompt-I Loss 1.6526  
Epoch 048 |  Time(s) 0.0973 | RobustPrompt-I Loss 1.6415  
Epoch 049 |  Time(s) 0.0999 | RobustPrompt-I Loss 1.7244  
Epoch 050 |  Time(s) 0.1170 | RobustPrompt-I Loss 1.6702  
Epoch 051 |  Time(s) 0.0931 | RobustPrompt-I Loss 1.7087  
Epoch 052 |  Time(s) 0.0933 | RobustPrompt-I Loss 1.7109  
Epoch 053 |  Time(s) 0.0922 | RobustPrompt-I Loss 1.6258  
Epoch 054 |  Time(s) 0.0928 | RobustPrompt-I Loss 1.6114  
Epoch 055 |  Time(s) 0.0919 | RobustPrompt-I Loss 1.6789  
Epoch 056 |  Time(s) 0.0926 | RobustPrompt-I Loss 1.6355  
Epoch 057 |  Time(s) 0.0929 | RobustPrompt-I Loss 1.6308  
Epoch 058 |  Time(s) 0.0924 | RobustPrompt-I Loss 1.6277  
Epoch 059 |  Time(s) 0.0925 | RobustPrompt-I Loss 1.6037  
Epoch 060 |  Time(s) 0.0929 | RobustPrompt-I Loss 1.5927  
Epoch 061 |  Time(s) 0.0934 | RobustPrompt-I Loss 1.6218  
Epoch 062 |  Time(s) 0.0938 | RobustPrompt-I Loss 1.5887  
Epoch 063 |  Time(s) 0.0937 | RobustPrompt-I Loss 1.6234  
Epoch 064 |  Time(s) 0.0932 | RobustPrompt-I Loss 1.6068  
Epoch 065 |  Time(s) 0.0936 | RobustPrompt-I Loss 1.5622  
Epoch 066 |  Time(s) 0.0935 | RobustPrompt-I Loss 1.5425  
Epoch 067 |  Time(s) 0.0932 | RobustPrompt-I Loss 1.6027  
Epoch 068 |  Time(s) 0.0937 | RobustPrompt-I Loss 1.5834  
Epoch 069 |  Time(s) 0.0938 | RobustPrompt-I Loss 1.5368  
Epoch 070 |  Time(s) 0.0927 | RobustPrompt-I Loss 1.5243  
Epoch 071 |  Time(s) 0.0932 | RobustPrompt-I Loss 1.5741  
Epoch 072 |  Time(s) 0.0959 | RobustPrompt-I Loss 1.5533  
Epoch 073 |  Time(s) 0.0930 | RobustPrompt-I Loss 1.5316  
Epoch 074 |  Time(s) 0.0922 | RobustPrompt-I Loss 1.5298  
Epoch 075 |  Time(s) 0.0924 | RobustPrompt-I Loss 1.5136  
Epoch 076 |  Time(s) 0.0927 | RobustPrompt-I Loss 1.5015  
Epoch 077 |  Time(s) 0.0917 | RobustPrompt-I Loss 1.5172  
Epoch 078 |  Time(s) 0.0930 | RobustPrompt-I Loss 1.4946  
Epoch 079 |  Time(s) 0.0930 | RobustPrompt-I Loss 1.5188  
Epoch 080 |  Time(s) 0.0932 | RobustPrompt-I Loss 1.5070  
Epoch 081 |  Time(s) 0.0929 | RobustPrompt-I Loss 1.4901  
Epoch 082 |  Time(s) 0.0928 | RobustPrompt-I Loss 1.4983  
Epoch 083 |  Time(s) 0.0930 | RobustPrompt-I Loss 1.4577  
Epoch 084 |  Time(s) 0.0930 | RobustPrompt-I Loss 1.4888  
Epoch 085 |  Time(s) 0.0936 | RobustPrompt-I Loss 1.4306  
Epoch 086 |  Time(s) 0.0930 | RobustPrompt-I Loss 1.5794  
Epoch 087 |  Time(s) 0.0926 | RobustPrompt-I Loss 1.5253  
Epoch 088 |  Time(s) 0.0925 | RobustPrompt-I Loss 1.4451  
Epoch 089 |  Time(s) 0.0926 | RobustPrompt-I Loss 1.4400  
Epoch 090 |  Time(s) 0.0929 | RobustPrompt-I Loss 1.4669  
Epoch 091 |  Time(s) 0.0928 | RobustPrompt-I Loss 1.4453  
Epoch 092 |  Time(s) 0.1606 | RobustPrompt-I Loss 1.4487  
Epoch 093 |  Time(s) 0.0946 | RobustPrompt-I Loss 1.4510  
Epoch 094 |  Time(s) 0.0930 | RobustPrompt-I Loss 1.4004  
Epoch 095 |  Time(s) 0.0928 | RobustPrompt-I Loss 1.4442  
Epoch 096 |  Time(s) 0.0933 | RobustPrompt-I Loss 1.3671  
Epoch 097 |  Time(s) 0.0935 | RobustPrompt-I Loss 1.6023  
Epoch 098 |  Time(s) 0.1229 | RobustPrompt-I Loss 1.6234  
Epoch 099 |  Time(s) 0.0987 | RobustPrompt-I Loss 1.3519  
Epoch 100 |  Time(s) 0.0944 | RobustPrompt-I Loss 1.7412  
Epoch 101 |  Time(s) 0.0923 | RobustPrompt-I Loss 1.9265  
Epoch 102 |  Time(s) 0.0926 | RobustPrompt-I Loss 1.6550  
Epoch 103 |  Time(s) 0.0960 | RobustPrompt-I Loss 1.4330  
Epoch 104 |  Time(s) 0.0920 | RobustPrompt-I Loss 1.5775  
Epoch 105 |  Time(s) 0.0907 | RobustPrompt-I Loss 1.6730  
Epoch 106 |  Time(s) 0.0916 | RobustPrompt-I Loss 1.4823  
Epoch 107 |  Time(s) 0.0911 | RobustPrompt-I Loss 1.4054  
Epoch 108 |  Time(s) 0.0901 | RobustPrompt-I Loss 1.4718  
Epoch 109 |  Time(s) 0.0907 | RobustPrompt-I Loss 1.4336  
Epoch 110 |  Time(s) 0.0912 | RobustPrompt-I Loss 1.3721  
Epoch 111 |  Time(s) 0.0912 | RobustPrompt-I Loss 1.4660  
Epoch 112 |  Time(s) 0.0927 | RobustPrompt-I Loss 1.4276  
Epoch 113 |  Time(s) 0.1103 | RobustPrompt-I Loss 1.5316  
Epoch 114 |  Time(s) 0.0941 | RobustPrompt-I Loss 1.5235  
Epoch 115 |  Time(s) 0.0913 | RobustPrompt-I Loss 1.3399  
Epoch 116 |  Time(s) 0.0944 | RobustPrompt-I Loss 1.3624  
Epoch 117 |  Time(s) 0.0903 | RobustPrompt-I Loss 1.4020  
Epoch 118 |  Time(s) 0.0937 | RobustPrompt-I Loss 1.3193  
Epoch 119 |  Time(s) 0.0964 | RobustPrompt-I Loss 1.7693  
Epoch 120 |  Time(s) 0.1016 | RobustPrompt-I Loss nan  
Epoch 121 |  Time(s) 0.0916 | RobustPrompt-I Loss nan  
Epoch 122 |  Time(s) 0.1015 | RobustPrompt-I Loss nan  
Epoch 123 |  Time(s) 0.1416 | RobustPrompt-I Loss nan  
Epoch 124 |  Time(s) 0.0926 | RobustPrompt-I Loss nan  
Epoch 125 |  Time(s) 0.0936 | RobustPrompt-I Loss nan  
Epoch 126 |  Time(s) 0.0954 | RobustPrompt-I Loss nan  
Epoch 127 |  Time(s) 0.0904 | RobustPrompt-I Loss nan  
Epoch 128 |  Time(s) 0.0964 | RobustPrompt-I Loss nan  
Epoch 129 |  Time(s) 0.0926 | RobustPrompt-I Loss nan  
Epoch 130 |  Time(s) 0.0885 | RobustPrompt-I Loss nan  
Epoch 131 |  Time(s) 0.0893 | RobustPrompt-I Loss nan  
Epoch 132 |  Time(s) 0.0888 | RobustPrompt-I Loss nan  
Epoch 133 |  Time(s) 0.0885 | RobustPrompt-I Loss nan  
Epoch 134 |  Time(s) 0.0888 | RobustPrompt-I Loss nan  
Epoch 135 |  Time(s) 0.0886 | RobustPrompt-I Loss nan  
Epoch 136 |  Time(s) 0.0887 | RobustPrompt-I Loss nan  
Epoch 137 |  Time(s) 0.0881 | RobustPrompt-I Loss nan  
----------------------------------------------------------------------------------------------------
Early stopping at 138 eopch!
{1: {1: nan}, 2: {1: nan}, 3: {1: nan}, 4: {1: nan}, 5: {1: nan}}
{1: {1: nan, 2: nan, 3: nan, 4: nan, 5: nan}}
########################################################################################
seed: 1 | split 1 : nan
# Seed 1 Muti Split Final Acc: nan±nan
seed: 2 | split 1 : nan
# Seed 2 Muti Split Final Acc: nan±nan
seed: 3 | split 1 : nan
# Seed 3 Muti Split Final Acc: nan±nan
seed: 4 | split 1 : nan
# Seed 4 Muti Split Final Acc: nan±nan
seed: 5 | split 1 : nan
# Seed 5 Muti Split Final Acc: nan±nan
########################################################################################
split: 1 | seed 1 : nan
split: 1 | seed 2 : nan
split: 1 | seed 3 : nan
split: 1 | seed 4 : nan
split: 1 | seed 5 : nan
# Split 1 Muti Seed Acc without min value: nan±nan
########################################################################################
Done sim=0.6, ptb=0.05, end=2026-06-08 23:04:10, duration=00:00:49
