Start sim=0.4, ptb=0.15, time=2026-06-08 23:12:52, log=logs/RobustPrompt-I/ft_sim0.4_0.15_20260608_231252.log
load LLC or attacked data with specified split
Successfully loaded the attack of dataname with few shot 5, split 1
Attack method : Meta_Self | Attack ptb : 0.15 | Dataset: Cora
======================
Number of graphs: 1
Number of features: 1433
Number of classes: 7

Data(x=[2708, 1433], edge_index=[2, 14804], y=[2708], train_mask=[2708], val_mask=[2708], test_mask=[2708])
===========================================================================================================
Number of nodes: 2708
Number of edges: 14804
Average node degree: 5.47
Has isolated nodes: False
Has self-loops: True
Is undirected: True
GCN(
  (conv_layers): ModuleList(
    (0): GCNConv(1433, 256)
    (1): GCNConv(256, 256)
  )
)
Successfully loaded pre-trained weights!
use RobustPrompt Inductive
defense pt dict :  {'sim_pt': 0.4, 'degree_pt': -1, 'out_detect_pt': -1.0, 'other_pt': 'all'}
use_attention :  False
kl_global :  False
cosine_constraint :  True
pt_threshold :  0.25
filter_module :  OriginalFilter
temperature :  1.0
weight_mse 0.1
weight_kl :  0.1
weight_constraint :  0.0
prepare induce graph data is finished!
run RobustPrompt-I
Epoch 001 |  Time(s) 0.4311 | RobustPrompt-I Loss 1.9442  
Epoch 002 |  Time(s) 0.1671 | RobustPrompt-I Loss 1.9243  
Epoch 003 |  Time(s) 0.0896 | RobustPrompt-I Loss 1.8943  
Epoch 004 |  Time(s) 0.1582 | RobustPrompt-I Loss 1.8569  
Epoch 005 |  Time(s) 0.2320 | RobustPrompt-I Loss 1.8182  
Epoch 006 |  Time(s) 0.1003 | RobustPrompt-I Loss 1.7725  
Epoch 007 |  Time(s) 0.3023 | RobustPrompt-I Loss 1.7324  
Epoch 008 |  Time(s) 0.3231 | RobustPrompt-I Loss 1.6927  
Epoch 009 |  Time(s) 0.3071 | RobustPrompt-I Loss 1.6533  
Epoch 010 |  Time(s) 0.1094 | RobustPrompt-I Loss 1.6212  
Epoch 011 |  Time(s) 0.0916 | RobustPrompt-I Loss 1.5990  
Epoch 012 |  Time(s) 0.2272 | RobustPrompt-I Loss 1.5774  
Epoch 013 |  Time(s) 0.2434 | RobustPrompt-I Loss 1.5554  
Epoch 014 |  Time(s) 0.2863 | RobustPrompt-I Loss 1.5417  
Epoch 015 |  Time(s) 0.1014 | RobustPrompt-I Loss 1.5372  
Epoch 016 |  Time(s) 0.0906 | RobustPrompt-I Loss 1.5254  
Epoch 017 |  Time(s) 0.0858 | RobustPrompt-I Loss 1.5048  
Epoch 018 |  Time(s) 0.0838 | RobustPrompt-I Loss 1.4981  
Epoch 019 |  Time(s) 0.0837 | RobustPrompt-I Loss 1.4955  
Epoch 020 |  Time(s) 0.0841 | RobustPrompt-I Loss 1.4764  
Epoch 021 |  Time(s) 0.0835 | RobustPrompt-I Loss 1.4678  
Epoch 022 |  Time(s) 0.0828 | RobustPrompt-I Loss 1.4670  
Epoch 023 |  Time(s) 0.0827 | RobustPrompt-I Loss 1.4477  
Epoch 024 |  Time(s) 0.0828 | RobustPrompt-I Loss 1.4357  
Epoch 025 |  Time(s) 0.0828 | RobustPrompt-I Loss 1.4357  
Epoch 026 |  Time(s) 0.0816 | RobustPrompt-I Loss 1.4181  
Epoch 027 |  Time(s) 0.1282 | RobustPrompt-I Loss 1.4004  
Epoch 028 |  Time(s) 0.0827 | RobustPrompt-I Loss 1.3921  
Epoch 029 |  Time(s) 0.0831 | RobustPrompt-I Loss 1.3827  
Epoch 030 |  Time(s) 0.0839 | RobustPrompt-I Loss 1.3673  
Epoch 031 |  Time(s) 0.0833 | RobustPrompt-I Loss 1.3476  
Epoch 032 |  Time(s) 0.1251 | RobustPrompt-I Loss 1.3327  
Epoch 033 |  Time(s) 0.2646 | RobustPrompt-I Loss 1.3244  
Epoch 034 |  Time(s) 0.1347 | RobustPrompt-I Loss 1.3080  
Epoch 035 |  Time(s) 0.0865 | RobustPrompt-I Loss 1.2938  
Epoch 036 |  Time(s) 0.0824 | RobustPrompt-I Loss 1.2590  
Epoch 037 |  Time(s) 0.0822 | RobustPrompt-I Loss 1.2383  
Epoch 038 |  Time(s) 0.0822 | RobustPrompt-I Loss 1.2306  
Epoch 039 |  Time(s) 0.0823 | RobustPrompt-I Loss 1.2105  
Epoch 040 |  Time(s) 0.0819 | RobustPrompt-I Loss 1.1885  
Epoch 041 |  Time(s) 0.1370 | RobustPrompt-I Loss 1.1624  
Epoch 042 |  Time(s) 0.2657 | RobustPrompt-I Loss 1.1448  
Epoch 043 |  Time(s) 0.0892 | RobustPrompt-I Loss 1.1322  
Epoch 044 |  Time(s) 0.0850 | RobustPrompt-I Loss 1.1036  
Epoch 045 |  Time(s) 0.0828 | RobustPrompt-I Loss 1.0829  
Epoch 046 |  Time(s) 0.0833 | RobustPrompt-I Loss 1.0635  
Epoch 047 |  Time(s) 0.0825 | RobustPrompt-I Loss 1.0420  
Epoch 048 |  Time(s) 0.0859 | RobustPrompt-I Loss 1.0163  
Epoch 049 |  Time(s) 0.0818 | RobustPrompt-I Loss 0.9979  
Epoch 050 |  Time(s) 0.0818 | RobustPrompt-I Loss 0.9821  
Epoch 051 |  Time(s) 0.0976 | RobustPrompt-I Loss 0.9640  
Epoch 052 |  Time(s) 0.0872 | RobustPrompt-I Loss 0.9426  
Epoch 053 |  Time(s) 0.0859 | RobustPrompt-I Loss 0.9300  
Epoch 054 |  Time(s) 0.0824 | RobustPrompt-I Loss 0.9150  
Epoch 055 |  Time(s) 0.0826 | RobustPrompt-I Loss 0.8981  
Epoch 056 |  Time(s) 0.0821 | RobustPrompt-I Loss 0.8865  
Epoch 057 |  Time(s) 0.0809 | RobustPrompt-I Loss 0.8707  
Epoch 058 |  Time(s) 0.0828 | RobustPrompt-I Loss 0.8577  
Epoch 059 |  Time(s) 0.0818 | RobustPrompt-I Loss 0.8454  
Epoch 060 |  Time(s) 0.0822 | RobustPrompt-I Loss 0.8336  
Epoch 061 |  Time(s) 0.0826 | RobustPrompt-I Loss 0.8238  
Epoch 062 |  Time(s) 0.0824 | RobustPrompt-I Loss 0.8114  
Epoch 063 |  Time(s) 0.0826 | RobustPrompt-I Loss 0.8006  
Epoch 064 |  Time(s) 0.0827 | RobustPrompt-I Loss 0.7915  
Epoch 065 |  Time(s) 0.0823 | RobustPrompt-I Loss 0.7814  
Epoch 066 |  Time(s) 0.0813 | RobustPrompt-I Loss 0.7733  
Epoch 067 |  Time(s) 0.0823 | RobustPrompt-I Loss 0.7631  
Epoch 068 |  Time(s) 0.0825 | RobustPrompt-I Loss 0.7558  
Epoch 069 |  Time(s) 0.0819 | RobustPrompt-I Loss 0.7485  
Epoch 070 |  Time(s) 0.0820 | RobustPrompt-I Loss 0.7423  
Epoch 071 |  Time(s) 0.0819 | RobustPrompt-I Loss 0.7400  
Epoch 072 |  Time(s) 0.0820 | RobustPrompt-I Loss 0.7419  
Epoch 073 |  Time(s) 0.0817 | RobustPrompt-I Loss 0.7431  
Epoch 074 |  Time(s) 0.0823 | RobustPrompt-I Loss 0.7303  
Epoch 075 |  Time(s) 0.0820 | RobustPrompt-I Loss 0.7171  
Epoch 076 |  Time(s) 0.0879 | RobustPrompt-I Loss 0.7218  
Epoch 077 |  Time(s) 0.0824 | RobustPrompt-I Loss 0.7183  
Epoch 078 |  Time(s) 0.1244 | RobustPrompt-I Loss 0.7044  
Epoch 079 |  Time(s) 0.0977 | RobustPrompt-I Loss 0.7094  
Epoch 080 |  Time(s) 0.0867 | RobustPrompt-I Loss 0.7048  
Epoch 081 |  Time(s) 0.0830 | RobustPrompt-I Loss 0.6963  
Epoch 082 |  Time(s) 0.0827 | RobustPrompt-I Loss 0.6978  
Epoch 083 |  Time(s) 0.0823 | RobustPrompt-I Loss 0.6949  
Epoch 084 |  Time(s) 0.0828 | RobustPrompt-I Loss 0.6870  
Epoch 085 |  Time(s) 0.0830 | RobustPrompt-I Loss 0.6872  
Epoch 086 |  Time(s) 0.1503 | RobustPrompt-I Loss 0.6839  
Epoch 087 |  Time(s) 0.1503 | RobustPrompt-I Loss 0.6785  
Epoch 088 |  Time(s) 0.0834 | RobustPrompt-I Loss 0.6773  
Epoch 089 |  Time(s) 0.0833 | RobustPrompt-I Loss 0.6758  
Epoch 090 |  Time(s) 0.0830 | RobustPrompt-I Loss 0.6710  
Epoch 091 |  Time(s) 0.0834 | RobustPrompt-I Loss 0.6676  
Epoch 092 |  Time(s) 0.1443 | RobustPrompt-I Loss 0.6662  
Epoch 093 |  Time(s) 0.1442 | RobustPrompt-I Loss 0.6633  
Epoch 094 |  Time(s) 0.0939 | RobustPrompt-I Loss 0.6594  
Epoch 095 |  Time(s) 0.1032 | RobustPrompt-I Loss 0.6568  
Epoch 096 |  Time(s) 0.0847 | RobustPrompt-I Loss 0.6558  
Epoch 097 |  Time(s) 0.0834 | RobustPrompt-I Loss 0.6527  
Epoch 098 |  Time(s) 0.0830 | RobustPrompt-I Loss 0.6480  
Epoch 099 |  Time(s) 0.0829 | RobustPrompt-I Loss 0.6449  
Epoch 100 |  Time(s) 0.0833 | RobustPrompt-I Loss 0.6425  
Epoch 101 |  Time(s) 0.0833 | RobustPrompt-I Loss 0.6403  
Epoch 102 |  Time(s) 0.0822 | RobustPrompt-I Loss 0.6363  
Epoch 103 |  Time(s) 0.0831 | RobustPrompt-I Loss 0.6332  
Epoch 104 |  Time(s) 0.0830 | RobustPrompt-I Loss 0.6295  
Epoch 105 |  Time(s) 0.0823 | RobustPrompt-I Loss 0.6276  
Epoch 106 |  Time(s) 0.0838 | RobustPrompt-I Loss 0.6265  
Epoch 107 |  Time(s) 0.2501 | RobustPrompt-I Loss 0.6257  
Epoch 108 |  Time(s) 0.2983 | RobustPrompt-I Loss 0.6279  
Epoch 109 |  Time(s) 0.1128 | RobustPrompt-I Loss 0.6234  
Epoch 110 |  Time(s) 0.1478 | RobustPrompt-I Loss nan  
Epoch 111 |  Time(s) 0.0890 | RobustPrompt-I Loss nan  
Epoch 112 |  Time(s) 0.0832 | RobustPrompt-I Loss nan  
Epoch 113 |  Time(s) 0.1025 | RobustPrompt-I Loss nan  
Epoch 114 |  Time(s) 0.2239 | RobustPrompt-I Loss nan  
Epoch 115 |  Time(s) 0.1529 | RobustPrompt-I Loss nan  
Epoch 116 |  Time(s) 0.0974 | RobustPrompt-I Loss nan  
Epoch 117 |  Time(s) 0.0873 | RobustPrompt-I Loss nan  
Epoch 118 |  Time(s) 0.0882 | RobustPrompt-I Loss nan  
Epoch 119 |  Time(s) 0.0819 | RobustPrompt-I Loss nan  
Epoch 120 |  Time(s) 0.0921 | RobustPrompt-I Loss nan  
Epoch 121 |  Time(s) 0.0814 | RobustPrompt-I Loss nan  
Epoch 122 |  Time(s) 0.0834 | RobustPrompt-I Loss nan  
Epoch 123 |  Time(s) 0.0831 | RobustPrompt-I Loss nan  
Epoch 124 |  Time(s) 0.0833 | RobustPrompt-I Loss nan  
Epoch 125 |  Time(s) 0.0832 | RobustPrompt-I Loss nan  
Epoch 126 |  Time(s) 0.0831 | RobustPrompt-I Loss nan  
Epoch 127 |  Time(s) 0.0862 | RobustPrompt-I Loss nan  
Epoch 128 |  Time(s) 0.0829 | RobustPrompt-I Loss nan  
----------------------------------------------------------------------------------------------------
Early stopping at 129 eopch!
load LLC or attacked data with specified split
Successfully loaded the attack of dataname with few shot 5, split 1
Attack method : Meta_Self | Attack ptb : 0.15 | Dataset: Cora
======================
Number of graphs: 1
Number of features: 1433
Number of classes: 7

Data(x=[2708, 1433], edge_index=[2, 14804], y=[2708], train_mask=[2708], val_mask=[2708], test_mask=[2708])
===========================================================================================================
Number of nodes: 2708
Number of edges: 14804
Average node degree: 5.47
Has isolated nodes: False
Has self-loops: True
Is undirected: True
GCN(
  (conv_layers): ModuleList(
    (0): GCNConv(1433, 256)
    (1): GCNConv(256, 256)
  )
)
Successfully loaded pre-trained weights!
use RobustPrompt Inductive
defense pt dict :  {'sim_pt': 0.4, 'degree_pt': -1, 'out_detect_pt': -1.0, 'other_pt': 'all'}
use_attention :  False
kl_global :  False
cosine_constraint :  True
pt_threshold :  0.25
filter_module :  OriginalFilter
temperature :  1.0
weight_mse 0.1
weight_kl :  0.1
weight_constraint :  0.0
prepare induce graph data is finished!
run RobustPrompt-I
Epoch 001 |  Time(s) 0.1701 | RobustPrompt-I Loss 1.9447  
Epoch 002 |  Time(s) 0.0887 | RobustPrompt-I Loss 1.9140  
Epoch 003 |  Time(s) 0.0925 | RobustPrompt-I Loss 1.8851  
Epoch 004 |  Time(s) 0.0937 | RobustPrompt-I Loss 1.8461  
Epoch 005 |  Time(s) 0.0932 | RobustPrompt-I Loss 1.8070  
Epoch 006 |  Time(s) 0.0963 | RobustPrompt-I Loss 1.7622  
Epoch 007 |  Time(s) 0.0916 | RobustPrompt-I Loss 1.7211  
Epoch 008 |  Time(s) 0.0942 | RobustPrompt-I Loss 1.6827  
Epoch 009 |  Time(s) 0.0930 | RobustPrompt-I Loss 1.6475  
Epoch 010 |  Time(s) 0.0926 | RobustPrompt-I Loss 1.6161  
Epoch 011 |  Time(s) 0.0948 | RobustPrompt-I Loss 1.5886  
Epoch 012 |  Time(s) 0.0944 | RobustPrompt-I Loss 1.5802  
Epoch 013 |  Time(s) 0.0966 | RobustPrompt-I Loss 1.5467  
Epoch 014 |  Time(s) 0.0975 | RobustPrompt-I Loss 1.5430  
Epoch 015 |  Time(s) 0.0900 | RobustPrompt-I Loss 1.5251  
Epoch 016 |  Time(s) 0.0890 | RobustPrompt-I Loss 1.5245  
Epoch 017 |  Time(s) 0.0885 | RobustPrompt-I Loss 1.5069  
Epoch 018 |  Time(s) 0.0885 | RobustPrompt-I Loss 1.4999  
Epoch 019 |  Time(s) 0.1336 | RobustPrompt-I Loss 1.5009  
Epoch 020 |  Time(s) 0.1317 | RobustPrompt-I Loss 1.4815  
Epoch 021 |  Time(s) 0.1675 | RobustPrompt-I Loss 1.4786  
Epoch 022 |  Time(s) 0.1745 | RobustPrompt-I Loss 1.4736  
Epoch 023 |  Time(s) 0.1005 | RobustPrompt-I Loss 1.4584  
Epoch 024 |  Time(s) 0.0924 | RobustPrompt-I Loss 1.4504  
Epoch 025 |  Time(s) 0.1413 | RobustPrompt-I Loss 1.4349  
Epoch 026 |  Time(s) 0.1086 | RobustPrompt-I Loss 1.4264  
Epoch 027 |  Time(s) 0.0939 | RobustPrompt-I Loss 1.4147  
Epoch 028 |  Time(s) 0.1020 | RobustPrompt-I Loss 1.4061  
Epoch 029 |  Time(s) 0.0999 | RobustPrompt-I Loss 1.3826  
Epoch 030 |  Time(s) 0.0974 | RobustPrompt-I Loss 1.3774  
Epoch 031 |  Time(s) 0.0963 | RobustPrompt-I Loss 1.3704  
Epoch 032 |  Time(s) 0.0893 | RobustPrompt-I Loss 1.3730  
Epoch 033 |  Time(s) 0.0937 | RobustPrompt-I Loss 1.3351  
Epoch 034 |  Time(s) 0.0924 | RobustPrompt-I Loss 1.3218  
Epoch 035 |  Time(s) 0.0901 | RobustPrompt-I Loss 1.3338  
Epoch 036 |  Time(s) 0.0908 | RobustPrompt-I Loss 1.3038  
Epoch 037 |  Time(s) 0.0907 | RobustPrompt-I Loss 1.2889  
Epoch 038 |  Time(s) 0.0906 | RobustPrompt-I Loss nan  
Epoch 039 |  Time(s) 0.0906 | RobustPrompt-I Loss nan  
Epoch 040 |  Time(s) 0.0904 | RobustPrompt-I Loss nan  
Epoch 041 |  Time(s) 0.0916 | RobustPrompt-I Loss nan  
Epoch 042 |  Time(s) 0.0924 | RobustPrompt-I Loss nan  
Epoch 043 |  Time(s) 0.0933 | RobustPrompt-I Loss nan  
Epoch 044 |  Time(s) 0.0926 | RobustPrompt-I Loss nan  
Epoch 045 |  Time(s) 0.1292 | RobustPrompt-I Loss nan  
Epoch 046 |  Time(s) 0.0928 | RobustPrompt-I Loss nan  
Epoch 047 |  Time(s) 0.0943 | RobustPrompt-I Loss nan  
Epoch 048 |  Time(s) 0.0936 | RobustPrompt-I Loss nan  
Epoch 049 |  Time(s) 0.1016 | RobustPrompt-I Loss nan  
Epoch 050 |  Time(s) 0.0935 | RobustPrompt-I Loss nan  
Epoch 051 |  Time(s) 0.0961 | RobustPrompt-I Loss nan  
Epoch 052 |  Time(s) 0.0956 | RobustPrompt-I Loss nan  
Epoch 053 |  Time(s) 0.1530 | RobustPrompt-I Loss nan  
Epoch 054 |  Time(s) 0.0945 | RobustPrompt-I Loss nan  
Epoch 055 |  Time(s) 0.0943 | RobustPrompt-I Loss nan  
Epoch 056 |  Time(s) 0.0978 | RobustPrompt-I Loss nan  
----------------------------------------------------------------------------------------------------
Early stopping at 57 eopch!
load LLC or attacked data with specified split
Successfully loaded the attack of dataname with few shot 5, split 1
Attack method : Meta_Self | Attack ptb : 0.15 | Dataset: Cora
======================
Number of graphs: 1
Number of features: 1433
Number of classes: 7

Data(x=[2708, 1433], edge_index=[2, 14804], y=[2708], train_mask=[2708], val_mask=[2708], test_mask=[2708])
===========================================================================================================
Number of nodes: 2708
Number of edges: 14804
Average node degree: 5.47
Has isolated nodes: False
Has self-loops: True
Is undirected: True
GCN(
  (conv_layers): ModuleList(
    (0): GCNConv(1433, 256)
    (1): GCNConv(256, 256)
  )
)
Successfully loaded pre-trained weights!
use RobustPrompt Inductive
defense pt dict :  {'sim_pt': 0.4, 'degree_pt': -1, 'out_detect_pt': -1.0, 'other_pt': 'all'}
use_attention :  False
kl_global :  False
cosine_constraint :  True
pt_threshold :  0.25
filter_module :  OriginalFilter
temperature :  1.0
weight_mse 0.1
weight_kl :  0.1
weight_constraint :  0.0
prepare induce graph data is finished!
run RobustPrompt-I
Epoch 001 |  Time(s) 0.1114 | RobustPrompt-I Loss 1.9446  
Epoch 002 |  Time(s) 0.0877 | RobustPrompt-I Loss 1.9201  
Epoch 003 |  Time(s) 0.0881 | RobustPrompt-I Loss 1.8946  
Epoch 004 |  Time(s) 0.0872 | RobustPrompt-I Loss 1.8603  
Epoch 005 |  Time(s) 0.0873 | RobustPrompt-I Loss 1.8251  
Epoch 006 |  Time(s) 0.0873 | RobustPrompt-I Loss 1.7837  
Epoch 007 |  Time(s) 0.2599 | RobustPrompt-I Loss 1.7411  
Epoch 008 |  Time(s) 0.1583 | RobustPrompt-I Loss 1.7015  
Epoch 009 |  Time(s) 0.0942 | RobustPrompt-I Loss 1.6625  
Epoch 010 |  Time(s) 0.0875 | RobustPrompt-I Loss 1.6309  
Epoch 011 |  Time(s) 0.0866 | RobustPrompt-I Loss 1.5988  
Epoch 012 |  Time(s) 0.0868 | RobustPrompt-I Loss 1.5779  
Epoch 013 |  Time(s) 0.0875 | RobustPrompt-I Loss 1.5599  
Epoch 014 |  Time(s) 0.0872 | RobustPrompt-I Loss 1.5442  
Epoch 015 |  Time(s) 0.0884 | RobustPrompt-I Loss 1.5340  
Epoch 016 |  Time(s) 0.0877 | RobustPrompt-I Loss 1.5190  
Epoch 017 |  Time(s) 0.0872 | RobustPrompt-I Loss 1.5119  
Epoch 018 |  Time(s) 0.0878 | RobustPrompt-I Loss 1.5022  
Epoch 019 |  Time(s) 0.0876 | RobustPrompt-I Loss 1.4802  
Epoch 020 |  Time(s) 0.0877 | RobustPrompt-I Loss 1.4708  
Epoch 021 |  Time(s) 0.0880 | RobustPrompt-I Loss 1.4638  
Epoch 022 |  Time(s) 0.3082 | RobustPrompt-I Loss 1.4487  
Epoch 023 |  Time(s) 0.1979 | RobustPrompt-I Loss 1.4341  
Epoch 024 |  Time(s) 0.1052 | RobustPrompt-I Loss 1.4208  
Epoch 025 |  Time(s) 0.0953 | RobustPrompt-I Loss 1.4090  
Epoch 026 |  Time(s) 0.0966 | RobustPrompt-I Loss 1.4018  
Epoch 027 |  Time(s) 0.0960 | RobustPrompt-I Loss 1.3784  
Epoch 028 |  Time(s) 0.0897 | RobustPrompt-I Loss 1.3573  
Epoch 029 |  Time(s) 0.0886 | RobustPrompt-I Loss 1.3411  
Epoch 030 |  Time(s) 0.0873 | RobustPrompt-I Loss 1.3222  
Epoch 031 |  Time(s) 0.0867 | RobustPrompt-I Loss 1.3489  
Epoch 032 |  Time(s) 0.0883 | RobustPrompt-I Loss 1.3673  
Epoch 033 |  Time(s) 0.0896 | RobustPrompt-I Loss 1.2783  
Epoch 034 |  Time(s) 0.0884 | RobustPrompt-I Loss 1.3821  
Epoch 035 |  Time(s) 0.0904 | RobustPrompt-I Loss 1.3188  
Epoch 036 |  Time(s) 0.1312 | RobustPrompt-I Loss 1.2651  
Epoch 037 |  Time(s) 0.2021 | RobustPrompt-I Loss 1.2637  
Epoch 038 |  Time(s) 0.1676 | RobustPrompt-I Loss 1.2130  
Epoch 039 |  Time(s) 0.1662 | RobustPrompt-I Loss 1.2240  
Epoch 040 |  Time(s) 0.2045 | RobustPrompt-I Loss 1.1777  
Epoch 041 |  Time(s) 0.1192 | RobustPrompt-I Loss 1.1853  
Epoch 042 |  Time(s) 0.1057 | RobustPrompt-I Loss 1.1487  
Epoch 043 |  Time(s) 0.0984 | RobustPrompt-I Loss 1.1502  
Epoch 044 |  Time(s) 0.0930 | RobustPrompt-I Loss 1.1183  
Epoch 045 |  Time(s) 0.0904 | RobustPrompt-I Loss 1.1113  
Epoch 046 |  Time(s) 0.0907 | RobustPrompt-I Loss 1.0790  
Epoch 047 |  Time(s) 0.0940 | RobustPrompt-I Loss 1.0751  
Epoch 048 |  Time(s) 0.0890 | RobustPrompt-I Loss 1.0464  
Epoch 049 |  Time(s) 0.0892 | RobustPrompt-I Loss 1.0424  
Epoch 050 |  Time(s) 0.0887 | RobustPrompt-I Loss 1.0176  
Epoch 051 |  Time(s) 0.0905 | RobustPrompt-I Loss 1.0136  
Epoch 052 |  Time(s) 0.0880 | RobustPrompt-I Loss 0.9901  
Epoch 053 |  Time(s) 0.0886 | RobustPrompt-I Loss 0.9845  
Epoch 054 |  Time(s) 0.0882 | RobustPrompt-I Loss 0.9645  
Epoch 055 |  Time(s) 0.0888 | RobustPrompt-I Loss 0.9607  
Epoch 056 |  Time(s) 0.0892 | RobustPrompt-I Loss 0.9391  
Epoch 057 |  Time(s) 0.0896 | RobustPrompt-I Loss 0.9349  
Epoch 058 |  Time(s) 0.0894 | RobustPrompt-I Loss 0.9173  
Epoch 059 |  Time(s) 0.0889 | RobustPrompt-I Loss 0.9146  
Epoch 060 |  Time(s) 0.0894 | RobustPrompt-I Loss 0.8979  
Epoch 061 |  Time(s) 0.0893 | RobustPrompt-I Loss 0.8917  
Epoch 062 |  Time(s) 0.0898 | RobustPrompt-I Loss 0.8777  
Epoch 063 |  Time(s) 0.0893 | RobustPrompt-I Loss 0.8722  
Epoch 064 |  Time(s) 0.0889 | RobustPrompt-I Loss 0.8634  
Epoch 065 |  Time(s) 0.0886 | RobustPrompt-I Loss 0.8518  
Epoch 066 |  Time(s) 0.0888 | RobustPrompt-I Loss 0.8450  
Epoch 067 |  Time(s) 0.0889 | RobustPrompt-I Loss 0.8347  
Epoch 068 |  Time(s) 0.0891 | RobustPrompt-I Loss 0.8324  
Epoch 069 |  Time(s) 0.0889 | RobustPrompt-I Loss 0.8170  
Epoch 070 |  Time(s) 0.0891 | RobustPrompt-I Loss 0.8138  
Epoch 071 |  Time(s) 0.0890 | RobustPrompt-I Loss 0.8020  
Epoch 072 |  Time(s) 0.0890 | RobustPrompt-I Loss 0.7991  
Epoch 073 |  Time(s) 0.1562 | RobustPrompt-I Loss 0.7880  
Epoch 074 |  Time(s) 0.4449 | RobustPrompt-I Loss 0.7835  
Epoch 075 |  Time(s) 0.3624 | RobustPrompt-I Loss 0.7770  
Epoch 076 |  Time(s) 0.1033 | RobustPrompt-I Loss 0.7730  
Epoch 077 |  Time(s) 0.0918 | RobustPrompt-I Loss 0.7667  
Epoch 078 |  Time(s) 0.0919 | RobustPrompt-I Loss 0.7598  
Epoch 079 |  Time(s) 0.0883 | RobustPrompt-I Loss 0.7553  
Epoch 080 |  Time(s) 0.0880 | RobustPrompt-I Loss 0.7489  
Epoch 081 |  Time(s) 0.0881 | RobustPrompt-I Loss 0.7449  
Epoch 082 |  Time(s) 0.0904 | RobustPrompt-I Loss 0.7400  
Epoch 083 |  Time(s) 0.1359 | RobustPrompt-I Loss 0.7349  
Epoch 084 |  Time(s) 0.1796 | RobustPrompt-I Loss 0.7298  
Epoch 085 |  Time(s) 0.3791 | RobustPrompt-I Loss 0.7254  
Epoch 086 |  Time(s) 0.4091 | RobustPrompt-I Loss 0.7205  
Epoch 087 |  Time(s) 0.3309 | RobustPrompt-I Loss 0.7174  
Epoch 088 |  Time(s) 0.4706 | RobustPrompt-I Loss 0.7135  
Epoch 089 |  Time(s) 0.3065 | RobustPrompt-I Loss 0.7096  
Epoch 090 |  Time(s) 0.3891 | RobustPrompt-I Loss 0.7059  
Epoch 091 |  Time(s) 0.1180 | RobustPrompt-I Loss 0.7025  
Epoch 092 |  Time(s) 0.2351 | RobustPrompt-I Loss 0.7018  
Epoch 093 |  Time(s) 0.1075 | RobustPrompt-I Loss 0.6974  
Epoch 094 |  Time(s) 0.0985 | RobustPrompt-I Loss 0.6996  
Epoch 095 |  Time(s) 0.0908 | RobustPrompt-I Loss 0.6984  
Epoch 096 |  Time(s) 0.0876 | RobustPrompt-I Loss 0.7014  
Epoch 097 |  Time(s) 0.0878 | RobustPrompt-I Loss 0.6910  
Epoch 098 |  Time(s) 0.0924 | RobustPrompt-I Loss 0.6826  
Epoch 099 |  Time(s) 0.1066 | RobustPrompt-I Loss 0.6846  
Epoch 100 |  Time(s) 0.0877 | RobustPrompt-I Loss 0.6841  
Epoch 101 |  Time(s) 0.0881 | RobustPrompt-I Loss 0.6787  
Epoch 102 |  Time(s) 0.0893 | RobustPrompt-I Loss 0.6726  
Epoch 103 |  Time(s) 0.0887 | RobustPrompt-I Loss 0.6722  
Epoch 104 |  Time(s) 0.1527 | RobustPrompt-I Loss 0.6750  
Epoch 105 |  Time(s) 0.0907 | RobustPrompt-I Loss 0.6684  
Epoch 106 |  Time(s) 0.0876 | RobustPrompt-I Loss 0.6633  
Epoch 107 |  Time(s) 0.0928 | RobustPrompt-I Loss 0.6612  
Epoch 108 |  Time(s) 0.0878 | RobustPrompt-I Loss 0.6589  
Epoch 109 |  Time(s) 0.0867 | RobustPrompt-I Loss 0.6619  
Epoch 110 |  Time(s) 0.0875 | RobustPrompt-I Loss 0.6577  
Epoch 111 |  Time(s) 0.0877 | RobustPrompt-I Loss 0.6543  
Epoch 112 |  Time(s) 0.0878 | RobustPrompt-I Loss 0.6460  
Epoch 113 |  Time(s) 0.0871 | RobustPrompt-I Loss 0.6424  
Epoch 114 |  Time(s) 0.0867 | RobustPrompt-I Loss 0.6409  
Epoch 115 |  Time(s) 0.0885 | RobustPrompt-I Loss 0.6409  
Epoch 116 |  Time(s) 0.0877 | RobustPrompt-I Loss 0.6476  
Epoch 117 |  Time(s) 0.0892 | RobustPrompt-I Loss 0.6559  
Epoch 118 |  Time(s) 0.0888 | RobustPrompt-I Loss 0.6751  
Epoch 119 |  Time(s) 0.0886 | RobustPrompt-I Loss 0.6297  
Epoch 120 |  Time(s) 0.0890 | RobustPrompt-I Loss 0.6292  
Epoch 121 |  Time(s) 0.0887 | RobustPrompt-I Loss 0.6555  
Epoch 122 |  Time(s) 0.0893 | RobustPrompt-I Loss 0.6348  
Epoch 123 |  Time(s) 0.0887 | RobustPrompt-I Loss 0.6140  
Epoch 124 |  Time(s) 0.0884 | RobustPrompt-I Loss 0.6266  
Epoch 125 |  Time(s) 0.0884 | RobustPrompt-I Loss 0.6300  
Epoch 126 |  Time(s) 0.0875 | RobustPrompt-I Loss 0.6123  
Epoch 127 |  Time(s) 0.0876 | RobustPrompt-I Loss 0.6008  
Epoch 128 |  Time(s) 0.0890 | RobustPrompt-I Loss 0.6126  
Epoch 129 |  Time(s) 0.0880 | RobustPrompt-I Loss 0.6203  
Epoch 130 |  Time(s) 0.0877 | RobustPrompt-I Loss 0.5986  
Epoch 131 |  Time(s) 0.0902 | RobustPrompt-I Loss 0.5895  
Epoch 132 |  Time(s) 0.0887 | RobustPrompt-I Loss 0.6043  
Epoch 133 |  Time(s) 0.0874 | RobustPrompt-I Loss 0.6020  
Epoch 134 |  Time(s) 0.0887 | RobustPrompt-I Loss 0.5793  
Epoch 135 |  Time(s) 0.0873 | RobustPrompt-I Loss 0.5803  
Epoch 136 |  Time(s) 0.0876 | RobustPrompt-I Loss 0.5874  
Epoch 137 |  Time(s) 0.0884 | RobustPrompt-I Loss 0.5822  
Epoch 138 |  Time(s) 0.1469 | RobustPrompt-I Loss 0.5609  
Epoch 139 |  Time(s) 0.1832 | RobustPrompt-I Loss 0.5702  
Epoch 140 |  Time(s) 0.0968 | RobustPrompt-I Loss 0.5762  
Epoch 141 |  Time(s) 0.0971 | RobustPrompt-I Loss 0.5650  
Epoch 142 |  Time(s) 0.0932 | RobustPrompt-I Loss 0.5453  
Epoch 143 |  Time(s) 0.0910 | RobustPrompt-I Loss 0.5652  
Epoch 144 |  Time(s) 0.0915 | RobustPrompt-I Loss 0.5518  
Epoch 145 |  Time(s) 0.0875 | RobustPrompt-I Loss 0.5357  
Epoch 146 |  Time(s) 0.0883 | RobustPrompt-I Loss 0.5390  
Epoch 147 |  Time(s) 0.0886 | RobustPrompt-I Loss 0.5408  
Epoch 148 |  Time(s) 0.0894 | RobustPrompt-I Loss 0.5480  
Epoch 149 |  Time(s) 0.0896 | RobustPrompt-I Loss 0.5183  
Epoch 150 |  Time(s) 0.0894 | RobustPrompt-I Loss 0.5199  
Epoch 151 |  Time(s) 0.0897 | RobustPrompt-I Loss 0.5227  
Epoch 152 |  Time(s) 0.0901 | RobustPrompt-I Loss 0.5171  
Epoch 153 |  Time(s) 0.0980 | RobustPrompt-I Loss 0.5066  
Epoch 154 |  Time(s) 0.3487 | RobustPrompt-I Loss 0.4946  
Epoch 155 |  Time(s) 0.3953 | RobustPrompt-I Loss 0.4980  
Epoch 156 |  Time(s) 0.1680 | RobustPrompt-I Loss 0.4939  
Epoch 157 |  Time(s) 0.1180 | RobustPrompt-I Loss 0.4892  
Epoch 158 |  Time(s) 0.0954 | RobustPrompt-I Loss 0.4862  
Epoch 159 |  Time(s) 0.0915 | RobustPrompt-I Loss 0.4743  
Epoch 160 |  Time(s) 0.0911 | RobustPrompt-I Loss 0.4678  
Epoch 161 |  Time(s) 0.0873 | RobustPrompt-I Loss 0.4629  
Epoch 162 |  Time(s) 0.0879 | RobustPrompt-I Loss 0.4542  
Epoch 163 |  Time(s) 0.0874 | RobustPrompt-I Loss 0.4517  
Epoch 164 |  Time(s) 0.0874 | RobustPrompt-I Loss 0.4511  
Epoch 165 |  Time(s) 0.0866 | RobustPrompt-I Loss 0.4465  
Epoch 166 |  Time(s) 0.0875 | RobustPrompt-I Loss 0.4466  
Epoch 167 |  Time(s) 0.0873 | RobustPrompt-I Loss 0.4524  
Epoch 168 |  Time(s) 0.0994 | RobustPrompt-I Loss 0.4266  
Epoch 169 |  Time(s) 0.0948 | RobustPrompt-I Loss 0.4252  
Epoch 170 |  Time(s) 0.0877 | RobustPrompt-I Loss 0.4307  
Epoch 171 |  Time(s) 0.0874 | RobustPrompt-I Loss 0.4486  
Epoch 172 |  Time(s) 0.0872 | RobustPrompt-I Loss 0.4061  
Epoch 173 |  Time(s) 0.0868 | RobustPrompt-I Loss 0.4622  
Epoch 174 |  Time(s) 0.0867 | RobustPrompt-I Loss 0.4016  
Epoch 175 |  Time(s) 0.0875 | RobustPrompt-I Loss 0.5207  
Epoch 176 |  Time(s) 0.0864 | RobustPrompt-I Loss 0.4519  
Epoch 177 |  Time(s) 0.0870 | RobustPrompt-I Loss 0.4729  
Epoch 178 |  Time(s) 0.0866 | RobustPrompt-I Loss 0.4943  
Epoch 179 |  Time(s) 0.1294 | RobustPrompt-I Loss 0.4003  
Epoch 180 |  Time(s) 0.0879 | RobustPrompt-I Loss 0.4482  
Epoch 181 |  Time(s) 0.0874 | RobustPrompt-I Loss 0.4046  
Epoch 182 |  Time(s) 0.0878 | RobustPrompt-I Loss 0.4201  
Epoch 183 |  Time(s) 0.0879 | RobustPrompt-I Loss 0.3881  
Epoch 184 |  Time(s) 0.0870 | RobustPrompt-I Loss 0.4225  
Epoch 185 |  Time(s) 0.0876 | RobustPrompt-I Loss 0.3751  
Epoch 186 |  Time(s) 0.0881 | RobustPrompt-I Loss 0.4616  
Epoch 187 |  Time(s) 0.0881 | RobustPrompt-I Loss 0.4273  
Epoch 188 |  Time(s) 0.0879 | RobustPrompt-I Loss 0.4000  
Epoch 189 |  Time(s) 0.0874 | RobustPrompt-I Loss 0.4054  
Epoch 190 |  Time(s) 0.0880 | RobustPrompt-I Loss 0.3862  
Epoch 191 |  Time(s) 0.0883 | RobustPrompt-I Loss 0.3751  
Epoch 192 |  Time(s) 0.0882 | RobustPrompt-I Loss 0.4225  
Epoch 193 |  Time(s) 0.0875 | RobustPrompt-I Loss 0.4120  
Epoch 194 |  Time(s) 0.0881 | RobustPrompt-I Loss 0.3741  
Epoch 195 |  Time(s) 0.0877 | RobustPrompt-I Loss 0.3739  
Epoch 196 |  Time(s) 0.0881 | RobustPrompt-I Loss 0.3963  
Epoch 197 |  Time(s) 0.0873 | RobustPrompt-I Loss 0.3874  
Epoch 198 |  Time(s) 0.1212 | RobustPrompt-I Loss 0.3782  
Epoch 199 |  Time(s) 0.3350 | RobustPrompt-I Loss 0.3689  
Epoch 200 |  Time(s) 0.2046 | RobustPrompt-I Loss 0.3921  
Batch 0 Acc: 0.1700 | Macro-F1: 0.0796
Batch 1 Acc: 0.1200 | Macro-F1: 0.0553
Batch 2 Acc: 0.1500 | Macro-F1: 0.0695
Batch 3 Acc: 0.2500 | Macro-F1: 0.1117
Batch 4 Acc: 0.2000 | Macro-F1: 0.1061
Batch 5 Acc: 0.1600 | Macro-F1: 0.0727
Batch 6 Acc: 0.1800 | Macro-F1: 0.0873
Batch 7 Acc: 0.2100 | Macro-F1: 0.0806
Batch 8 Acc: 0.1500 | Macro-F1: 0.0681
Batch 9 Acc: 0.1200 | Macro-F1: 0.0833
Final True Accuracy: 0.1710 | Macro F1 Score: 0.0841
best_loss [0.39214494824409485]
load LLC or attacked data with specified split
Successfully loaded the attack of dataname with few shot 5, split 1
Attack method : Meta_Self | Attack ptb : 0.15 | Dataset: Cora
======================
Number of graphs: 1
Number of features: 1433
Number of classes: 7

Data(x=[2708, 1433], edge_index=[2, 14804], y=[2708], train_mask=[2708], val_mask=[2708], test_mask=[2708])
===========================================================================================================
Number of nodes: 2708
Number of edges: 14804
Average node degree: 5.47
Has isolated nodes: False
Has self-loops: True
Is undirected: True
GCN(
  (conv_layers): ModuleList(
    (0): GCNConv(1433, 256)
    (1): GCNConv(256, 256)
  )
)
Successfully loaded pre-trained weights!
use RobustPrompt Inductive
defense pt dict :  {'sim_pt': 0.4, 'degree_pt': -1, 'out_detect_pt': -1.0, 'other_pt': 'all'}
use_attention :  False
kl_global :  False
cosine_constraint :  True
pt_threshold :  0.25
filter_module :  OriginalFilter
temperature :  1.0
weight_mse 0.1
weight_kl :  0.1
weight_constraint :  0.0
prepare induce graph data is finished!
run RobustPrompt-I
Epoch 001 |  Time(s) 0.1317 | RobustPrompt-I Loss 1.9416  
Epoch 002 |  Time(s) 0.1175 | RobustPrompt-I Loss 1.9374  
Epoch 003 |  Time(s) 0.0947 | RobustPrompt-I Loss 1.9085  
Epoch 004 |  Time(s) 0.0973 | RobustPrompt-I Loss 1.8838  
Epoch 005 |  Time(s) 0.0931 | RobustPrompt-I Loss 1.8395  
Epoch 006 |  Time(s) 0.0888 | RobustPrompt-I Loss 1.8095  
Epoch 007 |  Time(s) 0.0883 | RobustPrompt-I Loss 1.7661  
Epoch 008 |  Time(s) 0.0893 | RobustPrompt-I Loss 1.7272  
Epoch 009 |  Time(s) 0.0899 | RobustPrompt-I Loss 1.6926  
Epoch 010 |  Time(s) 0.0892 | RobustPrompt-I Loss 1.6545  
Epoch 011 |  Time(s) 0.0890 | RobustPrompt-I Loss 1.6240  
Epoch 012 |  Time(s) 0.0890 | RobustPrompt-I Loss 1.6037  
Epoch 013 |  Time(s) 0.0885 | RobustPrompt-I Loss 1.5883  
Epoch 014 |  Time(s) 0.0896 | RobustPrompt-I Loss 1.5832  
Epoch 015 |  Time(s) 0.0906 | RobustPrompt-I Loss 1.5679  
Epoch 016 |  Time(s) 0.0892 | RobustPrompt-I Loss 1.5636  
Epoch 017 |  Time(s) 0.0901 | RobustPrompt-I Loss 1.5530  
Epoch 018 |  Time(s) 0.0897 | RobustPrompt-I Loss 1.5478  
Epoch 019 |  Time(s) 0.0895 | RobustPrompt-I Loss 1.5362  
Epoch 020 |  Time(s) 0.0895 | RobustPrompt-I Loss 1.5276  
Epoch 021 |  Time(s) 0.0904 | RobustPrompt-I Loss 1.5169  
Epoch 022 |  Time(s) 0.0905 | RobustPrompt-I Loss 1.5070  
Epoch 023 |  Time(s) 0.0902 | RobustPrompt-I Loss 1.4925  
Epoch 024 |  Time(s) 0.0900 | RobustPrompt-I Loss 1.4851  
Epoch 025 |  Time(s) 0.0884 | RobustPrompt-I Loss 1.4747  
Epoch 026 |  Time(s) 0.0921 | RobustPrompt-I Loss 1.4674  
Epoch 027 |  Time(s) 0.0892 | RobustPrompt-I Loss 1.4498  
Epoch 028 |  Time(s) 0.0892 | RobustPrompt-I Loss 1.4352  
Epoch 029 |  Time(s) 0.0896 | RobustPrompt-I Loss 1.4216  
Epoch 030 |  Time(s) 0.0901 | RobustPrompt-I Loss 1.4069  
Epoch 031 |  Time(s) 0.0898 | RobustPrompt-I Loss 1.3937  
Epoch 032 |  Time(s) 0.0893 | RobustPrompt-I Loss 1.3679  
Epoch 033 |  Time(s) 0.1207 | RobustPrompt-I Loss 1.3497  
Epoch 034 |  Time(s) 0.0897 | RobustPrompt-I Loss 1.3320  
Epoch 035 |  Time(s) 0.0896 | RobustPrompt-I Loss 1.3119  
Epoch 036 |  Time(s) 0.0892 | RobustPrompt-I Loss 1.2960  
Epoch 037 |  Time(s) 0.0906 | RobustPrompt-I Loss 1.2697  
Epoch 038 |  Time(s) 0.0903 | RobustPrompt-I Loss 1.2497  
Epoch 039 |  Time(s) 0.0895 | RobustPrompt-I Loss 1.2157  
Epoch 040 |  Time(s) 0.0893 | RobustPrompt-I Loss 1.1860  
Epoch 041 |  Time(s) 0.0901 | RobustPrompt-I Loss 1.1555  
Epoch 042 |  Time(s) 0.0897 | RobustPrompt-I Loss 1.1204  
Epoch 043 |  Time(s) 0.0897 | RobustPrompt-I Loss 1.1445  
Epoch 044 |  Time(s) 0.0895 | RobustPrompt-I Loss 1.2157  
Epoch 045 |  Time(s) 0.0894 | RobustPrompt-I Loss 1.1061  
Epoch 046 |  Time(s) 0.0870 | RobustPrompt-I Loss 1.2421  
Epoch 047 |  Time(s) 0.0969 | RobustPrompt-I Loss 1.2452  
Epoch 048 |  Time(s) 0.0952 | RobustPrompt-I Loss 1.0073  
Epoch 049 |  Time(s) 0.1170 | RobustPrompt-I Loss 1.1510  
Epoch 050 |  Time(s) 0.0897 | RobustPrompt-I Loss 1.0968  
Epoch 051 |  Time(s) 0.0887 | RobustPrompt-I Loss 0.9912  
Epoch 052 |  Time(s) 0.0900 | RobustPrompt-I Loss 1.0421  
Epoch 053 |  Time(s) 0.0893 | RobustPrompt-I Loss 0.9810  
Epoch 054 |  Time(s) 0.0895 | RobustPrompt-I Loss 1.0143  
Epoch 055 |  Time(s) 0.0896 | RobustPrompt-I Loss 0.9711  
Epoch 056 |  Time(s) 0.0899 | RobustPrompt-I Loss 0.9700  
Epoch 057 |  Time(s) 0.0880 | RobustPrompt-I Loss 0.9683  
Epoch 058 |  Time(s) 0.0892 | RobustPrompt-I Loss 0.9053  
Epoch 059 |  Time(s) 0.0919 | RobustPrompt-I Loss 0.9515  
Epoch 060 |  Time(s) 0.0883 | RobustPrompt-I Loss 0.9029  
Epoch 061 |  Time(s) 0.0886 | RobustPrompt-I Loss 0.8943  
Epoch 062 |  Time(s) 0.0883 | RobustPrompt-I Loss 0.8971  
Epoch 063 |  Time(s) 0.0893 | RobustPrompt-I Loss 0.8706  
Epoch 064 |  Time(s) 0.0880 | RobustPrompt-I Loss 0.8663  
Epoch 065 |  Time(s) 0.0900 | RobustPrompt-I Loss nan  
Epoch 066 |  Time(s) 0.0890 | RobustPrompt-I Loss nan  
Epoch 067 |  Time(s) 0.0891 | RobustPrompt-I Loss nan  
Epoch 068 |  Time(s) 0.0890 | RobustPrompt-I Loss nan  
Epoch 069 |  Time(s) 0.1536 | RobustPrompt-I Loss nan  
Epoch 070 |  Time(s) 0.1725 | RobustPrompt-I Loss nan  
Epoch 071 |  Time(s) 0.0986 | RobustPrompt-I Loss nan  
Epoch 072 |  Time(s) 0.0894 | RobustPrompt-I Loss nan  
Epoch 073 |  Time(s) 0.0891 | RobustPrompt-I Loss nan  
Epoch 074 |  Time(s) 0.0892 | RobustPrompt-I Loss nan  
Epoch 075 |  Time(s) 0.0883 | RobustPrompt-I Loss nan  
Epoch 076 |  Time(s) 0.0880 | RobustPrompt-I Loss nan  
Epoch 077 |  Time(s) 0.0890 | RobustPrompt-I Loss nan  
Epoch 078 |  Time(s) 0.0891 | RobustPrompt-I Loss nan  
Epoch 079 |  Time(s) 0.0894 | RobustPrompt-I Loss nan  
Epoch 080 |  Time(s) 0.0883 | RobustPrompt-I Loss nan  
Epoch 081 |  Time(s) 0.0892 | RobustPrompt-I Loss nan  
Epoch 082 |  Time(s) 0.0894 | RobustPrompt-I Loss nan  
Epoch 083 |  Time(s) 0.0893 | RobustPrompt-I Loss nan  
----------------------------------------------------------------------------------------------------
Early stopping at 84 eopch!
load LLC or attacked data with specified split
Successfully loaded the attack of dataname with few shot 5, split 1
Attack method : Meta_Self | Attack ptb : 0.15 | Dataset: Cora
======================
Number of graphs: 1
Number of features: 1433
Number of classes: 7

Data(x=[2708, 1433], edge_index=[2, 14804], y=[2708], train_mask=[2708], val_mask=[2708], test_mask=[2708])
===========================================================================================================
Number of nodes: 2708
Number of edges: 14804
Average node degree: 5.47
Has isolated nodes: False
Has self-loops: True
Is undirected: True
GCN(
  (conv_layers): ModuleList(
    (0): GCNConv(1433, 256)
    (1): GCNConv(256, 256)
  )
)
Successfully loaded pre-trained weights!
use RobustPrompt Inductive
defense pt dict :  {'sim_pt': 0.4, 'degree_pt': -1, 'out_detect_pt': -1.0, 'other_pt': 'all'}
use_attention :  False
kl_global :  False
cosine_constraint :  True
pt_threshold :  0.25
filter_module :  OriginalFilter
temperature :  1.0
weight_mse 0.1
weight_kl :  0.1
weight_constraint :  0.0
prepare induce graph data is finished!
run RobustPrompt-I
Epoch 001 |  Time(s) 0.1038 | RobustPrompt-I Loss 1.9478  
Epoch 002 |  Time(s) 0.0875 | RobustPrompt-I Loss 1.9327  
Epoch 003 |  Time(s) 0.0881 | RobustPrompt-I Loss 1.9053  
Epoch 004 |  Time(s) 0.0877 | RobustPrompt-I Loss 1.8704  
Epoch 005 |  Time(s) 0.0878 | RobustPrompt-I Loss 1.8431  
Epoch 006 |  Time(s) 0.0877 | RobustPrompt-I Loss 1.8019  
Epoch 007 |  Time(s) 0.0887 | RobustPrompt-I Loss 1.7714  
Epoch 008 |  Time(s) 0.0888 | RobustPrompt-I Loss 1.7383  
Epoch 009 |  Time(s) 0.0899 | RobustPrompt-I Loss 1.6956  
Epoch 010 |  Time(s) 0.0890 | RobustPrompt-I Loss 1.6673  
Epoch 011 |  Time(s) 0.0878 | RobustPrompt-I Loss 1.6439  
Epoch 012 |  Time(s) 0.0878 | RobustPrompt-I Loss 1.6135  
Epoch 013 |  Time(s) 0.0880 | RobustPrompt-I Loss 1.5993  
Epoch 014 |  Time(s) 0.0880 | RobustPrompt-I Loss 1.5810  
Epoch 015 |  Time(s) 0.0882 | RobustPrompt-I Loss 1.5682  
Epoch 016 |  Time(s) 0.0884 | RobustPrompt-I Loss 1.5544  
Epoch 017 |  Time(s) 0.0881 | RobustPrompt-I Loss 1.5413  
Epoch 018 |  Time(s) 0.0882 | RobustPrompt-I Loss 1.5323  
Epoch 019 |  Time(s) 0.2544 | RobustPrompt-I Loss 1.5174  
Epoch 020 |  Time(s) 0.1036 | RobustPrompt-I Loss 1.5136  
Epoch 021 |  Time(s) 0.1968 | RobustPrompt-I Loss 1.4985  
Epoch 022 |  Time(s) 0.0966 | RobustPrompt-I Loss 1.4908  
Epoch 023 |  Time(s) 0.0953 | RobustPrompt-I Loss 1.4822  
Epoch 024 |  Time(s) 0.0882 | RobustPrompt-I Loss 1.4750  
Epoch 025 |  Time(s) 0.0884 | RobustPrompt-I Loss 1.4688  
Epoch 026 |  Time(s) 0.0882 | RobustPrompt-I Loss 1.4541  
Epoch 027 |  Time(s) 0.0883 | RobustPrompt-I Loss 1.4467  
Epoch 028 |  Time(s) 0.0834 | RobustPrompt-I Loss 1.4413  
Epoch 029 |  Time(s) 0.0976 | RobustPrompt-I Loss 1.4317  
Epoch 030 |  Time(s) 0.0939 | RobustPrompt-I Loss 1.4225  
Epoch 031 |  Time(s) 0.0898 | RobustPrompt-I Loss 1.4126  
Epoch 032 |  Time(s) 0.0888 | RobustPrompt-I Loss 1.3925  
Epoch 033 |  Time(s) 0.0891 | RobustPrompt-I Loss nan  
Epoch 034 |  Time(s) 0.0888 | RobustPrompt-I Loss nan  
Epoch 035 |  Time(s) 0.0932 | RobustPrompt-I Loss nan  
Epoch 036 |  Time(s) 0.0941 | RobustPrompt-I Loss nan  
Epoch 037 |  Time(s) 0.0949 | RobustPrompt-I Loss nan  
Epoch 038 |  Time(s) 0.0915 | RobustPrompt-I Loss nan  
Epoch 039 |  Time(s) 0.0887 | RobustPrompt-I Loss nan  
Epoch 040 |  Time(s) 0.0899 | RobustPrompt-I Loss nan  
Epoch 041 |  Time(s) 0.0896 | RobustPrompt-I Loss nan  
Epoch 042 |  Time(s) 0.0895 | RobustPrompt-I Loss nan  
Epoch 043 |  Time(s) 0.0888 | RobustPrompt-I Loss nan  
Epoch 044 |  Time(s) 0.0883 | RobustPrompt-I Loss nan  
Epoch 045 |  Time(s) 0.0881 | RobustPrompt-I Loss nan  
Epoch 046 |  Time(s) 0.0886 | RobustPrompt-I Loss nan  
Epoch 047 |  Time(s) 0.0894 | RobustPrompt-I Loss nan  
Epoch 048 |  Time(s) 0.0894 | RobustPrompt-I Loss nan  
Epoch 049 |  Time(s) 0.0888 | RobustPrompt-I Loss nan  
Epoch 050 |  Time(s) 0.0905 | RobustPrompt-I Loss nan  
Epoch 051 |  Time(s) 0.0896 | RobustPrompt-I Loss nan  
----------------------------------------------------------------------------------------------------
Early stopping at 52 eopch!
{1: {1: nan}, 2: {1: nan}, 3: {1: 0.17100000381469727}, 4: {1: nan}, 5: {1: nan}}
{1: {1: nan, 2: nan, 3: 0.17100000381469727, 4: nan, 5: nan}}
########################################################################################
seed: 1 | split 1 : nan
# Seed 1 Muti Split Final Acc: nan±nan
seed: 2 | split 1 : nan
# Seed 2 Muti Split Final Acc: nan±nan
seed: 3 | split 1 : 0.17100000381469727
# Seed 3 Muti Split Final Acc: 0.1710±0.0000
seed: 4 | split 1 : nan
# Seed 4 Muti Split Final Acc: nan±nan
seed: 5 | split 1 : nan
# Seed 5 Muti Split Final Acc: nan±nan
########################################################################################
split: 1 | seed 1 : nan
split: 1 | seed 2 : nan
split: 1 | seed 3 : 0.17100000381469727
split: 1 | seed 4 : nan
split: 1 | seed 5 : nan
# Split 1 Muti Seed Acc without min value: nan±nan
########################################################################################
Done sim=0.4, ptb=0.15, end=2026-06-08 23:14:03, duration=00:01:11
