Start sim=0.5, ptb=0.0, time=2026-06-08 22:57:36, log=logs/RobustPrompt-I/ft_sim0.5_0.0_20260608_225736.log
load LLC or attacked data with specified split
Successfully loaded the attack of dataname with few shot 5, split 1
Attack method : Meta_Self | Attack ptb : 0.0 | Dataset: Cora
======================
Number of graphs: 1
Number of features: 1433
Number of classes: 7

Data(x=[2708, 1433], edge_index=[2, 13264], y=[2708], train_mask=[2708], val_mask=[2708], test_mask=[2708])
===========================================================================================================
Number of nodes: 2708
Number of edges: 13264
Average node degree: 4.90
Has isolated nodes: False
Has self-loops: True
Is undirected: True
GCN(
  (conv_layers): ModuleList(
    (0): GCNConv(1433, 256)
    (1): GCNConv(256, 256)
  )
)
Successfully loaded pre-trained weights!
use RobustPrompt Inductive
defense pt dict :  {'sim_pt': 0.5, 'degree_pt': -1, 'out_detect_pt': -1.0, 'other_pt': 'all'}
use_attention :  False
kl_global :  False
cosine_constraint :  True
pt_threshold :  0.25
filter_module :  OriginalFilter
temperature :  1.0
weight_mse 0.1
weight_kl :  0.1
weight_constraint :  0.0
prepare induce graph data is finished!
run RobustPrompt-I
Epoch 001 |  Time(s) 0.4119 | RobustPrompt-I Loss 1.9436  
Epoch 002 |  Time(s) 0.0880 | RobustPrompt-I Loss 1.9433  
Epoch 003 |  Time(s) 0.0878 | RobustPrompt-I Loss 1.9296  
Epoch 004 |  Time(s) 0.0902 | RobustPrompt-I Loss 1.9092  
Epoch 005 |  Time(s) 0.0872 | RobustPrompt-I Loss 1.8873  
Epoch 006 |  Time(s) 0.0871 | RobustPrompt-I Loss 1.8717  
Epoch 007 |  Time(s) 0.0868 | RobustPrompt-I Loss 1.8566  
Epoch 008 |  Time(s) 0.0874 | RobustPrompt-I Loss 1.8337  
Epoch 009 |  Time(s) 0.1231 | RobustPrompt-I Loss 1.8209  
Epoch 010 |  Time(s) 0.0875 | RobustPrompt-I Loss 1.8206  
Epoch 011 |  Time(s) 0.0872 | RobustPrompt-I Loss 1.8063  
Epoch 012 |  Time(s) 0.0848 | RobustPrompt-I Loss 1.7896  
Epoch 013 |  Time(s) 0.0902 | RobustPrompt-I Loss 1.7837  
Epoch 014 |  Time(s) 0.0849 | RobustPrompt-I Loss 1.7735  
Epoch 015 |  Time(s) 0.0924 | RobustPrompt-I Loss 1.7596  
Epoch 016 |  Time(s) 0.2400 | RobustPrompt-I Loss 1.7525  
Epoch 017 |  Time(s) 0.2720 | RobustPrompt-I Loss 1.7486  
Epoch 018 |  Time(s) 0.2321 | RobustPrompt-I Loss 1.7402  
Epoch 019 |  Time(s) 0.1309 | RobustPrompt-I Loss 1.7307  
Epoch 020 |  Time(s) 0.1155 | RobustPrompt-I Loss 1.7223  
Epoch 021 |  Time(s) 0.1081 | RobustPrompt-I Loss 1.7149  
Epoch 022 |  Time(s) 0.0859 | RobustPrompt-I Loss 1.7027  
Epoch 023 |  Time(s) 0.0856 | RobustPrompt-I Loss 1.6934  
Epoch 024 |  Time(s) 0.0876 | RobustPrompt-I Loss 1.6778  
Epoch 025 |  Time(s) 0.0822 | RobustPrompt-I Loss 1.6694  
Epoch 026 |  Time(s) 0.0813 | RobustPrompt-I Loss 1.6921  
Epoch 027 |  Time(s) 0.0814 | RobustPrompt-I Loss 1.6590  
Epoch 028 |  Time(s) 0.0819 | RobustPrompt-I Loss 1.6831  
Epoch 029 |  Time(s) 0.0876 | RobustPrompt-I Loss 1.6454  
Epoch 030 |  Time(s) 0.0918 | RobustPrompt-I Loss 1.6575  
Epoch 031 |  Time(s) 0.0884 | RobustPrompt-I Loss 1.6288  
Epoch 032 |  Time(s) 0.0836 | RobustPrompt-I Loss 1.6392  
Epoch 033 |  Time(s) 0.0843 | RobustPrompt-I Loss 1.6079  
Epoch 034 |  Time(s) 0.0944 | RobustPrompt-I Loss 1.6259  
Epoch 035 |  Time(s) 0.0825 | RobustPrompt-I Loss 1.6046  
Epoch 036 |  Time(s) 0.0821 | RobustPrompt-I Loss 1.5960  
Epoch 037 |  Time(s) 0.0825 | RobustPrompt-I Loss 1.5796  
Epoch 038 |  Time(s) 0.0826 | RobustPrompt-I Loss 1.5814  
Epoch 039 |  Time(s) 0.0821 | RobustPrompt-I Loss 1.5745  
Epoch 040 |  Time(s) 0.0829 | RobustPrompt-I Loss 1.5583  
Epoch 041 |  Time(s) 0.0866 | RobustPrompt-I Loss 1.5411  
Epoch 042 |  Time(s) 0.0858 | RobustPrompt-I Loss 1.5427  
Epoch 043 |  Time(s) 0.0841 | RobustPrompt-I Loss 1.5316  
Epoch 044 |  Time(s) 0.0846 | RobustPrompt-I Loss 1.5127  
Epoch 045 |  Time(s) 0.0829 | RobustPrompt-I Loss 1.4952  
Epoch 046 |  Time(s) 0.0822 | RobustPrompt-I Loss 1.5064  
Epoch 047 |  Time(s) 0.0883 | RobustPrompt-I Loss 1.5132  
Epoch 048 |  Time(s) 0.1427 | RobustPrompt-I Loss 1.4774  
Epoch 049 |  Time(s) 0.0871 | RobustPrompt-I Loss 1.4579  
Epoch 050 |  Time(s) 0.0921 | RobustPrompt-I Loss 1.4862  
Epoch 051 |  Time(s) 0.0868 | RobustPrompt-I Loss 1.4242  
Epoch 052 |  Time(s) 0.0855 | RobustPrompt-I Loss 1.4273  
Epoch 053 |  Time(s) 0.0873 | RobustPrompt-I Loss 1.4387  
Epoch 054 |  Time(s) 0.0834 | RobustPrompt-I Loss 1.3904  
Epoch 055 |  Time(s) 0.0824 | RobustPrompt-I Loss 1.4235  
Epoch 056 |  Time(s) 0.0830 | RobustPrompt-I Loss 1.3731  
Epoch 057 |  Time(s) 0.0826 | RobustPrompt-I Loss 1.4111  
Epoch 058 |  Time(s) 0.0824 | RobustPrompt-I Loss 1.3699  
Epoch 059 |  Time(s) 0.0824 | RobustPrompt-I Loss 1.4473  
Epoch 060 |  Time(s) 0.2510 | RobustPrompt-I Loss 1.4501  
Epoch 061 |  Time(s) 0.0790 | RobustPrompt-I Loss 1.3445  
Epoch 062 |  Time(s) 0.0931 | RobustPrompt-I Loss 1.4005  
Epoch 063 |  Time(s) 0.0888 | RobustPrompt-I Loss 1.3506  
Epoch 064 |  Time(s) 0.1203 | RobustPrompt-I Loss 1.3235  
Epoch 065 |  Time(s) 0.0822 | RobustPrompt-I Loss 1.3493  
Epoch 066 |  Time(s) 0.0818 | RobustPrompt-I Loss 1.2688  
Epoch 067 |  Time(s) 0.0816 | RobustPrompt-I Loss 1.3357  
Epoch 068 |  Time(s) 0.0808 | RobustPrompt-I Loss 1.2794  
Epoch 069 |  Time(s) 0.0819 | RobustPrompt-I Loss 1.3003  
Epoch 070 |  Time(s) 0.0817 | RobustPrompt-I Loss 1.3118  
Epoch 071 |  Time(s) 0.0819 | RobustPrompt-I Loss 1.2380  
Epoch 072 |  Time(s) 0.0807 | RobustPrompt-I Loss 1.4216  
Epoch 073 |  Time(s) 0.0809 | RobustPrompt-I Loss 1.4180  
Epoch 074 |  Time(s) 0.0801 | RobustPrompt-I Loss 1.2351  
Epoch 075 |  Time(s) 0.0805 | RobustPrompt-I Loss 1.2620  
Epoch 076 |  Time(s) 0.0811 | RobustPrompt-I Loss 1.2957  
Epoch 077 |  Time(s) 0.0802 | RobustPrompt-I Loss 1.1874  
Epoch 078 |  Time(s) 0.0802 | RobustPrompt-I Loss 1.3095  
Epoch 079 |  Time(s) 0.0821 | RobustPrompt-I Loss 1.2987  
Epoch 080 |  Time(s) 0.0808 | RobustPrompt-I Loss 1.2225  
Epoch 081 |  Time(s) 0.0821 | RobustPrompt-I Loss 1.2204  
Epoch 082 |  Time(s) 0.2426 | RobustPrompt-I Loss 1.3004  
Epoch 083 |  Time(s) 0.2197 | RobustPrompt-I Loss 1.2119  
Epoch 084 |  Time(s) 0.0966 | RobustPrompt-I Loss 1.2591  
Epoch 085 |  Time(s) 0.0977 | RobustPrompt-I Loss 1.2900  
Epoch 086 |  Time(s) 0.0937 | RobustPrompt-I Loss 1.1799  
Epoch 087 |  Time(s) 0.0908 | RobustPrompt-I Loss 1.1634  
Epoch 088 |  Time(s) 0.0870 | RobustPrompt-I Loss 1.2855  
Epoch 089 |  Time(s) 0.0884 | RobustPrompt-I Loss 1.2265  
Epoch 090 |  Time(s) 0.0937 | RobustPrompt-I Loss 1.1687  
Epoch 091 |  Time(s) 0.0874 | RobustPrompt-I Loss 1.1643  
Epoch 092 |  Time(s) 0.0872 | RobustPrompt-I Loss 1.1953  
Epoch 093 |  Time(s) 0.0877 | RobustPrompt-I Loss 1.1525  
Epoch 094 |  Time(s) 0.0881 | RobustPrompt-I Loss 1.2208  
Epoch 095 |  Time(s) 0.0908 | RobustPrompt-I Loss 1.2353  
Epoch 096 |  Time(s) 0.0905 | RobustPrompt-I Loss 1.1093  
Epoch 097 |  Time(s) 0.0890 | RobustPrompt-I Loss 1.1173  
Epoch 098 |  Time(s) 0.0908 | RobustPrompt-I Loss 1.1003  
Epoch 099 |  Time(s) 0.0862 | RobustPrompt-I Loss 1.1294  
Epoch 100 |  Time(s) 0.0881 | RobustPrompt-I Loss 1.1053  
Epoch 101 |  Time(s) 0.0877 | RobustPrompt-I Loss 1.1347  
Epoch 102 |  Time(s) 0.1467 | RobustPrompt-I Loss 1.1150  
Epoch 103 |  Time(s) 0.2467 | RobustPrompt-I Loss 1.1299  
Epoch 104 |  Time(s) 0.1427 | RobustPrompt-I Loss 1.0819  
Epoch 105 |  Time(s) 0.1832 | RobustPrompt-I Loss 1.1738  
Epoch 106 |  Time(s) 0.1086 | RobustPrompt-I Loss 1.1794  
Epoch 107 |  Time(s) 0.2633 | RobustPrompt-I Loss 1.0270  
Epoch 108 |  Time(s) 0.2352 | RobustPrompt-I Loss 1.0653  
Epoch 109 |  Time(s) 0.3387 | RobustPrompt-I Loss 1.0431  
Epoch 110 |  Time(s) 0.1111 | RobustPrompt-I Loss 1.0227  
Epoch 111 |  Time(s) 0.0929 | RobustPrompt-I Loss 1.0039  
Epoch 112 |  Time(s) 0.0900 | RobustPrompt-I Loss 1.0074  
Epoch 113 |  Time(s) 0.0888 | RobustPrompt-I Loss 0.9913  
Epoch 114 |  Time(s) 0.0873 | RobustPrompt-I Loss 1.0126  
Epoch 115 |  Time(s) 0.0857 | RobustPrompt-I Loss 0.9681  
Epoch 116 |  Time(s) 0.0880 | RobustPrompt-I Loss 0.9744  
Epoch 117 |  Time(s) 0.0855 | RobustPrompt-I Loss 0.9823  
Epoch 118 |  Time(s) 0.0885 | RobustPrompt-I Loss 0.9422  
Epoch 119 |  Time(s) 0.0887 | RobustPrompt-I Loss 1.0766  
Epoch 120 |  Time(s) 0.0889 | RobustPrompt-I Loss 1.0415  
Epoch 121 |  Time(s) 0.0907 | RobustPrompt-I Loss 0.9307  
Epoch 122 |  Time(s) 0.1956 | RobustPrompt-I Loss 0.9259  
Epoch 123 |  Time(s) 0.1319 | RobustPrompt-I Loss nan  
Epoch 124 |  Time(s) 0.2552 | RobustPrompt-I Loss nan  
Epoch 125 |  Time(s) 0.4523 | RobustPrompt-I Loss nan  
Epoch 126 |  Time(s) 0.2387 | RobustPrompt-I Loss nan  
Epoch 127 |  Time(s) 0.1005 | RobustPrompt-I Loss nan  
Epoch 128 |  Time(s) 0.0966 | RobustPrompt-I Loss nan  
Epoch 129 |  Time(s) 0.0899 | RobustPrompt-I Loss nan  
Epoch 130 |  Time(s) 0.0870 | RobustPrompt-I Loss nan  
Epoch 131 |  Time(s) 0.0873 | RobustPrompt-I Loss nan  
Epoch 132 |  Time(s) 0.0876 | RobustPrompt-I Loss nan  
Epoch 133 |  Time(s) 0.0875 | RobustPrompt-I Loss nan  
Epoch 134 |  Time(s) 0.0862 | RobustPrompt-I Loss nan  
Epoch 135 |  Time(s) 0.0858 | RobustPrompt-I Loss nan  
Epoch 136 |  Time(s) 0.0860 | RobustPrompt-I Loss nan  
Epoch 137 |  Time(s) 0.0875 | RobustPrompt-I Loss nan  
Epoch 138 |  Time(s) 0.0861 | RobustPrompt-I Loss nan  
Epoch 139 |  Time(s) 0.0871 | RobustPrompt-I Loss nan  
Epoch 140 |  Time(s) 0.0861 | RobustPrompt-I Loss nan  
Epoch 141 |  Time(s) 0.0864 | RobustPrompt-I Loss nan  
----------------------------------------------------------------------------------------------------
Early stopping at 142 eopch!
load LLC or attacked data with specified split
Successfully loaded the attack of dataname with few shot 5, split 1
Attack method : Meta_Self | Attack ptb : 0.0 | Dataset: Cora
======================
Number of graphs: 1
Number of features: 1433
Number of classes: 7

Data(x=[2708, 1433], edge_index=[2, 13264], y=[2708], train_mask=[2708], val_mask=[2708], test_mask=[2708])
===========================================================================================================
Number of nodes: 2708
Number of edges: 13264
Average node degree: 4.90
Has isolated nodes: False
Has self-loops: True
Is undirected: True
GCN(
  (conv_layers): ModuleList(
    (0): GCNConv(1433, 256)
    (1): GCNConv(256, 256)
  )
)
Successfully loaded pre-trained weights!
use RobustPrompt Inductive
defense pt dict :  {'sim_pt': 0.5, 'degree_pt': -1, 'out_detect_pt': -1.0, 'other_pt': 'all'}
use_attention :  False
kl_global :  False
cosine_constraint :  True
pt_threshold :  0.25
filter_module :  OriginalFilter
temperature :  1.0
weight_mse 0.1
weight_kl :  0.1
weight_constraint :  0.0
prepare induce graph data is finished!
run RobustPrompt-I
Epoch 001 |  Time(s) 0.1039 | RobustPrompt-I Loss 1.9468  
Epoch 002 |  Time(s) 0.1323 | RobustPrompt-I Loss 1.9352  
Epoch 003 |  Time(s) 0.0919 | RobustPrompt-I Loss 1.9146  
Epoch 004 |  Time(s) 0.0907 | RobustPrompt-I Loss 1.8849  
Epoch 005 |  Time(s) 0.0907 | RobustPrompt-I Loss 1.8588  
Epoch 006 |  Time(s) 0.0908 | RobustPrompt-I Loss 1.8303  
Epoch 007 |  Time(s) 0.0909 | RobustPrompt-I Loss 1.8000  
Epoch 008 |  Time(s) 0.0916 | RobustPrompt-I Loss 1.7870  
Epoch 009 |  Time(s) 0.0910 | RobustPrompt-I Loss 1.7688  
Epoch 010 |  Time(s) 0.0912 | RobustPrompt-I Loss nan  
Epoch 011 |  Time(s) 0.0911 | RobustPrompt-I Loss nan  
Epoch 012 |  Time(s) 0.0906 | RobustPrompt-I Loss nan  
Epoch 013 |  Time(s) 0.0912 | RobustPrompt-I Loss nan  
Epoch 014 |  Time(s) 0.0910 | RobustPrompt-I Loss nan  
Epoch 015 |  Time(s) 0.0901 | RobustPrompt-I Loss nan  
Epoch 016 |  Time(s) 0.0911 | RobustPrompt-I Loss nan  
Epoch 017 |  Time(s) 0.0901 | RobustPrompt-I Loss nan  
Epoch 018 |  Time(s) 0.0906 | RobustPrompt-I Loss nan  
Epoch 019 |  Time(s) 0.0931 | RobustPrompt-I Loss nan  
Epoch 020 |  Time(s) 0.0915 | RobustPrompt-I Loss nan  
Epoch 021 |  Time(s) 0.0911 | RobustPrompt-I Loss nan  
Epoch 022 |  Time(s) 0.0920 | RobustPrompt-I Loss nan  
Epoch 023 |  Time(s) 0.0912 | RobustPrompt-I Loss nan  
Epoch 024 |  Time(s) 0.0914 | RobustPrompt-I Loss nan  
Epoch 025 |  Time(s) 0.0909 | RobustPrompt-I Loss nan  
Epoch 026 |  Time(s) 0.0906 | RobustPrompt-I Loss nan  
Epoch 027 |  Time(s) 0.0912 | RobustPrompt-I Loss nan  
Epoch 028 |  Time(s) 0.0920 | RobustPrompt-I Loss nan  
----------------------------------------------------------------------------------------------------
Early stopping at 29 eopch!
load LLC or attacked data with specified split
Successfully loaded the attack of dataname with few shot 5, split 1
Attack method : Meta_Self | Attack ptb : 0.0 | Dataset: Cora
======================
Number of graphs: 1
Number of features: 1433
Number of classes: 7

Data(x=[2708, 1433], edge_index=[2, 13264], y=[2708], train_mask=[2708], val_mask=[2708], test_mask=[2708])
===========================================================================================================
Number of nodes: 2708
Number of edges: 13264
Average node degree: 4.90
Has isolated nodes: False
Has self-loops: True
Is undirected: True
GCN(
  (conv_layers): ModuleList(
    (0): GCNConv(1433, 256)
    (1): GCNConv(256, 256)
  )
)
Successfully loaded pre-trained weights!
use RobustPrompt Inductive
defense pt dict :  {'sim_pt': 0.5, 'degree_pt': -1, 'out_detect_pt': -1.0, 'other_pt': 'all'}
use_attention :  False
kl_global :  False
cosine_constraint :  True
pt_threshold :  0.25
filter_module :  OriginalFilter
temperature :  1.0
weight_mse 0.1
weight_kl :  0.1
weight_constraint :  0.0
prepare induce graph data is finished!
run RobustPrompt-I
Epoch 001 |  Time(s) 0.0995 | RobustPrompt-I Loss 1.9469  
Epoch 002 |  Time(s) 0.0926 | RobustPrompt-I Loss 1.9380  
Epoch 003 |  Time(s) 0.1418 | RobustPrompt-I Loss 1.9199  
Epoch 004 |  Time(s) 0.1051 | RobustPrompt-I Loss 1.9002  
Epoch 005 |  Time(s) 0.0961 | RobustPrompt-I Loss 1.8748  
Epoch 006 |  Time(s) 0.1815 | RobustPrompt-I Loss 1.8547  
Epoch 007 |  Time(s) 0.1023 | RobustPrompt-I Loss 1.8277  
Epoch 008 |  Time(s) 0.2673 | RobustPrompt-I Loss 1.8036  
Epoch 009 |  Time(s) 0.1015 | RobustPrompt-I Loss 1.7819  
Epoch 010 |  Time(s) 0.0930 | RobustPrompt-I Loss 1.7682  
Epoch 011 |  Time(s) 0.4711 | RobustPrompt-I Loss 1.7578  
Epoch 012 |  Time(s) 0.3122 | RobustPrompt-I Loss 1.7458  
Epoch 013 |  Time(s) 0.1030 | RobustPrompt-I Loss 1.7398  
Epoch 014 |  Time(s) 0.0988 | RobustPrompt-I Loss 1.7253  
Epoch 015 |  Time(s) 0.1010 | RobustPrompt-I Loss 1.7104  
Epoch 016 |  Time(s) 0.0934 | RobustPrompt-I Loss 1.7037  
Epoch 017 |  Time(s) 0.1045 | RobustPrompt-I Loss 1.6849  
Epoch 018 |  Time(s) 0.1396 | RobustPrompt-I Loss 1.6820  
Epoch 019 |  Time(s) 0.0939 | RobustPrompt-I Loss 1.6637  
Epoch 020 |  Time(s) 0.0973 | RobustPrompt-I Loss 1.6627  
Epoch 021 |  Time(s) 0.0927 | RobustPrompt-I Loss 1.6530  
Epoch 022 |  Time(s) 0.0939 | RobustPrompt-I Loss 1.6507  
Epoch 023 |  Time(s) 0.0941 | RobustPrompt-I Loss 1.6534  
Epoch 024 |  Time(s) 0.0905 | RobustPrompt-I Loss nan  
Epoch 025 |  Time(s) 0.0954 | RobustPrompt-I Loss nan  
Epoch 026 |  Time(s) 0.0938 | RobustPrompt-I Loss nan  
Epoch 027 |  Time(s) 0.0925 | RobustPrompt-I Loss nan  
Epoch 028 |  Time(s) 0.0937 | RobustPrompt-I Loss nan  
Epoch 029 |  Time(s) 0.0914 | RobustPrompt-I Loss nan  
Epoch 030 |  Time(s) 0.1011 | RobustPrompt-I Loss nan  
Epoch 031 |  Time(s) 0.0944 | RobustPrompt-I Loss nan  
Epoch 032 |  Time(s) 0.0963 | RobustPrompt-I Loss nan  
Epoch 033 |  Time(s) 0.1056 | RobustPrompt-I Loss nan  
Epoch 034 |  Time(s) 0.0937 | RobustPrompt-I Loss nan  
Epoch 035 |  Time(s) 0.3466 | RobustPrompt-I Loss nan  
Epoch 036 |  Time(s) 0.2342 | RobustPrompt-I Loss nan  
Epoch 037 |  Time(s) 0.1238 | RobustPrompt-I Loss nan  
Epoch 038 |  Time(s) 0.1985 | RobustPrompt-I Loss nan  
Epoch 039 |  Time(s) 0.2045 | RobustPrompt-I Loss nan  
Epoch 040 |  Time(s) 0.2160 | RobustPrompt-I Loss nan  
Epoch 041 |  Time(s) 0.0973 | RobustPrompt-I Loss nan  
----------------------------------------------------------------------------------------------------
Early stopping at 42 eopch!
load LLC or attacked data with specified split
Successfully loaded the attack of dataname with few shot 5, split 1
Attack method : Meta_Self | Attack ptb : 0.0 | Dataset: Cora
======================
Number of graphs: 1
Number of features: 1433
Number of classes: 7

Data(x=[2708, 1433], edge_index=[2, 13264], y=[2708], train_mask=[2708], val_mask=[2708], test_mask=[2708])
===========================================================================================================
Number of nodes: 2708
Number of edges: 13264
Average node degree: 4.90
Has isolated nodes: False
Has self-loops: True
Is undirected: True
GCN(
  (conv_layers): ModuleList(
    (0): GCNConv(1433, 256)
    (1): GCNConv(256, 256)
  )
)
Successfully loaded pre-trained weights!
use RobustPrompt Inductive
defense pt dict :  {'sim_pt': 0.5, 'degree_pt': -1, 'out_detect_pt': -1.0, 'other_pt': 'all'}
use_attention :  False
kl_global :  False
cosine_constraint :  True
pt_threshold :  0.25
filter_module :  OriginalFilter
temperature :  1.0
weight_mse 0.1
weight_kl :  0.1
weight_constraint :  0.0
prepare induce graph data is finished!
run RobustPrompt-I
Epoch 001 |  Time(s) 0.1067 | RobustPrompt-I Loss 1.9401  
Epoch 002 |  Time(s) 0.0933 | RobustPrompt-I Loss 1.9386  
Epoch 003 |  Time(s) 0.0931 | RobustPrompt-I Loss 1.9099  
Epoch 004 |  Time(s) 0.0925 | RobustPrompt-I Loss 1.8922  
Epoch 005 |  Time(s) 0.0924 | RobustPrompt-I Loss 1.8751  
Epoch 006 |  Time(s) 0.0928 | RobustPrompt-I Loss 1.8496  
Epoch 007 |  Time(s) 0.0928 | RobustPrompt-I Loss 1.8249  
Epoch 008 |  Time(s) 0.0931 | RobustPrompt-I Loss 1.8019  
Epoch 009 |  Time(s) 0.0928 | RobustPrompt-I Loss 1.7888  
Epoch 010 |  Time(s) 0.0917 | RobustPrompt-I Loss 1.7702  
Epoch 011 |  Time(s) 0.0931 | RobustPrompt-I Loss nan  
Epoch 012 |  Time(s) 0.0925 | RobustPrompt-I Loss nan  
Epoch 013 |  Time(s) 0.0941 | RobustPrompt-I Loss nan  
Epoch 014 |  Time(s) 0.1022 | RobustPrompt-I Loss nan  
Epoch 015 |  Time(s) 0.1028 | RobustPrompt-I Loss nan  
Epoch 016 |  Time(s) 0.1576 | RobustPrompt-I Loss nan  
Epoch 017 |  Time(s) 0.1003 | RobustPrompt-I Loss nan  
Epoch 018 |  Time(s) 0.0942 | RobustPrompt-I Loss nan  
Epoch 019 |  Time(s) 0.0923 | RobustPrompt-I Loss nan  
Epoch 020 |  Time(s) 0.0927 | RobustPrompt-I Loss nan  
Epoch 021 |  Time(s) 0.0927 | RobustPrompt-I Loss nan  
Epoch 022 |  Time(s) 0.1328 | RobustPrompt-I Loss nan  
Epoch 023 |  Time(s) 0.2215 | RobustPrompt-I Loss nan  
Epoch 024 |  Time(s) 0.0982 | RobustPrompt-I Loss nan  
Epoch 025 |  Time(s) 0.0945 | RobustPrompt-I Loss nan  
Epoch 026 |  Time(s) 0.1399 | RobustPrompt-I Loss nan  
Epoch 027 |  Time(s) 0.4418 | RobustPrompt-I Loss nan  
Epoch 028 |  Time(s) 0.2640 | RobustPrompt-I Loss nan  
Epoch 029 |  Time(s) 0.1052 | RobustPrompt-I Loss nan  
----------------------------------------------------------------------------------------------------
Early stopping at 30 eopch!
load LLC or attacked data with specified split
Successfully loaded the attack of dataname with few shot 5, split 1
Attack method : Meta_Self | Attack ptb : 0.0 | Dataset: Cora
======================
Number of graphs: 1
Number of features: 1433
Number of classes: 7

Data(x=[2708, 1433], edge_index=[2, 13264], y=[2708], train_mask=[2708], val_mask=[2708], test_mask=[2708])
===========================================================================================================
Number of nodes: 2708
Number of edges: 13264
Average node degree: 4.90
Has isolated nodes: False
Has self-loops: True
Is undirected: True
GCN(
  (conv_layers): ModuleList(
    (0): GCNConv(1433, 256)
    (1): GCNConv(256, 256)
  )
)
Successfully loaded pre-trained weights!
use RobustPrompt Inductive
defense pt dict :  {'sim_pt': 0.5, 'degree_pt': -1, 'out_detect_pt': -1.0, 'other_pt': 'all'}
use_attention :  False
kl_global :  False
cosine_constraint :  True
pt_threshold :  0.25
filter_module :  OriginalFilter
temperature :  1.0
weight_mse 0.1
weight_kl :  0.1
weight_constraint :  0.0
prepare induce graph data is finished!
run RobustPrompt-I
Epoch 001 |  Time(s) 0.1037 | RobustPrompt-I Loss 1.9498  
Epoch 002 |  Time(s) 0.0967 | RobustPrompt-I Loss 1.9417  
Epoch 003 |  Time(s) 0.0936 | RobustPrompt-I Loss 1.9352  
Epoch 004 |  Time(s) 0.0955 | RobustPrompt-I Loss 1.9223  
Epoch 005 |  Time(s) 0.0970 | RobustPrompt-I Loss 1.8965  
Epoch 006 |  Time(s) 0.1064 | RobustPrompt-I Loss 1.8736  
Epoch 007 |  Time(s) 0.1141 | RobustPrompt-I Loss 1.8487  
Epoch 008 |  Time(s) 0.1075 | RobustPrompt-I Loss 1.8281  
Epoch 009 |  Time(s) 0.1447 | RobustPrompt-I Loss 1.8128  
Epoch 010 |  Time(s) 0.2221 | RobustPrompt-I Loss 1.8019  
Epoch 011 |  Time(s) 0.1144 | RobustPrompt-I Loss 1.7889  
Epoch 012 |  Time(s) 0.1758 | RobustPrompt-I Loss 1.7813  
Epoch 013 |  Time(s) 0.1590 | RobustPrompt-I Loss 1.7727  
Epoch 014 |  Time(s) 0.1597 | RobustPrompt-I Loss 1.7685  
Epoch 015 |  Time(s) 0.1059 | RobustPrompt-I Loss 1.7473  
Epoch 016 |  Time(s) 0.0974 | RobustPrompt-I Loss 1.7436  
Epoch 017 |  Time(s) 0.0932 | RobustPrompt-I Loss 1.7374  
Epoch 018 |  Time(s) 0.0920 | RobustPrompt-I Loss 1.7258  
Epoch 019 |  Time(s) 0.0928 | RobustPrompt-I Loss 1.7161  
Epoch 020 |  Time(s) 0.0919 | RobustPrompt-I Loss 1.7054  
Epoch 021 |  Time(s) 0.0915 | RobustPrompt-I Loss 1.6955  
Epoch 022 |  Time(s) 0.0911 | RobustPrompt-I Loss 1.6910  
Epoch 023 |  Time(s) 0.0911 | RobustPrompt-I Loss 1.6789  
Epoch 024 |  Time(s) 0.0923 | RobustPrompt-I Loss 1.6774  
Epoch 025 |  Time(s) 0.0932 | RobustPrompt-I Loss 1.6689  
Epoch 026 |  Time(s) 0.1994 | RobustPrompt-I Loss 1.6620  
Epoch 027 |  Time(s) 0.0990 | RobustPrompt-I Loss 1.6532  
Epoch 028 |  Time(s) 0.1004 | RobustPrompt-I Loss 1.6375  
Epoch 029 |  Time(s) 0.1004 | RobustPrompt-I Loss 1.6363  
Epoch 030 |  Time(s) 0.0991 | RobustPrompt-I Loss 1.6246  
Epoch 031 |  Time(s) 0.1017 | RobustPrompt-I Loss 1.6328  
Epoch 032 |  Time(s) 0.0960 | RobustPrompt-I Loss 1.6647  
Epoch 033 |  Time(s) 0.0931 | RobustPrompt-I Loss 1.6006  
Epoch 034 |  Time(s) 0.0926 | RobustPrompt-I Loss 1.6152  
Epoch 035 |  Time(s) 0.0932 | RobustPrompt-I Loss 1.6109  
Epoch 036 |  Time(s) 0.0928 | RobustPrompt-I Loss 1.5998  
Epoch 037 |  Time(s) 0.0936 | RobustPrompt-I Loss 1.5742  
Epoch 038 |  Time(s) 0.0919 | RobustPrompt-I Loss 1.6014  
Epoch 039 |  Time(s) 0.0918 | RobustPrompt-I Loss 1.5543  
Epoch 040 |  Time(s) 0.0931 | RobustPrompt-I Loss 1.5781  
Epoch 041 |  Time(s) 0.0939 | RobustPrompt-I Loss 1.5669  
Epoch 042 |  Time(s) 0.0916 | RobustPrompt-I Loss 1.5388  
Epoch 043 |  Time(s) 0.0940 | RobustPrompt-I Loss 1.5487  
Epoch 044 |  Time(s) 0.0932 | RobustPrompt-I Loss 1.5268  
Epoch 045 |  Time(s) 0.0934 | RobustPrompt-I Loss 1.5126  
Epoch 046 |  Time(s) 0.0933 | RobustPrompt-I Loss 1.5153  
Epoch 047 |  Time(s) 0.0934 | RobustPrompt-I Loss 1.5061  
Epoch 048 |  Time(s) 0.0924 | RobustPrompt-I Loss 1.5028  
Epoch 049 |  Time(s) 0.0930 | RobustPrompt-I Loss 1.4693  
Epoch 050 |  Time(s) 0.0926 | RobustPrompt-I Loss 1.4772  
Epoch 051 |  Time(s) 0.0932 | RobustPrompt-I Loss 1.4508  
Epoch 052 |  Time(s) 0.0927 | RobustPrompt-I Loss 1.4584  
Epoch 053 |  Time(s) 0.0927 | RobustPrompt-I Loss 1.4327  
Epoch 054 |  Time(s) 0.0934 | RobustPrompt-I Loss 1.4402  
Epoch 055 |  Time(s) 0.0930 | RobustPrompt-I Loss 1.4064  
Epoch 056 |  Time(s) 0.0940 | RobustPrompt-I Loss 1.4022  
Epoch 057 |  Time(s) 0.0929 | RobustPrompt-I Loss 1.3807  
Epoch 058 |  Time(s) 0.0923 | RobustPrompt-I Loss 1.3770  
Epoch 059 |  Time(s) 0.0933 | RobustPrompt-I Loss 1.3763  
Epoch 060 |  Time(s) 0.1302 | RobustPrompt-I Loss 1.3492  
Epoch 061 |  Time(s) 0.1210 | RobustPrompt-I Loss 1.3342  
Epoch 062 |  Time(s) 0.1567 | RobustPrompt-I Loss 1.3256  
Epoch 063 |  Time(s) 0.1026 | RobustPrompt-I Loss 1.3238  
Epoch 064 |  Time(s) 0.0961 | RobustPrompt-I Loss 1.2866  
Epoch 065 |  Time(s) 0.1077 | RobustPrompt-I Loss 1.2776  
Epoch 066 |  Time(s) 0.1560 | RobustPrompt-I Loss 1.2680  
Epoch 067 |  Time(s) 0.2112 | RobustPrompt-I Loss 1.2892  
Epoch 068 |  Time(s) 0.1022 | RobustPrompt-I Loss 1.2381  
Epoch 069 |  Time(s) 0.2068 | RobustPrompt-I Loss 1.3391  
Epoch 070 |  Time(s) 0.1586 | RobustPrompt-I Loss 1.3071  
Epoch 071 |  Time(s) 0.0916 | RobustPrompt-I Loss 1.2795  
Epoch 072 |  Time(s) 0.0902 | RobustPrompt-I Loss 1.2435  
Epoch 073 |  Time(s) 0.0903 | RobustPrompt-I Loss 1.2543  
Epoch 074 |  Time(s) 0.0902 | RobustPrompt-I Loss 1.2379  
Epoch 075 |  Time(s) 0.0908 | RobustPrompt-I Loss 1.2126  
Epoch 076 |  Time(s) 0.0908 | RobustPrompt-I Loss 1.1978  
Epoch 077 |  Time(s) 0.0898 | RobustPrompt-I Loss 1.2400  
Epoch 078 |  Time(s) 0.0904 | RobustPrompt-I Loss 1.1939  
Epoch 079 |  Time(s) 0.0903 | RobustPrompt-I Loss 1.1978  
Epoch 080 |  Time(s) 0.0899 | RobustPrompt-I Loss 1.1999  
Epoch 081 |  Time(s) 0.0905 | RobustPrompt-I Loss 1.1446  
Epoch 082 |  Time(s) 0.0902 | RobustPrompt-I Loss 1.1219  
Epoch 083 |  Time(s) 0.0898 | RobustPrompt-I Loss 1.2283  
Epoch 084 |  Time(s) 0.0899 | RobustPrompt-I Loss 1.1989  
Epoch 085 |  Time(s) 0.0899 | RobustPrompt-I Loss 1.1124  
Epoch 086 |  Time(s) 0.0904 | RobustPrompt-I Loss 1.1086  
Epoch 087 |  Time(s) 0.0898 | RobustPrompt-I Loss 1.1531  
Epoch 088 |  Time(s) 0.0903 | RobustPrompt-I Loss 1.1316  
Epoch 089 |  Time(s) 0.0898 | RobustPrompt-I Loss 1.1153  
Epoch 090 |  Time(s) 0.0897 | RobustPrompt-I Loss 1.1136  
Epoch 091 |  Time(s) 0.0898 | RobustPrompt-I Loss 1.0929  
Epoch 092 |  Time(s) 0.0896 | RobustPrompt-I Loss 1.0841  
Epoch 093 |  Time(s) 0.0899 | RobustPrompt-I Loss 1.0923  
Epoch 094 |  Time(s) 0.0898 | RobustPrompt-I Loss 1.0788  
Epoch 095 |  Time(s) 0.0900 | RobustPrompt-I Loss 1.0862  
Epoch 096 |  Time(s) 0.0898 | RobustPrompt-I Loss 1.0790  
Epoch 097 |  Time(s) 0.0899 | RobustPrompt-I Loss 1.0545  
Epoch 098 |  Time(s) 0.0896 | RobustPrompt-I Loss 1.0533  
Epoch 099 |  Time(s) 0.0904 | RobustPrompt-I Loss 1.0543  
Epoch 100 |  Time(s) 0.0900 | RobustPrompt-I Loss 1.0456  
Epoch 101 |  Time(s) 0.0903 | RobustPrompt-I Loss 1.0469  
Epoch 102 |  Time(s) 0.0901 | RobustPrompt-I Loss 1.0409  
Epoch 103 |  Time(s) 0.0905 | RobustPrompt-I Loss 1.0311  
Epoch 104 |  Time(s) 0.0905 | RobustPrompt-I Loss 1.0300  
Epoch 105 |  Time(s) 0.0933 | RobustPrompt-I Loss 1.0149  
Epoch 106 |  Time(s) 0.0899 | RobustPrompt-I Loss 1.0050  
Epoch 107 |  Time(s) 0.0904 | RobustPrompt-I Loss 1.0272  
Epoch 108 |  Time(s) 0.0906 | RobustPrompt-I Loss 1.0077  
Epoch 109 |  Time(s) 0.1226 | RobustPrompt-I Loss 1.0112  
Epoch 110 |  Time(s) 0.0988 | RobustPrompt-I Loss 0.9995  
Epoch 111 |  Time(s) 0.1038 | RobustPrompt-I Loss 0.9873  
Epoch 112 |  Time(s) 0.0987 | RobustPrompt-I Loss 0.9718  
Epoch 113 |  Time(s) 0.0842 | RobustPrompt-I Loss 0.9983  
Epoch 114 |  Time(s) 0.0989 | RobustPrompt-I Loss 0.9825  
Epoch 115 |  Time(s) 0.1350 | RobustPrompt-I Loss nan  
Epoch 116 |  Time(s) 0.0918 | RobustPrompt-I Loss nan  
Epoch 117 |  Time(s) 0.0897 | RobustPrompt-I Loss nan  
Epoch 118 |  Time(s) 0.0890 | RobustPrompt-I Loss nan  
Epoch 119 |  Time(s) 0.0886 | RobustPrompt-I Loss nan  
Epoch 120 |  Time(s) 0.0884 | RobustPrompt-I Loss nan  
Epoch 121 |  Time(s) 0.0889 | RobustPrompt-I Loss nan  
Epoch 122 |  Time(s) 0.0895 | RobustPrompt-I Loss nan  
Epoch 123 |  Time(s) 0.0884 | RobustPrompt-I Loss nan  
Epoch 124 |  Time(s) 0.0885 | RobustPrompt-I Loss nan  
Epoch 125 |  Time(s) 0.0886 | RobustPrompt-I Loss nan  
Epoch 126 |  Time(s) 0.0895 | RobustPrompt-I Loss nan  
Epoch 127 |  Time(s) 0.0890 | RobustPrompt-I Loss nan  
Epoch 128 |  Time(s) 0.0893 | RobustPrompt-I Loss nan  
Epoch 129 |  Time(s) 0.0922 | RobustPrompt-I Loss nan  
Epoch 130 |  Time(s) 0.0891 | RobustPrompt-I Loss nan  
Epoch 131 |  Time(s) 0.0896 | RobustPrompt-I Loss nan  
----------------------------------------------------------------------------------------------------
Early stopping at 132 eopch!
{1: {1: nan}, 2: {1: nan}, 3: {1: nan}, 4: {1: nan}, 5: {1: nan}}
{1: {1: nan, 2: nan, 3: nan, 4: nan, 5: nan}}
########################################################################################
seed: 1 | split 1 : nan
# Seed 1 Muti Split Final Acc: nan±nan
seed: 2 | split 1 : nan
# Seed 2 Muti Split Final Acc: nan±nan
seed: 3 | split 1 : nan
# Seed 3 Muti Split Final Acc: nan±nan
seed: 4 | split 1 : nan
# Seed 4 Muti Split Final Acc: nan±nan
seed: 5 | split 1 : nan
# Seed 5 Muti Split Final Acc: nan±nan
########################################################################################
split: 1 | seed 1 : nan
split: 1 | seed 2 : nan
split: 1 | seed 3 : nan
split: 1 | seed 4 : nan
split: 1 | seed 5 : nan
# Split 1 Muti Seed Acc without min value: nan±nan
########################################################################################
Done sim=0.5, ptb=0.0, end=2026-06-08 22:58:26, duration=00:00:50
