Start sim=0.3, ptb=0.05, time=2026-06-08 23:00:26, log=logs/RobustPrompt-I/ft_sim0.3_0.05_20260608_230026.log
load LLC or attacked data with specified split
Successfully loaded the attack of dataname with few shot 5, split 1
Attack method : Meta_Self | Attack ptb : 0.05 | Dataset: Cora
======================
Number of graphs: 1
Number of features: 1433
Number of classes: 7

Data(x=[2708, 1433], edge_index=[2, 13790], y=[2708], train_mask=[2708], val_mask=[2708], test_mask=[2708])
===========================================================================================================
Number of nodes: 2708
Number of edges: 13790
Average node degree: 5.09
Has isolated nodes: False
Has self-loops: True
Is undirected: True
GCN(
  (conv_layers): ModuleList(
    (0): GCNConv(1433, 256)
    (1): GCNConv(256, 256)
  )
)
Successfully loaded pre-trained weights!
use RobustPrompt Inductive
defense pt dict :  {'sim_pt': 0.3, 'degree_pt': -1, 'out_detect_pt': -1.0, 'other_pt': 'all'}
use_attention :  False
kl_global :  False
cosine_constraint :  True
pt_threshold :  0.25
filter_module :  OriginalFilter
temperature :  1.0
weight_mse 0.1
weight_kl :  0.1
weight_constraint :  0.0
prepare induce graph data is finished!
run RobustPrompt-I
Epoch 001 |  Time(s) 0.3704 | RobustPrompt-I Loss 1.9457  
Epoch 002 |  Time(s) 0.0856 | RobustPrompt-I Loss 1.9421  
Epoch 003 |  Time(s) 0.0870 | RobustPrompt-I Loss 1.9422  
Epoch 004 |  Time(s) 0.0883 | RobustPrompt-I Loss 1.9312  
Epoch 005 |  Time(s) 0.0904 | RobustPrompt-I Loss 1.9252  
Epoch 006 |  Time(s) 0.0826 | RobustPrompt-I Loss 1.9119  
Epoch 007 |  Time(s) 0.1663 | RobustPrompt-I Loss 1.9103  
Epoch 008 |  Time(s) 0.0918 | RobustPrompt-I Loss 1.8924  
Epoch 009 |  Time(s) 0.0853 | RobustPrompt-I Loss 1.8851  
Epoch 010 |  Time(s) 0.0841 | RobustPrompt-I Loss 1.8722  
Epoch 011 |  Time(s) 0.0824 | RobustPrompt-I Loss 1.8494  
Epoch 012 |  Time(s) 0.0813 | RobustPrompt-I Loss 1.8556  
Epoch 013 |  Time(s) 0.0819 | RobustPrompt-I Loss 1.8473  
Epoch 014 |  Time(s) 0.0823 | RobustPrompt-I Loss 1.8263  
Epoch 015 |  Time(s) 0.0816 | RobustPrompt-I Loss 1.8480  
Epoch 016 |  Time(s) 0.0816 | RobustPrompt-I Loss 1.8169  
Epoch 017 |  Time(s) 0.0809 | RobustPrompt-I Loss 1.8008  
Epoch 018 |  Time(s) 0.1791 | RobustPrompt-I Loss 1.7974  
Epoch 019 |  Time(s) 0.3556 | RobustPrompt-I Loss 1.7906  
Epoch 020 |  Time(s) 0.2008 | RobustPrompt-I Loss 1.7801  
Epoch 021 |  Time(s) 0.1641 | RobustPrompt-I Loss 1.7891  
Epoch 022 |  Time(s) 0.1183 | RobustPrompt-I Loss 1.7793  
Epoch 023 |  Time(s) 0.0919 | RobustPrompt-I Loss 1.7608  
Epoch 024 |  Time(s) 0.0929 | RobustPrompt-I Loss 1.7677  
Epoch 025 |  Time(s) 0.0902 | RobustPrompt-I Loss 1.7657  
Epoch 026 |  Time(s) 0.0858 | RobustPrompt-I Loss 1.7602  
Epoch 027 |  Time(s) 0.0817 | RobustPrompt-I Loss 1.7457  
Epoch 028 |  Time(s) 0.0817 | RobustPrompt-I Loss 1.7438  
Epoch 029 |  Time(s) 0.0811 | RobustPrompt-I Loss 1.7533  
Epoch 030 |  Time(s) 0.0823 | RobustPrompt-I Loss 1.7754  
Epoch 031 |  Time(s) 0.0810 | RobustPrompt-I Loss 1.7841  
Epoch 032 |  Time(s) 0.0800 | RobustPrompt-I Loss 1.7320  
Epoch 033 |  Time(s) 0.0809 | RobustPrompt-I Loss 1.7701  
Epoch 034 |  Time(s) 0.0804 | RobustPrompt-I Loss 1.7652  
Epoch 035 |  Time(s) 0.0867 | RobustPrompt-I Loss 1.7229  
Epoch 036 |  Time(s) 0.0876 | RobustPrompt-I Loss 1.7590  
Epoch 037 |  Time(s) 0.0840 | RobustPrompt-I Loss 1.7305  
Epoch 038 |  Time(s) 0.0873 | RobustPrompt-I Loss 1.7189  
Epoch 039 |  Time(s) 0.0890 | RobustPrompt-I Loss 1.7163  
Epoch 040 |  Time(s) 0.0867 | RobustPrompt-I Loss 1.7034  
Epoch 041 |  Time(s) 0.0843 | RobustPrompt-I Loss 1.7112  
Epoch 042 |  Time(s) 0.0818 | RobustPrompt-I Loss 1.7103  
Epoch 043 |  Time(s) 0.0815 | RobustPrompt-I Loss 1.7356  
Epoch 044 |  Time(s) 0.0810 | RobustPrompt-I Loss 1.6861  
Epoch 045 |  Time(s) 0.0812 | RobustPrompt-I Loss 1.7340  
Epoch 046 |  Time(s) 0.0841 | RobustPrompt-I Loss 1.7106  
Epoch 047 |  Time(s) 0.1832 | RobustPrompt-I Loss 1.6916  
Epoch 048 |  Time(s) 0.0885 | RobustPrompt-I Loss 1.7169  
Epoch 049 |  Time(s) 0.1821 | RobustPrompt-I Loss 1.6980  
Epoch 050 |  Time(s) 0.0949 | RobustPrompt-I Loss 1.6581  
Epoch 051 |  Time(s) 0.0927 | RobustPrompt-I Loss 1.7673  
Epoch 052 |  Time(s) 0.2212 | RobustPrompt-I Loss 1.6694  
Epoch 053 |  Time(s) 0.3023 | RobustPrompt-I Loss 1.8522  
Epoch 054 |  Time(s) 0.1100 | RobustPrompt-I Loss 1.9070  
Epoch 055 |  Time(s) 0.0931 | RobustPrompt-I Loss nan  
Epoch 056 |  Time(s) 0.0851 | RobustPrompt-I Loss nan  
Epoch 057 |  Time(s) 0.0818 | RobustPrompt-I Loss nan  
Epoch 058 |  Time(s) 0.0809 | RobustPrompt-I Loss nan  
Epoch 059 |  Time(s) 0.0822 | RobustPrompt-I Loss nan  
Epoch 060 |  Time(s) 0.0823 | RobustPrompt-I Loss nan  
Epoch 061 |  Time(s) 0.0815 | RobustPrompt-I Loss nan  
Epoch 062 |  Time(s) 0.0818 | RobustPrompt-I Loss nan  
Epoch 063 |  Time(s) 0.0817 | RobustPrompt-I Loss nan  
Epoch 064 |  Time(s) 0.2344 | RobustPrompt-I Loss nan  
Epoch 065 |  Time(s) 0.1211 | RobustPrompt-I Loss nan  
Epoch 066 |  Time(s) 0.0973 | RobustPrompt-I Loss nan  
Epoch 067 |  Time(s) 0.0926 | RobustPrompt-I Loss nan  
Epoch 068 |  Time(s) 0.0913 | RobustPrompt-I Loss nan  
Epoch 069 |  Time(s) 0.0864 | RobustPrompt-I Loss nan  
----------------------------------------------------------------------------------------------------
Early stopping at 70 eopch!
load LLC or attacked data with specified split
Successfully loaded the attack of dataname with few shot 5, split 1
Attack method : Meta_Self | Attack ptb : 0.05 | Dataset: Cora
======================
Number of graphs: 1
Number of features: 1433
Number of classes: 7

Data(x=[2708, 1433], edge_index=[2, 13790], y=[2708], train_mask=[2708], val_mask=[2708], test_mask=[2708])
===========================================================================================================
Number of nodes: 2708
Number of edges: 13790
Average node degree: 5.09
Has isolated nodes: False
Has self-loops: True
Is undirected: True
GCN(
  (conv_layers): ModuleList(
    (0): GCNConv(1433, 256)
    (1): GCNConv(256, 256)
  )
)
Successfully loaded pre-trained weights!
use RobustPrompt Inductive
defense pt dict :  {'sim_pt': 0.3, 'degree_pt': -1, 'out_detect_pt': -1.0, 'other_pt': 'all'}
use_attention :  False
kl_global :  False
cosine_constraint :  True
pt_threshold :  0.25
filter_module :  OriginalFilter
temperature :  1.0
weight_mse 0.1
weight_kl :  0.1
weight_constraint :  0.0
prepare induce graph data is finished!
run RobustPrompt-I
Epoch 001 |  Time(s) 0.1516 | RobustPrompt-I Loss 1.9444  
Epoch 002 |  Time(s) 0.1491 | RobustPrompt-I Loss 1.9445  
Epoch 003 |  Time(s) 0.0906 | RobustPrompt-I Loss 1.9387  
Epoch 004 |  Time(s) 0.0859 | RobustPrompt-I Loss 1.9307  
Epoch 005 |  Time(s) 0.0862 | RobustPrompt-I Loss 1.9221  
Epoch 006 |  Time(s) 0.0863 | RobustPrompt-I Loss 1.9102  
Epoch 007 |  Time(s) 0.0873 | RobustPrompt-I Loss 1.9035  
Epoch 008 |  Time(s) 0.2426 | RobustPrompt-I Loss 1.8840  
Epoch 009 |  Time(s) 0.1871 | RobustPrompt-I Loss 1.8687  
Epoch 010 |  Time(s) 0.4054 | RobustPrompt-I Loss 1.8800  
Epoch 011 |  Time(s) 0.1169 | RobustPrompt-I Loss 1.8555  
Epoch 012 |  Time(s) 0.0977 | RobustPrompt-I Loss 1.8318  
Epoch 013 |  Time(s) 0.0897 | RobustPrompt-I Loss 1.8904  
Epoch 014 |  Time(s) 0.0889 | RobustPrompt-I Loss 1.8291  
Epoch 015 |  Time(s) 0.0890 | RobustPrompt-I Loss 1.8644  
Epoch 016 |  Time(s) 0.0874 | RobustPrompt-I Loss 1.8109  
Epoch 017 |  Time(s) 0.0871 | RobustPrompt-I Loss 1.8592  
Epoch 018 |  Time(s) 0.0868 | RobustPrompt-I Loss 1.8277  
Epoch 019 |  Time(s) 0.0861 | RobustPrompt-I Loss 1.7932  
Epoch 020 |  Time(s) 0.0860 | RobustPrompt-I Loss 1.8106  
Epoch 021 |  Time(s) 0.0868 | RobustPrompt-I Loss 1.7989  
Epoch 022 |  Time(s) 0.0895 | RobustPrompt-I Loss 1.7766  
Epoch 023 |  Time(s) 0.0886 | RobustPrompt-I Loss 1.7972  
Epoch 024 |  Time(s) 0.0859 | RobustPrompt-I Loss 1.8017  
Epoch 025 |  Time(s) 0.1062 | RobustPrompt-I Loss 1.7733  
Epoch 026 |  Time(s) 0.0861 | RobustPrompt-I Loss 1.7633  
Epoch 027 |  Time(s) 0.0859 | RobustPrompt-I Loss 1.7696  
Epoch 028 |  Time(s) 0.1842 | RobustPrompt-I Loss 1.7499  
Epoch 029 |  Time(s) 0.1862 | RobustPrompt-I Loss 1.7562  
Epoch 030 |  Time(s) 0.2979 | RobustPrompt-I Loss 1.7554  
Epoch 031 |  Time(s) 0.4671 | RobustPrompt-I Loss 1.7297  
Epoch 032 |  Time(s) 0.3258 | RobustPrompt-I Loss 1.7405  
Epoch 033 |  Time(s) 0.2127 | RobustPrompt-I Loss 1.7360  
Epoch 034 |  Time(s) 0.3099 | RobustPrompt-I Loss 1.7461  
Epoch 035 |  Time(s) 0.2011 | RobustPrompt-I Loss 1.7723  
Epoch 036 |  Time(s) 0.1056 | RobustPrompt-I Loss 1.7127  
Epoch 037 |  Time(s) 0.0959 | RobustPrompt-I Loss 1.8032  
Epoch 038 |  Time(s) 0.0908 | RobustPrompt-I Loss 1.7241  
Epoch 039 |  Time(s) 0.0880 | RobustPrompt-I Loss 1.8600  
Epoch 040 |  Time(s) 0.0889 | RobustPrompt-I Loss 1.7922  
Epoch 041 |  Time(s) 0.0870 | RobustPrompt-I Loss 1.7778  
Epoch 042 |  Time(s) 0.0866 | RobustPrompt-I Loss 1.8009  
Epoch 043 |  Time(s) 0.0862 | RobustPrompt-I Loss 1.7053  
Epoch 044 |  Time(s) 0.0865 | RobustPrompt-I Loss 1.7220  
Epoch 045 |  Time(s) 0.0873 | RobustPrompt-I Loss 1.7720  
Epoch 046 |  Time(s) 0.0875 | RobustPrompt-I Loss 1.7156  
Epoch 047 |  Time(s) 0.0872 | RobustPrompt-I Loss 1.7869  
Epoch 048 |  Time(s) 0.0875 | RobustPrompt-I Loss 1.8140  
Epoch 049 |  Time(s) 0.0878 | RobustPrompt-I Loss 1.6915  
Epoch 050 |  Time(s) 0.0884 | RobustPrompt-I Loss 1.8145  
Epoch 051 |  Time(s) 0.0878 | RobustPrompt-I Loss 1.7972  
Epoch 052 |  Time(s) 0.0870 | RobustPrompt-I Loss 1.7727  
Epoch 053 |  Time(s) 0.0883 | RobustPrompt-I Loss 1.7543  
Epoch 054 |  Time(s) 0.0884 | RobustPrompt-I Loss 1.6915  
Epoch 055 |  Time(s) 0.0875 | RobustPrompt-I Loss 1.7560  
Epoch 056 |  Time(s) 0.0872 | RobustPrompt-I Loss 1.6761  
Epoch 057 |  Time(s) 0.1996 | RobustPrompt-I Loss 1.7773  
Epoch 058 |  Time(s) 0.1961 | RobustPrompt-I Loss 1.7828  
Epoch 059 |  Time(s) 0.0959 | RobustPrompt-I Loss 1.6906  
Epoch 060 |  Time(s) 0.0918 | RobustPrompt-I Loss 1.6965  
Epoch 061 |  Time(s) 0.0889 | RobustPrompt-I Loss 1.6838  
Epoch 062 |  Time(s) 0.0887 | RobustPrompt-I Loss 1.6612  
Epoch 063 |  Time(s) 0.0894 | RobustPrompt-I Loss 1.6820  
Epoch 064 |  Time(s) 0.0890 | RobustPrompt-I Loss 1.6752  
Epoch 065 |  Time(s) 0.0951 | RobustPrompt-I Loss 1.6776  
Epoch 066 |  Time(s) 0.0937 | RobustPrompt-I Loss 1.6386  
Epoch 067 |  Time(s) 0.0896 | RobustPrompt-I Loss 1.6445  
Epoch 068 |  Time(s) 0.0865 | RobustPrompt-I Loss 1.6543  
Epoch 069 |  Time(s) 0.0882 | RobustPrompt-I Loss 1.6206  
Epoch 070 |  Time(s) 0.0887 | RobustPrompt-I Loss 1.6321  
Epoch 071 |  Time(s) 0.0884 | RobustPrompt-I Loss 1.6395  
Epoch 072 |  Time(s) 0.0883 | RobustPrompt-I Loss 1.5956  
Epoch 073 |  Time(s) 0.0882 | RobustPrompt-I Loss 1.6363  
Epoch 074 |  Time(s) 0.0877 | RobustPrompt-I Loss 1.5821  
Epoch 075 |  Time(s) 0.0885 | RobustPrompt-I Loss 1.6520  
Epoch 076 |  Time(s) 0.0886 | RobustPrompt-I Loss 1.6050  
Epoch 077 |  Time(s) 0.0891 | RobustPrompt-I Loss 1.6424  
Epoch 078 |  Time(s) 0.0887 | RobustPrompt-I Loss 1.6593  
Epoch 079 |  Time(s) 0.0881 | RobustPrompt-I Loss 1.5476  
Epoch 080 |  Time(s) 0.0882 | RobustPrompt-I Loss 1.6002  
Epoch 081 |  Time(s) 0.0882 | RobustPrompt-I Loss 1.5393  
Epoch 082 |  Time(s) 0.0897 | RobustPrompt-I Loss 1.6480  
Epoch 083 |  Time(s) 0.1204 | RobustPrompt-I Loss 1.6224  
Epoch 084 |  Time(s) 0.0880 | RobustPrompt-I Loss 1.5353  
Epoch 085 |  Time(s) 0.0874 | RobustPrompt-I Loss 1.5410  
Epoch 086 |  Time(s) 0.0886 | RobustPrompt-I Loss 1.4970  
Epoch 087 |  Time(s) 0.0899 | RobustPrompt-I Loss 1.5628  
Epoch 088 |  Time(s) 0.0888 | RobustPrompt-I Loss 1.4963  
Epoch 089 |  Time(s) 0.0889 | RobustPrompt-I Loss 1.6128  
Epoch 090 |  Time(s) 0.0881 | RobustPrompt-I Loss 1.6258  
Epoch 091 |  Time(s) 0.0881 | RobustPrompt-I Loss 1.6300  
Epoch 092 |  Time(s) 0.0884 | RobustPrompt-I Loss 1.5449  
Epoch 093 |  Time(s) 0.0890 | RobustPrompt-I Loss 1.6130  
Epoch 094 |  Time(s) 0.0884 | RobustPrompt-I Loss 1.6602  
Epoch 095 |  Time(s) 0.0891 | RobustPrompt-I Loss 1.4456  
Epoch 096 |  Time(s) 0.0879 | RobustPrompt-I Loss 1.6495  
Epoch 097 |  Time(s) 0.0895 | RobustPrompt-I Loss 1.7332  
Epoch 098 |  Time(s) 0.0895 | RobustPrompt-I Loss 1.6918  
Epoch 099 |  Time(s) 0.1087 | RobustPrompt-I Loss 1.4937  
Epoch 100 |  Time(s) 0.0889 | RobustPrompt-I Loss 1.5870  
Epoch 101 |  Time(s) 0.0908 | RobustPrompt-I Loss 1.7217  
Epoch 102 |  Time(s) 0.0868 | RobustPrompt-I Loss 1.5660  
Epoch 103 |  Time(s) 0.0876 | RobustPrompt-I Loss 1.4702  
Epoch 104 |  Time(s) 0.0873 | RobustPrompt-I Loss 1.5495  
Epoch 105 |  Time(s) 0.0877 | RobustPrompt-I Loss 1.5898  
Epoch 106 |  Time(s) 0.0872 | RobustPrompt-I Loss 1.5055  
Epoch 107 |  Time(s) 0.0873 | RobustPrompt-I Loss 1.4137  
Epoch 108 |  Time(s) 0.0873 | RobustPrompt-I Loss 1.6869  
Epoch 109 |  Time(s) 0.0882 | RobustPrompt-I Loss 1.7077  
Epoch 110 |  Time(s) 0.0885 | RobustPrompt-I Loss 1.4481  
Epoch 111 |  Time(s) 0.0871 | RobustPrompt-I Loss 1.5963  
Epoch 112 |  Time(s) 0.0876 | RobustPrompt-I Loss 1.5968  
Epoch 113 |  Time(s) 0.0879 | RobustPrompt-I Loss 1.6540  
Epoch 114 |  Time(s) 0.0886 | RobustPrompt-I Loss 1.6676  
Epoch 115 |  Time(s) 0.0887 | RobustPrompt-I Loss 1.4423  
Epoch 116 |  Time(s) 0.0883 | RobustPrompt-I Loss 1.5314  
Epoch 117 |  Time(s) 0.0896 | RobustPrompt-I Loss 1.5950  
Epoch 118 |  Time(s) 0.0897 | RobustPrompt-I Loss 1.6999  
Epoch 119 |  Time(s) 0.0900 | RobustPrompt-I Loss 1.6043  
Epoch 120 |  Time(s) 0.0886 | RobustPrompt-I Loss 1.4619  
Epoch 121 |  Time(s) 0.0903 | RobustPrompt-I Loss 1.4391  
Epoch 122 |  Time(s) 0.0883 | RobustPrompt-I Loss 1.5248  
Epoch 123 |  Time(s) 0.0872 | RobustPrompt-I Loss 1.5420  
Epoch 124 |  Time(s) 0.0908 | RobustPrompt-I Loss 1.5360  
Epoch 125 |  Time(s) 0.0886 | RobustPrompt-I Loss 1.4848  
Epoch 126 |  Time(s) 0.0877 | RobustPrompt-I Loss 1.4518  
----------------------------------------------------------------------------------------------------
Early stopping at 127 eopch!
Batch 0 Acc: 0.3300 | Macro-F1: 0.2941
Batch 1 Acc: 0.3400 | Macro-F1: 0.2789
Batch 2 Acc: 0.2900 | Macro-F1: 0.2362
Batch 3 Acc: 0.4500 | Macro-F1: 0.3751
Batch 4 Acc: 0.4500 | Macro-F1: 0.3719
Batch 5 Acc: 0.3300 | Macro-F1: 0.2640
Batch 6 Acc: 0.5000 | Macro-F1: 0.3961
Batch 7 Acc: 0.4400 | Macro-F1: 0.3523
Batch 8 Acc: 0.2600 | Macro-F1: 0.2275
Batch 9 Acc: 0.5000 | Macro-F1: 0.3743
Final True Accuracy: 0.3890 | Macro F1 Score: 0.3300
best_loss [1.4230610132217407]
load LLC or attacked data with specified split
Successfully loaded the attack of dataname with few shot 5, split 1
Attack method : Meta_Self | Attack ptb : 0.05 | Dataset: Cora
======================
Number of graphs: 1
Number of features: 1433
Number of classes: 7

Data(x=[2708, 1433], edge_index=[2, 13790], y=[2708], train_mask=[2708], val_mask=[2708], test_mask=[2708])
===========================================================================================================
Number of nodes: 2708
Number of edges: 13790
Average node degree: 5.09
Has isolated nodes: False
Has self-loops: True
Is undirected: True
GCN(
  (conv_layers): ModuleList(
    (0): GCNConv(1433, 256)
    (1): GCNConv(256, 256)
  )
)
Successfully loaded pre-trained weights!
use RobustPrompt Inductive
defense pt dict :  {'sim_pt': 0.3, 'degree_pt': -1, 'out_detect_pt': -1.0, 'other_pt': 'all'}
use_attention :  False
kl_global :  False
cosine_constraint :  True
pt_threshold :  0.25
filter_module :  OriginalFilter
temperature :  1.0
weight_mse 0.1
weight_kl :  0.1
weight_constraint :  0.0
prepare induce graph data is finished!
run RobustPrompt-I
Epoch 001 |  Time(s) 0.1977 | RobustPrompt-I Loss 1.9457  
Epoch 002 |  Time(s) 0.1031 | RobustPrompt-I Loss 1.9455  
Epoch 003 |  Time(s) 0.0913 | RobustPrompt-I Loss 1.9403  
Epoch 004 |  Time(s) 0.0949 | RobustPrompt-I Loss 1.9361  
Epoch 005 |  Time(s) 0.0944 | RobustPrompt-I Loss 1.9271  
Epoch 006 |  Time(s) 0.0920 | RobustPrompt-I Loss 1.9183  
Epoch 007 |  Time(s) 0.1668 | RobustPrompt-I Loss 1.9099  
Epoch 008 |  Time(s) 0.1900 | RobustPrompt-I Loss 1.8939  
Epoch 009 |  Time(s) 0.1729 | RobustPrompt-I Loss 1.8797  
Epoch 010 |  Time(s) 0.1887 | RobustPrompt-I Loss 1.8709  
Epoch 011 |  Time(s) 0.0946 | RobustPrompt-I Loss 1.8602  
Epoch 012 |  Time(s) 0.0934 | RobustPrompt-I Loss 1.8374  
Epoch 013 |  Time(s) 0.0923 | RobustPrompt-I Loss 1.8425  
Epoch 014 |  Time(s) 0.0889 | RobustPrompt-I Loss 1.8411  
Epoch 015 |  Time(s) 0.0879 | RobustPrompt-I Loss 1.8137  
Epoch 016 |  Time(s) 0.0882 | RobustPrompt-I Loss 1.8159  
Epoch 017 |  Time(s) 0.0948 | RobustPrompt-I Loss 1.8081  
Epoch 018 |  Time(s) 0.0934 | RobustPrompt-I Loss 1.8004  
Epoch 019 |  Time(s) 0.0883 | RobustPrompt-I Loss 1.7948  
Epoch 020 |  Time(s) 0.1250 | RobustPrompt-I Loss 1.8041  
Epoch 021 |  Time(s) 0.0891 | RobustPrompt-I Loss 1.7845  
Epoch 022 |  Time(s) 0.0880 | RobustPrompt-I Loss 1.7836  
Epoch 023 |  Time(s) 0.0881 | RobustPrompt-I Loss 1.7870  
Epoch 024 |  Time(s) 0.0880 | RobustPrompt-I Loss nan  
Epoch 025 |  Time(s) 0.0880 | RobustPrompt-I Loss nan  
Epoch 026 |  Time(s) 0.0879 | RobustPrompt-I Loss nan  
Epoch 027 |  Time(s) 0.0881 | RobustPrompt-I Loss nan  
Epoch 028 |  Time(s) 0.0882 | RobustPrompt-I Loss nan  
Epoch 029 |  Time(s) 0.0881 | RobustPrompt-I Loss nan  
Epoch 030 |  Time(s) 0.0882 | RobustPrompt-I Loss nan  
Epoch 031 |  Time(s) 0.0875 | RobustPrompt-I Loss nan  
Epoch 032 |  Time(s) 0.0874 | RobustPrompt-I Loss nan  
Epoch 033 |  Time(s) 0.0881 | RobustPrompt-I Loss nan  
Epoch 034 |  Time(s) 0.0879 | RobustPrompt-I Loss nan  
Epoch 035 |  Time(s) 0.0880 | RobustPrompt-I Loss nan  
Epoch 036 |  Time(s) 0.0893 | RobustPrompt-I Loss nan  
Epoch 037 |  Time(s) 0.0883 | RobustPrompt-I Loss nan  
Epoch 038 |  Time(s) 0.0881 | RobustPrompt-I Loss nan  
Epoch 039 |  Time(s) 0.0880 | RobustPrompt-I Loss nan  
Epoch 040 |  Time(s) 0.0870 | RobustPrompt-I Loss nan  
Epoch 041 |  Time(s) 0.0877 | RobustPrompt-I Loss nan  
----------------------------------------------------------------------------------------------------
Early stopping at 42 eopch!
load LLC or attacked data with specified split
Successfully loaded the attack of dataname with few shot 5, split 1
Attack method : Meta_Self | Attack ptb : 0.05 | Dataset: Cora
======================
Number of graphs: 1
Number of features: 1433
Number of classes: 7

Data(x=[2708, 1433], edge_index=[2, 13790], y=[2708], train_mask=[2708], val_mask=[2708], test_mask=[2708])
===========================================================================================================
Number of nodes: 2708
Number of edges: 13790
Average node degree: 5.09
Has isolated nodes: False
Has self-loops: True
Is undirected: True
GCN(
  (conv_layers): ModuleList(
    (0): GCNConv(1433, 256)
    (1): GCNConv(256, 256)
  )
)
Successfully loaded pre-trained weights!
use RobustPrompt Inductive
defense pt dict :  {'sim_pt': 0.3, 'degree_pt': -1, 'out_detect_pt': -1.0, 'other_pt': 'all'}
use_attention :  False
kl_global :  False
cosine_constraint :  True
pt_threshold :  0.25
filter_module :  OriginalFilter
temperature :  1.0
weight_mse 0.1
weight_kl :  0.1
weight_constraint :  0.0
prepare induce graph data is finished!
run RobustPrompt-I
Epoch 001 |  Time(s) 0.1045 | RobustPrompt-I Loss 1.9442  
Epoch 002 |  Time(s) 0.0903 | RobustPrompt-I Loss 1.9505  
Epoch 003 |  Time(s) 0.1262 | RobustPrompt-I Loss 1.9427  
Epoch 004 |  Time(s) 0.0968 | RobustPrompt-I Loss 1.9330  
Epoch 005 |  Time(s) 0.0952 | RobustPrompt-I Loss 1.9329  
Epoch 006 |  Time(s) 0.0896 | RobustPrompt-I Loss 1.9203  
Epoch 007 |  Time(s) 0.0891 | RobustPrompt-I Loss 1.9206  
Epoch 008 |  Time(s) 0.0895 | RobustPrompt-I Loss nan  
Epoch 009 |  Time(s) 0.0885 | RobustPrompt-I Loss nan  
Epoch 010 |  Time(s) 0.0890 | RobustPrompt-I Loss nan  
Epoch 011 |  Time(s) 0.0892 | RobustPrompt-I Loss nan  
Epoch 012 |  Time(s) 0.0890 | RobustPrompt-I Loss nan  
Epoch 013 |  Time(s) 0.0916 | RobustPrompt-I Loss nan  
Epoch 014 |  Time(s) 0.0896 | RobustPrompt-I Loss nan  
Epoch 015 |  Time(s) 0.0883 | RobustPrompt-I Loss nan  
Epoch 016 |  Time(s) 0.0890 | RobustPrompt-I Loss nan  
Epoch 017 |  Time(s) 0.0877 | RobustPrompt-I Loss nan  
Epoch 018 |  Time(s) 0.0890 | RobustPrompt-I Loss nan  
Epoch 019 |  Time(s) 0.0875 | RobustPrompt-I Loss nan  
Epoch 020 |  Time(s) 0.0886 | RobustPrompt-I Loss nan  
Epoch 021 |  Time(s) 0.0880 | RobustPrompt-I Loss nan  
Epoch 022 |  Time(s) 0.0887 | RobustPrompt-I Loss nan  
Epoch 023 |  Time(s) 0.0889 | RobustPrompt-I Loss nan  
Epoch 024 |  Time(s) 0.0886 | RobustPrompt-I Loss nan  
Epoch 025 |  Time(s) 0.0883 | RobustPrompt-I Loss nan  
----------------------------------------------------------------------------------------------------
Early stopping at 26 eopch!
load LLC or attacked data with specified split
Successfully loaded the attack of dataname with few shot 5, split 1
Attack method : Meta_Self | Attack ptb : 0.05 | Dataset: Cora
======================
Number of graphs: 1
Number of features: 1433
Number of classes: 7

Data(x=[2708, 1433], edge_index=[2, 13790], y=[2708], train_mask=[2708], val_mask=[2708], test_mask=[2708])
===========================================================================================================
Number of nodes: 2708
Number of edges: 13790
Average node degree: 5.09
Has isolated nodes: False
Has self-loops: True
Is undirected: True
GCN(
  (conv_layers): ModuleList(
    (0): GCNConv(1433, 256)
    (1): GCNConv(256, 256)
  )
)
Successfully loaded pre-trained weights!
use RobustPrompt Inductive
defense pt dict :  {'sim_pt': 0.3, 'degree_pt': -1, 'out_detect_pt': -1.0, 'other_pt': 'all'}
use_attention :  False
kl_global :  False
cosine_constraint :  True
pt_threshold :  0.25
filter_module :  OriginalFilter
temperature :  1.0
weight_mse 0.1
weight_kl :  0.1
weight_constraint :  0.0
prepare induce graph data is finished!
run RobustPrompt-I
Epoch 001 |  Time(s) 0.1001 | RobustPrompt-I Loss 1.9474  
Epoch 002 |  Time(s) 0.0902 | RobustPrompt-I Loss 1.9437  
Epoch 003 |  Time(s) 0.0906 | RobustPrompt-I Loss 1.9378  
Epoch 004 |  Time(s) 0.0893 | RobustPrompt-I Loss 1.9430  
Epoch 005 |  Time(s) 0.0905 | RobustPrompt-I Loss 1.9404  
Epoch 006 |  Time(s) 0.0908 | RobustPrompt-I Loss 1.9300  
Epoch 007 |  Time(s) 0.0925 | RobustPrompt-I Loss 1.9311  
Epoch 008 |  Time(s) 0.0894 | RobustPrompt-I Loss 1.9226  
Epoch 009 |  Time(s) 0.1837 | RobustPrompt-I Loss 1.9224  
Epoch 010 |  Time(s) 0.3238 | RobustPrompt-I Loss 1.9179  
Epoch 011 |  Time(s) 0.2269 | RobustPrompt-I Loss 1.9098  
Epoch 012 |  Time(s) 0.3819 | RobustPrompt-I Loss 1.9045  
Epoch 013 |  Time(s) 0.1941 | RobustPrompt-I Loss 1.9035  
Epoch 014 |  Time(s) 0.1142 | RobustPrompt-I Loss 1.8932  
Epoch 015 |  Time(s) 0.1038 | RobustPrompt-I Loss 1.8960  
Epoch 016 |  Time(s) 0.0958 | RobustPrompt-I Loss 1.8821  
Epoch 017 |  Time(s) 0.0936 | RobustPrompt-I Loss 1.8701  
Epoch 018 |  Time(s) 0.0898 | RobustPrompt-I Loss 1.8755  
Epoch 019 |  Time(s) 0.0892 | RobustPrompt-I Loss 1.8696  
Epoch 020 |  Time(s) 0.0886 | RobustPrompt-I Loss 1.8481  
Epoch 021 |  Time(s) 0.0926 | RobustPrompt-I Loss 1.8649  
Epoch 022 |  Time(s) 0.1041 | RobustPrompt-I Loss 1.8447  
Epoch 023 |  Time(s) 0.0993 | RobustPrompt-I Loss 1.8249  
Epoch 024 |  Time(s) 0.0963 | RobustPrompt-I Loss 1.8393  
Epoch 025 |  Time(s) 0.0935 | RobustPrompt-I Loss 1.7978  
Epoch 026 |  Time(s) 0.0923 | RobustPrompt-I Loss 1.8074  
Epoch 027 |  Time(s) 0.0910 | RobustPrompt-I Loss 1.8095  
Epoch 028 |  Time(s) 0.0916 | RobustPrompt-I Loss 1.7733  
Epoch 029 |  Time(s) 0.0905 | RobustPrompt-I Loss 1.7843  
Epoch 030 |  Time(s) 0.0896 | RobustPrompt-I Loss 1.7734  
Epoch 031 |  Time(s) 0.0901 | RobustPrompt-I Loss 1.7636  
Epoch 032 |  Time(s) 0.0897 | RobustPrompt-I Loss 1.7479  
Epoch 033 |  Time(s) 0.0904 | RobustPrompt-I Loss 1.7634  
Epoch 034 |  Time(s) 0.0899 | RobustPrompt-I Loss 1.7385  
Epoch 035 |  Time(s) 0.0896 | RobustPrompt-I Loss 1.7354  
Epoch 036 |  Time(s) 0.0901 | RobustPrompt-I Loss 1.7351  
Epoch 037 |  Time(s) 0.0899 | RobustPrompt-I Loss 1.7296  
Epoch 038 |  Time(s) 0.0886 | RobustPrompt-I Loss 1.7154  
Epoch 039 |  Time(s) 0.0895 | RobustPrompt-I Loss 1.7060  
Epoch 040 |  Time(s) 0.0893 | RobustPrompt-I Loss 1.6950  
Epoch 041 |  Time(s) 0.0905 | RobustPrompt-I Loss 1.6863  
Epoch 042 |  Time(s) 0.0901 | RobustPrompt-I Loss 1.6950  
Epoch 043 |  Time(s) 0.0900 | RobustPrompt-I Loss 1.7271  
Epoch 044 |  Time(s) 0.0900 | RobustPrompt-I Loss 1.6699  
Epoch 045 |  Time(s) 0.0902 | RobustPrompt-I Loss 1.7876  
Epoch 046 |  Time(s) 0.0911 | RobustPrompt-I Loss 1.7268  
Epoch 047 |  Time(s) 0.0904 | RobustPrompt-I Loss 1.7877  
Epoch 048 |  Time(s) 0.0903 | RobustPrompt-I Loss 1.7954  
Epoch 049 |  Time(s) 0.0897 | RobustPrompt-I Loss 1.6590  
Epoch 050 |  Time(s) 0.0906 | RobustPrompt-I Loss 1.6970  
Epoch 051 |  Time(s) 0.0889 | RobustPrompt-I Loss 1.6866  
Epoch 052 |  Time(s) 0.1098 | RobustPrompt-I Loss 1.6391  
Epoch 053 |  Time(s) 0.0892 | RobustPrompt-I Loss 1.7646  
Epoch 054 |  Time(s) 0.0904 | RobustPrompt-I Loss 1.7567  
Epoch 055 |  Time(s) 0.0901 | RobustPrompt-I Loss 1.6596  
Epoch 056 |  Time(s) 0.0895 | RobustPrompt-I Loss 1.6496  
Epoch 057 |  Time(s) 0.0905 | RobustPrompt-I Loss 1.7489  
Epoch 058 |  Time(s) 0.0898 | RobustPrompt-I Loss 1.7077  
Epoch 059 |  Time(s) 0.0896 | RobustPrompt-I Loss 1.6377  
Epoch 060 |  Time(s) 0.0911 | RobustPrompt-I Loss 1.6340  
Epoch 061 |  Time(s) 0.0903 | RobustPrompt-I Loss 1.6929  
Epoch 062 |  Time(s) 0.0905 | RobustPrompt-I Loss 1.6567  
Epoch 063 |  Time(s) 0.0908 | RobustPrompt-I Loss 1.6342  
Epoch 064 |  Time(s) 0.1264 | RobustPrompt-I Loss 1.6365  
Epoch 065 |  Time(s) 0.0905 | RobustPrompt-I Loss 1.6458  
Epoch 066 |  Time(s) 0.0899 | RobustPrompt-I Loss 1.6140  
Epoch 067 |  Time(s) 0.0896 | RobustPrompt-I Loss 1.6537  
Epoch 068 |  Time(s) 0.0891 | RobustPrompt-I Loss 1.6496  
Epoch 069 |  Time(s) 0.0890 | RobustPrompt-I Loss 1.5987  
Epoch 070 |  Time(s) 0.0892 | RobustPrompt-I Loss 1.5837  
Epoch 071 |  Time(s) 0.0907 | RobustPrompt-I Loss 1.6421  
Epoch 072 |  Time(s) 0.0910 | RobustPrompt-I Loss 1.6239  
Epoch 073 |  Time(s) 0.0898 | RobustPrompt-I Loss 1.6000  
Epoch 074 |  Time(s) 0.0904 | RobustPrompt-I Loss 1.5825  
Epoch 075 |  Time(s) 0.0906 | RobustPrompt-I Loss 1.6102  
Epoch 076 |  Time(s) 0.0899 | RobustPrompt-I Loss 1.5969  
Epoch 077 |  Time(s) 0.0904 | RobustPrompt-I Loss 1.5733  
Epoch 078 |  Time(s) 0.0905 | RobustPrompt-I Loss 1.5603  
Epoch 079 |  Time(s) 0.0905 | RobustPrompt-I Loss 1.6032  
Epoch 080 |  Time(s) 0.0899 | RobustPrompt-I Loss 1.5827  
Epoch 081 |  Time(s) 0.0895 | RobustPrompt-I Loss 1.5586  
Epoch 082 |  Time(s) 0.0898 | RobustPrompt-I Loss 1.5454  
Epoch 083 |  Time(s) 0.0907 | RobustPrompt-I Loss 1.5809  
Epoch 084 |  Time(s) 0.0893 | RobustPrompt-I Loss 1.5641  
Epoch 085 |  Time(s) 0.0898 | RobustPrompt-I Loss 1.5413  
Epoch 086 |  Time(s) 0.0898 | RobustPrompt-I Loss 1.5279  
Epoch 087 |  Time(s) 0.0903 | RobustPrompt-I Loss 1.5673  
Epoch 088 |  Time(s) 0.0897 | RobustPrompt-I Loss 1.5465  
Epoch 089 |  Time(s) 0.0907 | RobustPrompt-I Loss 1.5271  
Epoch 090 |  Time(s) 0.0901 | RobustPrompt-I Loss 1.5121  
Epoch 091 |  Time(s) 0.0901 | RobustPrompt-I Loss 1.5434  
Epoch 092 |  Time(s) 0.0900 | RobustPrompt-I Loss 1.5253  
Epoch 093 |  Time(s) 0.0905 | RobustPrompt-I Loss 1.5195  
Epoch 094 |  Time(s) 0.0905 | RobustPrompt-I Loss 1.5029  
Epoch 095 |  Time(s) 0.0903 | RobustPrompt-I Loss 1.5207  
Epoch 096 |  Time(s) 0.0901 | RobustPrompt-I Loss 1.5040  
Epoch 097 |  Time(s) 0.0899 | RobustPrompt-I Loss 1.5048  
Epoch 098 |  Time(s) 0.0898 | RobustPrompt-I Loss 1.4902  
Epoch 099 |  Time(s) 0.0899 | RobustPrompt-I Loss 1.5051  
Epoch 100 |  Time(s) 0.0905 | RobustPrompt-I Loss 1.4895  
Epoch 101 |  Time(s) 0.0903 | RobustPrompt-I Loss 1.4899  
Epoch 102 |  Time(s) 0.0896 | RobustPrompt-I Loss 1.4729  
Epoch 103 |  Time(s) 0.0889 | RobustPrompt-I Loss 1.4927  
Epoch 104 |  Time(s) 0.0891 | RobustPrompt-I Loss 1.4757  
Epoch 105 |  Time(s) 0.0895 | RobustPrompt-I Loss 1.4715  
Epoch 106 |  Time(s) 0.0900 | RobustPrompt-I Loss 1.4526  
Epoch 107 |  Time(s) 0.0898 | RobustPrompt-I Loss 1.4790  
Epoch 108 |  Time(s) 0.0896 | RobustPrompt-I Loss 1.4619  
Epoch 109 |  Time(s) 0.0898 | RobustPrompt-I Loss 1.4503  
Epoch 110 |  Time(s) 0.0894 | RobustPrompt-I Loss 1.4354  
Epoch 111 |  Time(s) 0.0900 | RobustPrompt-I Loss 1.4646  
Epoch 112 |  Time(s) 0.0898 | RobustPrompt-I Loss 1.4460  
Epoch 113 |  Time(s) 0.0897 | RobustPrompt-I Loss 1.4356  
Epoch 114 |  Time(s) 0.0902 | RobustPrompt-I Loss 1.4199  
Epoch 115 |  Time(s) 0.1287 | RobustPrompt-I Loss 1.4465  
Epoch 116 |  Time(s) 0.1889 | RobustPrompt-I Loss 1.4260  
Epoch 117 |  Time(s) 0.2403 | RobustPrompt-I Loss 1.4199  
Epoch 118 |  Time(s) 0.2312 | RobustPrompt-I Loss 1.4066  
Epoch 119 |  Time(s) 0.2327 | RobustPrompt-I Loss 1.4247  
Epoch 120 |  Time(s) 0.1091 | RobustPrompt-I Loss 1.4044  
Epoch 121 |  Time(s) 0.0991 | RobustPrompt-I Loss 1.4107  
Epoch 122 |  Time(s) 0.2017 | RobustPrompt-I Loss 1.3969  
Epoch 123 |  Time(s) 0.0994 | RobustPrompt-I Loss 1.3994  
Epoch 124 |  Time(s) 0.0953 | RobustPrompt-I Loss 1.3785  
Epoch 125 |  Time(s) 0.0929 | RobustPrompt-I Loss 1.3997  
Epoch 126 |  Time(s) 0.0942 | RobustPrompt-I Loss 1.3920  
Epoch 127 |  Time(s) 0.0913 | RobustPrompt-I Loss 1.3681  
Epoch 128 |  Time(s) 0.1001 | RobustPrompt-I Loss 1.3461  
Epoch 129 |  Time(s) 0.0942 | RobustPrompt-I Loss 1.4047  
Epoch 130 |  Time(s) 0.0984 | RobustPrompt-I Loss 1.3980  
Epoch 131 |  Time(s) 0.0961 | RobustPrompt-I Loss 1.3293  
Epoch 132 |  Time(s) 0.0936 | RobustPrompt-I Loss 1.3146  
Epoch 133 |  Time(s) 0.0972 | RobustPrompt-I Loss 1.4386  
Epoch 134 |  Time(s) 0.0949 | RobustPrompt-I Loss 1.4206  
Epoch 135 |  Time(s) 0.0954 | RobustPrompt-I Loss 1.2818  
Epoch 136 |  Time(s) 0.0950 | RobustPrompt-I Loss 1.6998  
Epoch 137 |  Time(s) 0.0970 | RobustPrompt-I Loss 1.5025  
Epoch 138 |  Time(s) 0.0946 | RobustPrompt-I Loss 1.4308  
Epoch 139 |  Time(s) 0.0974 | RobustPrompt-I Loss 1.4626  
Epoch 140 |  Time(s) 0.0918 | RobustPrompt-I Loss 1.2960  
Epoch 141 |  Time(s) 0.0982 | RobustPrompt-I Loss 1.2610  
Epoch 142 |  Time(s) 0.0939 | RobustPrompt-I Loss 1.5836  
Epoch 143 |  Time(s) 0.0948 | RobustPrompt-I Loss 1.5344  
Epoch 144 |  Time(s) 0.0972 | RobustPrompt-I Loss 1.4025  
Epoch 145 |  Time(s) 0.0926 | RobustPrompt-I Loss 1.4050  
Epoch 146 |  Time(s) 0.0924 | RobustPrompt-I Loss 1.3709  
Epoch 147 |  Time(s) 0.0919 | RobustPrompt-I Loss 1.3092  
Epoch 148 |  Time(s) 0.1000 | RobustPrompt-I Loss 1.3927  
Epoch 149 |  Time(s) 0.0956 | RobustPrompt-I Loss 1.3968  
Epoch 150 |  Time(s) 0.1284 | RobustPrompt-I Loss 1.3297  
Epoch 151 |  Time(s) 0.0995 | RobustPrompt-I Loss 1.3385  
Epoch 152 |  Time(s) 0.0901 | RobustPrompt-I Loss 1.4392  
Epoch 153 |  Time(s) 0.0931 | RobustPrompt-I Loss 1.3648  
Epoch 154 |  Time(s) 0.0984 | RobustPrompt-I Loss 1.3153  
Epoch 155 |  Time(s) 0.0971 | RobustPrompt-I Loss 1.3047  
Epoch 156 |  Time(s) 0.0894 | RobustPrompt-I Loss 1.3261  
Epoch 157 |  Time(s) 0.0887 | RobustPrompt-I Loss 1.2818  
Epoch 158 |  Time(s) 0.0896 | RobustPrompt-I Loss 1.4315  
Epoch 159 |  Time(s) 0.0897 | RobustPrompt-I Loss 1.3952  
Epoch 160 |  Time(s) 0.0899 | RobustPrompt-I Loss 1.2928  
----------------------------------------------------------------------------------------------------
Early stopping at 161 eopch!
Batch 0 Acc: 0.3800 | Macro-F1: 0.3411
Batch 1 Acc: 0.3900 | Macro-F1: 0.3023
Batch 2 Acc: 0.3100 | Macro-F1: 0.2542
Batch 3 Acc: 0.3800 | Macro-F1: 0.3597
Batch 4 Acc: 0.4000 | Macro-F1: 0.3247
Batch 5 Acc: 0.3600 | Macro-F1: 0.2915
Batch 6 Acc: 0.4500 | Macro-F1: 0.3273
Batch 7 Acc: 0.3600 | Macro-F1: 0.3275
Batch 8 Acc: 0.4200 | Macro-F1: 0.2824
Batch 9 Acc: 0.3400 | Macro-F1: 0.2798
Final True Accuracy: 0.3790 | Macro F1 Score: 0.3259
best_loss [1.266947865486145]
{1: {1: nan}, 2: {1: 0.3889999985694885}, 3: {1: nan}, 4: {1: nan}, 5: {1: 0.3790000081062317}}
{1: {1: nan, 2: 0.3889999985694885, 3: nan, 4: nan, 5: 0.3790000081062317}}
########################################################################################
seed: 1 | split 1 : nan
# Seed 1 Muti Split Final Acc: nan±nan
seed: 2 | split 1 : 0.3889999985694885
# Seed 2 Muti Split Final Acc: 0.3890±0.0000
seed: 3 | split 1 : nan
# Seed 3 Muti Split Final Acc: nan±nan
seed: 4 | split 1 : nan
# Seed 4 Muti Split Final Acc: nan±nan
seed: 5 | split 1 : 0.3790000081062317
# Seed 5 Muti Split Final Acc: 0.3790±0.0000
########################################################################################
split: 1 | seed 1 : nan
split: 1 | seed 2 : 0.3889999985694885
split: 1 | seed 3 : nan
split: 1 | seed 4 : nan
split: 1 | seed 5 : 0.3790000081062317
# Split 1 Muti Seed Acc without min value: nan±nan
########################################################################################
Done sim=0.3, ptb=0.05, end=2026-06-08 23:01:25, duration=00:00:59
