Start sim=0.4, ptb=0.0, time=2026-06-08 22:56:36, log=logs/RobustPrompt-I/ft_sim0.4_0.0_20260608_225636.log
load LLC or attacked data with specified split
Successfully loaded the attack of dataname with few shot 5, split 1
Attack method : Meta_Self | Attack ptb : 0.0 | Dataset: Cora
======================
Number of graphs: 1
Number of features: 1433
Number of classes: 7

Data(x=[2708, 1433], edge_index=[2, 13264], y=[2708], train_mask=[2708], val_mask=[2708], test_mask=[2708])
===========================================================================================================
Number of nodes: 2708
Number of edges: 13264
Average node degree: 4.90
Has isolated nodes: False
Has self-loops: True
Is undirected: True
GCN(
  (conv_layers): ModuleList(
    (0): GCNConv(1433, 256)
    (1): GCNConv(256, 256)
  )
)
Successfully loaded pre-trained weights!
use RobustPrompt Inductive
defense pt dict :  {'sim_pt': 0.4, 'degree_pt': -1, 'out_detect_pt': -1.0, 'other_pt': 'all'}
use_attention :  False
kl_global :  False
cosine_constraint :  True
pt_threshold :  0.25
filter_module :  OriginalFilter
temperature :  1.0
weight_mse 0.1
weight_kl :  0.1
weight_constraint :  0.0
prepare induce graph data is finished!
run RobustPrompt-I
Epoch 001 |  Time(s) 0.4901 | RobustPrompt-I Loss 1.9436  
Epoch 002 |  Time(s) 0.0975 | RobustPrompt-I Loss 1.9435  
Epoch 003 |  Time(s) 0.0900 | RobustPrompt-I Loss 1.9266  
Epoch 004 |  Time(s) 0.0868 | RobustPrompt-I Loss 1.9187  
Epoch 005 |  Time(s) 0.0900 | RobustPrompt-I Loss 1.9090  
Epoch 006 |  Time(s) 0.0872 | RobustPrompt-I Loss 1.8872  
Epoch 007 |  Time(s) 0.0854 | RobustPrompt-I Loss 1.8675  
Epoch 008 |  Time(s) 0.0861 | RobustPrompt-I Loss 1.8449  
Epoch 009 |  Time(s) 0.0873 | RobustPrompt-I Loss 1.8358  
Epoch 010 |  Time(s) 0.0872 | RobustPrompt-I Loss 1.8170  
Epoch 011 |  Time(s) 0.0892 | RobustPrompt-I Loss 1.7983  
Epoch 012 |  Time(s) 0.0860 | RobustPrompt-I Loss 1.7894  
Epoch 013 |  Time(s) 0.0885 | RobustPrompt-I Loss 1.7788  
Epoch 014 |  Time(s) 0.0889 | RobustPrompt-I Loss 1.7537  
Epoch 015 |  Time(s) 0.0885 | RobustPrompt-I Loss 1.7372  
Epoch 016 |  Time(s) 0.0837 | RobustPrompt-I Loss 1.7281  
Epoch 017 |  Time(s) 0.0861 | RobustPrompt-I Loss 1.7440  
Epoch 018 |  Time(s) 0.0903 | RobustPrompt-I Loss 1.7072  
Epoch 019 |  Time(s) 0.0816 | RobustPrompt-I Loss 1.7270  
Epoch 020 |  Time(s) 0.0834 | RobustPrompt-I Loss 1.7162  
Epoch 021 |  Time(s) 0.0823 | RobustPrompt-I Loss 1.6902  
Epoch 022 |  Time(s) 0.0826 | RobustPrompt-I Loss 1.7049  
Epoch 023 |  Time(s) 0.0827 | RobustPrompt-I Loss 1.6778  
Epoch 024 |  Time(s) 0.0836 | RobustPrompt-I Loss 1.6742  
Epoch 025 |  Time(s) 0.0816 | RobustPrompt-I Loss 1.6965  
Epoch 026 |  Time(s) 0.0825 | RobustPrompt-I Loss 1.6577  
Epoch 027 |  Time(s) 0.0817 | RobustPrompt-I Loss 1.6520  
Epoch 028 |  Time(s) 0.0826 | RobustPrompt-I Loss 1.6596  
Epoch 029 |  Time(s) 0.0819 | RobustPrompt-I Loss 1.6295  
Epoch 030 |  Time(s) 0.0819 | RobustPrompt-I Loss 1.6156  
Epoch 031 |  Time(s) 0.0834 | RobustPrompt-I Loss 1.6246  
Epoch 032 |  Time(s) 0.0816 | RobustPrompt-I Loss 1.6137  
Epoch 033 |  Time(s) 0.1206 | RobustPrompt-I Loss 1.6048  
Epoch 034 |  Time(s) 0.1570 | RobustPrompt-I Loss 1.5902  
Epoch 035 |  Time(s) 0.2348 | RobustPrompt-I Loss 1.5832  
Epoch 036 |  Time(s) 0.3212 | RobustPrompt-I Loss 1.5928  
Epoch 037 |  Time(s) 0.3111 | RobustPrompt-I Loss 1.5763  
Epoch 038 |  Time(s) 0.0972 | RobustPrompt-I Loss 1.5755  
Epoch 039 |  Time(s) 0.1591 | RobustPrompt-I Loss 1.5502  
Epoch 040 |  Time(s) 0.1315 | RobustPrompt-I Loss 1.5427  
Epoch 041 |  Time(s) 0.1383 | RobustPrompt-I Loss 1.5477  
Epoch 042 |  Time(s) 0.1186 | RobustPrompt-I Loss 1.5445  
Epoch 043 |  Time(s) 0.1497 | RobustPrompt-I Loss 1.5473  
Epoch 044 |  Time(s) 0.1229 | RobustPrompt-I Loss 1.5317  
Epoch 045 |  Time(s) 0.0849 | RobustPrompt-I Loss 1.5616  
Epoch 046 |  Time(s) 0.0929 | RobustPrompt-I Loss 1.5197  
Epoch 047 |  Time(s) 0.0825 | RobustPrompt-I Loss 1.5083  
Epoch 048 |  Time(s) 0.0773 | RobustPrompt-I Loss 1.5100  
Epoch 049 |  Time(s) 0.0871 | RobustPrompt-I Loss 1.5043  
Epoch 050 |  Time(s) 0.0902 | RobustPrompt-I Loss 1.5286  
Epoch 051 |  Time(s) 0.1206 | RobustPrompt-I Loss 1.4756  
Epoch 052 |  Time(s) 0.0874 | RobustPrompt-I Loss 1.4960  
Epoch 053 |  Time(s) 0.0852 | RobustPrompt-I Loss 1.4815  
Epoch 054 |  Time(s) 0.0865 | RobustPrompt-I Loss 1.4714  
Epoch 055 |  Time(s) 0.0820 | RobustPrompt-I Loss 1.5032  
Epoch 056 |  Time(s) 0.0824 | RobustPrompt-I Loss 1.4383  
Epoch 057 |  Time(s) 0.0814 | RobustPrompt-I Loss 1.6133  
Epoch 058 |  Time(s) 0.0811 | RobustPrompt-I Loss 1.4734  
Epoch 059 |  Time(s) 0.0836 | RobustPrompt-I Loss 1.5245  
Epoch 060 |  Time(s) 0.0816 | RobustPrompt-I Loss 1.5340  
Epoch 061 |  Time(s) 0.0819 | RobustPrompt-I Loss 1.4572  
Epoch 062 |  Time(s) 0.0817 | RobustPrompt-I Loss 1.5765  
Epoch 063 |  Time(s) 0.0818 | RobustPrompt-I Loss 1.5843  
Epoch 064 |  Time(s) 0.0823 | RobustPrompt-I Loss 1.3991  
Epoch 065 |  Time(s) 0.0820 | RobustPrompt-I Loss 1.5735  
Epoch 066 |  Time(s) 0.0832 | RobustPrompt-I Loss 1.6386  
Epoch 067 |  Time(s) 0.0828 | RobustPrompt-I Loss 1.4430  
Epoch 068 |  Time(s) 0.0848 | RobustPrompt-I Loss 1.5304  
Epoch 069 |  Time(s) 0.0837 | RobustPrompt-I Loss 1.6404  
Epoch 070 |  Time(s) 0.0837 | RobustPrompt-I Loss 1.5611  
Epoch 071 |  Time(s) 0.0828 | RobustPrompt-I Loss 1.3881  
Epoch 072 |  Time(s) 0.0816 | RobustPrompt-I Loss 1.5006  
Epoch 073 |  Time(s) 0.0821 | RobustPrompt-I Loss 1.4977  
Epoch 074 |  Time(s) 0.0821 | RobustPrompt-I Loss 1.4101  
Epoch 075 |  Time(s) 0.0820 | RobustPrompt-I Loss 1.4277  
Epoch 076 |  Time(s) 0.0815 | RobustPrompt-I Loss 1.4666  
Epoch 077 |  Time(s) 0.0814 | RobustPrompt-I Loss 1.4153  
Epoch 078 |  Time(s) 0.0845 | RobustPrompt-I Loss 1.3819  
Epoch 079 |  Time(s) 0.0886 | RobustPrompt-I Loss 1.3944  
Epoch 080 |  Time(s) 0.0815 | RobustPrompt-I Loss 1.4071  
Epoch 081 |  Time(s) 0.0825 | RobustPrompt-I Loss 1.3881  
Epoch 082 |  Time(s) 0.0820 | RobustPrompt-I Loss 1.3528  
Epoch 083 |  Time(s) 0.0816 | RobustPrompt-I Loss 1.3709  
Epoch 084 |  Time(s) 0.1340 | RobustPrompt-I Loss 1.3810  
Epoch 085 |  Time(s) 0.1947 | RobustPrompt-I Loss 1.3681  
Epoch 086 |  Time(s) 0.0895 | RobustPrompt-I Loss 1.3507  
Epoch 087 |  Time(s) 0.0810 | RobustPrompt-I Loss 1.3494  
Epoch 088 |  Time(s) 0.0807 | RobustPrompt-I Loss 1.3470  
Epoch 089 |  Time(s) 0.0810 | RobustPrompt-I Loss 1.3313  
Epoch 090 |  Time(s) 0.0813 | RobustPrompt-I Loss 1.3176  
Epoch 091 |  Time(s) 0.0819 | RobustPrompt-I Loss 1.3279  
Epoch 092 |  Time(s) 0.0810 | RobustPrompt-I Loss 1.3288  
Epoch 093 |  Time(s) 0.0816 | RobustPrompt-I Loss 1.3131  
Epoch 094 |  Time(s) 0.0802 | RobustPrompt-I Loss 1.2910  
Epoch 095 |  Time(s) 0.1177 | RobustPrompt-I Loss nan  
Epoch 096 |  Time(s) 0.1035 | RobustPrompt-I Loss nan  
Epoch 097 |  Time(s) 0.0795 | RobustPrompt-I Loss nan  
Epoch 098 |  Time(s) 0.0805 | RobustPrompt-I Loss nan  
Epoch 099 |  Time(s) 0.0854 | RobustPrompt-I Loss nan  
Epoch 100 |  Time(s) 0.0804 | RobustPrompt-I Loss nan  
Epoch 101 |  Time(s) 0.0801 | RobustPrompt-I Loss nan  
Epoch 102 |  Time(s) 0.0802 | RobustPrompt-I Loss nan  
Epoch 103 |  Time(s) 0.0800 | RobustPrompt-I Loss nan  
Epoch 104 |  Time(s) 0.0811 | RobustPrompt-I Loss nan  
Epoch 105 |  Time(s) 0.0812 | RobustPrompt-I Loss nan  
Epoch 106 |  Time(s) 0.0812 | RobustPrompt-I Loss nan  
Epoch 107 |  Time(s) 0.0805 | RobustPrompt-I Loss nan  
Epoch 108 |  Time(s) 0.0811 | RobustPrompt-I Loss nan  
Epoch 109 |  Time(s) 0.0809 | RobustPrompt-I Loss nan  
Epoch 110 |  Time(s) 0.0800 | RobustPrompt-I Loss nan  
Epoch 111 |  Time(s) 0.0808 | RobustPrompt-I Loss nan  
Epoch 112 |  Time(s) 0.0811 | RobustPrompt-I Loss nan  
Epoch 113 |  Time(s) 0.0835 | RobustPrompt-I Loss nan  
----------------------------------------------------------------------------------------------------
Early stopping at 114 eopch!
load LLC or attacked data with specified split
Successfully loaded the attack of dataname with few shot 5, split 1
Attack method : Meta_Self | Attack ptb : 0.0 | Dataset: Cora
======================
Number of graphs: 1
Number of features: 1433
Number of classes: 7

Data(x=[2708, 1433], edge_index=[2, 13264], y=[2708], train_mask=[2708], val_mask=[2708], test_mask=[2708])
===========================================================================================================
Number of nodes: 2708
Number of edges: 13264
Average node degree: 4.90
Has isolated nodes: False
Has self-loops: True
Is undirected: True
GCN(
  (conv_layers): ModuleList(
    (0): GCNConv(1433, 256)
    (1): GCNConv(256, 256)
  )
)
Successfully loaded pre-trained weights!
use RobustPrompt Inductive
defense pt dict :  {'sim_pt': 0.4, 'degree_pt': -1, 'out_detect_pt': -1.0, 'other_pt': 'all'}
use_attention :  False
kl_global :  False
cosine_constraint :  True
pt_threshold :  0.25
filter_module :  OriginalFilter
temperature :  1.0
weight_mse 0.1
weight_kl :  0.1
weight_constraint :  0.0
prepare induce graph data is finished!
run RobustPrompt-I
Epoch 001 |  Time(s) 0.0979 | RobustPrompt-I Loss 1.9467  
Epoch 002 |  Time(s) 0.0855 | RobustPrompt-I Loss 1.9334  
Epoch 003 |  Time(s) 0.0848 | RobustPrompt-I Loss 1.9112  
Epoch 004 |  Time(s) 0.0851 | RobustPrompt-I Loss 1.8805  
Epoch 005 |  Time(s) 0.0857 | RobustPrompt-I Loss 1.8546  
Epoch 006 |  Time(s) 0.0853 | RobustPrompt-I Loss 1.8283  
Epoch 007 |  Time(s) 0.0918 | RobustPrompt-I Loss 1.8074  
Epoch 008 |  Time(s) 0.0860 | RobustPrompt-I Loss 1.7991  
Epoch 009 |  Time(s) 0.0863 | RobustPrompt-I Loss 1.7767  
Epoch 010 |  Time(s) 0.0863 | RobustPrompt-I Loss 1.7720  
Epoch 011 |  Time(s) 0.0916 | RobustPrompt-I Loss 1.7586  
Epoch 012 |  Time(s) 0.1511 | RobustPrompt-I Loss 1.7408  
Epoch 013 |  Time(s) 0.1902 | RobustPrompt-I Loss 1.7304  
Epoch 014 |  Time(s) 0.3791 | RobustPrompt-I Loss 1.7260  
Epoch 015 |  Time(s) 0.2441 | RobustPrompt-I Loss 1.7153  
Epoch 016 |  Time(s) 0.3221 | RobustPrompt-I Loss 1.7074  
Epoch 017 |  Time(s) 0.3178 | RobustPrompt-I Loss 1.6992  
Epoch 018 |  Time(s) 0.1211 | RobustPrompt-I Loss 1.6935  
Epoch 019 |  Time(s) 0.1999 | RobustPrompt-I Loss 1.6810  
Epoch 020 |  Time(s) 0.0991 | RobustPrompt-I Loss 1.6784  
Epoch 021 |  Time(s) 0.1396 | RobustPrompt-I Loss 1.6613  
Epoch 022 |  Time(s) 0.1005 | RobustPrompt-I Loss 1.6636  
Epoch 023 |  Time(s) 0.0922 | RobustPrompt-I Loss 1.6650  
Epoch 024 |  Time(s) 0.1319 | RobustPrompt-I Loss 1.6531  
Epoch 025 |  Time(s) 0.0969 | RobustPrompt-I Loss 1.6346  
Epoch 026 |  Time(s) 0.0974 | RobustPrompt-I Loss 1.6373  
Epoch 027 |  Time(s) 0.0961 | RobustPrompt-I Loss 1.6250  
Epoch 028 |  Time(s) 0.0942 | RobustPrompt-I Loss 1.6134  
Epoch 029 |  Time(s) 0.1413 | RobustPrompt-I Loss 1.6063  
Epoch 030 |  Time(s) 0.2252 | RobustPrompt-I Loss 1.6057  
Epoch 031 |  Time(s) 0.3380 | RobustPrompt-I Loss 1.5930  
Epoch 032 |  Time(s) 0.2092 | RobustPrompt-I Loss 1.5782  
Epoch 033 |  Time(s) 0.0903 | RobustPrompt-I Loss 1.5709  
Epoch 034 |  Time(s) 0.1007 | RobustPrompt-I Loss 1.5753  
Epoch 035 |  Time(s) 0.1527 | RobustPrompt-I Loss 1.5735  
Epoch 036 |  Time(s) 0.0955 | RobustPrompt-I Loss 1.5695  
Epoch 037 |  Time(s) 0.0896 | RobustPrompt-I Loss 1.5292  
Epoch 038 |  Time(s) 0.0932 | RobustPrompt-I Loss 1.5368  
Epoch 039 |  Time(s) 0.0893 | RobustPrompt-I Loss 1.5278  
Epoch 040 |  Time(s) 0.0876 | RobustPrompt-I Loss 1.5317  
Epoch 041 |  Time(s) 0.0877 | RobustPrompt-I Loss 1.4905  
Epoch 042 |  Time(s) 0.0878 | RobustPrompt-I Loss 1.4878  
Epoch 043 |  Time(s) 0.0883 | RobustPrompt-I Loss 1.4889  
Epoch 044 |  Time(s) 0.0890 | RobustPrompt-I Loss 1.4922  
Epoch 045 |  Time(s) 0.0893 | RobustPrompt-I Loss 1.4499  
Epoch 046 |  Time(s) 0.0887 | RobustPrompt-I Loss 1.4738  
Epoch 047 |  Time(s) 0.0883 | RobustPrompt-I Loss 1.4572  
Epoch 048 |  Time(s) 0.0884 | RobustPrompt-I Loss 1.4261  
Epoch 049 |  Time(s) 0.0891 | RobustPrompt-I Loss 1.4055  
Epoch 050 |  Time(s) 0.0895 | RobustPrompt-I Loss 1.4293  
Epoch 051 |  Time(s) 0.0891 | RobustPrompt-I Loss 1.3736  
Epoch 052 |  Time(s) 0.0886 | RobustPrompt-I Loss 1.3789  
Epoch 053 |  Time(s) 0.0887 | RobustPrompt-I Loss 1.3975  
Epoch 054 |  Time(s) 0.0886 | RobustPrompt-I Loss 1.3556  
Epoch 055 |  Time(s) 0.0891 | RobustPrompt-I Loss 1.3934  
Epoch 056 |  Time(s) 0.0919 | RobustPrompt-I Loss 1.3551  
Epoch 057 |  Time(s) 0.0892 | RobustPrompt-I Loss 1.3779  
Epoch 058 |  Time(s) 0.0869 | RobustPrompt-I Loss 1.3888  
Epoch 059 |  Time(s) 0.1805 | RobustPrompt-I Loss 1.3487  
Epoch 060 |  Time(s) 0.0936 | RobustPrompt-I Loss 1.3174  
Epoch 061 |  Time(s) 0.0901 | RobustPrompt-I Loss 1.3461  
Epoch 062 |  Time(s) 0.0897 | RobustPrompt-I Loss 1.2571  
Epoch 063 |  Time(s) 0.0896 | RobustPrompt-I Loss 1.4875  
Epoch 064 |  Time(s) 0.0901 | RobustPrompt-I Loss 1.5529  
Epoch 065 |  Time(s) 0.0902 | RobustPrompt-I Loss 1.3107  
Epoch 066 |  Time(s) 0.0901 | RobustPrompt-I Loss 1.3702  
Epoch 067 |  Time(s) 0.0919 | RobustPrompt-I Loss 1.5157  
Epoch 068 |  Time(s) 0.0899 | RobustPrompt-I Loss nan  
Epoch 069 |  Time(s) 0.0892 | RobustPrompt-I Loss nan  
Epoch 070 |  Time(s) 0.0902 | RobustPrompt-I Loss nan  
Epoch 071 |  Time(s) 0.0897 | RobustPrompt-I Loss nan  
Epoch 072 |  Time(s) 0.0896 | RobustPrompt-I Loss nan  
Epoch 073 |  Time(s) 0.0889 | RobustPrompt-I Loss nan  
Epoch 074 |  Time(s) 0.0892 | RobustPrompt-I Loss nan  
Epoch 075 |  Time(s) 0.0894 | RobustPrompt-I Loss nan  
Epoch 076 |  Time(s) 0.0898 | RobustPrompt-I Loss nan  
Epoch 077 |  Time(s) 0.0895 | RobustPrompt-I Loss nan  
Epoch 078 |  Time(s) 0.0891 | RobustPrompt-I Loss nan  
Epoch 079 |  Time(s) 0.0894 | RobustPrompt-I Loss nan  
Epoch 080 |  Time(s) 0.0898 | RobustPrompt-I Loss nan  
Epoch 081 |  Time(s) 0.0891 | RobustPrompt-I Loss nan  
----------------------------------------------------------------------------------------------------
Early stopping at 82 eopch!
load LLC or attacked data with specified split
Successfully loaded the attack of dataname with few shot 5, split 1
Attack method : Meta_Self | Attack ptb : 0.0 | Dataset: Cora
======================
Number of graphs: 1
Number of features: 1433
Number of classes: 7

Data(x=[2708, 1433], edge_index=[2, 13264], y=[2708], train_mask=[2708], val_mask=[2708], test_mask=[2708])
===========================================================================================================
Number of nodes: 2708
Number of edges: 13264
Average node degree: 4.90
Has isolated nodes: False
Has self-loops: True
Is undirected: True
GCN(
  (conv_layers): ModuleList(
    (0): GCNConv(1433, 256)
    (1): GCNConv(256, 256)
  )
)
Successfully loaded pre-trained weights!
use RobustPrompt Inductive
defense pt dict :  {'sim_pt': 0.4, 'degree_pt': -1, 'out_detect_pt': -1.0, 'other_pt': 'all'}
use_attention :  False
kl_global :  False
cosine_constraint :  True
pt_threshold :  0.25
filter_module :  OriginalFilter
temperature :  1.0
weight_mse 0.1
weight_kl :  0.1
weight_constraint :  0.0
prepare induce graph data is finished!
run RobustPrompt-I
Epoch 001 |  Time(s) 0.0978 | RobustPrompt-I Loss 1.9467  
Epoch 002 |  Time(s) 0.0904 | RobustPrompt-I Loss 1.9340  
Epoch 003 |  Time(s) 0.0898 | RobustPrompt-I Loss 1.9184  
Epoch 004 |  Time(s) 0.0903 | RobustPrompt-I Loss 1.8973  
Epoch 005 |  Time(s) 0.0900 | RobustPrompt-I Loss 1.8694  
Epoch 006 |  Time(s) 0.0886 | RobustPrompt-I Loss 1.8395  
Epoch 007 |  Time(s) 0.0908 | RobustPrompt-I Loss 1.8139  
Epoch 008 |  Time(s) 0.0892 | RobustPrompt-I Loss 1.7953  
Epoch 009 |  Time(s) 0.0913 | RobustPrompt-I Loss 1.7766  
Epoch 010 |  Time(s) 0.1178 | RobustPrompt-I Loss 1.7606  
Epoch 011 |  Time(s) 0.0937 | RobustPrompt-I Loss 1.7558  
Epoch 012 |  Time(s) 0.0919 | RobustPrompt-I Loss 1.7410  
Epoch 013 |  Time(s) 0.0904 | RobustPrompt-I Loss 1.7420  
Epoch 014 |  Time(s) 0.0900 | RobustPrompt-I Loss 1.7196  
Epoch 015 |  Time(s) 0.0978 | RobustPrompt-I Loss 1.7149  
Epoch 016 |  Time(s) 0.0914 | RobustPrompt-I Loss 1.7063  
Epoch 017 |  Time(s) 0.1005 | RobustPrompt-I Loss 1.7028  
Epoch 018 |  Time(s) 0.0970 | RobustPrompt-I Loss 1.6828  
Epoch 019 |  Time(s) 0.0959 | RobustPrompt-I Loss 1.6824  
Epoch 020 |  Time(s) 0.0893 | RobustPrompt-I Loss 1.6660  
Epoch 021 |  Time(s) 0.0892 | RobustPrompt-I Loss 1.6679  
Epoch 022 |  Time(s) 0.0904 | RobustPrompt-I Loss 1.6459  
Epoch 023 |  Time(s) 0.0904 | RobustPrompt-I Loss 1.6444  
Epoch 024 |  Time(s) 0.0893 | RobustPrompt-I Loss 1.6330  
Epoch 025 |  Time(s) 0.0899 | RobustPrompt-I Loss 1.6390  
Epoch 026 |  Time(s) 0.0887 | RobustPrompt-I Loss 1.6286  
Epoch 027 |  Time(s) 0.0892 | RobustPrompt-I Loss 1.6490  
Epoch 028 |  Time(s) 0.0893 | RobustPrompt-I Loss 1.6198  
Epoch 029 |  Time(s) 0.0903 | RobustPrompt-I Loss 1.6112  
Epoch 030 |  Time(s) 0.0895 | RobustPrompt-I Loss 1.6036  
Epoch 031 |  Time(s) 0.0895 | RobustPrompt-I Loss 1.5918  
Epoch 032 |  Time(s) 0.0916 | RobustPrompt-I Loss 1.5712  
Epoch 033 |  Time(s) 0.0894 | RobustPrompt-I Loss 1.5932  
Epoch 034 |  Time(s) 0.0894 | RobustPrompt-I Loss 1.5466  
Epoch 035 |  Time(s) 0.0895 | RobustPrompt-I Loss 1.5561  
Epoch 036 |  Time(s) 0.0898 | RobustPrompt-I Loss 1.5424  
Epoch 037 |  Time(s) 0.0899 | RobustPrompt-I Loss 1.5625  
Epoch 038 |  Time(s) 0.0907 | RobustPrompt-I Loss 1.5263  
Epoch 039 |  Time(s) 0.0936 | RobustPrompt-I Loss 1.5370  
Epoch 040 |  Time(s) 0.1002 | RobustPrompt-I Loss 1.4939  
Epoch 041 |  Time(s) 0.0967 | RobustPrompt-I Loss 1.5089  
Epoch 042 |  Time(s) 0.0906 | RobustPrompt-I Loss 1.4950  
Epoch 043 |  Time(s) 0.0906 | RobustPrompt-I Loss 1.4948  
Epoch 044 |  Time(s) 0.0897 | RobustPrompt-I Loss 1.4713  
Epoch 045 |  Time(s) 0.0901 | RobustPrompt-I Loss 1.4791  
Epoch 046 |  Time(s) 0.0910 | RobustPrompt-I Loss 1.4329  
Epoch 047 |  Time(s) 0.0903 | RobustPrompt-I Loss 1.4599  
Epoch 048 |  Time(s) 0.0902 | RobustPrompt-I Loss 1.4081  
Epoch 049 |  Time(s) 0.0908 | RobustPrompt-I Loss 1.4307  
Epoch 050 |  Time(s) 0.0913 | RobustPrompt-I Loss 1.3936  
Epoch 051 |  Time(s) 0.0912 | RobustPrompt-I Loss 1.3883  
Epoch 052 |  Time(s) 0.0895 | RobustPrompt-I Loss 1.4040  
Epoch 053 |  Time(s) 0.0908 | RobustPrompt-I Loss 1.3723  
Epoch 054 |  Time(s) 0.0900 | RobustPrompt-I Loss 1.3464  
Epoch 055 |  Time(s) 0.0908 | RobustPrompt-I Loss 1.3240  
Epoch 056 |  Time(s) 0.0902 | RobustPrompt-I Loss 1.4022  
Epoch 057 |  Time(s) 0.0905 | RobustPrompt-I Loss 1.3359  
Epoch 058 |  Time(s) 0.0910 | RobustPrompt-I Loss 1.4244  
Epoch 059 |  Time(s) 0.1623 | RobustPrompt-I Loss 1.4571  
Epoch 060 |  Time(s) 0.0928 | RobustPrompt-I Loss 1.2834  
Epoch 061 |  Time(s) 0.0919 | RobustPrompt-I Loss 1.3814  
Epoch 062 |  Time(s) 0.0914 | RobustPrompt-I Loss 1.3983  
Epoch 063 |  Time(s) 0.0968 | RobustPrompt-I Loss 1.2222  
Epoch 064 |  Time(s) 0.0952 | RobustPrompt-I Loss 1.3232  
Epoch 065 |  Time(s) 0.4639 | RobustPrompt-I Loss 1.2541  
Epoch 066 |  Time(s) 0.1920 | RobustPrompt-I Loss 1.3126  
Epoch 067 |  Time(s) 0.1965 | RobustPrompt-I Loss 1.3763  
Epoch 068 |  Time(s) 0.1016 | RobustPrompt-I Loss 1.2274  
Epoch 069 |  Time(s) 0.1309 | RobustPrompt-I Loss 1.2664  
Epoch 070 |  Time(s) 0.1052 | RobustPrompt-I Loss 1.2837  
Epoch 071 |  Time(s) 0.0992 | RobustPrompt-I Loss 1.1896  
Epoch 072 |  Time(s) 0.0965 | RobustPrompt-I Loss 1.2186  
Epoch 073 |  Time(s) 0.0932 | RobustPrompt-I Loss 1.1894  
Epoch 074 |  Time(s) 0.0906 | RobustPrompt-I Loss 1.2086  
Epoch 075 |  Time(s) 0.0879 | RobustPrompt-I Loss 1.2272  
Epoch 076 |  Time(s) 0.0886 | RobustPrompt-I Loss 1.1559  
Epoch 077 |  Time(s) 0.1515 | RobustPrompt-I Loss 1.1952  
Epoch 078 |  Time(s) 0.0915 | RobustPrompt-I Loss 1.1744  
Epoch 079 |  Time(s) 0.0885 | RobustPrompt-I Loss 1.1248  
Epoch 080 |  Time(s) 0.0905 | RobustPrompt-I Loss 1.1365  
Epoch 081 |  Time(s) 0.1611 | RobustPrompt-I Loss 1.0981  
Epoch 082 |  Time(s) 0.2795 | RobustPrompt-I Loss 1.2156  
Epoch 083 |  Time(s) 0.2159 | RobustPrompt-I Loss 1.2051  
Epoch 084 |  Time(s) 0.0996 | RobustPrompt-I Loss 1.1673  
Epoch 085 |  Time(s) 0.0919 | RobustPrompt-I Loss 1.1288  
Epoch 086 |  Time(s) 0.0883 | RobustPrompt-I Loss 1.1620  
Epoch 087 |  Time(s) 0.0884 | RobustPrompt-I Loss 1.1485  
Epoch 088 |  Time(s) 0.0880 | RobustPrompt-I Loss 1.0622  
Epoch 089 |  Time(s) 0.0892 | RobustPrompt-I Loss 1.0698  
Epoch 090 |  Time(s) 0.0876 | RobustPrompt-I Loss 1.0521  
Epoch 091 |  Time(s) 0.0875 | RobustPrompt-I Loss 1.0768  
Epoch 092 |  Time(s) 0.0893 | RobustPrompt-I Loss 1.0284  
Epoch 093 |  Time(s) 0.0881 | RobustPrompt-I Loss 1.0668  
Epoch 094 |  Time(s) 0.1657 | RobustPrompt-I Loss 1.0313  
Epoch 095 |  Time(s) 0.1622 | RobustPrompt-I Loss 1.0162  
Epoch 096 |  Time(s) 0.0973 | RobustPrompt-I Loss 1.0199  
Epoch 097 |  Time(s) 0.0882 | RobustPrompt-I Loss 1.0392  
Epoch 098 |  Time(s) 0.0892 | RobustPrompt-I Loss 0.9984  
Epoch 099 |  Time(s) 0.0890 | RobustPrompt-I Loss 1.0527  
Epoch 100 |  Time(s) 0.0891 | RobustPrompt-I Loss 1.0276  
Epoch 101 |  Time(s) 0.0889 | RobustPrompt-I Loss 1.0401  
Epoch 102 |  Time(s) 0.0895 | RobustPrompt-I Loss 1.0591  
Epoch 103 |  Time(s) 0.0900 | RobustPrompt-I Loss 1.0241  
Epoch 104 |  Time(s) 0.0900 | RobustPrompt-I Loss 0.9825  
Epoch 105 |  Time(s) 0.0889 | RobustPrompt-I Loss 1.0710  
Epoch 106 |  Time(s) 0.0893 | RobustPrompt-I Loss 1.0530  
Epoch 107 |  Time(s) 0.0927 | RobustPrompt-I Loss 0.9646  
Epoch 108 |  Time(s) 0.1643 | RobustPrompt-I Loss 0.9610  
Epoch 109 |  Time(s) 0.0959 | RobustPrompt-I Loss 1.0490  
Epoch 110 |  Time(s) 0.1485 | RobustPrompt-I Loss 1.0283  
Epoch 111 |  Time(s) 0.1209 | RobustPrompt-I Loss 0.9680  
Epoch 112 |  Time(s) 0.1032 | RobustPrompt-I Loss 0.9738  
Epoch 113 |  Time(s) 0.1022 | RobustPrompt-I Loss 1.0064  
Epoch 114 |  Time(s) 0.0948 | RobustPrompt-I Loss 0.9589  
Epoch 115 |  Time(s) 0.0966 | RobustPrompt-I Loss 1.0015  
Epoch 116 |  Time(s) 0.0961 | RobustPrompt-I Loss 0.9967  
Epoch 117 |  Time(s) 0.1024 | RobustPrompt-I Loss 0.9328  
Epoch 118 |  Time(s) 0.0913 | RobustPrompt-I Loss 0.9266  
Epoch 119 |  Time(s) 0.0914 | RobustPrompt-I Loss 1.0039  
Epoch 120 |  Time(s) 0.0931 | RobustPrompt-I Loss 0.9887  
Epoch 121 |  Time(s) 0.0915 | RobustPrompt-I Loss nan  
Epoch 122 |  Time(s) 0.0919 | RobustPrompt-I Loss nan  
Epoch 123 |  Time(s) 0.0936 | RobustPrompt-I Loss nan  
Epoch 124 |  Time(s) 0.0933 | RobustPrompt-I Loss nan  
Epoch 125 |  Time(s) 0.0937 | RobustPrompt-I Loss nan  
Epoch 126 |  Time(s) 0.0934 | RobustPrompt-I Loss nan  
Epoch 127 |  Time(s) 0.0940 | RobustPrompt-I Loss nan  
Epoch 128 |  Time(s) 0.1367 | RobustPrompt-I Loss nan  
Epoch 129 |  Time(s) 0.2963 | RobustPrompt-I Loss nan  
Epoch 130 |  Time(s) 0.4732 | RobustPrompt-I Loss nan  
Epoch 131 |  Time(s) 0.2823 | RobustPrompt-I Loss nan  
Epoch 132 |  Time(s) 0.2000 | RobustPrompt-I Loss nan  
Epoch 133 |  Time(s) 0.0960 | RobustPrompt-I Loss nan  
Epoch 134 |  Time(s) 0.0872 | RobustPrompt-I Loss nan  
Epoch 135 |  Time(s) 0.0879 | RobustPrompt-I Loss nan  
Epoch 136 |  Time(s) 0.0885 | RobustPrompt-I Loss nan  
Epoch 137 |  Time(s) 0.0879 | RobustPrompt-I Loss nan  
----------------------------------------------------------------------------------------------------
Early stopping at 138 eopch!
load LLC or attacked data with specified split
Successfully loaded the attack of dataname with few shot 5, split 1
Attack method : Meta_Self | Attack ptb : 0.0 | Dataset: Cora
======================
Number of graphs: 1
Number of features: 1433
Number of classes: 7

Data(x=[2708, 1433], edge_index=[2, 13264], y=[2708], train_mask=[2708], val_mask=[2708], test_mask=[2708])
===========================================================================================================
Number of nodes: 2708
Number of edges: 13264
Average node degree: 4.90
Has isolated nodes: False
Has self-loops: True
Is undirected: True
GCN(
  (conv_layers): ModuleList(
    (0): GCNConv(1433, 256)
    (1): GCNConv(256, 256)
  )
)
Successfully loaded pre-trained weights!
use RobustPrompt Inductive
defense pt dict :  {'sim_pt': 0.4, 'degree_pt': -1, 'out_detect_pt': -1.0, 'other_pt': 'all'}
use_attention :  False
kl_global :  False
cosine_constraint :  True
pt_threshold :  0.25
filter_module :  OriginalFilter
temperature :  1.0
weight_mse 0.1
weight_kl :  0.1
weight_constraint :  0.0
prepare induce graph data is finished!
run RobustPrompt-I
Epoch 001 |  Time(s) 0.1024 | RobustPrompt-I Loss 1.9402  
Epoch 002 |  Time(s) 0.0879 | RobustPrompt-I Loss 1.9329  
Epoch 003 |  Time(s) 0.0880 | RobustPrompt-I Loss 1.9115  
Epoch 004 |  Time(s) 0.0886 | RobustPrompt-I Loss 1.8979  
Epoch 005 |  Time(s) 0.0877 | RobustPrompt-I Loss 1.8766  
Epoch 006 |  Time(s) 0.0926 | RobustPrompt-I Loss 1.8505  
Epoch 007 |  Time(s) 0.0876 | RobustPrompt-I Loss 1.8301  
Epoch 008 |  Time(s) 0.0877 | RobustPrompt-I Loss 1.8101  
Epoch 009 |  Time(s) 0.0883 | RobustPrompt-I Loss 1.7931  
Epoch 010 |  Time(s) 0.2435 | RobustPrompt-I Loss 1.7724  
Epoch 011 |  Time(s) 0.2889 | RobustPrompt-I Loss 1.7580  
Epoch 012 |  Time(s) 0.2333 | RobustPrompt-I Loss 1.7425  
Epoch 013 |  Time(s) 0.4530 | RobustPrompt-I Loss 1.7268  
Epoch 014 |  Time(s) 0.2361 | RobustPrompt-I Loss 1.7166  
Epoch 015 |  Time(s) 0.1216 | RobustPrompt-I Loss 1.7010  
Epoch 016 |  Time(s) 0.1432 | RobustPrompt-I Loss 1.7050  
Epoch 017 |  Time(s) 0.0998 | RobustPrompt-I Loss 1.7667  
Epoch 018 |  Time(s) 0.0953 | RobustPrompt-I Loss 1.6788  
Epoch 019 |  Time(s) 0.0935 | RobustPrompt-I Loss 1.7522  
Epoch 020 |  Time(s) 0.0910 | RobustPrompt-I Loss 1.6626  
Epoch 021 |  Time(s) 0.0923 | RobustPrompt-I Loss 1.7056  
Epoch 022 |  Time(s) 0.0926 | RobustPrompt-I Loss 1.6726  
Epoch 023 |  Time(s) 0.0920 | RobustPrompt-I Loss 1.6665  
Epoch 024 |  Time(s) 0.0924 | RobustPrompt-I Loss 1.6679  
Epoch 025 |  Time(s) 0.0926 | RobustPrompt-I Loss 1.6456  
Epoch 026 |  Time(s) 0.0911 | RobustPrompt-I Loss 1.6514  
Epoch 027 |  Time(s) 0.0916 | RobustPrompt-I Loss 1.6487  
Epoch 028 |  Time(s) 0.0910 | RobustPrompt-I Loss 1.6348  
Epoch 029 |  Time(s) 0.0917 | RobustPrompt-I Loss 1.6165  
Epoch 030 |  Time(s) 0.0967 | RobustPrompt-I Loss 1.6140  
Epoch 031 |  Time(s) 0.0922 | RobustPrompt-I Loss 1.5953  
Epoch 032 |  Time(s) 0.0926 | RobustPrompt-I Loss 1.6097  
Epoch 033 |  Time(s) 0.0924 | RobustPrompt-I Loss 1.5980  
Epoch 034 |  Time(s) 0.0923 | RobustPrompt-I Loss 1.5909  
Epoch 035 |  Time(s) 0.0928 | RobustPrompt-I Loss 1.5918  
Epoch 036 |  Time(s) 0.0928 | RobustPrompt-I Loss 1.5723  
Epoch 037 |  Time(s) 0.0923 | RobustPrompt-I Loss 1.5726  
Epoch 038 |  Time(s) 0.0927 | RobustPrompt-I Loss 1.5534  
Epoch 039 |  Time(s) 0.0924 | RobustPrompt-I Loss 1.5439  
Epoch 040 |  Time(s) 0.0919 | RobustPrompt-I Loss 1.5394  
Epoch 041 |  Time(s) 0.0931 | RobustPrompt-I Loss 1.5511  
Epoch 042 |  Time(s) 0.0933 | RobustPrompt-I Loss 1.5309  
Epoch 043 |  Time(s) 0.0929 | RobustPrompt-I Loss 1.5203  
Epoch 044 |  Time(s) 0.0930 | RobustPrompt-I Loss 1.5044  
Epoch 045 |  Time(s) 0.0945 | RobustPrompt-I Loss 1.5021  
Epoch 046 |  Time(s) 0.1353 | RobustPrompt-I Loss 1.4861  
Epoch 047 |  Time(s) 0.0997 | RobustPrompt-I Loss 1.4785  
Epoch 048 |  Time(s) 0.0925 | RobustPrompt-I Loss 1.4812  
Epoch 049 |  Time(s) 0.0924 | RobustPrompt-I Loss 1.4619  
Epoch 050 |  Time(s) 0.0925 | RobustPrompt-I Loss 1.5079  
Epoch 051 |  Time(s) 0.0932 | RobustPrompt-I Loss 1.4486  
Epoch 052 |  Time(s) 0.0932 | RobustPrompt-I Loss 1.5133  
Epoch 053 |  Time(s) 0.0927 | RobustPrompt-I Loss 1.4468  
Epoch 054 |  Time(s) 0.0928 | RobustPrompt-I Loss 1.5602  
Epoch 055 |  Time(s) 0.0923 | RobustPrompt-I Loss 1.6593  
Epoch 056 |  Time(s) 0.0929 | RobustPrompt-I Loss 1.4924  
Epoch 057 |  Time(s) 0.0922 | RobustPrompt-I Loss 1.4276  
Epoch 058 |  Time(s) 0.0923 | RobustPrompt-I Loss 1.5403  
Epoch 059 |  Time(s) 0.0965 | RobustPrompt-I Loss 1.4064  
Epoch 060 |  Time(s) 0.1144 | RobustPrompt-I Loss 1.5030  
Epoch 061 |  Time(s) 0.0924 | RobustPrompt-I Loss 1.5848  
Epoch 062 |  Time(s) 0.0958 | RobustPrompt-I Loss 1.3765  
Epoch 063 |  Time(s) 0.0918 | RobustPrompt-I Loss 1.4854  
Epoch 064 |  Time(s) 0.0921 | RobustPrompt-I Loss 1.5325  
Epoch 065 |  Time(s) 0.0931 | RobustPrompt-I Loss 1.3482  
Epoch 066 |  Time(s) 0.0914 | RobustPrompt-I Loss 1.4222  
Epoch 067 |  Time(s) 0.0917 | RobustPrompt-I Loss 1.5066  
Epoch 068 |  Time(s) 0.0928 | RobustPrompt-I Loss 1.3617  
Epoch 069 |  Time(s) 0.0925 | RobustPrompt-I Loss 1.3118  
Epoch 070 |  Time(s) 0.0918 | RobustPrompt-I Loss 1.3266  
Epoch 071 |  Time(s) 0.0927 | RobustPrompt-I Loss 1.2827  
Epoch 072 |  Time(s) 0.0933 | RobustPrompt-I Loss 1.3493  
Epoch 073 |  Time(s) 0.0931 | RobustPrompt-I Loss 1.3108  
Epoch 074 |  Time(s) 0.0928 | RobustPrompt-I Loss 1.2812  
Epoch 075 |  Time(s) 0.0928 | RobustPrompt-I Loss 1.3098  
Epoch 076 |  Time(s) 0.0922 | RobustPrompt-I Loss 1.2640  
Epoch 077 |  Time(s) 0.0931 | RobustPrompt-I Loss 1.2588  
Epoch 078 |  Time(s) 0.0934 | RobustPrompt-I Loss 1.2943  
Epoch 079 |  Time(s) 0.0930 | RobustPrompt-I Loss 1.2841  
Epoch 080 |  Time(s) 0.0932 | RobustPrompt-I Loss 1.1942  
Epoch 081 |  Time(s) 0.0920 | RobustPrompt-I Loss 1.2942  
Epoch 082 |  Time(s) 0.0932 | RobustPrompt-I Loss 1.2465  
Epoch 083 |  Time(s) 0.0922 | RobustPrompt-I Loss 1.2499  
Epoch 084 |  Time(s) 0.0928 | RobustPrompt-I Loss 1.2420  
Epoch 085 |  Time(s) 0.0930 | RobustPrompt-I Loss 1.2008  
Epoch 086 |  Time(s) 0.0933 | RobustPrompt-I Loss 1.1869  
Epoch 087 |  Time(s) 0.1932 | RobustPrompt-I Loss 1.1910  
Epoch 088 |  Time(s) 0.1001 | RobustPrompt-I Loss 1.1689  
Epoch 089 |  Time(s) 0.0965 | RobustPrompt-I Loss 1.2142  
Epoch 090 |  Time(s) 0.0920 | RobustPrompt-I Loss 1.2032  
Epoch 091 |  Time(s) 0.0921 | RobustPrompt-I Loss 1.1432  
Epoch 092 |  Time(s) 0.0938 | RobustPrompt-I Loss 1.1361  
Epoch 093 |  Time(s) 0.1020 | RobustPrompt-I Loss 1.2049  
Epoch 094 |  Time(s) 0.3709 | RobustPrompt-I Loss 1.1787  
Epoch 095 |  Time(s) 0.3599 | RobustPrompt-I Loss 1.1264  
Epoch 096 |  Time(s) 0.1102 | RobustPrompt-I Loss 1.1150  
Epoch 097 |  Time(s) 0.1891 | RobustPrompt-I Loss 1.1499  
Epoch 098 |  Time(s) 0.4296 | RobustPrompt-I Loss 1.1335  
Epoch 099 |  Time(s) 0.3566 | RobustPrompt-I Loss 1.1209  
Epoch 100 |  Time(s) 0.1785 | RobustPrompt-I Loss 1.1095  
Epoch 101 |  Time(s) 0.1075 | RobustPrompt-I Loss 1.1135  
Epoch 102 |  Time(s) 0.0998 | RobustPrompt-I Loss 1.0978  
Epoch 103 |  Time(s) 0.0958 | RobustPrompt-I Loss 1.1020  
Epoch 104 |  Time(s) 0.0992 | RobustPrompt-I Loss 1.0931  
Epoch 105 |  Time(s) 0.0931 | RobustPrompt-I Loss nan  
Epoch 106 |  Time(s) 0.0909 | RobustPrompt-I Loss nan  
Epoch 107 |  Time(s) 0.0908 | RobustPrompt-I Loss nan  
Epoch 108 |  Time(s) 0.0908 | RobustPrompt-I Loss nan  
Epoch 109 |  Time(s) 0.0917 | RobustPrompt-I Loss nan  
Epoch 110 |  Time(s) 0.0910 | RobustPrompt-I Loss nan  
Epoch 111 |  Time(s) 0.0966 | RobustPrompt-I Loss nan  
Epoch 112 |  Time(s) 0.0918 | RobustPrompt-I Loss nan  
Epoch 113 |  Time(s) 0.1260 | RobustPrompt-I Loss nan  
Epoch 114 |  Time(s) 0.1036 | RobustPrompt-I Loss nan  
Epoch 115 |  Time(s) 0.0987 | RobustPrompt-I Loss nan  
Epoch 116 |  Time(s) 0.0958 | RobustPrompt-I Loss nan  
Epoch 117 |  Time(s) 0.0919 | RobustPrompt-I Loss nan  
Epoch 118 |  Time(s) 0.0905 | RobustPrompt-I Loss nan  
Epoch 119 |  Time(s) 0.0907 | RobustPrompt-I Loss nan  
Epoch 120 |  Time(s) 0.0898 | RobustPrompt-I Loss nan  
Epoch 121 |  Time(s) 0.0904 | RobustPrompt-I Loss nan  
Epoch 122 |  Time(s) 0.0905 | RobustPrompt-I Loss nan  
Epoch 123 |  Time(s) 0.0903 | RobustPrompt-I Loss nan  
----------------------------------------------------------------------------------------------------
Early stopping at 124 eopch!
load LLC or attacked data with specified split
Successfully loaded the attack of dataname with few shot 5, split 1
Attack method : Meta_Self | Attack ptb : 0.0 | Dataset: Cora
======================
Number of graphs: 1
Number of features: 1433
Number of classes: 7

Data(x=[2708, 1433], edge_index=[2, 13264], y=[2708], train_mask=[2708], val_mask=[2708], test_mask=[2708])
===========================================================================================================
Number of nodes: 2708
Number of edges: 13264
Average node degree: 4.90
Has isolated nodes: False
Has self-loops: True
Is undirected: True
GCN(
  (conv_layers): ModuleList(
    (0): GCNConv(1433, 256)
    (1): GCNConv(256, 256)
  )
)
Successfully loaded pre-trained weights!
use RobustPrompt Inductive
defense pt dict :  {'sim_pt': 0.4, 'degree_pt': -1, 'out_detect_pt': -1.0, 'other_pt': 'all'}
use_attention :  False
kl_global :  False
cosine_constraint :  True
pt_threshold :  0.25
filter_module :  OriginalFilter
temperature :  1.0
weight_mse 0.1
weight_kl :  0.1
weight_constraint :  0.0
prepare induce graph data is finished!
run RobustPrompt-I
Epoch 001 |  Time(s) 0.0993 | RobustPrompt-I Loss 1.9499  
Epoch 002 |  Time(s) 0.0891 | RobustPrompt-I Loss 1.9420  
Epoch 003 |  Time(s) 0.0884 | RobustPrompt-I Loss nan  
Epoch 004 |  Time(s) 0.0883 | RobustPrompt-I Loss nan  
Epoch 005 |  Time(s) 0.0879 | RobustPrompt-I Loss nan  
Epoch 006 |  Time(s) 0.0888 | RobustPrompt-I Loss nan  
Epoch 007 |  Time(s) 0.0884 | RobustPrompt-I Loss nan  
Epoch 008 |  Time(s) 0.0881 | RobustPrompt-I Loss nan  
Epoch 009 |  Time(s) 0.0882 | RobustPrompt-I Loss nan  
Epoch 010 |  Time(s) 0.0877 | RobustPrompt-I Loss nan  
Epoch 011 |  Time(s) 0.0881 | RobustPrompt-I Loss nan  
Epoch 012 |  Time(s) 0.0874 | RobustPrompt-I Loss nan  
Epoch 013 |  Time(s) 0.0872 | RobustPrompt-I Loss nan  
Epoch 014 |  Time(s) 0.0873 | RobustPrompt-I Loss nan  
Epoch 015 |  Time(s) 0.0881 | RobustPrompt-I Loss nan  
Epoch 016 |  Time(s) 0.0882 | RobustPrompt-I Loss nan  
Epoch 017 |  Time(s) 0.0873 | RobustPrompt-I Loss nan  
Epoch 018 |  Time(s) 0.0877 | RobustPrompt-I Loss nan  
Epoch 019 |  Time(s) 0.0872 | RobustPrompt-I Loss nan  
Epoch 020 |  Time(s) 0.0874 | RobustPrompt-I Loss nan  
Epoch 021 |  Time(s) 0.0877 | RobustPrompt-I Loss nan  
----------------------------------------------------------------------------------------------------
Early stopping at 22 eopch!
{1: {1: nan}, 2: {1: nan}, 3: {1: nan}, 4: {1: nan}, 5: {1: nan}}
{1: {1: nan, 2: nan, 3: nan, 4: nan, 5: nan}}
########################################################################################
seed: 1 | split 1 : nan
# Seed 1 Muti Split Final Acc: nan±nan
seed: 2 | split 1 : nan
# Seed 2 Muti Split Final Acc: nan±nan
seed: 3 | split 1 : nan
# Seed 3 Muti Split Final Acc: nan±nan
seed: 4 | split 1 : nan
# Seed 4 Muti Split Final Acc: nan±nan
seed: 5 | split 1 : nan
# Seed 5 Muti Split Final Acc: nan±nan
########################################################################################
split: 1 | seed 1 : nan
split: 1 | seed 2 : nan
split: 1 | seed 3 : nan
split: 1 | seed 4 : nan
split: 1 | seed 5 : nan
# Split 1 Muti Seed Acc without min value: nan±nan
########################################################################################
Done sim=0.4, ptb=0.0, end=2026-06-08 22:57:36, duration=00:01:00
