Start sim=0.2, ptb=0.0, time=2026-06-08 22:54:16, log=logs/RobustPrompt-I/ft_sim0.2_0.0_20260608_225416.log
load LLC or attacked data with specified split
Successfully loaded the attack of dataname with few shot 5, split 1
Attack method : Meta_Self | Attack ptb : 0.0 | Dataset: Cora
======================
Number of graphs: 1
Number of features: 1433
Number of classes: 7

Data(x=[2708, 1433], edge_index=[2, 13264], y=[2708], train_mask=[2708], val_mask=[2708], test_mask=[2708])
===========================================================================================================
Number of nodes: 2708
Number of edges: 13264
Average node degree: 4.90
Has isolated nodes: False
Has self-loops: True
Is undirected: True
GCN(
  (conv_layers): ModuleList(
    (0): GCNConv(1433, 256)
    (1): GCNConv(256, 256)
  )
)
Successfully loaded pre-trained weights!
use RobustPrompt Inductive
defense pt dict :  {'sim_pt': 0.2, 'degree_pt': -1, 'out_detect_pt': -1.0, 'other_pt': 'all'}
use_attention :  False
kl_global :  False
cosine_constraint :  True
pt_threshold :  0.25
filter_module :  OriginalFilter
temperature :  1.0
weight_mse 0.1
weight_kl :  0.1
weight_constraint :  0.0
prepare induce graph data is finished!
run RobustPrompt-I
Epoch 001 |  Time(s) 0.3879 | RobustPrompt-I Loss 1.9439  
Epoch 002 |  Time(s) 0.0805 | RobustPrompt-I Loss 1.9406  
Epoch 003 |  Time(s) 0.0830 | RobustPrompt-I Loss 1.9405  
Epoch 004 |  Time(s) 0.0811 | RobustPrompt-I Loss 1.9273  
Epoch 005 |  Time(s) 0.0770 | RobustPrompt-I Loss 1.9152  
Epoch 006 |  Time(s) 0.0799 | RobustPrompt-I Loss nan  
Epoch 007 |  Time(s) 0.0744 | RobustPrompt-I Loss nan  
Epoch 008 |  Time(s) 0.0823 | RobustPrompt-I Loss nan  
Epoch 009 |  Time(s) 0.0773 | RobustPrompt-I Loss nan  
Epoch 010 |  Time(s) 0.0769 | RobustPrompt-I Loss nan  
Epoch 011 |  Time(s) 0.0808 | RobustPrompt-I Loss nan  
Epoch 012 |  Time(s) 0.0779 | RobustPrompt-I Loss nan  
Epoch 013 |  Time(s) 0.0805 | RobustPrompt-I Loss nan  
Epoch 014 |  Time(s) 0.0762 | RobustPrompt-I Loss nan  
Epoch 015 |  Time(s) 0.0744 | RobustPrompt-I Loss nan  
Epoch 016 |  Time(s) 0.0750 | RobustPrompt-I Loss nan  
Epoch 017 |  Time(s) 0.0756 | RobustPrompt-I Loss nan  
Epoch 018 |  Time(s) 0.0745 | RobustPrompt-I Loss nan  
Epoch 019 |  Time(s) 0.1674 | RobustPrompt-I Loss nan  
Epoch 020 |  Time(s) 0.2155 | RobustPrompt-I Loss nan  
Epoch 021 |  Time(s) 0.0839 | RobustPrompt-I Loss nan  
Epoch 022 |  Time(s) 0.0838 | RobustPrompt-I Loss nan  
Epoch 023 |  Time(s) 0.0756 | RobustPrompt-I Loss nan  
Epoch 024 |  Time(s) 0.1176 | RobustPrompt-I Loss nan  
----------------------------------------------------------------------------------------------------
Early stopping at 25 eopch!
load LLC or attacked data with specified split
Successfully loaded the attack of dataname with few shot 5, split 1
Attack method : Meta_Self | Attack ptb : 0.0 | Dataset: Cora
======================
Number of graphs: 1
Number of features: 1433
Number of classes: 7

Data(x=[2708, 1433], edge_index=[2, 13264], y=[2708], train_mask=[2708], val_mask=[2708], test_mask=[2708])
===========================================================================================================
Number of nodes: 2708
Number of edges: 13264
Average node degree: 4.90
Has isolated nodes: False
Has self-loops: True
Is undirected: True
GCN(
  (conv_layers): ModuleList(
    (0): GCNConv(1433, 256)
    (1): GCNConv(256, 256)
  )
)
Successfully loaded pre-trained weights!
use RobustPrompt Inductive
defense pt dict :  {'sim_pt': 0.2, 'degree_pt': -1, 'out_detect_pt': -1.0, 'other_pt': 'all'}
use_attention :  False
kl_global :  False
cosine_constraint :  True
pt_threshold :  0.25
filter_module :  OriginalFilter
temperature :  1.0
weight_mse 0.1
weight_kl :  0.1
weight_constraint :  0.0
prepare induce graph data is finished!
run RobustPrompt-I
Epoch 001 |  Time(s) 0.0950 | RobustPrompt-I Loss 1.9466  
Epoch 002 |  Time(s) 0.0843 | RobustPrompt-I Loss 1.9416  
Epoch 003 |  Time(s) 0.0796 | RobustPrompt-I Loss 1.9351  
Epoch 004 |  Time(s) 0.0796 | RobustPrompt-I Loss 1.9261  
Epoch 005 |  Time(s) 0.0794 | RobustPrompt-I Loss 1.9163  
Epoch 006 |  Time(s) 0.0794 | RobustPrompt-I Loss 1.9020  
Epoch 007 |  Time(s) 0.0804 | RobustPrompt-I Loss 1.8860  
Epoch 008 |  Time(s) 0.0797 | RobustPrompt-I Loss 1.8748  
Epoch 009 |  Time(s) 0.0803 | RobustPrompt-I Loss 1.8488  
Epoch 010 |  Time(s) 0.0798 | RobustPrompt-I Loss 1.8350  
Epoch 011 |  Time(s) 0.0798 | RobustPrompt-I Loss 1.8246  
Epoch 012 |  Time(s) 0.0790 | RobustPrompt-I Loss 1.7775  
Epoch 013 |  Time(s) 0.0794 | RobustPrompt-I Loss 1.7578  
Epoch 014 |  Time(s) 0.0832 | RobustPrompt-I Loss 1.7262  
Epoch 015 |  Time(s) 0.0799 | RobustPrompt-I Loss 1.7134  
Epoch 016 |  Time(s) 0.1679 | RobustPrompt-I Loss 1.6670  
Epoch 017 |  Time(s) 0.1262 | RobustPrompt-I Loss 1.6710  
Epoch 018 |  Time(s) 0.0905 | RobustPrompt-I Loss 1.6419  
Epoch 019 |  Time(s) 0.0827 | RobustPrompt-I Loss 1.6564  
Epoch 020 |  Time(s) 0.0882 | RobustPrompt-I Loss 1.6529  
Epoch 021 |  Time(s) 0.0819 | RobustPrompt-I Loss 1.5804  
Epoch 022 |  Time(s) 0.0783 | RobustPrompt-I Loss 1.6914  
Epoch 023 |  Time(s) 0.0789 | RobustPrompt-I Loss 1.5895  
Epoch 024 |  Time(s) 0.0784 | RobustPrompt-I Loss 1.6452  
Epoch 025 |  Time(s) 0.0787 | RobustPrompt-I Loss 1.6673  
Epoch 026 |  Time(s) 0.0780 | RobustPrompt-I Loss 1.5279  
Epoch 027 |  Time(s) 0.0780 | RobustPrompt-I Loss 1.6905  
Epoch 028 |  Time(s) 0.0770 | RobustPrompt-I Loss 1.6225  
Epoch 029 |  Time(s) 0.0763 | RobustPrompt-I Loss 1.5487  
Epoch 030 |  Time(s) 0.0782 | RobustPrompt-I Loss 1.5561  
Epoch 031 |  Time(s) 0.0799 | RobustPrompt-I Loss 1.5424  
Epoch 032 |  Time(s) 0.0781 | RobustPrompt-I Loss 1.5326  
Epoch 033 |  Time(s) 0.0786 | RobustPrompt-I Loss 1.5561  
Epoch 034 |  Time(s) 0.0774 | RobustPrompt-I Loss 1.5290  
Epoch 035 |  Time(s) 0.0771 | RobustPrompt-I Loss 1.4914  
Epoch 036 |  Time(s) 0.0776 | RobustPrompt-I Loss 1.4924  
Epoch 037 |  Time(s) 0.0766 | RobustPrompt-I Loss 1.4715  
Epoch 038 |  Time(s) 0.0801 | RobustPrompt-I Loss 1.4642  
Epoch 039 |  Time(s) 0.0784 | RobustPrompt-I Loss 1.4671  
Epoch 040 |  Time(s) 0.0813 | RobustPrompt-I Loss 1.4517  
Epoch 041 |  Time(s) 0.0781 | RobustPrompt-I Loss 1.4413  
Epoch 042 |  Time(s) 0.0777 | RobustPrompt-I Loss 1.4502  
Epoch 043 |  Time(s) 0.0780 | RobustPrompt-I Loss 1.4273  
Epoch 044 |  Time(s) 0.0775 | RobustPrompt-I Loss 1.4175  
Epoch 045 |  Time(s) 0.0778 | RobustPrompt-I Loss 1.4231  
Epoch 046 |  Time(s) 0.0770 | RobustPrompt-I Loss 1.4005  
Epoch 047 |  Time(s) 0.0778 | RobustPrompt-I Loss 1.4030  
Epoch 048 |  Time(s) 0.0792 | RobustPrompt-I Loss 1.3952  
Epoch 049 |  Time(s) 0.0772 | RobustPrompt-I Loss 1.3820  
Epoch 050 |  Time(s) 0.0768 | RobustPrompt-I Loss 1.3731  
Epoch 051 |  Time(s) 0.0774 | RobustPrompt-I Loss 1.3697  
Epoch 052 |  Time(s) 0.0778 | RobustPrompt-I Loss 1.3597  
Epoch 053 |  Time(s) 0.0759 | RobustPrompt-I Loss 1.3436  
Epoch 054 |  Time(s) 0.0771 | RobustPrompt-I Loss 1.3316  
Epoch 055 |  Time(s) 0.0774 | RobustPrompt-I Loss 1.3287  
Epoch 056 |  Time(s) 0.0771 | RobustPrompt-I Loss 1.3249  
Epoch 057 |  Time(s) 0.0805 | RobustPrompt-I Loss 1.2933  
Epoch 058 |  Time(s) 0.1474 | RobustPrompt-I Loss 1.2838  
Epoch 059 |  Time(s) 0.1565 | RobustPrompt-I Loss 1.2848  
Epoch 060 |  Time(s) 0.0881 | RobustPrompt-I Loss 1.2729  
Epoch 061 |  Time(s) 0.0840 | RobustPrompt-I Loss 1.2439  
Epoch 062 |  Time(s) 0.0774 | RobustPrompt-I Loss 1.2332  
Epoch 063 |  Time(s) 0.1202 | RobustPrompt-I Loss 1.2341  
Epoch 064 |  Time(s) 0.0838 | RobustPrompt-I Loss 1.2102  
Epoch 065 |  Time(s) 0.0807 | RobustPrompt-I Loss 1.1917  
Epoch 066 |  Time(s) 0.0849 | RobustPrompt-I Loss 1.2057  
Epoch 067 |  Time(s) 0.0863 | RobustPrompt-I Loss 1.1641  
Epoch 068 |  Time(s) 0.0782 | RobustPrompt-I Loss 1.1657  
Epoch 069 |  Time(s) 0.0774 | RobustPrompt-I Loss 1.1849  
Epoch 070 |  Time(s) 0.0769 | RobustPrompt-I Loss 1.1324  
Epoch 071 |  Time(s) 0.0772 | RobustPrompt-I Loss 1.3253  
Epoch 072 |  Time(s) 0.0766 | RobustPrompt-I Loss 1.3198  
Epoch 073 |  Time(s) 0.0774 | RobustPrompt-I Loss 1.0919  
Epoch 074 |  Time(s) 0.0766 | RobustPrompt-I Loss 1.1968  
Epoch 075 |  Time(s) 0.1154 | RobustPrompt-I Loss 1.1747  
Epoch 076 |  Time(s) 0.0977 | RobustPrompt-I Loss 1.0629  
Epoch 077 |  Time(s) 0.0812 | RobustPrompt-I Loss 1.1468  
Epoch 078 |  Time(s) 0.0866 | RobustPrompt-I Loss 1.0828  
Epoch 079 |  Time(s) 0.0851 | RobustPrompt-I Loss 1.0958  
Epoch 080 |  Time(s) 0.0838 | RobustPrompt-I Loss 1.1154  
Epoch 081 |  Time(s) 0.0827 | RobustPrompt-I Loss 1.0582  
Epoch 082 |  Time(s) 0.0766 | RobustPrompt-I Loss 1.0634  
Epoch 083 |  Time(s) 0.0768 | RobustPrompt-I Loss 1.0507  
Epoch 084 |  Time(s) 0.0768 | RobustPrompt-I Loss 1.0216  
Epoch 085 |  Time(s) 0.0771 | RobustPrompt-I Loss 1.0380  
Epoch 086 |  Time(s) 0.0763 | RobustPrompt-I Loss 1.0127  
Epoch 087 |  Time(s) 0.0764 | RobustPrompt-I Loss 0.9931  
Epoch 088 |  Time(s) 0.0766 | RobustPrompt-I Loss 1.0155  
Epoch 089 |  Time(s) 0.0772 | RobustPrompt-I Loss 0.9907  
Epoch 090 |  Time(s) 0.0772 | RobustPrompt-I Loss 1.0354  
Epoch 091 |  Time(s) 0.0773 | RobustPrompt-I Loss 0.9829  
Epoch 092 |  Time(s) 0.0791 | RobustPrompt-I Loss 0.9496  
Epoch 093 |  Time(s) 0.0783 | RobustPrompt-I Loss 0.9929  
Epoch 094 |  Time(s) 0.0793 | RobustPrompt-I Loss 0.9407  
Epoch 095 |  Time(s) 0.0785 | RobustPrompt-I Loss 1.0241  
Epoch 096 |  Time(s) 0.0793 | RobustPrompt-I Loss 1.0378  
Epoch 097 |  Time(s) 0.0792 | RobustPrompt-I Loss 0.9478  
Epoch 098 |  Time(s) 0.0786 | RobustPrompt-I Loss 0.9577  
Epoch 099 |  Time(s) 0.0783 | RobustPrompt-I Loss 0.9990  
Epoch 100 |  Time(s) 0.0779 | RobustPrompt-I Loss nan  
Epoch 101 |  Time(s) 0.0784 | RobustPrompt-I Loss nan  
Epoch 102 |  Time(s) 0.0780 | RobustPrompt-I Loss nan  
Epoch 103 |  Time(s) 0.0781 | RobustPrompt-I Loss nan  
Epoch 104 |  Time(s) 0.0779 | RobustPrompt-I Loss nan  
Epoch 105 |  Time(s) 0.0789 | RobustPrompt-I Loss nan  
Epoch 106 |  Time(s) 0.0780 | RobustPrompt-I Loss nan  
Epoch 107 |  Time(s) 0.0782 | RobustPrompt-I Loss nan  
Epoch 108 |  Time(s) 0.0786 | RobustPrompt-I Loss nan  
Epoch 109 |  Time(s) 0.0791 | RobustPrompt-I Loss nan  
Epoch 110 |  Time(s) 0.0787 | RobustPrompt-I Loss nan  
Epoch 111 |  Time(s) 0.0780 | RobustPrompt-I Loss nan  
Epoch 112 |  Time(s) 0.0795 | RobustPrompt-I Loss nan  
Epoch 113 |  Time(s) 0.0791 | RobustPrompt-I Loss nan  
----------------------------------------------------------------------------------------------------
Early stopping at 114 eopch!
load LLC or attacked data with specified split
Successfully loaded the attack of dataname with few shot 5, split 1
Attack method : Meta_Self | Attack ptb : 0.0 | Dataset: Cora
======================
Number of graphs: 1
Number of features: 1433
Number of classes: 7

Data(x=[2708, 1433], edge_index=[2, 13264], y=[2708], train_mask=[2708], val_mask=[2708], test_mask=[2708])
===========================================================================================================
Number of nodes: 2708
Number of edges: 13264
Average node degree: 4.90
Has isolated nodes: False
Has self-loops: True
Is undirected: True
GCN(
  (conv_layers): ModuleList(
    (0): GCNConv(1433, 256)
    (1): GCNConv(256, 256)
  )
)
Successfully loaded pre-trained weights!
use RobustPrompt Inductive
defense pt dict :  {'sim_pt': 0.2, 'degree_pt': -1, 'out_detect_pt': -1.0, 'other_pt': 'all'}
use_attention :  False
kl_global :  False
cosine_constraint :  True
pt_threshold :  0.25
filter_module :  OriginalFilter
temperature :  1.0
weight_mse 0.1
weight_kl :  0.1
weight_constraint :  0.0
prepare induce graph data is finished!
run RobustPrompt-I
Epoch 001 |  Time(s) 0.0874 | RobustPrompt-I Loss 1.9475  
Epoch 002 |  Time(s) 0.0904 | RobustPrompt-I Loss 1.9455  
Epoch 003 |  Time(s) 0.0894 | RobustPrompt-I Loss 1.9373  
Epoch 004 |  Time(s) 0.0787 | RobustPrompt-I Loss 1.9318  
Epoch 005 |  Time(s) 0.0726 | RobustPrompt-I Loss 1.9240  
Epoch 006 |  Time(s) 0.0760 | RobustPrompt-I Loss 1.9146  
Epoch 007 |  Time(s) 0.0846 | RobustPrompt-I Loss 1.9126  
Epoch 008 |  Time(s) 0.0776 | RobustPrompt-I Loss 1.8997  
Epoch 009 |  Time(s) 0.0783 | RobustPrompt-I Loss 1.8874  
Epoch 010 |  Time(s) 0.0773 | RobustPrompt-I Loss 1.8665  
Epoch 011 |  Time(s) 0.0772 | RobustPrompt-I Loss 1.8520  
Epoch 012 |  Time(s) 0.0772 | RobustPrompt-I Loss 1.8267  
Epoch 013 |  Time(s) 0.0778 | RobustPrompt-I Loss 1.8065  
Epoch 014 |  Time(s) 0.0781 | RobustPrompt-I Loss 1.7781  
Epoch 015 |  Time(s) 0.0784 | RobustPrompt-I Loss 1.7606  
Epoch 016 |  Time(s) 0.0780 | RobustPrompt-I Loss 1.7345  
Epoch 017 |  Time(s) 0.0779 | RobustPrompt-I Loss 1.7330  
Epoch 018 |  Time(s) 0.0933 | RobustPrompt-I Loss 1.6751  
Epoch 019 |  Time(s) 0.0862 | RobustPrompt-I Loss 1.6473  
Epoch 020 |  Time(s) 0.0775 | RobustPrompt-I Loss 1.6658  
Epoch 021 |  Time(s) 0.0781 | RobustPrompt-I Loss 1.6010  
Epoch 022 |  Time(s) 0.0780 | RobustPrompt-I Loss 1.6090  
Epoch 023 |  Time(s) 0.0785 | RobustPrompt-I Loss 1.6383  
Epoch 024 |  Time(s) 0.0794 | RobustPrompt-I Loss 1.5613  
Epoch 025 |  Time(s) 0.0809 | RobustPrompt-I Loss 1.5705  
Epoch 026 |  Time(s) 0.0786 | RobustPrompt-I Loss 1.5296  
Epoch 027 |  Time(s) 0.0773 | RobustPrompt-I Loss 1.5513  
Epoch 028 |  Time(s) 0.0788 | RobustPrompt-I Loss 1.5379  
Epoch 029 |  Time(s) 0.0775 | RobustPrompt-I Loss 1.4815  
Epoch 030 |  Time(s) 0.0784 | RobustPrompt-I Loss 1.5844  
Epoch 031 |  Time(s) 0.0781 | RobustPrompt-I Loss 1.5086  
Epoch 032 |  Time(s) 0.0785 | RobustPrompt-I Loss 1.5248  
Epoch 033 |  Time(s) 0.0775 | RobustPrompt-I Loss 1.5417  
Epoch 034 |  Time(s) 0.0777 | RobustPrompt-I Loss 1.4684  
Epoch 035 |  Time(s) 0.0782 | RobustPrompt-I Loss 1.4968  
Epoch 036 |  Time(s) 0.0790 | RobustPrompt-I Loss 1.5164  
Epoch 037 |  Time(s) 0.0780 | RobustPrompt-I Loss 1.4195  
Epoch 038 |  Time(s) 0.0784 | RobustPrompt-I Loss 1.5031  
Epoch 039 |  Time(s) 0.0780 | RobustPrompt-I Loss 1.5202  
Epoch 040 |  Time(s) 0.0774 | RobustPrompt-I Loss 1.3989  
Epoch 041 |  Time(s) 0.0780 | RobustPrompt-I Loss 1.5227  
Epoch 042 |  Time(s) 0.0788 | RobustPrompt-I Loss 1.5721  
Epoch 043 |  Time(s) 0.0777 | RobustPrompt-I Loss 1.4463  
Epoch 044 |  Time(s) 0.0786 | RobustPrompt-I Loss 1.4043  
Epoch 045 |  Time(s) 0.0779 | RobustPrompt-I Loss 1.5069  
Epoch 046 |  Time(s) 0.0785 | RobustPrompt-I Loss 1.5458  
Epoch 047 |  Time(s) 0.0783 | RobustPrompt-I Loss 1.3933  
Epoch 048 |  Time(s) 0.0785 | RobustPrompt-I Loss 1.6060  
Epoch 049 |  Time(s) 0.0786 | RobustPrompt-I Loss 1.5638  
Epoch 050 |  Time(s) 0.0778 | RobustPrompt-I Loss 1.5046  
Epoch 051 |  Time(s) 0.0834 | RobustPrompt-I Loss 1.4973  
Epoch 052 |  Time(s) 0.0778 | RobustPrompt-I Loss 1.3568  
Epoch 053 |  Time(s) 0.0787 | RobustPrompt-I Loss 1.4670  
Epoch 054 |  Time(s) 0.1165 | RobustPrompt-I Loss 1.5076  
Epoch 055 |  Time(s) 0.1000 | RobustPrompt-I Loss 1.4866  
Epoch 056 |  Time(s) 0.0882 | RobustPrompt-I Loss 1.4132  
Epoch 057 |  Time(s) 0.0862 | RobustPrompt-I Loss 1.3859  
Epoch 058 |  Time(s) 0.0780 | RobustPrompt-I Loss 1.3319  
Epoch 059 |  Time(s) 0.0786 | RobustPrompt-I Loss 1.4339  
Epoch 060 |  Time(s) 0.0802 | RobustPrompt-I Loss 1.4533  
Epoch 061 |  Time(s) 0.0793 | RobustPrompt-I Loss 1.3889  
Epoch 062 |  Time(s) 0.0816 | RobustPrompt-I Loss 1.3730  
Epoch 063 |  Time(s) 0.0790 | RobustPrompt-I Loss 1.3195  
Epoch 064 |  Time(s) 0.0783 | RobustPrompt-I Loss 1.3393  
Epoch 065 |  Time(s) 0.0788 | RobustPrompt-I Loss 1.3595  
Epoch 066 |  Time(s) 0.0781 | RobustPrompt-I Loss 1.3353  
Epoch 067 |  Time(s) 0.0780 | RobustPrompt-I Loss 1.3270  
Epoch 068 |  Time(s) 0.0804 | RobustPrompt-I Loss 1.2803  
Epoch 069 |  Time(s) 0.0793 | RobustPrompt-I Loss 1.2811  
Epoch 070 |  Time(s) 0.0788 | RobustPrompt-I Loss 1.2906  
Epoch 071 |  Time(s) 0.0788 | RobustPrompt-I Loss 1.2669  
Epoch 072 |  Time(s) 0.0782 | RobustPrompt-I Loss 1.2756  
Epoch 073 |  Time(s) 0.0797 | RobustPrompt-I Loss 1.2321  
Epoch 074 |  Time(s) 0.0800 | RobustPrompt-I Loss 1.3203  
Epoch 075 |  Time(s) 0.0788 | RobustPrompt-I Loss 1.3339  
Epoch 076 |  Time(s) 0.0832 | RobustPrompt-I Loss 1.2239  
Epoch 077 |  Time(s) 0.0883 | RobustPrompt-I Loss 1.2255  
Epoch 078 |  Time(s) 0.0806 | RobustPrompt-I Loss 1.1741  
Epoch 079 |  Time(s) 0.0836 | RobustPrompt-I Loss 1.1795  
Epoch 080 |  Time(s) 0.0800 | RobustPrompt-I Loss 1.2148  
Epoch 081 |  Time(s) 0.0809 | RobustPrompt-I Loss 1.1761  
Epoch 082 |  Time(s) 0.0829 | RobustPrompt-I Loss 1.2380  
Epoch 083 |  Time(s) 0.0844 | RobustPrompt-I Loss 1.2257  
Epoch 084 |  Time(s) 0.0833 | RobustPrompt-I Loss 1.1903  
Epoch 085 |  Time(s) 0.0801 | RobustPrompt-I Loss 1.2219  
Epoch 086 |  Time(s) 0.0812 | RobustPrompt-I Loss 1.1613  
Epoch 087 |  Time(s) 0.0835 | RobustPrompt-I Loss 1.1838  
Epoch 088 |  Time(s) 0.0927 | RobustPrompt-I Loss 1.1589  
Epoch 089 |  Time(s) 0.0881 | RobustPrompt-I Loss 1.1162  
Epoch 090 |  Time(s) 0.0785 | RobustPrompt-I Loss 1.2006  
Epoch 091 |  Time(s) 0.0808 | RobustPrompt-I Loss 1.1732  
Epoch 092 |  Time(s) 0.0782 | RobustPrompt-I Loss 1.0825  
Epoch 093 |  Time(s) 0.0786 | RobustPrompt-I Loss 1.0900  
Epoch 094 |  Time(s) 0.0795 | RobustPrompt-I Loss 1.0757  
Epoch 095 |  Time(s) 0.0783 | RobustPrompt-I Loss 1.0548  
Epoch 096 |  Time(s) 0.0790 | RobustPrompt-I Loss 1.1252  
Epoch 097 |  Time(s) 0.1168 | RobustPrompt-I Loss 1.0752  
Epoch 098 |  Time(s) 0.0789 | RobustPrompt-I Loss 1.0659  
Epoch 099 |  Time(s) 0.0814 | RobustPrompt-I Loss 1.0658  
Epoch 100 |  Time(s) 0.0792 | RobustPrompt-I Loss 1.0283  
Epoch 101 |  Time(s) 0.0793 | RobustPrompt-I Loss 1.0073  
Epoch 102 |  Time(s) 0.0785 | RobustPrompt-I Loss 1.0914  
Epoch 103 |  Time(s) 0.0795 | RobustPrompt-I Loss 1.0835  
Epoch 104 |  Time(s) 0.0778 | RobustPrompt-I Loss 0.9929  
Epoch 105 |  Time(s) 0.0793 | RobustPrompt-I Loss 0.9932  
Epoch 106 |  Time(s) 0.0792 | RobustPrompt-I Loss 0.9957  
Epoch 107 |  Time(s) 0.0790 | RobustPrompt-I Loss 0.9780  
Epoch 108 |  Time(s) 0.0789 | RobustPrompt-I Loss 1.0381  
Epoch 109 |  Time(s) 0.0790 | RobustPrompt-I Loss 1.0151  
Epoch 110 |  Time(s) 0.0795 | RobustPrompt-I Loss 1.0235  
Epoch 111 |  Time(s) 0.0790 | RobustPrompt-I Loss 1.0179  
Epoch 112 |  Time(s) 0.0797 | RobustPrompt-I Loss 0.9274  
Epoch 113 |  Time(s) 0.0781 | RobustPrompt-I Loss 0.9394  
Epoch 114 |  Time(s) 0.0788 | RobustPrompt-I Loss 0.9294  
Epoch 115 |  Time(s) 0.0780 | RobustPrompt-I Loss 0.9047  
Epoch 116 |  Time(s) 0.0784 | RobustPrompt-I Loss 0.9222  
Epoch 117 |  Time(s) 0.0791 | RobustPrompt-I Loss 0.8864  
Epoch 118 |  Time(s) 0.0784 | RobustPrompt-I Loss 0.8778  
Epoch 119 |  Time(s) 0.0785 | RobustPrompt-I Loss 0.8856  
Epoch 120 |  Time(s) 0.0782 | RobustPrompt-I Loss 0.8730  
Epoch 121 |  Time(s) 0.0792 | RobustPrompt-I Loss 0.8559  
Epoch 122 |  Time(s) 0.0789 | RobustPrompt-I Loss 0.8549  
Epoch 123 |  Time(s) 0.0793 | RobustPrompt-I Loss 0.8623  
Epoch 124 |  Time(s) 0.0801 | RobustPrompt-I Loss 0.8284  
Epoch 125 |  Time(s) 0.0791 | RobustPrompt-I Loss 0.8872  
Epoch 126 |  Time(s) 0.0797 | RobustPrompt-I Loss 0.8490  
Epoch 127 |  Time(s) 0.0783 | RobustPrompt-I Loss 0.8711  
Epoch 128 |  Time(s) 0.0795 | RobustPrompt-I Loss 0.8706  
Epoch 129 |  Time(s) 0.0787 | RobustPrompt-I Loss 0.8037  
Epoch 130 |  Time(s) 0.0789 | RobustPrompt-I Loss 0.7901  
Epoch 131 |  Time(s) 0.0804 | RobustPrompt-I Loss 0.8722  
Epoch 132 |  Time(s) 0.0781 | RobustPrompt-I Loss 0.8323  
Epoch 133 |  Time(s) 0.0780 | RobustPrompt-I Loss 0.8064  
Epoch 134 |  Time(s) 0.0787 | RobustPrompt-I Loss 0.8049  
Epoch 135 |  Time(s) 0.0791 | RobustPrompt-I Loss 0.7857  
Epoch 136 |  Time(s) 0.0781 | RobustPrompt-I Loss 0.7699  
Epoch 137 |  Time(s) 0.0818 | RobustPrompt-I Loss 0.8328  
Epoch 138 |  Time(s) 0.0788 | RobustPrompt-I Loss 0.8299  
Epoch 139 |  Time(s) 0.0791 | RobustPrompt-I Loss 0.7502  
Epoch 140 |  Time(s) 0.0782 | RobustPrompt-I Loss 0.7699  
Epoch 141 |  Time(s) 0.0790 | RobustPrompt-I Loss 0.7456  
Epoch 142 |  Time(s) 0.0787 | RobustPrompt-I Loss 0.7395  
Epoch 143 |  Time(s) 0.0793 | RobustPrompt-I Loss 0.7593  
Epoch 144 |  Time(s) 0.0788 | RobustPrompt-I Loss 0.7262  
Epoch 145 |  Time(s) 0.0789 | RobustPrompt-I Loss 0.8169  
Epoch 146 |  Time(s) 0.0785 | RobustPrompt-I Loss 0.7706  
Epoch 147 |  Time(s) 0.0790 | RobustPrompt-I Loss 0.7560  
Epoch 148 |  Time(s) 0.0785 | RobustPrompt-I Loss 0.7633  
Epoch 149 |  Time(s) 0.0789 | RobustPrompt-I Loss 0.7211  
Epoch 150 |  Time(s) 0.0823 | RobustPrompt-I Loss 0.7081  
Epoch 151 |  Time(s) 0.0788 | RobustPrompt-I Loss 0.8231  
Epoch 152 |  Time(s) 0.0789 | RobustPrompt-I Loss 0.8196  
Epoch 153 |  Time(s) 0.1129 | RobustPrompt-I Loss 0.6967  
Epoch 154 |  Time(s) 0.0820 | RobustPrompt-I Loss 0.7384  
Epoch 155 |  Time(s) 0.0821 | RobustPrompt-I Loss 0.7002  
Epoch 156 |  Time(s) 0.0853 | RobustPrompt-I Loss 0.7578  
Epoch 157 |  Time(s) 0.0789 | RobustPrompt-I Loss 0.7453  
Epoch 158 |  Time(s) 0.0802 | RobustPrompt-I Loss nan  
Epoch 159 |  Time(s) 0.0782 | RobustPrompt-I Loss nan  
Epoch 160 |  Time(s) 0.0790 | RobustPrompt-I Loss nan  
Epoch 161 |  Time(s) 0.0823 | RobustPrompt-I Loss nan  
Epoch 162 |  Time(s) 0.0802 | RobustPrompt-I Loss nan  
Epoch 163 |  Time(s) 0.0790 | RobustPrompt-I Loss nan  
Epoch 164 |  Time(s) 0.0803 | RobustPrompt-I Loss nan  
Epoch 165 |  Time(s) 0.0788 | RobustPrompt-I Loss nan  
Epoch 166 |  Time(s) 0.0786 | RobustPrompt-I Loss nan  
Epoch 167 |  Time(s) 0.0779 | RobustPrompt-I Loss nan  
Epoch 168 |  Time(s) 0.0779 | RobustPrompt-I Loss nan  
Epoch 169 |  Time(s) 0.0781 | RobustPrompt-I Loss nan  
Epoch 170 |  Time(s) 0.0787 | RobustPrompt-I Loss nan  
Epoch 171 |  Time(s) 0.0781 | RobustPrompt-I Loss nan  
Epoch 172 |  Time(s) 0.0779 | RobustPrompt-I Loss nan  
----------------------------------------------------------------------------------------------------
Early stopping at 173 eopch!
load LLC or attacked data with specified split
Successfully loaded the attack of dataname with few shot 5, split 1
Attack method : Meta_Self | Attack ptb : 0.0 | Dataset: Cora
======================
Number of graphs: 1
Number of features: 1433
Number of classes: 7

Data(x=[2708, 1433], edge_index=[2, 13264], y=[2708], train_mask=[2708], val_mask=[2708], test_mask=[2708])
===========================================================================================================
Number of nodes: 2708
Number of edges: 13264
Average node degree: 4.90
Has isolated nodes: False
Has self-loops: True
Is undirected: True
GCN(
  (conv_layers): ModuleList(
    (0): GCNConv(1433, 256)
    (1): GCNConv(256, 256)
  )
)
Successfully loaded pre-trained weights!
use RobustPrompt Inductive
defense pt dict :  {'sim_pt': 0.2, 'degree_pt': -1, 'out_detect_pt': -1.0, 'other_pt': 'all'}
use_attention :  False
kl_global :  False
cosine_constraint :  True
pt_threshold :  0.25
filter_module :  OriginalFilter
temperature :  1.0
weight_mse 0.1
weight_kl :  0.1
weight_constraint :  0.0
prepare induce graph data is finished!
run RobustPrompt-I
Epoch 001 |  Time(s) 0.0920 | RobustPrompt-I Loss 1.9410  
Epoch 002 |  Time(s) 0.0787 | RobustPrompt-I Loss 1.9424  
Epoch 003 |  Time(s) 0.0830 | RobustPrompt-I Loss 1.9298  
Epoch 004 |  Time(s) 0.0785 | RobustPrompt-I Loss 1.9181  
Epoch 005 |  Time(s) 0.0782 | RobustPrompt-I Loss 1.9013  
Epoch 006 |  Time(s) 0.0786 | RobustPrompt-I Loss 1.8939  
Epoch 007 |  Time(s) 0.0791 | RobustPrompt-I Loss 1.8820  
Epoch 008 |  Time(s) 0.0796 | RobustPrompt-I Loss 1.8669  
Epoch 009 |  Time(s) 0.0786 | RobustPrompt-I Loss 1.8563  
Epoch 010 |  Time(s) 0.0793 | RobustPrompt-I Loss 1.8216  
Epoch 011 |  Time(s) 0.0789 | RobustPrompt-I Loss 1.8106  
Epoch 012 |  Time(s) 0.0790 | RobustPrompt-I Loss 1.7796  
Epoch 013 |  Time(s) 0.0794 | RobustPrompt-I Loss 1.7636  
Epoch 014 |  Time(s) 0.0786 | RobustPrompt-I Loss 1.7807  
Epoch 015 |  Time(s) 0.0782 | RobustPrompt-I Loss 1.7264  
Epoch 016 |  Time(s) 0.0801 | RobustPrompt-I Loss 1.6970  
Epoch 017 |  Time(s) 0.1146 | RobustPrompt-I Loss 1.7023  
Epoch 018 |  Time(s) 0.0790 | RobustPrompt-I Loss 1.6728  
Epoch 019 |  Time(s) 0.0785 | RobustPrompt-I Loss 1.6446  
Epoch 020 |  Time(s) 0.0784 | RobustPrompt-I Loss 1.6360  
Epoch 021 |  Time(s) 0.0786 | RobustPrompt-I Loss 1.6432  
Epoch 022 |  Time(s) 0.0789 | RobustPrompt-I Loss 1.6138  
Epoch 023 |  Time(s) 0.0784 | RobustPrompt-I Loss 1.5898  
Epoch 024 |  Time(s) 0.0792 | RobustPrompt-I Loss 1.5757  
Epoch 025 |  Time(s) 0.0794 | RobustPrompt-I Loss 1.5475  
Epoch 026 |  Time(s) 0.0793 | RobustPrompt-I Loss 1.5448  
Epoch 027 |  Time(s) 0.0775 | RobustPrompt-I Loss 1.5295  
Epoch 028 |  Time(s) 0.0797 | RobustPrompt-I Loss 1.5166  
Epoch 029 |  Time(s) 0.0788 | RobustPrompt-I Loss 1.5109  
Epoch 030 |  Time(s) 0.0787 | RobustPrompt-I Loss 1.4963  
Epoch 031 |  Time(s) 0.0788 | RobustPrompt-I Loss 1.5286  
Epoch 032 |  Time(s) 0.0791 | RobustPrompt-I Loss 1.5390  
Epoch 033 |  Time(s) 0.0785 | RobustPrompt-I Loss 1.4714  
Epoch 034 |  Time(s) 0.0792 | RobustPrompt-I Loss 1.6754  
Epoch 035 |  Time(s) 0.0789 | RobustPrompt-I Loss 1.5803  
Epoch 036 |  Time(s) 0.0792 | RobustPrompt-I Loss 1.5614  
Epoch 037 |  Time(s) 0.0784 | RobustPrompt-I Loss 1.5100  
Epoch 038 |  Time(s) 0.0778 | RobustPrompt-I Loss 1.4950  
Epoch 039 |  Time(s) 0.0776 | RobustPrompt-I Loss 1.4818  
Epoch 040 |  Time(s) 0.0781 | RobustPrompt-I Loss 1.4903  
Epoch 041 |  Time(s) 0.0801 | RobustPrompt-I Loss 1.4686  
Epoch 042 |  Time(s) 0.0786 | RobustPrompt-I Loss 1.5224  
Epoch 043 |  Time(s) 0.0785 | RobustPrompt-I Loss 1.5295  
Epoch 044 |  Time(s) 0.0782 | RobustPrompt-I Loss 1.3939  
Epoch 045 |  Time(s) 0.0778 | RobustPrompt-I Loss 1.4095  
Epoch 046 |  Time(s) 0.0788 | RobustPrompt-I Loss 1.4263  
Epoch 047 |  Time(s) 0.0776 | RobustPrompt-I Loss 1.3748  
Epoch 048 |  Time(s) 0.0802 | RobustPrompt-I Loss 1.4505  
Epoch 049 |  Time(s) 0.0777 | RobustPrompt-I Loss 1.3914  
Epoch 050 |  Time(s) 0.0792 | RobustPrompt-I Loss 1.4749  
Epoch 051 |  Time(s) 0.0786 | RobustPrompt-I Loss 1.5109  
Epoch 052 |  Time(s) 0.0786 | RobustPrompt-I Loss 1.3454  
Epoch 053 |  Time(s) 0.0782 | RobustPrompt-I Loss 1.4350  
Epoch 054 |  Time(s) 0.0784 | RobustPrompt-I Loss 1.4154  
Epoch 055 |  Time(s) 0.0797 | RobustPrompt-I Loss 1.3728  
Epoch 056 |  Time(s) 0.0794 | RobustPrompt-I Loss 1.3916  
Epoch 057 |  Time(s) 0.0802 | RobustPrompt-I Loss 1.3873  
Epoch 058 |  Time(s) 0.0798 | RobustPrompt-I Loss 1.3465  
Epoch 059 |  Time(s) 0.0783 | RobustPrompt-I Loss 1.3247  
Epoch 060 |  Time(s) 0.0790 | RobustPrompt-I Loss 1.3351  
Epoch 061 |  Time(s) 0.0796 | RobustPrompt-I Loss 1.2772  
Epoch 062 |  Time(s) 0.0792 | RobustPrompt-I Loss 1.2893  
Epoch 063 |  Time(s) 0.0790 | RobustPrompt-I Loss 1.3169  
Epoch 064 |  Time(s) 0.0800 | RobustPrompt-I Loss 1.2665  
Epoch 065 |  Time(s) 0.0791 | RobustPrompt-I Loss 1.4200  
Epoch 066 |  Time(s) 0.0790 | RobustPrompt-I Loss 1.3805  
Epoch 067 |  Time(s) 0.0780 | RobustPrompt-I Loss 1.3017  
Epoch 068 |  Time(s) 0.0789 | RobustPrompt-I Loss 1.2942  
Epoch 069 |  Time(s) 0.0804 | RobustPrompt-I Loss 1.3252  
Epoch 070 |  Time(s) 0.0800 | RobustPrompt-I Loss 1.2703  
Epoch 071 |  Time(s) 0.0792 | RobustPrompt-I Loss 1.2857  
Epoch 072 |  Time(s) 0.0811 | RobustPrompt-I Loss 1.2634  
Epoch 073 |  Time(s) 0.0823 | RobustPrompt-I Loss 1.2472  
Epoch 074 |  Time(s) 0.0815 | RobustPrompt-I Loss 1.2300  
Epoch 075 |  Time(s) 0.0826 | RobustPrompt-I Loss 1.2548  
Epoch 076 |  Time(s) 0.0820 | RobustPrompt-I Loss 1.2395  
Epoch 077 |  Time(s) 0.0822 | RobustPrompt-I Loss 1.2197  
Epoch 078 |  Time(s) 0.0855 | RobustPrompt-I Loss 1.2319  
Epoch 079 |  Time(s) 0.1348 | RobustPrompt-I Loss 1.1946  
Epoch 080 |  Time(s) 0.0899 | RobustPrompt-I Loss 1.1826  
Epoch 081 |  Time(s) 0.0781 | RobustPrompt-I Loss 1.1788  
Epoch 082 |  Time(s) 0.0773 | RobustPrompt-I Loss 1.1738  
Epoch 083 |  Time(s) 0.0772 | RobustPrompt-I Loss 1.1656  
Epoch 084 |  Time(s) 0.0775 | RobustPrompt-I Loss 1.1492  
Epoch 085 |  Time(s) 0.0794 | RobustPrompt-I Loss 1.1637  
Epoch 086 |  Time(s) 0.1141 | RobustPrompt-I Loss 1.1214  
Epoch 087 |  Time(s) 0.1032 | RobustPrompt-I Loss 1.2900  
Epoch 088 |  Time(s) 0.0857 | RobustPrompt-I Loss 1.2958  
Epoch 089 |  Time(s) 0.0804 | RobustPrompt-I Loss 1.1108  
Epoch 090 |  Time(s) 0.1362 | RobustPrompt-I Loss 1.2844  
Epoch 091 |  Time(s) 0.2259 | RobustPrompt-I Loss 1.3286  
Epoch 092 |  Time(s) 0.1212 | RobustPrompt-I Loss 1.1227  
Epoch 093 |  Time(s) 0.2451 | RobustPrompt-I Loss 1.2425  
Epoch 094 |  Time(s) 0.2516 | RobustPrompt-I Loss 1.3732  
Epoch 095 |  Time(s) 0.1948 | RobustPrompt-I Loss 1.1705  
Epoch 096 |  Time(s) 0.1112 | RobustPrompt-I Loss 1.1918  
Epoch 097 |  Time(s) 0.1890 | RobustPrompt-I Loss 1.2813  
Epoch 098 |  Time(s) 0.0865 | RobustPrompt-I Loss 1.2018  
Epoch 099 |  Time(s) 0.2252 | RobustPrompt-I Loss 1.0771  
Epoch 100 |  Time(s) 0.0963 | RobustPrompt-I Loss 1.1612  
Epoch 101 |  Time(s) 0.0860 | RobustPrompt-I Loss 1.1332  
Epoch 102 |  Time(s) 0.0867 | RobustPrompt-I Loss 1.0791  
Epoch 103 |  Time(s) 0.0979 | RobustPrompt-I Loss 1.0969  
Epoch 104 |  Time(s) 0.0925 | RobustPrompt-I Loss 1.0978  
Epoch 105 |  Time(s) 0.0849 | RobustPrompt-I Loss 1.0684  
Epoch 106 |  Time(s) 0.0840 | RobustPrompt-I Loss 1.1107  
Epoch 107 |  Time(s) 0.0814 | RobustPrompt-I Loss 1.0818  
Epoch 108 |  Time(s) 0.0845 | RobustPrompt-I Loss 1.1125  
Epoch 109 |  Time(s) 0.0870 | RobustPrompt-I Loss 1.1225  
Epoch 110 |  Time(s) 0.0813 | RobustPrompt-I Loss 1.0281  
Epoch 111 |  Time(s) 0.0842 | RobustPrompt-I Loss 1.0575  
Epoch 112 |  Time(s) 0.0844 | RobustPrompt-I Loss 0.9929  
Epoch 113 |  Time(s) 0.0846 | RobustPrompt-I Loss 1.1982  
Epoch 114 |  Time(s) 0.0838 | RobustPrompt-I Loss 1.2449  
Epoch 115 |  Time(s) 0.0989 | RobustPrompt-I Loss 0.9955  
Epoch 116 |  Time(s) 0.0872 | RobustPrompt-I Loss 1.3480  
Epoch 117 |  Time(s) 0.0857 | RobustPrompt-I Loss 1.6323  
Epoch 118 |  Time(s) 0.0829 | RobustPrompt-I Loss 1.3787  
Epoch 119 |  Time(s) 0.0813 | RobustPrompt-I Loss 1.1354  
Epoch 120 |  Time(s) 0.0823 | RobustPrompt-I Loss 1.1450  
Epoch 121 |  Time(s) 0.0844 | RobustPrompt-I Loss 1.3533  
Epoch 122 |  Time(s) 0.0813 | RobustPrompt-I Loss 1.2502  
Epoch 123 |  Time(s) 0.2067 | RobustPrompt-I Loss 1.0929  
Epoch 124 |  Time(s) 0.1151 | RobustPrompt-I Loss 1.0571  
Epoch 125 |  Time(s) 0.0998 | RobustPrompt-I Loss 1.0985  
Epoch 126 |  Time(s) 0.0865 | RobustPrompt-I Loss 1.0612  
Epoch 127 |  Time(s) 0.0884 | RobustPrompt-I Loss 1.0360  
Epoch 128 |  Time(s) 0.0893 | RobustPrompt-I Loss 1.0029  
Epoch 129 |  Time(s) 0.0872 | RobustPrompt-I Loss 1.0128  
Epoch 130 |  Time(s) 0.0866 | RobustPrompt-I Loss 0.9231  
Epoch 131 |  Time(s) 0.0825 | RobustPrompt-I Loss 0.9963  
Epoch 132 |  Time(s) 0.0820 | RobustPrompt-I Loss 0.9318  
Epoch 133 |  Time(s) 0.0815 | RobustPrompt-I Loss 1.0589  
Epoch 134 |  Time(s) 0.0818 | RobustPrompt-I Loss 1.1126  
Epoch 135 |  Time(s) 0.1923 | RobustPrompt-I Loss 0.9552  
Epoch 136 |  Time(s) 0.0872 | RobustPrompt-I Loss 1.0238  
Epoch 137 |  Time(s) 0.0878 | RobustPrompt-I Loss 1.0596  
Epoch 138 |  Time(s) 0.0807 | RobustPrompt-I Loss 0.9875  
Epoch 139 |  Time(s) 0.0880 | RobustPrompt-I Loss 0.9514  
Epoch 140 |  Time(s) 0.0844 | RobustPrompt-I Loss 0.9522  
Epoch 141 |  Time(s) 0.0812 | RobustPrompt-I Loss 0.9528  
Epoch 142 |  Time(s) 0.0813 | RobustPrompt-I Loss 0.8989  
Epoch 143 |  Time(s) 0.0821 | RobustPrompt-I Loss 0.9448  
Epoch 144 |  Time(s) 0.0813 | RobustPrompt-I Loss 0.9413  
Epoch 145 |  Time(s) 0.0811 | RobustPrompt-I Loss 0.8900  
Epoch 146 |  Time(s) 0.0814 | RobustPrompt-I Loss 0.9528  
Epoch 147 |  Time(s) 0.0838 | RobustPrompt-I Loss 0.9179  
Epoch 148 |  Time(s) 0.1434 | RobustPrompt-I Loss 0.8964  
Epoch 149 |  Time(s) 0.0830 | RobustPrompt-I Loss 0.8811  
Epoch 150 |  Time(s) 0.0893 | RobustPrompt-I Loss 0.9344  
Epoch 151 |  Time(s) 0.1844 | RobustPrompt-I Loss 0.8924  
Epoch 152 |  Time(s) 0.1682 | RobustPrompt-I Loss 0.9066  
Epoch 153 |  Time(s) 0.0829 | RobustPrompt-I Loss 0.9069  
Epoch 154 |  Time(s) 0.0817 | RobustPrompt-I Loss 0.8770  
Epoch 155 |  Time(s) 0.0810 | RobustPrompt-I Loss 0.8522  
Epoch 156 |  Time(s) 0.0836 | RobustPrompt-I Loss 0.9343  
Epoch 157 |  Time(s) 0.0808 | RobustPrompt-I Loss 0.8834  
Epoch 158 |  Time(s) 0.0816 | RobustPrompt-I Loss 0.8752  
Epoch 159 |  Time(s) 0.0837 | RobustPrompt-I Loss 0.8714  
Epoch 160 |  Time(s) 0.0812 | RobustPrompt-I Loss 0.8430  
Epoch 161 |  Time(s) 0.0811 | RobustPrompt-I Loss 0.8157  
Epoch 162 |  Time(s) 0.0815 | RobustPrompt-I Loss 0.9410  
Epoch 163 |  Time(s) 0.0817 | RobustPrompt-I Loss 0.9410  
Epoch 164 |  Time(s) 0.0813 | RobustPrompt-I Loss 0.8255  
Epoch 165 |  Time(s) 0.0814 | RobustPrompt-I Loss 0.8511  
Epoch 166 |  Time(s) 0.0821 | RobustPrompt-I Loss 0.8509  
Epoch 167 |  Time(s) 0.0831 | RobustPrompt-I Loss 0.8120  
Epoch 168 |  Time(s) 0.0821 | RobustPrompt-I Loss 0.8707  
Epoch 169 |  Time(s) 0.0817 | RobustPrompt-I Loss 0.8372  
Epoch 170 |  Time(s) 0.0816 | RobustPrompt-I Loss 0.8398  
Epoch 171 |  Time(s) 0.0824 | RobustPrompt-I Loss 0.8302  
Epoch 172 |  Time(s) 0.0819 | RobustPrompt-I Loss 0.8210  
Epoch 173 |  Time(s) 0.0835 | RobustPrompt-I Loss 0.7987  
Epoch 174 |  Time(s) 0.0820 | RobustPrompt-I Loss 0.8587  
Epoch 175 |  Time(s) 0.0813 | RobustPrompt-I Loss 0.8511  
Epoch 176 |  Time(s) 0.0812 | RobustPrompt-I Loss 0.8004  
Epoch 177 |  Time(s) 0.0825 | RobustPrompt-I Loss 0.8002  
Epoch 178 |  Time(s) 0.0826 | RobustPrompt-I Loss 0.8129  
Epoch 179 |  Time(s) 0.0830 | RobustPrompt-I Loss 0.7852  
Epoch 180 |  Time(s) 0.0817 | RobustPrompt-I Loss 0.8405  
Epoch 181 |  Time(s) 0.0839 | RobustPrompt-I Loss 0.8325  
Epoch 182 |  Time(s) 0.0816 | RobustPrompt-I Loss 0.7808  
Epoch 183 |  Time(s) 0.0832 | RobustPrompt-I Loss 0.7635  
Epoch 184 |  Time(s) 0.1165 | RobustPrompt-I Loss 0.8265  
Epoch 185 |  Time(s) 0.2094 | RobustPrompt-I Loss 0.7889  
Epoch 186 |  Time(s) 0.0884 | RobustPrompt-I Loss 0.8125  
Epoch 187 |  Time(s) 0.0861 | RobustPrompt-I Loss 0.8097  
Epoch 188 |  Time(s) 0.0806 | RobustPrompt-I Loss 0.7600  
Epoch 189 |  Time(s) 0.0791 | RobustPrompt-I Loss 0.7459  
Epoch 190 |  Time(s) 0.0839 | RobustPrompt-I Loss 0.8449  
Epoch 191 |  Time(s) 0.0844 | RobustPrompt-I Loss 0.8374  
Epoch 192 |  Time(s) 0.0791 | RobustPrompt-I Loss 0.7395  
Epoch 193 |  Time(s) 0.0797 | RobustPrompt-I Loss 0.7441  
Epoch 194 |  Time(s) 0.0789 | RobustPrompt-I Loss 0.7712  
Epoch 195 |  Time(s) 0.0795 | RobustPrompt-I Loss 0.7425  
Epoch 196 |  Time(s) 0.0789 | RobustPrompt-I Loss 0.8167  
Epoch 197 |  Time(s) 0.0795 | RobustPrompt-I Loss 0.8139  
Epoch 198 |  Time(s) 0.0798 | RobustPrompt-I Loss 0.7277  
Epoch 199 |  Time(s) 0.0798 | RobustPrompt-I Loss 0.7500  
Epoch 200 |  Time(s) 0.0801 | RobustPrompt-I Loss 0.7300  
Batch 0 Acc: 0.5700 | Macro-F1: 0.5849
Batch 1 Acc: 0.6500 | Macro-F1: 0.6184
Batch 2 Acc: 0.4400 | Macro-F1: 0.4145
Batch 3 Acc: 0.5600 | Macro-F1: 0.5157
Batch 4 Acc: 0.7100 | Macro-F1: 0.6741
Batch 5 Acc: 0.4600 | Macro-F1: 0.4664
Batch 6 Acc: 0.7200 | Macro-F1: 0.6963
Batch 7 Acc: 0.6000 | Macro-F1: 0.6094
Batch 8 Acc: 0.4600 | Macro-F1: 0.4100
Batch 9 Acc: 0.6300 | Macro-F1: 0.5441
Final True Accuracy: 0.5800 | Macro F1 Score: 0.5751
best_loss [0.7300156950950623]
load LLC or attacked data with specified split
Successfully loaded the attack of dataname with few shot 5, split 1
Attack method : Meta_Self | Attack ptb : 0.0 | Dataset: Cora
======================
Number of graphs: 1
Number of features: 1433
Number of classes: 7

Data(x=[2708, 1433], edge_index=[2, 13264], y=[2708], train_mask=[2708], val_mask=[2708], test_mask=[2708])
===========================================================================================================
Number of nodes: 2708
Number of edges: 13264
Average node degree: 4.90
Has isolated nodes: False
Has self-loops: True
Is undirected: True
GCN(
  (conv_layers): ModuleList(
    (0): GCNConv(1433, 256)
    (1): GCNConv(256, 256)
  )
)
Successfully loaded pre-trained weights!
use RobustPrompt Inductive
defense pt dict :  {'sim_pt': 0.2, 'degree_pt': -1, 'out_detect_pt': -1.0, 'other_pt': 'all'}
use_attention :  False
kl_global :  False
cosine_constraint :  True
pt_threshold :  0.25
filter_module :  OriginalFilter
temperature :  1.0
weight_mse 0.1
weight_kl :  0.1
weight_constraint :  0.0
prepare induce graph data is finished!
run RobustPrompt-I
Epoch 001 |  Time(s) 0.0959 | RobustPrompt-I Loss 1.9495  
Epoch 002 |  Time(s) 0.0818 | RobustPrompt-I Loss 1.9436  
Epoch 003 |  Time(s) 0.0799 | RobustPrompt-I Loss 1.9367  
Epoch 004 |  Time(s) 0.0798 | RobustPrompt-I Loss 1.9475  
Epoch 005 |  Time(s) 0.0793 | RobustPrompt-I Loss 1.9244  
Epoch 006 |  Time(s) 0.0785 | RobustPrompt-I Loss 1.9326  
Epoch 007 |  Time(s) 0.0795 | RobustPrompt-I Loss 1.9274  
Epoch 008 |  Time(s) 0.0793 | RobustPrompt-I Loss 1.8996  
Epoch 009 |  Time(s) 0.0785 | RobustPrompt-I Loss 1.9067  
Epoch 010 |  Time(s) 0.0789 | RobustPrompt-I Loss 1.8860  
Epoch 011 |  Time(s) 0.0791 | RobustPrompt-I Loss 1.8769  
Epoch 012 |  Time(s) 0.0888 | RobustPrompt-I Loss 1.8603  
Epoch 013 |  Time(s) 0.0789 | RobustPrompt-I Loss 1.8397  
Epoch 014 |  Time(s) 0.0786 | RobustPrompt-I Loss 1.8137  
Epoch 015 |  Time(s) 0.0791 | RobustPrompt-I Loss 1.8195  
Epoch 016 |  Time(s) 0.0787 | RobustPrompt-I Loss 1.7683  
Epoch 017 |  Time(s) 0.0786 | RobustPrompt-I Loss 1.7599  
Epoch 018 |  Time(s) 0.0788 | RobustPrompt-I Loss 1.7371  
Epoch 019 |  Time(s) 0.0794 | RobustPrompt-I Loss 1.7144  
Epoch 020 |  Time(s) 0.1391 | RobustPrompt-I Loss 1.7029  
Epoch 021 |  Time(s) 0.2179 | RobustPrompt-I Loss 1.6744  
Epoch 022 |  Time(s) 0.1765 | RobustPrompt-I Loss 1.6533  
Epoch 023 |  Time(s) 0.1002 | RobustPrompt-I Loss 1.6466  
Epoch 024 |  Time(s) 0.0880 | RobustPrompt-I Loss 1.6358  
Epoch 025 |  Time(s) 0.0871 | RobustPrompt-I Loss 1.5969  
Epoch 026 |  Time(s) 0.0798 | RobustPrompt-I Loss 1.5875  
Epoch 027 |  Time(s) 0.0794 | RobustPrompt-I Loss 1.5829  
Epoch 028 |  Time(s) 0.0810 | RobustPrompt-I Loss 1.5714  
Epoch 029 |  Time(s) 0.0813 | RobustPrompt-I Loss 1.5758  
Epoch 030 |  Time(s) 0.0791 | RobustPrompt-I Loss 1.5242  
Epoch 031 |  Time(s) 0.0797 | RobustPrompt-I Loss 1.5388  
Epoch 032 |  Time(s) 0.0819 | RobustPrompt-I Loss 1.5683  
Epoch 033 |  Time(s) 0.0818 | RobustPrompt-I Loss 1.5014  
Epoch 034 |  Time(s) 0.0815 | RobustPrompt-I Loss 1.5205  
Epoch 035 |  Time(s) 0.0798 | RobustPrompt-I Loss 1.4907  
Epoch 036 |  Time(s) 0.0799 | RobustPrompt-I Loss 1.4999  
Epoch 037 |  Time(s) 0.0809 | RobustPrompt-I Loss 1.5208  
Epoch 038 |  Time(s) 0.0797 | RobustPrompt-I Loss 1.4638  
Epoch 039 |  Time(s) 0.0800 | RobustPrompt-I Loss 1.6637  
Epoch 040 |  Time(s) 0.0818 | RobustPrompt-I Loss 1.6721  
Epoch 041 |  Time(s) 0.0799 | RobustPrompt-I Loss 1.4753  
Epoch 042 |  Time(s) 0.0803 | RobustPrompt-I Loss 1.5886  
Epoch 043 |  Time(s) 0.0802 | RobustPrompt-I Loss 1.6076  
Epoch 044 |  Time(s) 0.0800 | RobustPrompt-I Loss 1.4291  
Epoch 045 |  Time(s) 0.0805 | RobustPrompt-I Loss 1.6170  
Epoch 046 |  Time(s) 0.0797 | RobustPrompt-I Loss 1.5715  
Epoch 047 |  Time(s) 0.0796 | RobustPrompt-I Loss 1.5192  
Epoch 048 |  Time(s) 0.0801 | RobustPrompt-I Loss 1.4832  
Epoch 049 |  Time(s) 0.0803 | RobustPrompt-I Loss 1.3961  
Epoch 050 |  Time(s) 0.0805 | RobustPrompt-I Loss 1.4718  
Epoch 051 |  Time(s) 0.1407 | RobustPrompt-I Loss 1.4637  
Epoch 052 |  Time(s) 0.2189 | RobustPrompt-I Loss 1.3887  
Epoch 053 |  Time(s) 0.0875 | RobustPrompt-I Loss 1.4240  
Epoch 054 |  Time(s) 0.2039 | RobustPrompt-I Loss 1.4518  
Epoch 055 |  Time(s) 0.1445 | RobustPrompt-I Loss 1.4620  
Epoch 056 |  Time(s) 0.1449 | RobustPrompt-I Loss 1.3724  
Epoch 057 |  Time(s) 0.0886 | RobustPrompt-I Loss 1.5056  
Epoch 058 |  Time(s) 0.0833 | RobustPrompt-I Loss 1.5336  
Epoch 059 |  Time(s) 0.0885 | RobustPrompt-I Loss 1.3641  
Epoch 060 |  Time(s) 0.0855 | RobustPrompt-I Loss 1.4747  
Epoch 061 |  Time(s) 0.0800 | RobustPrompt-I Loss 1.4253  
Epoch 062 |  Time(s) 0.0804 | RobustPrompt-I Loss 1.4688  
Epoch 063 |  Time(s) 0.0805 | RobustPrompt-I Loss 1.4626  
Epoch 064 |  Time(s) 0.0811 | RobustPrompt-I Loss 1.3651  
Epoch 065 |  Time(s) 0.0802 | RobustPrompt-I Loss 1.3518  
Epoch 066 |  Time(s) 0.0803 | RobustPrompt-I Loss 1.3363  
Epoch 067 |  Time(s) 0.0804 | RobustPrompt-I Loss 1.3906  
Epoch 068 |  Time(s) 0.0800 | RobustPrompt-I Loss 1.3416  
Epoch 069 |  Time(s) 0.1604 | RobustPrompt-I Loss 1.3615  
Epoch 070 |  Time(s) 0.0796 | RobustPrompt-I Loss 1.3476  
Epoch 071 |  Time(s) 0.0807 | RobustPrompt-I Loss 1.3411  
Epoch 072 |  Time(s) 0.0806 | RobustPrompt-I Loss 1.3477  
Epoch 073 |  Time(s) 0.0794 | RobustPrompt-I Loss 1.3422  
Epoch 074 |  Time(s) 0.0830 | RobustPrompt-I Loss 1.3001  
Epoch 075 |  Time(s) 0.3927 | RobustPrompt-I Loss 1.3322  
Epoch 076 |  Time(s) 0.4218 | RobustPrompt-I Loss 1.3044  
Epoch 077 |  Time(s) 0.3773 | RobustPrompt-I Loss 1.2919  
Epoch 078 |  Time(s) 0.2952 | RobustPrompt-I Loss 1.2927  
Epoch 079 |  Time(s) 0.2369 | RobustPrompt-I Loss 1.2535  
Epoch 080 |  Time(s) 0.1041 | RobustPrompt-I Loss 1.2232  
Epoch 081 |  Time(s) 0.1287 | RobustPrompt-I Loss 1.2757  
Epoch 082 |  Time(s) 0.0877 | RobustPrompt-I Loss 1.2735  
Epoch 083 |  Time(s) 0.1227 | RobustPrompt-I Loss 1.2398  
Epoch 084 |  Time(s) 0.0820 | RobustPrompt-I Loss 1.2407  
Epoch 085 |  Time(s) 0.0809 | RobustPrompt-I Loss 1.2920  
Epoch 086 |  Time(s) 0.0813 | RobustPrompt-I Loss 1.2116  
Epoch 087 |  Time(s) 0.0822 | RobustPrompt-I Loss 1.2387  
Epoch 088 |  Time(s) 0.0821 | RobustPrompt-I Loss 1.2252  
Epoch 089 |  Time(s) 0.0811 | RobustPrompt-I Loss 1.1847  
Epoch 090 |  Time(s) 0.0817 | RobustPrompt-I Loss 1.1629  
Epoch 091 |  Time(s) 0.0818 | RobustPrompt-I Loss 1.2061  
Epoch 092 |  Time(s) 0.0820 | RobustPrompt-I Loss 1.1839  
Epoch 093 |  Time(s) 0.0817 | RobustPrompt-I Loss 1.1846  
Epoch 094 |  Time(s) 0.0870 | RobustPrompt-I Loss 1.1940  
Epoch 095 |  Time(s) 0.0813 | RobustPrompt-I Loss 1.1461  
Epoch 096 |  Time(s) 0.0822 | RobustPrompt-I Loss 1.1304  
Epoch 097 |  Time(s) 0.0816 | RobustPrompt-I Loss 1.1636  
Epoch 098 |  Time(s) 0.0818 | RobustPrompt-I Loss 1.1543  
Epoch 099 |  Time(s) 0.0820 | RobustPrompt-I Loss 1.1255  
Epoch 100 |  Time(s) 0.0818 | RobustPrompt-I Loss 1.1137  
Epoch 101 |  Time(s) 0.0813 | RobustPrompt-I Loss 1.1169  
Epoch 102 |  Time(s) 0.0818 | RobustPrompt-I Loss 1.1149  
Epoch 103 |  Time(s) 0.0808 | RobustPrompt-I Loss 1.1102  
Epoch 104 |  Time(s) 0.0809 | RobustPrompt-I Loss 1.0966  
Epoch 105 |  Time(s) 0.0810 | RobustPrompt-I Loss 1.0857  
Epoch 106 |  Time(s) 0.0917 | RobustPrompt-I Loss 1.0738  
Epoch 107 |  Time(s) 0.1274 | RobustPrompt-I Loss 1.0795  
Epoch 108 |  Time(s) 0.0857 | RobustPrompt-I Loss 1.0645  
Epoch 109 |  Time(s) 0.0810 | RobustPrompt-I Loss 1.0694  
Epoch 110 |  Time(s) 0.0814 | RobustPrompt-I Loss 1.0571  
Epoch 111 |  Time(s) 0.0816 | RobustPrompt-I Loss 1.0528  
Epoch 112 |  Time(s) 0.0804 | RobustPrompt-I Loss 1.0377  
Epoch 113 |  Time(s) 0.0813 | RobustPrompt-I Loss 1.0442  
Epoch 114 |  Time(s) 0.0805 | RobustPrompt-I Loss 1.0287  
Epoch 115 |  Time(s) 0.0808 | RobustPrompt-I Loss 1.0333  
Epoch 116 |  Time(s) 0.0811 | RobustPrompt-I Loss 1.0183  
Epoch 117 |  Time(s) 0.0809 | RobustPrompt-I Loss 1.0173  
Epoch 118 |  Time(s) 0.0807 | RobustPrompt-I Loss 1.0025  
Epoch 119 |  Time(s) 0.0818 | RobustPrompt-I Loss 1.0167  
Epoch 120 |  Time(s) 0.0805 | RobustPrompt-I Loss 1.0004  
Epoch 121 |  Time(s) 0.0807 | RobustPrompt-I Loss 0.9921  
Epoch 122 |  Time(s) 0.0809 | RobustPrompt-I Loss 0.9849  
Epoch 123 |  Time(s) 0.0813 | RobustPrompt-I Loss 0.9931  
Epoch 124 |  Time(s) 0.0812 | RobustPrompt-I Loss 0.9742  
Epoch 125 |  Time(s) 0.0816 | RobustPrompt-I Loss 0.9835  
Epoch 126 |  Time(s) 0.0814 | RobustPrompt-I Loss 0.9713  
Epoch 127 |  Time(s) 0.0812 | RobustPrompt-I Loss 0.9601  
Epoch 128 |  Time(s) 0.0814 | RobustPrompt-I Loss 0.9431  
Epoch 129 |  Time(s) 0.0814 | RobustPrompt-I Loss 0.9719  
Epoch 130 |  Time(s) 0.0815 | RobustPrompt-I Loss 0.9579  
Epoch 131 |  Time(s) 0.1207 | RobustPrompt-I Loss 0.9415  
Epoch 132 |  Time(s) 0.1190 | RobustPrompt-I Loss 0.9301  
Epoch 133 |  Time(s) 0.2363 | RobustPrompt-I Loss 0.9432  
Epoch 134 |  Time(s) 0.1757 | RobustPrompt-I Loss 0.9327  
Epoch 135 |  Time(s) 0.1571 | RobustPrompt-I Loss 0.9347  
Epoch 136 |  Time(s) 0.2598 | RobustPrompt-I Loss 0.9225  
Epoch 137 |  Time(s) 0.3781 | RobustPrompt-I Loss 0.9243  
Epoch 138 |  Time(s) 0.1114 | RobustPrompt-I Loss 0.9195  
Epoch 139 |  Time(s) 0.1085 | RobustPrompt-I Loss 0.9109  
Epoch 140 |  Time(s) 0.0900 | RobustPrompt-I Loss 0.8999  
Epoch 141 |  Time(s) 0.0833 | RobustPrompt-I Loss 0.9046  
Epoch 142 |  Time(s) 0.0871 | RobustPrompt-I Loss 0.8989  
Epoch 143 |  Time(s) 0.0944 | RobustPrompt-I Loss 0.9032  
Epoch 144 |  Time(s) 0.0912 | RobustPrompt-I Loss 0.8966  
Epoch 145 |  Time(s) 0.0858 | RobustPrompt-I Loss 0.8838  
Epoch 146 |  Time(s) 0.0822 | RobustPrompt-I Loss 0.8892  
Epoch 147 |  Time(s) 0.0885 | RobustPrompt-I Loss 0.8818  
Epoch 148 |  Time(s) 0.0881 | RobustPrompt-I Loss 0.8771  
Epoch 149 |  Time(s) 0.0865 | RobustPrompt-I Loss 0.8804  
Epoch 150 |  Time(s) 0.0858 | RobustPrompt-I Loss 0.8794  
Epoch 151 |  Time(s) 0.0864 | RobustPrompt-I Loss 0.8729  
Epoch 152 |  Time(s) 0.0841 | RobustPrompt-I Loss 0.8719  
Epoch 153 |  Time(s) 0.0844 | RobustPrompt-I Loss 0.8582  
Epoch 154 |  Time(s) 0.0880 | RobustPrompt-I Loss 0.8594  
Epoch 155 |  Time(s) 0.0836 | RobustPrompt-I Loss 0.8665  
Epoch 156 |  Time(s) 0.0820 | RobustPrompt-I Loss 0.8605  
Epoch 157 |  Time(s) 0.0864 | RobustPrompt-I Loss 0.8538  
Epoch 158 |  Time(s) 0.0869 | RobustPrompt-I Loss 0.8528  
Epoch 159 |  Time(s) 0.0889 | RobustPrompt-I Loss 0.8451  
Epoch 160 |  Time(s) 0.0861 | RobustPrompt-I Loss 0.8375  
Epoch 161 |  Time(s) 0.1521 | RobustPrompt-I Loss 0.8530  
Epoch 162 |  Time(s) 0.0842 | RobustPrompt-I Loss 0.8459  
Epoch 163 |  Time(s) 0.0800 | RobustPrompt-I Loss 0.8236  
Epoch 164 |  Time(s) 0.0812 | RobustPrompt-I Loss 0.8156  
Epoch 165 |  Time(s) 0.1279 | RobustPrompt-I Loss 0.8481  
Epoch 166 |  Time(s) 0.0995 | RobustPrompt-I Loss 0.8387  
Epoch 167 |  Time(s) 0.0888 | RobustPrompt-I Loss 0.8030  
Epoch 168 |  Time(s) 0.0901 | RobustPrompt-I Loss 0.8020  
Epoch 169 |  Time(s) 0.0802 | RobustPrompt-I Loss 0.8328  
Epoch 170 |  Time(s) 0.0806 | RobustPrompt-I Loss 0.8225  
Epoch 171 |  Time(s) 0.1407 | RobustPrompt-I Loss 0.7948  
Epoch 172 |  Time(s) 0.0849 | RobustPrompt-I Loss 0.7983  
Epoch 173 |  Time(s) 0.0798 | RobustPrompt-I Loss 0.8088  
Epoch 174 |  Time(s) 0.0796 | RobustPrompt-I Loss 0.8028  
Epoch 175 |  Time(s) 0.0801 | RobustPrompt-I Loss 0.7872  
Epoch 176 |  Time(s) 0.0793 | RobustPrompt-I Loss 0.7916  
Epoch 177 |  Time(s) 0.0796 | RobustPrompt-I Loss 0.7922  
Epoch 178 |  Time(s) 0.0791 | RobustPrompt-I Loss 0.7960  
Epoch 179 |  Time(s) 0.0800 | RobustPrompt-I Loss 0.7721  
Epoch 180 |  Time(s) 0.0798 | RobustPrompt-I Loss 0.7813  
Epoch 181 |  Time(s) 0.0798 | RobustPrompt-I Loss 0.7807  
Epoch 182 |  Time(s) 0.0801 | RobustPrompt-I Loss 0.7880  
Epoch 183 |  Time(s) 0.0799 | RobustPrompt-I Loss 0.7554  
Epoch 184 |  Time(s) 0.0790 | RobustPrompt-I Loss 0.7635  
Epoch 185 |  Time(s) 0.0803 | RobustPrompt-I Loss 0.7854  
Epoch 186 |  Time(s) 0.0803 | RobustPrompt-I Loss 0.7785  
Epoch 187 |  Time(s) 0.0796 | RobustPrompt-I Loss 0.7713  
Epoch 188 |  Time(s) 0.0795 | RobustPrompt-I Loss 0.7666  
Epoch 189 |  Time(s) 0.0804 | RobustPrompt-I Loss 0.7681  
Epoch 190 |  Time(s) 0.0796 | RobustPrompt-I Loss 0.7613  
Epoch 191 |  Time(s) 0.0800 | RobustPrompt-I Loss 0.7642  
Epoch 192 |  Time(s) 0.0801 | RobustPrompt-I Loss 0.7531  
Epoch 193 |  Time(s) 0.1468 | RobustPrompt-I Loss 0.7616  
Epoch 194 |  Time(s) 0.0831 | RobustPrompt-I Loss 0.7448  
Epoch 195 |  Time(s) 0.0808 | RobustPrompt-I Loss 0.7531  
Epoch 196 |  Time(s) 0.0805 | RobustPrompt-I Loss 0.7398  
Epoch 197 |  Time(s) 0.0796 | RobustPrompt-I Loss 0.7192  
Epoch 198 |  Time(s) 0.0797 | RobustPrompt-I Loss 0.7142  
Epoch 199 |  Time(s) 0.0800 | RobustPrompt-I Loss 0.7485  
Epoch 200 |  Time(s) 0.0799 | RobustPrompt-I Loss 0.7312  
Batch 0 Acc: 0.6200 | Macro-F1: 0.6399
Batch 1 Acc: 0.6000 | Macro-F1: 0.5540
Batch 2 Acc: 0.4900 | Macro-F1: 0.4583
Batch 3 Acc: 0.5000 | Macro-F1: 0.4947
Batch 4 Acc: 0.7000 | Macro-F1: 0.6500
Batch 5 Acc: 0.4600 | Macro-F1: 0.4561
Batch 6 Acc: 0.7100 | Macro-F1: 0.6597
Batch 7 Acc: 0.6200 | Macro-F1: 0.5980
Batch 8 Acc: 0.4200 | Macro-F1: 0.4092
Batch 9 Acc: 0.6400 | Macro-F1: 0.5496
Final True Accuracy: 0.5760 | Macro F1 Score: 0.5655
best_loss [0.7311647534370422]
{1: {1: nan}, 2: {1: nan}, 3: {1: nan}, 4: {1: 0.5799999833106995}, 5: {1: 0.5759999752044678}}
{1: {1: nan, 2: nan, 3: nan, 4: 0.5799999833106995, 5: 0.5759999752044678}}
########################################################################################
seed: 1 | split 1 : nan
# Seed 1 Muti Split Final Acc: nan±nan
seed: 2 | split 1 : nan
# Seed 2 Muti Split Final Acc: nan±nan
seed: 3 | split 1 : nan
# Seed 3 Muti Split Final Acc: nan±nan
seed: 4 | split 1 : 0.5799999833106995
# Seed 4 Muti Split Final Acc: 0.5800±0.0000
seed: 5 | split 1 : 0.5759999752044678
# Seed 5 Muti Split Final Acc: 0.5760±0.0000
########################################################################################
split: 1 | seed 1 : nan
split: 1 | seed 2 : nan
split: 1 | seed 3 : nan
split: 1 | seed 4 : 0.5799999833106995
split: 1 | seed 5 : 0.5759999752044678
# Split 1 Muti Seed Acc without min value: nan±nan
########################################################################################
Done sim=0.2, ptb=0.0, end=2026-06-08 22:55:35, duration=00:01:19
