Start sim=0.4, ptb=0.25, time=2026-06-08 23:24:10, log=logs/RobustPrompt-I/ft_sim0.4_0.25_20260608_232410.log
load LLC or attacked data with specified split
Successfully loaded the attack of dataname with few shot 5, split 1
Attack method : Meta_Self | Attack ptb : 0.25 | Dataset: Cora
======================
Number of graphs: 1
Number of features: 1433
Number of classes: 7

Data(x=[2708, 1433], edge_index=[2, 16028], y=[2708], train_mask=[2708], val_mask=[2708], test_mask=[2708])
===========================================================================================================
Number of nodes: 2708
Number of edges: 16028
Average node degree: 5.92
Has isolated nodes: False
Has self-loops: True
Is undirected: True
GCN(
  (conv_layers): ModuleList(
    (0): GCNConv(1433, 256)
    (1): GCNConv(256, 256)
  )
)
Successfully loaded pre-trained weights!
use RobustPrompt Inductive
defense pt dict :  {'sim_pt': 0.4, 'degree_pt': -1, 'out_detect_pt': -1.0, 'other_pt': 'all'}
use_attention :  False
kl_global :  False
cosine_constraint :  True
pt_threshold :  0.25
filter_module :  OriginalFilter
temperature :  1.0
weight_mse 0.1
weight_kl :  0.1
weight_constraint :  0.0
prepare induce graph data is finished!
run RobustPrompt-I
Epoch 001 |  Time(s) 0.3705 | RobustPrompt-I Loss 1.9454  
Epoch 002 |  Time(s) 0.0983 | RobustPrompt-I Loss 1.9380  
Epoch 003 |  Time(s) 0.0910 | RobustPrompt-I Loss 1.9291  
Epoch 004 |  Time(s) 0.0908 | RobustPrompt-I Loss 1.9239  
Epoch 005 |  Time(s) 0.0908 | RobustPrompt-I Loss 1.9096  
Epoch 006 |  Time(s) 0.1396 | RobustPrompt-I Loss 1.8938  
Epoch 007 |  Time(s) 0.1019 | RobustPrompt-I Loss 1.8726  
Epoch 008 |  Time(s) 0.0915 | RobustPrompt-I Loss 1.8764  
Epoch 009 |  Time(s) 0.0900 | RobustPrompt-I Loss 1.8458  
Epoch 010 |  Time(s) 0.0897 | RobustPrompt-I Loss 1.8287  
Epoch 011 |  Time(s) 0.0901 | RobustPrompt-I Loss 1.8222  
Epoch 012 |  Time(s) 0.0892 | RobustPrompt-I Loss 1.7909  
Epoch 013 |  Time(s) 0.0899 | RobustPrompt-I Loss 1.7856  
Epoch 014 |  Time(s) 0.0907 | RobustPrompt-I Loss 1.7689  
Epoch 015 |  Time(s) 0.0903 | RobustPrompt-I Loss 1.7284  
Epoch 016 |  Time(s) 0.0910 | RobustPrompt-I Loss 1.7122  
Epoch 017 |  Time(s) 0.0909 | RobustPrompt-I Loss 1.7046  
Epoch 018 |  Time(s) 0.0904 | RobustPrompt-I Loss 1.6808  
Epoch 019 |  Time(s) 0.0907 | RobustPrompt-I Loss 1.6575  
Epoch 020 |  Time(s) 0.0906 | RobustPrompt-I Loss 1.6451  
Epoch 021 |  Time(s) 0.0902 | RobustPrompt-I Loss 1.6434  
Epoch 022 |  Time(s) 0.0899 | RobustPrompt-I Loss 1.6342  
Epoch 023 |  Time(s) 0.0907 | RobustPrompt-I Loss 1.6047  
Epoch 024 |  Time(s) 0.0910 | RobustPrompt-I Loss 1.5862  
Epoch 025 |  Time(s) 0.0909 | RobustPrompt-I Loss 1.5856  
Epoch 026 |  Time(s) 0.0905 | RobustPrompt-I Loss 1.5807  
Epoch 027 |  Time(s) 0.1293 | RobustPrompt-I Loss 1.5469  
Epoch 028 |  Time(s) 0.0955 | RobustPrompt-I Loss 1.5386  
Epoch 029 |  Time(s) 0.0917 | RobustPrompt-I Loss 1.5463  
Epoch 030 |  Time(s) 0.1016 | RobustPrompt-I Loss 1.5159  
Epoch 031 |  Time(s) 0.0924 | RobustPrompt-I Loss 1.4940  
Epoch 032 |  Time(s) 0.0922 | RobustPrompt-I Loss 1.4949  
Epoch 033 |  Time(s) 0.0996 | RobustPrompt-I Loss 1.5064  
Epoch 034 |  Time(s) 0.0914 | RobustPrompt-I Loss 1.4567  
Epoch 035 |  Time(s) 0.0939 | RobustPrompt-I Loss 1.4530  
Epoch 036 |  Time(s) 0.0897 | RobustPrompt-I Loss 1.4929  
Epoch 037 |  Time(s) 0.0919 | RobustPrompt-I Loss 1.4210  
Epoch 038 |  Time(s) 0.1163 | RobustPrompt-I Loss 1.5079  
Epoch 039 |  Time(s) 0.1813 | RobustPrompt-I Loss 1.4418  
Epoch 040 |  Time(s) 0.1041 | RobustPrompt-I Loss 1.4993  
Epoch 041 |  Time(s) 0.0992 | RobustPrompt-I Loss 1.5125  
Epoch 042 |  Time(s) 0.0948 | RobustPrompt-I Loss 1.3632  
Epoch 043 |  Time(s) 0.0988 | RobustPrompt-I Loss 1.3782  
Epoch 044 |  Time(s) 0.0916 | RobustPrompt-I Loss 1.3613  
Epoch 045 |  Time(s) 0.0934 | RobustPrompt-I Loss 1.3200  
Epoch 046 |  Time(s) 0.0915 | RobustPrompt-I Loss 1.3382  
Epoch 047 |  Time(s) 0.0919 | RobustPrompt-I Loss 1.3070  
Epoch 048 |  Time(s) 0.0910 | RobustPrompt-I Loss 1.2900  
Epoch 049 |  Time(s) 0.0904 | RobustPrompt-I Loss 1.2675  
Epoch 050 |  Time(s) 0.0909 | RobustPrompt-I Loss 1.2571  
Epoch 051 |  Time(s) 0.0938 | RobustPrompt-I Loss 1.2395  
Epoch 052 |  Time(s) 0.0909 | RobustPrompt-I Loss 1.2350  
Epoch 053 |  Time(s) 0.0892 | RobustPrompt-I Loss 1.2170  
Epoch 054 |  Time(s) 0.0900 | RobustPrompt-I Loss 1.1963  
Epoch 055 |  Time(s) 0.0905 | RobustPrompt-I Loss 1.1689  
Epoch 056 |  Time(s) 0.0899 | RobustPrompt-I Loss 1.1547  
Epoch 057 |  Time(s) 0.0909 | RobustPrompt-I Loss 1.1379  
Epoch 058 |  Time(s) 0.0901 | RobustPrompt-I Loss 1.1275  
Epoch 059 |  Time(s) 0.0907 | RobustPrompt-I Loss 1.1157  
Epoch 060 |  Time(s) 0.0912 | RobustPrompt-I Loss 1.0922  
Epoch 061 |  Time(s) 0.0912 | RobustPrompt-I Loss 1.0725  
Epoch 062 |  Time(s) 0.0908 | RobustPrompt-I Loss 1.0503  
Epoch 063 |  Time(s) 0.0914 | RobustPrompt-I Loss 1.0397  
Epoch 064 |  Time(s) 0.0905 | RobustPrompt-I Loss 1.0272  
Epoch 065 |  Time(s) 0.0892 | RobustPrompt-I Loss 1.0106  
Epoch 066 |  Time(s) 0.0901 | RobustPrompt-I Loss 0.9952  
Epoch 067 |  Time(s) 0.0901 | RobustPrompt-I Loss 0.9763  
Epoch 068 |  Time(s) 0.0914 | RobustPrompt-I Loss 0.9674  
Epoch 069 |  Time(s) 0.0901 | RobustPrompt-I Loss 0.9576  
Epoch 070 |  Time(s) 0.0906 | RobustPrompt-I Loss 0.9430  
Epoch 071 |  Time(s) 0.1258 | RobustPrompt-I Loss 0.9307  
Epoch 072 |  Time(s) 0.2356 | RobustPrompt-I Loss 0.9151  
Epoch 073 |  Time(s) 0.1059 | RobustPrompt-I Loss 0.9060  
Epoch 074 |  Time(s) 0.1095 | RobustPrompt-I Loss 0.8941  
Epoch 075 |  Time(s) 0.1016 | RobustPrompt-I Loss 0.8851  
Epoch 076 |  Time(s) 0.0960 | RobustPrompt-I Loss 0.8763  
Epoch 077 |  Time(s) 0.0853 | RobustPrompt-I Loss 0.8631  
Epoch 078 |  Time(s) 0.0885 | RobustPrompt-I Loss 0.8529  
Epoch 079 |  Time(s) 0.0896 | RobustPrompt-I Loss 0.8406  
Epoch 080 |  Time(s) 0.0858 | RobustPrompt-I Loss 0.8330  
Epoch 081 |  Time(s) 0.0862 | RobustPrompt-I Loss 0.8228  
Epoch 082 |  Time(s) 0.0867 | RobustPrompt-I Loss 0.8150  
Epoch 083 |  Time(s) 0.0850 | RobustPrompt-I Loss 0.8070  
Epoch 084 |  Time(s) 0.0859 | RobustPrompt-I Loss 0.7981  
Epoch 085 |  Time(s) 0.0854 | RobustPrompt-I Loss 0.7881  
Epoch 086 |  Time(s) 0.0842 | RobustPrompt-I Loss 0.7787  
Epoch 087 |  Time(s) 0.0858 | RobustPrompt-I Loss 0.7717  
Epoch 088 |  Time(s) 0.0847 | RobustPrompt-I Loss 0.7634  
Epoch 089 |  Time(s) 0.0857 | RobustPrompt-I Loss 0.7546  
Epoch 090 |  Time(s) 0.0860 | RobustPrompt-I Loss 0.7480  
Epoch 091 |  Time(s) 0.0854 | RobustPrompt-I Loss 0.7412  
Epoch 092 |  Time(s) 0.0847 | RobustPrompt-I Loss 0.7334  
Epoch 093 |  Time(s) 0.0874 | RobustPrompt-I Loss 0.7257  
Epoch 094 |  Time(s) 0.0860 | RobustPrompt-I Loss 0.7176  
Epoch 095 |  Time(s) 0.0853 | RobustPrompt-I Loss 0.7100  
Epoch 096 |  Time(s) 0.0853 | RobustPrompt-I Loss 0.7024  
Epoch 097 |  Time(s) 0.0863 | RobustPrompt-I Loss 0.6952  
Epoch 098 |  Time(s) 0.0851 | RobustPrompt-I Loss 0.6891  
Epoch 099 |  Time(s) 0.0858 | RobustPrompt-I Loss 0.6815  
Epoch 100 |  Time(s) 0.0853 | RobustPrompt-I Loss 0.6748  
Epoch 101 |  Time(s) 0.0850 | RobustPrompt-I Loss 0.6677  
Epoch 102 |  Time(s) 0.2009 | RobustPrompt-I Loss 0.6610  
Epoch 103 |  Time(s) 0.1813 | RobustPrompt-I Loss 0.6552  
Epoch 104 |  Time(s) 0.1065 | RobustPrompt-I Loss 0.6492  
Epoch 105 |  Time(s) 0.0943 | RobustPrompt-I Loss 0.6426  
Epoch 106 |  Time(s) 0.0930 | RobustPrompt-I Loss 0.6372  
Epoch 107 |  Time(s) 0.0922 | RobustPrompt-I Loss 0.6314  
Epoch 108 |  Time(s) 0.0965 | RobustPrompt-I Loss 0.6255  
Epoch 109 |  Time(s) 0.0981 | RobustPrompt-I Loss 0.6200  
Epoch 110 |  Time(s) 0.1006 | RobustPrompt-I Loss 0.6150  
Epoch 111 |  Time(s) 0.0986 | RobustPrompt-I Loss 0.6094  
Epoch 112 |  Time(s) 0.0951 | RobustPrompt-I Loss 0.6042  
Epoch 113 |  Time(s) 0.0983 | RobustPrompt-I Loss 0.5993  
Epoch 114 |  Time(s) 0.0949 | RobustPrompt-I Loss 0.5942  
Epoch 115 |  Time(s) 0.0915 | RobustPrompt-I Loss 0.5890  
Epoch 116 |  Time(s) 0.0959 | RobustPrompt-I Loss 0.5841  
Epoch 117 |  Time(s) 0.1038 | RobustPrompt-I Loss 0.5795  
Epoch 118 |  Time(s) 0.1007 | RobustPrompt-I Loss 0.5745  
Epoch 119 |  Time(s) 0.0995 | RobustPrompt-I Loss 0.5694  
Epoch 120 |  Time(s) 0.0925 | RobustPrompt-I Loss 0.5646  
Epoch 121 |  Time(s) 0.0926 | RobustPrompt-I Loss 0.5598  
Epoch 122 |  Time(s) 0.0915 | RobustPrompt-I Loss 0.5557  
Epoch 123 |  Time(s) 0.0920 | RobustPrompt-I Loss 0.5501  
Epoch 124 |  Time(s) 0.0926 | RobustPrompt-I Loss 0.5459  
Epoch 125 |  Time(s) 0.0918 | RobustPrompt-I Loss 0.5400  
Epoch 126 |  Time(s) 0.0939 | RobustPrompt-I Loss 0.5359  
Epoch 127 |  Time(s) 0.0911 | RobustPrompt-I Loss 0.5307  
Epoch 128 |  Time(s) 0.0921 | RobustPrompt-I Loss 0.5260  
Epoch 129 |  Time(s) 0.0903 | RobustPrompt-I Loss 0.5214  
Epoch 130 |  Time(s) 0.0907 | RobustPrompt-I Loss 0.5163  
Epoch 131 |  Time(s) 0.0920 | RobustPrompt-I Loss 0.5114  
Epoch 132 |  Time(s) 0.0951 | RobustPrompt-I Loss 0.5064  
Epoch 133 |  Time(s) 0.1299 | RobustPrompt-I Loss 0.5016  
Epoch 134 |  Time(s) 0.0924 | RobustPrompt-I Loss 0.4957  
Epoch 135 |  Time(s) 0.0927 | RobustPrompt-I Loss 0.4909  
Epoch 136 |  Time(s) 0.0931 | RobustPrompt-I Loss 0.4858  
Epoch 137 |  Time(s) 0.0912 | RobustPrompt-I Loss 0.4808  
Epoch 138 |  Time(s) 0.0911 | RobustPrompt-I Loss 0.4773  
Epoch 139 |  Time(s) 0.0920 | RobustPrompt-I Loss 0.4801  
Epoch 140 |  Time(s) 0.0912 | RobustPrompt-I Loss 0.5079  
Epoch 141 |  Time(s) 0.0909 | RobustPrompt-I Loss 0.4580  
Epoch 142 |  Time(s) 0.0913 | RobustPrompt-I Loss 0.4824  
Epoch 143 |  Time(s) 0.0910 | RobustPrompt-I Loss 0.4966  
Epoch 144 |  Time(s) 0.0915 | RobustPrompt-I Loss 0.4585  
Epoch 145 |  Time(s) 0.0927 | RobustPrompt-I Loss 0.5898  
Epoch 146 |  Time(s) 0.0909 | RobustPrompt-I Loss 0.5511  
Epoch 147 |  Time(s) 0.0922 | RobustPrompt-I Loss 0.4629  
Epoch 148 |  Time(s) 0.0938 | RobustPrompt-I Loss 0.4980  
Epoch 149 |  Time(s) 0.0911 | RobustPrompt-I Loss 0.4510  
Epoch 150 |  Time(s) 0.0913 | RobustPrompt-I Loss 0.4771  
Epoch 151 |  Time(s) 0.0915 | RobustPrompt-I Loss 0.4369  
Epoch 152 |  Time(s) 0.0913 | RobustPrompt-I Loss 0.4463  
Epoch 153 |  Time(s) 0.0923 | RobustPrompt-I Loss 0.4693  
Epoch 154 |  Time(s) 0.0986 | RobustPrompt-I Loss 0.4160  
Epoch 155 |  Time(s) 0.0930 | RobustPrompt-I Loss 0.4805  
Epoch 156 |  Time(s) 0.0916 | RobustPrompt-I Loss 0.4543  
Epoch 157 |  Time(s) 0.0932 | RobustPrompt-I Loss 0.4142  
Epoch 158 |  Time(s) 0.0910 | RobustPrompt-I Loss 0.4639  
Epoch 159 |  Time(s) 0.0923 | RobustPrompt-I Loss 0.4220  
Epoch 160 |  Time(s) 0.1606 | RobustPrompt-I Loss 0.5229  
Epoch 161 |  Time(s) 0.0985 | RobustPrompt-I Loss 0.5248  
Epoch 162 |  Time(s) 0.0964 | RobustPrompt-I Loss 0.4164  
Epoch 163 |  Time(s) 0.0978 | RobustPrompt-I Loss 0.4066  
Epoch 164 |  Time(s) 0.0947 | RobustPrompt-I Loss 0.4542  
Epoch 165 |  Time(s) 0.0943 | RobustPrompt-I Loss 0.4152  
Epoch 166 |  Time(s) 0.0960 | RobustPrompt-I Loss 0.4582  
Epoch 167 |  Time(s) 0.0931 | RobustPrompt-I Loss 0.4870  
Epoch 168 |  Time(s) 0.0920 | RobustPrompt-I Loss 0.5182  
Epoch 169 |  Time(s) 0.0938 | RobustPrompt-I Loss 0.4817  
Epoch 170 |  Time(s) 0.0917 | RobustPrompt-I Loss 0.3681  
Epoch 171 |  Time(s) 0.0927 | RobustPrompt-I Loss 0.4037  
Epoch 172 |  Time(s) 0.0849 | RobustPrompt-I Loss 0.3726  
Epoch 173 |  Time(s) 0.0926 | RobustPrompt-I Loss 0.3583  
Epoch 174 |  Time(s) 0.0948 | RobustPrompt-I Loss 0.3668  
Epoch 175 |  Time(s) 0.0946 | RobustPrompt-I Loss 0.3538  
Epoch 176 |  Time(s) 0.1008 | RobustPrompt-I Loss 0.3591  
Epoch 177 |  Time(s) 0.0919 | RobustPrompt-I Loss 0.3473  
Epoch 178 |  Time(s) 0.0908 | RobustPrompt-I Loss nan  
Epoch 179 |  Time(s) 0.0900 | RobustPrompt-I Loss nan  
Epoch 180 |  Time(s) 0.0932 | RobustPrompt-I Loss nan  
Epoch 181 |  Time(s) 0.0941 | RobustPrompt-I Loss nan  
Epoch 182 |  Time(s) 0.0920 | RobustPrompt-I Loss nan  
Epoch 183 |  Time(s) 0.0910 | RobustPrompt-I Loss nan  
Epoch 184 |  Time(s) 0.0897 | RobustPrompt-I Loss nan  
Epoch 185 |  Time(s) 0.0901 | RobustPrompt-I Loss nan  
Epoch 186 |  Time(s) 0.0901 | RobustPrompt-I Loss nan  
Epoch 187 |  Time(s) 0.0909 | RobustPrompt-I Loss nan  
Epoch 188 |  Time(s) 0.0913 | RobustPrompt-I Loss nan  
Epoch 189 |  Time(s) 0.1433 | RobustPrompt-I Loss nan  
Epoch 190 |  Time(s) 0.1203 | RobustPrompt-I Loss nan  
Epoch 191 |  Time(s) 0.0963 | RobustPrompt-I Loss nan  
Epoch 192 |  Time(s) 0.0922 | RobustPrompt-I Loss nan  
Epoch 193 |  Time(s) 0.0881 | RobustPrompt-I Loss nan  
Epoch 194 |  Time(s) 0.0881 | RobustPrompt-I Loss nan  
Epoch 195 |  Time(s) 0.1495 | RobustPrompt-I Loss nan  
Epoch 196 |  Time(s) 0.1596 | RobustPrompt-I Loss nan  
----------------------------------------------------------------------------------------------------
Early stopping at 197 eopch!
load LLC or attacked data with specified split
Successfully loaded the attack of dataname with few shot 5, split 1
Attack method : Meta_Self | Attack ptb : 0.25 | Dataset: Cora
======================
Number of graphs: 1
Number of features: 1433
Number of classes: 7

Data(x=[2708, 1433], edge_index=[2, 16028], y=[2708], train_mask=[2708], val_mask=[2708], test_mask=[2708])
===========================================================================================================
Number of nodes: 2708
Number of edges: 16028
Average node degree: 5.92
Has isolated nodes: False
Has self-loops: True
Is undirected: True
GCN(
  (conv_layers): ModuleList(
    (0): GCNConv(1433, 256)
    (1): GCNConv(256, 256)
  )
)
Successfully loaded pre-trained weights!
use RobustPrompt Inductive
defense pt dict :  {'sim_pt': 0.4, 'degree_pt': -1, 'out_detect_pt': -1.0, 'other_pt': 'all'}
use_attention :  False
kl_global :  False
cosine_constraint :  True
pt_threshold :  0.25
filter_module :  OriginalFilter
temperature :  1.0
weight_mse 0.1
weight_kl :  0.1
weight_constraint :  0.0
prepare induce graph data is finished!
run RobustPrompt-I
Epoch 001 |  Time(s) 0.1057 | RobustPrompt-I Loss 1.9480  
Epoch 002 |  Time(s) 0.0940 | RobustPrompt-I Loss 1.9425  
Epoch 003 |  Time(s) 0.0948 | RobustPrompt-I Loss 1.9312  
Epoch 004 |  Time(s) 0.0942 | RobustPrompt-I Loss 1.9262  
Epoch 005 |  Time(s) 0.0941 | RobustPrompt-I Loss 1.9070  
Epoch 006 |  Time(s) 0.0942 | RobustPrompt-I Loss 1.8876  
Epoch 007 |  Time(s) 0.0928 | RobustPrompt-I Loss 1.8714  
Epoch 008 |  Time(s) 0.0945 | RobustPrompt-I Loss 1.8586  
Epoch 009 |  Time(s) 0.0968 | RobustPrompt-I Loss nan  
Epoch 010 |  Time(s) 0.1172 | RobustPrompt-I Loss nan  
Epoch 011 |  Time(s) 0.0950 | RobustPrompt-I Loss nan  
Epoch 012 |  Time(s) 0.0984 | RobustPrompt-I Loss nan  
Epoch 013 |  Time(s) 0.0994 | RobustPrompt-I Loss nan  
Epoch 014 |  Time(s) 0.0946 | RobustPrompt-I Loss nan  
Epoch 015 |  Time(s) 0.0983 | RobustPrompt-I Loss nan  
Epoch 016 |  Time(s) 0.0938 | RobustPrompt-I Loss nan  
Epoch 017 |  Time(s) 0.0948 | RobustPrompt-I Loss nan  
Epoch 018 |  Time(s) 0.0963 | RobustPrompt-I Loss nan  
Epoch 019 |  Time(s) 0.0952 | RobustPrompt-I Loss nan  
Epoch 020 |  Time(s) 0.0942 | RobustPrompt-I Loss nan  
Epoch 021 |  Time(s) 0.0955 | RobustPrompt-I Loss nan  
Epoch 022 |  Time(s) 0.0944 | RobustPrompt-I Loss nan  
Epoch 023 |  Time(s) 0.0954 | RobustPrompt-I Loss nan  
Epoch 024 |  Time(s) 0.0950 | RobustPrompt-I Loss nan  
Epoch 025 |  Time(s) 0.0967 | RobustPrompt-I Loss nan  
Epoch 026 |  Time(s) 0.0951 | RobustPrompt-I Loss nan  
Epoch 027 |  Time(s) 0.0952 | RobustPrompt-I Loss nan  
----------------------------------------------------------------------------------------------------
Early stopping at 28 eopch!
load LLC or attacked data with specified split
Successfully loaded the attack of dataname with few shot 5, split 1
Attack method : Meta_Self | Attack ptb : 0.25 | Dataset: Cora
======================
Number of graphs: 1
Number of features: 1433
Number of classes: 7

Data(x=[2708, 1433], edge_index=[2, 16028], y=[2708], train_mask=[2708], val_mask=[2708], test_mask=[2708])
===========================================================================================================
Number of nodes: 2708
Number of edges: 16028
Average node degree: 5.92
Has isolated nodes: False
Has self-loops: True
Is undirected: True
GCN(
  (conv_layers): ModuleList(
    (0): GCNConv(1433, 256)
    (1): GCNConv(256, 256)
  )
)
Successfully loaded pre-trained weights!
use RobustPrompt Inductive
defense pt dict :  {'sim_pt': 0.4, 'degree_pt': -1, 'out_detect_pt': -1.0, 'other_pt': 'all'}
use_attention :  False
kl_global :  False
cosine_constraint :  True
pt_threshold :  0.25
filter_module :  OriginalFilter
temperature :  1.0
weight_mse 0.1
weight_kl :  0.1
weight_constraint :  0.0
prepare induce graph data is finished!
run RobustPrompt-I
Epoch 001 |  Time(s) 0.1019 | RobustPrompt-I Loss 1.9446  
Epoch 002 |  Time(s) 0.0953 | RobustPrompt-I Loss 1.9411  
Epoch 003 |  Time(s) 0.0952 | RobustPrompt-I Loss 1.9261  
Epoch 004 |  Time(s) 0.0943 | RobustPrompt-I Loss 1.9207  
Epoch 005 |  Time(s) 0.0960 | RobustPrompt-I Loss 1.8948  
Epoch 006 |  Time(s) 0.1000 | RobustPrompt-I Loss 1.8850  
Epoch 007 |  Time(s) 0.0957 | RobustPrompt-I Loss 1.8566  
Epoch 008 |  Time(s) 0.1555 | RobustPrompt-I Loss 1.8394  
Epoch 009 |  Time(s) 0.1260 | RobustPrompt-I Loss 1.8117  
Epoch 010 |  Time(s) 0.1268 | RobustPrompt-I Loss 1.7832  
Epoch 011 |  Time(s) 0.1096 | RobustPrompt-I Loss 1.7670  
Epoch 012 |  Time(s) 0.0972 | RobustPrompt-I Loss 1.7412  
Epoch 013 |  Time(s) 0.0955 | RobustPrompt-I Loss 1.7127  
Epoch 014 |  Time(s) 0.0920 | RobustPrompt-I Loss 1.6919  
Epoch 015 |  Time(s) 0.0931 | RobustPrompt-I Loss 1.6728  
Epoch 016 |  Time(s) 0.0935 | RobustPrompt-I Loss 1.6539  
Epoch 017 |  Time(s) 0.0927 | RobustPrompt-I Loss 1.6314  
Epoch 018 |  Time(s) 0.2263 | RobustPrompt-I Loss 1.6255  
Epoch 019 |  Time(s) 0.0972 | RobustPrompt-I Loss 1.6245  
Epoch 020 |  Time(s) 0.0932 | RobustPrompt-I Loss 1.6041  
Epoch 021 |  Time(s) 0.0933 | RobustPrompt-I Loss 1.5857  
Epoch 022 |  Time(s) 0.0954 | RobustPrompt-I Loss 1.5662  
Epoch 023 |  Time(s) 0.0944 | RobustPrompt-I Loss 1.5637  
Epoch 024 |  Time(s) 0.0955 | RobustPrompt-I Loss 1.5455  
Epoch 025 |  Time(s) 0.0932 | RobustPrompt-I Loss 1.5459  
Epoch 026 |  Time(s) 0.0927 | RobustPrompt-I Loss 1.5150  
Epoch 027 |  Time(s) 0.0929 | RobustPrompt-I Loss 1.5156  
Epoch 028 |  Time(s) 0.0937 | RobustPrompt-I Loss 1.5062  
Epoch 029 |  Time(s) 0.0935 | RobustPrompt-I Loss 1.4964  
Epoch 030 |  Time(s) 0.0939 | RobustPrompt-I Loss 1.4910  
Epoch 031 |  Time(s) 0.0938 | RobustPrompt-I Loss 1.4657  
Epoch 032 |  Time(s) 0.0935 | RobustPrompt-I Loss 1.4344  
Epoch 033 |  Time(s) 0.1069 | RobustPrompt-I Loss 1.4415  
Epoch 034 |  Time(s) 0.0938 | RobustPrompt-I Loss 1.4357  
Epoch 035 |  Time(s) 0.0937 | RobustPrompt-I Loss 1.4040  
Epoch 036 |  Time(s) 0.0938 | RobustPrompt-I Loss 1.3906  
Epoch 037 |  Time(s) 0.0927 | RobustPrompt-I Loss 1.3996  
Epoch 038 |  Time(s) 0.0923 | RobustPrompt-I Loss nan  
Epoch 039 |  Time(s) 0.0919 | RobustPrompt-I Loss nan  
Epoch 040 |  Time(s) 0.0928 | RobustPrompt-I Loss nan  
Epoch 041 |  Time(s) 0.0916 | RobustPrompt-I Loss nan  
Epoch 042 |  Time(s) 0.0923 | RobustPrompt-I Loss nan  
Epoch 043 |  Time(s) 0.0931 | RobustPrompt-I Loss nan  
Epoch 044 |  Time(s) 0.0926 | RobustPrompt-I Loss nan  
Epoch 045 |  Time(s) 0.0937 | RobustPrompt-I Loss nan  
Epoch 046 |  Time(s) 0.0930 | RobustPrompt-I Loss nan  
Epoch 047 |  Time(s) 0.0929 | RobustPrompt-I Loss nan  
Epoch 048 |  Time(s) 0.0947 | RobustPrompt-I Loss nan  
Epoch 049 |  Time(s) 0.0945 | RobustPrompt-I Loss nan  
Epoch 050 |  Time(s) 0.0921 | RobustPrompt-I Loss nan  
Epoch 051 |  Time(s) 0.0926 | RobustPrompt-I Loss nan  
Epoch 052 |  Time(s) 0.0931 | RobustPrompt-I Loss nan  
Epoch 053 |  Time(s) 0.0924 | RobustPrompt-I Loss nan  
Epoch 054 |  Time(s) 0.0930 | RobustPrompt-I Loss nan  
Epoch 055 |  Time(s) 0.0930 | RobustPrompt-I Loss nan  
----------------------------------------------------------------------------------------------------
Early stopping at 56 eopch!
load LLC or attacked data with specified split
Successfully loaded the attack of dataname with few shot 5, split 1
Attack method : Meta_Self | Attack ptb : 0.25 | Dataset: Cora
======================
Number of graphs: 1
Number of features: 1433
Number of classes: 7

Data(x=[2708, 1433], edge_index=[2, 16028], y=[2708], train_mask=[2708], val_mask=[2708], test_mask=[2708])
===========================================================================================================
Number of nodes: 2708
Number of edges: 16028
Average node degree: 5.92
Has isolated nodes: False
Has self-loops: True
Is undirected: True
GCN(
  (conv_layers): ModuleList(
    (0): GCNConv(1433, 256)
    (1): GCNConv(256, 256)
  )
)
Successfully loaded pre-trained weights!
use RobustPrompt Inductive
defense pt dict :  {'sim_pt': 0.4, 'degree_pt': -1, 'out_detect_pt': -1.0, 'other_pt': 'all'}
use_attention :  False
kl_global :  False
cosine_constraint :  True
pt_threshold :  0.25
filter_module :  OriginalFilter
temperature :  1.0
weight_mse 0.1
weight_kl :  0.1
weight_constraint :  0.0
prepare induce graph data is finished!
run RobustPrompt-I
Epoch 001 |  Time(s) 0.1081 | RobustPrompt-I Loss 1.9443  
Epoch 002 |  Time(s) 0.0943 | RobustPrompt-I Loss 1.9417  
Epoch 003 |  Time(s) 0.0932 | RobustPrompt-I Loss 1.9317  
Epoch 004 |  Time(s) 0.0928 | RobustPrompt-I Loss 1.9174  
Epoch 005 |  Time(s) 0.0932 | RobustPrompt-I Loss 1.9042  
Epoch 006 |  Time(s) 0.0941 | RobustPrompt-I Loss 1.8880  
Epoch 007 |  Time(s) 0.2652 | RobustPrompt-I Loss 1.8697  
Epoch 008 |  Time(s) 0.0941 | RobustPrompt-I Loss 1.8504  
Epoch 009 |  Time(s) 0.0935 | RobustPrompt-I Loss 1.8301  
Epoch 010 |  Time(s) 0.0950 | RobustPrompt-I Loss 1.8046  
Epoch 011 |  Time(s) 0.0950 | RobustPrompt-I Loss 1.7787  
Epoch 012 |  Time(s) 0.0945 | RobustPrompt-I Loss 1.7536  
Epoch 013 |  Time(s) 0.0949 | RobustPrompt-I Loss 1.7285  
Epoch 014 |  Time(s) 0.0999 | RobustPrompt-I Loss 1.7283  
Epoch 015 |  Time(s) 0.0957 | RobustPrompt-I Loss 1.6944  
Epoch 016 |  Time(s) 0.0946 | RobustPrompt-I Loss 1.6667  
Epoch 017 |  Time(s) 0.0936 | RobustPrompt-I Loss 1.6697  
Epoch 018 |  Time(s) 0.0943 | RobustPrompt-I Loss 1.6236  
Epoch 019 |  Time(s) 0.1769 | RobustPrompt-I Loss 1.6215  
Epoch 020 |  Time(s) 0.1347 | RobustPrompt-I Loss 1.6039  
Epoch 021 |  Time(s) 0.0971 | RobustPrompt-I Loss 1.5904  
Epoch 022 |  Time(s) 0.0926 | RobustPrompt-I Loss nan  
Epoch 023 |  Time(s) 0.0924 | RobustPrompt-I Loss nan  
Epoch 024 |  Time(s) 0.0930 | RobustPrompt-I Loss nan  
Epoch 025 |  Time(s) 0.0933 | RobustPrompt-I Loss nan  
Epoch 026 |  Time(s) 0.0935 | RobustPrompt-I Loss nan  
Epoch 027 |  Time(s) 0.0932 | RobustPrompt-I Loss nan  
Epoch 028 |  Time(s) 0.0936 | RobustPrompt-I Loss nan  
Epoch 029 |  Time(s) 0.0931 | RobustPrompt-I Loss nan  
Epoch 030 |  Time(s) 0.0935 | RobustPrompt-I Loss nan  
Epoch 031 |  Time(s) 0.1324 | RobustPrompt-I Loss nan  
Epoch 032 |  Time(s) 0.1470 | RobustPrompt-I Loss nan  
Epoch 033 |  Time(s) 0.1018 | RobustPrompt-I Loss nan  
Epoch 034 |  Time(s) 0.0934 | RobustPrompt-I Loss nan  
Epoch 035 |  Time(s) 0.0929 | RobustPrompt-I Loss nan  
Epoch 036 |  Time(s) 0.0933 | RobustPrompt-I Loss nan  
Epoch 037 |  Time(s) 0.0933 | RobustPrompt-I Loss nan  
Epoch 038 |  Time(s) 0.0934 | RobustPrompt-I Loss nan  
Epoch 039 |  Time(s) 0.0936 | RobustPrompt-I Loss nan  
Epoch 040 |  Time(s) 0.0941 | RobustPrompt-I Loss nan  
----------------------------------------------------------------------------------------------------
Early stopping at 41 eopch!
load LLC or attacked data with specified split
Successfully loaded the attack of dataname with few shot 5, split 1
Attack method : Meta_Self | Attack ptb : 0.25 | Dataset: Cora
======================
Number of graphs: 1
Number of features: 1433
Number of classes: 7

Data(x=[2708, 1433], edge_index=[2, 16028], y=[2708], train_mask=[2708], val_mask=[2708], test_mask=[2708])
===========================================================================================================
Number of nodes: 2708
Number of edges: 16028
Average node degree: 5.92
Has isolated nodes: False
Has self-loops: True
Is undirected: True
GCN(
  (conv_layers): ModuleList(
    (0): GCNConv(1433, 256)
    (1): GCNConv(256, 256)
  )
)
Successfully loaded pre-trained weights!
use RobustPrompt Inductive
defense pt dict :  {'sim_pt': 0.4, 'degree_pt': -1, 'out_detect_pt': -1.0, 'other_pt': 'all'}
use_attention :  False
kl_global :  False
cosine_constraint :  True
pt_threshold :  0.25
filter_module :  OriginalFilter
temperature :  1.0
weight_mse 0.1
weight_kl :  0.1
weight_constraint :  0.0
prepare induce graph data is finished!
run RobustPrompt-I
Epoch 001 |  Time(s) 0.1039 | RobustPrompt-I Loss 1.9478  
Epoch 002 |  Time(s) 0.0946 | RobustPrompt-I Loss 1.9421  
Epoch 003 |  Time(s) 0.0947 | RobustPrompt-I Loss 1.9339  
Epoch 004 |  Time(s) 0.0948 | RobustPrompt-I Loss 1.9192  
Epoch 005 |  Time(s) 0.0942 | RobustPrompt-I Loss nan  
Epoch 006 |  Time(s) 0.1520 | RobustPrompt-I Loss nan  
Epoch 007 |  Time(s) 0.0945 | RobustPrompt-I Loss nan  
Epoch 008 |  Time(s) 0.0924 | RobustPrompt-I Loss nan  
Epoch 009 |  Time(s) 0.0936 | RobustPrompt-I Loss nan  
Epoch 010 |  Time(s) 0.0930 | RobustPrompt-I Loss nan  
Epoch 011 |  Time(s) 0.0937 | RobustPrompt-I Loss nan  
Epoch 012 |  Time(s) 0.0923 | RobustPrompt-I Loss nan  
Epoch 013 |  Time(s) 0.0936 | RobustPrompt-I Loss nan  
Epoch 014 |  Time(s) 0.0935 | RobustPrompt-I Loss nan  
Epoch 015 |  Time(s) 0.1304 | RobustPrompt-I Loss nan  
Epoch 016 |  Time(s) 0.0969 | RobustPrompt-I Loss nan  
Epoch 017 |  Time(s) 0.1332 | RobustPrompt-I Loss nan  
Epoch 018 |  Time(s) 0.0934 | RobustPrompt-I Loss nan  
Epoch 019 |  Time(s) 0.0935 | RobustPrompt-I Loss nan  
Epoch 020 |  Time(s) 0.0930 | RobustPrompt-I Loss nan  
Epoch 021 |  Time(s) 0.0919 | RobustPrompt-I Loss nan  
Epoch 022 |  Time(s) 0.0934 | RobustPrompt-I Loss nan  
Epoch 023 |  Time(s) 0.0929 | RobustPrompt-I Loss nan  
----------------------------------------------------------------------------------------------------
Early stopping at 24 eopch!
{1: {1: nan}, 2: {1: nan}, 3: {1: nan}, 4: {1: nan}, 5: {1: nan}}
{1: {1: nan, 2: nan, 3: nan, 4: nan, 5: nan}}
########################################################################################
seed: 1 | split 1 : nan
# Seed 1 Muti Split Final Acc: nan±nan
seed: 2 | split 1 : nan
# Seed 2 Muti Split Final Acc: nan±nan
seed: 3 | split 1 : nan
# Seed 3 Muti Split Final Acc: nan±nan
seed: 4 | split 1 : nan
# Seed 4 Muti Split Final Acc: nan±nan
seed: 5 | split 1 : nan
# Seed 5 Muti Split Final Acc: nan±nan
########################################################################################
split: 1 | seed 1 : nan
split: 1 | seed 2 : nan
split: 1 | seed 3 : nan
split: 1 | seed 4 : nan
split: 1 | seed 5 : nan
# Split 1 Muti Seed Acc without min value: nan±nan
########################################################################################
Done sim=0.4, ptb=0.25, end=2026-06-08 23:24:54, duration=00:00:44
