Start sim=0.6, ptb=0.25, time=2026-06-08 23:25:42, log=logs/RobustPrompt-I/ft_sim0.6_0.25_20260608_232542.log
load LLC or attacked data with specified split
Successfully loaded the attack of dataname with few shot 5, split 1
Attack method : Meta_Self | Attack ptb : 0.25 | Dataset: Cora
======================
Number of graphs: 1
Number of features: 1433
Number of classes: 7

Data(x=[2708, 1433], edge_index=[2, 16028], y=[2708], train_mask=[2708], val_mask=[2708], test_mask=[2708])
===========================================================================================================
Number of nodes: 2708
Number of edges: 16028
Average node degree: 5.92
Has isolated nodes: False
Has self-loops: True
Is undirected: True
GCN(
  (conv_layers): ModuleList(
    (0): GCNConv(1433, 256)
    (1): GCNConv(256, 256)
  )
)
Successfully loaded pre-trained weights!
use RobustPrompt Inductive
defense pt dict :  {'sim_pt': 0.6, 'degree_pt': -1, 'out_detect_pt': -1.0, 'other_pt': 'all'}
use_attention :  False
kl_global :  False
cosine_constraint :  True
pt_threshold :  0.25
filter_module :  OriginalFilter
temperature :  1.0
weight_mse 0.1
weight_kl :  0.1
weight_constraint :  0.0
prepare induce graph data is finished!
run RobustPrompt-I
Epoch 001 |  Time(s) 0.3925 | RobustPrompt-I Loss 1.9458  
Epoch 002 |  Time(s) 0.0932 | RobustPrompt-I Loss 1.9429  
Epoch 003 |  Time(s) 0.0925 | RobustPrompt-I Loss 1.9380  
Epoch 004 |  Time(s) 0.1029 | RobustPrompt-I Loss 1.9318  
Epoch 005 |  Time(s) 0.0958 | RobustPrompt-I Loss 1.9263  
Epoch 006 |  Time(s) 0.0929 | RobustPrompt-I Loss 1.9114  
Epoch 007 |  Time(s) 0.0941 | RobustPrompt-I Loss 1.8931  
Epoch 008 |  Time(s) 0.0918 | RobustPrompt-I Loss 1.8954  
Epoch 009 |  Time(s) 0.0936 | RobustPrompt-I Loss 1.8678  
Epoch 010 |  Time(s) 0.0917 | RobustPrompt-I Loss 1.8543  
Epoch 011 |  Time(s) 0.0922 | RobustPrompt-I Loss 1.8283  
Epoch 012 |  Time(s) 0.0910 | RobustPrompt-I Loss 1.8057  
Epoch 013 |  Time(s) 0.0913 | RobustPrompt-I Loss 1.8000  
Epoch 014 |  Time(s) 0.0923 | RobustPrompt-I Loss 1.7823  
Epoch 015 |  Time(s) 0.0913 | RobustPrompt-I Loss 1.7455  
Epoch 016 |  Time(s) 0.0917 | RobustPrompt-I Loss 1.7340  
Epoch 017 |  Time(s) 0.0920 | RobustPrompt-I Loss 1.7183  
Epoch 018 |  Time(s) 0.0931 | RobustPrompt-I Loss 1.6871  
Epoch 019 |  Time(s) 0.0916 | RobustPrompt-I Loss 1.6815  
Epoch 020 |  Time(s) 0.0917 | RobustPrompt-I Loss 1.6738  
Epoch 021 |  Time(s) 0.0911 | RobustPrompt-I Loss 1.6400  
Epoch 022 |  Time(s) 0.0922 | RobustPrompt-I Loss 1.6289  
Epoch 023 |  Time(s) 0.0919 | RobustPrompt-I Loss 1.6341  
Epoch 024 |  Time(s) 0.0920 | RobustPrompt-I Loss 1.5962  
Epoch 025 |  Time(s) 0.0932 | RobustPrompt-I Loss 1.5936  
Epoch 026 |  Time(s) 0.0914 | RobustPrompt-I Loss 1.6045  
Epoch 027 |  Time(s) 0.0913 | RobustPrompt-I Loss 1.5533  
Epoch 028 |  Time(s) 0.0926 | RobustPrompt-I Loss 1.6692  
Epoch 029 |  Time(s) 0.0932 | RobustPrompt-I Loss 1.6732  
Epoch 030 |  Time(s) 0.0918 | RobustPrompt-I Loss 1.5084  
Epoch 031 |  Time(s) 0.0920 | RobustPrompt-I Loss 1.6387  
Epoch 032 |  Time(s) 0.0905 | RobustPrompt-I Loss 1.6267  
Epoch 033 |  Time(s) 0.0921 | RobustPrompt-I Loss 1.4739  
Epoch 034 |  Time(s) 0.0913 | RobustPrompt-I Loss 1.5287  
Epoch 035 |  Time(s) 0.0958 | RobustPrompt-I Loss 1.5119  
Epoch 036 |  Time(s) 0.1164 | RobustPrompt-I Loss 1.4540  
Epoch 037 |  Time(s) 0.0915 | RobustPrompt-I Loss 1.4952  
Epoch 038 |  Time(s) 0.0914 | RobustPrompt-I Loss 1.4340  
Epoch 039 |  Time(s) 0.0914 | RobustPrompt-I Loss 1.4658  
Epoch 040 |  Time(s) 0.0912 | RobustPrompt-I Loss 1.4796  
Epoch 041 |  Time(s) 0.0912 | RobustPrompt-I Loss 1.4112  
Epoch 042 |  Time(s) 0.0923 | RobustPrompt-I Loss 1.3731  
Epoch 043 |  Time(s) 0.0920 | RobustPrompt-I Loss 1.4308  
Epoch 044 |  Time(s) 0.0913 | RobustPrompt-I Loss 1.3716  
Epoch 045 |  Time(s) 0.0924 | RobustPrompt-I Loss 1.3762  
Epoch 046 |  Time(s) 0.0918 | RobustPrompt-I Loss 1.3763  
Epoch 047 |  Time(s) 0.0927 | RobustPrompt-I Loss 1.3239  
Epoch 048 |  Time(s) 0.0909 | RobustPrompt-I Loss 1.2904  
Epoch 049 |  Time(s) 0.0915 | RobustPrompt-I Loss 1.3263  
Epoch 050 |  Time(s) 0.0915 | RobustPrompt-I Loss 1.3069  
Epoch 051 |  Time(s) 0.0913 | RobustPrompt-I Loss 1.2672  
Epoch 052 |  Time(s) 0.0914 | RobustPrompt-I Loss 1.2524  
Epoch 053 |  Time(s) 0.0911 | RobustPrompt-I Loss 1.2814  
Epoch 054 |  Time(s) 0.0916 | RobustPrompt-I Loss 1.2482  
Epoch 055 |  Time(s) 0.0912 | RobustPrompt-I Loss 1.2039  
Epoch 056 |  Time(s) 0.0912 | RobustPrompt-I Loss 1.1982  
Epoch 057 |  Time(s) 0.0917 | RobustPrompt-I Loss 1.2011  
Epoch 058 |  Time(s) 0.0921 | RobustPrompt-I Loss 1.1747  
Epoch 059 |  Time(s) 0.0910 | RobustPrompt-I Loss 1.1899  
Epoch 060 |  Time(s) 0.0916 | RobustPrompt-I Loss 1.1770  
Epoch 061 |  Time(s) 0.0911 | RobustPrompt-I Loss 1.1244  
Epoch 062 |  Time(s) 0.0929 | RobustPrompt-I Loss 1.0991  
Epoch 063 |  Time(s) 0.0917 | RobustPrompt-I Loss 1.1573  
Epoch 064 |  Time(s) 0.0924 | RobustPrompt-I Loss 1.1397  
Epoch 065 |  Time(s) 0.0921 | RobustPrompt-I Loss 1.0855  
Epoch 066 |  Time(s) 0.0911 | RobustPrompt-I Loss 1.0704  
Epoch 067 |  Time(s) 0.0924 | RobustPrompt-I Loss 1.0785  
Epoch 068 |  Time(s) 0.0920 | RobustPrompt-I Loss 1.0503  
Epoch 069 |  Time(s) 0.0922 | RobustPrompt-I Loss 1.0670  
Epoch 070 |  Time(s) 0.0922 | RobustPrompt-I Loss 1.0551  
Epoch 071 |  Time(s) 0.0919 | RobustPrompt-I Loss 1.0227  
Epoch 072 |  Time(s) 0.0923 | RobustPrompt-I Loss 1.0088  
Epoch 073 |  Time(s) 0.0920 | RobustPrompt-I Loss 1.0213  
Epoch 074 |  Time(s) 0.0913 | RobustPrompt-I Loss 0.9913  
Epoch 075 |  Time(s) 0.0913 | RobustPrompt-I Loss 1.0211  
Epoch 076 |  Time(s) 0.0920 | RobustPrompt-I Loss 1.0107  
Epoch 077 |  Time(s) 0.0921 | RobustPrompt-I Loss 0.9564  
Epoch 078 |  Time(s) 0.0913 | RobustPrompt-I Loss 0.9600  
Epoch 079 |  Time(s) 0.0918 | RobustPrompt-I Loss 0.9567  
Epoch 080 |  Time(s) 0.0928 | RobustPrompt-I Loss 0.9225  
Epoch 081 |  Time(s) 0.0919 | RobustPrompt-I Loss 0.9775  
Epoch 082 |  Time(s) 0.0930 | RobustPrompt-I Loss 0.9367  
Epoch 083 |  Time(s) 0.0935 | RobustPrompt-I Loss 0.9446  
Epoch 084 |  Time(s) 0.0924 | RobustPrompt-I Loss 0.9391  
Epoch 085 |  Time(s) 0.0929 | RobustPrompt-I Loss 0.8919  
Epoch 086 |  Time(s) 0.1230 | RobustPrompt-I Loss 0.9479  
Epoch 087 |  Time(s) 0.1880 | RobustPrompt-I Loss 0.8964  
Epoch 088 |  Time(s) 0.1042 | RobustPrompt-I Loss 0.9937  
Epoch 089 |  Time(s) 0.1299 | RobustPrompt-I Loss 1.0274  
Epoch 090 |  Time(s) 0.1547 | RobustPrompt-I Loss 0.8582  
Epoch 091 |  Time(s) 0.0953 | RobustPrompt-I Loss 1.1211  
Epoch 092 |  Time(s) 0.0908 | RobustPrompt-I Loss 1.2619  
Epoch 093 |  Time(s) 0.0909 | RobustPrompt-I Loss 0.9960  
Epoch 094 |  Time(s) 0.0917 | RobustPrompt-I Loss 0.9005  
Epoch 095 |  Time(s) 0.0913 | RobustPrompt-I Loss 0.9867  
Epoch 096 |  Time(s) 0.0913 | RobustPrompt-I Loss 0.9071  
Epoch 097 |  Time(s) 0.0920 | RobustPrompt-I Loss 0.9017  
Epoch 098 |  Time(s) 0.0909 | RobustPrompt-I Loss 0.9158  
Epoch 099 |  Time(s) 0.0952 | RobustPrompt-I Loss 0.8818  
Epoch 100 |  Time(s) 0.0926 | RobustPrompt-I Loss 0.8843  
Epoch 101 |  Time(s) 0.0911 | RobustPrompt-I Loss 0.8540  
Epoch 102 |  Time(s) 0.0904 | RobustPrompt-I Loss 0.8628  
Epoch 103 |  Time(s) 0.0910 | RobustPrompt-I Loss 0.8408  
Epoch 104 |  Time(s) 0.0907 | RobustPrompt-I Loss 0.8481  
Epoch 105 |  Time(s) 0.0906 | RobustPrompt-I Loss 0.8369  
Epoch 106 |  Time(s) 0.0915 | RobustPrompt-I Loss 0.8125  
Epoch 107 |  Time(s) 0.0914 | RobustPrompt-I Loss 0.8220  
Epoch 108 |  Time(s) 0.0911 | RobustPrompt-I Loss 0.7928  
Epoch 109 |  Time(s) 0.0910 | RobustPrompt-I Loss 0.8327  
Epoch 110 |  Time(s) 0.0930 | RobustPrompt-I Loss 0.8006  
Epoch 111 |  Time(s) 0.0909 | RobustPrompt-I Loss 0.8213  
Epoch 112 |  Time(s) 0.0915 | RobustPrompt-I Loss 0.8320  
Epoch 113 |  Time(s) 0.0914 | RobustPrompt-I Loss 0.7713  
Epoch 114 |  Time(s) 0.0911 | RobustPrompt-I Loss 0.8101  
Epoch 115 |  Time(s) 0.0910 | RobustPrompt-I Loss 0.7898  
Epoch 116 |  Time(s) 0.0910 | RobustPrompt-I Loss 0.7861  
Epoch 117 |  Time(s) 0.0917 | RobustPrompt-I Loss 0.8006  
Epoch 118 |  Time(s) 0.0916 | RobustPrompt-I Loss 0.7619  
Epoch 119 |  Time(s) 0.0924 | RobustPrompt-I Loss 0.7764  
Epoch 120 |  Time(s) 0.0920 | RobustPrompt-I Loss 0.7506  
Epoch 121 |  Time(s) 0.0942 | RobustPrompt-I Loss 0.7849  
Epoch 122 |  Time(s) 0.0919 | RobustPrompt-I Loss 0.7746  
Epoch 123 |  Time(s) 0.0915 | RobustPrompt-I Loss 0.7446  
Epoch 124 |  Time(s) 0.0916 | RobustPrompt-I Loss 0.7544  
Epoch 125 |  Time(s) 0.0917 | RobustPrompt-I Loss 0.7365  
Epoch 126 |  Time(s) 0.0915 | RobustPrompt-I Loss 0.7423  
Epoch 127 |  Time(s) 0.0938 | RobustPrompt-I Loss 0.7261  
Epoch 128 |  Time(s) 0.0915 | RobustPrompt-I Loss 0.7305  
Epoch 129 |  Time(s) 0.0912 | RobustPrompt-I Loss 0.7060  
Epoch 130 |  Time(s) 0.1251 | RobustPrompt-I Loss 0.7416  
Epoch 131 |  Time(s) 0.1039 | RobustPrompt-I Loss 0.7199  
Epoch 132 |  Time(s) 0.0988 | RobustPrompt-I Loss 0.7135  
Epoch 133 |  Time(s) 0.0916 | RobustPrompt-I Loss 0.7151  
Epoch 134 |  Time(s) 0.0920 | RobustPrompt-I Loss 0.6964  
Epoch 135 |  Time(s) 0.1934 | RobustPrompt-I Loss 0.7008  
Epoch 136 |  Time(s) 0.0976 | RobustPrompt-I Loss 0.6880  
Epoch 137 |  Time(s) 0.0924 | RobustPrompt-I Loss 0.6849  
Epoch 138 |  Time(s) 0.0938 | RobustPrompt-I Loss 0.6807  
Epoch 139 |  Time(s) 0.0886 | RobustPrompt-I Loss 0.6817  
Epoch 140 |  Time(s) 0.0893 | RobustPrompt-I Loss 0.6690  
Epoch 141 |  Time(s) 0.0889 | RobustPrompt-I Loss 0.6631  
Epoch 142 |  Time(s) 0.0879 | RobustPrompt-I Loss 0.6681  
Epoch 143 |  Time(s) 0.0897 | RobustPrompt-I Loss 0.6457  
Epoch 144 |  Time(s) 0.0884 | RobustPrompt-I Loss 0.6583  
Epoch 145 |  Time(s) 0.0883 | RobustPrompt-I Loss 0.6373  
Epoch 146 |  Time(s) 0.0872 | RobustPrompt-I Loss 0.6450  
Epoch 147 |  Time(s) 0.0877 | RobustPrompt-I Loss 0.6352  
Epoch 148 |  Time(s) 0.0896 | RobustPrompt-I Loss 0.6346  
Epoch 149 |  Time(s) 0.0887 | RobustPrompt-I Loss 0.6240  
Epoch 150 |  Time(s) 0.0880 | RobustPrompt-I Loss 0.6217  
Epoch 151 |  Time(s) 0.0902 | RobustPrompt-I Loss 0.6215  
Epoch 152 |  Time(s) 0.0890 | RobustPrompt-I Loss 0.6070  
Epoch 153 |  Time(s) 0.0889 | RobustPrompt-I Loss 0.6211  
Epoch 154 |  Time(s) 0.0896 | RobustPrompt-I Loss 0.5962  
Epoch 155 |  Time(s) 0.0904 | RobustPrompt-I Loss 0.6423  
Epoch 156 |  Time(s) 0.0879 | RobustPrompt-I Loss 0.6263  
Epoch 157 |  Time(s) 0.0907 | RobustPrompt-I Loss 0.5980  
Epoch 158 |  Time(s) 0.0876 | RobustPrompt-I Loss 0.5968  
Epoch 159 |  Time(s) 0.0874 | RobustPrompt-I Loss 0.5990  
Epoch 160 |  Time(s) 0.0877 | RobustPrompt-I Loss 0.5888  
Epoch 161 |  Time(s) 0.0873 | RobustPrompt-I Loss 0.6067  
Epoch 162 |  Time(s) 0.0872 | RobustPrompt-I Loss 0.6018  
Epoch 163 |  Time(s) 0.0878 | RobustPrompt-I Loss 0.5777  
Epoch 164 |  Time(s) 0.0921 | RobustPrompt-I Loss 0.5724  
Epoch 165 |  Time(s) 0.0899 | RobustPrompt-I Loss 0.6018  
Epoch 166 |  Time(s) 0.0889 | RobustPrompt-I Loss 0.5932  
Epoch 167 |  Time(s) 0.0888 | RobustPrompt-I Loss 0.5678  
Epoch 168 |  Time(s) 0.0898 | RobustPrompt-I Loss 0.5637  
Epoch 169 |  Time(s) 0.0895 | RobustPrompt-I Loss 0.5770  
Epoch 170 |  Time(s) 0.0881 | RobustPrompt-I Loss 0.5642  
Epoch 171 |  Time(s) 0.0890 | RobustPrompt-I Loss 0.5731  
Epoch 172 |  Time(s) 0.0878 | RobustPrompt-I Loss 0.5678  
Epoch 173 |  Time(s) 0.0883 | RobustPrompt-I Loss 0.5522  
Epoch 174 |  Time(s) 0.0886 | RobustPrompt-I Loss 0.5453  
Epoch 175 |  Time(s) 0.0899 | RobustPrompt-I Loss 0.5644  
Epoch 176 |  Time(s) 0.0888 | RobustPrompt-I Loss 0.5546  
Epoch 177 |  Time(s) 0.0882 | RobustPrompt-I Loss 0.5489  
Epoch 178 |  Time(s) 0.0877 | RobustPrompt-I Loss 0.5462  
Epoch 179 |  Time(s) 0.0886 | RobustPrompt-I Loss 0.5454  
Epoch 180 |  Time(s) 0.0876 | RobustPrompt-I Loss 0.5413  
Epoch 181 |  Time(s) 0.0870 | RobustPrompt-I Loss 0.5376  
Epoch 182 |  Time(s) 0.1705 | RobustPrompt-I Loss 0.5343  
Epoch 183 |  Time(s) 0.0971 | RobustPrompt-I Loss 0.5405  
Epoch 184 |  Time(s) 0.0884 | RobustPrompt-I Loss 0.5302  
Epoch 185 |  Time(s) 0.0930 | RobustPrompt-I Loss 0.5398  
Epoch 186 |  Time(s) 0.1339 | RobustPrompt-I Loss 0.5367  
Epoch 187 |  Time(s) 0.3726 | RobustPrompt-I Loss 0.5188  
Epoch 188 |  Time(s) 0.1189 | RobustPrompt-I Loss 0.5125  
Epoch 189 |  Time(s) 0.1043 | RobustPrompt-I Loss 0.5331  
Epoch 190 |  Time(s) 0.0973 | RobustPrompt-I Loss 0.5246  
Epoch 191 |  Time(s) 0.0937 | RobustPrompt-I Loss 0.5110  
Epoch 192 |  Time(s) 0.0936 | RobustPrompt-I Loss 0.5061  
Epoch 193 |  Time(s) 0.0946 | RobustPrompt-I Loss 0.5158  
Epoch 194 |  Time(s) 0.0943 | RobustPrompt-I Loss 0.5076  
Epoch 195 |  Time(s) 0.0939 | RobustPrompt-I Loss 0.5077  
Epoch 196 |  Time(s) 0.0935 | RobustPrompt-I Loss 0.5010  
Epoch 197 |  Time(s) 0.0939 | RobustPrompt-I Loss 0.5017  
Epoch 198 |  Time(s) 0.0941 | RobustPrompt-I Loss 0.4949  
Epoch 199 |  Time(s) 0.0948 | RobustPrompt-I Loss 0.4971  
Epoch 200 |  Time(s) 0.2061 | RobustPrompt-I Loss 0.4900  
Batch 0 Acc: 0.0400 | Macro-F1: 0.0321
Batch 1 Acc: 0.0600 | Macro-F1: 0.0455
Batch 2 Acc: 0.0400 | Macro-F1: 0.0265
Batch 3 Acc: 0.0900 | Macro-F1: 0.0560
Batch 4 Acc: 0.0700 | Macro-F1: 0.0493
Batch 5 Acc: 0.0500 | Macro-F1: 0.0315
Batch 6 Acc: 0.0500 | Macro-F1: 0.0271
Batch 7 Acc: 0.0700 | Macro-F1: 0.0489
Batch 8 Acc: 0.1000 | Macro-F1: 0.0660
Batch 9 Acc: 0.0700 | Macro-F1: 0.0426
Final True Accuracy: 0.0640 | Macro F1 Score: 0.0428
best_loss [0.4900332987308502]
load LLC or attacked data with specified split
Successfully loaded the attack of dataname with few shot 5, split 1
Attack method : Meta_Self | Attack ptb : 0.25 | Dataset: Cora
======================
Number of graphs: 1
Number of features: 1433
Number of classes: 7

Data(x=[2708, 1433], edge_index=[2, 16028], y=[2708], train_mask=[2708], val_mask=[2708], test_mask=[2708])
===========================================================================================================
Number of nodes: 2708
Number of edges: 16028
Average node degree: 5.92
Has isolated nodes: False
Has self-loops: True
Is undirected: True
GCN(
  (conv_layers): ModuleList(
    (0): GCNConv(1433, 256)
    (1): GCNConv(256, 256)
  )
)
Successfully loaded pre-trained weights!
use RobustPrompt Inductive
defense pt dict :  {'sim_pt': 0.6, 'degree_pt': -1, 'out_detect_pt': -1.0, 'other_pt': 'all'}
use_attention :  False
kl_global :  False
cosine_constraint :  True
pt_threshold :  0.25
filter_module :  OriginalFilter
temperature :  1.0
weight_mse 0.1
weight_kl :  0.1
weight_constraint :  0.0
prepare induce graph data is finished!
run RobustPrompt-I
Epoch 001 |  Time(s) 0.1364 | RobustPrompt-I Loss 1.9484  
Epoch 002 |  Time(s) 0.0965 | RobustPrompt-I Loss 1.9445  
Epoch 003 |  Time(s) 0.0974 | RobustPrompt-I Loss 1.9334  
Epoch 004 |  Time(s) 0.0959 | RobustPrompt-I Loss 1.9290  
Epoch 005 |  Time(s) 0.1021 | RobustPrompt-I Loss 1.9084  
Epoch 006 |  Time(s) 0.0989 | RobustPrompt-I Loss 1.8990  
Epoch 007 |  Time(s) 0.1002 | RobustPrompt-I Loss 1.8814  
Epoch 008 |  Time(s) 0.0985 | RobustPrompt-I Loss 1.8729  
Epoch 009 |  Time(s) 0.0985 | RobustPrompt-I Loss 1.8646  
Epoch 010 |  Time(s) 0.1000 | RobustPrompt-I Loss 1.8407  
Epoch 011 |  Time(s) 0.0981 | RobustPrompt-I Loss 1.8415  
Epoch 012 |  Time(s) 0.0965 | RobustPrompt-I Loss nan  
Epoch 013 |  Time(s) 0.0963 | RobustPrompt-I Loss nan  
Epoch 014 |  Time(s) 0.2750 | RobustPrompt-I Loss nan  
Epoch 015 |  Time(s) 0.0973 | RobustPrompt-I Loss nan  
Epoch 016 |  Time(s) 0.0973 | RobustPrompt-I Loss nan  
Epoch 017 |  Time(s) 0.0979 | RobustPrompt-I Loss nan  
Epoch 018 |  Time(s) 0.0977 | RobustPrompt-I Loss nan  
Epoch 019 |  Time(s) 0.0971 | RobustPrompt-I Loss nan  
Epoch 020 |  Time(s) 0.0976 | RobustPrompt-I Loss nan  
Epoch 021 |  Time(s) 0.0968 | RobustPrompt-I Loss nan  
Epoch 022 |  Time(s) 0.0960 | RobustPrompt-I Loss nan  
Epoch 023 |  Time(s) 0.0971 | RobustPrompt-I Loss nan  
Epoch 024 |  Time(s) 0.0976 | RobustPrompt-I Loss nan  
Epoch 025 |  Time(s) 0.0974 | RobustPrompt-I Loss nan  
Epoch 026 |  Time(s) 0.0973 | RobustPrompt-I Loss nan  
Epoch 027 |  Time(s) 0.0971 | RobustPrompt-I Loss nan  
Epoch 028 |  Time(s) 0.0973 | RobustPrompt-I Loss nan  
Epoch 029 |  Time(s) 0.0981 | RobustPrompt-I Loss nan  
----------------------------------------------------------------------------------------------------
Early stopping at 30 eopch!
load LLC or attacked data with specified split
Successfully loaded the attack of dataname with few shot 5, split 1
Attack method : Meta_Self | Attack ptb : 0.25 | Dataset: Cora
======================
Number of graphs: 1
Number of features: 1433
Number of classes: 7

Data(x=[2708, 1433], edge_index=[2, 16028], y=[2708], train_mask=[2708], val_mask=[2708], test_mask=[2708])
===========================================================================================================
Number of nodes: 2708
Number of edges: 16028
Average node degree: 5.92
Has isolated nodes: False
Has self-loops: True
Is undirected: True
GCN(
  (conv_layers): ModuleList(
    (0): GCNConv(1433, 256)
    (1): GCNConv(256, 256)
  )
)
Successfully loaded pre-trained weights!
use RobustPrompt Inductive
defense pt dict :  {'sim_pt': 0.6, 'degree_pt': -1, 'out_detect_pt': -1.0, 'other_pt': 'all'}
use_attention :  False
kl_global :  False
cosine_constraint :  True
pt_threshold :  0.25
filter_module :  OriginalFilter
temperature :  1.0
weight_mse 0.1
weight_kl :  0.1
weight_constraint :  0.0
prepare induce graph data is finished!
run RobustPrompt-I
Epoch 001 |  Time(s) 0.1037 | RobustPrompt-I Loss 1.9449  
Epoch 002 |  Time(s) 0.2659 | RobustPrompt-I Loss 1.9426  
Epoch 003 |  Time(s) 0.1660 | RobustPrompt-I Loss 1.9348  
Epoch 004 |  Time(s) 0.1893 | RobustPrompt-I Loss 1.9230  
Epoch 005 |  Time(s) 0.0960 | RobustPrompt-I Loss 1.9092  
Epoch 006 |  Time(s) 0.0937 | RobustPrompt-I Loss 1.8926  
Epoch 007 |  Time(s) 0.0944 | RobustPrompt-I Loss 1.8682  
Epoch 008 |  Time(s) 0.0942 | RobustPrompt-I Loss 1.8492  
Epoch 009 |  Time(s) 0.0937 | RobustPrompt-I Loss 1.8304  
Epoch 010 |  Time(s) 0.0938 | RobustPrompt-I Loss 1.8124  
Epoch 011 |  Time(s) 0.0948 | RobustPrompt-I Loss 1.7886  
Epoch 012 |  Time(s) 0.0950 | RobustPrompt-I Loss 1.7689  
Epoch 013 |  Time(s) 0.0953 | RobustPrompt-I Loss 1.7494  
Epoch 014 |  Time(s) 0.0941 | RobustPrompt-I Loss 1.7308  
Epoch 015 |  Time(s) 0.0947 | RobustPrompt-I Loss 1.7141  
Epoch 016 |  Time(s) 0.0952 | RobustPrompt-I Loss 1.6916  
Epoch 017 |  Time(s) 0.0945 | RobustPrompt-I Loss 1.6780  
Epoch 018 |  Time(s) 0.0939 | RobustPrompt-I Loss 1.6603  
Epoch 019 |  Time(s) 0.0947 | RobustPrompt-I Loss 1.6851  
Epoch 020 |  Time(s) 0.0936 | RobustPrompt-I Loss 1.6350  
Epoch 021 |  Time(s) 0.0946 | RobustPrompt-I Loss 1.6178  
Epoch 022 |  Time(s) 0.0942 | RobustPrompt-I Loss 1.6269  
Epoch 023 |  Time(s) 0.0947 | RobustPrompt-I Loss 1.5951  
Epoch 024 |  Time(s) 0.0948 | RobustPrompt-I Loss 1.5677  
Epoch 025 |  Time(s) 0.0950 | RobustPrompt-I Loss 1.5929  
Epoch 026 |  Time(s) 0.0939 | RobustPrompt-I Loss 1.5383  
Epoch 027 |  Time(s) 0.0951 | RobustPrompt-I Loss 1.5455  
Epoch 028 |  Time(s) 0.0948 | RobustPrompt-I Loss 1.5354  
Epoch 029 |  Time(s) 0.0947 | RobustPrompt-I Loss 1.4940  
Epoch 030 |  Time(s) 0.0950 | RobustPrompt-I Loss 1.4847  
Epoch 031 |  Time(s) 0.0949 | RobustPrompt-I Loss 1.5168  
Epoch 032 |  Time(s) 0.0942 | RobustPrompt-I Loss 1.4671  
Epoch 033 |  Time(s) 0.0947 | RobustPrompt-I Loss 1.5317  
Epoch 034 |  Time(s) 0.0951 | RobustPrompt-I Loss 1.5376  
Epoch 035 |  Time(s) 0.0953 | RobustPrompt-I Loss 1.4251  
Epoch 036 |  Time(s) 0.1283 | RobustPrompt-I Loss 1.4150  
Epoch 037 |  Time(s) 0.1155 | RobustPrompt-I Loss 1.4403  
Epoch 038 |  Time(s) 0.1074 | RobustPrompt-I Loss 1.3758  
Epoch 039 |  Time(s) 0.1048 | RobustPrompt-I Loss 1.4516  
Epoch 040 |  Time(s) 0.1923 | RobustPrompt-I Loss 1.4728  
Epoch 041 |  Time(s) 0.1733 | RobustPrompt-I Loss 1.3607  
Epoch 042 |  Time(s) 0.2769 | RobustPrompt-I Loss 1.3393  
Epoch 043 |  Time(s) 0.2867 | RobustPrompt-I Loss nan  
Epoch 044 |  Time(s) 0.3409 | RobustPrompt-I Loss nan  
Epoch 045 |  Time(s) 0.2628 | RobustPrompt-I Loss nan  
Epoch 046 |  Time(s) 0.3899 | RobustPrompt-I Loss nan  
Epoch 047 |  Time(s) 0.2385 | RobustPrompt-I Loss nan  
Epoch 048 |  Time(s) 0.1142 | RobustPrompt-I Loss nan  
Epoch 049 |  Time(s) 0.1039 | RobustPrompt-I Loss nan  
Epoch 050 |  Time(s) 0.0962 | RobustPrompt-I Loss nan  
Epoch 051 |  Time(s) 0.0939 | RobustPrompt-I Loss nan  
Epoch 052 |  Time(s) 0.0935 | RobustPrompt-I Loss nan  
Epoch 053 |  Time(s) 0.0931 | RobustPrompt-I Loss nan  
Epoch 054 |  Time(s) 0.0932 | RobustPrompt-I Loss nan  
Epoch 055 |  Time(s) 0.0934 | RobustPrompt-I Loss nan  
Epoch 056 |  Time(s) 0.0935 | RobustPrompt-I Loss nan  
Epoch 057 |  Time(s) 0.0927 | RobustPrompt-I Loss nan  
Epoch 058 |  Time(s) 0.0991 | RobustPrompt-I Loss nan  
Epoch 059 |  Time(s) 0.0982 | RobustPrompt-I Loss nan  
Epoch 060 |  Time(s) 0.0929 | RobustPrompt-I Loss nan  
Epoch 061 |  Time(s) 0.0991 | RobustPrompt-I Loss nan  
----------------------------------------------------------------------------------------------------
Early stopping at 62 eopch!
load LLC or attacked data with specified split
Successfully loaded the attack of dataname with few shot 5, split 1
Attack method : Meta_Self | Attack ptb : 0.25 | Dataset: Cora
======================
Number of graphs: 1
Number of features: 1433
Number of classes: 7

Data(x=[2708, 1433], edge_index=[2, 16028], y=[2708], train_mask=[2708], val_mask=[2708], test_mask=[2708])
===========================================================================================================
Number of nodes: 2708
Number of edges: 16028
Average node degree: 5.92
Has isolated nodes: False
Has self-loops: True
Is undirected: True
GCN(
  (conv_layers): ModuleList(
    (0): GCNConv(1433, 256)
    (1): GCNConv(256, 256)
  )
)
Successfully loaded pre-trained weights!
use RobustPrompt Inductive
defense pt dict :  {'sim_pt': 0.6, 'degree_pt': -1, 'out_detect_pt': -1.0, 'other_pt': 'all'}
use_attention :  False
kl_global :  False
cosine_constraint :  True
pt_threshold :  0.25
filter_module :  OriginalFilter
temperature :  1.0
weight_mse 0.1
weight_kl :  0.1
weight_constraint :  0.0
prepare induce graph data is finished!
run RobustPrompt-I
Epoch 001 |  Time(s) 0.1370 | RobustPrompt-I Loss 1.9441  
Epoch 002 |  Time(s) 0.0963 | RobustPrompt-I Loss 1.9462  
Epoch 003 |  Time(s) 0.0935 | RobustPrompt-I Loss 1.9288  
Epoch 004 |  Time(s) 0.0939 | RobustPrompt-I Loss 1.9274  
Epoch 005 |  Time(s) 0.0943 | RobustPrompt-I Loss 1.8930  
Epoch 006 |  Time(s) 0.0941 | RobustPrompt-I Loss 1.8988  
Epoch 007 |  Time(s) 0.0939 | RobustPrompt-I Loss 1.8679  
Epoch 008 |  Time(s) 0.0943 | RobustPrompt-I Loss 1.8566  
Epoch 009 |  Time(s) 0.0948 | RobustPrompt-I Loss 1.8280  
Epoch 010 |  Time(s) 0.0942 | RobustPrompt-I Loss 1.8165  
Epoch 011 |  Time(s) 0.0951 | RobustPrompt-I Loss 1.7899  
Epoch 012 |  Time(s) 0.0949 | RobustPrompt-I Loss 1.7749  
Epoch 013 |  Time(s) 0.0946 | RobustPrompt-I Loss 1.7524  
Epoch 014 |  Time(s) 0.0951 | RobustPrompt-I Loss 1.7428  
Epoch 015 |  Time(s) 0.0954 | RobustPrompt-I Loss 1.7173  
Epoch 016 |  Time(s) 0.0949 | RobustPrompt-I Loss 1.7125  
Epoch 017 |  Time(s) 0.0945 | RobustPrompt-I Loss 1.6823  
Epoch 018 |  Time(s) 0.0945 | RobustPrompt-I Loss 1.6884  
Epoch 019 |  Time(s) 0.0960 | RobustPrompt-I Loss 1.6557  
Epoch 020 |  Time(s) 0.0943 | RobustPrompt-I Loss 1.6511  
Epoch 021 |  Time(s) 0.0961 | RobustPrompt-I Loss 1.6380  
Epoch 022 |  Time(s) 0.0956 | RobustPrompt-I Loss 1.6094  
Epoch 023 |  Time(s) 0.0953 | RobustPrompt-I Loss 1.6082  
Epoch 024 |  Time(s) 0.0958 | RobustPrompt-I Loss 1.5929  
Epoch 025 |  Time(s) 0.0959 | RobustPrompt-I Loss 1.5663  
Epoch 026 |  Time(s) 0.0950 | RobustPrompt-I Loss 1.5625  
Epoch 027 |  Time(s) 0.0949 | RobustPrompt-I Loss 1.5538  
Epoch 028 |  Time(s) 0.0957 | RobustPrompt-I Loss 1.5318  
Epoch 029 |  Time(s) 0.0952 | RobustPrompt-I Loss 1.5018  
Epoch 030 |  Time(s) 0.0954 | RobustPrompt-I Loss 1.4928  
Epoch 031 |  Time(s) 0.0950 | RobustPrompt-I Loss 1.4940  
Epoch 032 |  Time(s) 0.0949 | RobustPrompt-I Loss 1.4552  
Epoch 033 |  Time(s) 0.0970 | RobustPrompt-I Loss 1.4298  
Epoch 034 |  Time(s) 0.0954 | RobustPrompt-I Loss 1.4320  
Epoch 035 |  Time(s) 0.0951 | RobustPrompt-I Loss 1.3923  
Epoch 036 |  Time(s) 0.0949 | RobustPrompt-I Loss 1.3962  
Epoch 037 |  Time(s) 0.0945 | RobustPrompt-I Loss 1.3604  
Epoch 038 |  Time(s) 0.0967 | RobustPrompt-I Loss 1.3203  
Epoch 039 |  Time(s) 0.0983 | RobustPrompt-I Loss 1.3082  
Epoch 040 |  Time(s) 0.1061 | RobustPrompt-I Loss 1.3050  
Epoch 041 |  Time(s) 0.0951 | RobustPrompt-I Loss 1.2695  
Epoch 042 |  Time(s) 0.0953 | RobustPrompt-I Loss 1.2480  
Epoch 043 |  Time(s) 0.0947 | RobustPrompt-I Loss 1.2326  
Epoch 044 |  Time(s) 0.0937 | RobustPrompt-I Loss 1.2170  
Epoch 045 |  Time(s) 0.0946 | RobustPrompt-I Loss 1.1756  
Epoch 046 |  Time(s) 0.1656 | RobustPrompt-I Loss 1.1495  
Epoch 047 |  Time(s) 0.0974 | RobustPrompt-I Loss 1.1664  
Epoch 048 |  Time(s) 0.0954 | RobustPrompt-I Loss 1.1171  
Epoch 049 |  Time(s) 0.0943 | RobustPrompt-I Loss 1.1421  
Epoch 050 |  Time(s) 0.0974 | RobustPrompt-I Loss 1.1171  
Epoch 051 |  Time(s) 0.0953 | RobustPrompt-I Loss 1.0678  
Epoch 052 |  Time(s) 0.0952 | RobustPrompt-I Loss 1.0755  
Epoch 053 |  Time(s) 0.0952 | RobustPrompt-I Loss 1.0280  
Epoch 054 |  Time(s) 0.1000 | RobustPrompt-I Loss 1.0350  
Epoch 055 |  Time(s) 0.1758 | RobustPrompt-I Loss 1.0186  
Epoch 056 |  Time(s) 0.1746 | RobustPrompt-I Loss 0.9918  
Epoch 057 |  Time(s) 0.2213 | RobustPrompt-I Loss 1.0225  
Epoch 058 |  Time(s) 0.1082 | RobustPrompt-I Loss 0.9803  
Epoch 059 |  Time(s) 0.1037 | RobustPrompt-I Loss 0.9898  
Epoch 060 |  Time(s) 0.0976 | RobustPrompt-I Loss 0.9945  
Epoch 061 |  Time(s) 0.0935 | RobustPrompt-I Loss 0.9722  
Epoch 062 |  Time(s) 0.0957 | RobustPrompt-I Loss 0.9266  
Epoch 063 |  Time(s) 0.0946 | RobustPrompt-I Loss 1.0072  
Epoch 064 |  Time(s) 0.0929 | RobustPrompt-I Loss nan  
Epoch 065 |  Time(s) 0.0942 | RobustPrompt-I Loss nan  
Epoch 066 |  Time(s) 0.0931 | RobustPrompt-I Loss nan  
Epoch 067 |  Time(s) 0.0941 | RobustPrompt-I Loss nan  
Epoch 068 |  Time(s) 0.0939 | RobustPrompt-I Loss nan  
Epoch 069 |  Time(s) 0.0954 | RobustPrompt-I Loss nan  
Epoch 070 |  Time(s) 0.0948 | RobustPrompt-I Loss nan  
Epoch 071 |  Time(s) 0.0931 | RobustPrompt-I Loss nan  
Epoch 072 |  Time(s) 0.0930 | RobustPrompt-I Loss nan  
Epoch 073 |  Time(s) 0.0921 | RobustPrompt-I Loss nan  
Epoch 074 |  Time(s) 0.0940 | RobustPrompt-I Loss nan  
Epoch 075 |  Time(s) 0.0939 | RobustPrompt-I Loss nan  
Epoch 076 |  Time(s) 0.0954 | RobustPrompt-I Loss nan  
Epoch 077 |  Time(s) 0.0940 | RobustPrompt-I Loss nan  
Epoch 078 |  Time(s) 0.0938 | RobustPrompt-I Loss nan  
Epoch 079 |  Time(s) 0.0949 | RobustPrompt-I Loss nan  
Epoch 080 |  Time(s) 0.0945 | RobustPrompt-I Loss nan  
Epoch 081 |  Time(s) 0.1253 | RobustPrompt-I Loss nan  
----------------------------------------------------------------------------------------------------
Early stopping at 82 eopch!
load LLC or attacked data with specified split
Successfully loaded the attack of dataname with few shot 5, split 1
Attack method : Meta_Self | Attack ptb : 0.25 | Dataset: Cora
======================
Number of graphs: 1
Number of features: 1433
Number of classes: 7

Data(x=[2708, 1433], edge_index=[2, 16028], y=[2708], train_mask=[2708], val_mask=[2708], test_mask=[2708])
===========================================================================================================
Number of nodes: 2708
Number of edges: 16028
Average node degree: 5.92
Has isolated nodes: False
Has self-loops: True
Is undirected: True
GCN(
  (conv_layers): ModuleList(
    (0): GCNConv(1433, 256)
    (1): GCNConv(256, 256)
  )
)
Successfully loaded pre-trained weights!
use RobustPrompt Inductive
defense pt dict :  {'sim_pt': 0.6, 'degree_pt': -1, 'out_detect_pt': -1.0, 'other_pt': 'all'}
use_attention :  False
kl_global :  False
cosine_constraint :  True
pt_threshold :  0.25
filter_module :  OriginalFilter
temperature :  1.0
weight_mse 0.1
weight_kl :  0.1
weight_constraint :  0.0
prepare induce graph data is finished!
run RobustPrompt-I
Epoch 001 |  Time(s) 0.1574 | RobustPrompt-I Loss 1.9472  
Epoch 002 |  Time(s) 0.2009 | RobustPrompt-I Loss 1.9424  
Epoch 003 |  Time(s) 0.1026 | RobustPrompt-I Loss 1.9347  
Epoch 004 |  Time(s) 0.0982 | RobustPrompt-I Loss 1.9228  
Epoch 005 |  Time(s) 0.1758 | RobustPrompt-I Loss 1.9035  
Epoch 006 |  Time(s) 0.0967 | RobustPrompt-I Loss 1.9174  
Epoch 007 |  Time(s) 0.1027 | RobustPrompt-I Loss 1.8744  
Epoch 008 |  Time(s) 0.1014 | RobustPrompt-I Loss 1.8754  
Epoch 009 |  Time(s) 0.1448 | RobustPrompt-I Loss 1.8507  
Epoch 010 |  Time(s) 0.0969 | RobustPrompt-I Loss 1.8682  
Epoch 011 |  Time(s) 0.0939 | RobustPrompt-I Loss 1.8279  
Epoch 012 |  Time(s) 0.0938 | RobustPrompt-I Loss 1.8239  
Epoch 013 |  Time(s) 0.0934 | RobustPrompt-I Loss 1.8014  
Epoch 014 |  Time(s) 0.0940 | RobustPrompt-I Loss 1.7741  
Epoch 015 |  Time(s) 0.0938 | RobustPrompt-I Loss 1.7945  
Epoch 016 |  Time(s) 0.0941 | RobustPrompt-I Loss 1.7455  
Epoch 017 |  Time(s) 0.0939 | RobustPrompt-I Loss 1.7689  
Epoch 018 |  Time(s) 0.0947 | RobustPrompt-I Loss 1.7300  
Epoch 019 |  Time(s) 0.1191 | RobustPrompt-I Loss 1.7294  
Epoch 020 |  Time(s) 0.0945 | RobustPrompt-I Loss 1.7151  
Epoch 021 |  Time(s) 0.0947 | RobustPrompt-I Loss 1.6916  
Epoch 022 |  Time(s) 0.0949 | RobustPrompt-I Loss 1.6944  
Epoch 023 |  Time(s) 0.0947 | RobustPrompt-I Loss 1.6620  
Epoch 024 |  Time(s) 0.0948 | RobustPrompt-I Loss 1.6726  
Epoch 025 |  Time(s) 0.0945 | RobustPrompt-I Loss 1.6472  
Epoch 026 |  Time(s) 0.0940 | RobustPrompt-I Loss 1.6404  
Epoch 027 |  Time(s) 0.0952 | RobustPrompt-I Loss 1.6246  
Epoch 028 |  Time(s) 0.0942 | RobustPrompt-I Loss 1.6112  
Epoch 029 |  Time(s) 0.0945 | RobustPrompt-I Loss 1.6062  
Epoch 030 |  Time(s) 0.1900 | RobustPrompt-I Loss 1.5767  
Epoch 031 |  Time(s) 0.1631 | RobustPrompt-I Loss 1.5832  
Epoch 032 |  Time(s) 0.0976 | RobustPrompt-I Loss 1.5637  
Epoch 033 |  Time(s) 0.0955 | RobustPrompt-I Loss 1.5380  
Epoch 034 |  Time(s) 0.0961 | RobustPrompt-I Loss 1.5462  
Epoch 035 |  Time(s) 0.0969 | RobustPrompt-I Loss 1.5094  
Epoch 036 |  Time(s) 0.0950 | RobustPrompt-I Loss 1.5080  
Epoch 037 |  Time(s) 0.1019 | RobustPrompt-I Loss 1.5050  
Epoch 038 |  Time(s) 0.1023 | RobustPrompt-I Loss 1.4733  
Epoch 039 |  Time(s) 0.1026 | RobustPrompt-I Loss 1.4603  
Epoch 040 |  Time(s) 0.0968 | RobustPrompt-I Loss 1.4709  
Epoch 041 |  Time(s) 0.0974 | RobustPrompt-I Loss 1.4339  
Epoch 042 |  Time(s) 0.1033 | RobustPrompt-I Loss 1.4188  
Epoch 043 |  Time(s) 0.0951 | RobustPrompt-I Loss 1.4432  
Epoch 044 |  Time(s) 0.0996 | RobustPrompt-I Loss 1.3853  
Epoch 045 |  Time(s) 0.0945 | RobustPrompt-I Loss 1.4786  
Epoch 046 |  Time(s) 0.0942 | RobustPrompt-I Loss 1.4464  
Epoch 047 |  Time(s) 0.0961 | RobustPrompt-I Loss 1.3481  
Epoch 048 |  Time(s) 0.0973 | RobustPrompt-I Loss 1.3339  
Epoch 049 |  Time(s) 0.0938 | RobustPrompt-I Loss 1.3783  
Epoch 050 |  Time(s) 0.0960 | RobustPrompt-I Loss 1.3448  
Epoch 051 |  Time(s) 0.1302 | RobustPrompt-I Loss 1.3131  
Epoch 052 |  Time(s) 0.1799 | RobustPrompt-I Loss 1.2961  
Epoch 053 |  Time(s) 0.1863 | RobustPrompt-I Loss 1.2899  
Epoch 054 |  Time(s) 0.3018 | RobustPrompt-I Loss 1.2635  
Epoch 055 |  Time(s) 0.2505 | RobustPrompt-I Loss 1.2824  
Epoch 056 |  Time(s) 0.1263 | RobustPrompt-I Loss 1.2647  
Epoch 057 |  Time(s) 0.1077 | RobustPrompt-I Loss 1.2186  
Epoch 058 |  Time(s) 0.1219 | RobustPrompt-I Loss 1.1977  
Epoch 059 |  Time(s) 0.1024 | RobustPrompt-I Loss 1.2380  
Epoch 060 |  Time(s) 0.0979 | RobustPrompt-I Loss 1.2130  
Epoch 061 |  Time(s) 0.0989 | RobustPrompt-I Loss 1.1634  
Epoch 062 |  Time(s) 0.1123 | RobustPrompt-I Loss 1.1525  
Epoch 063 |  Time(s) 0.1040 | RobustPrompt-I Loss 1.1511  
Epoch 064 |  Time(s) 0.0990 | RobustPrompt-I Loss 1.1282  
Epoch 065 |  Time(s) 0.0989 | RobustPrompt-I Loss 1.1435  
Epoch 066 |  Time(s) 0.0987 | RobustPrompt-I Loss 1.1308  
Epoch 067 |  Time(s) 0.1019 | RobustPrompt-I Loss 1.0723  
Epoch 068 |  Time(s) 0.1011 | RobustPrompt-I Loss 1.0523  
Epoch 069 |  Time(s) 0.0989 | RobustPrompt-I Loss 1.1191  
Epoch 070 |  Time(s) 0.0985 | RobustPrompt-I Loss 1.0915  
Epoch 071 |  Time(s) 0.0989 | RobustPrompt-I Loss 1.0162  
Epoch 072 |  Time(s) 0.0991 | RobustPrompt-I Loss 1.0351  
Epoch 073 |  Time(s) 0.0977 | RobustPrompt-I Loss 0.9944  
Epoch 074 |  Time(s) 0.0987 | RobustPrompt-I Loss 0.9731  
Epoch 075 |  Time(s) 0.0989 | RobustPrompt-I Loss 1.0402  
Epoch 076 |  Time(s) 0.0979 | RobustPrompt-I Loss 0.9700  
Epoch 077 |  Time(s) 0.0990 | RobustPrompt-I Loss 1.1090  
Epoch 078 |  Time(s) 0.0993 | RobustPrompt-I Loss 1.1511  
Epoch 079 |  Time(s) 0.0996 | RobustPrompt-I Loss 0.9359  
Epoch 080 |  Time(s) 0.0990 | RobustPrompt-I Loss 1.1731  
Epoch 081 |  Time(s) 0.0995 | RobustPrompt-I Loss 1.3759  
Epoch 082 |  Time(s) 0.0991 | RobustPrompt-I Loss 1.1143  
Epoch 083 |  Time(s) 0.0990 | RobustPrompt-I Loss 0.8947  
Epoch 084 |  Time(s) 0.0988 | RobustPrompt-I Loss 0.9841  
Epoch 085 |  Time(s) 0.0980 | RobustPrompt-I Loss 0.9231  
Epoch 086 |  Time(s) 0.0983 | RobustPrompt-I Loss 0.9038  
Epoch 087 |  Time(s) 0.0988 | RobustPrompt-I Loss 0.9121  
Epoch 088 |  Time(s) 0.0930 | RobustPrompt-I Loss 0.8645  
Epoch 089 |  Time(s) 0.1655 | RobustPrompt-I Loss 0.8820  
Epoch 090 |  Time(s) 0.0987 | RobustPrompt-I Loss 0.8492  
Epoch 091 |  Time(s) 0.0995 | RobustPrompt-I Loss 0.8574  
Epoch 092 |  Time(s) 0.1023 | RobustPrompt-I Loss 0.8378  
Epoch 093 |  Time(s) 0.1017 | RobustPrompt-I Loss 0.8383  
Epoch 094 |  Time(s) 0.1449 | RobustPrompt-I Loss 0.8269  
Epoch 095 |  Time(s) 0.1012 | RobustPrompt-I Loss 0.8181  
Epoch 096 |  Time(s) 0.1011 | RobustPrompt-I Loss 0.8102  
Epoch 097 |  Time(s) 0.0996 | RobustPrompt-I Loss 0.7993  
Epoch 098 |  Time(s) 0.0996 | RobustPrompt-I Loss nan  
Epoch 099 |  Time(s) 0.1003 | RobustPrompt-I Loss nan  
Epoch 100 |  Time(s) 0.1001 | RobustPrompt-I Loss nan  
Epoch 101 |  Time(s) 0.0987 | RobustPrompt-I Loss nan  
Epoch 102 |  Time(s) 0.1413 | RobustPrompt-I Loss nan  
Epoch 103 |  Time(s) 0.0985 | RobustPrompt-I Loss nan  
Epoch 104 |  Time(s) 0.0991 | RobustPrompt-I Loss nan  
Epoch 105 |  Time(s) 0.0992 | RobustPrompt-I Loss nan  
Epoch 106 |  Time(s) 0.0984 | RobustPrompt-I Loss nan  
Epoch 107 |  Time(s) 0.0985 | RobustPrompt-I Loss nan  
Epoch 108 |  Time(s) 0.0989 | RobustPrompt-I Loss nan  
Epoch 109 |  Time(s) 0.0995 | RobustPrompt-I Loss nan  
Epoch 110 |  Time(s) 0.0994 | RobustPrompt-I Loss nan  
Epoch 111 |  Time(s) 0.0985 | RobustPrompt-I Loss nan  
Epoch 112 |  Time(s) 0.0982 | RobustPrompt-I Loss nan  
Epoch 113 |  Time(s) 0.0999 | RobustPrompt-I Loss nan  
Epoch 114 |  Time(s) 0.0999 | RobustPrompt-I Loss nan  
Epoch 115 |  Time(s) 0.1010 | RobustPrompt-I Loss nan  
Epoch 116 |  Time(s) 0.1001 | RobustPrompt-I Loss nan  
----------------------------------------------------------------------------------------------------
Early stopping at 117 eopch!
{1: {1: 0.06400000303983688}, 2: {1: nan}, 3: {1: nan}, 4: {1: nan}, 5: {1: nan}}
{1: {1: 0.06400000303983688, 2: nan, 3: nan, 4: nan, 5: nan}}
########################################################################################
seed: 1 | split 1 : 0.06400000303983688
# Seed 1 Muti Split Final Acc: 0.0640±0.0000
seed: 2 | split 1 : nan
# Seed 2 Muti Split Final Acc: nan±nan
seed: 3 | split 1 : nan
# Seed 3 Muti Split Final Acc: nan±nan
seed: 4 | split 1 : nan
# Seed 4 Muti Split Final Acc: nan±nan
seed: 5 | split 1 : nan
# Seed 5 Muti Split Final Acc: nan±nan
########################################################################################
split: 1 | seed 1 : 0.06400000303983688
split: 1 | seed 2 : nan
split: 1 | seed 3 : nan
split: 1 | seed 4 : nan
split: 1 | seed 5 : nan
# Split 1 Muti Seed Acc without min value: nan±nan
########################################################################################
Done sim=0.6, ptb=0.25, end=2026-06-08 23:26:45, duration=00:01:03
