Start sim=0.6, ptb=0.15, time=2026-06-08 23:15:16, log=logs/RobustPrompt-I/ft_sim0.6_0.15_20260608_231516.log
load LLC or attacked data with specified split
Successfully loaded the attack of dataname with few shot 5, split 1
Attack method : Meta_Self | Attack ptb : 0.15 | Dataset: Cora
======================
Number of graphs: 1
Number of features: 1433
Number of classes: 7

Data(x=[2708, 1433], edge_index=[2, 14804], y=[2708], train_mask=[2708], val_mask=[2708], test_mask=[2708])
===========================================================================================================
Number of nodes: 2708
Number of edges: 14804
Average node degree: 5.47
Has isolated nodes: False
Has self-loops: True
Is undirected: True
GCN(
  (conv_layers): ModuleList(
    (0): GCNConv(1433, 256)
    (1): GCNConv(256, 256)
  )
)
Successfully loaded pre-trained weights!
use RobustPrompt Inductive
defense pt dict :  {'sim_pt': 0.6, 'degree_pt': -1, 'out_detect_pt': -1.0, 'other_pt': 'all'}
use_attention :  False
kl_global :  False
cosine_constraint :  True
pt_threshold :  0.25
filter_module :  OriginalFilter
temperature :  1.0
weight_mse 0.1
weight_kl :  0.1
weight_constraint :  0.0
prepare induce graph data is finished!
run RobustPrompt-I
Epoch 001 |  Time(s) 0.5509 | RobustPrompt-I Loss 1.9445  
Epoch 002 |  Time(s) 0.3541 | RobustPrompt-I Loss 1.9394  
Epoch 003 |  Time(s) 0.0912 | RobustPrompt-I Loss 1.9208  
Epoch 004 |  Time(s) 0.0952 | RobustPrompt-I Loss 1.8913  
Epoch 005 |  Time(s) 0.0919 | RobustPrompt-I Loss 1.8564  
Epoch 006 |  Time(s) 0.0860 | RobustPrompt-I Loss 1.8124  
Epoch 007 |  Time(s) 0.1525 | RobustPrompt-I Loss 1.7738  
Epoch 008 |  Time(s) 0.0892 | RobustPrompt-I Loss 1.7154  
Epoch 009 |  Time(s) 0.0865 | RobustPrompt-I Loss 1.6851  
Epoch 010 |  Time(s) 0.0911 | RobustPrompt-I Loss 1.6362  
Epoch 011 |  Time(s) 0.0821 | RobustPrompt-I Loss 1.6201  
Epoch 012 |  Time(s) 0.0817 | RobustPrompt-I Loss 1.5881  
Epoch 013 |  Time(s) 0.0825 | RobustPrompt-I Loss 1.5769  
Epoch 014 |  Time(s) 0.0826 | RobustPrompt-I Loss 1.5536  
Epoch 015 |  Time(s) 0.0828 | RobustPrompt-I Loss 1.5428  
Epoch 016 |  Time(s) 0.0829 | RobustPrompt-I Loss 1.5195  
Epoch 017 |  Time(s) 0.1754 | RobustPrompt-I Loss 1.5151  
Epoch 018 |  Time(s) 0.0821 | RobustPrompt-I Loss 1.4952  
Epoch 019 |  Time(s) 0.0807 | RobustPrompt-I Loss 1.4784  
Epoch 020 |  Time(s) 0.0817 | RobustPrompt-I Loss 1.4709  
Epoch 021 |  Time(s) 0.0819 | RobustPrompt-I Loss 1.4581  
Epoch 022 |  Time(s) 0.0885 | RobustPrompt-I Loss 1.4405  
Epoch 023 |  Time(s) 0.0867 | RobustPrompt-I Loss 1.4321  
Epoch 024 |  Time(s) 0.0828 | RobustPrompt-I Loss 1.4208  
Epoch 025 |  Time(s) 0.0886 | RobustPrompt-I Loss 1.4199  
Epoch 026 |  Time(s) 0.0839 | RobustPrompt-I Loss 1.4263  
Epoch 027 |  Time(s) 0.0873 | RobustPrompt-I Loss 1.3673  
Epoch 028 |  Time(s) 0.1161 | RobustPrompt-I Loss 1.4213  
Epoch 029 |  Time(s) 0.4570 | RobustPrompt-I Loss 1.3440  
Epoch 030 |  Time(s) 0.2400 | RobustPrompt-I Loss 1.4244  
Epoch 031 |  Time(s) 0.2052 | RobustPrompt-I Loss 1.3468  
Epoch 032 |  Time(s) 0.0899 | RobustPrompt-I Loss 1.4342  
Epoch 033 |  Time(s) 0.0843 | RobustPrompt-I Loss 1.4715  
Epoch 034 |  Time(s) 0.0812 | RobustPrompt-I Loss 1.2852  
Epoch 035 |  Time(s) 0.0819 | RobustPrompt-I Loss 1.5018  
Epoch 036 |  Time(s) 0.0811 | RobustPrompt-I Loss 1.6096  
Epoch 037 |  Time(s) 0.0816 | RobustPrompt-I Loss 1.3846  
Epoch 038 |  Time(s) 0.0816 | RobustPrompt-I Loss 1.2926  
Epoch 039 |  Time(s) 0.0814 | RobustPrompt-I Loss 1.3807  
Epoch 040 |  Time(s) 0.0785 | RobustPrompt-I Loss 1.2616  
Epoch 041 |  Time(s) 0.1424 | RobustPrompt-I Loss 1.3144  
Epoch 042 |  Time(s) 0.0843 | RobustPrompt-I Loss 1.3916  
Epoch 043 |  Time(s) 0.0863 | RobustPrompt-I Loss 1.2490  
Epoch 044 |  Time(s) 0.0865 | RobustPrompt-I Loss 1.2790  
Epoch 045 |  Time(s) 0.0811 | RobustPrompt-I Loss 1.3692  
Epoch 046 |  Time(s) 0.0841 | RobustPrompt-I Loss 1.2360  
Epoch 047 |  Time(s) 0.0815 | RobustPrompt-I Loss 1.2347  
Epoch 048 |  Time(s) 0.0804 | RobustPrompt-I Loss 1.2893  
Epoch 049 |  Time(s) 0.0808 | RobustPrompt-I Loss 1.1857  
Epoch 050 |  Time(s) 0.0807 | RobustPrompt-I Loss 1.2311  
Epoch 051 |  Time(s) 0.0807 | RobustPrompt-I Loss 1.3088  
Epoch 052 |  Time(s) 0.0806 | RobustPrompt-I Loss 1.1765  
Epoch 053 |  Time(s) 0.0761 | RobustPrompt-I Loss 1.1781  
Epoch 054 |  Time(s) 0.0874 | RobustPrompt-I Loss 1.2404  
Epoch 055 |  Time(s) 0.0821 | RobustPrompt-I Loss 1.1473  
Epoch 056 |  Time(s) 0.3099 | RobustPrompt-I Loss 1.1551  
Epoch 057 |  Time(s) 0.1937 | RobustPrompt-I Loss 1.2123  
Epoch 058 |  Time(s) 0.1561 | RobustPrompt-I Loss 1.1129  
Epoch 059 |  Time(s) 0.2759 | RobustPrompt-I Loss 1.1462  
Epoch 060 |  Time(s) 0.2432 | RobustPrompt-I Loss 1.2027  
Epoch 061 |  Time(s) 0.1177 | RobustPrompt-I Loss 1.1113  
Epoch 062 |  Time(s) 0.2249 | RobustPrompt-I Loss 1.0948  
Epoch 063 |  Time(s) 0.0993 | RobustPrompt-I Loss 1.1290  
Epoch 064 |  Time(s) 0.0982 | RobustPrompt-I Loss 1.0606  
Epoch 065 |  Time(s) 0.0888 | RobustPrompt-I Loss 1.0998  
Epoch 066 |  Time(s) 0.0909 | RobustPrompt-I Loss 1.1364  
Epoch 067 |  Time(s) 0.0899 | RobustPrompt-I Loss 1.0584  
Epoch 068 |  Time(s) 0.0861 | RobustPrompt-I Loss 1.0554  
Epoch 069 |  Time(s) 0.0822 | RobustPrompt-I Loss 1.0880  
Epoch 070 |  Time(s) 0.0830 | RobustPrompt-I Loss 1.0252  
Epoch 071 |  Time(s) 0.0840 | RobustPrompt-I Loss 1.0441  
Epoch 072 |  Time(s) 0.0824 | RobustPrompt-I Loss 1.0706  
Epoch 073 |  Time(s) 0.0845 | RobustPrompt-I Loss 1.0140  
Epoch 074 |  Time(s) 0.0820 | RobustPrompt-I Loss 1.0100  
Epoch 075 |  Time(s) 0.0826 | RobustPrompt-I Loss 1.0333  
Epoch 076 |  Time(s) 0.0827 | RobustPrompt-I Loss 0.9849  
Epoch 077 |  Time(s) 0.0833 | RobustPrompt-I Loss 1.0026  
Epoch 078 |  Time(s) 0.0830 | RobustPrompt-I Loss 1.0257  
Epoch 079 |  Time(s) 0.0896 | RobustPrompt-I Loss 0.9833  
Epoch 080 |  Time(s) 0.1538 | RobustPrompt-I Loss 0.9674  
Epoch 081 |  Time(s) 0.2258 | RobustPrompt-I Loss 0.9870  
Epoch 082 |  Time(s) 0.1909 | RobustPrompt-I Loss 0.9598  
Epoch 083 |  Time(s) 0.1334 | RobustPrompt-I Loss 0.9514  
Epoch 084 |  Time(s) 0.1663 | RobustPrompt-I Loss 0.9616  
Epoch 085 |  Time(s) 0.4146 | RobustPrompt-I Loss 0.9520  
Epoch 086 |  Time(s) 0.4602 | RobustPrompt-I Loss 0.9209  
Epoch 087 |  Time(s) 0.2223 | RobustPrompt-I Loss 0.9271  
Epoch 088 |  Time(s) 0.2109 | RobustPrompt-I Loss 0.9275  
Epoch 089 |  Time(s) 0.1795 | RobustPrompt-I Loss 0.8895  
Epoch 090 |  Time(s) 0.0892 | RobustPrompt-I Loss 0.9145  
Epoch 091 |  Time(s) 0.0822 | RobustPrompt-I Loss 0.8966  
Epoch 092 |  Time(s) 0.0820 | RobustPrompt-I Loss 0.8801  
Epoch 093 |  Time(s) 0.0816 | RobustPrompt-I Loss 0.8899  
Epoch 094 |  Time(s) 0.0823 | RobustPrompt-I Loss 0.8755  
Epoch 095 |  Time(s) 0.0821 | RobustPrompt-I Loss 0.8690  
Epoch 096 |  Time(s) 0.0822 | RobustPrompt-I Loss 0.8708  
Epoch 097 |  Time(s) 0.0827 | RobustPrompt-I Loss 0.8623  
Epoch 098 |  Time(s) 0.0827 | RobustPrompt-I Loss 0.8512  
Epoch 099 |  Time(s) 0.0822 | RobustPrompt-I Loss 0.8584  
Epoch 100 |  Time(s) 0.0822 | RobustPrompt-I Loss 0.8447  
Epoch 101 |  Time(s) 0.0827 | RobustPrompt-I Loss 0.8431  
Epoch 102 |  Time(s) 0.0859 | RobustPrompt-I Loss 0.8425  
Epoch 103 |  Time(s) 0.1510 | RobustPrompt-I Loss 0.8377  
Epoch 104 |  Time(s) 0.2380 | RobustPrompt-I Loss 0.8306  
Epoch 105 |  Time(s) 0.0987 | RobustPrompt-I Loss 0.8297  
Epoch 106 |  Time(s) 0.0850 | RobustPrompt-I Loss 0.8272  
Epoch 107 |  Time(s) 0.0825 | RobustPrompt-I Loss 0.8212  
Epoch 108 |  Time(s) 0.0822 | RobustPrompt-I Loss 0.8218  
Epoch 109 |  Time(s) 0.0821 | RobustPrompt-I Loss 0.8178  
Epoch 110 |  Time(s) 0.0817 | RobustPrompt-I Loss 0.8136  
Epoch 111 |  Time(s) 0.0822 | RobustPrompt-I Loss 0.8118  
Epoch 112 |  Time(s) 0.0823 | RobustPrompt-I Loss 0.8113  
Epoch 113 |  Time(s) 0.0827 | RobustPrompt-I Loss 0.8060  
Epoch 114 |  Time(s) 0.0821 | RobustPrompt-I Loss 0.8029  
Epoch 115 |  Time(s) 0.0821 | RobustPrompt-I Loss 0.8055  
Epoch 116 |  Time(s) 0.0818 | RobustPrompt-I Loss 0.8020  
Epoch 117 |  Time(s) 0.0826 | RobustPrompt-I Loss 0.7982  
Epoch 118 |  Time(s) 0.0832 | RobustPrompt-I Loss 0.7956  
Epoch 119 |  Time(s) 0.0829 | RobustPrompt-I Loss nan  
Epoch 120 |  Time(s) 0.0829 | RobustPrompt-I Loss nan  
Epoch 121 |  Time(s) 0.0826 | RobustPrompt-I Loss nan  
Epoch 122 |  Time(s) 0.0830 | RobustPrompt-I Loss nan  
Epoch 123 |  Time(s) 0.0826 | RobustPrompt-I Loss nan  
Epoch 124 |  Time(s) 0.0827 | RobustPrompt-I Loss nan  
Epoch 125 |  Time(s) 0.0821 | RobustPrompt-I Loss nan  
Epoch 126 |  Time(s) 0.0820 | RobustPrompt-I Loss nan  
Epoch 127 |  Time(s) 0.0819 | RobustPrompt-I Loss nan  
Epoch 128 |  Time(s) 0.0836 | RobustPrompt-I Loss nan  
Epoch 129 |  Time(s) 0.0911 | RobustPrompt-I Loss nan  
Epoch 130 |  Time(s) 0.0824 | RobustPrompt-I Loss nan  
Epoch 131 |  Time(s) 0.0816 | RobustPrompt-I Loss nan  
Epoch 132 |  Time(s) 0.0831 | RobustPrompt-I Loss nan  
Epoch 133 |  Time(s) 0.0833 | RobustPrompt-I Loss nan  
Epoch 134 |  Time(s) 0.0826 | RobustPrompt-I Loss nan  
Epoch 135 |  Time(s) 0.0863 | RobustPrompt-I Loss nan  
Epoch 136 |  Time(s) 0.0824 | RobustPrompt-I Loss nan  
Epoch 137 |  Time(s) 0.0826 | RobustPrompt-I Loss nan  
----------------------------------------------------------------------------------------------------
Early stopping at 138 eopch!
load LLC or attacked data with specified split
Successfully loaded the attack of dataname with few shot 5, split 1
Attack method : Meta_Self | Attack ptb : 0.15 | Dataset: Cora
======================
Number of graphs: 1
Number of features: 1433
Number of classes: 7

Data(x=[2708, 1433], edge_index=[2, 14804], y=[2708], train_mask=[2708], val_mask=[2708], test_mask=[2708])
===========================================================================================================
Number of nodes: 2708
Number of edges: 14804
Average node degree: 5.47
Has isolated nodes: False
Has self-loops: True
Is undirected: True
GCN(
  (conv_layers): ModuleList(
    (0): GCNConv(1433, 256)
    (1): GCNConv(256, 256)
  )
)
Successfully loaded pre-trained weights!
use RobustPrompt Inductive
defense pt dict :  {'sim_pt': 0.6, 'degree_pt': -1, 'out_detect_pt': -1.0, 'other_pt': 'all'}
use_attention :  False
kl_global :  False
cosine_constraint :  True
pt_threshold :  0.25
filter_module :  OriginalFilter
temperature :  1.0
weight_mse 0.1
weight_kl :  0.1
weight_constraint :  0.0
prepare induce graph data is finished!
run RobustPrompt-I
Epoch 001 |  Time(s) 0.2339 | RobustPrompt-I Loss 1.9451  
Epoch 002 |  Time(s) 0.3107 | RobustPrompt-I Loss 1.9298  
Epoch 003 |  Time(s) 0.2621 | RobustPrompt-I Loss 1.9134  
Epoch 004 |  Time(s) 0.1016 | RobustPrompt-I Loss 1.8966  
Epoch 005 |  Time(s) 0.0936 | RobustPrompt-I Loss 1.8573  
Epoch 006 |  Time(s) 0.0905 | RobustPrompt-I Loss 1.8302  
Epoch 007 |  Time(s) 0.0875 | RobustPrompt-I Loss 1.7843  
Epoch 008 |  Time(s) 0.0881 | RobustPrompt-I Loss 1.7362  
Epoch 009 |  Time(s) 0.0877 | RobustPrompt-I Loss 1.6987  
Epoch 010 |  Time(s) 0.0882 | RobustPrompt-I Loss 1.6463  
Epoch 011 |  Time(s) 0.0884 | RobustPrompt-I Loss 1.6122  
Epoch 012 |  Time(s) 0.0879 | RobustPrompt-I Loss 1.5809  
Epoch 013 |  Time(s) 0.0883 | RobustPrompt-I Loss 1.5532  
Epoch 014 |  Time(s) 0.0891 | RobustPrompt-I Loss 1.5507  
Epoch 015 |  Time(s) 0.0880 | RobustPrompt-I Loss 1.5330  
Epoch 016 |  Time(s) 0.0888 | RobustPrompt-I Loss 1.5064  
Epoch 017 |  Time(s) 0.0883 | RobustPrompt-I Loss 1.5194  
Epoch 018 |  Time(s) 0.0871 | RobustPrompt-I Loss 1.4793  
Epoch 019 |  Time(s) 0.0873 | RobustPrompt-I Loss 1.4790  
Epoch 020 |  Time(s) 0.0879 | RobustPrompt-I Loss 1.4564  
Epoch 021 |  Time(s) 0.0885 | RobustPrompt-I Loss 1.4530  
Epoch 022 |  Time(s) 0.0882 | RobustPrompt-I Loss 1.4449  
Epoch 023 |  Time(s) 0.0876 | RobustPrompt-I Loss 1.4253  
Epoch 024 |  Time(s) 0.0911 | RobustPrompt-I Loss 1.4311  
Epoch 025 |  Time(s) 0.0886 | RobustPrompt-I Loss 1.4076  
Epoch 026 |  Time(s) 0.0878 | RobustPrompt-I Loss 1.4012  
Epoch 027 |  Time(s) 0.0879 | RobustPrompt-I Loss 1.3966  
Epoch 028 |  Time(s) 0.1217 | RobustPrompt-I Loss 1.3685  
Epoch 029 |  Time(s) 0.5035 | RobustPrompt-I Loss 1.3646  
Epoch 030 |  Time(s) 0.4587 | RobustPrompt-I Loss 1.3538  
Epoch 031 |  Time(s) 0.4740 | RobustPrompt-I Loss 1.3333  
Epoch 032 |  Time(s) 0.2582 | RobustPrompt-I Loss 1.3225  
Epoch 033 |  Time(s) 0.3079 | RobustPrompt-I Loss 1.3168  
Epoch 034 |  Time(s) 0.3526 | RobustPrompt-I Loss 1.2966  
Epoch 035 |  Time(s) 0.2174 | RobustPrompt-I Loss 1.2768  
Epoch 036 |  Time(s) 0.1056 | RobustPrompt-I Loss 1.2681  
Epoch 037 |  Time(s) 0.0955 | RobustPrompt-I Loss 1.2593  
Epoch 038 |  Time(s) 0.0891 | RobustPrompt-I Loss 1.2394  
Epoch 039 |  Time(s) 0.0893 | RobustPrompt-I Loss 1.2159  
Epoch 040 |  Time(s) 0.0890 | RobustPrompt-I Loss 1.2028  
Epoch 041 |  Time(s) 0.0894 | RobustPrompt-I Loss 1.1902  
Epoch 042 |  Time(s) 0.0894 | RobustPrompt-I Loss 1.1712  
Epoch 043 |  Time(s) 0.0891 | RobustPrompt-I Loss 1.1489  
Epoch 044 |  Time(s) 0.0896 | RobustPrompt-I Loss 1.1330  
Epoch 045 |  Time(s) 0.0900 | RobustPrompt-I Loss nan  
Epoch 046 |  Time(s) 0.0888 | RobustPrompt-I Loss nan  
Epoch 047 |  Time(s) 0.0899 | RobustPrompt-I Loss nan  
Epoch 048 |  Time(s) 0.0896 | RobustPrompt-I Loss nan  
Epoch 049 |  Time(s) 0.0896 | RobustPrompt-I Loss nan  
Epoch 050 |  Time(s) 0.0889 | RobustPrompt-I Loss nan  
Epoch 051 |  Time(s) 0.0885 | RobustPrompt-I Loss nan  
Epoch 052 |  Time(s) 0.0879 | RobustPrompt-I Loss nan  
Epoch 053 |  Time(s) 0.0929 | RobustPrompt-I Loss nan  
Epoch 054 |  Time(s) 0.0901 | RobustPrompt-I Loss nan  
Epoch 055 |  Time(s) 0.0899 | RobustPrompt-I Loss nan  
Epoch 056 |  Time(s) 0.0899 | RobustPrompt-I Loss nan  
Epoch 057 |  Time(s) 0.0882 | RobustPrompt-I Loss nan  
Epoch 058 |  Time(s) 0.0889 | RobustPrompt-I Loss nan  
Epoch 059 |  Time(s) 0.0891 | RobustPrompt-I Loss nan  
Epoch 060 |  Time(s) 0.0882 | RobustPrompt-I Loss nan  
Epoch 061 |  Time(s) 0.0883 | RobustPrompt-I Loss nan  
Epoch 062 |  Time(s) 0.0876 | RobustPrompt-I Loss nan  
Epoch 063 |  Time(s) 0.0964 | RobustPrompt-I Loss nan  
----------------------------------------------------------------------------------------------------
Early stopping at 64 eopch!
load LLC or attacked data with specified split
Successfully loaded the attack of dataname with few shot 5, split 1
Attack method : Meta_Self | Attack ptb : 0.15 | Dataset: Cora
======================
Number of graphs: 1
Number of features: 1433
Number of classes: 7

Data(x=[2708, 1433], edge_index=[2, 14804], y=[2708], train_mask=[2708], val_mask=[2708], test_mask=[2708])
===========================================================================================================
Number of nodes: 2708
Number of edges: 14804
Average node degree: 5.47
Has isolated nodes: False
Has self-loops: True
Is undirected: True
GCN(
  (conv_layers): ModuleList(
    (0): GCNConv(1433, 256)
    (1): GCNConv(256, 256)
  )
)
Successfully loaded pre-trained weights!
use RobustPrompt Inductive
defense pt dict :  {'sim_pt': 0.6, 'degree_pt': -1, 'out_detect_pt': -1.0, 'other_pt': 'all'}
use_attention :  False
kl_global :  False
cosine_constraint :  True
pt_threshold :  0.25
filter_module :  OriginalFilter
temperature :  1.0
weight_mse 0.1
weight_kl :  0.1
weight_constraint :  0.0
prepare induce graph data is finished!
run RobustPrompt-I
Epoch 001 |  Time(s) 0.1725 | RobustPrompt-I Loss 1.9451  
Epoch 002 |  Time(s) 0.1000 | RobustPrompt-I Loss 1.9407  
Epoch 003 |  Time(s) 0.1005 | RobustPrompt-I Loss 1.9142  
Epoch 004 |  Time(s) 0.0992 | RobustPrompt-I Loss 1.9056  
Epoch 005 |  Time(s) 0.0910 | RobustPrompt-I Loss 1.8588  
Epoch 006 |  Time(s) 0.0906 | RobustPrompt-I Loss 1.8555  
Epoch 007 |  Time(s) 0.0903 | RobustPrompt-I Loss 1.8037  
Epoch 008 |  Time(s) 0.0904 | RobustPrompt-I Loss 1.7690  
Epoch 009 |  Time(s) 0.0903 | RobustPrompt-I Loss 1.7270  
Epoch 010 |  Time(s) 0.0931 | RobustPrompt-I Loss 1.6781  
Epoch 011 |  Time(s) 0.1585 | RobustPrompt-I Loss 1.6558  
Epoch 012 |  Time(s) 0.0995 | RobustPrompt-I Loss 1.6154  
Epoch 013 |  Time(s) 0.0916 | RobustPrompt-I Loss 1.5856  
Epoch 014 |  Time(s) 0.0906 | RobustPrompt-I Loss 1.5700  
Epoch 015 |  Time(s) 0.0903 | RobustPrompt-I Loss 1.5390  
Epoch 016 |  Time(s) 0.0905 | RobustPrompt-I Loss 1.5305  
Epoch 017 |  Time(s) 0.0923 | RobustPrompt-I Loss 1.5070  
Epoch 018 |  Time(s) 0.0903 | RobustPrompt-I Loss 1.5011  
Epoch 019 |  Time(s) 0.0909 | RobustPrompt-I Loss 1.4784  
Epoch 020 |  Time(s) 0.0917 | RobustPrompt-I Loss 1.4690  
Epoch 021 |  Time(s) 0.0914 | RobustPrompt-I Loss 1.4558  
Epoch 022 |  Time(s) 0.0901 | RobustPrompt-I Loss 1.4398  
Epoch 023 |  Time(s) 0.0904 | RobustPrompt-I Loss 1.4253  
Epoch 024 |  Time(s) 0.0907 | RobustPrompt-I Loss 1.4266  
Epoch 025 |  Time(s) 0.0898 | RobustPrompt-I Loss 1.3996  
Epoch 026 |  Time(s) 0.0898 | RobustPrompt-I Loss 1.3843  
Epoch 027 |  Time(s) 0.0910 | RobustPrompt-I Loss 1.3691  
Epoch 028 |  Time(s) 0.0905 | RobustPrompt-I Loss 1.3687  
Epoch 029 |  Time(s) 0.0905 | RobustPrompt-I Loss 1.3496  
Epoch 030 |  Time(s) 0.0906 | RobustPrompt-I Loss 1.3364  
Epoch 031 |  Time(s) 0.0904 | RobustPrompt-I Loss 1.3049  
Epoch 032 |  Time(s) 0.0905 | RobustPrompt-I Loss 1.3009  
Epoch 033 |  Time(s) 0.0901 | RobustPrompt-I Loss 1.2911  
Epoch 034 |  Time(s) 0.0902 | RobustPrompt-I Loss 1.2790  
Epoch 035 |  Time(s) 0.0905 | RobustPrompt-I Loss 1.2424  
Epoch 036 |  Time(s) 0.0919 | RobustPrompt-I Loss 1.2356  
Epoch 037 |  Time(s) 0.0920 | RobustPrompt-I Loss 1.2303  
Epoch 038 |  Time(s) 0.0914 | RobustPrompt-I Loss 1.2041  
Epoch 039 |  Time(s) 0.0926 | RobustPrompt-I Loss 1.1787  
Epoch 040 |  Time(s) 0.0908 | RobustPrompt-I Loss 1.1666  
Epoch 041 |  Time(s) 0.0911 | RobustPrompt-I Loss 1.1564  
Epoch 042 |  Time(s) 0.0918 | RobustPrompt-I Loss 1.1568  
Epoch 043 |  Time(s) 0.1071 | RobustPrompt-I Loss 1.1194  
Epoch 044 |  Time(s) 0.1473 | RobustPrompt-I Loss 1.1243  
Epoch 045 |  Time(s) 0.1311 | RobustPrompt-I Loss 1.1026  
Epoch 046 |  Time(s) 0.1764 | RobustPrompt-I Loss 1.0767  
Epoch 047 |  Time(s) 0.2416 | RobustPrompt-I Loss 1.0698  
Epoch 048 |  Time(s) 0.3854 | RobustPrompt-I Loss 1.0569  
Epoch 049 |  Time(s) 0.1685 | RobustPrompt-I Loss 1.0483  
Epoch 050 |  Time(s) 0.2064 | RobustPrompt-I Loss 1.0265  
Epoch 051 |  Time(s) 0.1603 | RobustPrompt-I Loss 1.0190  
Epoch 052 |  Time(s) 0.0932 | RobustPrompt-I Loss 1.0089  
Epoch 053 |  Time(s) 0.0938 | RobustPrompt-I Loss 1.0001  
Epoch 054 |  Time(s) 0.0977 | RobustPrompt-I Loss 0.9811  
Epoch 055 |  Time(s) 0.1017 | RobustPrompt-I Loss 0.9756  
Epoch 056 |  Time(s) 0.0920 | RobustPrompt-I Loss 0.9637  
Epoch 057 |  Time(s) 0.0939 | RobustPrompt-I Loss 0.9550  
Epoch 058 |  Time(s) 0.0946 | RobustPrompt-I Loss 0.9423  
Epoch 059 |  Time(s) 0.0958 | RobustPrompt-I Loss 0.9374  
Epoch 060 |  Time(s) 0.0876 | RobustPrompt-I Loss 0.9259  
Epoch 061 |  Time(s) 0.0917 | RobustPrompt-I Loss 0.9179  
Epoch 062 |  Time(s) 0.0909 | RobustPrompt-I Loss 0.9092  
Epoch 063 |  Time(s) 0.0940 | RobustPrompt-I Loss 0.9032  
Epoch 064 |  Time(s) 0.0941 | RobustPrompt-I Loss 0.8933  
Epoch 065 |  Time(s) 0.0905 | RobustPrompt-I Loss 0.8875  
Epoch 066 |  Time(s) 0.0878 | RobustPrompt-I Loss 0.8801  
Epoch 067 |  Time(s) 0.0881 | RobustPrompt-I Loss 0.8735  
Epoch 068 |  Time(s) 0.0877 | RobustPrompt-I Loss 0.8660  
Epoch 069 |  Time(s) 0.0875 | RobustPrompt-I Loss 0.8602  
Epoch 070 |  Time(s) 0.0874 | RobustPrompt-I Loss 0.8545  
Epoch 071 |  Time(s) 0.0880 | RobustPrompt-I Loss 0.8474  
Epoch 072 |  Time(s) 0.0877 | RobustPrompt-I Loss 0.8422  
Epoch 073 |  Time(s) 0.0875 | RobustPrompt-I Loss 0.8366  
Epoch 074 |  Time(s) 0.0877 | RobustPrompt-I Loss 0.8304  
Epoch 075 |  Time(s) 0.0884 | RobustPrompt-I Loss 0.8246  
Epoch 076 |  Time(s) 0.0880 | RobustPrompt-I Loss 0.8203  
Epoch 077 |  Time(s) 0.1568 | RobustPrompt-I Loss 0.8145  
Epoch 078 |  Time(s) 0.1780 | RobustPrompt-I Loss 0.8108  
Epoch 079 |  Time(s) 0.1611 | RobustPrompt-I Loss nan  
Epoch 080 |  Time(s) 0.0941 | RobustPrompt-I Loss nan  
Epoch 081 |  Time(s) 0.0911 | RobustPrompt-I Loss nan  
Epoch 082 |  Time(s) 0.0874 | RobustPrompt-I Loss nan  
Epoch 083 |  Time(s) 0.1257 | RobustPrompt-I Loss nan  
Epoch 084 |  Time(s) 0.2987 | RobustPrompt-I Loss nan  
Epoch 085 |  Time(s) 0.0961 | RobustPrompt-I Loss nan  
Epoch 086 |  Time(s) 0.0915 | RobustPrompt-I Loss nan  
Epoch 087 |  Time(s) 0.0890 | RobustPrompt-I Loss nan  
Epoch 088 |  Time(s) 0.0890 | RobustPrompt-I Loss nan  
Epoch 089 |  Time(s) 0.0890 | RobustPrompt-I Loss nan  
Epoch 090 |  Time(s) 0.0881 | RobustPrompt-I Loss nan  
Epoch 091 |  Time(s) 0.0882 | RobustPrompt-I Loss nan  
Epoch 092 |  Time(s) 0.0884 | RobustPrompt-I Loss nan  
Epoch 093 |  Time(s) 0.0910 | RobustPrompt-I Loss nan  
Epoch 094 |  Time(s) 0.0906 | RobustPrompt-I Loss nan  
Epoch 095 |  Time(s) 0.0905 | RobustPrompt-I Loss nan  
Epoch 096 |  Time(s) 0.0903 | RobustPrompt-I Loss nan  
Epoch 097 |  Time(s) 0.0899 | RobustPrompt-I Loss nan  
----------------------------------------------------------------------------------------------------
Early stopping at 98 eopch!
load LLC or attacked data with specified split
Successfully loaded the attack of dataname with few shot 5, split 1
Attack method : Meta_Self | Attack ptb : 0.15 | Dataset: Cora
======================
Number of graphs: 1
Number of features: 1433
Number of classes: 7

Data(x=[2708, 1433], edge_index=[2, 14804], y=[2708], train_mask=[2708], val_mask=[2708], test_mask=[2708])
===========================================================================================================
Number of nodes: 2708
Number of edges: 14804
Average node degree: 5.47
Has isolated nodes: False
Has self-loops: True
Is undirected: True
GCN(
  (conv_layers): ModuleList(
    (0): GCNConv(1433, 256)
    (1): GCNConv(256, 256)
  )
)
Successfully loaded pre-trained weights!
use RobustPrompt Inductive
defense pt dict :  {'sim_pt': 0.6, 'degree_pt': -1, 'out_detect_pt': -1.0, 'other_pt': 'all'}
use_attention :  False
kl_global :  False
cosine_constraint :  True
pt_threshold :  0.25
filter_module :  OriginalFilter
temperature :  1.0
weight_mse 0.1
weight_kl :  0.1
weight_constraint :  0.0
prepare induce graph data is finished!
run RobustPrompt-I
Epoch 001 |  Time(s) 0.1725 | RobustPrompt-I Loss 1.9416  
Epoch 002 |  Time(s) 0.0989 | RobustPrompt-I Loss 1.9321  
Epoch 003 |  Time(s) 0.1055 | RobustPrompt-I Loss 1.9198  
Epoch 004 |  Time(s) 0.0920 | RobustPrompt-I Loss 1.8916  
Epoch 005 |  Time(s) 0.2323 | RobustPrompt-I Loss 1.8461  
Epoch 006 |  Time(s) 0.0918 | RobustPrompt-I Loss 1.8012  
Epoch 007 |  Time(s) 0.0909 | RobustPrompt-I Loss 1.7690  
Epoch 008 |  Time(s) 0.0884 | RobustPrompt-I Loss 1.7164  
Epoch 009 |  Time(s) 0.0887 | RobustPrompt-I Loss 1.6593  
Epoch 010 |  Time(s) 0.0886 | RobustPrompt-I Loss 1.6277  
Epoch 011 |  Time(s) 0.0891 | RobustPrompt-I Loss 1.5923  
Epoch 012 |  Time(s) 0.0880 | RobustPrompt-I Loss 1.5840  
Epoch 013 |  Time(s) 0.0887 | RobustPrompt-I Loss 1.5538  
Epoch 014 |  Time(s) 0.0885 | RobustPrompt-I Loss 1.5398  
Epoch 015 |  Time(s) 0.0905 | RobustPrompt-I Loss 1.5220  
Epoch 016 |  Time(s) 0.0932 | RobustPrompt-I Loss 1.5084  
Epoch 017 |  Time(s) 0.0956 | RobustPrompt-I Loss 1.5007  
Epoch 018 |  Time(s) 0.0907 | RobustPrompt-I Loss 1.4755  
Epoch 019 |  Time(s) 0.0882 | RobustPrompt-I Loss 1.4653  
Epoch 020 |  Time(s) 0.0880 | RobustPrompt-I Loss 1.4613  
Epoch 021 |  Time(s) 0.0885 | RobustPrompt-I Loss 1.4426  
Epoch 022 |  Time(s) 0.0886 | RobustPrompt-I Loss 1.4340  
Epoch 023 |  Time(s) 0.0886 | RobustPrompt-I Loss 1.4373  
Epoch 024 |  Time(s) 0.0881 | RobustPrompt-I Loss 1.4224  
Epoch 025 |  Time(s) 0.0890 | RobustPrompt-I Loss 1.4007  
Epoch 026 |  Time(s) 0.0895 | RobustPrompt-I Loss 1.3912  
Epoch 027 |  Time(s) 0.0912 | RobustPrompt-I Loss 1.3823  
Epoch 028 |  Time(s) 0.0889 | RobustPrompt-I Loss 1.3722  
Epoch 029 |  Time(s) 0.0886 | RobustPrompt-I Loss 1.3430  
Epoch 030 |  Time(s) 0.0890 | RobustPrompt-I Loss 1.3244  
Epoch 031 |  Time(s) 0.0894 | RobustPrompt-I Loss 1.3240  
Epoch 032 |  Time(s) 0.0897 | RobustPrompt-I Loss 1.3128  
Epoch 033 |  Time(s) 0.0956 | RobustPrompt-I Loss 1.2911  
Epoch 034 |  Time(s) 0.0904 | RobustPrompt-I Loss 1.2665  
Epoch 035 |  Time(s) 0.0911 | RobustPrompt-I Loss 1.2536  
Epoch 036 |  Time(s) 0.0893 | RobustPrompt-I Loss 1.2496  
Epoch 037 |  Time(s) 0.0900 | RobustPrompt-I Loss 1.2312  
Epoch 038 |  Time(s) 0.0899 | RobustPrompt-I Loss 1.2024  
Epoch 039 |  Time(s) 0.0985 | RobustPrompt-I Loss 1.1825  
Epoch 040 |  Time(s) 0.1534 | RobustPrompt-I Loss 1.1732  
Epoch 041 |  Time(s) 0.0923 | RobustPrompt-I Loss 1.1641  
Epoch 042 |  Time(s) 0.0904 | RobustPrompt-I Loss 1.1331  
Epoch 043 |  Time(s) 0.0910 | RobustPrompt-I Loss 1.1134  
Epoch 044 |  Time(s) 0.0904 | RobustPrompt-I Loss 1.1049  
Epoch 045 |  Time(s) 0.0903 | RobustPrompt-I Loss 1.0899  
Epoch 046 |  Time(s) 0.0901 | RobustPrompt-I Loss 1.0681  
Epoch 047 |  Time(s) 0.0923 | RobustPrompt-I Loss 1.0464  
Epoch 048 |  Time(s) 0.0904 | RobustPrompt-I Loss 1.0311  
Epoch 049 |  Time(s) 0.0900 | RobustPrompt-I Loss 1.0216  
Epoch 050 |  Time(s) 0.0951 | RobustPrompt-I Loss 1.0084  
Epoch 051 |  Time(s) 0.0925 | RobustPrompt-I Loss 0.9910  
Epoch 052 |  Time(s) 0.0903 | RobustPrompt-I Loss 0.9761  
Epoch 053 |  Time(s) 0.0902 | RobustPrompt-I Loss 0.9659  
Epoch 054 |  Time(s) 0.0902 | RobustPrompt-I Loss 0.9567  
Epoch 055 |  Time(s) 0.0913 | RobustPrompt-I Loss 0.9423  
Epoch 056 |  Time(s) 0.0905 | RobustPrompt-I Loss 0.9319  
Epoch 057 |  Time(s) 0.0890 | RobustPrompt-I Loss 0.9230  
Epoch 058 |  Time(s) 0.0890 | RobustPrompt-I Loss 0.9128  
Epoch 059 |  Time(s) 0.0916 | RobustPrompt-I Loss 0.9025  
Epoch 060 |  Time(s) 0.0920 | RobustPrompt-I Loss 0.8957  
Epoch 061 |  Time(s) 0.0899 | RobustPrompt-I Loss 0.8878  
Epoch 062 |  Time(s) 0.2256 | RobustPrompt-I Loss 0.8793  
Epoch 063 |  Time(s) 0.0964 | RobustPrompt-I Loss 0.8731  
Epoch 064 |  Time(s) 0.0928 | RobustPrompt-I Loss 0.8670  
Epoch 065 |  Time(s) 0.0926 | RobustPrompt-I Loss 0.8605  
Epoch 066 |  Time(s) 0.0924 | RobustPrompt-I Loss 0.8555  
Epoch 067 |  Time(s) 0.0935 | RobustPrompt-I Loss 0.8496  
Epoch 068 |  Time(s) 0.0928 | RobustPrompt-I Loss 0.8449  
Epoch 069 |  Time(s) 0.0933 | RobustPrompt-I Loss 0.8401  
Epoch 070 |  Time(s) 0.0924 | RobustPrompt-I Loss 0.8354  
Epoch 071 |  Time(s) 0.0935 | RobustPrompt-I Loss 0.8310  
Epoch 072 |  Time(s) 0.0923 | RobustPrompt-I Loss 0.8263  
Epoch 073 |  Time(s) 0.0933 | RobustPrompt-I Loss 0.8221  
Epoch 074 |  Time(s) 0.0931 | RobustPrompt-I Loss 0.8183  
Epoch 075 |  Time(s) 0.0923 | RobustPrompt-I Loss 0.8144  
Epoch 076 |  Time(s) 0.0928 | RobustPrompt-I Loss 0.8110  
Epoch 077 |  Time(s) 0.0937 | RobustPrompt-I Loss 0.8078  
Epoch 078 |  Time(s) 0.0933 | RobustPrompt-I Loss 0.8045  
Epoch 079 |  Time(s) 0.0947 | RobustPrompt-I Loss 0.8015  
Epoch 080 |  Time(s) 0.0979 | RobustPrompt-I Loss 0.7982  
Epoch 081 |  Time(s) 0.1012 | RobustPrompt-I Loss 0.7950  
Epoch 082 |  Time(s) 0.0919 | RobustPrompt-I Loss 0.7922  
Epoch 083 |  Time(s) 0.0951 | RobustPrompt-I Loss 0.7895  
Epoch 084 |  Time(s) 0.0938 | RobustPrompt-I Loss 0.7871  
Epoch 085 |  Time(s) 0.0946 | RobustPrompt-I Loss 0.7851  
Epoch 086 |  Time(s) 0.0936 | RobustPrompt-I Loss 0.7823  
Epoch 087 |  Time(s) 0.0938 | RobustPrompt-I Loss 0.7797  
Epoch 088 |  Time(s) 0.0929 | RobustPrompt-I Loss 0.7759  
Epoch 089 |  Time(s) 0.0925 | RobustPrompt-I Loss 0.7725  
Epoch 090 |  Time(s) 0.0924 | RobustPrompt-I Loss 0.7700  
Epoch 091 |  Time(s) 0.0945 | RobustPrompt-I Loss 0.7667  
Epoch 092 |  Time(s) 0.0913 | RobustPrompt-I Loss 0.7636  
Epoch 093 |  Time(s) 0.0917 | RobustPrompt-I Loss 0.7613  
Epoch 094 |  Time(s) 0.0936 | RobustPrompt-I Loss 0.7581  
Epoch 095 |  Time(s) 0.0928 | RobustPrompt-I Loss 0.7549  
Epoch 096 |  Time(s) 0.0911 | RobustPrompt-I Loss 0.7514  
Epoch 097 |  Time(s) 0.0918 | RobustPrompt-I Loss 0.7482  
Epoch 098 |  Time(s) 0.0923 | RobustPrompt-I Loss 0.7465  
Epoch 099 |  Time(s) 0.0933 | RobustPrompt-I Loss 0.7415  
Epoch 100 |  Time(s) 0.0931 | RobustPrompt-I Loss 0.7397  
Epoch 101 |  Time(s) 0.0925 | RobustPrompt-I Loss 0.7360  
Epoch 102 |  Time(s) 0.1090 | RobustPrompt-I Loss 0.7324  
Epoch 103 |  Time(s) 0.0967 | RobustPrompt-I Loss 0.7295  
Epoch 104 |  Time(s) 0.0931 | RobustPrompt-I Loss 0.7266  
Epoch 105 |  Time(s) 0.0910 | RobustPrompt-I Loss 0.7280  
Epoch 106 |  Time(s) 0.0927 | RobustPrompt-I Loss 0.7219  
Epoch 107 |  Time(s) 0.0915 | RobustPrompt-I Loss 0.7188  
Epoch 108 |  Time(s) 0.0951 | RobustPrompt-I Loss 0.7130  
Epoch 109 |  Time(s) 0.0962 | RobustPrompt-I Loss 0.7078  
Epoch 110 |  Time(s) 0.1218 | RobustPrompt-I Loss 0.7032  
Epoch 111 |  Time(s) 0.1994 | RobustPrompt-I Loss 0.6974  
Epoch 112 |  Time(s) 0.1397 | RobustPrompt-I Loss 0.6940  
Epoch 113 |  Time(s) 0.2666 | RobustPrompt-I Loss 0.6917  
Epoch 114 |  Time(s) 0.1163 | RobustPrompt-I Loss 0.6906  
Epoch 115 |  Time(s) 0.1711 | RobustPrompt-I Loss 0.6898  
Epoch 116 |  Time(s) 0.1686 | RobustPrompt-I Loss 0.6901  
Epoch 117 |  Time(s) 0.2006 | RobustPrompt-I Loss 0.6779  
Epoch 118 |  Time(s) 0.1032 | RobustPrompt-I Loss 0.6693  
Epoch 119 |  Time(s) 0.0958 | RobustPrompt-I Loss 0.6643  
Epoch 120 |  Time(s) 0.0919 | RobustPrompt-I Loss 0.6631  
Epoch 121 |  Time(s) 0.0918 | RobustPrompt-I Loss 0.6641  
Epoch 122 |  Time(s) 0.0916 | RobustPrompt-I Loss 0.6665  
Epoch 123 |  Time(s) 0.0924 | RobustPrompt-I Loss 0.6516  
Epoch 124 |  Time(s) 0.0921 | RobustPrompt-I Loss 0.6466  
Epoch 125 |  Time(s) 0.0918 | RobustPrompt-I Loss 0.6509  
Epoch 126 |  Time(s) 0.1531 | RobustPrompt-I Loss 0.6603  
Epoch 127 |  Time(s) 0.0979 | RobustPrompt-I Loss 0.6319  
Epoch 128 |  Time(s) 0.0912 | RobustPrompt-I Loss nan  
Epoch 129 |  Time(s) 0.0909 | RobustPrompt-I Loss nan  
Epoch 130 |  Time(s) 0.0908 | RobustPrompt-I Loss nan  
Epoch 131 |  Time(s) 0.0917 | RobustPrompt-I Loss nan  
Epoch 132 |  Time(s) 0.0920 | RobustPrompt-I Loss nan  
Epoch 133 |  Time(s) 0.0920 | RobustPrompt-I Loss nan  
Epoch 134 |  Time(s) 0.0922 | RobustPrompt-I Loss nan  
Epoch 135 |  Time(s) 0.0925 | RobustPrompt-I Loss nan  
Epoch 136 |  Time(s) 0.0929 | RobustPrompt-I Loss nan  
Epoch 137 |  Time(s) 0.0916 | RobustPrompt-I Loss nan  
Epoch 138 |  Time(s) 0.0917 | RobustPrompt-I Loss nan  
Epoch 139 |  Time(s) 0.0921 | RobustPrompt-I Loss nan  
Epoch 140 |  Time(s) 0.0926 | RobustPrompt-I Loss nan  
Epoch 141 |  Time(s) 0.0929 | RobustPrompt-I Loss nan  
Epoch 142 |  Time(s) 0.0927 | RobustPrompt-I Loss nan  
Epoch 143 |  Time(s) 0.0930 | RobustPrompt-I Loss nan  
Epoch 144 |  Time(s) 0.0922 | RobustPrompt-I Loss nan  
Epoch 145 |  Time(s) 0.0926 | RobustPrompt-I Loss nan  
Epoch 146 |  Time(s) 0.1428 | RobustPrompt-I Loss nan  
----------------------------------------------------------------------------------------------------
Early stopping at 147 eopch!
load LLC or attacked data with specified split
Successfully loaded the attack of dataname with few shot 5, split 1
Attack method : Meta_Self | Attack ptb : 0.15 | Dataset: Cora
======================
Number of graphs: 1
Number of features: 1433
Number of classes: 7

Data(x=[2708, 1433], edge_index=[2, 14804], y=[2708], train_mask=[2708], val_mask=[2708], test_mask=[2708])
===========================================================================================================
Number of nodes: 2708
Number of edges: 14804
Average node degree: 5.47
Has isolated nodes: False
Has self-loops: True
Is undirected: True
GCN(
  (conv_layers): ModuleList(
    (0): GCNConv(1433, 256)
    (1): GCNConv(256, 256)
  )
)
Successfully loaded pre-trained weights!
use RobustPrompt Inductive
defense pt dict :  {'sim_pt': 0.6, 'degree_pt': -1, 'out_detect_pt': -1.0, 'other_pt': 'all'}
use_attention :  False
kl_global :  False
cosine_constraint :  True
pt_threshold :  0.25
filter_module :  OriginalFilter
temperature :  1.0
weight_mse 0.1
weight_kl :  0.1
weight_constraint :  0.0
prepare induce graph data is finished!
run RobustPrompt-I
Epoch 001 |  Time(s) 0.1005 | RobustPrompt-I Loss 1.9476  
Epoch 002 |  Time(s) 0.0892 | RobustPrompt-I Loss 1.9397  
Epoch 003 |  Time(s) 0.0903 | RobustPrompt-I Loss 1.9210  
Epoch 004 |  Time(s) 0.0893 | RobustPrompt-I Loss 1.9013  
Epoch 005 |  Time(s) 0.0942 | RobustPrompt-I Loss 1.8784  
Epoch 006 |  Time(s) 0.0919 | RobustPrompt-I Loss 1.8441  
Epoch 007 |  Time(s) 0.0989 | RobustPrompt-I Loss 1.8161  
Epoch 008 |  Time(s) 0.0950 | RobustPrompt-I Loss 1.7667  
Epoch 009 |  Time(s) 0.0890 | RobustPrompt-I Loss 1.7259  
Epoch 010 |  Time(s) 0.0892 | RobustPrompt-I Loss 1.6733  
Epoch 011 |  Time(s) 0.0892 | RobustPrompt-I Loss 1.6312  
Epoch 012 |  Time(s) 0.0891 | RobustPrompt-I Loss 1.6014  
Epoch 013 |  Time(s) 0.0886 | RobustPrompt-I Loss 1.5609  
Epoch 014 |  Time(s) 0.0882 | RobustPrompt-I Loss 1.5464  
Epoch 015 |  Time(s) 0.0890 | RobustPrompt-I Loss 1.5399  
Epoch 016 |  Time(s) 0.0887 | RobustPrompt-I Loss 1.5108  
Epoch 017 |  Time(s) 0.0881 | RobustPrompt-I Loss 1.5201  
Epoch 018 |  Time(s) 0.0888 | RobustPrompt-I Loss 1.4976  
Epoch 019 |  Time(s) 0.0883 | RobustPrompt-I Loss 1.4744  
Epoch 020 |  Time(s) 0.0887 | RobustPrompt-I Loss 1.4808  
Epoch 021 |  Time(s) 0.0881 | RobustPrompt-I Loss 1.4446  
Epoch 022 |  Time(s) 0.0896 | RobustPrompt-I Loss 1.4527  
Epoch 023 |  Time(s) 0.0892 | RobustPrompt-I Loss 1.4240  
Epoch 024 |  Time(s) 0.0896 | RobustPrompt-I Loss 1.4307  
Epoch 025 |  Time(s) 0.0896 | RobustPrompt-I Loss 1.4144  
Epoch 026 |  Time(s) 0.0890 | RobustPrompt-I Loss 1.4012  
Epoch 027 |  Time(s) 0.0902 | RobustPrompt-I Loss 1.4005  
Epoch 028 |  Time(s) 0.0885 | RobustPrompt-I Loss 1.3743  
Epoch 029 |  Time(s) 0.0893 | RobustPrompt-I Loss 1.3787  
Epoch 030 |  Time(s) 0.0882 | RobustPrompt-I Loss 1.3573  
Epoch 031 |  Time(s) 0.0887 | RobustPrompt-I Loss 1.3431  
Epoch 032 |  Time(s) 0.0880 | RobustPrompt-I Loss 1.3435  
Epoch 033 |  Time(s) 0.0879 | RobustPrompt-I Loss 1.3173  
Epoch 034 |  Time(s) 0.0878 | RobustPrompt-I Loss 1.3044  
Epoch 035 |  Time(s) 0.0890 | RobustPrompt-I Loss 1.3008  
Epoch 036 |  Time(s) 0.0887 | RobustPrompt-I Loss 1.2799  
Epoch 037 |  Time(s) 0.0900 | RobustPrompt-I Loss 1.2596  
Epoch 038 |  Time(s) 0.0887 | RobustPrompt-I Loss 1.2522  
Epoch 039 |  Time(s) 0.0885 | RobustPrompt-I Loss 1.2393  
Epoch 040 |  Time(s) 0.0877 | RobustPrompt-I Loss 1.2194  
Epoch 041 |  Time(s) 0.0878 | RobustPrompt-I Loss 1.2006  
Epoch 042 |  Time(s) 0.0877 | RobustPrompt-I Loss 1.1879  
Epoch 043 |  Time(s) 0.0887 | RobustPrompt-I Loss 1.1766  
Epoch 044 |  Time(s) 0.0890 | RobustPrompt-I Loss 1.1553  
Epoch 045 |  Time(s) 0.0893 | RobustPrompt-I Loss 1.1344  
Epoch 046 |  Time(s) 0.0897 | RobustPrompt-I Loss 1.1212  
Epoch 047 |  Time(s) 0.0892 | RobustPrompt-I Loss 1.1087  
Epoch 048 |  Time(s) 0.0901 | RobustPrompt-I Loss 1.0875  
Epoch 049 |  Time(s) 0.0903 | RobustPrompt-I Loss 1.0705  
Epoch 050 |  Time(s) 0.0899 | RobustPrompt-I Loss 1.0580  
Epoch 051 |  Time(s) 0.1262 | RobustPrompt-I Loss 1.0401  
Epoch 052 |  Time(s) 0.2137 | RobustPrompt-I Loss 1.0224  
Epoch 053 |  Time(s) 0.2457 | RobustPrompt-I Loss 1.0089  
Epoch 054 |  Time(s) 0.1301 | RobustPrompt-I Loss 0.9959  
Epoch 055 |  Time(s) 0.0999 | RobustPrompt-I Loss 0.9813  
Epoch 056 |  Time(s) 0.0946 | RobustPrompt-I Loss 0.9689  
Epoch 057 |  Time(s) 0.0884 | RobustPrompt-I Loss 0.9567  
Epoch 058 |  Time(s) 0.0882 | RobustPrompt-I Loss 0.9441  
Epoch 059 |  Time(s) 0.0879 | RobustPrompt-I Loss 0.9338  
Epoch 060 |  Time(s) 0.0879 | RobustPrompt-I Loss 0.9221  
Epoch 061 |  Time(s) 0.0887 | RobustPrompt-I Loss 0.9119  
Epoch 062 |  Time(s) 0.0887 | RobustPrompt-I Loss 0.9032  
Epoch 063 |  Time(s) 0.0947 | RobustPrompt-I Loss 0.8936  
Epoch 064 |  Time(s) 0.0927 | RobustPrompt-I Loss 0.8849  
Epoch 065 |  Time(s) 0.0954 | RobustPrompt-I Loss 0.8768  
Epoch 066 |  Time(s) 0.1578 | RobustPrompt-I Loss 0.8691  
Epoch 067 |  Time(s) 0.0991 | RobustPrompt-I Loss 0.8617  
Epoch 068 |  Time(s) 0.0915 | RobustPrompt-I Loss 0.8544  
Epoch 069 |  Time(s) 0.0883 | RobustPrompt-I Loss 0.8483  
Epoch 070 |  Time(s) 0.0881 | RobustPrompt-I Loss 0.8412  
Epoch 071 |  Time(s) 0.0892 | RobustPrompt-I Loss 0.8350  
Epoch 072 |  Time(s) 0.0881 | RobustPrompt-I Loss 0.8291  
Epoch 073 |  Time(s) 0.0877 | RobustPrompt-I Loss 0.8229  
Epoch 074 |  Time(s) 0.0881 | RobustPrompt-I Loss 0.8167  
Epoch 075 |  Time(s) 0.0886 | RobustPrompt-I Loss 0.8109  
Epoch 076 |  Time(s) 0.0880 | RobustPrompt-I Loss 0.8056  
Epoch 077 |  Time(s) 0.0885 | RobustPrompt-I Loss 0.8003  
Epoch 078 |  Time(s) 0.0877 | RobustPrompt-I Loss 0.7950  
Epoch 079 |  Time(s) 0.0874 | RobustPrompt-I Loss 0.7900  
Epoch 080 |  Time(s) 0.0884 | RobustPrompt-I Loss 0.7850  
Epoch 081 |  Time(s) 0.0886 | RobustPrompt-I Loss 0.7798  
Epoch 082 |  Time(s) 0.0886 | RobustPrompt-I Loss 0.7748  
Epoch 083 |  Time(s) 0.0889 | RobustPrompt-I Loss 0.7702  
Epoch 084 |  Time(s) 0.0832 | RobustPrompt-I Loss 0.7656  
Epoch 085 |  Time(s) 0.0907 | RobustPrompt-I Loss 0.7608  
Epoch 086 |  Time(s) 0.1188 | RobustPrompt-I Loss 0.7560  
Epoch 087 |  Time(s) 0.0891 | RobustPrompt-I Loss 0.7508  
Epoch 088 |  Time(s) 0.0874 | RobustPrompt-I Loss 0.7460  
Epoch 089 |  Time(s) 0.0864 | RobustPrompt-I Loss 0.7406  
Epoch 090 |  Time(s) 0.0866 | RobustPrompt-I Loss 0.7355  
Epoch 091 |  Time(s) 0.0863 | RobustPrompt-I Loss 0.7304  
Epoch 092 |  Time(s) 0.0873 | RobustPrompt-I Loss 0.7248  
Epoch 093 |  Time(s) 0.0874 | RobustPrompt-I Loss 0.7210  
Epoch 094 |  Time(s) 0.0876 | RobustPrompt-I Loss 0.7229  
Epoch 095 |  Time(s) 0.0873 | RobustPrompt-I Loss 0.7387  
Epoch 096 |  Time(s) 0.0881 | RobustPrompt-I Loss 0.7127  
Epoch 097 |  Time(s) 0.0872 | RobustPrompt-I Loss 0.6991  
Epoch 098 |  Time(s) 0.0879 | RobustPrompt-I Loss 0.7055  
Epoch 099 |  Time(s) 0.0876 | RobustPrompt-I Loss 0.7103  
Epoch 100 |  Time(s) 0.1475 | RobustPrompt-I Loss 0.6845  
Epoch 101 |  Time(s) 0.0912 | RobustPrompt-I Loss 0.6863  
Epoch 102 |  Time(s) 0.0946 | RobustPrompt-I Loss 0.6970  
Epoch 103 |  Time(s) 0.1143 | RobustPrompt-I Loss 0.6683  
Epoch 104 |  Time(s) 0.2622 | RobustPrompt-I Loss 0.6823  
Epoch 105 |  Time(s) 0.0939 | RobustPrompt-I Loss 0.6775  
Epoch 106 |  Time(s) 0.0949 | RobustPrompt-I Loss 0.6636  
Epoch 107 |  Time(s) 0.1044 | RobustPrompt-I Loss 0.6833  
Epoch 108 |  Time(s) 0.0927 | RobustPrompt-I Loss nan  
Epoch 109 |  Time(s) 0.1523 | RobustPrompt-I Loss nan  
Epoch 110 |  Time(s) 0.0899 | RobustPrompt-I Loss nan  
Epoch 111 |  Time(s) 0.0870 | RobustPrompt-I Loss nan  
Epoch 112 |  Time(s) 0.0897 | RobustPrompt-I Loss nan  
Epoch 113 |  Time(s) 0.0929 | RobustPrompt-I Loss nan  
Epoch 114 |  Time(s) 0.0983 | RobustPrompt-I Loss nan  
Epoch 115 |  Time(s) 0.1358 | RobustPrompt-I Loss nan  
Epoch 116 |  Time(s) 0.0945 | RobustPrompt-I Loss nan  
Epoch 117 |  Time(s) 0.0879 | RobustPrompt-I Loss nan  
Epoch 118 |  Time(s) 0.0877 | RobustPrompt-I Loss nan  
Epoch 119 |  Time(s) 0.0883 | RobustPrompt-I Loss nan  
Epoch 120 |  Time(s) 0.0884 | RobustPrompt-I Loss nan  
Epoch 121 |  Time(s) 0.0875 | RobustPrompt-I Loss nan  
Epoch 122 |  Time(s) 0.0891 | RobustPrompt-I Loss nan  
Epoch 123 |  Time(s) 0.0938 | RobustPrompt-I Loss nan  
Epoch 124 |  Time(s) 0.1289 | RobustPrompt-I Loss nan  
Epoch 125 |  Time(s) 0.0928 | RobustPrompt-I Loss nan  
----------------------------------------------------------------------------------------------------
Early stopping at 126 eopch!
{1: {1: nan}, 2: {1: nan}, 3: {1: nan}, 4: {1: nan}, 5: {1: nan}}
{1: {1: nan, 2: nan, 3: nan, 4: nan, 5: nan}}
########################################################################################
seed: 1 | split 1 : nan
# Seed 1 Muti Split Final Acc: nan±nan
seed: 2 | split 1 : nan
# Seed 2 Muti Split Final Acc: nan±nan
seed: 3 | split 1 : nan
# Seed 3 Muti Split Final Acc: nan±nan
seed: 4 | split 1 : nan
# Seed 4 Muti Split Final Acc: nan±nan
seed: 5 | split 1 : nan
# Seed 5 Muti Split Final Acc: nan±nan
########################################################################################
split: 1 | seed 1 : nan
split: 1 | seed 2 : nan
split: 1 | seed 3 : nan
split: 1 | seed 4 : nan
split: 1 | seed 5 : nan
# Split 1 Muti Seed Acc without min value: nan±nan
########################################################################################
Done sim=0.6, ptb=0.15, end=2026-06-08 23:16:27, duration=00:01:11
